0.000000 3.979657 196.004800 0.625860 0.644416
20.000000 3.994830 196.125155 0.569763 0.509326
40.000000 4.006428 196.236836 0.510932 0.444973
60.000000 4.014453 196.350373 0.450114 0.563737
80.000000 4.018787 196.473267 0.388393 0.659085
100.000000 4.020625 196.593786 0.325363 0.507133
120.000000 4.018440 196.704575 0.261491 0.443166
140.000000 4.012412 196.818406 0.197490 0.577241
160.000000 4.003027 196.941621 0.134623 0.654379
180.000000 3.991163 197.061448 0.072175 0.508042
200.000000 3.975748 197.172940 0.010998 0.431205
220.000000 3.957232 197.285647 -0.048444 0.524950
240.000000 3.935890 197.405815 -0.105166 0.643298
260.000000 3.912995 197.527424 -0.159395 0.594007
280.000000 3.887903 197.644122 -0.211224 0.481745
300.000000 3.860866 197.757263 -0.259844 0.419739
320.000000 3.832362 197.870211 -0.305275 0.436650
340.000000 3.802464 197.985055 -0.347261 0.501629
360.000000 3.771670 198.101701 -0.385537 0.557953
380.000000 3.740429 198.218794 -0.420207 0.582717
400.000000 3.708912 198.335278 -0.451399 0.584566
420.000000 3.677216 198.450777 -0.479143 0.577027
440.000000 3.645477 198.565259 -0.503454 0.567598
460.000000 3.613846 198.678737 -0.524390 0.556968
480.000000 3.582475 198.791213 -0.542063 0.540052
500.000000 3.551536 198.902814 -0.556627 0.508145
520.000000 3.521248 199.014067 -0.568196 0.456287
540.000000 3.491734 199.125897 -0.576721 0.398480
560.000000 3.462782 199.238419 -0.582190 0.372854
580.000000 3.434318 199.349530 -0.585083 0.412689
600.000000 3.406762 199.457212 -0.585483 0.481897
620.000000 3.379662 199.561987 -0.583449 0.462484
640.000000 3.353815 199.667802 -0.579785 0.362099
660.000000 3.328904 199.776091 -0.573363 0.369769
680.000000 3.304689 199.878908 -0.565183 0.458861
700.000000 3.280973 199.978948 -0.555342 0.371373
720.000000 3.258933 200.083455 -0.543822 0.338304
740.000000 3.237357 200.182116 -0.530624 0.438561
760.000000 3.216411 200.279089 -0.516358 0.311658
780.000000 3.196867 200.379263 -0.500427 0.382534
800.000000 3.177820 200.471422 -0.483313 0.354935
820.000000 3.160112 200.569022 -0.465552 0.318287
840.000000 3.142902 200.658537 -0.446409 0.373118
860.000000 3.126759 200.752563 -0.426936 0.285998
880.000000 3.111279 200.839282 -0.406152 0.361809
900.000000 3.096778 200.930565 -0.385211 0.282398
920.000000 3.082876 201.013668 -0.363176 0.322638
940.000000 3.070002 201.102573 -0.341092 0.315571
960.000000 3.057551 201.182573 -0.318290 0.254680
980.000000 3.046296 201.267387 -0.295349 0.366961
1000.000000 3.035513 201.347478 -0.272124 0.206160
1020.000000 3.025742 201.425351 -0.248219 0.331885
1040.000000 3.016457 201.507004 -0.224414 0.273413
1060.000000 3.007543 201.580266 -0.200259 0.211710
1080.000000 2.999782 201.656967 -0.176206 0.352282
1100.000000 2.992521 201.733612 -0.151986 0.215223
1120.000000 2.985589 201.803146 -0.127294 0.213397
1140.000000 2.979526 201.877120 -0.103061 0.346593
1160.000000 2.974048 201.950376 -0.078668 0.203048
1180.000000 2.968815 202.017007 -0.053846 0.192363
1200.000000 2.964440 202.087439 -0.029516 0.332974
1220.000000 2.960562 202.159018 -0.004976 0.227891
1240.000000 2.956779 202.223884 0.019707 0.166384
1260.000000 2.954064 202.290307 0.044209 0.288576
1280.000000 2.951520 202.360678 0.068833 0.289134
1300.000000 2.949282 202.425974 0.093244 0.157739
1320.000000 2.947916 202.488920 0.118121 0.209941
1340.000000 2.946675 202.557034 0.142604 0.333599
1360.000000 2.946106 202.624494 0.167096 0.192006
1380.000000 2.945695 202.686531 0.192077 0.159455
1400.000000 2.946102 202.751380 0.216621 0.295042
1420.000000 2.946819 202.820403 0.241463 0.280438
1440.000000 2.947706 202.884932 0.266203 0.158958
1460.000000 2.949587 202.947663 0.291320 0.209313
1480.000000 2.951536 203.016399 0.316241 0.336683
1500.000000 2.954136 203.084896 0.341120 0.195605
1520.000000 2.957151 203.148465 0.366668 0.165334
1540.000000 2.960761 203.216369 0.391728 0.326474
1560.000000 2.964977 203.288304 0.417050 0.255627
1580.000000 2.969374 203.354961 0.442761 0.164644
1600.000000 2.974802 203.423380 0.468191 0.302175
1620.000000 2.980678 203.498286 0.493864 0.294047
1640.000000 2.986826 203.568445 0.519795 0.174413
1660.000000 2.994122 203.639440 0.545513 0.311592
1680.000000 3.001921 203.717731 0.571360 0.296060
1700.000000 3.010171 203.790598 0.597612 0.185668
1720.000000 3.019416 203.866711 0.623397 0.360115
1740.000000 3.029286 203.948157 0.649169 0.255585
1760.000000 3.040198 204.023401 0.675373 0.247915
1780.000000 3.051705 204.107626 0.701071 0.364367
1800.000000 3.063879 204.188777 0.726964 0.213222
1820.000000 3.077246 204.272114 0.752284 0.392162
1840.000000 3.091178 204.359707 0.777489 0.243997
1860.000000 3.106501 204.443776 0.802355 0.381452
1880.000000 3.122320 204.535873 0.826783 0.274646
1900.000000 3.139589 204.622666 0.850822 0.390023
1920.000000 3.157371 204.717822 0.874261 0.279582
1940.000000 3.176683 204.808785 0.896957 0.423171
1960.000000 3.196664 204.905117 0.919064 0.277893
1980.000000 3.217910 205.002366 0.939685 0.432368
2000.000000 3.240077 205.097699 0.959782 0.346594
2020.000000 3.262850 205.201407 0.978523 0.344306
2040.000000 3.287405 205.300250 0.995941 0.463801
2060.000000 3.312622 205.401426 1.012000 0.360966
2080.000000 3.338449 205.509024 1.026518 0.353951
2100.000000 3.365730 205.613589 1.038713 0.470611
2120.000000 3.393870 205.717473 1.049644 0.469012
2140.000000 3.422797 205.825198 1.058233 0.388473
2160.000000 3.452418 205.936674 1.064779 0.371509
2180.000000 3.482499 206.048166 1.068577 0.422716
2200.000000 3.513508 206.158590 1.069578 0.487442
2220.000000 3.545282 206.269146 1.067987 0.527334
2240.000000 3.577481 206.380682 1.063616 0.541463
2260.000000 3.609936 206.493371 1.056187 0.543843
2280.000000 3.642538 206.607098 1.045504 0.546332
2300.000000 3.675149 206.721734 1.031427 0.554485
2320.000000 3.707581 206.837255 1.013848 0.568293
2340.000000 3.739619 206.953771 0.992719 0.582571
2360.000000 3.771108 207.071374 0.968068 0.585965
2380.000000 3.802034 207.189650 0.939864 0.560768
2400.000000 3.832280 207.307096 0.907816 0.498265
2420.000000 3.861199 207.422016 0.871733 0.438434
2440.000000 3.888324 207.535322 0.832021 0.450633
2460.000000 3.913649 207.650512 0.788674 0.542048
2480.000000 3.936472 207.770488 0.742001 0.632665
2500.000000 3.957472 207.892701 0.692587 0.582993
2520.000000 3.976173 208.008596 0.639531 0.453031
2540.000000 3.991553 208.119931 0.583731 0.475092
2560.000000 4.003469 208.237133 0.525438 0.620074
2580.000000 4.012424 208.361033 0.465835 0.622333
2600.000000 4.018540 208.477871 0.403958 0.462608
2620.000000 4.020684 208.588107 0.340891 0.471844
2640.000000 4.018804 208.705633 0.277185 0.635500
2660.000000 4.014094 208.829695 0.213889 0.610583
2680.000000 4.006158 208.945475 0.150192 0.456736
2700.000000 3.994572 209.055792 0.087351 0.463139
2720.000000 3.979355 209.172786 0.025886 0.619809
2740.000000 3.961828 209.295886 -0.033363 0.628897
2760.000000 3.941908 209.414031 -0.091120 0.495453
2780.000000 3.919227 209.526353 -0.146352 0.423970
2800.000000 3.894320 209.638925 -0.198906 0.476041
2820.000000 3.867271 209.755921 -0.248180 0.584463
2840.000000 3.839074 209.875780 -0.293957 0.622840
2860.000000 3.809973 209.994739 -0.336626 0.586620
2880.000000 3.779789 210.111524 -0.376030 0.526947
2900.000000 3.748754 210.226795 -0.411869 0.475065
2920.000000 3.717239 210.341382 -0.444093 0.440859
2940.000000 3.685498 210.455742 -0.472765 0.422559
2960.000000 3.653711 210.570016 -0.497946 0.415056
2980.000000 3.622038 210.684152 -0.519708 0.415841
3000.000000 3.590628 210.797948 -0.538144 0.426757
3020.000000 3.559623 210.911042 -0.553361 0.451540
3040.000000 3.529135 211.022946 -0.565437 0.487967
3060.000000 3.499152 211.133197 -0.574450 0.517002
3080.000000 3.469629 211.241695 -0.580720 0.504432
3100.000000 3.440986 211.349698 -0.584665 0.434800
3120.000000 3.413554 211.459712 -0.585873 0.365924
3140.000000 3.386553 211.569991 -0.584333 0.387587
3160.000000 3.360412 211.675886 -0.580723 0.469307
3180.000000 3.334754 211.778475 -0.574927 0.429951
3200.000000 3.310612 211.883742 -0.567667 0.334719
3220.000000 3.287023 211.988858 -0.557984 0.409553
3240.000000 3.264245 212.087525 -0.546580 0.423559
3260.000000 3.242595 212.188720 -0.534314 0.309946
3280.000000 3.221716 212.288921 -0.519970 0.418574
3300.000000 3.201448 212.383361 -0.504409 0.339196
3320.000000 3.182694 212.482977 -0.487824 0.342094
3340.000000 3.164387 212.574224 -0.469896 0.377977
3360.000000 3.147205 212.670027 -0.451519 0.291458
3380.000000 3.130689 212.759057 -0.431711 0.381938
3400.000000 3.115107 212.851446 -0.411656 0.270424
3420.000000 3.100291 212.937345 -0.390348 0.362337
3440.000000 3.086379 213.027430 -0.368945 0.275763
3460.000000 3.073071 213.109370 -0.346515 0.313463
3480.000000 3.060769 213.197178 -0.324090 0.321776
3500.000000 3.048885 213.276331 -0.301061 0.238663
3520.000000 3.038217 213.359408 -0.277847 0.369468
3540.000000 3.028045 213.439609 -0.254417 0.206306
3560.000000 3.018685 213.515415 -0.230250 0.301739
3580.000000 3.009871 213.596308 -0.206340 0.308760
3600.000000 3.001491 213.669633 -0.182268 0.190999
3620.000000 2.994285 213.743686 -0.157941 0.326277
3640.000000 2.987419 213.820696 -0.133581 0.262086
3660.000000 2.980819 213.890027 -0.109102 0.183451
3680.000000 2.975373 213.961152 -0.084675 0.318340
3700.000000 2.970231 214.035142 -0.060136 0.262427
3720.000000 2.965304 214.102163 -0.035621 0.168225
3740.000000 2.961495 214.169590 -0.011019 0.281458
3760.000000 2.957823 214.241295 0.013558 0.300073
3780.000000 2.954551 214.307880 0.037929 0.160421
3800.000000 2.952112 214.371777 0.062804 0.215534
3820.000000 2.949844 214.440736 0.087240 0.334276
3840.000000 2.948248 214.508583 0.111679 0.187929
3860.000000 2.946829 214.570899 0.136600 0.163659
3880.000000 2.946208 214.636238 0.161047 0.301524
3900.000000 2.945919 214.705171 0.185778 0.271720
3920.000000 2.945773 214.769173 0.210401 0.156408
3940.000000 2.946620 214.831653 0.235360 0.213108
3960.000000 2.947513 214.899830 0.260112 0.333743
3980.000000 2.949056 214.967410 0.284811 0.190914
4000.000000 2.950926 215.030021 0.310142 0.161545
4020.000000 2.953451 215.096431 0.334986 0.314444
4040.000000 2.956488 215.167018 0.360142 0.265111
4060.000000 2.959633 215.232675 0.385486 0.161846
4080.000000 2.963898 215.298479 0.410810 0.262054
4100.000000 2.968378 215.371094 0.436303 0.320116
4120.000000 2.973210 215.440760 0.461760 0.178530
4140.000000 2.979179 215.508018 0.487559 0.237892
4160.000000 2.985383 215.583021 0.513299 0.341872
4180.000000 2.992058 215.656223 0.539021 0.191935
4200.000000 2.999939 215.726539 0.565026 0.261197
4220.000000 3.008183 215.805414 0.590943 0.337837
4240.000000 3.016888 215.880891 0.617020 0.191700
4260.000000 3.026828 215.956372 0.642860 0.338806
4280.000000 3.037332 216.039552 0.668625 0.286163
4300.000000 3.048750 216.116162 0.694819 0.233007
4320.000000 3.060900 216.200795 0.720389 0.377946
4340.000000 3.073716 216.283753 0.746096 0.218716
4360.000000 3.087789 216.367865 0.771240 0.394940
4380.000000 3.102418 216.456696 0.796226 0.247934
4400.000000 3.118455 216.542195 0.820784 0.392417
4420.000000 3.135004 216.635051 0.844919 0.268678
4440.000000 3.153029 216.723786 0.868468 0.410201
4460.000000 3.171640 216.819014 0.891506 0.270640
4480.000000 3.191707 216.912783 0.913436 0.434466
4500.000000 3.212571 217.008046 0.934847 0.297176
4520.000000 3.234248 217.108700 0.954654 0.397197
4540.000000 3.257272 217.204270 0.973961 0.412165
4560.000000 3.281130 217.307700 0.992000 0.314173
4580.000000 3.306045 217.410777 1.007879 0.439335
4600.000000 3.332085 217.511216 1.022934 0.445755
4620.000000 3.359068 217.617160 1.036114 0.349615
4640.000000 3.386459 217.726368 1.047273 0.385096
4660.000000 3.415291 217.832787 1.056021 0.483582
4680.000000 3.444979 217.939088 1.063123 0.497171
4700.000000 3.475167 218.047836 1.067690 0.440560
4720.000000 3.506144 218.159452 1.069678 0.395462
4740.000000 3.537633 218.272780 1.069049 0.389580
4760.000000 3.569485 218.386594 1.065488 0.408301
4780.000000 3.601695 218.500544 1.058810 0.433072
4800.000000 3.634193 218.614787 1.048923 0.452210
4820.000000 3.666840 218.729470 1.035725 0.460621
4840.000000 3.699472 218.844528 1.019080 0.456764
4860.000000 3.731883 218.959654 0.998837 0.442343
4880.000000 3.763789 219.074427 0.974885 0.426441
4900.000000 3.794901 219.188750 0.947236 0.428832
4920.000000 3.825083 219.303307 0.915923 0.470379
4940.000000 3.854081 219.419427 0.880770 0.546828
4960.000000 3.881298 219.538477 0.841982 0.615033
4980.000000 3.906996 219.659729 0.800083 0.600237
5000.000000 3.931294 219.777923 0.754406 0.486127
5020.000000 3.952883 219.890561 0.705118 0.441599
5040.000000 3.971782 220.004235 0.652750 0.536463
5060.000000 3.987393 220.125060 0.597798 0.650069
5080.000000 4.000836 220.247572 0.540708 0.557308
5100.000000 4.010952 220.360913 0.480833 0.442438
5120.000000 4.017375 220.472552 0.419253 0.521411
5140.000000 4.019842 220.593563 0.356743 0.662199
5160.000000 4.019826 220.716185 0.293580 0.549362
5180.000000 4.015984 220.828526 0.229577 0.438997
5200.000000 4.008404 220.940266 0.165738 0.528153
5220.000000 3.997147 221.061570 0.103104 0.660842
5240.000000 3.983691 221.183615 0.041522 0.556031
5260.000000 3.966894 221.297152 -0.018850 0.437858
5280.000000 3.947213 221.408431 -0.077182 0.467547
5300.000000 3.924613 221.525496 -0.132941 0.603460
5320.000000 3.900332 221.647075 -0.185612 0.632349
5340.000000 3.874500 221.766293 -0.235779 0.546082
5360.000000 3.846742 221.881494 -0.282868 0.455293
5380.000000 3.817652 221.994842 -0.326514 0.414078
5400.000000 3.787514 222.108316 -0.366784 0.425915
5420.000000 3.756481 222.222800 -0.403516 0.463698
5440.000000 3.724901 222.338073 -0.436595 0.497672
5460.000000 3.693094 222.453443 -0.466082 0.515270
5480.000000 3.661264 222.568356 -0.492084 0.516629
5500.000000 3.629562 222.682572 -0.514696 0.504302
5520.000000 3.598141 222.796118 -0.534004 0.479189
5540.000000 3.567148 222.909265 -0.550078 0.442668
5560.000000 3.536679 223.022439 -0.562954 0.402944
5580.000000 3.506698 223.135763 -0.572705 0.379654
5600.000000 3.477190 223.248314 -0.579613 0.397462
5620.000000 3.448444 223.358522 -0.583906 0.458515
5640.000000 3.420400 223.465784 -0.585413 0.497748
5660.000000 3.392872 223.571234 -0.584815 0.440000
5680.000000 3.366837 223.678978 -0.582097 0.354375
5700.000000 3.341321 223.787422 -0.576693 0.390764
5720.000000 3.316687 223.890276 -0.569407 0.464572
5740.000000 3.292558 223.991293 -0.560581 0.365888
5760.000000 3.270048 224.096575 -0.549785 0.346211
5780.000000 3.248032 224.195800 -0.537342 0.442060
5800.000000 3.226631 224.293404 -0.523769 0.318017
5820.000000 3.206656 224.394436 -0.508464 0.378191
5840.000000 3.187198 224.487375 -0.491902 0.371053
5860.000000 3.169023 224.585345 -0.474722 0.307037
5880.000000 3.151418 224.676240 -0.456045 0.392403
5900.000000 3.134755 224.770066 -0.437011 0.272128
5920.000000 3.118934 224.858658 -0.416602 0.385904
5940.000000 3.103935 224.949498 -0.395999 0.258899
5960.000000 3.089767 225.034470 -0.374222 0.359808
5980.000000 3.076446 225.123470 -0.352398 0.272928
6000.000000 3.063706 225.204205 -0.329626 0.300710
6020.000000 3.051972 225.290860 -0.306901 0.331643
6040.000000 3.040661 225.369393 -0.283696 0.222832
6060.000000 3.030574 225.450520 -0.260205 0.365636
6080.000000 3.020979 225.530947 -0.236561 0.216014
6100.000000 3.011964 225.604948 -0.212227 0.266392
6120.000000 3.003658 225.684473 -0.188271 0.339559
6140.000000 2.995906 225.758558 -0.164216 0.183021
6160.000000 2.989077 225.830049 -0.139585 0.282434
6180.000000 2.982564 225.906415 -0.115233 0.313780
6200.000000 2.976536 225.976756 -0.090945 0.171465
6220.000000 2.971472 226.045126 -0.066186 0.263201
6240.000000 2.966608 226.118401 -0.041721 0.321245
6260.000000 2.962297 226.187155 -0.017391 0.166738
6280.000000 2.958679 226.252229 0.007519 0.215318
6300.000000 2.955368 226.322257 0.031905 0.336947
6320.000000 2.952724 226.391144 0.056337 0.190103
6340.000000 2.950254 226.454224 0.081217 0.168730
6360.000000 2.948607 226.520393 0.105616 0.307188
6380.000000 2.947307 226.589688 0.130278 0.264530
6400.000000 2.946135 226.653596 0.154834 0.155585
6420.000000 2.945972 226.716335 0.179670 0.222089
6440.000000 2.945842 226.784512 0.204310 0.330488
6460.000000 2.946344 226.851433 0.228861 0.183242
6480.000000 2.947166 226.913444 0.254027 0.161988
6500.000000 2.948629 226.979183 0.278687 0.311337
6520.000000 2.950563 227.048731 0.303665 0.264082
6540.000000 2.952584 227.113389 0.328733 0.159241
6560.000000 2.955704 227.177592 0.353912 0.240592
6580.000000 2.958930 227.248286 0.379156 0.328608
6600.000000 2.962633 227.317093 0.404284 0.182198
6620.000000 2.967207 227.382143 0.430027 0.195145
6640.000000 2.972037 227.453747 0.455448 0.349205
6660.000000 2.977538 227.526496 0.480873 0.213459
6680.000000 2.983750 227.594111 0.506973 0.189908
6700.000000 2.990430 227.668070 0.532640 0.357951
6720.000000 2.997776 227.744151 0.558319 0.224332
6740.000000 3.006053 227.814911 0.584576 0.219033
6760.000000 3.014790 227.893565 0.610457 0.363829
6780.000000 3.024086 227.971721 0.636364 0.207420
6800.000000 3.034682 228.047080 0.662304 0.313072
6820.000000 3.045794 228.131546 0.688035 0.313502
6840.000000 3.057750 228.209748 0.714141 0.225924
6860.000000 3.070571 228.294874 0.739560 0.386900
6880.000000 3.084060 228.379428 0.765069 0.224570
6900.000000 3.098840 228.464594 0.789993 0.399330
6920.000000 3.114185 228.554427 0.814737 0.249388
6940.000000 3.130948 228.641615 0.838922 0.405164
6960.000000 3.148268 228.734900 0.862730 0.262918
6980.000000 3.167053 228.825988 0.885690 0.425262
7000.000000 3.186542 228.920718 0.908214 0.274067
7020.000000 3.207220 229.017708 0.929294 0.424984
7040.000000 3.228876 229.112088 0.949941 0.343583
7060.000000 3.251138 229.215084 0.969253 0.343914
7080.000000 3.275169 229.312921 0.987409 0.458469
7100.000000 3.299914 229.413937 1.004231 0.344589
7120.000000 3.325174 229.520794 1.019416 0.365793
7140.000000 3.352155 229.623776 1.032694 0.479635
7160.000000 3.379711 229.727291 1.044541 0.436076
7180.000000 3.408273 229.835871 1.054310 0.362700
7200.000000 3.437237 229.946896 1.061880 0.387814
7220.000000 3.467157 230.056295 1.066646 0.466892
7240.000000 3.498144 230.165071 1.069142 0.518538
7260.000000 3.529637 230.274920 1.069202 0.521823
7280.000000 3.561494 230.386309 1.066387 0.500489
7300.000000 3.593721 230.499051 1.060503 0.478974
7320.000000 3.626225 230.612758 1.051442 0.467880
7340.000000 3.658859 230.727097 1.039084 0.469044
7360.000000 3.691459 230.841897 1.023298 0.482607
7380.000000 3.723846 230.957181 1.003952 0.509060
7400.000000 3.755780 231.073187 0.980924 0.546183
7420.000000 3.786938 231.190358 0.954194 0.584189
7440.000000 3.817116 231.309055 0.923942 0.602526
7460.000000 3.846464 231.428505 0.890217 0.569961
7480.000000 3.874822 231.545968 0.852549 0.484404
7500.000000 3.901240 231.659733 0.810950 0.434533
7520.000000 3.925568 231.773036 0.765940 0.491291
7540.000000 3.947400 231.890740 0.717440 0.607154
7560.000000 3.966754 232.013405 0.666427 0.627087
7580.000000 3.984159 232.132186 0.612181 0.485880
7600.000000 3.998074 232.243549 0.555094 0.451118
7620.000000 4.008543 232.358192 0.495695 0.581273
7640.000000 4.015532 232.481522 0.435130 0.651546
7660.000000 4.020001 232.601078 0.372788 0.492624
7680.000000 4.020434 232.711535 0.309312 0.449435
7700.000000 4.016954 232.826375 0.245338 0.596725
7720.000000 4.010219 232.950144 0.182146 0.644915
7740.000000 4.000762 233.068728 0.118897 0.487291
7760.000000 3.987626 233.179411 0.056656 0.438026
7780.000000 3.971104 233.293495 -0.004158 0.565841
7800.000000 3.951861 233.415392 -0.062431 0.650369
7820.000000 3.930793 233.536055 -0.118784 0.551708
7840.000000 3.907081 233.650570 -0.172742 0.443496
7860.000000 3.881352 233.762662 -0.223723 0.427247
7880.000000 3.853695 233.876784 -0.271635 0.503881
7900.000000 3.824559 233.994287 -0.315925 0.585988
7920.000000 3.794674 234.113083 -0.356676 0.610402
7940.000000 3.764166 234.231000 -0.394113 0.590738
7960.000000 3.733030 234.347485 -0.428151 0.557443
7980.000000 3.701450 234.462870 -0.458662 0.528269
8000.000000 3.669680 234.577532 -0.485628 0.510154
8020.000000 3.637937 234.691623 -0.509108 0.504640
8040.000000 3.606385 234.805077 -0.529185 0.510669
8060.000000 3.575144 234.917664 -0.545950 0.524002
8080.000000 3.544279 235.029084 -0.559529 0.533897
8100.000000 3.513857 235.139182 -0.570151 0.521722
8120.000000 3.484135 235.248476 -0.578101 0.471217
8140.000000 3.455455 235.358595 -0.583313 0.398445
8160.000000 3.427499 235.470186 -0.585500 0.366540
8180.000000 3.399999 235.579956 -0.585290 0.420664
8200.000000 3.373439 235.685551 -0.582682 0.482199
8220.000000 3.347327 235.788957 -0.578147 0.413654
8240.000000 3.322853 235.895703 -0.571690 0.338839
8260.000000 3.298771 236.000826 -0.562970 0.423152
8280.000000 3.275491 236.100125 -0.552395 0.422194
8300.000000 3.253451 236.202182 -0.540887 0.314311
8320.000000 3.232106 236.303091 -0.527254 0.420058
8340.000000 3.211393 236.398180 -0.512310 0.350293
8360.000000 3.192207 236.498440 -0.496355 0.334284
8380.000000 3.173487 236.590798 -0.478963 0.394576
8400.000000 3.155787 236.686582 -0.461102 0.282036
8420.000000 3.138889 236.777378 -0.441732 0.398952
8440.000000 3.122780 236.869256 -0.422049 0.258881
8460.000000 3.107648 236.957316 -0.401108 0.386497
8480.000000 3.093246 237.046753 -0.380006 0.250400
8500.000000 3.079703 237.130662 -0.357806 0.354443
8520.000000 3.066967 237.218685 -0.335604 0.274117
8540.000000 3.054770 237.298215 -0.312543 0.284565
8560.000000 3.043603 237.383596 -0.289558 0.343758
8580.000000 3.032884 237.461805 -0.266209 0.209292
8600.000000 3.023348 237.540796 -0.242426 0.352611
8620.000000 3.014270 237.621367 -0.218578 0.238094
8640.000000 3.005588 237.694080 -0.194216 0.231099
8660.000000 2.997864 237.771611 -0.170198 0.354052
8680.000000 2.990726 237.846799 -0.146029 0.193345
8700.000000 2.984098 237.916310 -0.121250 0.233754
8720.000000 2.978069 237.990922 -0.096986 0.344218
8740.000000 2.972681 238.062896 -0.072661 0.183514
8760.000000 2.967724 238.129404 -0.047761 0.207867
8780.000000 2.963362 238.200549 -0.023436 0.340017
8800.000000 2.959623 238.271240 0.001028 0.202165
8820.000000 2.956026 238.335573 0.025849 0.172722
8840.000000 2.953348 238.402762 0.050248 0.309366
8860.000000 2.950997 238.472909 0.074876 0.263372
8880.000000 2.948793 238.537281 0.099391 0.156642
8900.000000 2.947613 238.600699 0.124155 0.232167
8920.000000 2.946469 238.669324 0.148727 0.327316
8940.000000 2.945939 238.735968 0.173174 0.175984
8960.000000 2.945761 238.797813 0.198227 0.165837
8980.000000 2.946175 238.863536 0.222745 0.314377
9000.000000 2.947070 238.932439 0.247564 0.256082
9020.000000 2.948027 238.996228 0.272444 0.156643
9040.000000 2.950057 239.059578 0.297450 0.234695
9060.000000 2.952145 239.129002 0.322469 0.328372
9080.000000 2.954765 239.196771 0.347356 0.181339
9100.000000 2.958051 239.260353 0.372921 0.177141
9120.000000 2.961694 239.329427 0.398042 0.339913
9140.000000 2.966028 239.401043 0.423307 0.231210
9160.000000 2.970675 239.467216 0.449156 0.166813
9180.000000 2.976131 239.536969 0.474559 0.328177
9200.000000 2.982188 239.611923 0.500182 0.267090
9220.000000 2.988584 239.681358 0.526279 0.174462
9240.000000 2.995922 239.753887 0.551950 0.339904
9260.000000 3.003886 239.832158 0.577734 0.266945
9280.000000 3.012478 239.904383 0.604073 0.195894
9300.000000 3.021811 239.982421 0.629885 0.372066
9320.000000 3.031763 240.063029 0.655680 0.229162
9340.000000 3.042961 240.138805 0.681703 0.289673
9360.000000 3.054684 240.224250 0.707356 0.335677
9380.000000 3.067222 240.304096 0.733322 0.224416
9400.000000 3.080733 240.389897 0.758562 0.393032
9420.000000 3.094918 240.475809 0.783859 0.230012
9440.000000 3.110411 240.562307 0.808511 0.405126
9460.000000 3.126498 240.652872 0.832983 0.249731
9480.000000 3.143994 240.742060 0.856719 0.416738
9500.000000 3.162139 240.835355 0.880134 0.262308
9520.000000 3.181633 240.929218 0.902396 0.428827
9540.000000 3.201980 241.023094 0.924274 0.297547
9560.000000 3.223122 241.123239 0.944627 0.390297
9580.000000 3.245631 241.217970 0.964517 0.406208
9600.000000 3.268928 241.320911 0.983209 0.310849
9620.000000 3.293453 241.422770 0.999851 0.446111
9640.000000 3.318923 241.522535 1.015683 0.424630
9660.000000 3.345380 241.628863 1.029847 0.337950
9680.000000 3.372337 241.736668 1.041711 0.409742
9700.000000 3.400929 241.841465 1.051765 0.495169
9720.000000 3.430012 241.947441 1.059995 0.460484
9740.000000 3.459937 242.057002 1.065735 0.393408
9760.000000 3.490502 242.169376 1.069184 0.379647
9780.000000 3.521466 242.282187 1.069855 0.412664
9800.000000 3.553013 242.394598 1.067534 0.460234
9820.000000 3.585116 242.507108 1.062244 0.499592
9840.000000 3.617573 242.620274 1.053908 0.525186
9860.000000 3.650181 242.734350 1.042380 0.539753
9880.000000 3.682772 242.849391 1.027525 0.545643
9900.000000 3.715210 242.965316 1.009235 0.541225
9920.000000 3.747385 243.081806 0.987389 0.521091
9940.000000 3.779124 243.198118 0.961796 0.482334
9960.000000 3.810034 243.313286 0.932296 0.439984
9980.000000 3.839679 243.427223 0.899030 0.432379
10000.000000 3.867996 243.541537 0.862132 0.487571
10020.000000 3.894592 243.658564 0.821426 0.580847
10040.000000 3.919040 243.779517 0.777547 0.630488
10060.000000 3.942069 243.900369 0.730483 0.543924
10080.000000 3.962638 244.014713 0.679626 0.441818
10100.000000 3.980197 244.126705 0.625879 0.493253
10120.000000 3.994402 244.245162 0.569435 0.632503
10140.000000 4.005957 244.368812 0.511339 0.604755
10160.000000 4.014595 244.484610 0.450613 0.454179
10180.000000 4.019359 244.595106 0.388386 0.483912
10200.000000 4.020105 244.713608 0.325209 0.645560
10220.000000 4.018119 244.837504 0.261994 0.594641
10240.000000 4.012705 244.952189 0.198013 0.448546
10260.000000 4.003565 245.062648 0.134507 0.482380
10280.000000 3.990651 245.181209 0.072154 0.641865
10300.000000 3.975483 245.304441 0.011527 0.605508
10320.000000 3.957461 245.420748 -0.047905 0.465793
10340.000000 3.936575 245.532033 -0.105027 0.431667
10360.000000 3.913045 245.646063 -0.159679 0.534981
10380.000000 3.887430 245.765694 -0.211010 0.629356
10400.000000 3.860677 245.886263 -0.259339 0.604770
10420.000000 3.832437 246.003853 -0.304781 0.523297
10440.000000 3.802793 246.118829 -0.346786 0.451663
10460.000000 3.772265 246.232743 -0.385224 0.414292
10480.000000 3.741117 246.346604 -0.420159 0.407352
10500.000000 3.709528 246.460773 -0.451562 0.414155
10520.000000 3.677729 246.575171 -0.479415 0.419942
10540.000000 3.645946 246.689583 -0.503763 0.417671
10560.000000 3.614354 246.803877 -0.524685 0.407082
10580.000000 3.583075 246.918031 -0.542270 0.393350
10600.000000 3.552179 247.031955 -0.556635 0.387160
10620.000000 3.521749 247.145195 -0.567964 0.403210
10640.000000 3.491965 247.256898 -0.576415 0.449092
10660.000000 3.462884 247.366352 -0.581949 0.499001
10680.000000 3.434251 247.473528 -0.584815 0.493301
10700.000000 3.406557 247.580333 -0.585664 0.411832
10720.000000 3.380149 247.689875 -0.583807 0.354485
10740.000000 3.354098 247.798042 -0.579568 0.415689
10760.000000 3.328986 247.901021 -0.573195 0.466523
10780.000000 3.304505 248.003156 -0.565433 0.359727
10800.000000 3.281490 248.109151 -0.555400 0.355722
10820.000000 3.259034 248.208884 -0.543746 0.445561
10840.000000 3.237182 248.307182 -0.530916 0.323526
10860.000000 3.216764 248.409012 -0.516270 0.375214
10880.000000 3.196886 248.502792 -0.500304 0.385225
10900.000000 3.178223 248.601028 -0.483726 0.299520
10920.000000 3.160204 248.693431 -0.465553 0.406288
10940.000000 3.143002 248.786910 -0.446947 0.266783
10960.000000 3.126818 248.877591 -0.426963 0.399855
10980.000000 3.111297 248.967655 -0.406677 0.249713
11000.000000 3.096833 249.055022 -0.385265 0.384888
11020.000000 3.083036 249.143228 -0.363714 0.244283
11040.000000 3.070091 249.225935 -0.341133 0.346124
11060.000000 3.057930 249.313060 -0.318593 0.279752
11080.000000 3.046257 249.391455 -0.295302 0.265615
11100.000000 3.035661 249.475372 -0.272088 0.355574
11120.000000 3.025553 249.553583 -0.248601 0.200428
11140.000000 3.016502 249.630345 -0.224520 0.329057
11160.000000 3.007881 249.710729 -0.200520 0.271916
11180.000000 2.999607 249.782902 -0.176251 0.202101
11200.000000 2.992494 249.857950 -0.152063 0.344070
11220.000000 2.985833 249.934017 -0.127717 0.228467
11240.000000 2.979410 250.002622 -0.103053 0.194903
11260.000000 2.974005 250.074638 -0.078739 0.335594
11280.000000 2.969061 250.147885 -0.054231 0.230543
11300.000000 2.964258 250.214070 -0.029551 0.174068
11320.000000 2.960529 250.282305 -0.005094 0.305230
11340.000000 2.957055 250.353819 0.019515 0.272658
11360.000000 2.953801 250.419322 0.043979 0.159159
11380.000000 2.951566 250.483714 0.068735 0.239208
11400.000000 2.949394 250.553155 0.093263 0.325983
11420.000000 2.947828 250.620038 0.117650 0.171797
11440.000000 2.946653 250.682190 0.142635 0.172324
11460.000000 2.946029 250.748401 0.167057 0.319706
11480.000000 2.945915 250.817067 0.191752 0.245073
11500.000000 2.945839 250.880283 0.216519 0.155176
11520.000000 2.946825 250.943406 0.241355 0.239281
11540.000000 2.947852 251.012192 0.266205 0.324208
11560.000000 2.949407 251.078971 0.290899 0.176280
11580.000000 2.951541 251.141539 0.316263 0.171579
11600.000000 2.954075 251.209058 0.341142 0.331358
11620.000000 2.957258 251.279404 0.366241 0.238891
11640.000000 2.960581 251.344419 0.391758 0.160590
11660.000000 2.964897 251.411327 0.416988 0.293281
11680.000000 2.969593 251.484361 0.442496 0.296385
11700.000000 2.974516 251.553118 0.468128 0.171367
11720.000000 2.980623 251.621332 0.493788 0.273065
11740.000000 2.987051 251.697156 0.519569 0.320857
11760.000000 2.993831 251.769316 0.545468 0.181955
11780.000000 3.001842 251.840787 0.571318 0.299958
11800.000000 3.010316 251.920351 0.597214 0.310117
11820.000000 3.019282 251.994724 0.623467 0.190271
11840.000000 3.029285 252.072148 0.649244 0.366081
11860.000000 3.039898 252.154848 0.674973 0.253475
11880.000000 3.051668 252.231478 0.701022 0.272169
11900.000000 3.064020 252.317754 0.726553 0.352366
11920.000000 3.077186 252.399168 0.752342 0.226555
11940.000000 3.091398 252.485884 0.777372 0.397564
11960.000000 3.106303 252.572895 0.802435 0.235121
11980.000000 3.122511 252.661011 0.826753 0.411063
12000.000000 3.139377 252.751996 0.850909 0.251648
12020.000000 3.157597 252.843523 0.874108 0.422980
12040.000000 3.176596 252.936422 0.897030 0.273189
12060.000000 3.196682 253.033312 0.918547 0.414561
12080.000000 3.217825 253.126622 0.939719 0.344103
12100.000000 3.239577 253.228900 0.959600 0.340299
12120.000000 3.263074 253.325832 0.978430 0.453111
12140.000000 3.287319 253.426562 0.995998 0.332114
12160.000000 3.312075 253.532490 1.011824 0.377900
12180.000000 3.338619 253.634115 1.026170 0.478906
12200.000000 3.365694 253.737552 1.038868 0.403311
12220.000000 3.393705 253.846723 1.049798 0.353094
12240.000000 3.422204 253.956266 1.058174 0.418490
12260.000000 3.452089 254.063703 1.064229 0.498964
12280.000000 3.482686 254.171644 1.068295 0.509781
12300.000000 3.513707 254.281537 1.069700 0.470985
12320.000000 3.545317 254.393465 1.068242 0.430877
12340.000000 3.577418 254.506835 1.063886 0.410212
12360.000000 3.609833 254.620966 1.056469 0.405530
12380.000000 3.642424 254.735444 1.045811 0.408088
12400.000000 3.675050 254.850069 1.031768 0.412800
12420.000000 3.707537 254.964741 1.014229 0.420484
12440.000000 3.739700 255.079473 0.993120 0.438001
12460.000000 3.771370 255.194519 0.968361 0.474678
12480.000000 3.802302 255.310457 0.939811 0.531428
12500.000000 3.832043 255.428128 0.907470 0.590148
12520.000000 3.860404 255.547965 0.871727 0.612577
12540.000000 3.887762 255.667943 0.832529 0.551929
12560.000000 3.913517 255.783871 0.789279 0.453036
12580.000000 3.936782 255.896341 0.742545 0.453643
12600.000000 3.957594 256.011524 0.692464 0.563576
12620.000000 3.975394 256.133212 0.639756 0.647572
12640.000000 3.991255 256.254631 0.584448 0.533270
12660.000000 4.003756 256.367224 0.526168 0.441650
12680.000000 4.012719 256.479645 0.465850 0.537166
12700.000000 4.017844 256.601358 0.404340 0.662261
12720.000000 4.020534 256.723327 0.341700 0.533853
12740.000000 4.019313 256.835021 0.277908 0.439835
12760.000000 4.014285 256.947475 0.213882 0.548550
12780.000000 4.005607 257.069765 0.150775 0.661867
12800.000000 3.994582 257.190945 0.088187 0.531155
12820.000000 3.979976 257.303152 0.026592 0.432526
12840.000000 3.962255 257.415028 -0.033339 0.503964
12860.000000 3.941503 257.534327 -0.090743 0.637398
12880.000000 3.919120 257.656318 -0.145572 0.606931
12900.000000 3.894589 257.773616 -0.198138 0.492584
12920.000000 3.867978 257.886879 -0.247577 0.422413
12940.000000 3.839838 257.999655 -0.293851 0.434110
12960.000000 3.810221 258.114365 -0.336732 0.500931
12980.000000 3.779623 258.231097 -0.375908 0.561360
13000.000000 3.748532 258.348413 -0.411476 0.587481
13020.000000 3.717122 258.465129 -0.443576 0.588179
13040.000000 3.685482 258.580835 -0.472230 0.578963
13060.000000 3.653748 258.695522 -0.497435 0.568999
13080.000000 3.622078 258.809227 -0.519232 0.560371
13100.000000 3.590621 258.921928 -0.537720 0.549162
13120.000000 3.559529 259.033638 -0.553051 0.526532
13140.000000 3.529005 259.144671 -0.565387 0.483170
13160.000000 3.499265 259.255895 -0.574760 0.422585
13180.000000 3.470245 259.368092 -0.581051 0.376219
13200.000000 3.441655 259.480023 -0.584529 0.387420
13220.000000 3.413839 259.588995 -0.585640 0.457926
13240.000000 3.386718 259.694500 -0.584115 0.484303
13260.000000 3.360318 259.799092 -0.580900 0.395156
13280.000000 3.335402 259.907175 -0.575245 0.346803
13300.000000 3.310868 260.012179 -0.567542 0.437595
13320.000000 3.287067 260.112131 -0.557862 0.418962
13340.000000 3.264643 260.215134 -0.547132 0.318881
13360.000000 3.242826 260.316663 -0.534254 0.422620
13380.000000 3.221661 260.412444 -0.519974 0.360008
13400.000000 3.202031 260.513294 -0.504678 0.328712
13420.000000 3.182883 260.606828 -0.487863 0.407747
13440.000000 3.164647 260.702520 -0.470518 0.278408
13460.000000 3.147349 260.795177 -0.451622 0.408038
13480.000000 3.130709 260.886458 -0.432289 0.258722
13500.000000 3.115224 260.976853 -0.411771 0.397359
13520.000000 3.100308 261.065286 -0.390947 0.242830
13540.000000 3.086490 261.151775 -0.369111 0.381773
13560.000000 3.073296 261.238931 -0.347159 0.240390
13580.000000 3.060918 261.320316 -0.324233 0.334496
13600.000000 3.049319 261.406566 -0.301396 0.290177
13620.000000 3.038162 261.483990 -0.277938 0.245089
13640.000000 3.028148 261.566199 -0.254508 0.363446
13660.000000 3.018653 261.644697 -0.230863 0.199027
13680.000000 3.009992 261.719304 -0.206521 0.296197
13700.000000 3.001811 261.798940 -0.182454 0.310501
13720.000000 2.994077 261.871417 -0.158300 0.184109
13740.000000 2.987476 261.943790 -0.133821 0.309810
13760.000000 2.981154 262.019932 -0.109390 0.281617
13780.000000 2.975151 262.088944 -0.084980 0.173502
13800.000000 2.970277 262.158092 -0.060382 0.290427
13820.000000 2.965584 262.231389 -0.035833 0.295482
13840.000000 2.961269 262.298838 -0.011450 0.163005
13860.000000 2.957901 262.364369 0.013359 0.239629
13880.000000 2.954664 262.434924 0.037837 0.328984
13900.000000 2.952054 262.502705 0.062203 0.172331
13920.000000 2.949840 262.565616 0.087153 0.179529
13940.000000 2.948182 262.632670 0.111522 0.324482
13960.000000 2.947055 262.701549 0.136136 0.235462
13980.000000 2.945961 262.764627 0.160843 0.155601
14000.000000 2.945923 262.828064 0.185541 0.249580
14020.000000 2.945933 262.896744 0.210275 0.317787
14040.000000 2.946434 262.962752 0.234821 0.169480
14060.000000 2.947519 263.024740 0.260013 0.172961
14080.000000 2.948978 263.091537 0.284701 0.328455
14100.000000 2.951063 263.160801 0.309621 0.236479
14120.000000 2.953223 263.224746 0.334865 0.157626
14140.000000 2.956418 263.289915 0.359925 0.272450
14160.000000 2.959844 263.361161 0.385229 0.308725
14180.000000 2.963565 263.429031 0.410474 0.172171
14200.000000 2.968369 263.494605 0.436105 0.223815
14220.000000 2.973341 263.567376 0.461638 0.342941
14240.000000 2.978857 263.639240 0.487106 0.194945
14260.000000 2.985370 263.707085 0.513127 0.216352
14280.000000 2.992186 263.782535 0.538896 0.354482
14300.000000 2.999565 263.857632 0.564640 0.203689
14320.000000 3.008118 263.928887 0.590749 0.255894
14340.000000 3.017070 264.008928 0.616672 0.344940
14360.000000 3.026527 264.085748 0.642762 0.196048
14380.000000 3.037217 264.162832 0.668552 0.351969
14400.000000 3.048475 264.247255 0.694220 0.277077
14420.000000 3.060817 264.325023 0.720226 0.261440
14440.000000 3.073821 264.412124 0.745596 0.364145
14460.000000 3.087655 264.494949 0.771183 0.231164
14480.000000 3.102571 264.582841 0.795959 0.400871
14500.000000 3.118224 264.670681 0.820757 0.240963
14520.000000 3.135146 264.760707 0.844671 0.414849
14540.000000 3.152828 264.851779 0.868444 0.259206
14560.000000 3.171720 264.945940 0.891025 0.418942
14580.000000 3.191553 265.038281 0.913346 0.301450
14600.000000 3.212142 265.137997 0.934234 0.379656
14620.000000 3.234141 265.231884 0.954679 0.403569
14640.000000 3.256890 265.334168 0.973988 0.307246
14660.000000 3.280974 265.434955 0.991374 0.448896
14680.000000 3.305906 265.534114 1.007943 0.405237
14700.000000 3.331766 265.640549 1.023011 0.333080
14720.000000 3.358421 265.746721 1.035642 0.433270
14740.000000 3.386534 265.850302 1.046970 0.488658
14760.000000 3.415152 265.956422 1.056167 0.417814
14780.000000 3.444707 266.066919 1.063246 0.369020
14800.000000 3.474650 266.178882 1.067875 0.397068
14820.000000 3.505340 266.289841 1.069602 0.460984
14840.000000 3.536899 266.400411 1.068653 0.512696
14860.000000 3.569002 266.511669 1.064993 0.538056
14880.000000 3.601407 266.624021 1.058365 0.546505
14900.000000 3.633984 266.737452 1.048541 0.550533
14920.000000 3.666600 266.851850 1.035363 0.557488
14940.000000 3.699081 266.967169 1.018718 0.568837
14960.000000 3.731227 267.083476 0.998547 0.580635
14980.000000 3.762883 267.200835 0.974857 0.582995
15000.000000 3.794015 267.318892 0.947616 0.559965
15020.000000 3.824517 267.436319 0.916561 0.501905
15040.000000 3.853804 267.551455 0.881473 0.441202
15060.000000 3.881357 267.664827 0.842706 0.444382
15080.000000 3.907195 267.779620 0.800323 0.528018
15100.000000 3.930635 267.898874 0.754467 0.624797
15120.000000 3.952127 268.021194 0.705890 0.600363
15140.000000 3.971604 268.138293 0.653701 0.465227
15160.000000 3.987771 268.249662 0.598588 0.460704
15180.000000 4.000626 268.365453 0.540866 0.597068
15200.000000 4.010252 268.489001 0.481710 0.641572
15220.000000 4.017341 268.607632 0.420346 0.480788
15240.000000 4.020431 268.717969 0.357550 0.456494
15260.000000 4.019579 268.833701 0.293893 0.611074
15280.000000 4.015566 268.957747 0.230636 0.634411
15300.000000 4.008629 269.075256 0.166883 0.472977
15320.000000 3.997918 269.185523 0.103812 0.449028
15340.000000 3.983581 269.301019 0.041882 0.598118
15360.000000 3.966636 269.423961 -0.017828 0.642504
15380.000000 3.947465 269.543192 -0.076098 0.513271
15400.000000 3.925404 269.655916 -0.132026 0.426870
15420.000000 3.901074 269.768072 -0.185315 0.464667
15440.000000 3.874482 269.884561 -0.235454 0.576350
15460.000000 3.846611 270.004427 -0.282084 0.624478
15480.000000 3.817816 270.123648 -0.325621 0.590335
15500.000000 3.787880 270.240580 -0.365945 0.527752
15520.000000 3.757012 270.355850 -0.402720 0.472441
15540.000000 3.725602 270.470378 -0.435878 0.436162
15560.000000 3.693915 270.584685 -0.465480 0.417022
15580.000000 3.662134 270.698954 -0.491580 0.408590
15600.000000 3.630422 270.813160 -0.514236 0.406858
15620.000000 3.598928 270.927144 -0.533538 0.412842
15640.000000 3.567797 271.040597 -0.549598 0.431413
15660.000000 3.537163 271.153044 -0.562518 0.465455
15680.000000 3.507086 271.263958 -0.572350 0.504105
15700.000000 3.477470 271.373005 -0.579265 0.515522
15720.000000 3.448476 271.480735 -0.583759 0.467673
15740.000000 3.420712 271.589588 -0.585828 0.385382
15760.000000 3.393713 271.700296 -0.584937 0.365252
15780.000000 3.367253 271.807921 -0.581924 0.442676
15800.000000 3.341586 271.911137 -0.576544 0.463237
15820.000000 3.316823 272.014576 -0.569854 0.353645
15840.000000 3.293265 272.121166 -0.560642 0.367159
15860.000000 3.270365 272.221357 -0.549806 0.448875
15880.000000 3.248070 272.320418 -0.537774 0.328025
15900.000000 3.227196 272.422995 -0.523818 0.373818
15920.000000 3.206889 272.517646 -0.508492 0.397350
15940.000000 3.187723 272.616106 -0.492537 0.295592
15960.000000 3.169273 272.710063 -0.474898 0.414839
15980.000000 3.151534 272.803200 -0.456708 0.269431
16000.000000 3.134965 272.895983 -0.437184 0.403027
16020.000000 3.118928 272.985269 -0.417191 0.254895
16040.000000 3.104115 273.075155 -0.396205 0.393291
16060.000000 3.089808 273.162155 -0.374904 0.236960
16080.000000 3.076610 273.247582 -0.352683 0.377348
16100.000000 3.064015 273.333864 -0.330370 0.239062
16120.000000 3.052172 273.413845 -0.307138 0.319172
16140.000000 3.041119 273.499165 -0.284048 0.305178
16160.000000 3.030490 273.575885 -0.260478 0.224953
16180.000000 3.021063 273.656124 -0.236821 0.363225
16200.000000 3.012143 273.735049 -0.212989 0.208687
16220.000000 3.003790 273.807821 -0.188494 0.258285
16240.000000 2.996104 273.886019 -0.164419 0.341419
16260.000000 2.989001 273.959475 -0.140276 0.180570
16280.000000 2.982701 274.029431 -0.115524 0.261138
16300.000000 2.976744 274.104520 -0.091165 0.328772
16320.000000 2.971369 274.174969 -0.066870 0.171304
16340.000000 2.966718 274.241741 -0.041988 0.231095
16360.000000 2.962384 274.313573 -0.017597 0.336972
16380.000000 2.958710 274.383056 0.006782 0.179658
16400.000000 2.955370 274.447129 0.031705 0.184678
16420.000000 2.952677 274.515242 0.056052 0.327275
16440.000000 2.950506 274.584859 0.080629 0.231742
16460.000000 2.948382 274.648338 0.105303 0.157919
16480.000000 2.947319 274.712515 0.129914 0.260935
16500.000000 2.946324 274.781533 0.154576 0.310726
16520.000000 2.945779 274.847132 0.179022 0.163763
16540.000000 2.945868 274.909021 0.204082 0.179403
16560.000000 2.946272 274.975762 0.228633 0.329653
16580.000000 2.947310 275.044250 0.253384 0.227027
16600.000000 2.948396 275.107301 0.278440 0.155828
16620.000000 2.950501 275.171577 0.303315 0.266592
16640.000000 2.952776 275.241538 0.328410 0.309607
16660.000000 2.955387 275.308342 0.353375 0.170097
16680.000000 2.958935 275.372232 0.378869 0.199686
16700.000000 2.962646 275.442538 0.404101 0.344069
16720.000000 2.967025 275.513467 0.429325 0.206947
16740.000000 2.971982 275.579356 0.455240 0.177201
16760.000000 2.977453 275.650671 0.480689 0.347225
16780.000000 2.983616 275.725224 0.506245 0.237518
16800.000000 2.990340 275.794114 0.532440 0.183711
16820.000000 2.997711 275.868456 0.558145 0.358691
16840.000000 3.005754 275.946149 0.583883 0.236685
16860.000000 3.014714 276.018130 0.610183 0.221722
16880.000000 3.024195 276.098094 0.636057 0.367001
16900.000000 3.034240 276.177353 0.661984 0.208567
16920.000000 3.045597 276.254488 0.687801 0.335695
16940.000000 3.057490 276.340338 0.713385 0.297611
16960.000000 3.070429 276.419379 0.739286 0.256915
16980.000000 3.084103 276.507399 0.764460 0.371801
17000.000000 3.098638 276.591435 0.789815 0.237929
17020.000000 3.114260 276.680770 0.814288 0.402393
17040.000000 3.130689 276.769163 0.838773 0.249690
17060.000000 3.148307 276.861368 0.862211 0.413306
17080.000000 3.166820 276.952273 0.885511 0.277334
17100.000000 3.186297 277.049166 0.907458 0.400002
17120.000000 3.206932 277.141337 0.929127 0.348529
17140.000000 3.228171 277.242872 0.949572 0.333288
17160.000000 3.251133 277.338996 0.969019 0.448622
17180.000000 3.274856 277.439266 0.987299 0.322651
17200.000000 3.299142 277.544210 1.003774 0.387982
17220.000000 3.325155 277.644664 1.019106 0.471553
17240.000000 3.351804 277.748208 1.032681 0.375593
17260.000000 3.379150 277.857400 1.044604 0.356416
17280.000000 3.407434 277.964993 1.053851 0.451288
17300.000000 3.437034 278.071051 1.061386 0.505495
17320.000000 3.467060 278.178806 1.066708 0.468524
17340.000000 3.497812 278.289385 1.069353 0.412514
17360.000000 3.529208 278.402203 1.069422 0.389663
17380.000000 3.560998 278.515963 1.066675 0.397628
17400.000000 3.593130 278.629968 1.060860 0.418299
17420.000000 3.625563 278.744190 1.051853 0.437646
17440.000000 3.658181 278.858758 1.039550 0.448363
17460.000000 3.690827 278.973661 1.023827 0.447880
17480.000000 3.723299 279.088661 1.004540 0.437426
17500.000000 3.755332 279.203401 0.981575 0.424842
17520.000000 3.786645 279.317767 0.954927 0.427609
17540.000000 3.817090 279.432315 0.924618 0.465741
17560.000000 3.846441 279.548232 0.890485 0.538504
17580.000000 3.874109 279.666854 0.852644 0.608823
17600.000000 3.900209 279.787926 0.811659 0.608142
17620.000000 3.925041 279.906819 0.766999 0.501995
17640.000000 3.947336 280.020019 0.718571 0.438231
17660.000000 3.966970 280.133025 0.667055 0.515318
17680.000000 3.983393 280.252641 0.612709 0.640958
17700.000000 3.997484 280.375785 0.556344 0.585189
17720.000000 4.008601 280.490644 0.497044 0.447940
17740.000000 4.015981 280.601546 0.435934 0.495796
17760.000000 4.019392 280.720852 0.373570 0.651723
17780.000000 4.020161 280.844469 0.310724 0.580744
17800.000000 4.017368 280.958322 0.246755 0.444165
17820.000000 4.010785 281.069090 0.182864 0.500091
17840.000000 4.000348 281.188895 0.119862 0.654556
17860.000000 3.987637 281.311875 0.058073 0.582012
17880.000000 3.971704 281.426575 -0.002784 0.447896
17900.000000 3.952772 281.537508 -0.061657 0.452781
17920.000000 3.930849 281.653529 -0.118169 0.587522
17940.000000 3.907022 281.774982 -0.171575 0.638152
17960.000000 3.881699 281.894766 -0.222496 0.558077
17980.000000 3.854380 282.010282 -0.270471 0.462294
18000.000000 3.825615 282.123609 -0.315026 0.415450
18020.000000 3.795738 282.236956 -0.356232 0.426088
18040.000000 3.764881 282.351410 -0.393920 0.467341
18060.000000 3.733405 282.466810 -0.427946 0.505829
18080.000000 3.701653 282.582395 -0.458365 0.526815
18100.000000 3.669833 282.697529 -0.485287 0.530854
18120.000000 3.638091 282.811911 -0.508805 0.521611
18140.000000 3.606575 282.925512 -0.529004 0.500224
18160.000000 3.575443 283.038532 -0.545967 0.466195
18180.000000 3.544834 283.151403 -0.559745 0.423166
18200.000000 3.514770 283.264537 -0.570360 0.386464
18220.000000 3.485161 283.377527 -0.577984 0.382048
18240.000000 3.456158 283.488788 -0.582978 0.428579
18260.000000 3.428003 283.597094 -0.585275 0.489676
18280.000000 3.400287 283.702780 -0.585073 0.473152
18300.000000 3.373737 283.809020 -0.583097 0.377387
18320.000000 3.348254 283.918085 -0.578321 0.359882
18340.000000 3.323315 284.022903 -0.571656 0.452009
18360.000000 3.298982 284.123549 -0.562957 0.413568
18380.000000 3.276177 284.227577 -0.553020 0.323870
18400.000000 3.253883 284.329631 -0.540944 0.426399
18420.000000 3.232256 284.426136 -0.527375 0.368161
18440.000000 3.212174 284.527556 -0.512766 0.325338
18460.000000 3.192583 284.622281 -0.496565 0.417706
18480.000000 3.173806 284.717896 -0.479741 0.279926
18500.000000 3.156096 284.812391 -0.461346 0.409645
18520.000000 3.138945 284.903200 -0.442352 0.268836
18540.000000 3.123080 284.995818 -0.422292 0.394266
18560.000000 3.107658 285.083337 -0.401716 0.252746
18580.000000 3.093486 285.172498 -0.380310 0.388967
18600.000000 3.079786 285.258266 -0.358590 0.231431
18620.000000 3.067186 285.342457 -0.336011 0.371321
18640.000000 3.055178 285.428017 -0.313374 0.241090
18660.000000 3.043835 285.506573 -0.289881 0.300009
18680.000000 3.033322 285.590821 -0.266580 0.323388
18700.000000 3.023251 285.667198 -0.242938 0.207709
18720.000000 3.014387 285.745239 -0.219019 0.351464
18740.000000 3.005971 285.824487 -0.194999 0.232712
18760.000000 2.997914 285.896030 -0.170509 0.222002
18780.000000 2.990811 285.972126 -0.146391 0.351773
18800.000000 2.984290 286.046772 -0.122116 0.198434
18820.000000 2.978145 286.115104 -0.097303 0.214011
18840.000000 2.972728 286.188073 -0.073022 0.344240
18860.000000 2.967924 286.260159 -0.048600 0.199310
18880.000000 2.963339 286.325815 -0.023755 0.185522
18900.000000 2.959608 286.395047 0.000597 0.326535
18920.000000 2.956333 286.466012 0.025173 0.238256
18940.000000 2.953143 286.530497 0.049801 0.161328
18960.000000 2.951035 286.595697 0.074389 0.269111
18980.000000 2.949017 286.665452 0.099007 0.306092
19000.000000 2.947426 286.731152 0.123399 0.160854
19020.000000 2.946525 286.793429 0.148370 0.189143
19040.000000 2.945889 286.860619 0.172834 0.332021
19060.000000 2.945903 286.928696 0.197447 0.214748
19080.000000 2.945967 286.991179 0.222390 0.155776
19100.000000 2.947013 287.055251 0.247088 0.271423
19120.000000 2.948224 287.124472 0.272010 0.303591
19140.000000 2.949756 287.190222 0.296769 0.165478
19160.000000 2.952157 287.253042 0.322078 0.191999
19180.000000 2.954722 287.321759 0.347055 0.339884
19200.000000 2.957978 287.391497 0.372084 0.211447
19220.000000 2.961562 287.455999 0.397742 0.164036
19240.000000 2.965868 287.524322 0.422934 0.323113
19260.000000 2.970753 287.597386 0.448393 0.265252
19280.000000 2.975856 287.665201 0.474233 0.167856
19300.000000 2.982003 287.734822 0.499776 0.310919
19320.000000 2.988650 287.811036 0.525528 0.290046
19340.000000 2.995634 287.882087 0.551638 0.177712
19360.000000 3.003681 287.955245 0.577384 0.337101
19380.000000 3.012326 288.034884 0.603207 0.275463
19400.000000 3.021655 288.108361 0.629553 0.202714
19420.000000 3.031738 288.188012 0.655353 0.376512
19440.000000 3.042423 288.269521 0.681145 0.224697
19460.000000 3.054422 288.347091 0.706970 0.321582
19480.000000 3.066950 288.434173 0.732434 0.313847
19500.000000 3.080520 288.514505 0.758176 0.257689
19520.000000 3.094875 288.603601 0.783115 0.375836
19540.000000 3.110142 288.688629 0.808204 0.247437
19560.000000 3.126461 288.779656 0.832317 0.400684
19580.000000 3.143692 288.868360 0.856426 0.264457
19600.000000 3.161959 288.962925 0.879333 0.402783
19620.000000 3.181288 289.053665 0.902076 0.310169
19640.000000 3.201316 289.152967 0.923490 0.364998
19660.000000 3.222811 289.246032 0.944456 0.404295
19680.000000 3.245024 289.347499 0.964354 0.302706
19700.000000 3.268621 289.447368 0.982446 0.448712
19720.000000 3.293034 289.545920 0.999730 0.388864
19740.000000 3.318274 289.652169 1.015611 0.332621
19760.000000 3.344656 289.756725 1.029111 0.451254
19780.000000 3.372158 289.859409 1.041542 0.469410
19800.000000 3.400424 289.966040 1.051768 0.382058
19820.000000 3.429365 290.076906 1.060083 0.367601
19840.000000 3.458892 290.187213 1.065628 0.434136
19860.000000 3.489584 290.296166 1.068665 0.502999
19880.000000 3.520992 290.405613 1.069389 0.526841
19900.000000 3.552774 290.516461 1.067389 0.515844
19920.000000 3.584909 290.628725 1.062367 0.495594
19940.000000 3.617345 290.742091 1.054191 0.481897
19960.000000 3.649952 290.856219 1.042746 0.479822
19980.000000 3.682573 290.970895 1.027903 0.490229
20000.000000 3.715030 291.086095 1.009531 0.513235
20020.000000 3.747090 291.201998 0.987508 0.546632
20040.000000 3.778450 291.318988 0.961798 0.581836
20060.000000 3.808892 291.437422 0.932548 0.600674
20080.000000 3.838522 291.556730 0.899830 0.574357
20100.000000 3.867258 291.674480 0.863224 0.494059
20120.000000 3.894207 291.788644 0.822621 0.434926
20140.000000 3.919082 291.901735 0.778572 0.477021
20160.000000 3.941637 292.018548 0.730968 0.590131
20180.000000 3.961575 292.140734 0.680700 0.637118
20200.000000 3.979725 292.260806 0.627368 0.508947
20220.000000 3.994545 292.372864 0.570937 0.443429
20240.000000 4.006003 292.486165 0.512146 0.552244
20260.000000 4.013782 292.608402 0.451905 0.659716
20280.000000 4.019180 292.729706 0.390083 0.520817
20300.000000 4.020637 292.840980 0.326796 0.442127
20320.000000 4.018250 292.954112 0.262879 0.564488
20340.000000 4.012254 293.077060 0.199554 0.659166
20360.000000 4.003764 293.197397 0.136250 0.512189
20380.000000 3.991525 293.308681 0.073665 0.433872
20400.000000 3.975926 293.421466 0.012380 0.538535
20420.000000 3.957297 293.542532 -0.046527 0.651969
20440.000000 3.936886 293.664035 -0.103424 0.571539
20460.000000 3.913831 293.779276 -0.158149 0.454115
20480.000000 3.888621 293.891319 -0.209933 0.423712
20500.000000 3.861441 294.005006 -0.258738 0.494365
20520.000000 3.832637 294.122292 -0.303976 0.582757
20540.000000 3.803006 294.241232 -0.345663 0.612384
20560.000000 3.772715 294.359375 -0.384057 0.592149
20580.000000 3.741729 294.475998 -0.419079 0.555315
20600.000000 3.710227 294.591452 -0.450573 0.522041
20620.000000 3.678477 294.706183 -0.478508 0.500182
20640.000000 3.646709 294.820401 -0.502940 0.491488
20660.000000 3.615097 294.934083 -0.523951 0.495409
20680.000000 3.583777 295.047022 -0.541629 0.509551
20700.000000 3.552831 295.158903 -0.556071 0.526465
20720.000000 3.522296 295.269436 -0.567450 0.529751
20740.000000 3.492308 295.378742 -0.576070 0.498034
20760.000000 3.463261 295.488061 -0.582097 0.428374
20780.000000 3.435206 295.599061 -0.585184 0.369582
20800.000000 3.407562 295.709983 -0.585527 0.388938
20820.000000 3.380767 295.817045 -0.583685 0.468094
20840.000000 3.354509 295.920642 -0.579452 0.453618
20860.000000 3.329511 296.025591 -0.573794 0.348708
20880.000000 3.305381 296.132592 -0.565487 0.380845
20900.000000 3.282030 296.233214 -0.555496 0.451651
20920.000000 3.259305 296.333107 -0.544315 0.331448
20940.000000 3.237960 296.436388 -0.531084 0.374126
20960.000000 3.217212 296.531913 -0.516437 0.407519
20980.000000 3.197536 296.630606 -0.501126 0.294773
21000.000000 3.178643 296.726097 -0.484049 0.418700
21020.000000 3.160383 296.819015 -0.466277 0.278891
21040.000000 3.143420 296.913740 -0.447244 0.396473
21060.000000 3.126900 297.002524 -0.427539 0.272559
21080.000000 3.111695 297.094678 -0.407008 0.384244
21100.000000 3.096884 297.180643 -0.385918 0.250435
21120.000000 3.083327 297.268889 -0.364128 0.385157
21140.000000 3.070231 297.353624 -0.342039 0.226139
21160.000000 3.058206 297.436421 -0.319125 0.362990
21180.000000 3.046769 297.521371 -0.296194 0.247573
21200.000000 3.035895 297.598568 -0.272496 0.277457
21220.000000 3.025927 297.681507 -0.249024 0.341808
21240.000000 3.016452 297.757947 -0.225312 0.195986
21260.000000 3.008079 297.833675 -0.201105 0.326910
21280.000000 3.000092 297.912850 -0.176950 0.269928
21300.000000 2.992426 297.984009 -0.152594 0.194160
21320.000000 2.985925 298.057542 -0.128296 0.334680
21340.000000 2.979819 298.132948 -0.103857 0.242214
21360.000000 2.973915 298.200889 -0.079246 0.181932
21380.000000 2.969117 298.271097 -0.054827 0.317884
21400.000000 2.964636 298.344016 -0.030253 0.259473
21420.000000 2.960340 298.410210 -0.005722 0.164643
21440.000000 2.957145 298.476557 0.018911 0.270594
21460.000000 2.954051 298.547434 0.043490 0.307871
21480.000000 2.951412 298.613885 0.067853 0.161229
21500.000000 2.949484 298.676975 0.092781 0.199169
21520.000000 2.947812 298.744984 0.117197 0.333982
21540.000000 2.946801 298.813088 0.141717 0.204110
21560.000000 2.945864 298.875459 0.166600 0.158100
21580.000000 2.945864 298.939896 0.191155 0.281810
21600.000000 2.946064 299.008857 0.215950 0.293374
21620.000000 2.946535 299.073748 0.240567 0.160460
21640.000000 2.947881 299.136037 0.265692 0.194585
21660.000000 2.949358 299.203965 0.290475 0.336748
21680.000000 2.951521 299.272571 0.315314 0.207491
21700.000000 2.953909 299.335927 0.340721 0.159475
21720.000000 2.957097 299.402391 0.365699 0.305808
21740.000000 2.960735 299.473851 0.390995 0.278769
21760.000000 2.964525 299.540655 0.416437 0.165328
21780.000000 2.969462 299.607206 0.441906 0.262514
21800.000000 2.974640 299.680903 0.467518 0.322732
21820.000000 2.980174 299.751584 0.493132 0.180665
21840.000000 2.986899 299.820196 0.518984 0.255935
21860.000000 2.993922 299.896879 0.544828 0.335309
21880.000000 3.001365 299.970657 0.570748 0.188382
21900.000000 3.010066 300.043093 0.596663 0.301444
21920.000000 3.019242 300.123960 0.622557 0.312719
21940.000000 3.028989 300.199414 0.648828 0.196749
21960.000000 3.039729 300.278790 0.674563 0.376705
21980.000000 3.051067 300.362285 0.700242 0.241782
22000.000000 3.063695 300.440597 0.726029 0.312040
22020.000000 3.076867 300.528820 0.751333 0.325369
22040.000000 3.091102 300.610380 0.776870 0.263182
22060.000000 3.106141 300.700733 0.801533 0.376195
22080.000000 3.122167 300.786549 0.826309 0.261149
22100.000000 3.139163 300.879463 0.850009 0.393604
22120.000000 3.157202 300.968355 0.873665 0.288790
22140.000000 3.176066 301.065245 0.896046 0.380256
22160.000000 3.196201 301.156285 0.918180 0.357205
22180.000000 3.216930 301.257000 0.939178 0.322991
22200.000000 3.239356 301.352430 0.959190 0.445383
22220.000000 3.262543 301.452038 0.978143 0.315441
22240.000000 3.286362 301.556037 0.995277 0.394778
22260.000000 3.311804 301.655451 1.011500 0.460869
22280.000000 3.338012 301.759147 1.025986 0.354432
22300.000000 3.364718 301.867764 1.038727 0.368553
22320.000000 3.392851 301.973457 1.049053 0.475743
22340.000000 3.421884 302.078672 1.057926 0.486946
22360.000000 3.451509 302.186802 1.064333 0.418610
22380.000000 3.481973 302.298353 1.068414 0.379520
22400.000000 3.512855 302.411298 1.069934 0.394349
22420.000000 3.544217 302.524047 1.068493 0.436536
22440.000000 3.576143 302.636662 1.064048 0.478961
22460.000000 3.608494 302.749713 1.056571 0.509516
22480.000000 3.641064 302.863564 1.045945 0.527796
22500.000000 3.673677 302.978335 1.032033 0.535903
22520.000000 3.706189 303.093974 1.014714 0.533258
22540.000000 3.738479 303.210202 0.993863 0.515848
22560.000000 3.770379 303.326367 0.969297 0.481130
22580.000000 3.801530 303.441575 0.940854 0.441179
22600.000000 3.831503 303.555611 0.908630 0.430017
22620.000000 3.860201 303.669807 0.872777 0.477602
22640.000000 3.887319 303.786345 0.833105 0.567859
22660.000000 3.912301 303.906726 0.790113 0.629459
22680.000000 3.935824 304.028029 0.744045 0.564680
22700.000000 3.957192 304.143480 0.694125 0.448838
22720.000000 3.975530 304.255203 0.641195 0.474203
22740.000000 3.990690 304.372160 0.585403 0.611107
22760.000000 4.002911 304.495724 0.527903 0.629311
22780.000000 4.012588 304.613463 0.467801 0.470889
22800.000000 4.018346 304.723843 0.405971 0.463775
22820.000000 4.020179 304.840337 0.342928 0.621217
22840.000000 4.018937 304.964475 0.279888 0.624533
22860.000000 4.014625 305.081128 0.215938 0.463588
22880.000000 4.006464 305.191245 0.152302 0.461095
22900.000000 3.994500 305.307989 0.089513 0.621036
22920.000000 3.979992 305.431438 0.028539 0.627854
22940.000000 3.962857 305.549156 -0.031392 0.484226
22960.000000 3.942683 305.660657 -0.089162 0.427503
22980.000000 3.919865 305.773825 -0.144578 0.515442
23000.000000 3.894731 305.892865 -0.196788 0.624426
23020.000000 3.868393 306.013719 -0.245938 0.613224
23040.000000 3.840577 306.131726 -0.292288 0.531752
23060.000000 3.811251 306.246831 -0.335272 0.455597
23080.000000 3.780951 306.360684 -0.374698 0.415121
23100.000000 3.749965 306.474448 -0.410635 0.408721
23120.000000 3.718462 306.588579 -0.443045 0.418817
23140.000000 3.686685 306.703005 -0.471892 0.428528
23160.000000 3.654876 306.817459 -0.497217 0.429209
23180.000000 3.623224 306.931760 -0.519100 0.419401
23200.000000 3.591866 307.045891 -0.537624 0.402709
23220.000000 3.560884 307.159876 -0.552884 0.388023
23240.000000 3.530329 307.273475 -0.565031 0.389770
23260.000000 3.500328 307.385927 -0.574277 0.422445
23280.000000 3.471068 307.496310 -0.580675 0.478238
23300.000000 3.442374 307.604233 -0.584213 0.504699
23320.000000 3.414258 307.710592 -0.585555 0.449370
23340.000000 3.387546 307.818836 -0.584642 0.364183
23360.000000 3.361426 307.928339 -0.580913 0.379200
23380.000000 3.336099 308.032980 -0.575273 0.464966
23400.000000 3.311254 308.134398 -0.567655 0.405858
23420.000000 3.288053 308.239506 -0.558518 0.329628
23440.000000 3.265285 308.341991 -0.547296 0.431446
23460.000000 3.243183 308.439241 -0.534486 0.374635
23480.000000 3.222645 308.541240 -0.520591 0.323970
23500.000000 3.202597 308.637132 -0.505040 0.424942
23520.000000 3.183284 308.732750 -0.488749 0.285635
23540.000000 3.165159 308.828963 -0.470883 0.405074
23560.000000 3.147531 308.919568 -0.452244 0.287199
23580.000000 3.131270 309.014074 -0.432675 0.379272
23600.000000 3.115381 309.101128 -0.412344 0.277211
23620.000000 3.100798 309.192575 -0.391382 0.374850
23640.000000 3.086587 309.277175 -0.369841 0.246870
23660.000000 3.073627 309.364340 -0.347694 0.382082
23680.000000 3.061132 309.448241 -0.325278 0.221490
23700.000000 3.049654 309.529506 -0.302047 0.351403
23720.000000 3.038765 309.613888 -0.278857 0.259613
23740.000000 3.028347 309.689905 -0.255023 0.252860
23760.000000 3.018943 309.771233 -0.231397 0.355860
23780.000000 3.010081 309.848094 -0.207580 0.192626
23800.000000 3.002087 309.921593 -0.183110 0.291687
23820.000000 2.994508 310.000046 -0.158917 0.311286
23840.000000 2.987388 310.071718 -0.134698 0.178799
23860.000000 2.981350 310.142598 -0.110102 0.293727
23880.000000 2.975548 310.217789 -0.085635 0.297861
23900.000000 2.970142 310.286633 -0.061271 0.168106
23920.000000 2.965757 310.354121 -0.036527 0.262345
23940.000000 2.961520 310.426432 -0.012022 0.318974
23960.000000 2.957826 310.494434 0.012320 0.165304
23980.000000 2.954789 310.558657 0.037246 0.205755
24000.000000 2.952073 310.627744 0.061630 0.335866
24020.000000 2.950017 310.696428 0.086105 0.198935
24040.000000 2.948065 310.759210 0.110957 0.162628
24060.000000 2.947022 310.824443 0.135421 0.292926
24080.000000 2.946226 310.893569 0.160128 0.281904
24100.000000 2.945647 310.957962 0.184662 0.157088
24120.000000 2.945988 311.020259 0.209629 0.204137
24140.000000 2.946414 311.088044 0.234281 0.334593
24160.000000 2.947516 311.155736 0.258944 0.197687
24180.000000 2.948824 311.218209 0.284162 0.158473
24200.000000 2.950918 311.283732 0.308941 0.300515
24220.000000 2.953404 311.353902 0.334045 0.279575
24240.000000 2.956032 311.419586 0.359180 0.162711
24260.000000 2.959768 311.484219 0.384521 0.234802
24280.000000 2.963623 311.555635 0.409878 0.333723
24300.000000 2.967980 311.625492 0.435137 0.186692
24320.000000 2.973253 311.691509 0.460994 0.201931
24340.000000 2.978792 311.764444 0.486558 0.351943
24360.000000 2.984969 311.838075 0.512098 0.209930
24380.000000 2.992044 311.906863 0.538253 0.208900
24400.000000 2.999511 311.983068 0.564059 0.360317
24420.000000 3.007568 312.059602 0.589849 0.210064
24440.000000 3.016819 312.132044 0.615973 0.264672
24460.000000 3.026511 312.213541 0.641874 0.343042
24480.000000 3.036759 312.291165 0.668004 0.199322
24500.000000 3.048176 312.370481 0.693690 0.371885
24520.000000 3.060165 312.455701 0.719254 0.257574
24540.000000 3.073426 312.534961 0.744946 0.308043
24560.000000 3.087250 312.624317 0.770053 0.332125
24580.000000 3.102182 312.707006 0.795337 0.273408
24600.000000 3.117900 312.798779 0.819684 0.372209
24620.000000 3.134703 312.885241 0.844089 0.281138
24640.000000 3.152343 312.980118 0.867345 0.378790
24660.000000 3.171183 313.069329 0.890478 0.324840
24680.000000 3.190653 313.168123 0.912411 0.346232
24700.000000 3.211650 313.260447 0.933857 0.408137
24720.000000 3.233339 313.360920 0.954319 0.297043
24740.000000 3.256412 313.460034 0.973069 0.446346
24760.000000 3.280307 313.557919 0.991052 0.376005
24780.000000 3.304940 313.663748 1.007675 0.334273
24800.000000 3.330998 313.766818 1.022108 0.462233
24820.000000 3.357887 313.868843 1.035480 0.444206
24840.000000 3.385752 313.976108 1.046829 0.358363
24860.000000 3.414030 314.086401 1.056109 0.383542
24880.000000 3.443441 314.194602 1.062694 0.472431
24900.000000 3.473931 314.302211 1.067321 0.515208
24920.000000 3.504843 314.411334 1.069545 0.493766
24940.000000 3.536268 314.522486 1.068918 0.451859
24960.000000 3.568230 314.635310 1.065386 0.422453
24980.000000 3.600567 314.749150 1.058846 0.410738
25000.000000 3.633121 314.863488 1.049121 0.409868
25020.000000 3.665747 314.978050 1.036056 0.413871
25040.000000 3.698285 315.092706 1.019530 0.421965
25060.000000 3.730556 315.207452 0.999458 0.439194
25080.000000 3.762392 315.322494 0.975753 0.473575
25100.000000 3.793559 315.438330 0.948278 0.526861
25120.000000 3.823634 315.555725 0.917003 0.584214
25140.000000 3.852365 315.675217 0.882267 0.612143
25160.000000 3.880088 315.795301 0.844129 0.564410
25180.000000 3.906418 315.911949 0.801969 0.463898
25200.000000 3.930333 316.024639 0.756181 0.444258
25220.000000 3.951901 316.138962 0.707061 0.540805
25240.000000 3.970461 316.259577 0.655049 0.644498
25260.000000 3.987001 316.381949 0.600622 0.563505
25280.000000 4.000529 316.495969 0.543015 0.443543
25300.000000 4.010497 316.607399 0.483297 0.507511
25320.000000 4.016584 316.727365 0.422030 0.655025
25340.000000 4.020122 316.850640 0.359853 0.568939
25360.000000 4.020023 316.963893 0.296199 0.442137
25380.000000 4.016096 317.075031 0.232219 0.514783
25400.000000 4.008273 317.195749 0.168824 0.660915
25420.000000 3.998118 317.318320 0.106140 0.561961
25440.000000 3.984468 317.431750 0.044110 0.438962
25460.000000 3.967640 317.542833 -0.016314 0.479603
25480.000000 3.947605 317.660842 -0.074478 0.624431
25500.000000 3.925769 317.783111 -0.129959 0.622302
25520.000000 3.901895 317.901274 -0.183305 0.508537
25540.000000 3.875787 318.014823 -0.233650 0.427391
25560.000000 3.848077 318.127406 -0.280847 0.429653
25580.000000 3.818809 318.241852 -0.324724 0.496264
25600.000000 3.788445 318.358573 -0.364911 0.561949
25620.000000 3.757528 318.476096 -0.401481 0.591002
25640.000000 3.726247 318.593065 -0.434592 0.591162
25660.000000 3.694681 318.708998 -0.464263 0.579980
25680.000000 3.662964 318.823906 -0.490472 0.568555
25700.000000 3.631264 318.937860 -0.513245 0.560537
25720.000000 3.599734 319.050842 -0.532662 0.553545
25740.000000 3.568511 319.162793 -0.548863 0.539715
25760.000000 3.537764 319.273824 -0.562028 0.507706
25780.000000 3.507735 319.384568 -0.572284 0.452014
25800.000000 3.478545 319.496122 -0.579534 0.391803
25820.000000 3.449897 319.608384 -0.583769 0.372622
25840.000000 3.421784 319.718731 -0.585550 0.424804
25860.000000 3.394581 319.825394 -0.584806 0.486702
25880.000000 3.367805 319.929610 -0.581907 0.437533
25900.000000 3.342555 320.036225 -0.577204 0.346277
25920.000000 3.317853 320.143401 -0.569904 0.396988
25940.000000 3.294027 320.244443 -0.560788 0.453353
25960.000000 3.270893 320.345251 -0.550509 0.333833
25980.000000 3.249061 320.449195 -0.538039 0.376210
26000.000000 3.227862 320.545576 -0.524110 0.415934
26020.000000 3.207675 320.644547 -0.509469 0.296421
26040.000000 3.188331 320.741502 -0.492983 0.418879
26060.000000 3.169576 320.834394 -0.475649 0.293570
26080.000000 3.152214 320.930779 -0.457147 0.382644
26100.000000 3.135252 321.019506 -0.437759 0.299220
26120.000000 3.119629 321.113399 -0.417709 0.361294
26140.000000 3.104361 321.198964 -0.396821 0.280534
26160.000000 3.090370 321.289530 -0.375455 0.367360
26180.000000 3.076753 321.372930 -0.353518 0.241596
26200.000000 3.064377 321.458860 -0.331038 0.379402
26220.000000 3.052478 321.542123 -0.308328 0.218341
26240.000000 3.041514 321.621757 -0.284804 0.335621
26260.000000 3.031149 321.705518 -0.261391 0.277682
26280.000000 3.021196 321.780664 -0.237493 0.228562
26300.000000 3.012377 321.860054 -0.213698 0.360270
26320.000000 3.004095 321.937520 -0.189724 0.201536
26340.000000 2.996377 322.009156 -0.165103 0.251538
26360.000000 2.989277 322.086124 -0.140936 0.342054
26380.000000 2.982785 322.158948 -0.116722 0.179406
26400.000000 2.976984 322.227596 -0.091889 0.242589
26420.000000 2.971574 322.301392 -0.067535 0.337274
26440.000000 2.966805 322.371908 -0.043201 0.176087
26460.000000 2.962530 322.437516 -0.018275 0.205916
26480.000000 2.958758 322.507812 0.006070 0.338174
26500.000000 2.955620 322.577763 0.030547 0.202401
26520.000000 2.952598 322.641489 0.055367 0.167972
26540.000000 2.950508 322.707796 0.079794 0.301092
26560.000000 2.948695 322.777518 0.104448 0.273379
26580.000000 2.947070 322.841919 0.128943 0.156238
26600.000000 2.946412 322.904726 0.153793 0.217406
26620.000000 2.945810 322.972862 0.178368 0.331924
26640.000000 2.945864 323.039957 0.202889 0.186226
26660.000000 2.946165 323.101937 0.227981 0.160671
26680.000000 2.947182 323.167257 0.252585 0.304417
26700.000000 2.948602 323.236559 0.277510 0.271364
26720.000000 2.950135 323.301145 0.302431 0.159150
26740.000000 2.952737 323.364651 0.327591 0.225538
26760.000000 2.955407 323.434478 0.352701 0.333886
26780.000000 2.958647 323.503197 0.377708 0.187682
26800.000000 2.962552 323.567524 0.403400 0.178441
26820.000000 2.966841 323.637471 0.428653 0.343273
26840.000000 2.971827 323.710031 0.454026 0.231176
26860.000000 2.977226 323.777095 0.480025 0.172332
26880.000000 2.983351 323.848527 0.505546 0.342171
26900.000000 2.990137 323.924499 0.531213 0.253737
26920.000000 2.997451 323.994649 0.557469 0.184847
26940.000000 3.005503 324.069905 0.583223 0.361550
26960.000000 3.014214 324.148852 0.608994 0.239686
26980.000000 3.023925 324.222034 0.635267 0.235706
27000.000000 3.034166 324.303775 0.661114 0.364323
27020.000000 3.044986 324.383554 0.687087 0.206709
27040.000000 3.057079 324.463097 0.712722 0.365985
27060.000000 3.069716 324.549825 0.738153 0.270453
27080.000000 3.083624 324.630156 0.763694 0.309804
27100.000000 3.098108 324.720677 0.788565 0.334074
27120.000000 3.113761 324.804406 0.813548 0.288937
27140.000000 3.130145 324.897701 0.837544 0.362760
27160.000000 3.147730 324.984800 0.861514 0.309294
27180.000000 3.165994 325.081499 0.884339 0.354830
27200.000000 3.185642 325.171535 0.906893 0.370082
27220.000000 3.205866 325.271272 0.928430 0.309903
27240.000000 3.227754 325.366152 0.948953 0.443253
27260.000000 3.250396 325.464883 0.968539 0.310027
27280.000000 3.273729 325.568030 0.986337 0.397794
27300.000000 3.298595 325.666491 1.003370 0.449509
27320.000000 3.324314 325.770253 1.018765 0.339241
27340.000000 3.350476 325.877873 1.032235 0.384894
27360.000000 3.378336 325.981937 1.043778 0.486947
27380.000000 3.406752 326.086723 1.053733 0.453511
27400.000000 3.436079 326.195648 1.061346 0.380668
27420.000000 3.465969 326.307568 1.066798 0.378133
27440.000000 3.496370 326.419175 1.069415 0.431445
27460.000000 3.527637 326.529968 1.069217 0.491066
27480.000000 3.559584 326.641031 1.066327 0.528440
27500.000000 3.591916 326.753043 1.060559 0.544957
27520.000000 3.624457 326.866140 1.051672 0.552117
27540.000000 3.657071 326.980253 1.039484 0.558835
27560.000000 3.689598 327.095322 1.023867 0.568317
27580.000000 3.721851 327.211377 1.004750 0.578139
27600.000000 3.753674 327.328459 0.982121 0.580063
27620.000000 3.785012 327.446280 0.955947 0.559956
27640.000000 3.815773 327.563704 0.925998 0.507169
27660.000000 3.845449 327.679111 0.892029 0.445776
27680.000000 3.873468 327.792606 0.854316 0.438131
27700.000000 3.899841 327.906982 0.813014 0.511222
27720.000000 3.923972 328.025366 0.768100 0.612290
27740.000000 3.945990 328.147559 0.720422 0.617251
27760.000000 3.966266 328.266070 0.669254 0.485134
27780.000000 3.983320 328.377839 0.614912 0.448118
27800.000000 3.997202 328.492106 0.557904 0.566902
27820.000000 4.007607 328.614717 0.499200 0.654997
27840.000000 4.015693 328.735348 0.438491 0.509577
27860.000000 4.019857 328.846377 0.376006 0.445078
27880.000000 4.020181 328.960113 0.312503 0.576280
27900.000000 4.016941 329.083469 0.249234 0.655077
27920.000000 4.011090 329.203093 0.185526 0.498673
27940.000000 4.001367 329.313789 0.122209 0.438683
27960.000000 3.988068 329.427535 0.059834 0.566884
27980.000000 3.971773 329.549832 -0.000417 0.653438
28000.000000 3.953425 329.670380 -0.059186 0.537693
28020.000000 3.932100 329.783833 -0.115874 0.433672
28040.000000 3.908430 329.895577 -0.169949 0.450894
28060.000000 3.882393 330.011307 -0.221043 0.562718
28080.000000 3.854887 330.131041 -0.268622 0.625100
28100.000000 3.826443 330.250595 -0.313100 0.596696
28120.000000 3.796813 330.367785 -0.354437 0.531984
28140.000000 3.766155 330.483114 -0.392255 0.472715
28160.000000 3.734879 330.597596 -0.426454 0.433690
28180.000000 3.703267 330.711842 -0.457094 0.413547
28200.000000 3.671505 330.826084 -0.484222 0.404654
28220.000000 3.639763 330.940326 -0.507885 0.401251
28240.000000 3.608194 331.054445 -0.528159 0.402924
28260.000000 3.576939 331.168196 -0.545155 0.414417
28280.000000 3.546138 331.281155 -0.558997 0.441989
28300.000000 3.515909 331.392762 -0.569759 0.483329
28320.000000 3.486211 331.502536 -0.577499 0.514387
28340.000000 3.456980 331.610496 -0.582594 0.495449
28360.000000 3.428740 331.718325 -0.585447 0.417946
28380.000000 3.401665 331.828489 -0.585484 0.359685
28400.000000 3.374958 331.937844 -0.582996 0.405032
28420.000000 3.349203 332.042391 -0.578361 0.474432
28440.000000 3.323902 332.144712 -0.571925 0.395974
28460.000000 3.300273 332.250916 -0.563596 0.336653
28480.000000 3.277036 332.353735 -0.553276 0.437712
28500.000000 3.254449 332.451746 -0.541282 0.379346
28520.000000 3.233452 332.554356 -0.528127 0.324347
28540.000000 3.212937 332.651363 -0.513260 0.430102
28560.000000 3.193099 332.747100 -0.497525 0.294444
28580.000000 3.174558 332.844851 -0.480225 0.396165
28600.000000 3.156488 332.935587 -0.461983 0.310929
28620.000000 3.139810 333.031505 -0.442947 0.356772
28640.000000 3.123504 333.118738 -0.422901 0.310705
28660.000000 3.108474 333.211749 -0.402392 0.344861
28680.000000 3.093814 333.295998 -0.381005 0.281312
28700.000000 3.080399 333.385563 -0.359262 0.362490
28720.000000 3.067368 333.467918 -0.336979 0.234671
28740.000000 3.055567 333.552464 -0.314186 0.376242
28760.000000 3.044256 333.635272 -0.291208 0.217968
28780.000000 3.033765 333.713235 -0.267421 0.315094
28800.000000 3.023905 333.796205 -0.243833 0.300737
28820.000000 3.014458 333.870910 -0.219924 0.207565
28840.000000 3.006215 333.948081 -0.195908 0.350749
28860.000000 2.998430 334.026047 -0.171757 0.226682
28880.000000 2.990971 334.096500 -0.147163 0.214552
28900.000000 2.984455 334.171293 -0.122970 0.348551
28920.000000 2.978509 334.245347 -0.098609 0.204179
28940.000000 2.972839 334.312729 -0.073797 0.198902
28960.000000 2.968010 334.384157 -0.049484 0.337951
28980.000000 2.963718 334.456149 -0.024977 0.218711
29000.000000 2.959545 334.521370 -0.000235 0.171989
29020.000000 2.956396 334.588868 0.024209 0.303742
29040.000000 2.953509 334.659661 0.048835 0.272659
29060.000000 2.950829 334.724698 0.073305 0.157697
29080.000000 2.949145 334.788417 0.098093 0.230217
29100.000000 2.947520 334.857286 0.122627 0.328893
29120.000000 2.946525 334.924212 0.147054 0.177076
29140.000000 2.945847 334.986188 0.172066 0.166376
29160.000000 2.945800 335.051889 0.196541 0.312616
29180.000000 2.946205 335.120727 0.221316 0.257720
29200.000000 2.946680 335.184423 0.246106 0.156188
29220.000000 2.948213 335.247458 0.271068 0.229198
29240.000000 2.949788 335.316407 0.295987 0.329781
29260.000000 2.951932 335.383944 0.320783 0.182784
29280.000000 2.954628 335.447037 0.346261 0.170413
29300.000000 2.957769 335.515050 0.371256 0.332435
29320.000000 2.961561 335.586211 0.396470 0.242280
29340.000000 2.965538 335.652012 0.422136 0.162918
29360.000000 2.970484 335.720048 0.447471 0.304680
29380.000000 2.975889 335.794174 0.473073 0.289227
29400.000000 2.981533 335.863542 0.498922 0.172128
29420.000000 2.988327 335.933576 0.524596 0.302266
29440.000000 2.995580 336.010921 0.550426 0.301561
29460.000000 3.003212 336.083272 0.576582 0.181705
29480.000000 3.011932 336.157615 0.602367 0.343839
29500.000000 3.021257 336.238452 0.628179 0.272659
29520.000000 3.031400 336.312945 0.654497 0.217651
29540.000000 3.042241 336.394781 0.680259 0.377247
29560.000000 3.053678 336.476570 0.706079 0.216262
29580.000000 3.066439 336.556629 0.731639 0.361875
29600.000000 3.079725 336.644702 0.756911 0.279437
29620.000000 3.094298 336.726172 0.782244 0.317291
29640.000000 3.109443 336.817894 0.806847 0.331014
29660.000000 3.125836 336.902631 0.831475 0.310533
29680.000000 3.142872 336.997429 0.855104 0.346804
29700.000000 3.161240 337.085382 0.878579 0.345661
29720.000000 3.180171 337.183425 0.901019 0.323868
29740.000000 3.200669 337.275172 0.922894 0.414348
29760.000000 3.221842 337.374439 0.943893 0.290596
29780.000000 3.244360 337.472976 0.963250 0.442150
29800.000000 3.267730 337.570088 0.981914 0.366768
29820.000000 3.291780 337.675338 0.999234 0.336023
29840.000000 3.317438 337.777082 1.014606 0.466944
29860.000000 3.343766 337.878618 1.028830 0.418455
29880.000000 3.371099 337.986354 1.041295 0.346147
29900.000000 3.398883 338.095292 1.051378 0.409199
29920.000000 3.428178 338.201647 1.059286 0.496193
29940.000000 3.458126 338.308585 1.065369 0.493414
29960.000000 3.488617 338.418024 1.068811 0.437443
29980.000000 3.519848 338.530038 1.069624 0.397792
30000.000000 3.551560 338.643539 1.067731 0.392037
30020.000000 3.583615 338.757540 1.062855 0.406035
30040.000000 3.615975 338.871750 1.054819 0.424116
30060.000000 3.648550 338.986229 1.043510 0.436614
30080.000000 3.681197 339.100998 1.028808 0.439432
30100.000000 3.713725 339.215890 1.010579 0.432894
30120.000000 3.745884 339.330608 0.988706 0.423377
30140.000000 3.777405 339.445017 0.963165 0.425997
30160.000000 3.808121 339.559545 0.933969 0.459842
30180.000000 3.837837 339.675227 0.900971 0.528034
30200.000000 3.865995 339.793349 0.864199 0.600172
30220.000000 3.892530 339.914118 0.824215 0.615037
30240.000000 3.917892 340.033734 0.780693 0.522536
30260.000000 3.940971 340.147777 0.733260 0.438722
30280.000000 3.961376 340.260219 0.682698 0.492186
30300.000000 3.978740 340.378335 0.629082 0.623095
30320.000000 3.993494 340.501705 0.573474 0.614521
30340.000000 4.005700 340.618570 0.514909 0.462323
30360.000000 4.014114 340.729123 0.454334 0.471099
30380.000000 4.018657 340.846265 0.392200 0.628153
30400.000000 4.020214 340.970375 0.329677 0.615968
30420.000000 4.018615 341.086390 0.265842 0.457651
30440.000000 4.013114 341.196518 0.201935 0.472118
30460.000000 4.003687 341.314250 0.138552 0.636018
30480.000000 3.991733 341.437869 0.076544 0.612197
30500.000000 3.976809 341.554237 0.015220 0.464940
30520.000000 3.958711 341.665063 -0.044230 0.439164
30540.000000 3.937604 341.779753 -0.101539 0.563752
30560.000000 3.914285 341.900782 -0.155774 0.642025
30580.000000 3.889530 342.021262 -0.207488 0.574417
30600.000000 3.862740 342.137307 -0.256429 0.473412
30620.000000 3.834356 342.250693 -0.301987 0.418032
30640.000000 3.804796 342.363879 -0.344219 0.424457
30660.000000 3.774166 342.478228 -0.382969 0.467999
30680.000000 3.742827 342.593712 -0.418053 0.511337
30700.000000 3.711153 342.709514 -0.449512 0.536186
30720.000000 3.679361 342.824902 -0.477462 0.542978
30740.000000 3.647595 342.939513 -0.501990 0.536715
30760.000000 3.615993 343.053259 -0.523177 0.519481
30780.000000 3.584716 343.166261 -0.541114 0.489979
30800.000000 3.553928 343.278881 -0.555876 0.447926
30820.000000 3.523727 343.391665 -0.567479 0.402542
30840.000000 3.494037 343.504744 -0.575981 0.377525
30860.000000 3.464821 343.616927 -0.581710 0.400346
30880.000000 3.436414 343.726457 -0.584877 0.465979
30900.000000 3.408645 343.832946 -0.585311 0.492844
30920.000000 3.381533 343.938188 -0.583856 0.416420
30940.000000 3.355931 344.046461 -0.580046 0.347986
30960.000000 3.330692 344.153563 -0.573856 0.415506
30980.000000 3.306358 344.255037 -0.565657 0.453263
31000.000000 3.282843 344.356859 -0.556324 0.335337
31020.000000 3.260506 344.461414 -0.544655 0.380131
31040.000000 3.238847 344.558619 -0.531483 0.422831
31060.000000 3.218153 344.657940 -0.517543 0.299853
31080.000000 3.198353 344.756256 -0.501679 0.416559
31100.000000 3.179127 344.849338 -0.484822 0.311575
31120.000000 3.161356 344.947042 -0.466897 0.364854
31140.000000 3.143984 345.036208 -0.447889 0.330028
31160.000000 3.127908 345.131169 -0.428352 0.331660
31180.000000 3.112245 345.217189 -0.407712 0.319378
31200.000000 3.097784 345.309171 -0.386759 0.331362
31220.000000 3.083720 345.392213 -0.364926 0.279039
31240.000000 3.070872 345.480688 -0.342831 0.360468
31260.000000 3.058424 345.562160 -0.320252 0.226578
31280.000000 3.047188 345.645171 -0.297160 0.371253
31300.000000 3.036450 345.727670 -0.273931 0.222038
31320.000000 3.026388 345.804014 -0.249932 0.290093
31340.000000 3.017033 345.885910 -0.226217 0.325462
31360.000000 3.008152 345.960670 -0.202307 0.192812
31380.000000 3.000416 346.035470 -0.178018 0.325954
31400.000000 2.993034 346.113490 -0.153740 0.266643
31420.000000 2.985946 346.183685 -0.129313 0.187874
31440.000000 2.980020 346.255874 -0.104933 0.325435
31460.000000 2.974435 346.330558 -0.080429 0.254369
31480.000000 2.969053 346.398000 -0.055872 0.173343
31500.000000 2.964803 346.466633 -0.031345 0.297969
31520.000000 2.960754 346.538984 -0.006753 0.284146
31540.000000 2.957004 346.605400 0.017671 0.160817
31560.000000 2.954237 346.670283 0.042461 0.238240
31580.000000 2.951564 346.740199 0.066963 0.327892
31600.000000 2.949512 346.807529 0.091344 0.172672
31620.000000 2.947839 346.870012 0.116310 0.174742
31640.000000 2.946735 346.936525 0.140707 0.320817
31660.000000 2.946138 347.005297 0.165369 0.242818
31680.000000 2.945580 347.068483 0.190093 0.155191
31700.000000 2.946080 347.131648 0.214877 0.241092
31720.000000 2.946617 347.200307 0.239663 0.322876
31740.000000 2.947683 347.266803 0.264284 0.174391
31760.000000 2.949296 347.329066 0.289569 0.170311
31780.000000 2.951329 347.396077 0.314351 0.328026
31800.000000 2.953984 347.465949 0.339379 0.241578
31820.000000 2.956737 347.530541 0.364746 0.159184
31840.000000 2.960528 347.596439 0.389912 0.278545
31860.000000 2.964601 347.668581 0.415333 0.306450
31880.000000 2.968943 347.737077 0.440757 0.172762
31900.000000 2.974436 347.803844 0.466435 0.243309
31920.000000 2.980144 347.878159 0.492117 0.336821
31940.000000 2.986299 347.950401 0.517772 0.188643
31960.000000 2.993634 348.019810 0.543743 0.252448
31980.000000 3.001294 348.097549 0.569634 0.340601
