0.000000 3.979940 196.004800 0.625927 0.491809
20.000000 3.993375 196.111028 0.575322 0.494116
40.000000 4.004265 196.217339 0.522714 0.495930
60.000000 4.012470 196.323699 0.468395 0.497244
80.000000 4.017884 196.430075 0.412691 0.498053
100.000000 4.020435 196.536439 0.355952 0.498357
120.000000 4.020091 196.642765 0.298549 0.498157
140.000000 4.016857 196.749029 0.240866 0.497457
160.000000 4.010778 196.855205 0.183291 0.496265
180.000000 4.001936 196.961271 0.126211 0.494588
200.000000 3.990448 197.067203 0.070000 0.492439
220.000000 3.976462 197.172972 0.015013 0.489828
240.000000 3.960154 197.278552 -0.038421 0.486771
260.000000 3.941721 197.383909 -0.090003 0.483283
280.000000 3.921377 197.489008 -0.139470 0.479382
300.000000 3.899347 197.593810 -0.186598 0.475085
320.000000 3.875862 197.698272 -0.231201 0.470413
340.000000 3.851153 197.802346 -0.273132 0.465385
360.000000 3.825446 197.905982 -0.312280 0.460024
380.000000 3.798957 198.009124 -0.348570 0.454351
400.000000 3.771892 198.111714 -0.381962 0.448386
420.000000 3.744440 198.213693 -0.412442 0.442151
440.000000 3.716776 198.314996 -0.440024 0.435666
460.000000 3.689056 198.415559 -0.464745 0.428951
480.000000 3.661420 198.515316 -0.486661 0.422026
500.000000 3.633988 198.614199 -0.505846 0.414908
520.000000 3.606868 198.712140 -0.522387 0.407614
540.000000 3.580151 198.809071 -0.536379 0.400161
560.000000 3.553913 198.904925 -0.547931 0.392565
580.000000 3.528219 198.999636 -0.557155 0.384841
600.000000 3.503124 199.093137 -0.564167 0.377002
620.000000 3.478670 199.185364 -0.569088 0.369063
640.000000 3.454894 199.276257 -0.572039 0.361037
660.000000 3.431824 199.365754 -0.573143 0.352936
680.000000 3.409480 199.453798 -0.572521 0.344773
700.000000 3.387880 199.540335 -0.570294 0.336560
720.000000 3.367034 199.625312 -0.566580 0.328309
740.000000 3.346949 199.708681 -0.561495 0.320030
760.000000 3.327629 199.790395 -0.555151 0.311736
780.000000 3.309072 199.870414 -0.547658 0.303438
800.000000 3.291278 199.948697 -0.539121 0.295146
820.000000 3.274239 200.025212 -0.529642 0.286870
840.000000 3.257948 200.099926 -0.519317 0.278622
860.000000 3.242396 200.172813 -0.508242 0.270411
880.000000 3.227570 200.243849 -0.496502 0.262248
900.000000 3.213458 200.313016 -0.484184 0.254141
920.000000 3.200044 200.380297 -0.471366 0.246099
940.000000 3.187312 200.445682 -0.458123 0.238132
960.000000 3.175245 200.509163 -0.444525 0.230248
980.000000 3.163825 200.570736 -0.430637 0.222454
1000.000000 3.153031 200.630401 -0.416522 0.214758
1020.000000 3.142846 200.688161 -0.402236 0.207166
1040.000000 3.133246 200.744022 -0.387830 0.199686
1060.000000 3.124213 200.797996 -0.373355 0.192322
1080.000000 3.115724 200.850094 -0.358852 0.185081
1100.000000 3.107758 200.900332 -0.344364 0.177966
1120.000000 3.100294 200.948729 -0.329926 0.170982
1140.000000 3.093308 200.995306 -0.315572 0.164133
1160.000000 3.086781 201.040086 -0.301330 0.157422
1180.000000 3.080691 201.083094 -0.287228 0.150851
1200.000000 3.075016 201.124358 -0.273289 0.144423
1220.000000 3.069736 201.163906 -0.259534 0.138138
1240.000000 3.064831 201.201768 -0.245979 0.132000
1260.000000 3.060281 201.237976 -0.232642 0.126008
1280.000000 3.056066 201.272562 -0.219534 0.120162
1300.000000 3.052169 201.305562 -0.206668 0.114464
1320.000000 3.048570 201.337007 -0.194051 0.108912
1340.000000 3.045253 201.366935 -0.181692 0.103507
1360.000000 3.042201 201.395380 -0.169597 0.098246
1380.000000 3.039398 201.422379 -0.157768 0.093130
1400.000000 3.036827 201.447967 -0.146210 0.088156
1420.000000 3.034476 201.472181 -0.134924 0.083324
1440.000000 3.032328 201.495057 -0.123911 0.078631
1460.000000 3.030371 201.516631 -0.113169 0.074076
1480.000000 3.028593 201.536939 -0.102699 0.069656
1500.000000 3.026980 201.556018 -0.092497 0.065370
1520.000000 3.025523 201.573903 -0.082562 0.061214
1540.000000 3.024208 201.590628 -0.072889 0.057188
1560.000000 3.023027 201.606229 -0.063476 0.053288
1580.000000 3.021970 201.620739 -0.054317 0.049512
1600.000000 3.021027 201.634193 -0.045408 0.045857
1620.000000 3.020190 201.646624 -0.036745 0.042321
1640.000000 3.019451 201.658065 -0.028321 0.038901
1660.000000 3.018802 201.668547 -0.020132 0.035595
1680.000000 3.018235 201.678102 -0.012171 0.032400
1700.000000 3.017745 201.686761 -0.004433 0.029313
1720.000000 3.017325 201.694554 0.003087 0.026333
1740.000000 3.016969 201.701510 0.010397 0.023456
1760.000000 3.016671 201.707660 0.017502 0.020681
1780.000000 3.016426 201.713030 0.024408 0.018004
1800.000000 3.016231 201.717649 0.031122 0.015423
1820.000000 3.016079 201.721543 0.037648 0.012936
1840.000000 3.015967 201.724740 0.043995 0.010541
1860.000000 3.015890 201.727265 0.050166 0.008236
1880.000000 3.015846 201.729143 0.056169 0.006017
1900.000000 3.015831 201.730398 0.062009 0.003884
1920.000000 3.015842 201.731056 0.067693 0.001833
1940.000000 3.015876 201.731138 0.073225 -0.000136
1960.000000 3.015929 201.730669 0.078612 -0.002026
1980.000000 3.016001 201.729670 0.083859 -0.003839
2000.000000 3.016087 201.728164 0.088972 -0.005577
2020.000000 3.016186 201.726171 0.093956 -0.007241
2040.000000 3.016297 201.723713 0.098816 -0.008834
2060.000000 3.016417 201.720810 0.103558 -0.010356
2080.000000 3.016544 201.717482 0.108187 -0.011809
2100.000000 3.016677 201.713748 0.112707 -0.013195
2120.000000 3.016814 201.709628 0.117124 -0.014515
2140.000000 3.016955 201.705139 0.121443 -0.015771
2160.000000 3.017097 201.700301 0.125669 -0.016964
2180.000000 3.017240 201.695131 0.129805 -0.018095
2200.000000 3.017383 201.689647 0.133857 -0.019166
2220.000000 3.017524 201.683865 0.137830 -0.020176
2240.000000 3.017663 201.677803 0.141727 -0.021129
2260.000000 3.017799 201.671478 0.145553 -0.022024
2280.000000 3.017931 201.664905 0.149313 -0.022863
2300.000000 3.018058 201.658100 0.153010 -0.023646
2320.000000 3.018181 201.651080 0.156649 -0.024374
2340.000000 3.018297 201.643860 0.160234 -0.025049
2360.000000 3.018408 201.636455 0.163769 -0.025670
2380.000000 3.018512 201.628881 0.167257 -0.026238
2400.000000 3.018608 201.621151 0.170704 -0.026755
2420.000000 3.018698 201.613282 0.174113 -0.027220
2440.000000 3.018779 201.605287 0.177487 -0.027634
2460.000000 3.018853 201.597182 0.180831 -0.027998
2480.000000 3.018918 201.588980 0.184148 -0.028312
2500.000000 3.018975 201.580695 0.187442 -0.028576
2520.000000 3.019024 201.572343 0.190718 -0.028790
2540.000000 3.019063 201.563936 0.193978 -0.028955
2560.000000 3.019094 201.555489 0.197226 -0.029071
2580.000000 3.019115 201.547016 0.200466 -0.029137
2600.000000 3.019128 201.538531 0.203703 -0.029155
2620.000000 3.019132 201.530049 0.206939 -0.029124
2640.000000 3.019126 201.521581 0.210178 -0.029044
2660.000000 3.019112 201.513144 0.213425 -0.028914
2680.000000 3.019089 201.504751 0.216682 -0.028736
2700.000000 3.019057 201.496416 0.219954 -0.028507
2720.000000 3.019017 201.488153 0.223244 -0.028229
2740.000000 3.018968 201.479976 0.226556 -0.027901
2760.000000 3.018912 201.471900 0.229895 -0.027522
2780.000000 3.018847 201.463940 0.233263 -0.027092
2800.000000 3.018775 201.456109 0.236666 -0.026610
2820.000000 3.018696 201.448423 0.240106 -0.026077
2840.000000 3.018610 201.440897 0.243589 -0.025490
2860.000000 3.018518 201.433545 0.247117 -0.024851
2880.000000 3.018420 201.426384 0.250696 -0.024157
2900.000000 3.018316 201.419428 0.254330 -0.023408
2920.000000 3.018208 201.412694 0.258022 -0.022604
2940.000000 3.018096 201.406198 0.261777 -0.021742
2960.000000 3.017980 201.399955 0.265600 -0.020823
2980.000000 3.017862 201.393983 0.269496 -0.019845
3000.000000 3.017743 201.388299 0.273468 -0.018807
3020.000000 3.017623 201.382920 0.277522 -0.017708
3040.000000 3.017503 201.377863 0.281663 -0.016547
3060.000000 3.017385 201.373146 0.285895 -0.015322
3080.000000 3.017269 201.368789 0.290223 -0.014032
3100.000000 3.017158 201.364810 0.294654 -0.012675
3120.000000 3.017052 201.361228 0.299192 -0.011250
3140.000000 3.016954 201.358062 0.303842 -0.009756
3160.000000 3.016864 201.355334 0.308610 -0.008190
3180.000000 3.016786 201.353064 0.313503 -0.006550
3200.000000 3.016720 201.351272 0.318525 -0.004836
3220.000000 3.016669 201.349981 0.323683 -0.003045
3240.000000 3.016635 201.349213 0.328982 -0.001175
3260.000000 3.016622 201.348992 0.334430 0.000776
3280.000000 3.016631 201.349339 0.340033 0.002811
3300.000000 3.016666 201.350280 0.345797 0.004931
3320.000000 3.016730 201.351839 0.351728 0.007138
3340.000000 3.016826 201.354041 0.357835 0.009436
3360.000000 3.016959 201.356913 0.364123 0.011826
3380.000000 3.017132 201.360481 0.370600 0.014311
3400.000000 3.017350 201.364773 0.377273 0.016894
3420.000000 3.017617 201.369817 0.384150 0.019578
3440.000000 3.017939 201.375641 0.391238 0.022365
3460.000000 3.018321 201.382276 0.398545 0.025258
3480.000000 3.018768 201.389752 0.406078 0.028259
3500.000000 3.019288 201.398099 0.413845 0.031373
3520.000000 3.019887 201.407350 0.421854 0.034602
3540.000000 3.020572 201.417537 0.430113 0.037949
3560.000000 3.021351 201.428694 0.438630 0.041417
3580.000000 3.022232 201.440855 0.447412 0.045009
3600.000000 3.023224 201.454055 0.456467 0.048729
3620.000000 3.024338 201.468329 0.465802 0.052579
3640.000000 3.025582 201.483715 0.475426 0.056564
3660.000000 3.026968 201.500248 0.485345 0.060686
3680.000000 3.028507 201.517967 0.495567 0.064948
3700.000000 3.030212 201.536910 0.506097 0.069354
3720.000000 3.032096 201.557116 0.516942 0.073906
3740.000000 3.034173 201.578625 0.528108 0.078608
3760.000000 3.036457 201.601475 0.539600 0.083463
3780.000000 3.038965 201.625709 0.551421 0.088473
3800.000000 3.041712 201.651365 0.563576 0.093642
3820.000000 3.044717 201.678484 0.576067 0.098971
3840.000000 3.047997 201.707108 0.588895 0.104463
3860.000000 3.051572 201.737277 0.602060 0.110120
3880.000000 3.055462 201.769031 0.615562 0.115944
3900.000000 3.059688 201.802410 0.629397 0.121937
3920.000000 3.064273 201.837455 0.643560 0.128099
3940.000000 3.069240 201.874203 0.658046 0.134431
3960.000000 3.074612 201.912693 0.672844 0.140933
3980.000000 3.080414 201.952961 0.687945 0.147606
4000.000000 3.086673 201.995044 0.703333 0.154449
4020.000000 3.093413 202.038974 0.718992 0.161459
4040.000000 3.100662 202.084784 0.734901 0.168637
4060.000000 3.108446 202.132503 0.751037 0.175978
4080.000000 3.116795 202.182159 0.767374 0.183479
4100.000000 3.125735 202.233777 0.783878 0.191138
4120.000000 3.135293 202.287379 0.800515 0.198948
4140.000000 3.145499 202.342982 0.817245 0.206904
4160.000000 3.156378 202.400603 0.834021 0.215000
4180.000000 3.167957 202.460253 0.850795 0.223228
4200.000000 3.180262 202.521939 0.867511 0.231580
4220.000000 3.193316 202.585663 0.884107 0.240048
4240.000000 3.207144 202.651424 0.900517 0.248620
4260.000000 3.221764 202.719217 0.916669 0.257287
4280.000000 3.237196 202.789030 0.932484 0.266037
4300.000000 3.253456 202.860846 0.947878 0.274856
4320.000000 3.270556 202.934645 0.962759 0.283733
4340.000000 3.288506 203.010400 0.977032 0.292652
4360.000000 3.307312 203.088080 0.990594 0.301599
4380.000000 3.326974 203.167649 1.003336 0.310559
4400.000000 3.347491 203.249065 1.015145 0.319516
4420.000000 3.368852 203.332281 1.025902 0.328454
4440.000000 3.391046 203.417246 1.035484 0.337355
4460.000000 3.414051 203.503906 1.043760 0.346203
4480.000000 3.437841 203.592200 1.050600 0.354980
4500.000000 3.462383 203.682066 1.055869 0.363669
4520.000000 3.487636 203.773437 1.059428 0.372251
4540.000000 3.513551 203.866242 1.061139 0.380710
4560.000000 3.540071 203.960410 1.060861 0.389026
4580.000000 3.567128 204.055866 1.058456 0.397182
4600.000000 3.594646 204.152534 1.053788 0.405160
4620.000000 3.622536 204.250336 1.046723 0.412940
4640.000000 3.650699 204.349195 1.037133 0.420506
4660.000000 3.679023 204.449032 1.024899 0.427838
4680.000000 3.707383 204.549769 1.009911 0.434918
4700.000000 3.735641 204.651330 0.992070 0.441726
4720.000000 3.763643 204.753638 0.971292 0.448243
4740.000000 3.791222 204.856619 0.947511 0.454450
4760.000000 3.818198 204.960201 0.920681 0.460326
4780.000000 3.844376 205.064316 0.890779 0.465852
4800.000000 3.869550 205.168896 0.857807 0.471007
4820.000000 3.893505 205.273879 0.821798 0.475772
4840.000000 3.916022 205.379204 0.782814 0.480127
4860.000000 3.936875 205.484816 0.740951 0.484052
4880.000000 3.955847 205.590663 0.696341 0.487530
4900.000000 3.972725 205.696696 0.649153 0.490545
4920.000000 3.987310 205.802871 0.599591 0.493083
4940.000000 3.999427 205.909147 0.547898 0.495132
4960.000000 4.008920 206.015488 0.494353 0.496684
4980.000000 4.015669 206.121860 0.439264 0.497732
5000.000000 4.019585 206.228233 0.382970 0.498276
5020.000000 4.020616 206.334581 0.325835 0.498314
5040.000000 4.018749 206.440877 0.268236 0.497851
5060.000000 4.014012 206.547098 0.210561 0.496891
5080.000000 4.006468 206.653219 0.153199 0.495443
5100.000000 3.996218 206.759217 0.096530 0.493517
5120.000000 3.983397 206.865067 0.040920 0.491123
5140.000000 3.968167 206.970740 -0.013290 0.488276
5160.000000 3.950716 207.076207 -0.065785 0.484990
5180.000000 3.931250 207.181434 -0.116286 0.481283
5200.000000 3.909992 207.286382 -0.164549 0.477171
5220.000000 3.887168 207.391011 -0.210371 0.472674
5240.000000 3.863011 207.495275 -0.253585 0.467813
5260.000000 3.837749 207.599125 -0.294064 0.462607
5280.000000 3.811605 207.702508 -0.331717 0.457079
5300.000000 3.784788 207.805367 -0.366487 0.451250
5320.000000 3.757497 207.907644 -0.398347 0.445141
5340.000000 3.729914 208.009276 -0.427301 0.438772
5360.000000 3.702202 208.110198 -0.453373 0.432164
5380.000000 3.674509 208.210346 -0.476611 0.425336
5400.000000 3.646967 208.309651 -0.497082 0.418307
5420.000000 3.619687 208.408048 -0.514865 0.411094
5440.000000 3.592768 208.505466 -0.530053 0.403715
5460.000000 3.566294 208.601840 -0.542749 0.396185
5480.000000 3.540335 208.697101 -0.553063 0.388519
5500.000000 3.514949 208.791184 -0.561109 0.380733
5520.000000 3.490186 208.884023 -0.567007 0.372840
5540.000000 3.466085 208.975557 -0.570877 0.364854
5560.000000 3.442677 209.065723 -0.572842 0.356787
5580.000000 3.419986 209.154463 -0.573023 0.348652
5600.000000 3.398032 209.241722 -0.571543 0.340461
5620.000000 3.376827 209.327445 -0.568520 0.332226
5640.000000 3.356380 209.411582 -0.564071 0.323959
5660.000000 3.336697 209.494087 -0.558310 0.315672
5680.000000 3.317779 209.574915 -0.551348 0.307374
5700.000000 3.299623 209.654026 -0.543294 0.299077
5720.000000 3.282227 209.731384 -0.534249 0.290793
5740.000000 3.265583 209.806955 -0.524314 0.282530
5760.000000 3.249681 209.880712 -0.513583 0.274301
5780.000000 3.234513 209.952629 -0.502148 0.266113
5800.000000 3.220064 210.022684 -0.490094 0.257978
5820.000000 3.206320 210.090862 -0.477503 0.249905
5840.000000 3.193267 210.157147 -0.464452 0.241901
5860.000000 3.180887 210.221532 -0.451014 0.233977
5880.000000 3.169162 210.284010 -0.437256 0.226139
5900.000000 3.158074 210.344580 -0.423242 0.218396
5920.000000 3.147602 210.403242 -0.409030 0.210754
5940.000000 3.137728 210.460003 -0.394675 0.203220
5960.000000 3.128429 210.514871 -0.380227 0.195800
5980.000000 3.119684 210.567857 -0.365732 0.188500
6000.000000 3.111473 210.618975 -0.351232 0.181325
6020.000000 3.103773 210.668243 -0.336766 0.174278
6040.000000 3.096563 210.715681 -0.322368 0.167365
6060.000000 3.089821 210.761310 -0.308069 0.160588
6080.000000 3.083526 210.805155 -0.293898 0.153950
6100.000000 3.077657 210.847243 -0.279879 0.147454
6120.000000 3.072192 210.887601 -0.266034 0.141101
6140.000000 3.067112 210.926258 -0.252382 0.134893
6160.000000 3.062396 210.963247 -0.238940 0.128832
6180.000000 3.058025 210.998599 -0.225722 0.122917
6200.000000 3.053979 211.032346 -0.212740 0.117149
6220.000000 3.050241 211.064525 -0.200004 0.111527
6240.000000 3.046793 211.095168 -0.187522 0.106052
6260.000000 3.043617 211.124312 -0.175301 0.100723
6280.000000 3.040697 211.151992 -0.163345 0.095539
6300.000000 3.038018 211.178245 -0.151659 0.090497
6320.000000 3.035565 211.203106 -0.140243 0.085598
6340.000000 3.033322 211.226612 -0.129101 0.080840
6360.000000 3.031276 211.248799 -0.118230 0.076219
6380.000000 3.029415 211.269703 -0.107632 0.071736
6400.000000 3.027725 211.289361 -0.097303 0.067386
6420.000000 3.026195 211.307807 -0.087241 0.063169
6440.000000 3.024814 211.325078 -0.077445 0.059082
6460.000000 3.023571 211.341208 -0.067909 0.055122
6480.000000 3.022457 211.356231 -0.058630 0.051287
6500.000000 3.021461 211.370182 -0.049603 0.047575
6520.000000 3.020574 211.383095 -0.040824 0.043983
6540.000000 3.019790 211.395001 -0.032287 0.040509
6560.000000 3.019099 211.405934 -0.023987 0.037149
6580.000000 3.018494 211.415924 -0.015919 0.033902
6600.000000 3.017968 211.425005 -0.008076 0.030764
6620.000000 3.017516 211.433204 -0.000453 0.027734
6640.000000 3.017130 211.440554 0.006956 0.024808
6660.000000 3.016805 211.447083 0.014157 0.021985
6680.000000 3.016536 211.452819 0.021157 0.019261
6700.000000 3.016318 211.457791 0.027961 0.016635
6720.000000 3.016145 211.462026 0.034576 0.014104
6740.000000 3.016015 211.465550 0.041007 0.011666
6760.000000 3.015922 211.468391 0.047260 0.009318
6780.000000 3.015864 211.470572 0.053343 0.007059
6800.000000 3.015835 211.472120 0.059259 0.004885
6820.000000 3.015834 211.473058 0.065016 0.002796
6840.000000 3.015857 211.473410 0.070620 0.000788
6860.000000 3.015902 211.473200 0.076075 -0.001139
6880.000000 3.015965 211.472450 0.081387 -0.002989
6900.000000 3.016044 211.471181 0.086563 -0.004762
6920.000000 3.016138 211.469417 0.091608 -0.006461
6940.000000 3.016243 211.467177 0.096526 -0.008087
6960.000000 3.016359 211.464483 0.101323 -0.009642
6980.000000 3.016483 211.461354 0.106005 -0.011128
7000.000000 3.016613 211.457810 0.110576 -0.012546
7020.000000 3.016749 211.453870 0.115042 -0.013897
7040.000000 3.016888 211.449554 0.119407 -0.015183
7060.000000 3.017029 211.444880 0.123676 -0.016406
7080.000000 3.017172 211.439865 0.127854 -0.017566
7100.000000 3.017315 211.434527 0.131946 -0.018665
7120.000000 3.017457 211.428884 0.135955 -0.019704
7140.000000 3.017597 211.422953 0.139888 -0.020684
7160.000000 3.017735 211.416751 0.143747 -0.021607
7180.000000 3.017868 211.410293 0.147538 -0.022472
7200.000000 3.017998 211.403597 0.151264 -0.023281
7220.000000 3.018123 211.396677 0.154930 -0.024036
7240.000000 3.018243 211.389550 0.158540 -0.024735
7260.000000 3.018356 211.382231 0.162098 -0.025382
7280.000000 3.018463 211.374735 0.165608 -0.025975
7300.000000 3.018563 211.367077 0.169074 -0.026516
7320.000000 3.018656 211.359272 0.172501 -0.027006
7340.000000 3.018742 211.351335 0.175891 -0.027444
7360.000000 3.018819 211.343281 0.179248 -0.027832
7380.000000 3.018888 211.335123 0.182578 -0.028169
7400.000000 3.018949 211.326875 0.185882 -0.028457
7420.000000 3.019002 211.318553 0.189166 -0.028694
7440.000000 3.019045 211.310170 0.192433 -0.028883
7460.000000 3.019080 211.301741 0.195686 -0.029022
7480.000000 3.019106 211.293279 0.198930 -0.029112
7500.000000 3.019123 211.284798 0.202168 -0.029153
7520.000000 3.019131 211.276312 0.205404 -0.029145
7540.000000 3.019130 211.267836 0.208641 -0.029088
7560.000000 3.019120 211.259383 0.211884 -0.028982
7580.000000 3.019101 211.250967 0.215135 -0.028826
7600.000000 3.019073 211.242603 0.218400 -0.028622
7620.000000 3.019037 211.234304 0.221681 -0.028367
7640.000000 3.018992 211.226084 0.224982 -0.028063
7660.000000 3.018940 211.217959 0.228308 -0.027708
7680.000000 3.018879 211.209942 0.231662 -0.027302
7700.000000 3.018810 211.202048 0.235048 -0.026845
7720.000000 3.018734 211.194291 0.238470 -0.026336
7740.000000 3.018652 211.186687 0.241932 -0.025775
7760.000000 3.018562 211.179251 0.245438 -0.025161
7780.000000 3.018467 211.171998 0.248992 -0.024493
7800.000000 3.018366 211.164942 0.252599 -0.023770
7820.000000 3.018260 211.158101 0.256263 -0.022992
7840.000000 3.018149 211.151490 0.259988 -0.022158
7860.000000 3.018035 211.145125 0.263778 -0.021266
7880.000000 3.017919 211.139023 0.267639 -0.020316
7900.000000 3.017800 211.133200 0.271574 -0.019307
7920.000000 3.017680 211.127674 0.275589 -0.018237
7940.000000 3.017560 211.122462 0.279688 -0.017106
7960.000000 3.017441 211.117582 0.283876 -0.015911
7980.000000 3.017324 211.113052 0.288158 -0.014652
8000.000000 3.017210 211.108891 0.292540 -0.013327
8020.000000 3.017102 211.105118 0.297026 -0.011935
8040.000000 3.017000 211.101752 0.301622 -0.010473
8060.000000 3.016906 211.098814 0.306334 -0.008941
8080.000000 3.016822 211.096324 0.311167 -0.007337
8100.000000 3.016749 211.094303 0.316126 -0.005659
8120.000000 3.016691 211.092772 0.321219 -0.003904
8140.000000 3.016649 211.091753 0.326451 -0.002072
8160.000000 3.016626 211.091269 0.331828 -0.000159
8180.000000 3.016624 211.091344 0.337356 0.001835
8200.000000 3.016646 211.092000 0.343043 0.003914
8220.000000 3.016696 211.093263 0.348894 0.006080
8240.000000 3.016776 211.095157 0.354916 0.008335
8260.000000 3.016891 211.097708 0.361118 0.010681
8280.000000 3.017045 211.100943 0.367504 0.013121
8300.000000 3.017241 211.104888 0.374084 0.015657
8320.000000 3.017484 211.109572 0.380863 0.018293
8340.000000 3.017779 211.115022 0.387850 0.021030
8360.000000 3.018132 211.121269 0.395052 0.023872
8380.000000 3.018548 211.128342 0.402477 0.026822
8400.000000 3.019032 211.136271 0.410132 0.029882
8420.000000 3.019593 211.145090 0.418025 0.033056
8440.000000 3.020236 211.154829 0.426165 0.036347
8460.000000 3.020969 211.165522 0.434558 0.039757
8480.000000 3.021801 211.177202 0.443213 0.043290
8500.000000 3.022739 211.189905 0.452138 0.046949
8520.000000 3.023794 211.203665 0.461339 0.050737
8540.000000 3.024975 211.218519 0.470826 0.054657
8560.000000 3.026292 211.234503 0.480604 0.058714
8580.000000 3.027757 211.251655 0.490681 0.062909
8600.000000 3.029382 211.270013 0.501064 0.067246
8620.000000 3.031180 211.289616 0.511759 0.071729
8640.000000 3.033163 211.310501 0.522772 0.076359
8660.000000 3.035347 211.332711 0.534109 0.081141
8680.000000 3.037747 211.356283 0.545773 0.086078
8700.000000 3.040378 211.381259 0.557770 0.091171
8720.000000 3.043259 211.407680 0.570101 0.096423
8740.000000 3.046406 211.435585 0.582769 0.101838
8760.000000 3.049838 211.465016 0.595774 0.107417
8780.000000 3.053576 211.496013 0.609117 0.113161
8800.000000 3.057640 211.528617 0.622794 0.119074
8820.000000 3.062053 211.562867 0.636803 0.125155
8840.000000 3.066835 211.598802 0.651136 0.131406
8860.000000 3.072012 211.636461 0.665788 0.137828
8880.000000 3.077607 211.675882 0.680746 0.144420
8900.000000 3.083646 211.717100 0.696000 0.151182
8920.000000 3.090154 211.760149 0.711533 0.158114
8940.000000 3.097159 211.805064 0.727326 0.165212
8960.000000 3.104686 211.851874 0.743358 0.172476
8980.000000 3.112764 211.900608 0.759603 0.179902
9000.000000 3.121419 211.951293 0.776032 0.187486
9020.000000 3.130681 212.003951 0.792611 0.195225
9040.000000 3.140576 212.058603 0.809302 0.203113
9060.000000 3.151133 212.115266 0.826062 0.211143
9080.000000 3.162377 212.173952 0.842844 0.219309
9100.000000 3.174334 212.234672 0.859594 0.227604
9120.000000 3.187030 212.297429 0.876255 0.236018
9140.000000 3.200488 212.362225 0.892762 0.244542
9160.000000 3.214730 212.429055 0.909046 0.253166
9180.000000 3.229775 212.497912 0.925031 0.261878
9200.000000 3.245640 212.568780 0.940635 0.270666
9220.000000 3.262341 212.641642 0.955771 0.279517
9240.000000 3.279887 212.716473 0.970345 0.288418
9260.000000 3.298286 212.793244 0.984257 0.297353
9280.000000 3.317542 212.871922 0.997402 0.306309
9300.000000 3.337655 212.952467 1.009668 0.315270
9320.000000 3.358617 213.034835 1.020940 0.324218
9340.000000 3.380418 213.118978 1.031094 0.333139
9360.000000 3.403041 213.204841 1.040006 0.342014
9380.000000 3.426462 213.292368 1.047544 0.350827
9400.000000 3.450652 213.381497 1.053575 0.359560
9420.000000 3.475574 213.472162 1.057962 0.368195
9440.000000 3.501182 213.564296 1.060567 0.376715
9460.000000 3.527422 213.657827 1.061249 0.385101
9480.000000 3.554234 213.752681 1.059871 0.393335
9500.000000 3.581543 213.848784 1.056293 0.401400
9520.000000 3.609268 213.946058 1.050380 0.409276
9540.000000 3.637315 214.044425 1.042004 0.416946
9560.000000 3.665577 214.143808 1.031038 0.424391
9580.000000 3.693937 214.244128 1.017369 0.431593
9600.000000 3.722261 214.345308 1.000893 0.438532
9620.000000 3.750405 214.447271 0.981517 0.445190
9640.000000 3.778206 214.549942 0.959167 0.451546
9660.000000 3.805492 214.653248 0.933787 0.457581
9680.000000 3.832073 214.757119 0.905344 0.463276
9700.000000 3.857749 214.861486 0.873826 0.468610
9720.000000 3.882310 214.966286 0.839251 0.473562
9740.000000 3.905537 215.071456 0.801668 0.478114
9760.000000 3.927207 215.176939 0.761156 0.482245
9780.000000 3.947098 215.282680 0.717830 0.485937
9800.000000 3.964994 215.388631 0.671841 0.489174
9820.000000 3.980690 215.494744 0.623377 0.491939
9840.000000 3.993999 215.600976 0.572663 0.494222
9860.000000 4.004753 215.707291 0.519959 0.496010
9880.000000 4.012817 215.813652 0.465562 0.497298
9900.000000 4.018085 215.920028 0.409796 0.498081
9920.000000 4.020488 216.026392 0.353013 0.498359
9940.000000 4.019995 216.132715 0.295586 0.498133
9960.000000 4.016613 216.238974 0.237899 0.497408
9980.000000 4.010390 216.345146 0.180340 0.496190
10000.000000 4.001409 216.451206 0.123296 0.494489
10020.000000 3.989789 216.557129 0.067139 0.492316
10040.000000 3.975679 216.662890 0.012224 0.489682
10060.000000 3.959256 216.768459 -0.041121 0.486602
10080.000000 3.940719 216.873803 -0.092600 0.483093
10100.000000 3.920283 216.978888 -0.141952 0.479170
10120.000000 3.898173 217.083674 -0.188955 0.474854
10140.000000 3.874619 217.188117 -0.233424 0.470163
10160.000000 3.849853 217.292170 -0.275214 0.465118
10180.000000 3.824101 217.395782 -0.314216 0.459740
10200.000000 3.797577 217.498897 -0.350359 0.454051
10220.000000 3.770488 217.601457 -0.383600 0.448072
10240.000000 3.743021 217.703402 -0.413931 0.441823
10260.000000 3.715351 217.804669 -0.441365 0.435326
10280.000000 3.687632 217.905193 -0.465940 0.428600
10300.000000 3.660003 218.004906 -0.487714 0.421664
10320.000000 3.632585 218.103742 -0.506761 0.414537
10340.000000 3.605484 218.201633 -0.523167 0.407234
10360.000000 3.578789 218.298510 -0.537032 0.399774
10380.000000 3.552578 218.394307 -0.548461 0.392171
10400.000000 3.526914 218.488957 -0.557568 0.384440
10420.000000 3.501850 218.582394 -0.564470 0.376596
10440.000000 3.477431 218.674555 -0.569286 0.368652
10460.000000 3.453690 218.765377 -0.572140 0.360622
10480.000000 3.430657 218.854801 -0.573152 0.352518
10500.000000 3.408351 218.942769 -0.572445 0.344352
10520.000000 3.386789 219.029227 -0.570138 0.336137
10540.000000 3.365982 219.114122 -0.566351 0.327883
10560.000000 3.345937 219.197407 -0.561198 0.319604
10580.000000 3.326656 219.279035 -0.554793 0.311310
10600.000000 3.308139 219.358965 -0.547243 0.303011
10620.000000 3.290383 219.437159 -0.538655 0.294720
10640.000000 3.273383 219.513582 -0.529130 0.286445
10660.000000 3.257131 219.588203 -0.518765 0.278199
10680.000000 3.241616 219.660995 -0.507653 0.269990
10700.000000 3.226827 219.731935 -0.495882 0.261829
10720.000000 3.212751 219.801005 -0.483536 0.253725
10740.000000 3.199373 219.868189 -0.470695 0.245688
10760.000000 3.186675 219.933477 -0.457431 0.237725
10780.000000 3.174642 219.996859 -0.443817 0.229845
10800.000000 3.163254 220.058334 -0.429917 0.222056
10820.000000 3.152493 220.117901 -0.415791 0.214365
10840.000000 3.142338 220.175563 -0.401497 0.206779
10860.000000 3.132768 220.231327 -0.387087 0.199305
10880.000000 3.123764 220.285204 -0.372609 0.191947
10900.000000 3.115302 220.337206 -0.358107 0.184712
10920.000000 3.107362 220.387349 -0.343620 0.177604
10940.000000 3.099923 220.435652 -0.329186 0.170627
10960.000000 3.092962 220.482136 -0.314836 0.163785
10980.000000 3.086457 220.526824 -0.300601 0.157080
11000.000000 3.080389 220.569742 -0.286507 0.150517
11020.000000 3.074735 220.610917 -0.272577 0.144096
11040.000000 3.069475 220.650377 -0.258831 0.137819
11060.000000 3.064588 220.688153 -0.245288 0.131688
11080.000000 3.060056 220.724277 -0.231962 0.125704
11100.000000 3.055858 220.758781 -0.218866 0.119866
11120.000000 3.051977 220.791700 -0.206013 0.114175
11140.000000 3.048393 220.823067 -0.193409 0.108631
11160.000000 3.045090 220.852917 -0.181064 0.103232
11180.000000 3.042051 220.881287 -0.168982 0.097979
11200.000000 3.039260 220.908212 -0.157167 0.092870
11220.000000 3.036701 220.933729 -0.145623 0.087904
11240.000000 3.034360 220.957873 -0.134351 0.083079
11260.000000 3.032223 220.980681 -0.123352 0.078393
11280.000000 3.030276 221.002189 -0.112624 0.073845
11300.000000 3.028506 221.022434 -0.102168 0.069432
11320.000000 3.026902 221.041450 -0.091980 0.065153
11340.000000 3.025452 221.059274 -0.082058 0.061004
11360.000000 3.024144 221.075940 -0.072399 0.056984
11380.000000 3.022970 221.091484 -0.062999 0.053091
11400.000000 3.021919 221.105940 -0.053853 0.049321
11420.000000 3.020982 221.119341 -0.044957 0.045672
11440.000000 3.020150 221.131720 -0.036306 0.042142
11460.000000 3.019415 221.143110 -0.027894 0.038728
11480.000000 3.018770 221.153544 -0.019717 0.035428
11500.000000 3.018208 221.163052 -0.011768 0.032238
11520.000000 3.017722 221.171666 -0.004041 0.029158
11540.000000 3.017305 221.179415 0.003468 0.026183
11560.000000 3.016952 221.186329 0.010768 0.023311
11580.000000 3.016657 221.192438 0.017862 0.020541
11600.000000 3.016415 221.197769 0.024758 0.017869
11620.000000 3.016222 221.202350 0.031462 0.015293
11640.000000 3.016072 221.206208 0.037979 0.012811
11660.000000 3.015962 221.209369 0.044316 0.010421
11680.000000 3.015887 221.211860 0.050479 0.008119
11700.000000 3.015845 221.213705 0.056473 0.005905
11720.000000 3.015831 221.214930 0.062306 0.003776
11740.000000 3.015843 221.215557 0.067981 0.001730
11760.000000 3.015878 221.215611 0.073506 -0.000235
11780.000000 3.015933 221.215114 0.078885 -0.002121
11800.000000 3.016005 221.214088 0.084125 -0.003931
11820.000000 3.016092 221.212557 0.089231 -0.005665
11840.000000 3.016192 221.210540 0.094209 -0.007325
11860.000000 3.016303 221.208058 0.099063 -0.008914
11880.000000 3.016423 221.205133 0.103799 -0.010432
11900.000000 3.016551 221.201783 0.108422 -0.011882
11920.000000 3.016684 221.198029 0.112937 -0.013264
11940.000000 3.016821 221.193889 0.117349 -0.014581
11960.000000 3.016962 221.189382 0.121663 -0.015834
11980.000000 3.017104 221.184527 0.125884 -0.017024
12000.000000 3.017247 221.179340 0.130016 -0.018152
12020.000000 3.017390 221.173840 0.134064 -0.019219
12040.000000 3.017531 221.168043 0.138032 -0.020227
12060.000000 3.017670 221.161968 0.141926 -0.021176
12080.000000 3.017805 221.155629 0.145748 -0.022069
12100.000000 3.017937 221.149044 0.149505 -0.022904
12120.000000 3.018065 221.142228 0.153199 -0.023685
12140.000000 3.018187 221.135197 0.156835 -0.024410
12160.000000 3.018303 221.127967 0.160417 -0.025082
12180.000000 3.018413 221.120553 0.163949 -0.025700
12200.000000 3.018517 221.112971 0.167436 -0.026266
12220.000000 3.018613 221.105234 0.170880 -0.026780
12240.000000 3.018702 221.097358 0.174287 -0.027243
12260.000000 3.018783 221.089357 0.177660 -0.027654
12280.000000 3.018857 221.081246 0.181002 -0.028015
12300.000000 3.018922 221.073039 0.184318 -0.028327
12320.000000 3.018978 221.064751 0.187611 -0.028588
12340.000000 3.019026 221.056395 0.190886 -0.028800
12360.000000 3.019065 221.047986 0.194145 -0.028962
12380.000000 3.019095 221.039538 0.197393 -0.029075
12400.000000 3.019116 221.031064 0.200633 -0.029139
12420.000000 3.019128 221.022579 0.203869 -0.029155
12440.000000 3.019131 221.014096 0.207105 -0.029121
12460.000000 3.019126 221.005631 0.210345 -0.029038
12480.000000 3.019111 220.997195 0.213592 -0.028906
12500.000000 3.019088 220.988805 0.216850 -0.028725
12520.000000 3.019055 220.980473 0.220122 -0.028494
12540.000000 3.019015 220.972214 0.223414 -0.028213
12560.000000 3.018966 220.964042 0.226727 -0.027882
12580.000000 3.018909 220.955972 0.230067 -0.027501
12600.000000 3.018844 220.948018 0.233438 -0.027068
12620.000000 3.018771 220.940194 0.236842 -0.026584
12640.000000 3.018692 220.932516 0.240285 -0.026048
12660.000000 3.018605 220.924999 0.243769 -0.025459
12680.000000 3.018513 220.917656 0.247300 -0.024816
12700.000000 3.018414 220.910505 0.250882 -0.024120
12720.000000 3.018311 220.903561 0.254518 -0.023368
12740.000000 3.018202 220.896838 0.258214 -0.022560
12760.000000 3.018090 220.890355 0.261972 -0.021696
12780.000000 3.017974 220.884126 0.265799 -0.020774
12800.000000 3.017856 220.878168 0.269698 -0.019793
12820.000000 3.017737 220.872499 0.273675 -0.018752
12840.000000 3.017617 220.867136 0.277733 -0.017650
12860.000000 3.017497 220.862096 0.281878 -0.016486
12880.000000 3.017379 220.857398 0.286115 -0.015257
12900.000000 3.017264 220.853060 0.290449 -0.013964
12920.000000 3.017153 220.849101 0.294885 -0.012603
12940.000000 3.017047 220.845539 0.299428 -0.011175
12960.000000 3.016949 220.842396 0.304085 -0.009677
12980.000000 3.016860 220.839691 0.308859 -0.008107
13000.000000 3.016782 220.837445 0.313758 -0.006464
13020.000000 3.016717 220.835678 0.318787 -0.004746
13040.000000 3.016667 220.834414 0.323952 -0.002951
13060.000000 3.016634 220.833674 0.329259 -0.001076
13080.000000 3.016622 220.833481 0.334715 0.000879
13100.000000 3.016632 220.833858 0.340326 0.002918
13120.000000 3.016669 220.834830 0.346098 0.005042
13140.000000 3.016734 220.836422 0.352039 0.007254
13160.000000 3.016832 220.838658 0.358154 0.009557
13180.000000 3.016967 220.841565 0.364452 0.011952
13200.000000 3.017142 220.845170 0.370939 0.014442
13220.000000 3.017363 220.849500 0.377623 0.017030
13240.000000 3.017633 220.854583 0.384510 0.019719
13260.000000 3.017957 220.860449 0.391609 0.022511
13280.000000 3.018342 220.867126 0.398928 0.025410
13300.000000 3.018793 220.874645 0.406473 0.028417
13320.000000 3.019317 220.883038 0.414252 0.031537
13340.000000 3.019920 220.892337 0.422274 0.034772
13360.000000 3.020610 220.902573 0.430546 0.038124
13380.000000 3.021394 220.913781 0.439076 0.041599
13400.000000 3.022280 220.925995 0.447872 0.045198
13420.000000 3.023279 220.939249 0.456941 0.048924
13440.000000 3.024398 220.953580 0.466291 0.052782
13460.000000 3.025650 220.969024 0.475930 0.056773
13480.000000 3.027043 220.985617 0.485865 0.060902
13500.000000 3.028591 221.003398 0.496102 0.065171
13520.000000 3.030305 221.022406 0.506648 0.069585
13540.000000 3.032198 221.042678 0.517510 0.074145
13560.000000 3.034286 221.064255 0.528693 0.078855
13580.000000 3.036581 221.087176 0.540201 0.083717
13600.000000 3.039101 221.111481 0.552039 0.088736
13620.000000 3.041861 221.137211 0.564212 0.093913
13640.000000 3.044879 221.164408 0.576720 0.099250
13660.000000 3.048174 221.193110 0.589565 0.104751
13680.000000 3.051764 221.223359 0.602748 0.110416
13700.000000 3.055671 221.255196 0.616267 0.116249
13720.000000 3.059916 221.288661 0.630119 0.122250
13740.000000 3.064520 221.323792 0.644299 0.128421
13760.000000 3.069507 221.360629 0.658801 0.134762
13780.000000 3.074900 221.399210 0.673615 0.141273
13800.000000 3.080726 221.439571 0.688731 0.147955
13820.000000 3.087008 221.481748 0.704133 0.154806
13840.000000 3.093774 221.525774 0.719805 0.161825
13860.000000 3.101049 221.571681 0.735727 0.169011
13880.000000 3.108863 221.619500 0.751875 0.176360
13900.000000 3.117241 221.669256 0.768220 0.183870
13920.000000 3.126212 221.720976 0.784733 0.191536
13940.000000 3.135803 221.774681 0.801375 0.199354
13960.000000 3.146043 221.830388 0.818108 0.207318
13980.000000 3.156957 221.888113 0.834886 0.215420
14000.000000 3.168573 221.947868 0.851659 0.223655
14020.000000 3.180916 222.009658 0.868370 0.232014
14040.000000 3.194010 222.073488 0.884958 0.240487
14060.000000 3.207878 222.139354 0.901357 0.249065
14080.000000 3.222539 222.207251 0.917493 0.257736
14100.000000 3.238014 222.277167 0.933289 0.266490
14120.000000 3.254316 222.349086 0.948658 0.275313
14140.000000 3.271460 222.422987 0.963510 0.284192
14160.000000 3.289454 222.498842 0.977749 0.293113
14180.000000 3.308304 222.576621 0.991271 0.302061
14200.000000 3.328011 222.656286 1.003969 0.311021
14220.000000 3.348571 222.737795 1.015727 0.319977
14240.000000 3.369976 222.821102 1.026426 0.328913
14260.000000 3.392212 222.906157 1.035943 0.337812
14280.000000 3.415258 222.992902 1.044149 0.346657
14300.000000 3.439088 223.081279 1.050912 0.355430
14320.000000 3.463667 223.171224 1.056095 0.364114
14340.000000 3.488956 223.262670 1.059563 0.372690
14360.000000 3.514904 223.355548 1.061174 0.381142
14380.000000 3.541453 223.449784 1.060790 0.389450
14400.000000 3.568536 223.545304 1.058272 0.397598
14420.000000 3.596075 223.642032 1.053483 0.405566
14440.000000 3.623981 223.739891 1.046291 0.413336
14460.000000 3.652156 223.838802 1.036568 0.420890
14480.000000 3.680485 223.938687 1.024195 0.428209
14500.000000 3.708843 224.039469 1.009062 0.435275
14520.000000 3.737091 224.141070 0.991071 0.442069
14540.000000 3.765076 224.243415 0.970140 0.448570
14560.000000 3.792629 224.346428 0.946203 0.454761
14580.000000 3.819568 224.450040 0.919215 0.460619
14600.000000 3.845699 224.554180 0.889154 0.466127
14620.000000 3.870816 224.658783 0.856025 0.471263
14640.000000 3.894703 224.763785 0.819861 0.476007
14660.000000 3.917139 224.869126 0.780726 0.480340
14680.000000 3.937901 224.974752 0.738718 0.484242
14700.000000 3.956770 225.080609 0.693970 0.487697
14720.000000 3.973534 225.186650 0.646654 0.490688
14740.000000 3.987997 225.292831 0.596977 0.493200
14760.000000 3.999981 225.399111 0.545182 0.495224
14780.000000 4.009336 225.505455 0.491548 0.496750
14800.000000 4.015941 225.611828 0.436389 0.497773
14820.000000 4.019709 225.718200 0.380043 0.498290
14840.000000 4.020590 225.824546 0.322875 0.498303
14860.000000 4.018575 225.930839 0.265262 0.497813
14880.000000 4.013691 226.037055 0.207594 0.496828
14900.000000 4.006005 226.143171 0.150258 0.495355
14920.000000 3.995619 226.249162 0.093635 0.493405
14940.000000 3.982669 226.355003 0.038089 0.490987
14960.000000 3.967320 226.460667 -0.016040 0.488117
14980.000000 3.949760 226.566122 -0.068439 0.484810
15000.000000 3.930197 226.671335 -0.118830 0.481081
15020.000000 3.908852 226.776268 -0.166972 0.476949
15040.000000 3.885954 226.880879 -0.212663 0.472432
15060.000000 3.861734 226.985123 -0.255739 0.467553
15080.000000 3.836422 227.088950 -0.296074 0.462330
15100.000000 3.810237 227.192308 -0.333580 0.456786
15120.000000 3.783392 227.295139 -0.368200 0.450942
15140.000000 3.756082 227.397383 -0.399911 0.444818
15160.000000 3.728487 227.498980 -0.428714 0.438437
15180.000000 3.700773 227.599864 -0.454639 0.431817
15200.000000 3.673085 227.699970 -0.477733 0.424978
15220.000000 3.645553 227.799231 -0.498063 0.417939
15240.000000 3.618290 227.897578 -0.515710 0.410718
15260.000000 3.591392 227.994945 -0.530768 0.403330
15280.000000 3.564943 228.091262 -0.543338 0.395793
15300.000000 3.539012 228.186464 -0.553532 0.388121
15320.000000 3.513658 228.280485 -0.561464 0.380329
15340.000000 3.488928 228.373258 -0.567254 0.372431
15360.000000 3.464861 228.464723 -0.571024 0.364440
15380.000000 3.441490 228.554817 -0.572894 0.356369
15400.000000 3.418837 228.643483 -0.572987 0.348231
15420.000000 3.396920 228.730663 -0.571424 0.340038
15440.000000 3.375754 228.816306 -0.568324 0.331801
15460.000000 3.355347 228.900360 -0.563805 0.323533
15480.000000 3.335703 228.982779 -0.557980 0.315244
15500.000000 3.316824 229.063520 -0.550959 0.306946
15520.000000 3.298708 229.142541 -0.542851 0.298650
15540.000000 3.281351 229.219808 -0.533758 0.290366
15560.000000 3.264745 229.295287 -0.523779 0.282105
15580.000000 3.248882 229.368949 -0.513010 0.273877
15600.000000 3.233751 229.440770 -0.501541 0.265693
15620.000000 3.219338 229.510730 -0.489457 0.257561
15640.000000 3.205631 229.578810 -0.476841 0.249490
15660.000000 3.192613 229.644997 -0.463769 0.241491
15680.000000 3.180267 229.709284 -0.450312 0.233571
15700.000000 3.168575 229.771664 -0.436540 0.225737
15720.000000 3.157519 229.832135 -0.422514 0.217999
15740.000000 3.147079 229.890700 -0.408293 0.210363
15760.000000 3.137234 229.947363 -0.393932 0.202835
15780.000000 3.127965 230.002133 -0.379480 0.195421
15800.000000 3.119248 230.055022 -0.364984 0.188127
15820.000000 3.111064 230.106045 -0.350485 0.180958
15840.000000 3.103390 230.155218 -0.336022 0.173919
15860.000000 3.096204 230.202562 -0.321628 0.167012
15880.000000 3.089486 230.248099 -0.307336 0.160242
15900.000000 3.083214 230.291853 -0.293172 0.153612
15920.000000 3.077366 230.333850 -0.279161 0.147123
15940.000000 3.071921 230.374120 -0.265326 0.140778
15960.000000 3.066860 230.412691 -0.251684 0.134577
15980.000000 3.062162 230.449594 -0.238253 0.128523
16000.000000 3.057808 230.484862 -0.225047 0.122616
16020.000000 3.053779 230.518528 -0.212077 0.116855
16040.000000 3.050056 230.550627 -0.199354 0.111242
16060.000000 3.046622 230.581192 -0.186886 0.105774
16080.000000 3.043460 230.610260 -0.174678 0.100452
16100.000000 3.040554 230.637865 -0.162736 0.095275
16120.000000 3.037887 230.664045 -0.151064 0.090242
16140.000000 3.035444 230.688836 -0.139662 0.085350
16160.000000 3.033212 230.712273 -0.128534 0.080598
16180.000000 3.031176 230.734393 -0.117677 0.075985
16200.000000 3.029324 230.755232 -0.107093 0.071508
16220.000000 3.027643 230.774827 -0.096778 0.067166
16240.000000 3.026121 230.793212 -0.086730 0.062955
16260.000000 3.024747 230.810423 -0.076947 0.058875
16280.000000 3.023511 230.826495 -0.067424 0.054922
16300.000000 3.022402 230.841462 -0.058158 0.051093
16320.000000 3.021412 230.855359 -0.049145 0.047387
16340.000000 3.020532 230.868218 -0.040378 0.043801
16360.000000 3.019752 230.880073 -0.031854 0.040333
16380.000000 3.019065 230.890957 -0.023566 0.036979
16400.000000 3.018465 230.900900 -0.015509 0.033737
16420.000000 3.017943 230.909934 -0.007678 0.030605
16440.000000 3.017494 230.918089 -0.000066 0.027580
16460.000000 3.017112 230.925396 0.007332 0.024660
16480.000000 3.016790 230.931883 0.014523 0.021842
16500.000000 3.016524 230.937579 0.021512 0.019124
16520.000000 3.016308 230.942513 0.028307 0.016503
16540.000000 3.016138 230.946710 0.034912 0.013976
16560.000000 3.016009 230.950199 0.041333 0.011543
16580.000000 3.015918 230.953005 0.047578 0.009200
16600.000000 3.015861 230.955153 0.053651 0.006945
16620.000000 3.015834 230.956668 0.059560 0.004775
16640.000000 3.015835 230.957576 0.065309 0.002690
16660.000000 3.015859 230.957899 0.070904 0.000687
16680.000000 3.015904 230.957660 0.076352 -0.001237
16700.000000 3.015968 230.956883 0.081658 -0.003082
16720.000000 3.016049 230.955588 0.086826 -0.004852
16740.000000 3.016143 230.953799 0.091864 -0.006547
16760.000000 3.016249 230.951535 0.096776 -0.008169
16780.000000 3.016365 230.948818 0.101567 -0.009721
16800.000000 3.016489 230.945667 0.106243 -0.011203
16820.000000 3.016620 230.942102 0.110809 -0.012617
16840.000000 3.016756 230.938143 0.115269 -0.013965
16860.000000 3.016895 230.933808 0.119629 -0.015248
16880.000000 3.017037 230.929115 0.123894 -0.016467
16900.000000 3.017180 230.924083 0.128067 -0.017624
16920.000000 3.017322 230.918729 0.132154 -0.018720
16940.000000 3.017464 230.913071 0.136160 -0.019756
16960.000000 3.017604 230.907126 0.140088 -0.020733
16980.000000 3.017742 230.900910 0.143944 -0.021653
17000.000000 3.017875 230.894440 0.147731 -0.022515
17020.000000 3.018005 230.887731 0.151454 -0.023321
17040.000000 3.018129 230.880801 0.155118 -0.024073
17060.000000 3.018249 230.873663 0.158725 -0.024770
17080.000000 3.018362 230.866335 0.162280 -0.025414
17100.000000 3.018468 230.858830 0.165788 -0.026004
17120.000000 3.018568 230.851164 0.169252 -0.026543
17140.000000 3.018661 230.843353 0.172676 -0.027030
17160.000000 3.018746 230.835409 0.176065 -0.027465
17180.000000 3.018823 230.827349 0.179421 -0.027850
17200.000000 3.018892 230.819186 0.182749 -0.028185
17220.000000 3.018952 230.810934 0.186052 -0.028470
17240.000000 3.019004 230.802609 0.189335 -0.028705
17260.000000 3.019047 230.794223 0.192601 -0.028891
17280.000000 3.019082 230.785792 0.195854 -0.029028
17300.000000 3.019107 230.777328 0.199097 -0.029115
17320.000000 3.019124 230.768847 0.202335 -0.029154
17340.000000 3.019131 230.760361 0.205571 -0.029143
17360.000000 3.019130 230.751886 0.208808 -0.029084
17380.000000 3.019119 230.743434 0.212051 -0.028975
17400.000000 3.019100 230.735021 0.215303 -0.028817
17420.000000 3.019072 230.726659 0.218569 -0.028610
17440.000000 3.019035 230.718364 0.221851 -0.028353
17460.000000 3.018990 230.710149 0.225153 -0.028045
17480.000000 3.018937 230.702029 0.228480 -0.027688
17500.000000 3.018875 230.694018 0.231836 -0.027280
17520.000000 3.018806 230.686131 0.235223 -0.026820
17540.000000 3.018730 230.678382 0.238647 -0.026309
17560.000000 3.018647 230.670786 0.242111 -0.025745
17580.000000 3.018557 230.663359 0.245620 -0.025128
17600.000000 3.018462 230.656116 0.249177 -0.024457
17620.000000 3.018360 230.649071 0.252787 -0.023731
17640.000000 3.018254 230.642241 0.256454 -0.022950
17660.000000 3.018144 230.635642 0.260182 -0.022113
17680.000000 3.018029 230.629291 0.263976 -0.021219
17700.000000 3.017913 230.623202 0.267840 -0.020266
17720.000000 3.017794 230.617394 0.271779 -0.019253
17740.000000 3.017674 230.611884 0.275798 -0.018180
17760.000000 3.017554 230.606689 0.279902 -0.017046
17780.000000 3.017435 230.601826 0.284094 -0.015848
17800.000000 3.017318 230.597315 0.288382 -0.014585
17820.000000 3.017205 230.593174 0.292769 -0.013257
17840.000000 3.017096 230.589421 0.297260 -0.011861
17860.000000 3.016995 230.586077 0.301862 -0.010396
17880.000000 3.016901 230.583162 0.306580 -0.008860
17900.000000 3.016818 230.580695 0.311419 -0.007252
17920.000000 3.016746 230.578699 0.316386 -0.005570
17940.000000 3.016688 230.577194 0.321486 -0.003811
17960.000000 3.016647 230.576202 0.326725 -0.001975
17980.000000 3.016625 230.575747 0.332109 -0.000058
18000.000000 3.016624 230.575851 0.337646 0.001941
18020.000000 3.016648 230.576538 0.343341 0.004024
18040.000000 3.016699 230.577832 0.349201 0.006194
18060.000000 3.016781 230.579760 0.355232 0.008454
18080.000000 3.016898 230.582346 0.361443 0.010804
18100.000000 3.017054 230.585616 0.367839 0.013249
18120.000000 3.017252 230.589599 0.374429 0.015791
18140.000000 3.017498 230.594322 0.381219 0.018431
18160.000000 3.017796 230.599813 0.388217 0.021174
18180.000000 3.018152 230.606101 0.395430 0.024022
18200.000000 3.018571 230.613217 0.402866 0.026977
18220.000000 3.019059 230.621192 0.410534 0.030043
18240.000000 3.019624 230.630057 0.418440 0.033223
18260.000000 3.020271 230.639845 0.426592 0.036520
18280.000000 3.021010 230.650588 0.434999 0.039936
18300.000000 3.021847 230.662320 0.443667 0.043475
18320.000000 3.022791 230.675077 0.452606 0.047141
18340.000000 3.023852 230.688893 0.461822 0.050936
18360.000000 3.025039 230.703804 0.471323 0.054864
18380.000000 3.026364 230.719848 0.481117 0.058927
18400.000000 3.027837 230.737061 0.491210 0.063129
18420.000000 3.029471 230.755482 0.501609 0.067474
18440.000000 3.031277 230.775150 0.512320 0.071964
18460.000000 3.033271 230.796103 0.523350 0.076603
18480.000000 3.035466 230.818382 0.534703 0.081393
18500.000000 3.037877 230.842026 0.546385 0.086337
18520.000000 3.040521 230.867076 0.558398 0.091438
18540.000000 3.043414 230.893572 0.570747 0.096699
18560.000000 3.046576 230.921555 0.583432 0.102122
18580.000000 3.050024 230.951066 0.596455 0.107709
18600.000000 3.053778 230.982145 0.609815 0.113463
18620.000000 3.057860 231.014833 0.623510 0.119384
18640.000000 3.062290 231.049169 0.637535 0.125474
18660.000000 3.067093 231.085192 0.651885 0.131734
18680.000000 3.072291 231.122942 0.666553 0.138164
18700.000000 3.077908 231.162454 0.681527 0.144765
18720.000000 3.083971 231.203766 0.696795 0.151536
18740.000000 3.090504 231.246911 0.712342 0.158476
18760.000000 3.097534 231.291922 0.728148 0.165583
18780.000000 3.105089 231.338831 0.744192 0.172855
18800.000000 3.113196 231.387665 0.760447 0.180290
18820.000000 3.121883 231.438452 0.776885 0.187882
18840.000000 3.131176 231.491212 0.793470 0.195629
18860.000000 3.141105 231.545968 0.810166 0.203524
18880.000000 3.151696 231.602735 0.826929 0.211562
18900.000000 3.162976 231.661526 0.843710 0.219735
18920.000000 3.174972 231.722351 0.860457 0.228036
18940.000000 3.187706 231.785213 0.877112 0.236456
18960.000000 3.201204 231.850114 0.893609 0.244985
18980.000000 3.215487 231.917050 0.909880 0.253614
19000.000000 3.230574 231.986010 0.925847 0.262330
19020.000000 3.246482 232.056982 0.941429 0.271121
19040.000000 3.263226 232.129946 0.956539 0.279975
19060.000000 3.280816 232.204878 0.971081 0.288878
19080.000000 3.299260 232.281749 0.984956 0.297816
19100.000000 3.318560 232.360524 0.998058 0.306772
19120.000000 3.338716 232.441165 1.010276 0.315732
19140.000000 3.359722 232.523626 1.021493 0.324680
19160.000000 3.381566 232.607858 1.031586 0.333599
19180.000000 3.404231 232.693809 1.040430 0.342471
19200.000000 3.427693 232.781420 1.047894 0.351280
19220.000000 3.451922 232.870630 1.053843 0.360008
19240.000000 3.476880 232.961373 1.058141 0.368638
19260.000000 3.502522 233.053581 1.060650 0.377151
19280.000000 3.528794 233.147182 1.061230 0.385530
19300.000000 3.555633 233.242102 1.059741 0.393756
19320.000000 3.582966 233.338267 1.056046 0.401811
19340.000000 3.610710 233.435600 1.050009 0.409677
19360.000000 3.638770 233.534022 1.041502 0.417336
19380.000000 3.667041 233.633455 1.030400 0.424769
19400.000000 3.695402 233.733821 1.016588 0.431958
19420.000000 3.723721 233.835043 0.999964 0.438883
19440.000000 3.751850 233.937045 0.980436 0.445525
19460.000000 3.779630 234.039750 0.957931 0.451866
19480.000000 3.806884 234.143087 0.932394 0.457884
19500.000000 3.833423 234.246985 0.903791 0.463561
19520.000000 3.859047 234.351377 0.872115 0.468875
19540.000000 3.883544 234.456197 0.837383 0.473808
19560.000000 3.906696 234.561384 0.799646 0.478338
19580.000000 3.928279 234.666882 0.758986 0.482447
19600.000000 3.948073 234.772635 0.715519 0.486116
19620.000000 3.965860 234.878595 0.669397 0.489328
19640.000000 3.981438 234.984715 0.620811 0.492069
19660.000000 3.994618 235.090953 0.569987 0.494326
19680.000000 4.005237 235.197271 0.517189 0.496089
19700.000000 4.013159 235.303634 0.462712 0.497351
19720.000000 4.018280 235.410010 0.406885 0.498108
19740.000000 4.020534 235.516372 0.350060 0.498360
19760.000000 4.019891 235.622693 0.292610 0.498108
19780.000000 4.016361 235.728948 0.234920 0.497357
19800.000000 4.009993 235.835114 0.177378 0.496114
19820.000000 4.000872 235.941168 0.120371 0.494388
19840.000000 3.989119 236.047083 0.064270 0.492191
19860.000000 3.974886 236.152835 0.009428 0.489534
19880.000000 3.958349 236.258393 -0.043828 0.486432
19900.000000 3.939709 236.363725 -0.095203 0.482900
19920.000000 3.919180 236.468796 -0.144439 0.478957
19940.000000 3.896990 236.573565 -0.191315 0.474620
19960.000000 3.873368 236.677989 -0.235649 0.469910
19980.000000 3.848546 236.782021 -0.277297 0.464848
20000.000000 3.822748 236.885608 -0.316153 0.459453
20020.000000 3.796190 236.988695 -0.352147 0.453749
20040.000000 3.769077 237.091226 -0.385238 0.447755
20060.000000 3.741596 237.193137 -0.415418 0.441494
20080.000000 3.713919 237.294368 -0.442703 0.434984
20100.000000 3.686202 237.394851 -0.467132 0.428247
20120.000000 3.658581 237.494520 -0.488764 0.421301
20140.000000 3.631177 237.593309 -0.507672 0.414164
20160.000000 3.604094 237.691149 -0.523945 0.406853
20180.000000 3.577423 237.787973 -0.537681 0.399385
20200.000000 3.551238 237.883712 -0.548988 0.391775
20220.000000 3.525604 237.978301 -0.557978 0.384038
20240.000000 3.500573 238.071674 -0.564769 0.376188
20260.000000 3.476188 238.163767 -0.569481 0.368240
20280.000000 3.452483 238.254518 -0.572236 0.360205
20300.000000 3.429487 238.343868 -0.573156 0.352097
20320.000000 3.407219 238.431760 -0.572364 0.343929
20340.000000 3.385696 238.518138 -0.569978 0.335711
20360.000000 3.364928 238.602951 -0.566117 0.327456
20380.000000 3.344922 238.686151 -0.560897 0.319176
20400.000000 3.325681 238.767693 -0.554430 0.310881
20420.000000 3.307203 238.847534 -0.546824 0.302583
20440.000000 3.289487 238.925637 -0.538186 0.294292
20460.000000 3.272525 239.001968 -0.528615 0.286019
20480.000000 3.256311 239.076495 -0.518209 0.277774
20500.000000 3.240835 239.149192 -0.507061 0.269568
20520.000000 3.226083 239.220036 -0.495258 0.261409
20540.000000 3.212043 239.289009 -0.482885 0.253309
20560.000000 3.198700 239.356096 -0.470019 0.245274
20580.000000 3.186038 239.421285 -0.456736 0.237316
20600.000000 3.174038 239.484569 -0.443105 0.229440
20620.000000 3.162683 239.545945 -0.429192 0.221656
20640.000000 3.151954 239.605413 -0.415057 0.213970
20660.000000 3.141829 239.662977 -0.400756 0.206390
20680.000000 3.132290 239.718644 -0.386341 0.198922
20700.000000 3.123313 239.772423 -0.371860 0.191570
20720.000000 3.114879 239.824329 -0.357358 0.184342
20740.000000 3.106966 239.874376 -0.342873 0.177240
20760.000000 3.099552 239.922585 -0.328442 0.170270
20780.000000 3.092615 239.968976 -0.314098 0.163435
20800.000000 3.086134 240.013572 -0.299870 0.156738
20820.000000 3.080087 240.056399 -0.285784 0.150182
20840.000000 3.074454 240.097484 -0.271863 0.143768
20860.000000 3.069213 240.136857 -0.258127 0.137499
20880.000000 3.064346 240.174547 -0.244594 0.131375
20900.000000 3.059831 240.210586 -0.231280 0.125398
20920.000000 3.055650 240.245008 -0.218197 0.119568
20940.000000 3.051784 240.277845 -0.205355 0.113885
20960.000000 3.048216 240.309133 -0.192765 0.108348
20980.000000 3.044927 240.338906 -0.180433 0.102958
21000.000000 3.041901 240.367201 -0.168365 0.097712
21020.000000 3.039122 240.394052 -0.156564 0.092611
21040.000000 3.036575 240.419497 -0.145034 0.087652
21060.000000 3.034245 240.443571 -0.133776 0.082834
21080.000000 3.032118 240.466311 -0.122791 0.078155
21100.000000 3.030180 240.487753 -0.112078 0.073614
21120.000000 3.028419 240.507933 -0.101635 0.069208
21140.000000 3.026823 240.526887 -0.091461 0.064935
21160.000000 3.025381 240.544651 -0.081553 0.060794
21180.000000 3.024080 240.561258 -0.071907 0.056780
21200.000000 3.022913 240.576745 -0.062520 0.052893
21220.000000 3.021868 240.591145 -0.053387 0.049129
21240.000000 3.020936 240.604493 -0.044504 0.045487
21260.000000 3.020109 240.616820 -0.035866 0.041963
21280.000000 3.019380 240.628160 -0.027466 0.038555
21300.000000 3.018739 240.638545 -0.019301 0.035260
21320.000000 3.018181 240.648006 -0.011363 0.032077
21340.000000 3.017699 240.656575 -0.003648 0.029001
21360.000000 3.017285 240.664280 0.003851 0.026032
21380.000000 3.016935 240.671152 0.011139 0.023166
21400.000000 3.016643 240.677220 0.018223 0.020400
21420.000000 3.016404 240.682512 0.025109 0.017733
21440.000000 3.016213 240.687055 0.031803 0.015163
21460.000000 3.016065 240.690876 0.038311 0.012685
21480.000000 3.015957 240.694002 0.044639 0.010300
21500.000000 3.015884 240.696459 0.050793 0.008003
21520.000000 3.015844 240.698272 0.056779 0.005793
21540.000000 3.015831 240.699465 0.062602 0.003669
21560.000000 3.015845 240.700062 0.068270 0.001627
21580.000000 3.015880 240.700086 0.073787 -0.000334
21600.000000 3.015936 240.699561 0.079159 -0.002217
21620.000000 3.016009 240.698510 0.084392 -0.004022
21640.000000 3.016097 240.696952 0.089492 -0.005752
21660.000000 3.016197 240.694911 0.094462 -0.007409
21680.000000 3.016309 240.692406 0.099310 -0.008994
21700.000000 3.016429 240.689458 0.104040 -0.010508
21720.000000 3.016557 240.686087 0.108658 -0.011955
21740.000000 3.016691 240.682313 0.113167 -0.013334
21760.000000 3.016829 240.678153 0.117574 -0.014648
21780.000000 3.016969 240.673628 0.121883 -0.015897
21800.000000 3.017112 240.668755 0.126099 -0.017083
21820.000000 3.017255 240.663551 0.130227 -0.018208
21840.000000 3.017397 240.658036 0.134271 -0.019272
21860.000000 3.017538 240.652224 0.138235 -0.020277
21880.000000 3.017677 240.646135 0.142125 -0.021224
21900.000000 3.017812 240.639783 0.145944 -0.022113
21920.000000 3.017944 240.633185 0.149697 -0.022946
21940.000000 3.018071 240.626358 0.153388 -0.023723
21960.000000 3.018193 240.619317 0.157021 -0.024446
21980.000000 3.018309 240.612077 0.160601 -0.025115
22000.000000 3.018419 240.604654 0.164131 -0.025731
22020.000000 3.018522 240.597063 0.167615 -0.026294
22040.000000 3.018618 240.589319 0.171057 -0.026805
22060.000000 3.018707 240.581436 0.174462 -0.027265
22080.000000 3.018787 240.573429 0.177833 -0.027674
22100.000000 3.018860 240.565313 0.181174 -0.028033
22120.000000 3.018925 240.557101 0.184489 -0.028341
22140.000000 3.018981 240.548809 0.187781 -0.028600
22160.000000 3.019028 240.540450 0.191055 -0.028809
22180.000000 3.019067 240.532039 0.194313 -0.028969
22200.000000 3.019096 240.523589 0.197561 -0.029080
22220.000000 3.019117 240.515114 0.200801 -0.029141
22240.000000 3.019129 240.506629 0.204037 -0.029154
22260.000000 3.019131 240.498147 0.207273 -0.029118
22280.000000 3.019125 240.489683 0.210513 -0.029033
22300.000000 3.019110 240.481249 0.213760 -0.028898
22320.000000 3.019086 240.472861 0.217019 -0.028714
22340.000000 3.019053 240.464533 0.220292 -0.028481
22360.000000 3.019012 240.456278 0.223585 -0.028197
22380.000000 3.018963 240.448111 0.226900 -0.027864
22400.000000 3.018905 240.440047 0.230241 -0.027480
22420.000000 3.018840 240.432099 0.233613 -0.027044
22440.000000 3.018767 240.424283 0.237019 -0.026557
22460.000000 3.018687 240.416613 0.240464 -0.026018
22480.000000 3.018601 240.409104 0.243951 -0.025427
22500.000000 3.018508 240.401771 0.247484 -0.024781
22520.000000 3.018409 240.394630 0.251069 -0.024082
22540.000000 3.018305 240.387697 0.254708 -0.023328
22560.000000 3.018196 240.380987 0.258406 -0.022517
22580.000000 3.018084 240.374516 0.262169 -0.021650
22600.000000 3.017968 240.368300 0.265999 -0.020725
22620.000000 3.017850 240.362357 0.269902 -0.019741
22640.000000 3.017731 240.356704 0.273883 -0.018697
22660.000000 3.017610 240.351357 0.277945 -0.017591
22680.000000 3.017491 240.346334 0.282095 -0.016423
22700.000000 3.017373 240.341654 0.286337 -0.015192
22720.000000 3.017258 240.337335 0.290676 -0.013895
22740.000000 3.017147 240.333396 0.295117 -0.012531
22760.000000 3.017042 240.329856 0.299666 -0.011099
22780.000000 3.016944 240.326735 0.304329 -0.009597
22800.000000 3.016856 240.324053 0.309110 -0.008024
22820.000000 3.016778 240.321831 0.314015 -0.006377
22840.000000 3.016714 240.320090 0.319051 -0.004655
22860.000000 3.016665 240.318852 0.324223 -0.002855
22880.000000 3.016633 240.318140 0.329538 -0.000977
22900.000000 3.016622 240.317976 0.335002 0.000983
22920.000000 3.016633 240.318383 0.340621 0.003026
22940.000000 3.016671 240.319387 0.346401 0.005155
22960.000000 3.016738 240.321011 0.352351 0.007371
22980.000000 3.016838 240.323281 0.358476 0.009678
23000.000000 3.016975 240.326224 0.364783 0.012078
23020.000000 3.017153 240.329866 0.371280 0.014574
23040.000000 3.017375 240.334234 0.377974 0.017167
23060.000000 3.017648 240.339357 0.384873 0.019861
23080.000000 3.017976 240.345264 0.391983 0.022659
23100.000000 3.018364 240.351984 0.399312 0.025563
23120.000000 3.018819 240.359548 0.406869 0.028576
23140.000000 3.019346 240.367987 0.414661 0.031701
23160.000000 3.019954 240.377333 0.422696 0.034942
23180.000000 3.020648 240.387619 0.430981 0.038301
23200.000000 3.021437 240.398878 0.439524 0.041782
23220.000000 3.022329 240.411145 0.448334 0.045387
23240.000000 3.023334 240.424454 0.457418 0.049121
23260.000000 3.024460 240.438842 0.466783 0.052985
23280.000000 3.025718 240.454344 0.476437 0.056983
23300.000000 3.027119 240.470998 0.486387 0.061120
23320.000000 3.028675 240.488842 0.496640 0.065396
23340.000000 3.030398 240.507913 0.507203 0.069817
23360.000000 3.032302 240.528252 0.518081 0.074385
23380.000000 3.034399 240.549898 0.529280 0.079103
23400.000000 3.036706 240.572889 0.540805 0.083973
23420.000000 3.039237 240.597267 0.552661 0.089000
23440.000000 3.042010 240.623073 0.564851 0.094185
23460.000000 3.045042 240.650346 0.577376 0.099531
23480.000000 3.048352 240.679127 0.590239 0.105040
23500.000000 3.051958 240.709458 0.603439 0.110714
23520.000000 3.055882 240.741378 0.616976 0.116556
23540.000000 3.060145 240.774928 0.630845 0.122565
23560.000000 3.064768 240.810146 0.645042 0.128745
23580.000000 3.069776 240.847073 0.659560 0.135095
23600.000000 3.075191 240.885745 0.674390 0.141615
23620.000000 3.081039 240.926199 0.689521 0.148305
23640.000000 3.087346 240.968471 0.704938 0.155165
23660.000000 3.094137 241.012593 0.720624 0.162193
23680.000000 3.101440 241.058599 0.736558 0.169387
23700.000000 3.109282 241.106517 0.752716 0.176745
23720.000000 3.117690 241.156375 0.769071 0.184263
23740.000000 3.126693 241.208197 0.785591 0.191937
23760.000000 3.136317 241.262004 0.802240 0.199763
23780.000000 3.146591 241.317816 0.818976 0.207734
23800.000000 3.157541 241.375646 0.835755 0.215844
23820.000000 3.169194 241.435506 0.852525 0.224085
23840.000000 3.181575 241.497402 0.869232 0.232450
23860.000000 3.194709 241.561337 0.885812 0.240929
23880.000000 3.208617 241.627308 0.902199 0.249511
23900.000000 3.223320 241.695310 0.918320 0.258187
23920.000000 3.238837 241.765331 0.934095 0.266945
23940.000000 3.255183 241.837353 0.949440 0.275771
23960.000000 3.272371 241.911355 0.964263 0.284652
23980.000000 3.290409 241.987311 0.978468 0.293575
24000.000000 3.309303 242.065188 0.991950 0.302524
24020.000000 3.329054 242.144949 1.004601 0.311485
24040.000000 3.349658 242.226553 1.016307 0.320441
24060.000000 3.371107 242.309952 1.026949 0.329375
24080.000000 3.393385 242.395095 1.036401 0.338272
24100.000000 3.416472 242.481927 1.044536 0.347113
24120.000000 3.440342 242.570387 1.051220 0.355882
24140.000000 3.464959 242.660411 1.056318 0.364560
24160.000000 3.490283 242.751933 1.059693 0.373131
24180.000000 3.516264 242.844882 1.061204 0.381575
24200.000000 3.542842 242.939187 1.060713 0.389876
24220.000000 3.569951 243.034771 1.058081 0.398015
24240.000000 3.597511 243.131560 1.053171 0.405973
24260.000000 3.625434 243.229475 1.045851 0.413732
24280.000000 3.653619 243.328439 1.035994 0.421275
24300.000000 3.681953 243.428372 1.023481 0.428582
24320.000000 3.710309 243.529198 1.008202 0.435634
24340.000000 3.738548 243.630840 0.990061 0.442413
24360.000000 3.766514 243.733220 0.968976 0.448899
24380.000000 3.794040 243.836267 0.944881 0.455072
24400.000000 3.820942 243.939908 0.917735 0.460913
24420.000000 3.847026 244.044074 0.887515 0.466402
24440.000000 3.872084 244.148698 0.854228 0.471518
24460.000000 3.895902 244.253719 0.817908 0.476241
24480.000000 3.918256 244.359077 0.778621 0.480552
24500.000000 3.938926 244.464715 0.736468 0.484432
24520.000000 3.957691 244.570583 0.691583 0.487863
24540.000000 3.974341 244.676633 0.644139 0.490829
24560.000000 3.988679 244.782820 0.594346 0.493317
24580.000000 4.000531 244.889104 0.542448 0.495315
24600.000000 4.009747 244.995450 0.488728 0.496815
24620.000000 4.016206 245.101823 0.433499 0.497812
24640.000000 4.019826 245.208195 0.377101 0.498303
24660.000000 4.020557 245.314539 0.319900 0.498290
24680.000000 4.018392 245.420828 0.262276 0.497775
24700.000000 4.013361 245.527040 0.204615 0.496764
24720.000000 4.005533 245.633150 0.147307 0.495266
24740.000000 3.995011 245.739134 0.090731 0.493291
24760.000000 3.981932 245.844967 0.035250 0.490850
24780.000000 3.966464 245.950620 -0.018797 0.487957
24800.000000 3.948795 246.056064 -0.071098 0.484627
24820.000000 3.929134 246.161263 -0.121378 0.480876
24840.000000 3.907703 246.266180 -0.169398 0.476724
24860.000000 3.884731 246.370774 -0.214958 0.472189
24880.000000 3.860449 246.474998 -0.257894 0.467291
24900.000000 3.835086 246.578802 -0.298085 0.462051
24920.000000 3.808863 246.682134 -0.335443 0.456491
24940.000000 3.781988 246.784936 -0.369913 0.450631
24960.000000 3.754659 246.887148 -0.401473 0.444494
24980.000000 3.727055 246.988710 -0.430127 0.438100
25000.000000 3.699338 247.089555 -0.455904 0.431468
25020.000000 3.671655 247.189619 -0.478853 0.424619
25040.000000 3.644135 247.288834 -0.499042 0.417570
25060.000000 3.616888 247.387132 -0.516552 0.410339
25080.000000 3.590011 247.484446 -0.531478 0.402944
25100.000000 3.563587 247.580708 -0.543923 0.395399
25120.000000 3.537685 247.675850 -0.553997 0.387721
25140.000000 3.512362 247.769808 -0.561816 0.379923
25160.000000 3.487666 247.862515 -0.567498 0.372019
25180.000000 3.463635 247.953910 -0.571166 0.364024
25200.000000 3.440299 248.043932 -0.572941 0.355950
25220.000000 3.417684 248.132522 -0.572946 0.347808
25240.000000 3.395806 248.219624 -0.571300 0.339612
25260.000000 3.374680 248.305186 -0.568124 0.331374
25280.000000 3.354312 248.389156 -0.563534 0.323104
25300.000000 3.334708 248.471490 -0.557645 0.314815
25320.000000 3.315868 248.552142 -0.550565 0.306517
25340.000000 3.297791 248.631074 -0.542403 0.298221
25360.000000 3.280473 248.708249 -0.533262 0.289938
25380.000000 3.263906 248.783634 -0.523241 0.281679
25400.000000 3.248081 248.857202 -0.512433 0.273453
25420.000000 3.232987 248.928927 -0.500930 0.265270
25440.000000 3.218612 248.998790 -0.488817 0.257141
25460.000000 3.204940 249.066772 -0.476175 0.249075
25480.000000 3.191957 249.132862 -0.463081 0.241079
25500.000000 3.179646 249.197050 -0.449607 0.233163
25520.000000 3.167988 249.259331 -0.435820 0.225335
25540.000000 3.156964 249.319703 -0.421782 0.217601
25560.000000 3.146555 249.378169 -0.407553 0.209970
25580.000000 3.136741 249.434734 -0.393186 0.202448
25600.000000 3.127500 249.489407 -0.378731 0.195041
25620.000000 3.118812 249.542199 -0.364233 0.187753
25640.000000 3.110654 249.593125 -0.349735 0.180591
25660.000000 3.103006 249.642203 -0.335275 0.173558
25680.000000 3.095845 249.689453 -0.320886 0.166658
25700.000000 3.089151 249.734897 -0.306599 0.159896
25720.000000 3.082901 249.778559 -0.292443 0.153272
25740.000000 3.077074 249.820467 -0.278441 0.146791
25760.000000 3.071650 249.860648 -0.264615 0.140453
25780.000000 3.066608 249.899131 -0.250984 0.134260
25800.000000 3.061929 249.935949 -0.237564 0.128214
25820.000000 3.057592 249.971134 -0.224370 0.122314
25840.000000 3.053579 250.004718 -0.211413 0.116561
25860.000000 3.049872 250.036736 -0.198702 0.110955
25880.000000 3.046452 250.067223 -0.186247 0.105495
25900.000000 3.043304 250.096214 -0.174053 0.100181
25920.000000 3.040410 250.123745 -0.162125 0.095011
25940.000000 3.037755 250.149852 -0.150467 0.089985
25960.000000 3.035323 250.174572 -0.139080 0.085100
25980.000000 3.033102 250.197940 -0.127965 0.080356
26000.000000 3.031076 250.219993 -0.117123 0.075750
26020.000000 3.029233 250.240767 -0.106552 0.071280
26040.000000 3.027560 250.260298 -0.096251 0.066945
26060.000000 3.026046 250.278621 -0.086217 0.062741
26080.000000 3.024680 250.295772 -0.076448 0.058667
26100.000000 3.023450 250.311786 -0.066938 0.054720
26120.000000 3.022348 250.326697 -0.057686 0.050898
26140.000000 3.021364 250.340540 -0.048685 0.047199
26160.000000 3.020489 250.353346 -0.039931 0.043619
26180.000000 3.019714 250.365151 -0.031419 0.040156
26200.000000 3.019032 250.375984 -0.023143 0.036808
26220.000000 3.018436 250.385880 -0.015098 0.033572
26240.000000 3.017918 250.394868 -0.007279 0.030446
26260.000000 3.017473 250.402978 0.000322 0.027427
26280.000000 3.017094 250.410242 0.007709 0.024512
26300.000000 3.016775 250.416687 0.014890 0.021699
26320.000000 3.016511 250.422344 0.021869 0.018986
26340.000000 3.016298 250.427238 0.028653 0.016370
26360.000000 3.016130 250.431398 0.035248 0.013848
26380.000000 3.016004 250.434851 0.041661 0.011419
26400.000000 3.015915 250.437622 0.047896 0.009081
26420.000000 3.015859 250.439737 0.053961 0.006830
26440.000000 3.015834 250.441220 0.059861 0.004665
26460.000000 3.015835 250.442097 0.065602 0.002585
26480.000000 3.015861 250.442390 0.071190 0.000585
26500.000000 3.015907 250.442123 0.076630 -0.001334
26520.000000 3.015972 250.441318 0.081928 -0.003176
26540.000000 3.016053 250.439998 0.087090 -0.004941
26560.000000 3.016148 250.438183 0.092121 -0.006632
26580.000000 3.016255 250.435896 0.097027 -0.008251
26600.000000 3.016371 250.433155 0.101812 -0.009799
26620.000000 3.016496 250.429983 0.106482 -0.011278
26640.000000 3.016627 250.426397 0.111042 -0.012688
26660.000000 3.016763 250.422418 0.115497 -0.014033
26680.000000 3.016902 250.418064 0.119852 -0.015313
26700.000000 3.017044 250.413353 0.124112 -0.016529
26720.000000 3.017187 250.408304 0.128281 -0.017682
26740.000000 3.017330 250.402934 0.132364 -0.018775
26760.000000 3.017472 250.397261 0.136365 -0.019808
26780.000000 3.017611 250.391301 0.140290 -0.020782
26800.000000 3.017749 250.385072 0.144142 -0.021699
26820.000000 3.017882 250.378589 0.147926 -0.022558
26840.000000 3.018011 250.371868 0.151646 -0.023362
26860.000000 3.018136 250.364927 0.155306 -0.024110
26880.000000 3.018255 250.357779 0.158910 -0.024805
26900.000000 3.018367 250.350441 0.162463 -0.025445
26920.000000 3.018474 250.342928 0.165968 -0.026033
26940.000000 3.018573 250.335254 0.169430 -0.026569
26960.000000 3.018665 250.327435 0.172853 -0.027053
26980.000000 3.018750 250.319485 0.176239 -0.027487
27000.000000 3.018827 250.311419 0.179594 -0.027869
27020.000000 3.018895 250.303251 0.182920 -0.028201
27040.000000 3.018955 250.294996 0.186223 -0.028483
27060.000000 3.019007 250.286667 0.189505 -0.028716
27080.000000 3.019049 250.278278 0.192770 -0.028899
27100.000000 3.019083 250.269845 0.196022 -0.029033
27120.000000 3.019108 250.261380 0.199265 -0.029118
27140.000000 3.019124 250.252898 0.202503 -0.029154
27160.000000 3.019131 250.244413 0.205738 -0.029141
27180.000000 3.019129 250.235938 0.208976 -0.029079
27200.000000 3.019118 250.227489 0.212219 -0.028968
27220.000000 3.019098 250.219078 0.215472 -0.028807
27240.000000 3.019070 250.210719 0.218738 -0.028597
27260.000000 3.019033 250.202428 0.222021 -0.028338
27280.000000 3.018987 250.194217 0.225325 -0.028028
27300.000000 3.018934 250.186103 0.228653 -0.027668
27320.000000 3.018872 250.178098 0.232010 -0.027257
27340.000000 3.018803 250.170217 0.235400 -0.026795
27360.000000 3.018726 250.162476 0.238826 -0.026281
27380.000000 3.018643 250.154889 0.242292 -0.025714
27400.000000 3.018553 250.147471 0.245803 -0.025094
27420.000000 3.018456 250.140237 0.249363 -0.024420
27440.000000 3.018355 250.133203 0.252976 -0.023692
27460.000000 3.018248 250.126385 0.256645 -0.022908
27480.000000 3.018138 250.119799 0.260377 -0.022068
27500.000000 3.018023 250.113460 0.264174 -0.021171
27520.000000 3.017906 250.107386 0.268042 -0.020215
27540.000000 3.017787 250.101593 0.271986 -0.019199
27560.000000 3.017667 250.096099 0.276009 -0.018123
27580.000000 3.017547 250.090920 0.280117 -0.016985
27600.000000 3.017428 250.086076 0.284314 -0.015784
27620.000000 3.017312 250.081583 0.288607 -0.014518
27640.000000 3.017199 250.077461 0.292999 -0.013186
27660.000000 3.017091 250.073730 0.297496 -0.011787
27680.000000 3.016990 250.070408 0.302104 -0.010318
27700.000000 3.016896 250.067515 0.306828 -0.008779
27720.000000 3.016813 250.065072 0.311674 -0.007167
27740.000000 3.016743 250.063101 0.316647 -0.005481
27760.000000 3.016686 250.061622 0.321754 -0.003718
27780.000000 3.016646 250.060657 0.327000 -0.001877
27800.000000 3.016624 250.060230 0.332393 0.000043
27820.000000 3.016625 250.060364 0.337937 0.002047
27840.000000 3.016650 250.061082 0.343640 0.004135
27860.000000 3.016703 250.062409 0.349509 0.006309
27880.000000 3.016787 250.064370 0.355550 0.008573
27900.000000 3.016905 250.066990 0.361770 0.010929
27920.000000 3.017063 250.070297 0.368176 0.013379
27940.000000 3.017264 250.074318 0.374776 0.015925
27960.000000 3.017512 250.079079 0.381576 0.018571
27980.000000 3.017813 250.084611 0.388585 0.021319
28000.000000 3.018172 250.090942 0.395810 0.024173
28020.000000 3.018594 250.098102 0.403258 0.027134
28040.000000 3.019087 250.106122 0.410938 0.030206
28060.000000 3.019655 250.115034 0.418856 0.033391
28080.000000 3.020307 250.124871 0.427022 0.036694
28100.000000 3.021050 250.135664 0.435442 0.040117
28120.000000 3.021893 250.147449 0.444124 0.043663
28140.000000 3.022843 250.160259 0.453077 0.047335
28160.000000 3.023910 250.174131 0.462308 0.051136
28180.000000 3.025105 250.189100 0.471824 0.055071
28200.000000 3.026437 250.205204 0.481633 0.059141
28220.000000 3.027918 250.222479 0.491742 0.063351
28240.000000 3.029560 250.240964 0.502157 0.067703
28260.000000 3.031376 250.260697 0.512884 0.072201
28280.000000 3.033380 250.281718 0.523931 0.076847
28300.000000 3.035585 250.304067 0.535301 0.081645
28320.000000 3.038008 250.327782 0.547000 0.086598
28340.000000 3.040665 250.352906 0.559031 0.091707
28360.000000 3.043572 250.379478 0.571397 0.096976
28380.000000 3.046747 250.407540 0.584099 0.102408
28400.000000 3.050211 250.437131 0.597140 0.108004
28420.000000 3.053981 250.468293 0.610517 0.113766
28440.000000 3.058081 250.501065 0.624229 0.119695
28460.000000 3.062530 250.535488 0.638271 0.125794
28480.000000 3.067353 250.571600 0.652638 0.132063
28500.000000 3.072571 250.609440 0.667322 0.138503
28520.000000 3.078211 250.649044 0.682312 0.145112
28540.000000 3.084298 250.690450 0.697595 0.151892
28560.000000 3.090856 250.733691 0.713156 0.158841
28580.000000 3.097913 250.778801 0.728975 0.165956
28600.000000 3.105496 250.825809 0.745030 0.173237
28620.000000 3.113632 250.874744 0.761296 0.180680
28640.000000 3.122349 250.925632 0.777742 0.188280
28660.000000 3.131675 250.978496 0.794334 0.196035
28680.000000 3.141638 251.033355 0.811034 0.203937
28700.000000 3.152264 251.090227 0.827799 0.211982
28720.000000 3.163581 251.149123 0.844580 0.220162
28740.000000 3.175614 251.210053 0.861324 0.228470
28760.000000 3.188388 251.273022 0.877972 0.236896
28780.000000 3.201926 251.338028 0.894460 0.245431
28800.000000 3.216250 251.405069 0.910716 0.254064
28820.000000 3.231379 251.474134 0.926665 0.262784
28840.000000 3.247330 251.545210 0.942225 0.271579
28860.000000 3.264117 251.618277 0.957308 0.280436
28880.000000 3.281751 251.693310 0.971818 0.289341
28900.000000 3.300240 251.770281 0.985655 0.298280
28920.000000 3.319585 251.849154 0.998715 0.307237
28940.000000 3.339785 251.929890 1.010883 0.316197
28960.000000 3.360835 252.012444 1.022045 0.325143
28980.000000 3.382722 252.096767 1.032077 0.334060
29000.000000 3.405428 252.182805 1.040852 0.342930
29020.000000 3.428931 252.270501 1.048241 0.351735
29040.000000 3.453199 252.359792 1.054108 0.360459
29060.000000 3.478194 252.450612 1.058317 0.369083
29080.000000 3.503870 252.542894 1.060729 0.377589
29100.000000 3.530172 252.636565 1.061205 0.385960
29120.000000 3.557039 252.731553 1.059605 0.394178
29140.000000 3.584395 252.827780 1.055791 0.402224
29160.000000 3.612158 252.925171 1.049630 0.410080
29180.000000 3.640232 253.023647 1.040991 0.417728
29200.000000 3.668511 253.123131 1.029751 0.425148
29220.000000 3.696873 253.223543 1.015796 0.432324
29240.000000 3.725186 253.324808 0.999023 0.439235
29260.000000 3.753301 253.426847 0.979342 0.445862
29280.000000 3.781058 253.529587 0.956681 0.452186
29300.000000 3.808279 253.632955 0.930986 0.458187
29320.000000 3.834776 253.736880 0.902224 0.463845
29340.000000 3.860347 253.841296 0.870388 0.469141
29360.000000 3.884780 253.946136 0.835499 0.474053
29380.000000 3.907856 254.051341 0.797609 0.478561
29400.000000 3.929352 254.156853 0.756799 0.482648
29420.000000 3.949047 254.262619 0.713190 0.486294
29440.000000 3.966724 254.368588 0.666936 0.489482
29460.000000 3.982182 254.474715 0.618228 0.492198
29480.000000 3.995233 254.580958 0.567295 0.494430
29500.000000 4.005715 254.687279 0.514402 0.496167
29520.000000 4.013494 254.793643 0.459847 0.497402
29540.000000 4.018468 254.900020 0.403959 0.498133
29560.000000 4.020572 255.006380 0.347092 0.498359
29580.000000 4.019779 255.112698 0.289620 0.498081
29600.000000 4.016100 255.218949 0.231928 0.497304
29620.000000 4.009587 255.325110 0.174405 0.496036
29640.000000 4.000326 255.431157 0.117435 0.494286
29660.000000 3.988441 255.537065 0.061391 0.492064
29680.000000 3.974083 255.642807 0.006624 0.489384
29700.000000 3.957432 255.748354 -0.046541 0.486259
29720.000000 3.938688 255.853674 -0.097812 0.482706
29740.000000 3.918068 255.958730 -0.146930 0.478741
29760.000000 3.895798 256.063483 -0.193679 0.474385
29780.000000 3.872108 256.167887 -0.237876 0.469656
29800.000000 3.847230 256.271897 -0.279382 0.464576
29820.000000 3.821387 256.375460 -0.318091 0.459165
29840.000000 3.794796 256.478520 -0.353935 0.453445
29860.000000 3.767659 256.581020 -0.386875 0.447437
29880.000000 3.740164 256.682898 -0.416904 0.441162
29900.000000 3.712481 256.784091 -0.444040 0.434640
29920.000000 3.684765 256.884533 -0.468323 0.427892
29940.000000 3.657153 256.984159 -0.489811 0.420935
29960.000000 3.629763 257.082900 -0.508580 0.413789
29980.000000 3.602700 257.180689 -0.524719 0.406469
30000.000000 3.576052 257.277458 -0.538326 0.398993
30020.000000 3.549895 257.373140 -0.549510 0.391376
30040.000000 3.524291 257.467667 -0.558383 0.383633
30060.000000 3.499292 257.560975 -0.565063 0.375778
30080.000000 3.474941 257.653000 -0.569671 0.367825
30100.000000 3.451273 257.743680 -0.572328 0.359786
30120.000000 3.428314 257.832956 -0.573156 0.351675
30140.000000 3.406084 257.920770 -0.572278 0.343504
30160.000000 3.384600 258.007068 -0.569813 0.335284
30180.000000 3.363872 258.091799 -0.565879 0.327027
30200.000000 3.343905 258.174914 -0.560592 0.318746
30220.000000 3.324703 258.256369 -0.554063 0.310451
30240.000000 3.306266 258.336121 -0.546401 0.302152
30260.000000 3.288588 258.414133 -0.537711 0.293862
30280.000000 3.271666 258.490370 -0.528095 0.285590
30300.000000 3.255491 258.564803 -0.517648 0.277347
30320.000000 3.240052 258.637405 -0.506464 0.269143
30340.000000 3.225337 258.708152 -0.494630 0.260988
30360.000000 3.211334 258.777028 -0.482229 0.252890
30380.000000 3.198027 258.844016 -0.469340 0.244860
30400.000000 3.185399 258.909106 -0.456037 0.236905
30420.000000 3.173434 258.972292 -0.442390 0.229034
30440.000000 3.162112 259.033569 -0.428464 0.221255
30460.000000 3.151414 259.092938 -0.414318 0.213575
30480.000000 3.141320 259.150403 -0.400010 0.206000
30500.000000 3.131810 259.205972 -0.385591 0.198537
30520.000000 3.122863 259.259654 -0.371108 0.191192
30540.000000 3.114456 259.311462 -0.356606 0.183970
30560.000000 3.106569 259.361414 -0.342123 0.176875
30580.000000 3.099180 259.409528 -0.327696 0.169912
30600.000000 3.092267 259.455825 -0.313357 0.163084
30620.000000 3.085809 259.500329 -0.299135 0.156394
30640.000000 3.079785 259.543065 -0.285057 0.149845
30660.000000 3.074172 259.584061 -0.271145 0.143439
30680.000000 3.068952 259.623345 -0.257420 0.137178
30700.000000 3.064103 259.660949 -0.243898 0.131062
30720.000000 3.059606 259.696903 -0.230595 0.125092
30740.000000 3.055442 259.731242 -0.217525 0.119270
30760.000000 3.051592 259.763998 -0.204696 0.113594
30780.000000 3.048038 259.795207 -0.192119 0.108065
30800.000000 3.044764 259.824902 -0.179801 0.102682
30820.000000 3.041751 259.853121 -0.167746 0.097444
30840.000000 3.038985 259.879899 -0.155960 0.092350
30860.000000 3.036449 259.905271 -0.144444 0.087398
30880.000000 3.034130 259.929276 -0.133200 0.082588
30900.000000 3.032013 259.951947 -0.122229 0.077916
30920.000000 3.030084 259.973323 -0.111529 0.073382
30940.000000 3.028332 259.993439 -0.101101 0.068983
30960.000000 3.026745 260.012330 -0.090941 0.064717
30980.000000 3.025310 260.030033 -0.081046 0.060582
31000.000000 3.024017 260.046581 -0.071414 0.056576
31020.000000 3.022856 260.062011 -0.062040 0.052695
31040.000000 3.021817 260.076356 -0.052920 0.048937
31060.000000 3.020891 260.089649 -0.044050 0.045301
31080.000000 3.020069 260.101925 -0.035424 0.041783
31100.000000 3.019344 260.113215 -0.027037 0.038381
31120.000000 3.018708 260.123551 -0.018883 0.035093
31140.000000 3.018154 260.132965 -0.010958 0.031915
31160.000000 3.017675 260.141488 -0.003254 0.028845
31180.000000 3.017266 260.149149 0.004234 0.025881
31200.000000 3.016919 260.155979 0.011511 0.023020
31220.000000 3.016630 260.162006 0.018585 0.020260
31240.000000 3.016393 260.167258 0.025461 0.017598
31260.000000 3.016204 260.171763 0.032145 0.015032
31280.000000 3.016059 260.175548 0.038644 0.012559
31300.000000 3.015952 260.178638 0.044962 0.010178
31320.000000 3.015882 260.181061 0.051107 0.007886
31340.000000 3.015842 260.182841 0.057085 0.005681
31360.000000 3.015831 260.184002 0.062900 0.003561
31380.000000 3.015846 260.184569 0.068560 0.001523
31400.000000 3.015883 260.184565 0.074069 -0.000434
31420.000000 3.015939 260.184012 0.079434 -0.002312
31440.000000 3.016013 260.182934 0.084660 -0.004114
31460.000000 3.016102 260.181351 0.089753 -0.005840
31480.000000 3.016203 260.179285 0.094717 -0.007493
31500.000000 3.016315 260.176756 0.099558 -0.009074
31520.000000 3.016436 260.173786 0.104283 -0.010585
31540.000000 3.016564 260.170394 0.108894 -0.012028
31560.000000 3.016698 260.166599 0.113398 -0.013404
31580.000000 3.016836 260.162420 0.117800 -0.014714
31600.000000 3.016977 260.157876 0.122104 -0.015960
31620.000000 3.017119 260.152986 0.126316 -0.017143
31640.000000 3.017262 260.147766 0.130439 -0.018265
31660.000000 3.017405 260.142234 0.134478 -0.019326
31680.000000 3.017545 260.136408 0.138439 -0.020328
31700.000000 3.017684 260.130304 0.142325 -0.021271
31720.000000 3.017819 260.123939 0.146140 -0.022158
31740.000000 3.017951 260.117330 0.149890 -0.022988
31760.000000 3.018077 260.110491 0.153578 -0.023762
31780.000000 3.018199 260.103439 0.157208 -0.024482
31800.000000 3.018315 260.096189 0.160785 -0.025148
31820.000000 3.018424 260.088757 0.164312 -0.025761
31840.000000 3.018527 260.081158 0.167794 -0.026322
31860.000000 3.018623 260.073406 0.171235 -0.026830
31880.000000 3.018711 260.065516 0.174638 -0.027288
31900.000000 3.018791 260.057503 0.178007 -0.027694
31920.000000 3.018864 260.049382 0.181347 -0.028050
31940.000000 3.018928 260.041166 0.184660 -0.028356
31960.000000 3.018983 260.032870 0.187951 -0.028612
31980.000000 3.019030 260.024508 0.191224 -0.028818
