0.000000 3.988456 196.004800 0.627932 -0.700134
20.000000 3.964193 195.854306 0.714383 -0.698133
40.000000 3.934419 195.703155 0.795424 -0.695589
60.000000 3.899859 195.551250 0.870461 -0.692532
80.000000 3.861280 195.398518 0.939071 -0.689002
100.000000 3.819453 195.244902 1.000997 -0.685036
120.000000 3.775114 195.090368 1.056121 -0.680675
140.000000 3.728938 194.934900 1.104456 -0.675957
160.000000 3.681523 194.778502 1.146115 -0.670921
180.000000 3.633388 194.621190 1.181293 -0.665599
200.000000 3.584968 194.462997 1.210250 -0.660025
220.000000 3.536628 194.303964 1.233288 -0.654227
240.000000 3.488665 194.144144 1.250736 -0.648233
260.000000 3.441319 193.983595 1.262940 -0.642068
280.000000 3.394785 193.822380 1.270248 -0.635756
300.000000 3.349220 193.660570 1.273008 -0.629320
320.000000 3.304747 193.498234 1.271555 -0.622780
340.000000 3.261464 193.335448 1.266214 -0.616157
360.000000 3.219448 193.172287 1.257293 -0.609471
380.000000 3.178760 193.008825 1.245086 -0.602741
400.000000 3.139445 192.845139 1.229869 -0.595985
420.000000 3.101536 192.681304 1.211901 -0.589221
440.000000 3.065057 192.517393 1.191425 -0.582470
460.000000 3.030023 192.353478 1.168668 -0.575747
480.000000 2.996443 192.189627 1.143845 -0.569073
500.000000 2.964320 192.025907 1.117153 -0.562464
520.000000 2.933650 191.862379 1.088778 -0.555939
540.000000 2.904426 191.699101 1.058892 -0.549516
560.000000 2.876640 191.536126 1.027655 -0.543211
580.000000 2.850277 191.373504 0.995216 -0.537044
600.000000 2.825320 191.211276 0.961711 -0.531030
620.000000 2.801753 191.049479 0.927268 -0.525186
640.000000 2.779555 190.888145 0.892000 -0.519529
660.000000 2.758703 190.727299 0.856016 -0.514074
680.000000 2.739175 190.566959 0.819410 -0.508836
700.000000 2.720946 190.407139 0.782269 -0.503829
720.000000 2.703991 190.247843 0.744674 -0.499066
740.000000 2.688285 190.089072 0.706694 -0.494559
760.000000 2.673802 189.930821 0.668392 -0.490320
780.000000 2.660515 189.773077 0.629826 -0.486359
800.000000 2.648398 189.615823 0.591046 -0.482685
820.000000 2.637427 189.459037 0.552097 -0.479306
840.000000 2.627575 189.302691 0.513018 -0.476230
860.000000 2.618820 189.146754 0.473844 -0.473462
880.000000 2.611138 188.991189 0.434609 -0.471007
900.000000 2.604508 188.835957 0.395339 -0.468870
920.000000 2.598908 188.681016 0.356062 -0.467053
940.000000 2.594321 188.526320 0.316799 -0.465558
960.000000 2.590729 188.371822 0.277573 -0.464387
980.000000 2.588115 188.217473 0.238404 -0.463538
1000.000000 2.586467 188.063223 0.199311 -0.463012
1020.000000 2.585772 187.909022 0.160314 -0.462807
1040.000000 2.586019 187.754818 0.121432 -0.462920
1060.000000 2.587201 187.600561 0.082683 -0.463348
1080.000000 2.589308 187.446202 0.044087 -0.464086
1100.000000 2.592337 187.291692 0.005665 -0.465131
1120.000000 2.596283 187.136986 -0.032562 -0.466475
1140.000000 2.601143 186.982039 -0.070571 -0.468113
1160.000000 2.606916 186.826809 -0.108337 -0.470038
1180.000000 2.613600 186.671257 -0.145834 -0.472241
1200.000000 2.621197 186.515349 -0.183031 -0.474715
1220.000000 2.629708 186.359051 -0.219898 -0.477450
1240.000000 2.639133 186.202337 -0.256401 -0.480438
1260.000000 2.649476 186.045182 -0.292501 -0.483666
1280.000000 2.660739 185.887566 -0.328158 -0.487126
1300.000000 2.672924 185.729474 -0.363329 -0.490806
1320.000000 2.686034 185.570894 -0.397964 -0.494695
1340.000000 2.700070 185.411821 -0.432012 -0.498780
1360.000000 2.715037 185.252252 -0.465417 -0.503049
1380.000000 2.730935 185.092190 -0.498118 -0.507491
1400.000000 2.747768 184.931643 -0.530049 -0.512093
1420.000000 2.765537 184.770622 -0.561141 -0.516842
1440.000000 2.784245 184.609143 -0.591319 -0.521727
1460.000000 2.803895 184.447225 -0.620502 -0.526736
1480.000000 2.824491 184.284894 -0.648605 -0.531856
1500.000000 2.846037 184.122177 -0.675538 -0.537076
1520.000000 2.868540 183.959105 -0.701205 -0.542386
1540.000000 2.892006 183.795714 -0.725502 -0.547775
1560.000000 2.916446 183.632041 -0.748322 -0.553234
1580.000000 2.941872 183.468127 -0.769550 -0.558754
1600.000000 2.968298 183.304017 -0.789063 -0.564326
1620.000000 2.995743 183.139757 -0.806732 -0.569943
1640.000000 3.024228 182.975396 -0.822418 -0.575597
1660.000000 3.053776 182.810986 -0.835975 -0.581283
1680.000000 3.084416 182.646580 -0.847244 -0.586994
1700.000000 3.116179 182.482234 -0.856057 -0.592726
1720.000000 3.149097 182.318007 -0.862233 -0.598472
1740.000000 3.183205 182.153959 -0.865575 -0.604227
1760.000000 3.218536 181.990151 -0.865876 -0.609987
1780.000000 3.255123 181.826649 -0.862908 -0.615744
1800.000000 3.292991 181.663518 -0.856429 -0.621491
1820.000000 3.332159 181.500827 -0.846182 -0.627222
1840.000000 3.372627 181.338643 -0.831891 -0.632924
1860.000000 3.414376 181.177036 -0.813267 -0.638588
1880.000000 3.457358 181.016076 -0.790008 -0.644198
1900.000000 3.501484 180.855830 -0.761808 -0.649737
1920.000000 3.546613 180.696362 -0.728362 -0.655184
1940.000000 3.592540 180.537733 -0.689376 -0.660514
1960.000000 3.638983 180.379995 -0.644580 -0.665699
1980.000000 3.685570 180.223190 -0.593751 -0.670706
2000.000000 3.731832 180.067345 -0.536723 -0.675499
2020.000000 3.777197 179.912474 -0.473421 -0.680037
2040.000000 3.820998 179.758567 -0.403878 -0.684280
2060.000000 3.862484 179.605596 -0.328265 -0.688181
2080.000000 3.900846 179.453506 -0.246915 -0.691698
2100.000000 3.935253 179.302219 -0.160337 -0.694789
2120.000000 3.964891 179.151633 -0.069230 -0.697414
2140.000000 3.989010 179.001622 0.025523 -0.699539
2160.000000 4.006968 178.852045 0.122873 -0.701135
2180.000000 4.018267 178.702743 0.221646 -0.702178
2200.000000 4.022588 178.553550 0.320589 -0.702648
2220.000000 4.019809 178.404300 0.418435 -0.702533
2240.000000 4.010012 178.254831 0.513961 -0.701828
2260.000000 3.993477 178.104990 0.606047 -0.700537
2280.000000 3.970663 177.954639 0.693710 -0.698674
2300.000000 3.942173 177.803658 0.776136 -0.696259
2320.000000 3.908713 177.651946 0.852687 -0.693325
2340.000000 3.871046 177.499422 0.922899 -0.689907
2360.000000 3.829944 177.346026 0.986476 -0.686044
2380.000000 3.786154 177.191719 1.043267 -0.681776
2400.000000 3.740369 177.036480 1.093256 -0.677142
2420.000000 3.693206 176.880308 1.136532 -0.672180
2440.000000 3.645203 176.723218 1.173274 -0.666925
2460.000000 3.596817 176.565236 1.203726 -0.661410
2480.000000 3.548428 176.406405 1.228182 -0.655664
2500.000000 3.500348 176.246772 1.246966 -0.649715
2520.000000 3.452831 176.086395 1.260420 -0.643590
2540.000000 3.406083 175.925337 1.268894 -0.637312
2560.000000 3.360269 175.763666 1.272735 -0.630905
2580.000000 3.315518 175.601452 1.272282 -0.624388
2600.000000 3.271936 175.438769 1.267862 -0.617784
2620.000000 3.229605 175.275693 1.259790 -0.611111
2640.000000 3.188587 175.112297 1.248361 -0.604390
2660.000000 3.148933 174.948660 1.233855 -0.597638
2680.000000 3.110677 174.784854 1.216537 -0.590875
2700.000000 3.073847 174.620955 1.196652 -0.584119
2720.000000 3.038458 174.457034 1.174434 -0.577388
2740.000000 3.004523 174.293162 1.150097 -0.570700
2760.000000 2.972043 174.129403 1.123844 -0.564074
2780.000000 2.941018 173.965823 1.095865 -0.557526
2800.000000 2.911441 173.802479 1.066333 -0.551076
2820.000000 2.883305 173.639425 1.035412 -0.544741
2840.000000 2.856595 173.476713 1.003254 -0.538539
2860.000000 2.831296 173.314384 0.969998 -0.532486
2880.000000 2.807391 173.152479 0.935773 -0.526599
2900.000000 2.784859 172.991030 0.900697 -0.520895
2920.000000 2.763680 172.830062 0.864879 -0.515389
2940.000000 2.743830 172.669597 0.828416 -0.510096
2960.000000 2.725286 172.509648 0.791399 -0.505032
2980.000000 2.708022 172.350224 0.753908 -0.500208
3000.000000 2.692013 172.191325 0.716016 -0.495637
3020.000000 2.677233 172.032948 0.677787 -0.491332
3040.000000 2.663655 171.875081 0.639281 -0.487302
3060.000000 2.651255 171.717709 0.600549 -0.483557
3080.000000 2.640006 171.560811 0.561637 -0.480105
3100.000000 2.629883 171.404360 0.522586 -0.476954
3120.000000 2.620862 171.248326 0.483433 -0.474110
3140.000000 2.612919 171.092674 0.444210 -0.471579
3160.000000 2.606034 170.937364 0.404947 -0.469363
3180.000000 2.600184 170.782356 0.365668 -0.467468
3200.000000 2.595351 170.627605 0.326400 -0.465894
3220.000000 2.591516 170.473063 0.287163 -0.464643
3240.000000 2.588665 170.318682 0.247978 -0.463716
3260.000000 2.586782 170.164413 0.208865 -0.463111
3280.000000 2.585855 170.010204 0.169843 -0.462828
3300.000000 2.585872 169.856005 0.130931 -0.462863
3320.000000 2.586826 169.701766 0.092148 -0.463214
3340.000000 2.588708 169.547436 0.053513 -0.463877
3360.000000 2.591512 169.392968 0.015046 -0.464847
3380.000000 2.595233 169.238314 -0.023231 -0.466119
3400.000000 2.599870 169.083430 -0.061296 -0.467685
3420.000000 2.605419 168.928272 -0.099123 -0.469541
3440.000000 2.611881 168.772803 -0.136688 -0.471677
3460.000000 2.619254 168.616985 -0.173962 -0.474085
3480.000000 2.627541 168.460785 -0.210913 -0.476758
3500.000000 2.636743 168.304176 -0.247508 -0.479684
3520.000000 2.646861 168.147130 -0.283710 -0.482855
3540.000000 2.657899 167.989628 -0.319480 -0.486259
3560.000000 2.669858 167.831654 -0.354774 -0.489886
3580.000000 2.682741 167.673194 -0.389545 -0.493725
3600.000000 2.696551 167.514242 -0.423741 -0.497763
3620.000000 2.711290 167.354794 -0.457309 -0.501988
3640.000000 2.726960 167.194853 -0.490188 -0.506389
3660.000000 2.743564 167.034423 -0.522313 -0.510953
3680.000000 2.761104 166.873517 -0.553617 -0.515668
3700.000000 2.779582 166.712148 -0.584026 -0.520520
3720.000000 2.799001 166.550336 -0.613460 -0.525500
3740.000000 2.819366 166.388103 -0.641836 -0.530593
3760.000000 2.840679 166.225478 -0.669064 -0.535790
3780.000000 2.862947 166.062490 -0.695049 -0.541079
3800.000000 2.886177 165.899173 -0.719691 -0.546450
3820.000000 2.910378 165.735565 -0.742883 -0.551893
3840.000000 2.935561 165.571707 -0.764511 -0.557399
3860.000000 2.961741 165.407640 -0.784455 -0.562959
3880.000000 2.988935 165.243413 -0.802588 -0.568565
3900.000000 3.017163 165.079072 -0.818772 -0.574211
3920.000000 3.046449 164.914669 -0.832864 -0.579890
3940.000000 3.076819 164.750256 -0.844708 -0.585595
3960.000000 3.108304 164.585891 -0.854138 -0.591322
3980.000000 3.140936 164.421629 -0.860976 -0.597065
4000.000000 3.174750 164.257531 -0.865030 -0.602819
4020.000000 3.209779 164.093659 -0.866095 -0.608578
4040.000000 3.246056 163.930076 -0.863948 -0.614336
4060.000000 3.283609 163.766848 -0.858352 -0.620087
4080.000000 3.322458 163.604043 -0.849052 -0.625822
4100.000000 3.362608 163.441728 -0.835776 -0.631533
4120.000000 3.404048 163.279974 -0.818239 -0.637207
4140.000000 3.446735 163.118849 -0.796142 -0.642832
4160.000000 3.490592 162.958422 -0.769179 -0.648390
4180.000000 3.535491 162.798759 -0.737044 -0.653861
4200.000000 3.581246 162.639920 -0.699439 -0.659222
4220.000000 3.627593 162.481959 -0.656087 -0.664445
4240.000000 3.674185 162.324923 -0.606751 -0.669499
4260.000000 3.720575 162.168841 -0.551251 -0.674348
4280.000000 3.766218 162.013732 -0.489484 -0.678953
4300.000000 3.810468 161.859591 -0.421458 -0.683272
4320.000000 3.852593 161.706395 -0.347306 -0.687261
4340.000000 3.891796 161.554096 -0.267319 -0.690876
4360.000000 3.927247 161.402621 -0.181963 -0.694074
4380.000000 3.958124 161.251874 -0.091889 -0.696817
4400.000000 3.983657 161.101735 0.002063 -0.699067
4420.000000 4.003174 160.952066 0.098883 -0.700795
4440.000000 4.016139 160.802712 0.197422 -0.701975
4460.000000 4.022186 160.653508 0.296441 -0.702586
4480.000000 4.021144 160.504287 0.394670 -0.702615
4500.000000 4.013045 160.354886 0.490872 -0.702055
4520.000000 3.998122 160.205149 0.583896 -0.700907
4540.000000 3.976793 160.054935 0.672723 -0.699181
4560.000000 3.949629 159.904118 0.756496 -0.696899
4580.000000 3.917316 159.752593 0.834533 -0.694089
4600.000000 3.880606 159.600274 0.906329 -0.690786
4620.000000 3.840274 159.447096 0.971548 -0.687028
4640.000000 3.797075 159.293014 1.030006 -0.682855
4660.000000 3.751718 159.138004 1.081654 -0.678307
4680.000000 3.704839 158.982060 1.126559 -0.673422
4700.000000 3.656997 158.825192 1.164878 -0.668236
4720.000000 3.608666 158.667425 1.196843 -0.662781
4740.000000 3.560246 158.508797 1.222737 -0.657089
4760.000000 3.512065 158.349355 1.242877 -0.651188
4780.000000 3.464390 158.189155 1.257603 -0.645104
4800.000000 3.417438 158.028257 1.267262 -0.638861
4820.000000 3.371381 157.866730 1.272205 -0.632483
4840.000000 3.326360 157.704642 1.272771 -0.625991
4860.000000 3.282484 157.542067 1.269293 -0.619406
4880.000000 3.239840 157.379080 1.262086 -0.612749
4900.000000 3.198496 157.215755 1.251451 -0.606038
4920.000000 3.158504 157.052170 1.237673 -0.599292
4940.000000 3.119904 156.888399 1.221019 -0.592530
4960.000000 3.082723 156.724516 1.201740 -0.585770
4980.000000 3.046981 156.560594 1.180072 -0.579031
5000.000000 3.012689 156.396703 1.156234 -0.572331
5020.000000 2.979853 156.232911 1.130432 -0.565688
5040.000000 2.948472 156.069281 1.102858 -0.559120
5060.000000 2.918542 155.905874 1.073691 -0.552644
5080.000000 2.890055 155.742745 1.043095 -0.546279
5100.000000 2.862997 155.579944 1.011227 -0.540043
5120.000000 2.837354 155.417518 0.978227 -0.533951
5140.000000 2.813110 155.255506 0.944227 -0.528022
5160.000000 2.790245 155.093943 0.909349 -0.522272
5180.000000 2.768737 154.932855 0.873703 -0.516717
5200.000000 2.748564 154.772266 0.837389 -0.511371
5220.000000 2.729703 154.612190 0.800500 -0.506249
5240.000000 2.712128 154.452637 0.763118 -0.501365
5260.000000 2.695814 154.293610 0.725318 -0.496731
5280.000000 2.680736 154.135105 0.687166 -0.492360
5300.000000 2.666867 153.977115 0.648723 -0.488262
5320.000000 2.654181 153.819624 0.610041 -0.484446
5340.000000 2.642652 153.662612 0.571169 -0.480922
5360.000000 2.632256 153.506055 0.532149 -0.477697
5380.000000 2.622968 153.349922 0.493018 -0.474777
5400.000000 2.614764 153.194179 0.453809 -0.472169
5420.000000 2.607621 153.038790 0.414553 -0.469876
5440.000000 2.601520 152.883712 0.375276 -0.467902
5460.000000 2.596440 152.728902 0.336003 -0.466249
5480.000000 2.592363 152.574313 0.296756 -0.464919
5500.000000 2.589272 152.419897 0.257557 -0.463913
5520.000000 2.587154 152.265605 0.218425 -0.463229
5540.000000 2.585994 152.111387 0.179379 -0.462867
5560.000000 2.585781 151.957190 0.140438 -0.462825
5580.000000 2.586507 151.802965 0.101621 -0.463099
5600.000000 2.588162 151.648662 0.062948 -0.463687
5620.000000 2.590741 151.494232 0.024438 -0.464582
5640.000000 2.594238 151.339628 -0.013887 -0.465780
5660.000000 2.598651 151.184804 -0.052006 -0.467275
5680.000000 2.603978 151.029717 -0.089894 -0.469061
5700.000000 2.610216 150.874328 -0.127526 -0.471129
5720.000000 2.617367 150.718598 -0.164873 -0.473471
5740.000000 2.625430 150.562495 -0.201906 -0.476080
5760.000000 2.634408 150.405988 -0.238591 -0.478945
5780.000000 2.644302 150.249051 -0.274893 -0.482057
5800.000000 2.655114 150.091663 -0.310773 -0.485406
5820.000000 2.666848 149.933805 -0.346187 -0.488979
5840.000000 2.679505 149.775465 -0.381090 -0.492767
5860.000000 2.693088 149.616634 -0.415433 -0.496757
5880.000000 2.707599 149.457307 -0.449159 -0.500938
5900.000000 2.723041 149.297486 -0.482212 -0.505297
5920.000000 2.739416 149.137175 -0.514529 -0.509822
5940.000000 2.756727 148.976384 -0.546040 -0.514501
5960.000000 2.774975 148.815127 -0.576675 -0.519321
5980.000000 2.794164 148.653421 -0.606355 -0.524271
6000.000000 2.814297 148.491289 -0.634997 -0.529338
6020.000000 2.835378 148.328757 -0.662515 -0.534510
6040.000000 2.857412 148.165854 -0.688813 -0.539778
6060.000000 2.880405 148.002615 -0.713793 -0.545130
6080.000000 2.904368 147.839075 -0.737350 -0.550556
6100.000000 2.929310 147.675273 -0.759372 -0.556047
6120.000000 2.955244 147.511254 -0.779739 -0.561594
6140.000000 2.982189 147.347061 -0.798327 -0.567190
6160.000000 3.010161 147.182743 -0.815001 -0.572827
6180.000000 3.039186 147.018351 -0.829619 -0.578498
6200.000000 3.069289 146.853936 -0.842028 -0.584197
6220.000000 3.100498 146.689553 -0.852064 -0.589920
6240.000000 3.132847 146.525261 -0.859553 -0.595659
6260.000000 3.166368 146.361117 -0.864307 -0.601411
6280.000000 3.201097 146.197184 -0.866123 -0.607169
6300.000000 3.237066 146.033524 -0.864783 -0.612928
6320.000000 3.274304 145.870204 -0.860053 -0.618681
6340.000000 3.312835 145.707289 -0.851683 -0.624421
6360.000000 3.352667 145.544848 -0.839406 -0.630139
6380.000000 3.393794 145.382950 -0.822938 -0.635823
6400.000000 3.436182 145.221665 -0.801984 -0.641461
6420.000000 3.479762 145.061061 -0.776240 -0.647037
6440.000000 3.524421 144.901205 -0.745399 -0.652532
6460.000000 3.569988 144.742159 -0.709158 -0.657922
6480.000000 3.616219 144.583979 -0.667236 -0.663182
6500.000000 3.662788 144.426713 -0.619383 -0.668281
6520.000000 3.709274 144.270396 -0.565403 -0.673183
6540.000000 3.755156 144.115048 -0.505173 -0.677851
6560.000000 3.799811 143.960671 -0.438671 -0.682244
6580.000000 3.842528 143.807248 -0.365997 -0.686318
6600.000000 3.882522 143.654735 -0.287401 -0.690028
6620.000000 3.918967 143.503066 -0.203305 -0.693333
6640.000000 3.951037 143.352152 -0.114315 -0.696190
6660.000000 3.977944 143.201876 -0.021224 -0.698564
6680.000000 3.998988 143.052106 0.074996 -0.700422
6700.000000 4.013596 142.902690 0.173226 -0.701738
6720.000000 4.021359 142.753464 0.272245 -0.702490
6740.000000 4.022056 142.604263 0.370784 -0.702663
6760.000000 4.015669 142.454921 0.467593 -0.702247
6780.000000 4.002383 142.305280 0.561493 -0.701242
6800.000000 3.982573 142.155195 0.651432 -0.699656
6820.000000 3.956777 142.004536 0.736511 -0.697508
6840.000000 3.925656 141.853193 0.816005 -0.694824
6860.000000 3.889950 141.701075 0.889365 -0.691637
6880.000000 3.850432 141.548112 0.956215 -0.687987
6900.000000 3.807867 141.394254 1.016336 -0.683912
6920.000000 3.762976 141.239472 1.069648 -0.679452
6940.000000 3.716415 141.083756 1.116191 -0.674646
6960.000000 3.668761 140.927112 1.156102 -0.669531
6980.000000 3.620510 140.769562 1.189597 -0.664139
7000.000000 3.572079 140.611141 1.216947 -0.658502
7020.000000 3.523813 140.451893 1.238464 -0.652649
7040.000000 3.475992 140.291873 1.254482 -0.646607
7060.000000 3.428846 140.131140 1.265349 -0.640401
7080.000000 3.382556 139.969760 1.271413 -0.634054
7100.000000 3.337270 139.807803 1.273019 -0.627588
7120.000000 3.293105 139.645340 1.270500 -0.621025
7140.000000 3.250153 139.482447 1.264176 -0.614383
7160.000000 3.208486 139.319198 1.254353 -0.607683
7180.000000 3.168159 139.155669 1.241319 -0.600944
7200.000000 3.129215 138.991936 1.225344 -0.594184
7220.000000 3.091685 138.828074 1.206686 -0.587422
7240.000000 3.055590 138.664155 1.185581 -0.580677
7260.000000 3.020942 138.500250 1.162254 -0.573965
7280.000000 2.987750 138.336428 1.136915 -0.567307
7300.000000 2.956014 138.172753 1.109757 -0.560718
7320.000000 2.925730 138.009286 1.080963 -0.554219
7340.000000 2.896890 137.846084 1.050702 -0.547825
7360.000000 2.869484 137.683199 1.019132 -0.541555
7380.000000 2.843497 137.520677 0.986396 -0.535427
7400.000000 2.818912 137.358560 0.952629 -0.529457
7420.000000 2.795711 137.196884 0.917956 -0.523661
7440.000000 2.773873 137.035678 0.882488 -0.518057
7460.000000 2.753376 136.874965 0.846328 -0.512658
7480.000000 2.734196 136.714763 0.809572 -0.507480
7500.000000 2.716309 136.555081 0.772303 -0.502537
7520.000000 2.699690 136.395925 0.734599 -0.497841
7540.000000 2.684311 136.237294 0.696527 -0.493404
7560.000000 2.670149 136.079179 0.658150 -0.489238
7580.000000 2.657176 135.921567 0.619522 -0.485353
7600.000000 2.645367 135.764440 0.580693 -0.481757
7620.000000 2.634696 135.607774 0.541705 -0.478458
7640.000000 2.625139 135.451540 0.502598 -0.475463
7660.000000 2.616671 135.295706 0.463405 -0.472778
7680.000000 2.609271 135.140234 0.424158 -0.470407
7700.000000 2.602917 134.985084 0.384884 -0.468355
7720.000000 2.597589 134.830212 0.345608 -0.466624
7740.000000 2.593268 134.675574 0.306353 -0.465215
7760.000000 2.589938 134.521120 0.267140 -0.464129
7780.000000 2.587583 134.366803 0.227989 -0.463367
7800.000000 2.586189 134.212571 0.188921 -0.462926
7820.000000 2.585746 134.058373 0.149952 -0.462806
7840.000000 2.586243 133.904160 0.111104 -0.463003
7860.000000 2.587671 133.749881 0.072393 -0.463514
7880.000000 2.590025 133.595487 0.033842 -0.464335
7900.000000 2.593298 133.440929 -0.004531 -0.465459
7920.000000 2.597488 133.286163 -0.042702 -0.466882
7940.000000 2.602591 133.131144 -0.080649 -0.468598
7960.000000 2.608606 132.975832 -0.118346 -0.470597
7980.000000 2.615533 132.820189 -0.155766 -0.472873
8000.000000 2.623373 132.664180 -0.192878 -0.475418
8020.000000 2.632127 132.507774 -0.229652 -0.478221
8040.000000 2.641797 132.350945 -0.266051 -0.481274
8060.000000 2.652384 132.193669 -0.302038 -0.484565
8080.000000 2.663892 132.035927 -0.337570 -0.488085
8100.000000 2.676323 131.877706 -0.372603 -0.491821
8120.000000 2.689679 131.718996 -0.407087 -0.495763
8140.000000 2.703964 131.559791 -0.440970 -0.499899
8160.000000 2.719178 131.400090 -0.474193 -0.504215
8180.000000 2.735325 131.239898 -0.506696 -0.508701
8200.000000 2.752406 131.079224 -0.538411 -0.513343
8220.000000 2.770425 130.918079 -0.569267 -0.518130
8240.000000 2.789384 130.756481 -0.599187 -0.523049
8260.000000 2.809285 130.594451 -0.628092 -0.528088
8280.000000 2.830133 130.432014 -0.655893 -0.533236
8300.000000 2.851934 130.269199 -0.682498 -0.538481
8320.000000 2.874692 130.106039 -0.707811 -0.543813
8340.000000 2.898416 129.942568 -0.731726 -0.549222
8360.000000 2.923118 129.778827 -0.754133 -0.554698
8380.000000 2.948808 129.614857 -0.774917 -0.560232
8400.000000 2.975504 129.450703 -0.793952 -0.565817
8420.000000 3.003223 129.286411 -0.811107 -0.571444
8440.000000 3.031988 129.122031 -0.826241 -0.577108
8460.000000 3.061824 128.957617 -0.839205 -0.582801
8480.000000 3.092760 128.793221 -0.849837 -0.588518
8500.000000 3.124827 128.628901 -0.857967 -0.594254
8520.000000 3.158058 128.464716 -0.863407 -0.600003
8540.000000 3.192488 128.300725 -0.865961 -0.605760
8560.000000 3.228151 128.136993 -0.865414 -0.611519
8580.000000 3.265077 127.973583 -0.861536 -0.617275
8600.000000 3.303290 127.810563 -0.854081 -0.623019
8620.000000 3.342804 127.648000 -0.842785 -0.628743
8640.000000 3.383616 127.485962 -0.827369 -0.634436
8660.000000 3.425700 127.324521 -0.807541 -0.640087
8680.000000 3.468997 127.163744 -0.782997 -0.645680
8700.000000 3.513406 127.003699 -0.753430 -0.651197
8720.000000 3.558770 126.844450 -0.718537 -0.656615
8740.000000 3.604866 126.686053 -0.678029 -0.661909
8760.000000 3.651387 126.528560 -0.631647 -0.667050
8780.000000 3.697938 126.372008 -0.579181 -0.672004
8800.000000 3.744021 126.216422 -0.520486 -0.676733
8820.000000 3.789039 126.061809 -0.455514 -0.681197
8840.000000 3.832300 125.908155 -0.384332 -0.685353
8860.000000 3.873035 125.755425 -0.307153 -0.689157
8880.000000 3.910425 125.603557 -0.224354 -0.692564
8900.000000 3.943640 125.452468 -0.136494 -0.695535
8920.000000 3.971879 125.302048 -0.044323 -0.698030
8940.000000 3.994415 125.152167 0.051229 -0.700017
8960.000000 4.010642 125.002679 0.149078 -0.701468
8980.000000 4.020107 124.853422 0.248020 -0.702359
9000.000000 4.022542 124.704231 0.346794 -0.702675
9020.000000 4.017879 124.554938 0.444138 -0.702403
9040.000000 4.006253 124.405384 0.538853 -0.701542
9060.000000 3.987995 124.255420 0.629850 -0.700096
9080.000000 3.963606 124.104913 0.716192 -0.698084
9100.000000 3.933721 123.953746 0.797109 -0.695528
9120.000000 3.899065 123.801825 0.872011 -0.692461
9140.000000 3.860409 123.649074 0.940479 -0.688921
9160.000000 3.818520 123.495438 1.002258 -0.684946
9180.000000 3.774135 123.340884 1.057236 -0.680577
9200.000000 3.727926 123.185396 1.105425 -0.675852
9220.000000 3.680490 123.028978 1.146942 -0.670809
9240.000000 3.632344 122.871647 1.181983 -0.665481
9260.000000 3.583923 122.713435 1.210809 -0.659902
9280.000000 3.535588 122.554385 1.233722 -0.654099
9300.000000 3.487635 122.394548 1.251053 -0.648101
9320.000000 3.440305 122.233984 1.263148 -0.641933
9340.000000 3.393791 122.072756 1.270355 -0.635619
9360.000000 3.348248 121.910933 1.273020 -0.629180
9380.000000 3.303799 121.748587 1.271479 -0.622638
9400.000000 3.260543 121.585792 1.266058 -0.616014
9420.000000 3.218556 121.422624 1.257063 -0.609326
9440.000000 3.177897 121.259156 1.244789 -0.602595
9460.000000 3.138611 121.095467 1.229509 -0.595839
9480.000000 3.100733 120.931629 1.211484 -0.589076
9500.000000 3.064285 120.767717 1.190957 -0.582324
9520.000000 3.029283 120.603803 1.168154 -0.575603
9540.000000 2.995734 120.439954 1.143288 -0.568930
9560.000000 2.963642 120.276237 1.116558 -0.562322
9580.000000 2.933003 120.112714 1.088148 -0.555799
9600.000000 2.903812 119.949442 1.058231 -0.549378
9620.000000 2.876056 119.786475 1.026967 -0.543077
9640.000000 2.849723 119.623860 0.994503 -0.536912
9660.000000 2.824797 119.461641 0.960977 -0.530902
9680.000000 2.801260 119.299854 0.926515 -0.525062
9700.000000 2.779090 119.138531 0.891231 -0.519409
9720.000000 2.758267 118.977695 0.855232 -0.513959
9740.000000 2.738768 118.817367 0.818613 -0.508725
9760.000000 2.720566 118.657557 0.781462 -0.503723
9780.000000 2.703639 118.498273 0.743858 -0.498966
9800.000000 2.687960 118.339513 0.705870 -0.494465
9820.000000 2.673502 118.181273 0.667562 -0.490232
9840.000000 2.660241 118.023540 0.628991 -0.486277
9860.000000 2.648149 117.866296 0.590207 -0.482609
9880.000000 2.637202 117.709520 0.551254 -0.479237
9900.000000 2.627375 117.553183 0.512173 -0.476167
9920.000000 2.618643 117.397254 0.472998 -0.473406
9940.000000 2.610984 117.241697 0.433762 -0.470958
9960.000000 2.604376 117.086472 0.394492 -0.468827
9980.000000 2.598799 116.931537 0.355214 -0.467017
10000.000000 2.594233 116.776846 0.315952 -0.465529
10020.000000 2.590662 116.622352 0.276726 -0.464365
10040.000000 2.588069 116.468005 0.237559 -0.463523
10060.000000 2.586442 116.313757 0.198468 -0.463004
10080.000000 2.585767 116.159556 0.159474 -0.462806
10100.000000 2.586035 116.005351 0.120594 -0.462926
10120.000000 2.587236 115.851093 0.081848 -0.463360
10140.000000 2.589364 115.696731 0.043256 -0.464106
10160.000000 2.592413 115.542218 0.004838 -0.465156
10180.000000 2.596378 115.387507 -0.033385 -0.466507
10200.000000 2.601258 115.232554 -0.071389 -0.468151
10220.000000 2.607050 115.077317 -0.109150 -0.470082
10240.000000 2.613754 114.921758 -0.146640 -0.472292
10260.000000 2.621371 114.765842 -0.183830 -0.474771
10280.000000 2.629901 114.609536 -0.220690 -0.477512
10300.000000 2.639347 114.452812 -0.257184 -0.480505
10320.000000 2.649710 114.295647 -0.293275 -0.483739
10340.000000 2.660992 114.138021 -0.328923 -0.487204
10360.000000 2.673197 113.979918 -0.364082 -0.490888
10380.000000 2.686327 113.821328 -0.398706 -0.494781
10400.000000 2.700384 113.662244 -0.432741 -0.498870
10420.000000 2.715370 113.502665 -0.466131 -0.503143
10440.000000 2.731289 113.342593 -0.498816 -0.507589
10460.000000 2.748141 113.182035 -0.530729 -0.512194
10480.000000 2.765931 113.021004 -0.561802 -0.516946
10500.000000 2.784659 112.859515 -0.591959 -0.521834
10520.000000 2.804330 112.697588 -0.621120 -0.526845
10540.000000 2.824946 112.535248 -0.649199 -0.531967
10560.000000 2.846513 112.372523 -0.676106 -0.537190
10580.000000 2.869036 112.209444 -0.701744 -0.542502
10600.000000 2.892524 112.046046 -0.726011 -0.547892
10620.000000 2.916985 111.882368 -0.748798 -0.553353
10640.000000 2.942432 111.718449 -0.769990 -0.558874
10660.000000 2.968880 111.554336 -0.789464 -0.564447
10680.000000 2.996347 111.390073 -0.807092 -0.570064
10700.000000 3.024854 111.225710 -0.822734 -0.575719
10720.000000 3.054426 111.061299 -0.836243 -0.581406
10740.000000 3.085090 110.896894 -0.847461 -0.587118
10760.000000 3.116877 110.732550 -0.856219 -0.592850
10780.000000 3.149820 110.568326 -0.862335 -0.598596
10800.000000 3.183954 110.404282 -0.865615 -0.604352
10820.000000 3.219312 110.240481 -0.865847 -0.610111
10840.000000 3.255927 110.076986 -0.862806 -0.615868
10860.000000 3.293823 109.913864 -0.856249 -0.621615
10880.000000 3.333018 109.751183 -0.845918 -0.627345
10900.000000 3.373514 109.589011 -0.831536 -0.633047
10920.000000 3.415291 109.427417 -0.812815 -0.638710
10940.000000 3.458299 109.266472 -0.789452 -0.644318
10960.000000 3.502448 109.106242 -0.761143 -0.649855
10980.000000 3.547596 108.946792 -0.727580 -0.655300
11000.000000 3.593538 108.788181 -0.688471 -0.660627
11020.000000 3.639988 108.630463 -0.643548 -0.665809
11040.000000 3.686574 108.473678 -0.592586 -0.670812
11060.000000 3.732823 108.317855 -0.535423 -0.675599
11080.000000 3.778162 108.163004 -0.471985 -0.680132
11100.000000 3.821921 108.009118 -0.402309 -0.684367
11120.000000 3.863348 107.856167 -0.326568 -0.688261
11140.000000 3.901633 107.704095 -0.245099 -0.691770
11160.000000 3.935946 107.552824 -0.158415 -0.694850
11180.000000 3.965472 107.402252 -0.067220 -0.697465
11200.000000 3.989465 107.252252 0.027601 -0.699579
11220.000000 4.007283 107.102682 0.124995 -0.701164
11240.000000 4.018435 106.953384 0.223785 -0.702194
11260.000000 4.022603 106.804192 0.322718 -0.702651
11280.000000 4.019671 106.654940 0.420526 -0.702524
11300.000000 4.009725 106.505464 0.515989 -0.701807
11320.000000 3.993049 106.355613 0.607989 -0.700503
11340.000000 3.970106 106.205250 0.695547 -0.698627
11360.000000 3.941501 106.054254 0.777852 -0.696202
11380.000000 3.907942 105.902525 0.854271 -0.693257
11400.000000 3.870192 105.749983 0.924342 -0.689828
11420.000000 3.829024 105.596568 0.987773 -0.685956
11440.000000 3.785185 105.442240 1.044418 -0.681680
11460.000000 3.739363 105.286981 1.094261 -0.677038
11480.000000 3.692177 105.130789 1.137394 -0.672070
11500.000000 3.644162 104.973679 1.173997 -0.666809
11520.000000 3.595772 104.815679 1.204316 -0.661288
11540.000000 3.547386 104.656830 1.228646 -0.655538
11560.000000 3.499315 104.497180 1.247311 -0.649585
11580.000000 3.451814 104.336788 1.260654 -0.643456
11600.000000 3.405084 104.175716 1.269025 -0.637175
11620.000000 3.359291 104.014032 1.272769 -0.630765
11640.000000 3.314565 103.851808 1.272227 -0.624247
11660.000000 3.271009 103.689116 1.267726 -0.617641
11680.000000 3.228705 103.526031 1.259577 -0.610967
11700.000000 3.187717 103.362630 1.248079 -0.604245
11720.000000 3.148092 103.198988 1.233510 -0.597493
11740.000000 3.109867 103.035180 1.216134 -0.590729
11760.000000 3.073067 102.871279 1.196197 -0.583974
11780.000000 3.037711 102.707359 1.173930 -0.577243
11800.000000 3.003806 102.543488 1.149550 -0.570556
11820.000000 2.971358 102.379733 1.123258 -0.563931
11840.000000 2.940364 102.216157 1.095243 -0.557386
11860.000000 2.910819 102.052818 1.065679 -0.550938
11880.000000 2.882713 101.889772 1.034731 -0.544606
11900.000000 2.856034 101.727067 1.002547 -0.538406
11920.000000 2.830765 101.564748 0.969269 -0.532357
11940.000000 2.806890 101.402852 0.935024 -0.526474
11960.000000 2.784388 101.241412 0.899931 -0.520774
11980.000000 2.763238 101.080456 0.864098 -0.515272
12000.000000 2.743416 100.920002 0.827623 -0.509985
12020.000000 2.724900 100.760064 0.790594 -0.504925
12040.000000 2.707663 100.600651 0.753094 -0.500106
12060.000000 2.691681 100.441764 0.715194 -0.495542
12080.000000 2.676927 100.283397 0.676959 -0.491242
12100.000000 2.663375 100.125542 0.638447 -0.487218
12120.000000 2.651000 99.968180 0.599711 -0.483479
12140.000000 2.639775 99.811292 0.560796 -0.480034
12160.000000 2.629676 99.654851 0.521742 -0.476890
12180.000000 2.620679 99.498825 0.482587 -0.474052
12200.000000 2.612760 99.343181 0.443363 -0.471527
12220.000000 2.605896 99.187878 0.404099 -0.469319
12240.000000 2.600069 99.032876 0.364821 -0.467430
12260.000000 2.595257 98.878129 0.325553 -0.465864
12280.000000 2.591444 98.723592 0.286317 -0.464620
12300.000000 2.588614 98.569214 0.247133 -0.463699
12320.000000 2.586752 98.414946 0.208022 -0.463102
12340.000000 2.585845 98.260738 0.169002 -0.462825
12360.000000 2.585883 98.106539 0.130093 -0.462867
12380.000000 2.586857 97.952298 0.091312 -0.463225
12400.000000 2.588758 97.797966 0.052680 -0.463895
12420.000000 2.591582 97.643495 0.014218 -0.464871
12440.000000 2.595324 97.488836 -0.024055 -0.466149
12460.000000 2.599980 97.333946 -0.062115 -0.467722
12480.000000 2.605549 97.178783 -0.099937 -0.469584
12500.000000 2.612030 97.023306 -0.137496 -0.471726
12520.000000 2.619424 96.867480 -0.174763 -0.474140
12540.000000 2.627730 96.711272 -0.211706 -0.476818
12560.000000 2.636952 96.554653 -0.248293 -0.479750
12580.000000 2.647090 96.397598 -0.284487 -0.482926
12600.000000 2.658147 96.240086 -0.320247 -0.486335
12620.000000 2.670126 96.082101 -0.355530 -0.489967
12640.000000 2.683030 95.923631 -0.390289 -0.493810
12660.000000 2.696860 95.764668 -0.424473 -0.497852
12680.000000 2.711618 95.605210 -0.458026 -0.502082
12700.000000 2.727309 95.445258 -0.490889 -0.506486
12720.000000 2.743933 95.284818 -0.522998 -0.511053
12740.000000 2.761493 95.123901 -0.554283 -0.515771
12760.000000 2.779991 94.962522 -0.584672 -0.520627
12780.000000 2.799431 94.800701 -0.614084 -0.525608
12800.000000 2.819816 94.638460 -0.642436 -0.530705
12820.000000 2.841149 94.475826 -0.669638 -0.535904
12840.000000 2.863438 94.312830 -0.695596 -0.541195
12860.000000 2.886689 94.149507 -0.720207 -0.546567
12880.000000 2.910911 93.985894 -0.743367 -0.552011
12900.000000 2.936116 93.822030 -0.764960 -0.557518
12920.000000 2.962317 93.657960 -0.784866 -0.563079
12940.000000 2.989533 93.493729 -0.802958 -0.568686
12960.000000 3.017784 93.329386 -0.819099 -0.574333
12980.000000 3.047093 93.164982 -0.833144 -0.580012
13000.000000 3.077487 93.000571 -0.844938 -0.585719
13020.000000 3.108996 92.836206 -0.854314 -0.591446
13040.000000 3.141654 92.671948 -0.861094 -0.597189
13060.000000 3.175493 92.507854 -0.865086 -0.602943
13080.000000 3.210549 92.343987 -0.866084 -0.608702
13100.000000 3.246853 92.180412 -0.863865 -0.614460
13120.000000 3.284434 92.017192 -0.858191 -0.620211
13140.000000 3.323311 91.854397 -0.848808 -0.625946
13160.000000 3.363489 91.692094 -0.835443 -0.631656
13180.000000 3.404956 91.530352 -0.817811 -0.637329
13200.000000 3.447669 91.369242 -0.795612 -0.642952
13220.000000 3.491550 91.208831 -0.768541 -0.648509
13240.000000 3.536471 91.049184 -0.736291 -0.653978
13260.000000 3.582241 90.890363 -0.698565 -0.659336
13280.000000 3.628598 90.732423 -0.655086 -0.664556
13300.000000 3.675190 90.575406 -0.605619 -0.669606
13320.000000 3.721570 90.419346 -0.549984 -0.674450
13340.000000 3.767190 90.264257 -0.488082 -0.679049
13360.000000 3.811403 90.110137 -0.419921 -0.683361
13380.000000 3.853473 89.956961 -0.345640 -0.687343
13400.000000 3.892604 89.804681 -0.265531 -0.690949
13420.000000 3.927965 89.653222 -0.180066 -0.694139
13440.000000 3.958734 89.502490 -0.089899 -0.696871
13460.000000 3.984144 89.352363 0.004127 -0.699110
13480.000000 4.003525 89.202702 0.100996 -0.700826
13500.000000 4.016343 89.053353 0.199558 -0.701994
13520.000000 4.022239 88.904150 0.298574 -0.702593
13540.000000 4.021043 88.754928 0.396773 -0.702610
13560.000000 4.012794 88.605521 0.492918 -0.702036
13580.000000 3.997728 88.455775 0.585861 -0.700876
13600.000000 3.976266 88.305549 0.674587 -0.699138
13620.000000 3.948984 88.154718 0.758243 -0.696844
13640.000000 3.916567 88.003177 0.836150 -0.694023
13660.000000 3.879771 87.850840 0.907807 -0.690709
13680.000000 3.839369 87.697642 0.972881 -0.686942
13700.000000 3.796117 87.543541 1.031192 -0.682761
13720.000000 3.750720 87.388510 1.082694 -0.678205
13740.000000 3.703815 87.232546 1.127455 -0.673313
13760.000000 3.655957 87.075658 1.165634 -0.668121
13780.000000 3.607621 86.917873 1.197465 -0.662661
13800.000000 3.559203 86.759227 1.223231 -0.656964
13820.000000 3.511030 86.599768 1.243251 -0.651058
13840.000000 3.463368 86.439552 1.257863 -0.644970
13860.000000 3.416434 86.278640 1.267418 -0.638725
13880.000000 3.370398 86.117099 1.272262 -0.632344
13900.000000 3.325401 85.955000 1.272738 -0.625850
13920.000000 3.281550 85.792416 1.269175 -0.619263
13940.000000 3.238934 85.629420 1.261891 -0.612605
13960.000000 3.197618 85.466090 1.251186 -0.605892
13980.000000 3.157656 85.302499 1.237343 -0.599146
14000.000000 3.119086 85.138725 1.220630 -0.592384
14020.000000 3.081936 84.974840 1.201297 -0.585624
14040.000000 3.046225 84.810918 1.179580 -0.578886
14060.000000 3.011965 84.647029 1.155697 -0.572187
14080.000000 2.979160 84.483240 1.129855 -0.565545
14100.000000 2.947811 84.319614 1.102245 -0.558979
14120.000000 2.917912 84.156212 1.073045 -0.552506
14140.000000 2.889456 83.993090 1.042421 -0.546143
14160.000000 2.862429 83.830297 1.010526 -0.539910
14180.000000 2.836817 83.667880 0.977503 -0.533822
14200.000000 2.812602 83.505877 0.943484 -0.527896
14220.000000 2.789766 83.344323 0.908588 -0.522150
14240.000000 2.768287 83.183246 0.872926 -0.516599
14260.000000 2.748143 83.022668 0.836599 -0.511258
14280.000000 2.729310 82.862603 0.799698 -0.506141
14300.000000 2.711763 82.703061 0.762306 -0.501262
14320.000000 2.695476 82.544046 0.724498 -0.496634
14340.000000 2.680424 82.385553 0.686339 -0.492268
14360.000000 2.666581 82.227573 0.647890 -0.488176
14380.000000 2.653920 82.070093 0.609204 -0.484367
14400.000000 2.642416 81.913091 0.570329 -0.480849
14420.000000 2.632044 81.756543 0.531306 -0.477631
14440.000000 2.622779 81.600419 0.492172 -0.474718
14460.000000 2.614598 81.444684 0.452962 -0.472116
14480.000000 2.607479 81.289302 0.413705 -0.469830
14500.000000 2.601400 81.134231 0.374428 -0.467863
14520.000000 2.596341 80.979426 0.335156 -0.466217
14540.000000 2.592286 80.824841 0.295910 -0.464894
14560.000000 2.589216 80.670429 0.256712 -0.463895
14580.000000 2.587118 80.516139 0.217581 -0.463218
14600.000000 2.585979 80.361921 0.178537 -0.462863
14620.000000 2.585787 80.207724 0.139599 -0.462828
14640.000000 2.586533 80.053499 0.100785 -0.463109
14660.000000 2.588208 79.899193 0.062115 -0.463703
14680.000000 2.590807 79.744760 0.023609 -0.464605
14700.000000 2.594324 79.590152 -0.014712 -0.465809
14720.000000 2.598757 79.435322 -0.052826 -0.467311
14740.000000 2.604103 79.280229 -0.090709 -0.469102
14760.000000 2.610361 79.124833 -0.128335 -0.471176
14780.000000 2.617531 78.969096 -0.165676 -0.473525
14800.000000 2.625614 78.812984 -0.202701 -0.476139
14820.000000 2.634612 78.656468 -0.239379 -0.479010
14840.000000 2.644525 78.499522 -0.275672 -0.482127
14860.000000 2.655358 78.342123 -0.311542 -0.485480
14880.000000 2.667111 78.184255 -0.346946 -0.489059
14900.000000 2.679788 78.025905 -0.381838 -0.492851
14920.000000 2.693391 77.867063 -0.416167 -0.496846
14940.000000 2.707922 77.707726 -0.449880 -0.501030
14960.000000 2.723385 77.547894 -0.482918 -0.505393
14980.000000 2.739780 77.387573 -0.515217 -0.509922
15000.000000 2.757111 77.226771 -0.546711 -0.514604
15020.000000 2.775380 77.065504 -0.577326 -0.519427
15040.000000 2.794589 76.903789 -0.606984 -0.524379
15060.000000 2.814742 76.741648 -0.635603 -0.529448
15080.000000 2.835843 76.579107 -0.663095 -0.534623
15100.000000 2.857898 76.416197 -0.689367 -0.539892
15120.000000 2.880912 76.252951 -0.714317 -0.545246
15140.000000 2.904896 76.089405 -0.737842 -0.550673
15160.000000 2.929859 75.925598 -0.759829 -0.556166
15180.000000 2.955815 75.761574 -0.780160 -0.561714
15200.000000 2.982781 75.597379 -0.798708 -0.567311
15220.000000 3.010777 75.433059 -0.815339 -0.572949
15240.000000 3.039824 75.268665 -0.829911 -0.578621
15260.000000 3.069950 75.104250 -0.842270 -0.584321
15280.000000 3.101184 74.939869 -0.852253 -0.590043
15300.000000 3.133558 74.775579 -0.859685 -0.595783
15320.000000 3.167105 74.611439 -0.864378 -0.601535
15340.000000 3.201860 74.447511 -0.866128 -0.607293
15360.000000 3.237856 74.283858 -0.864717 -0.613052
15380.000000 3.275122 74.120546 -0.859912 -0.618805
15400.000000 3.313681 73.957640 -0.851460 -0.624545
15420.000000 3.353541 73.795210 -0.839096 -0.630262
15440.000000 3.394696 73.633325 -0.822534 -0.635945
15460.000000 3.437110 73.472054 -0.801480 -0.641582
15480.000000 3.480715 73.311465 -0.775630 -0.647157
15500.000000 3.525396 73.151626 -0.744674 -0.652649
15520.000000 3.570980 72.992598 -0.708314 -0.658037
15540.000000 3.617222 72.834437 -0.666266 -0.663294
15560.000000 3.663794 72.677191 -0.618283 -0.668389
15580.000000 3.710273 72.520895 -0.564169 -0.673286
15600.000000 3.756135 72.365568 -0.503804 -0.677949
15620.000000 3.800756 72.211213 -0.437167 -0.682335
15640.000000 3.843423 72.057809 -0.364362 -0.686402
15660.000000 3.883349 71.905316 -0.285642 -0.690104
15680.000000 3.919708 71.753664 -0.201434 -0.693399
15700.000000 3.951675 71.602765 -0.112346 -0.696247
15720.000000 3.978462 71.452502 -0.019177 -0.698610
15740.000000 3.999373 71.302741 0.077099 -0.700456
15760.000000 4.013837 71.153330 0.175359 -0.701760
15780.000000 4.021449 71.004107 0.274381 -0.702500
15800.000000 4.021992 70.854905 0.372896 -0.702660
15820.000000 4.015454 70.705558 0.469654 -0.702231
15840.000000 4.002023 70.555909 0.563480 -0.701213
15860.000000 3.982078 70.405812 0.653323 -0.699615
15880.000000 3.956159 70.255140 0.738288 -0.697455
15900.000000 3.924931 70.103781 0.817654 -0.694760
15920.000000 3.889134 69.951645 0.890878 -0.691563
15940.000000 3.849543 69.798663 0.957584 -0.687903
15960.000000 3.806920 69.644786 1.017559 -0.683820
15980.000000 3.761987 69.489984 1.070723 -0.679352
16000.000000 3.715396 69.334247 1.117121 -0.674539
16020.000000 3.667724 69.177584 1.156892 -0.669417
16040.000000 3.619466 69.020015 1.190251 -0.664019
16060.000000 3.571035 68.861575 1.217472 -0.658378
16080.000000 3.522775 68.702310 1.238866 -0.652521
16100.000000 3.474967 68.542274 1.254770 -0.646475
16120.000000 3.427837 68.381526 1.265529 -0.640266
16140.000000 3.381568 68.220133 1.271494 -0.633916
16160.000000 3.336305 68.058164 1.273007 -0.627448
16180.000000 3.292165 67.895691 1.270402 -0.620882
16200.000000 3.249240 67.732790 1.264000 -0.614239
16220.000000 3.207601 67.569534 1.254105 -0.607538
16240.000000 3.167304 67.406000 1.241004 -0.600798
16260.000000 3.128390 67.242264 1.224969 -0.594038
16280.000000 3.090891 67.078399 1.206255 -0.587277
16300.000000 3.054826 66.914480 1.185100 -0.580531
16320.000000 3.020211 66.750576 1.161728 -0.573821
16340.000000 2.987050 66.586756 1.136347 -0.567164
16360.000000 2.955345 66.423085 1.109152 -0.560577
16380.000000 2.925092 66.259623 1.080325 -0.554079
16400.000000 2.896284 66.096427 1.050034 -0.547688
16420.000000 2.868908 65.933550 1.018437 -0.541422
16440.000000 2.842952 65.771036 0.985678 -0.535296
16460.000000 2.818397 65.608929 0.951890 -0.529330
16480.000000 2.795226 65.447263 0.917198 -0.523538
16500.000000 2.773417 65.286067 0.881714 -0.517938
16520.000000 2.752949 65.125365 0.845541 -0.512544
16540.000000 2.733797 64.965173 0.808773 -0.507371
16560.000000 2.715937 64.805503 0.771494 -0.502433
16580.000000 2.699345 64.646359 0.733781 -0.497742
16600.000000 2.683993 64.487739 0.695702 -0.493311
16620.000000 2.669857 64.329635 0.657319 -0.489151
16640.000000 2.656909 64.172034 0.618686 -0.485272
16660.000000 2.645125 64.014917 0.579853 -0.481682
16680.000000 2.634478 63.858261 0.540862 -0.478390
16700.000000 2.624945 63.702036 0.501753 -0.475402
16720.000000 2.616501 63.546210 0.462559 -0.472723
16740.000000 2.609123 63.390745 0.423311 -0.470360
16760.000000 2.602792 63.235601 0.384036 -0.468314
16780.000000 2.597485 63.080735 0.344760 -0.466590
16800.000000 2.593186 62.926101 0.305506 -0.465188
16820.000000 2.589877 62.771651 0.266294 -0.464109
16840.000000 2.587543 62.617336 0.227145 -0.463354
16860.000000 2.586170 62.463105 0.188078 -0.462920
16880.000000 2.585747 62.308908 0.149113 -0.462807
16900.000000 2.586264 62.154694 0.110267 -0.463011
16920.000000 2.587713 62.000413 0.071560 -0.463529
16940.000000 2.590086 61.846015 0.033012 -0.464356
16960.000000 2.593379 61.691454 -0.005357 -0.465487
16980.000000 2.597588 61.536683 -0.043524 -0.466916
17000.000000 2.602711 61.381658 -0.081465 -0.468638
17020.000000 2.608746 61.226340 -0.119156 -0.470643
17040.000000 2.615693 61.070689 -0.156570 -0.472926
17060.000000 2.623552 60.914672 -0.193676 -0.475476
17080.000000 2.632326 60.758257 -0.230441 -0.478285
17100.000000 2.642016 60.601418 -0.266832 -0.481342
17120.000000 2.652623 60.444132 -0.302809 -0.484639
17140.000000 2.664151 60.286381 -0.338331 -0.488163
17160.000000 2.676602 60.128149 -0.373353 -0.491904
17180.000000 2.689978 59.969428 -0.407825 -0.495851
17200.000000 2.704282 59.810212 -0.441694 -0.499990
17220.000000 2.719516 59.650501 -0.474902 -0.504310
17240.000000 2.735683 59.490298 -0.507389 -0.508799
17260.000000 2.752785 59.329613 -0.539086 -0.513445
17280.000000 2.770824 59.168459 -0.569922 -0.518235
17300.000000 2.789803 59.006851 -0.599822 -0.523156
17320.000000 2.809725 58.844812 -0.628704 -0.528198
17340.000000 2.830594 58.682367 -0.656480 -0.533348
17360.000000 2.852415 58.519544 -0.683059 -0.538595
17380.000000 2.875194 58.356377 -0.708342 -0.543929
17400.000000 2.898939 58.192900 -0.732225 -0.549339
17420.000000 2.923662 58.029154 -0.754599 -0.554817
17440.000000 2.949374 57.865179 -0.775346 -0.560352
17460.000000 2.976091 57.701021 -0.794342 -0.565938
17480.000000 3.003833 57.536727 -0.811455 -0.571566
17500.000000 3.032620 57.372346 -0.826545 -0.577230
17520.000000 3.062480 57.207931 -0.839460 -0.582924
17540.000000 3.093440 57.043537 -0.850040 -0.588642
17560.000000 3.125532 56.879219 -0.858113 -0.594378
17580.000000 3.158789 56.715037 -0.863494 -0.600127
17600.000000 3.193245 56.551052 -0.865983 -0.605884
17620.000000 3.228935 56.387325 -0.865367 -0.611644
17640.000000 3.265888 56.223923 -0.861414 -0.617399
17660.000000 3.304129 56.060912 -0.853879 -0.623142
17680.000000 3.343671 55.898359 -0.842497 -0.628866
17700.000000 3.384511 55.736334 -0.826989 -0.634559
17720.000000 3.426622 55.574907 -0.807062 -0.640209
17740.000000 3.469944 55.414145 -0.782413 -0.645800
17760.000000 3.514375 55.254117 -0.752734 -0.651315
17780.000000 3.559758 55.094885 -0.717723 -0.656731
17800.000000 3.605866 54.936507 -0.677091 -0.662022
17820.000000 3.652393 54.779034 -0.630580 -0.667159
17840.000000 3.698939 54.622503 -0.577980 -0.672109
17860.000000 3.745006 54.466938 -0.519150 -0.676833
17880.000000 3.789994 54.312346 -0.454043 -0.681290
17900.000000 3.833208 54.158712 -0.382729 -0.685439
17920.000000 3.873880 54.006001 -0.305424 -0.689234
17940.000000 3.911189 53.854151 -0.222509 -0.692633
17960.000000 3.944305 53.703078 -0.134548 -0.695594
17980.000000 3.972428 53.552671 -0.042293 -0.698078
18000.000000 3.994834 53.402800 0.053321 -0.700054
18020.000000 4.010919 53.253319 0.151206 -0.701493
18040.000000 4.020235 53.104065 0.250158 -0.702372
18060.000000 4.022517 52.954873 0.348914 -0.702675
18080.000000 4.017701 52.805577 0.446214 -0.702391
18100.000000 4.005927 52.656015 0.540859 -0.701516
18120.000000 3.987531 52.506041 0.631766 -0.700059
18140.000000 3.963017 52.355520 0.717998 -0.698034
18160.000000 3.933021 52.204339 0.798791 -0.695467
18180.000000 3.898271 52.052400 0.873557 -0.692390
18200.000000 3.859536 51.899630 0.941884 -0.688839
18220.000000 3.817586 51.745975 1.003517 -0.684856
18240.000000 3.773155 51.591401 1.058348 -0.680478
18260.000000 3.726913 51.435893 1.106391 -0.675746
18280.000000 3.679457 51.279455 1.147765 -0.670697
18300.000000 3.631301 51.122105 1.182670 -0.665363
18320.000000 3.582878 50.963874 1.211365 -0.659779
18340.000000 3.534548 50.804806 1.234154 -0.653972
18360.000000 3.486606 50.644953 1.251368 -0.647970
18380.000000 3.439292 50.484374 1.263354 -0.641798
18400.000000 3.392797 50.323132 1.270459 -0.635481
18420.000000 3.347277 50.161298 1.273030 -0.629040
18440.000000 3.302853 49.998941 1.271402 -0.622496
18460.000000 3.259623 49.836137 1.265900 -0.615870
18480.000000 3.217664 49.672961 1.256832 -0.609181
18500.000000 3.177034 49.509489 1.244490 -0.602449
18520.000000 3.137779 49.345795 1.229149 -0.595693
18540.000000 3.099931 49.181955 1.211067 -0.588930
18560.000000 3.063515 49.018042 1.190488 -0.582179
18580.000000 3.028544 48.854128 1.167638 -0.575458
18600.000000 2.995027 48.690282 1.142730 -0.568786
18620.000000 2.962966 48.526568 1.115962 -0.562181
18640.000000 2.932358 48.363050 1.087518 -0.555660
18660.000000 2.903197 48.199784 1.057570 -0.549241
18680.000000 2.875473 48.036824 1.026279 -0.542942
18700.000000 2.849170 47.874218 0.993791 -0.536781
18720.000000 2.824275 47.712008 0.960243 -0.530774
18740.000000 2.800767 47.550230 0.925761 -0.524938
18760.000000 2.778627 47.388917 0.890461 -0.519289
18780.000000 2.757833 47.228092 0.854448 -0.513843
18800.000000 2.738361 47.067775 0.817817 -0.508615
18820.000000 2.720188 46.907977 0.780655 -0.503618
18840.000000 2.703288 46.748704 0.743042 -0.498866
18860.000000 2.687635 46.589955 0.705046 -0.494371
18880.000000 2.673204 46.431726 0.666733 -0.490143
18900.000000 2.659968 46.274004 0.628156 -0.486195
18920.000000 2.647901 46.116771 0.589368 -0.482533
18940.000000 2.636978 45.960004 0.550412 -0.479167
18960.000000 2.627175 45.803677 0.511328 -0.476104
18980.000000 2.618467 45.647756 0.472152 -0.473350
19000.000000 2.610830 45.492207 0.432914 -0.470909
19020.000000 2.604245 45.336988 0.393644 -0.468785
19040.000000 2.598690 45.182059 0.354366 -0.466982
19060.000000 2.594146 45.027372 0.315105 -0.465501
19080.000000 2.590596 44.872882 0.275881 -0.464343
19100.000000 2.588024 44.718538 0.236714 -0.463509
19120.000000 2.586417 44.564292 0.197626 -0.462997
19140.000000 2.585763 44.410091 0.158634 -0.462805
19160.000000 2.586051 44.255886 0.119756 -0.462932
19180.000000 2.587273 44.101626 0.081014 -0.463373
19200.000000 2.589420 43.947261 0.042425 -0.464125
19220.000000 2.592489 43.792744 0.004011 -0.465182
19240.000000 2.596474 43.638028 -0.034208 -0.466540
19260.000000 2.601373 43.483069 -0.072207 -0.468190
19280.000000 2.607185 43.327826 -0.109962 -0.470127
19300.000000 2.613909 43.172260 -0.147446 -0.472342
19320.000000 2.621546 43.016336 -0.184629 -0.474828
19340.000000 2.630095 42.860021 -0.221482 -0.477574
19360.000000 2.639561 42.703288 -0.257967 -0.480572
19380.000000 2.649943 42.546113 -0.294049 -0.483811
19400.000000 2.661246 42.388477 -0.329687 -0.487281
19420.000000 2.673471 42.230364 -0.364835 -0.490970
19440.000000 2.686620 42.071763 -0.399446 -0.494867
19460.000000 2.700697 41.912668 -0.433468 -0.498960
19480.000000 2.715704 41.753078 -0.466844 -0.503237
19500.000000 2.731643 41.592995 -0.499513 -0.507686
19520.000000 2.748515 41.432427 -0.531409 -0.512295
19540.000000 2.766325 41.271386 -0.562463 -0.517050
19560.000000 2.785074 41.109887 -0.592599 -0.521941
19580.000000 2.804765 40.947952 -0.621738 -0.526954
19600.000000 2.825401 40.785603 -0.649793 -0.532079
19620.000000 2.846989 40.622870 -0.676673 -0.537303
19640.000000 2.869533 40.459784 -0.702283 -0.542617
19660.000000 2.893041 40.296380 -0.726518 -0.548010
19680.000000 2.917523 40.132695 -0.749272 -0.553471
19700.000000 2.942992 39.968772 -0.770428 -0.558993
19720.000000 2.969462 39.804655 -0.789865 -0.564567
19740.000000 2.996951 39.640390 -0.807451 -0.570186
19760.000000 3.025481 39.476025 -0.823049 -0.575842
19780.000000 3.055076 39.311614 -0.836510 -0.581529
19800.000000 3.085764 39.147209 -0.847677 -0.587241
19820.000000 3.117576 38.982868 -0.856380 -0.592973
19840.000000 3.150544 38.818647 -0.862437 -0.598720
19860.000000 3.184704 38.654608 -0.865653 -0.604476
19880.000000 3.220089 38.490812 -0.865817 -0.610235
19900.000000 3.256731 38.327325 -0.862702 -0.615992
19920.000000 3.294655 38.164212 -0.856067 -0.621739
19940.000000 3.333878 38.001540 -0.845651 -0.627468
19960.000000 3.374402 37.839380 -0.831179 -0.633170
19980.000000 3.416206 37.677800 -0.812361 -0.638832
20000.000000 3.459240 37.516869 -0.788895 -0.644439
20020.000000 3.503412 37.356655 -0.760475 -0.649974
20040.000000 3.548580 37.197222 -0.726796 -0.655416
20060.000000 3.594536 37.038631 -0.687564 -0.660741
20080.000000 3.640993 36.880932 -0.642513 -0.665919
20100.000000 3.687577 36.724168 -0.591418 -0.670917
20120.000000 3.733813 36.568366 -0.534120 -0.675700
20140.000000 3.779125 36.413536 -0.470547 -0.680227
20160.000000 3.822842 36.259671 -0.400737 -0.684455
20180.000000 3.864210 36.106739 -0.324869 -0.688341
20200.000000 3.902419 35.954685 -0.243281 -0.691841
20220.000000 3.936636 35.803431 -0.156492 -0.694912
20240.000000 3.966051 35.652872 -0.065209 -0.697516
20260.000000 3.989917 35.502883 0.029679 -0.699619
20280.000000 4.007596 35.353321 0.127116 -0.701192
20300.000000 4.018599 35.204027 0.225923 -0.702210
20320.000000 4.022615 35.054835 0.324844 -0.702655
20340.000000 4.019530 34.905580 0.422615 -0.702515
20360.000000 4.009435 34.756097 0.518015 -0.701785
20380.000000 3.992618 34.606237 0.609928 -0.700469
20400.000000 3.969546 34.455861 0.697381 -0.698581
20420.000000 3.940826 34.304851 0.779565 -0.696143
20440.000000 3.907169 34.153105 0.855851 -0.693187
20460.000000 3.869337 34.000544 0.925782 -0.689749
20480.000000 3.828104 33.847110 0.989067 -0.685868
20500.000000 3.784215 33.692762 1.045565 -0.681583
20520.000000 3.738358 33.537483 1.095262 -0.676935
20540.000000 3.691148 33.381271 1.138252 -0.671959
20560.000000 3.643120 33.224142 1.174716 -0.666692
20580.000000 3.594726 33.066123 1.204903 -0.661166
20600.000000 3.546344 32.907256 1.229107 -0.655411
20620.000000 3.498284 32.747590 1.247654 -0.649455
20640.000000 3.450796 32.587182 1.260886 -0.643322
20660.000000 3.404086 32.426096 1.269153 -0.637038
20680.000000 3.358314 32.264400 1.272801 -0.630625
20700.000000 3.313612 32.102164 1.272170 -0.624105
20720.000000 3.270083 31.939463 1.267587 -0.617497
20740.000000 3.227807 31.776371 1.259364 -0.610822
20760.000000 3.186847 31.612964 1.247796 -0.604099
20780.000000 3.147252 31.449317 1.233164 -0.597347
20800.000000 3.109058 31.285506 1.215730 -0.590584
20820.000000 3.072289 31.121605 1.195740 -0.583828
20840.000000 3.036964 30.957685 1.173425 -0.577098
20860.000000 3.003091 30.793815 1.149002 -0.570413
20880.000000 2.970674 30.630064 1.122671 -0.563789
20900.000000 2.939711 30.466492 1.094621 -0.557246
20920.000000 2.910197 30.303159 1.065026 -0.550800
20940.000000 2.882122 30.140120 1.034049 -0.544471
20960.000000 2.855474 29.977423 1.001840 -0.538274
20980.000000 2.830235 29.815112 0.968540 -0.532228
21000.000000 2.806390 29.653226 0.934276 -0.526349
21020.000000 2.783917 29.491797 0.899166 -0.520653
21040.000000 2.762796 29.330851 0.863317 -0.515156
21060.000000 2.743003 29.170408 0.826829 -0.509873
21080.000000 2.724515 29.010481 0.789790 -0.504818
21100.000000 2.707305 28.851080 0.752280 -0.500005
21120.000000 2.691350 28.692204 0.714372 -0.495446
21140.000000 2.676622 28.533848 0.676131 -0.491152
21160.000000 2.663096 28.376003 0.637614 -0.487134
21180.000000 2.650746 28.218653 0.598873 -0.483402
21200.000000 2.639546 28.061774 0.559954 -0.479963
21220.000000 2.629471 27.905342 0.520898 -0.476825
21240.000000 2.620497 27.749325 0.481741 -0.473994
21260.000000 2.612600 27.593689 0.442516 -0.471476
21280.000000 2.605760 27.438393 0.403251 -0.469275
21300.000000 2.599954 27.283397 0.363973 -0.467393
21320.000000 2.595165 27.128655 0.324706 -0.465833
21340.000000 2.591373 26.974121 0.285470 -0.464596
21360.000000 2.588564 26.819747 0.246288 -0.463683
21380.000000 2.586722 26.665481 0.207179 -0.463092
21400.000000 2.585836 26.511273 0.168161 -0.462823
21420.000000 2.585894 26.357074 0.129254 -0.462872
21440.000000 2.586888 26.202832 0.090477 -0.463236
21460.000000 2.588810 26.048497 0.051849 -0.463913
21480.000000 2.591653 25.894022 0.013390 -0.464896
21500.000000 2.595415 25.739359 -0.024879 -0.466180
21520.000000 2.600091 25.584464 -0.062933 -0.467760
21540.000000 2.605679 25.429294 -0.100750 -0.469627
21560.000000 2.612180 25.273810 -0.138303 -0.471775
21580.000000 2.619593 25.117976 -0.175563 -0.474195
21600.000000 2.627920 24.961760 -0.212500 -0.476879
21620.000000 2.637161 24.805131 -0.249079 -0.479816
21640.000000 2.647319 24.648067 -0.285263 -0.482997
21660.000000 2.658396 24.490545 -0.321013 -0.486411
21680.000000 2.670395 24.332550 -0.356286 -0.490048
21700.000000 2.683318 24.174069 -0.391033 -0.493895
21720.000000 2.697168 24.015095 -0.425204 -0.497941
21740.000000 2.711947 23.855626 -0.458743 -0.502175
21760.000000 2.727658 23.695664 -0.491590 -0.506583
21780.000000 2.744302 23.535213 -0.523682 -0.511154
21800.000000 2.761882 23.374286 -0.554949 -0.515874
21820.000000 2.780401 23.212898 -0.585317 -0.520733
21840.000000 2.799861 23.051067 -0.614707 -0.525717
21860.000000 2.820266 22.888817 -0.643035 -0.530816
21880.000000 2.841620 22.726175 -0.670212 -0.536017
21900.000000 2.863930 22.563172 -0.696141 -0.541310
21920.000000 2.887201 22.399842 -0.720723 -0.546684
21940.000000 2.911444 22.236223 -0.743850 -0.552129
21960.000000 2.936670 22.072354 -0.765408 -0.557637
21980.000000 2.962894 21.908280 -0.785276 -0.563200
22000.000000 2.990132 21.744047 -0.803327 -0.568808
22020.000000 3.018405 21.579702 -0.819425 -0.574455
22040.000000 3.047737 21.415297 -0.833423 -0.580135
22060.000000 3.078155 21.250886 -0.845166 -0.585842
22080.000000 3.109689 21.086523 -0.854488 -0.591570
22100.000000 3.142371 20.922268 -0.861210 -0.597313
22120.000000 3.176236 20.758178 -0.865140 -0.603067
22140.000000 3.211319 20.594317 -0.866070 -0.608826
22160.000000 3.247650 20.430748 -0.863780 -0.614584
22180.000000 3.285259 20.267537 -0.858029 -0.620335
22200.000000 3.324164 20.104752 -0.848563 -0.626069
22220.000000 3.364370 19.942460 -0.835109 -0.631778
22240.000000 3.405865 19.780731 -0.817381 -0.637451
22260.000000 3.448604 19.619635 -0.795081 -0.643073
22280.000000 3.492509 19.459240 -0.767901 -0.648628
22300.000000 3.537450 19.299611 -0.735536 -0.654095
22320.000000 3.583236 19.140809 -0.697688 -0.659451
22340.000000 3.629602 18.982887 -0.654083 -0.664667
22360.000000 3.676195 18.825891 -0.604484 -0.669713
22380.000000 3.722565 18.669852 -0.548715 -0.674552
22400.000000 3.768162 18.514784 -0.486677 -0.679145
22420.000000 3.812336 18.360685 -0.418382 -0.683451
22440.000000 3.854351 18.207529 -0.343971 -0.687425
22460.000000 3.893410 18.055267 -0.263742 -0.691023
22480.000000 3.928680 17.903825 -0.178167 -0.694202
22500.000000 3.959342 17.753107 -0.087907 -0.696924
22520.000000 3.984628 17.602992 0.006191 -0.699153
22540.000000 4.003872 17.453340 0.103109 -0.700857
22560.000000 4.016544 17.303995 0.201695 -0.702013
22580.000000 4.022288 17.154794 0.300706 -0.702600
22600.000000 4.020939 17.005569 0.398873 -0.702603
22620.000000 4.012540 16.856157 0.494961 -0.702018
22640.000000 3.997330 16.706402 0.587823 -0.700844
22660.000000 3.975737 16.556164 0.676448 -0.699094
22680.000000 3.948336 16.405319 0.759986 -0.696789
22700.000000 3.915817 16.253761 0.837763 -0.693957
22720.000000 3.878934 16.101406 0.909282 -0.690633
22740.000000 3.838463 15.948190 0.974211 -0.686856
22760.000000 3.795157 15.794068 1.032375 -0.682666
22780.000000 3.749722 15.639018 1.083730 -0.678103
22800.000000 3.702791 15.483033 1.128347 -0.673205
22820.000000 3.654918 15.326126 1.166387 -0.668006
22840.000000 3.606576 15.168321 1.198084 -0.662540
22860.000000 3.558160 15.009657 1.223722 -0.656839
22880.000000 3.509995 14.850181 1.243622 -0.650929
22900.000000 3.462347 14.689949 1.258122 -0.644837
22920.000000 3.415430 14.529023 1.267571 -0.638588
22940.000000 3.369416 14.367470 1.272317 -0.632205
22960.000000 3.324442 14.205360 1.272702 -0.625709
22980.000000 3.280617 14.042766 1.269056 -0.619121
23000.000000 3.238028 13.879762 1.261695 -0.612460
23020.000000 3.196742 13.716425 1.250919 -0.605747
23040.000000 3.156809 13.552830 1.237012 -0.599000
23060.000000 3.118269 13.389052 1.220239 -0.592238
23080.000000 3.081150 13.225166 1.200853 -0.585479
23100.000000 3.045471 13.061244 1.179087 -0.578741
23120.000000 3.011242 12.897356 1.155160 -0.572043
23140.000000 2.978468 12.733570 1.129278 -0.565403
23160.000000 2.947151 12.569948 1.101631 -0.558838
23180.000000 2.917283 12.406552 1.072399 -0.552367
23200.000000 2.888857 12.243436 1.041745 -0.546007
23220.000000 2.861861 12.080651 1.009825 -0.539777
23240.000000 2.836279 11.918242 0.976779 -0.533692
23260.000000 2.812095 11.756249 0.942739 -0.527770
23280.000000 2.789289 11.594705 0.907826 -0.522028
23300.000000 2.767839 11.433639 0.872149 -0.516481
23320.000000 2.747723 11.273071 0.835809 -0.511145
23340.000000 2.728918 11.113018 0.798896 -0.506033
23360.000000 2.711398 10.953487 0.761495 -0.501159
23380.000000 2.695138 10.794483 0.723678 -0.496537
23400.000000 2.680113 10.636001 0.685512 -0.492177
23420.000000 2.666295 10.478033 0.647058 -0.488091
23440.000000 2.653660 10.320563 0.608367 -0.484288
23460.000000 2.642181 10.163571 0.569488 -0.480776
23480.000000 2.631833 10.007033 0.530462 -0.477564
23500.000000 2.622591 9.850917 0.491327 -0.474658
23520.000000 2.614434 9.695191 0.452116 -0.472063
23540.000000 2.607337 9.539816 0.412858 -0.469784
23560.000000 2.601280 9.384750 0.373581 -0.467824
23580.000000 2.596243 9.229951 0.334309 -0.466185
23600.000000 2.592209 9.075371 0.295063 -0.464869
23620.000000 2.589161 8.920961 0.255867 -0.463877
23640.000000 2.587084 8.766673 0.216738 -0.463207
23660.000000 2.585965 8.612457 0.177696 -0.462859
23680.000000 2.585793 8.458260 0.138760 -0.462830
23700.000000 2.586559 8.304033 0.099949 -0.463118
23720.000000 2.588254 8.149725 0.061283 -0.463719
23740.000000 2.590873 7.995289 0.022780 -0.464627
23760.000000 2.594410 7.840676 -0.015537 -0.465839
23780.000000 2.598862 7.685842 -0.053646 -0.467346
23800.000000 2.604228 7.530743 -0.091523 -0.469144
23820.000000 2.610506 7.375339 -0.129143 -0.471224
23840.000000 2.617696 7.219594 -0.166478 -0.473579
23860.000000 2.625798 7.063474 -0.203497 -0.476198
23880.000000 2.634816 6.906949 -0.240166 -0.479075
23900.000000 2.644749 6.749993 -0.276451 -0.482197
23920.000000 2.655602 6.592585 -0.312311 -0.485555
23940.000000 2.667375 6.434706 -0.347704 -0.489138
23960.000000 2.680072 6.276345 -0.382585 -0.492935
23980.000000 2.693695 6.117493 -0.416901 -0.496934
24000.000000 2.708246 5.958145 -0.450600 -0.501123
24020.000000 2.723729 5.798302 -0.483623 -0.505489
24040.000000 2.740144 5.637971 -0.515906 -0.510021
24060.000000 2.757495 5.477159 -0.547381 -0.514706
24080.000000 2.775784 5.315882 -0.577976 -0.519532
24100.000000 2.795014 5.154157 -0.607613 -0.524487
24120.000000 2.815187 4.992007 -0.636209 -0.529559
24140.000000 2.836309 4.829459 -0.663676 -0.534736
24160.000000 2.858384 4.666541 -0.689919 -0.540007
24180.000000 2.881419 4.503288 -0.714840 -0.545362
24200.000000 2.905424 4.339735 -0.738333 -0.550791
24220.000000 2.930408 4.175924 -0.760286 -0.556285
24240.000000 2.956386 4.011896 -0.780579 -0.561834
24260.000000 2.983374 3.847697 -0.799087 -0.567432
24280.000000 3.011392 3.683375 -0.815676 -0.573071
24300.000000 3.040463 3.518980 -0.830201 -0.578743
24320.000000 3.070612 3.354565 -0.842511 -0.584444
24340.000000 3.101870 3.190186 -0.852441 -0.590167
24360.000000 3.134269 3.025898 -0.859816 -0.595907
24380.000000 3.167842 2.861763 -0.864447 -0.601659
24400.000000 3.202623 2.697840 -0.866132 -0.607418
24420.000000 3.238646 2.534193 -0.864650 -0.613176
24440.000000 3.275940 2.370889 -0.859769 -0.618929
24460.000000 3.314527 2.207993 -0.851236 -0.624668
24480.000000 3.354416 2.045574 -0.838784 -0.630385
24500.000000 3.395598 1.883701 -0.822128 -0.636068
24520.000000 3.438038 1.722444 -0.800975 -0.641703
24540.000000 3.481668 1.561871 -0.775017 -0.647276
24560.000000 3.526370 1.402049 -0.743948 -0.652767
24580.000000 3.571971 1.243039 -0.707468 -0.658152
24600.000000 3.618225 1.084898 -0.665295 -0.663406
24620.000000 3.664799 0.927672 -0.617181 -0.668496
24640.000000 3.711271 0.771396 -0.562933 -0.673390
24660.000000 3.757113 0.616090 -0.502433 -0.678047
24680.000000 3.801700 0.461756 -0.435661 -0.682427
24700.000000 3.844316 0.308372 -0.362725 -0.686486
24720.000000 3.884174 0.155898 -0.283882 -0.690180
24740.000000 3.920447 0.004264 -0.199561 -0.693466
24760.000000 3.952310 -0.146621 -0.110376 -0.696303
24780.000000 3.978978 -0.296872 -0.017129 -0.698655
24800.000000 3.999754 -0.446623 0.079202 -0.700490
24820.000000 4.014074 -0.596028 0.177492 -0.701782
24840.000000 4.021535 -0.745249 0.276516 -0.702510
24860.000000 4.021926 -0.894453 0.375006 -0.702657
24880.000000 4.015236 -1.043805 0.471713 -0.702215
24900.000000 4.001660 -1.193462 0.565464 -0.701185
24920.000000 3.981579 -1.343569 0.655210 -0.699574
24940.000000 3.955539 -1.494256 0.740062 -0.697403
24960.000000 3.924204 -1.645630 0.819301 -0.694696
24980.000000 3.888317 -1.797784 0.892387 -0.691489
25000.000000 3.848653 -1.950785 0.958950 -0.687820
25020.000000 3.805973 -2.104682 1.018777 -0.683727
25040.000000 3.760997 -2.259504 1.071796 -0.679252
25060.000000 3.714377 -2.415260 1.118049 -0.674432
25080.000000 3.666688 -2.571944 1.157678 -0.669303
25100.000000 3.618421 -2.729532 1.190902 -0.663900
25120.000000 3.569991 -2.887990 1.217994 -0.658253
25140.000000 3.521738 -3.047272 1.239266 -0.652392
25160.000000 3.473942 -3.207325 1.255055 -0.646343
25180.000000 3.426829 -3.368087 1.265707 -0.640130
25200.000000 3.380580 -3.529493 1.271572 -0.633778
25220.000000 3.335341 -3.691474 1.272993 -0.627307
25240.000000 3.291226 -3.853956 1.270303 -0.620739
25260.000000 3.248328 -4.016867 1.263823 -0.614095
25280.000000 3.206717 -4.180129 1.253855 -0.607393
25300.000000 3.166450 -4.343668 1.240688 -0.600653
25320.000000 3.127566 -4.507408 1.224593 -0.593892
25340.000000 3.090098 -4.671274 1.205824 -0.587131
25360.000000 3.054064 -4.835194 1.184619 -0.580386
25380.000000 3.019480 -4.999097 1.161201 -0.573677
25400.000000 2.986350 -5.162914 1.135779 -0.567021
25420.000000 2.954677 -5.326582 1.108547 -0.560436
25440.000000 2.924455 -5.490038 1.079686 -0.553940
25460.000000 2.895678 -5.653228 1.049366 -0.547552
25480.000000 2.868333 -5.816098 1.017742 -0.541288
25500.000000 2.842407 -5.978603 0.984959 -0.535166
25520.000000 2.817883 -6.140701 0.951151 -0.529203
25540.000000 2.794741 -6.302358 0.916441 -0.523415
25560.000000 2.772961 -6.463543 0.880941 -0.517819
25580.000000 2.752522 -6.624234 0.844754 -0.512430
25600.000000 2.733398 -6.784414 0.807974 -0.507262
25620.000000 2.715566 -6.944073 0.770685 -0.502329
25640.000000 2.699000 -7.103206 0.732963 -0.497644
25660.000000 2.683675 -7.261815 0.694877 -0.493219
25680.000000 2.669565 -7.419908 0.656488 -0.489065
25700.000000 2.656643 -7.577499 0.617850 -0.485191
25720.000000 2.644883 -7.734605 0.579013 -0.481608
25740.000000 2.634261 -7.891252 0.540020 -0.478322
25760.000000 2.624751 -8.047468 0.500908 -0.475340
25780.000000 2.616330 -8.203286 0.461712 -0.472669
25800.000000 2.608976 -8.358743 0.422464 -0.470312
25820.000000 2.602666 -8.513880 0.383189 -0.468274
25840.000000 2.597382 -8.668741 0.343913 -0.466556
25860.000000 2.593104 -8.823370 0.304659 -0.465161
25880.000000 2.589816 -8.977817 0.265449 -0.464090
25900.000000 2.587503 -9.132130 0.226302 -0.463341
25920.000000 2.586151 -9.286359 0.187237 -0.462915
25940.000000 2.585748 -9.440556 0.148273 -0.462808
25960.000000 2.586285 -9.594771 0.109430 -0.463019
25980.000000 2.587754 -9.749054 0.070726 -0.463543
26000.000000 2.590147 -9.903455 0.032182 -0.464377
26020.000000 2.593460 -10.058020 -0.006182 -0.465515
26040.000000 2.597689 -10.212796 -0.044345 -0.466951
26060.000000 2.602831 -10.367827 -0.082281 -0.468678
26080.000000 2.608886 -10.523152 -0.119967 -0.470690
26100.000000 2.615853 -10.678811 -0.157374 -0.472978
26120.000000 2.623732 -10.834836 -0.194472 -0.475534
26140.000000 2.632525 -10.991260 -0.231231 -0.478348
26160.000000 2.642235 -11.148108 -0.267613 -0.481411
26180.000000 2.652862 -11.305404 -0.303581 -0.484713
26200.000000 2.664410 -11.463166 -0.339092 -0.488242
26220.000000 2.676880 -11.621408 -0.374103 -0.491987
26240.000000 2.690277 -11.780140 -0.408562 -0.495938
26260.000000 2.704601 -11.939366 -0.442417 -0.500081
26280.000000 2.719855 -12.099088 -0.475611 -0.504405
26300.000000 2.736042 -12.259301 -0.508081 -0.508898
26320.000000 2.753164 -12.419996 -0.539760 -0.513547
26340.000000 2.771224 -12.581161 -0.570578 -0.518339
26360.000000 2.790223 -12.742778 -0.600456 -0.523264
26380.000000 2.810165 -12.904826 -0.629315 -0.528308
26400.000000 2.831054 -13.067280 -0.657066 -0.533460
26420.000000 2.852896 -13.230110 -0.683618 -0.538710
26440.000000 2.875696 -13.393285 -0.708872 -0.544045
26460.000000 2.899462 -13.556767 -0.732724 -0.549457
26480.000000 2.924206 -13.720519 -0.755064 -0.554936
26500.000000 2.949939 -13.884498 -0.775775 -0.560472
26520.000000 2.976679 -14.048660 -0.794732 -0.566059
26540.000000 3.004442 -14.212956 -0.811803 -0.571688
26560.000000 3.033253 -14.377338 -0.826847 -0.577353
26580.000000 3.063136 -14.541753 -0.839713 -0.583047
26600.000000 3.094120 -14.706147 -0.850241 -0.588765
26620.000000 3.126237 -14.870462 -0.858258 -0.594502
26640.000000 3.159519 -15.034640 -0.863579 -0.600251
26660.000000 3.194002 -15.198621 -0.866003 -0.606009
26680.000000 3.229718 -15.362341 -0.865318 -0.611768
26700.000000 3.266699 -15.525735 -0.861290 -0.617523
26720.000000 3.304968 -15.688737 -0.853675 -0.623266
26740.000000 3.344538 -15.851279 -0.842207 -0.628989
26760.000000 3.385406 -16.013292 -0.826607 -0.634681
26780.000000 3.427544 -16.174706 -0.806581 -0.640330
26800.000000 3.470891 -16.335453 -0.781827 -0.645920
26820.000000 3.515345 -16.495465 -0.752036 -0.651433
26840.000000 3.560746 -16.654679 -0.716907 -0.656846
26860.000000 3.606867 -16.813037 -0.676151 -0.662135
26880.000000 3.653398 -16.970491 -0.629510 -0.667268
26900.000000 3.699940 -17.127001 -0.576777 -0.672213
26920.000000 3.745990 -17.282545 -0.517812 -0.676932
26940.000000 3.790947 -17.437116 -0.452570 -0.681383
26960.000000 3.834115 -17.590729 -0.381124 -0.685525
26980.000000 3.874723 -17.743421 -0.303693 -0.689312
27000.000000 3.911951 -17.895253 -0.220662 -0.692702
27020.000000 3.944967 -18.046311 -0.132600 -0.695652
27040.000000 3.972974 -18.196705 -0.040263 -0.698126
27060.000000 3.995250 -18.346566 0.055413 -0.700091
27080.000000 4.011193 -18.496041 0.153333 -0.701518
27100.000000 4.020359 -18.645291 0.252295 -0.702385
27120.000000 4.022487 -18.794483 0.351033 -0.702675
27140.000000 4.017519 -18.943784 0.448288 -0.702378
27160.000000 4.005599 -19.093353 0.542864 -0.701491
27180.000000 3.987065 -19.243338 0.633678 -0.700021
27200.000000 3.962425 -19.393871 0.719800 -0.697984
27220.000000 3.932319 -19.545069 0.800469 -0.695406
27240.000000 3.897474 -19.697024 0.875100 -0.692318
27260.000000 3.858662 -19.849813 0.943285 -0.688758
27280.000000 3.816651 -20.003487 1.004772 -0.684765
27300.000000 3.772174 -20.158082 1.059455 -0.680380
27320.000000 3.725900 -20.313609 1.107354 -0.675641
27340.000000 3.678424 -20.470068 1.148586 -0.670584
27360.000000 3.630257 -20.627437 1.183353 -0.665245
27380.000000 3.581833 -20.785686 1.211917 -0.659656
27400.000000 3.533509 -20.944772 1.234583 -0.653844
27420.000000 3.485578 -21.104641 1.251681 -0.647838
27440.000000 3.438280 -21.265235 1.263557 -0.641664
27460.000000 3.391805 -21.426491 1.270561 -0.635343
27480.000000 3.346307 -21.588337 1.273038 -0.628900
27500.000000 3.301908 -21.750704 1.271323 -0.622354
27520.000000 3.258705 -21.913517 1.265741 -0.615726
27540.000000 3.216773 -22.076700 1.256599 -0.609037
27560.000000 3.176173 -22.240178 1.244190 -0.602304
27580.000000 3.136948 -22.403876 1.228786 -0.595547
27600.000000 3.099131 -22.567718 1.210649 -0.588784
27620.000000 3.062745 -22.731632 1.190018 -0.582033
27640.000000 3.027805 -22.895545 1.167122 -0.575314
27660.000000 2.994320 -23.059389 1.142172 -0.568643
27680.000000 2.962290 -23.223099 1.115365 -0.562039
27700.000000 2.931714 -23.386613 1.086887 -0.555520
27720.000000 2.902584 -23.549872 1.056909 -0.549104
27740.000000 2.874890 -23.712825 1.025590 -0.542808
27760.000000 2.848619 -23.875423 0.993078 -0.536649
27780.000000 2.823753 -24.037625 0.959509 -0.530646
27800.000000 2.800275 -24.199392 0.925008 -0.524814
27820.000000 2.778164 -24.360695 0.889692 -0.519170
27840.000000 2.757399 -24.521509 0.853664 -0.513728
27860.000000 2.737955 -24.681815 0.817021 -0.508505
27880.000000 2.719810 -24.841602 0.779849 -0.503513
27900.000000 2.702937 -25.000864 0.742226 -0.498766
27920.000000 2.687311 -25.159601 0.704223 -0.494277
27940.000000 2.672906 -25.317819 0.665903 -0.490055
27960.000000 2.659695 -25.475531 0.627322 -0.486112
27980.000000 2.647653 -25.632753 0.588529 -0.482457
28000.000000 2.636755 -25.789510 0.549570 -0.479098
28020.000000 2.626976 -25.945829 0.510484 -0.476041
28040.000000 2.618291 -26.101741 0.471306 -0.473294
28060.000000 2.610677 -26.257283 0.432068 -0.470859
28080.000000 2.604114 -26.412494 0.392797 -0.468743
28100.000000 2.598581 -26.567418 0.353519 -0.466946
28120.000000 2.594059 -26.722100 0.314258 -0.465472
28140.000000 2.590530 -26.876587 0.275035 -0.464322
28160.000000 2.587979 -27.030927 0.235870 -0.463494
28180.000000 2.586393 -27.185173 0.196784 -0.462989
28200.000000 2.585760 -27.339373 0.157794 -0.462805
28220.000000 2.586068 -27.493579 0.118919 -0.462938
28240.000000 2.587309 -27.647841 0.080180 -0.463386
28260.000000 2.589477 -27.802208 0.041594 -0.464145
28280.000000 2.592565 -27.956729 0.003184 -0.465209
28300.000000 2.596570 -28.111450 -0.035030 -0.466572
28320.000000 2.601489 -28.266414 -0.073024 -0.468229
28340.000000 2.607321 -28.421664 -0.110773 -0.470172
28360.000000 2.614064 -28.577237 -0.148251 -0.472393
28380.000000 2.621720 -28.733170 -0.185428 -0.474884
28400.000000 2.630290 -28.889493 -0.222273 -0.477636
28420.000000 2.639775 -29.046235 -0.258750 -0.480639
28440.000000 2.650178 -29.203420 -0.294823 -0.483884
28460.000000 2.661500 -29.361066 -0.330450 -0.487358
28480.000000 2.673745 -29.519190 -0.365588 -0.491052
28500.000000 2.686914 -29.677801 -0.400187 -0.494953
28520.000000 2.701011 -29.836907 -0.434195 -0.499051
28540.000000 2.716038 -29.996507 -0.467556 -0.503332
28560.000000 2.731997 -30.156601 -0.500209 -0.507784
28580.000000 2.748890 -30.317179 -0.532088 -0.512396
28600.000000 2.766719 -30.478231 -0.563123 -0.517155
28620.000000 2.785489 -30.639739 -0.593239 -0.522048
28640.000000 2.805200 -30.801684 -0.622355 -0.527064
28660.000000 2.825857 -30.964041 -0.650385 -0.532191
28680.000000 2.847465 -31.126782 -0.677239 -0.537417
28700.000000 2.870030 -31.289875 -0.702820 -0.542733
28720.000000 2.893559 -31.453286 -0.727025 -0.548127
28740.000000 2.918062 -31.616976 -0.749746 -0.553590
28760.000000 2.943552 -31.780904 -0.770866 -0.559113
28780.000000 2.970044 -31.945025 -0.790264 -0.564688
28800.000000 2.997555 -32.109293 -0.807809 -0.570308
28820.000000 3.026108 -32.273659 -0.823362 -0.575964
28840.000000 3.055726 -32.438070 -0.836776 -0.581652
28860.000000 3.086438 -32.602474 -0.847891 -0.587365
28880.000000 3.118274 -32.766814 -0.856539 -0.593097
28900.000000 3.151268 -32.931031 -0.862537 -0.598844
28920.000000 3.185454 -33.095066 -0.865689 -0.604600
28940.000000 3.220866 -33.258856 -0.865785 -0.610359
28960.000000 3.257535 -33.422336 -0.862597 -0.616116
28980.000000 3.295487 -33.585440 -0.855883 -0.621863
29000.000000 3.334739 -33.748101 -0.845383 -0.627592
29020.000000 3.375291 -33.910250 -0.830820 -0.633292
29040.000000 3.417122 -34.071817 -0.811905 -0.638953
29060.000000 3.460181 -34.232733 -0.788335 -0.644559
29080.000000 3.504377 -34.392930 -0.759805 -0.650092
29100.000000 3.549564 -34.552345 -0.726009 -0.655532
29120.000000 3.595534 -34.710918 -0.686654 -0.660854
29140.000000 3.641998 -34.868597 -0.641475 -0.666028
29160.000000 3.688580 -35.025341 -0.590248 -0.671023
29180.000000 3.734802 -35.181122 -0.532815 -0.675801
29200.000000 3.780088 -35.335931 -0.469107 -0.680321
29220.000000 3.823762 -35.489776 -0.399164 -0.684543
29240.000000 3.865071 -35.642688 -0.323168 -0.688421
29260.000000 3.903202 -35.794723 -0.241462 -0.691912
29280.000000 3.937324 -35.945962 -0.154568 -0.694973
29300.000000 3.966627 -36.096507 -0.063196 -0.697567
29320.000000 3.990365 -36.246484 0.031758 -0.699659
29340.000000 4.007905 -36.396039 0.129237 -0.701220
29360.000000 4.018760 -36.545329 0.228060 -0.702225
29380.000000 4.022624 -36.694521 0.326970 -0.702658
29400.000000 4.019386 -36.843780 0.424702 -0.702505
29420.000000 4.009142 -36.993269 0.520038 -0.701762
29440.000000 3.992185 -37.143139 0.611865 -0.700434
29460.000000 3.968983 -37.293527 0.699212 -0.698534
29480.000000 3.940150 -37.444552 0.781275 -0.696085
29500.000000 3.906394 -37.596315 0.857428 -0.693118
29520.000000 3.868481 -37.748894 0.927218 -0.689670
29540.000000 3.827183 -37.902348 0.990358 -0.685780
29560.000000 3.783244 -38.056715 1.046709 -0.681487
29580.000000 3.737351 -38.212014 1.096259 -0.676831
29600.000000 3.690119 -38.368246 1.139106 -0.671849
29620.000000 3.642078 -38.525395 1.175433 -0.666576
29640.000000 3.593681 -38.683433 1.205487 -0.661044
29660.000000 3.545303 -38.842318 1.229566 -0.655285
29680.000000 3.497252 -39.002001 1.247994 -0.649324
29700.000000 3.449780 -39.162424 1.261116 -0.643188
29720.000000 3.403088 -39.323523 1.269279 -0.636901
29740.000000 3.357338 -39.485232 1.272832 -0.630486
29760.000000 3.312661 -39.647478 1.272112 -0.623963
29780.000000 3.269157 -39.810189 1.267447 -0.617354
29800.000000 3.226909 -39.973288 1.259148 -0.610678
29820.000000 3.185979 -40.136701 1.247512 -0.603954
29840.000000 3.146413 -40.300352 1.232816 -0.597201
29860.000000 3.108250 -40.464166 1.215325 -0.590438
29880.000000 3.071512 -40.628069 1.195282 -0.583682
29900.000000 3.036218 -40.791989 1.172920 -0.576954
29920.000000 3.002376 -40.955856 1.148453 -0.570269
29940.000000 2.969990 -41.119604 1.122084 -0.563647
29960.000000 2.939059 -41.283172 1.093998 -0.557106
29980.000000 2.909577 -41.446498 1.064372 -0.550663
30000.000000 2.881533 -41.609531 1.033366 -0.544336
30020.000000 2.854914 -41.772220 1.001133 -0.538142
30040.000000 2.829706 -41.934522 0.967811 -0.532099
30060.000000 2.805891 -42.096399 0.933527 -0.526224
30080.000000 2.783447 -42.257818 0.898400 -0.520532
30100.000000 2.762355 -42.418753 0.862537 -0.515040
30120.000000 2.742591 -42.579185 0.826036 -0.509762
30140.000000 2.724130 -42.739100 0.788986 -0.504712
30160.000000 2.706948 -42.898491 0.751466 -0.499904
30180.000000 2.691019 -43.057355 0.713551 -0.495350
30200.000000 2.676318 -43.215699 0.675303 -0.491062
30220.000000 2.662817 -43.373534 0.636780 -0.487051
30240.000000 2.650492 -43.530874 0.598035 -0.483324
30260.000000 2.639317 -43.687742 0.559113 -0.479892
30280.000000 2.629266 -43.844165 0.520055 -0.476761
30300.000000 2.620315 -44.000173 0.480896 -0.473937
30320.000000 2.612442 -44.155802 0.441670 -0.471426
30340.000000 2.605624 -44.311091 0.402404 -0.469231
30360.000000 2.599840 -44.466081 0.363126 -0.467356
30380.000000 2.595072 -44.620818 0.323859 -0.465803
30400.000000 2.591302 -44.775348 0.284625 -0.464573
30420.000000 2.588514 -44.929720 0.245444 -0.463667
30440.000000 2.586693 -45.083984 0.206336 -0.463083
30460.000000 2.585827 -45.238190 0.167321 -0.462820
30480.000000 2.585906 -45.392390 0.128417 -0.462876
30500.000000 2.586920 -45.546634 0.089642 -0.463248
30520.000000 2.588861 -45.700971 0.051017 -0.463931
30540.000000 2.591725 -45.855450 0.012562 -0.464920
30560.000000 2.595506 -46.010117 -0.025702 -0.466211
30580.000000 2.600202 -46.165018 -0.063752 -0.467797
30600.000000 2.605810 -46.320194 -0.101563 -0.469671
30620.000000 2.612330 -46.475685 -0.139110 -0.471824
30640.000000 2.619763 -46.631527 -0.176364 -0.474250
30660.000000 2.628109 -46.787752 -0.213293 -0.476939
30680.000000 2.637370 -46.944389 -0.249863 -0.479882
30700.000000 2.647548 -47.101464 -0.286039 -0.483068
30720.000000 2.658645 -47.258996 -0.321779 -0.486487
30740.000000 2.670664 -47.417001 -0.357041 -0.490129
30760.000000 2.683607 -47.575493 -0.391776 -0.493980
30780.000000 2.697477 -47.734477 -0.425934 -0.498031
30800.000000 2.712276 -47.893957 -0.459459 -0.502268
30820.000000 2.728007 -48.053930 -0.492291 -0.506680
30840.000000 2.744671 -48.214391 -0.524365 -0.511254
30860.000000 2.762272 -48.375328 -0.555614 -0.515978
30880.000000 2.780811 -48.536726 -0.585961 -0.520839
30900.000000 2.800291 -48.698566 -0.615330 -0.525826
30920.000000 2.820716 -48.860825 -0.643634 -0.530927
30940.000000 2.842091 -49.023475 -0.670784 -0.536130
30960.000000 2.864421 -49.186485 -0.696686 -0.541425
30980.000000 2.887714 -49.349822 -0.721237 -0.546800
31000.000000 2.911978 -49.513447 -0.744331 -0.552248
31020.000000 2.937225 -49.677320 -0.765854 -0.557757
31040.000000 2.963470 -49.841398 -0.785685 -0.563320
31060.000000 2.990731 -50.005635 -0.803696 -0.568929
31080.000000 3.019026 -50.169981 -0.819749 -0.574577
31100.000000 3.048381 -50.334387 -0.833701 -0.580258
31120.000000 3.078823 -50.498798 -0.845393 -0.585965
31140.000000 3.110381 -50.663159 -0.854661 -0.591694
31160.000000 3.143089 -50.827411 -0.861325 -0.597437
31180.000000 3.176980 -50.991497 -0.865192 -0.603192
31200.000000 3.212089 -51.155352 -0.866056 -0.608951
31220.000000 3.248448 -51.318914 -0.863693 -0.614708
31240.000000 3.286084 -51.482116 -0.857865 -0.620458
31260.000000 3.325017 -51.644892 -0.848316 -0.626192
31280.000000 3.365252 -51.807172 -0.834773 -0.631901
31300.000000 3.406774 -51.968888 -0.816950 -0.637573
31320.000000 3.449539 -52.129970 -0.794547 -0.643194
31340.000000 3.493468 -52.290349 -0.767259 -0.648747
31360.000000 3.538429 -52.449961 -0.734779 -0.654212
31380.000000 3.584231 -52.608745 -0.696809 -0.659565
31400.000000 3.630606 -52.766647 -0.653077 -0.664778
31420.000000 3.677199 -52.923622 -0.603347 -0.669820
31440.000000 3.723559 -53.079641 -0.547443 -0.674654
31460.000000 3.769132 -53.234688 -0.485270 -0.679242
31480.000000 3.813267 -53.388766 -0.416841 -0.683540
31500.000000 3.855228 -53.541902 -0.342301 -0.687506
31520.000000 3.894213 -53.694146 -0.261951 -0.691096
31540.000000 3.929393 -53.845570 -0.176267 -0.694266
31560.000000 3.959946 -53.996274 -0.085915 -0.696978
31580.000000 3.985109 -54.146378 0.008255 -0.699195
31600.000000 4.004216 -54.296022 0.105222 -0.700888
31620.000000 4.016742 -54.445362 0.203830 -0.702032
31640.000000 4.022334 -54.594562 0.302836 -0.702606
31660.000000 4.020832 -54.743789 0.400972 -0.702597
31680.000000 4.012282 -54.893207 0.497001 -0.701998
31700.000000 3.996930 -55.042971 0.589783 -0.700812
31720.000000 3.975205 -55.193220 0.678306 -0.699050
31740.000000 3.947686 -55.344080 0.761727 -0.696733
31760.000000 3.915065 -55.495654 0.839373 -0.693890
31780.000000 3.878097 -55.648027 0.910753 -0.690556
31800.000000 3.837556 -55.801263 0.975538 -0.686770
31820.000000 3.794197 -55.955404 1.033555 -0.682572
31840.000000 3.748723 -56.110475 1.084763 -0.678001
31860.000000 3.701766 -56.266479 1.129236 -0.673095
31880.000000 3.653878 -56.423406 1.167137 -0.667891
31900.000000 3.605531 -56.581230 1.198700 -0.662420
31920.000000 3.557117 -56.739912 1.224211 -0.656713
31940.000000 3.508961 -56.899405 1.243990 -0.650799
31960.000000 3.461327 -57.059652 1.258378 -0.644704
31980.000000 3.414428 -57.220592 1.267721 -0.638452
