0.000000 4.018760 196.003801 0.627999 -0.655812
20.000000 3.996793 195.864083 0.712479 -0.653706
40.000000 3.969842 195.723913 0.792235 -0.651027
60.000000 3.938522 195.583236 0.866753 -0.647806
80.000000 3.903491 195.442013 0.935659 -0.644081
100.000000 3.865414 195.300222 0.998716 -0.639891
120.000000 3.824936 195.157855 1.055808 -0.635277
140.000000 3.782658 195.014921 1.106925 -0.630279
160.000000 3.739119 194.871441 1.152146 -0.624934
180.000000 3.694790 194.727449 1.191624 -0.619280
200.000000 3.650075 194.582989 1.225571 -0.613348
220.000000 3.605310 194.438114 1.254236 -0.607168
240.000000 3.560772 194.292885 1.277900 -0.600768
260.000000 3.516687 194.147368 1.296861 -0.594173
280.000000 3.473236 194.001633 1.311422 -0.587406
300.000000 3.430562 193.855754 1.321888 -0.580487
320.000000 3.388778 193.709807 1.328560 -0.573437
340.000000 3.347973 193.563869 1.331727 -0.566272
360.000000 3.308214 193.418018 1.331668 -0.559012
380.000000 3.269552 193.272331 1.328647 -0.551670
400.000000 3.232025 193.126887 1.322914 -0.544263
420.000000 3.195658 192.981763 1.314706 -0.536804
440.000000 3.160469 192.837033 1.304242 -0.529309
460.000000 3.126467 192.692772 1.291729 -0.521790
480.000000 3.093654 192.549051 1.277361 -0.514261
500.000000 3.062028 192.405941 1.261316 -0.506734
520.000000 3.031580 192.263508 1.243765 -0.499222
540.000000 3.002301 192.121815 1.224861 -0.491737
560.000000 2.974175 191.980924 1.204751 -0.484290
580.000000 2.947186 191.840892 1.183570 -0.476893
600.000000 2.921313 191.701771 1.161443 -0.469559
620.000000 2.896537 191.563611 1.138487 -0.462296
640.000000 2.872832 191.426456 1.114809 -0.455117
660.000000 2.850177 191.290347 1.090507 -0.448032
680.000000 2.828544 191.155319 1.065675 -0.441051
700.000000 2.807910 191.021405 1.040395 -0.434183
720.000000 2.788245 190.888630 1.014744 -0.427437
740.000000 2.769524 190.757017 0.988792 -0.420824
760.000000 2.751719 190.626582 0.962603 -0.414350
780.000000 2.734801 190.497338 0.936234 -0.408024
800.000000 2.718744 190.369292 0.909738 -0.401853
820.000000 2.703519 190.242448 0.883159 -0.395845
840.000000 2.689098 190.116804 0.856540 -0.390005
860.000000 2.675454 189.992355 0.829916 -0.384339
880.000000 2.662560 189.869090 0.803319 -0.378853
900.000000 2.650390 189.746996 0.776776 -0.373551
920.000000 2.638916 189.626056 0.750313 -0.368439
940.000000 2.628114 189.506247 0.723947 -0.363519
960.000000 2.617958 189.387544 0.697696 -0.358796
980.000000 2.608425 189.269921 0.671575 -0.354271
1000.000000 2.599491 189.153345 0.645592 -0.349949
1020.000000 2.591134 189.037783 0.619758 -0.345830
1040.000000 2.583332 188.923198 0.594077 -0.341917
1060.000000 2.576065 188.809552 0.568554 -0.338210
1080.000000 2.569313 188.696802 0.543191 -0.334712
1100.000000 2.563057 188.584905 0.517988 -0.331423
1120.000000 2.557280 188.473818 0.492944 -0.328343
1140.000000 2.551965 188.363492 0.468057 -0.325473
1160.000000 2.547096 188.253879 0.443321 -0.322813
1180.000000 2.542659 188.144931 0.418734 -0.320362
1200.000000 2.538641 188.036596 0.394288 -0.318121
1220.000000 2.535028 187.928823 0.369978 -0.316089
1240.000000 2.531810 187.821559 0.345796 -0.314266
1260.000000 2.528975 187.714752 0.321735 -0.312650
1280.000000 2.526515 187.608347 0.297786 -0.311242
1300.000000 2.524420 187.502290 0.273941 -0.310039
1320.000000 2.522684 187.396527 0.250191 -0.309042
1340.000000 2.521299 187.291003 0.226526 -0.308249
1360.000000 2.520259 187.185663 0.202939 -0.307659
1380.000000 2.519561 187.080453 0.179418 -0.307271
1400.000000 2.519199 186.975318 0.155956 -0.307083
1420.000000 2.519171 186.870202 0.132543 -0.307095
1440.000000 2.519475 186.765053 0.109171 -0.307305
1460.000000 2.520110 186.659817 0.085830 -0.307712
1480.000000 2.521073 186.554439 0.062512 -0.308315
1500.000000 2.522367 186.448867 0.039210 -0.309111
1520.000000 2.523992 186.343050 0.015915 -0.310099
1540.000000 2.525949 186.236936 -0.007378 -0.311278
1560.000000 2.528241 186.130474 -0.030678 -0.312647
1580.000000 2.530871 186.023615 -0.053989 -0.314202
1600.000000 2.533843 185.916311 -0.077317 -0.315944
1620.000000 2.537161 185.808515 -0.100667 -0.317869
1640.000000 2.540831 185.700179 -0.124041 -0.319975
1660.000000 2.544858 185.591260 -0.147442 -0.322262
1680.000000 2.549249 185.481715 -0.170873 -0.324725
1700.000000 2.554009 185.371500 -0.194333 -0.327364
1720.000000 2.559147 185.260577 -0.217823 -0.330175
1740.000000 2.564671 185.148906 -0.241341 -0.333156
1760.000000 2.570587 185.036452 -0.264883 -0.336304
1780.000000 2.576906 184.923179 -0.288446 -0.339615
1800.000000 2.583636 184.809054 -0.312024 -0.343088
1820.000000 2.590786 184.694048 -0.335609 -0.346717
1840.000000 2.598365 184.578132 -0.359192 -0.350501
1860.000000 2.606384 184.461279 -0.382763 -0.354434
1880.000000 2.614852 184.343467 -0.406310 -0.358514
1900.000000 2.623780 184.224673 -0.429817 -0.362735
1920.000000 2.633176 184.104881 -0.453269 -0.367093
1940.000000 2.643053 183.984073 -0.476647 -0.371584
1960.000000 2.653419 183.862237 -0.499930 -0.376203
1980.000000 2.664285 183.739361 -0.523096 -0.380945
2000.000000 2.675662 183.615440 -0.546119 -0.385805
2020.000000 2.687558 183.490467 -0.568971 -0.390776
2040.000000 2.699985 183.364441 -0.591622 -0.395855
2060.000000 2.712952 183.237363 -0.614040 -0.401035
2080.000000 2.726469 183.109237 -0.636188 -0.406311
2100.000000 2.740546 182.980069 -0.658027 -0.411676
2120.000000 2.755194 182.849869 -0.679518 -0.417126
2140.000000 2.770423 182.718649 -0.700614 -0.422655
2160.000000 2.786242 182.586424 -0.721270 -0.428257
2180.000000 2.802664 182.453212 -0.741434 -0.433926
2200.000000 2.819699 182.319032 -0.761052 -0.439657
2220.000000 2.837359 182.183909 -0.780069 -0.445445
2240.000000 2.855657 182.047865 -0.798422 -0.451286
2260.000000 2.874608 181.910930 -0.816048 -0.457174
2280.000000 2.894225 181.773133 -0.832879 -0.463105
2300.000000 2.914525 181.634505 -0.848843 -0.469075
2320.000000 2.935527 181.495080 -0.863863 -0.475080
2340.000000 2.957250 181.354894 -0.877858 -0.481117
2360.000000 2.979715 181.213984 -0.890743 -0.487184
2380.000000 3.002948 181.072391 -0.902424 -0.493276
2400.000000 3.026974 180.930155 -0.912806 -0.499393
2420.000000 3.051822 180.787320 -0.921783 -0.505531
2440.000000 3.077524 180.643929 -0.929243 -0.511689
2460.000000 3.104113 180.500031 -0.935067 -0.517865
2480.000000 3.131627 180.355672 -0.939127 -0.524058
2500.000000 3.160104 180.210904 -0.941282 -0.530265
2520.000000 3.189584 180.065778 -0.941385 -0.536484
2540.000000 3.220108 179.920349 -0.939274 -0.542714
2560.000000 3.251717 179.774672 -0.934773 -0.548952
2580.000000 3.284450 179.628805 -0.927697 -0.555193
2600.000000 3.318343 179.482810 -0.917841 -0.561433
2620.000000 3.353425 179.336747 -0.904990 -0.567665
2640.000000 3.389714 179.190681 -0.888911 -0.573883
2660.000000 3.427213 179.044679 -0.869359 -0.580076
2680.000000 3.465907 178.898807 -0.846077 -0.586231
2700.000000 3.505750 178.753132 -0.818796 -0.592334
2720.000000 3.546663 178.607723 -0.787246 -0.598367
2740.000000 3.588519 178.462645 -0.751156 -0.604308
2760.000000 3.631137 178.317962 -0.710265 -0.610131
2780.000000 3.674270 178.173731 -0.664333 -0.615808
2800.000000 3.717597 178.030005 -0.613156 -0.621303
2820.000000 3.760716 177.886824 -0.556577 -0.626582
2840.000000 3.803141 177.744221 -0.494510 -0.631602
2860.000000 3.844304 177.602210 -0.426957 -0.636321
2880.000000 3.883572 177.460791 -0.354026 -0.640694
2900.000000 3.920255 177.319949 -0.275956 -0.644677
2920.000000 3.953643 177.179645 -0.193128 -0.648227
2940.000000 3.983029 177.039827 -0.106078 -0.651304
2960.000000 4.007746 176.900421 -0.015494 -0.653871
2980.000000 4.027204 176.761340 0.077790 -0.655898
3000.000000 4.040918 176.622482 0.172818 -0.657358
3020.000000 4.048538 176.483739 0.268554 -0.658230
3040.000000 4.049867 176.344998 0.363921 -0.658497
3060.000000 4.044873 176.206148 0.457852 -0.658149
3080.000000 4.033690 176.067084 0.549340 -0.657185
3100.000000 4.016612 175.927711 0.637473 -0.655610
3120.000000 3.994070 175.787947 0.721464 -0.653440
3140.000000 3.966610 175.647723 0.800669 -0.650700
3160.000000 3.934851 175.506987 0.874587 -0.647422
3180.000000 3.899453 175.365703 0.942861 -0.643643
3200.000000 3.861082 175.223849 1.005268 -0.639405
3220.000000 3.820378 175.081420 1.061704 -0.634747
3240.000000 3.777937 174.938425 1.112168 -0.629709
3260.000000 3.734289 174.794887 1.156751 -0.624329
3280.000000 3.689900 174.650841 1.195612 -0.618643
3300.000000 3.645164 174.506332 1.228967 -0.612682
3320.000000 3.600411 174.361416 1.257069 -0.606477
3340.000000 3.555913 174.216152 1.280203 -0.600054
3360.000000 3.511890 174.070607 1.298666 -0.593439
3380.000000 3.468517 173.924853 1.312764 -0.586654
3400.000000 3.425936 173.778963 1.322800 -0.579720
3420.000000 3.384255 173.633013 1.329073 -0.572656
3440.000000 3.343562 173.487081 1.331873 -0.565481
3460.000000 3.303921 173.341244 1.331477 -0.558210
3480.000000 3.265381 173.195580 1.328146 -0.550861
3500.000000 3.227980 173.050167 1.322131 -0.543447
3520.000000 3.191742 172.905082 1.313665 -0.535984
3540.000000 3.156683 172.760400 1.302966 -0.528486
3560.000000 3.122811 172.616195 1.290241 -0.520965
3580.000000 3.090128 172.472538 1.275680 -0.513436
3600.000000 3.058632 172.329499 1.259463 -0.505910
3620.000000 3.028313 172.187143 1.241755 -0.498400
3640.000000 2.999161 172.045536 1.222712 -0.490918
3660.000000 2.971161 171.904737 1.202479 -0.483476
3680.000000 2.944295 171.764802 1.181188 -0.476086
3700.000000 2.918544 171.625784 1.158965 -0.468759
3720.000000 2.893886 171.487731 1.135924 -0.461505
3740.000000 2.870298 171.350689 1.112173 -0.454336
3760.000000 2.847755 171.214697 1.087809 -0.447261
3780.000000 2.826234 171.079790 1.062923 -0.440292
3800.000000 2.805707 170.946000 1.037599 -0.433437
3820.000000 2.786147 170.813352 1.011912 -0.426706
3840.000000 2.767528 170.681867 0.985931 -0.420107
3860.000000 2.749821 170.551562 0.959720 -0.413649
3880.000000 2.732999 170.422449 0.933335 -0.407340
3900.000000 2.717034 170.294535 0.906827 -0.401186
3920.000000 2.701899 170.167822 0.880242 -0.395196
3940.000000 2.687565 170.042310 0.853620 -0.389375
3960.000000 2.674004 169.917991 0.826998 -0.383728
3980.000000 2.661191 169.794855 0.800405 -0.378263
4000.000000 2.649098 169.672889 0.773871 -0.372982
4020.000000 2.637699 169.552073 0.747417 -0.367890
4040.000000 2.626969 169.432387 0.721063 -0.362992
4060.000000 2.616883 169.313805 0.694826 -0.358290
4080.000000 2.607417 169.196298 0.668719 -0.353788
4100.000000 2.598547 169.079835 0.642752 -0.349487
4120.000000 2.590252 168.964382 0.616934 -0.345391
4140.000000 2.582510 168.849902 0.591271 -0.341500
4160.000000 2.575300 168.736355 0.565766 -0.337816
4180.000000 2.568603 168.623701 0.540420 -0.334341
4200.000000 2.562400 168.511896 0.515235 -0.331075
4220.000000 2.556675 168.400894 0.490208 -0.328018
4240.000000 2.551409 168.290648 0.465337 -0.325171
4260.000000 2.546589 168.181111 0.440618 -0.322534
4280.000000 2.542198 168.072233 0.416047 -0.320106
4300.000000 2.538225 167.963962 0.391616 -0.317888
4320.000000 2.534656 167.856247 0.367321 -0.315879
4340.000000 2.531480 167.749036 0.343152 -0.314079
4360.000000 2.528687 167.642275 0.319104 -0.312486
4380.000000 2.526267 167.535911 0.295167 -0.311100
4400.000000 2.524212 167.429889 0.271332 -0.309920
4420.000000 2.522515 167.324155 0.247592 -0.308945
4440.000000 2.521168 167.218654 0.223936 -0.308174
4460.000000 2.520166 167.113331 0.200357 -0.307607
4480.000000 2.519505 167.008132 0.176843 -0.307241
4500.000000 2.519180 166.903001 0.153387 -0.307075
4520.000000 2.519189 166.797885 0.129979 -0.307109
4540.000000 2.519529 166.692729 0.106610 -0.307341
4560.000000 2.520199 166.587479 0.083272 -0.307769
4580.000000 2.521199 166.482083 0.059957 -0.308392
4600.000000 2.522529 166.376487 0.036656 -0.309210
4620.000000 2.524190 166.270639 0.013361 -0.310219
4640.000000 2.526184 166.164490 -0.009933 -0.311419
4660.000000 2.528513 166.057987 -0.033233 -0.312808
4680.000000 2.531180 165.951082 -0.056546 -0.314384
4700.000000 2.534190 165.843726 -0.079876 -0.316146
4720.000000 2.537546 165.735872 -0.103228 -0.318091
4740.000000 2.541255 165.627475 -0.126605 -0.320217
4760.000000 2.545322 165.518490 -0.150010 -0.322523
4780.000000 2.549752 165.408873 -0.173444 -0.325006
4800.000000 2.554554 165.298582 -0.196908 -0.327664
4820.000000 2.559734 165.187579 -0.220401 -0.330494
4840.000000 2.565300 165.075824 -0.243921 -0.333493
4860.000000 2.571260 164.963282 -0.267466 -0.336659
4880.000000 2.577624 164.849917 -0.291031 -0.339988
4900.000000 2.584399 164.735697 -0.314610 -0.343478
4920.000000 2.591596 164.620592 -0.338195 -0.347125
4940.000000 2.599223 164.504575 -0.361777 -0.350925
4960.000000 2.607290 164.387618 -0.385346 -0.354874
4980.000000 2.615808 164.269699 -0.408889 -0.358970
5000.000000 2.624787 164.150797 -0.432391 -0.363206
5020.000000 2.634236 164.030894 -0.455836 -0.367579
5040.000000 2.644165 163.909974 -0.479205 -0.372085
5060.000000 2.654586 163.788024 -0.502476 -0.376717
5080.000000 2.665508 163.665034 -0.525628 -0.381472
5100.000000 2.676940 163.540998 -0.548633 -0.386344
5120.000000 2.688895 163.415909 -0.571465 -0.391328
5140.000000 2.701380 163.289768 -0.594092 -0.396418
5160.000000 2.714407 163.162575 -0.616482 -0.401609
5180.000000 2.727985 163.034334 -0.638598 -0.406895
5200.000000 2.742124 162.905052 -0.660401 -0.412270
5220.000000 2.756835 162.774740 -0.681851 -0.417729
5240.000000 2.772128 162.643409 -0.702901 -0.423266
5260.000000 2.788013 162.511075 -0.723505 -0.428875
5280.000000 2.804502 162.377756 -0.743612 -0.434551
5300.000000 2.821604 162.243471 -0.763168 -0.440289
5320.000000 2.839334 162.108246 -0.782114 -0.446083
5340.000000 2.857703 161.972103 -0.800391 -0.451929
5360.000000 2.876726 161.835072 -0.817934 -0.457822
5380.000000 2.896417 161.697182 -0.834673 -0.463757
5400.000000 2.916793 161.558465 -0.850537 -0.469732
5420.000000 2.937873 161.418955 -0.865449 -0.475741
5440.000000 2.959676 161.278688 -0.879327 -0.481781
5460.000000 2.982225 161.137701 -0.892084 -0.487851
5480.000000 3.005543 160.996035 -0.903628 -0.493946
5500.000000 3.029657 160.853732 -0.913861 -0.500065
5520.000000 3.054598 160.710833 -0.922677 -0.506205
5540.000000 3.080395 160.567385 -0.929964 -0.512365
5560.000000 3.107084 160.423433 -0.935601 -0.518543
5580.000000 3.134702 160.279027 -0.939458 -0.524738
5600.000000 3.163287 160.134217 -0.941397 -0.530946
5620.000000 3.192879 159.989055 -0.941265 -0.537167
5640.000000 3.223520 159.843596 -0.938900 -0.543398
5660.000000 3.255250 159.697895 -0.934127 -0.549636
5680.000000 3.288109 159.552012 -0.926756 -0.555877
5700.000000 3.322131 159.406006 -0.916582 -0.562117
5720.000000 3.357345 159.259940 -0.903389 -0.568348
5740.000000 3.393766 159.113878 -0.886941 -0.574563
5760.000000 3.431398 158.967886 -0.866993 -0.580753
5780.000000 3.470220 158.822032 -0.843285 -0.586903
5800.000000 3.510186 158.676384 -0.815550 -0.593000
5820.000000 3.551209 158.531008 -0.783516 -0.599024
5840.000000 3.593158 158.385970 -0.746911 -0.604953
5860.000000 3.635846 158.241334 -0.705479 -0.610762
5880.000000 3.679017 158.097156 -0.658982 -0.616420
5900.000000 3.722343 157.953488 -0.607218 -0.621893
5920.000000 3.765411 157.810369 -0.550041 -0.627145
5940.000000 3.807726 157.667830 -0.487370 -0.632135
5960.000000 3.848714 157.525884 -0.419220 -0.636818
5980.000000 3.887733 157.384530 -0.345712 -0.641151
6000.000000 3.924090 157.243749 -0.267099 -0.645088
6020.000000 3.957073 157.103502 -0.183779 -0.648588
6040.000000 3.985978 156.963732 -0.096304 -0.651611
6060.000000 4.010146 156.824367 -0.005381 -0.654120
6080.000000 4.028996 156.685315 0.088142 -0.656086
6100.000000 4.042056 156.546475 0.183300 -0.657483
6120.000000 4.048993 156.407738 0.279048 -0.658289
6140.000000 4.049627 156.268990 0.374309 -0.658489
6160.000000 4.043945 156.130121 0.468020 -0.658074
6180.000000 4.032098 155.991028 0.559182 -0.657042
6200.000000 4.014398 155.851616 0.646897 -0.655400
6220.000000 3.991289 155.711804 0.730393 -0.653166
6240.000000 3.963326 155.571527 0.809039 -0.650366
6260.000000 3.931135 155.430733 0.882354 -0.647031
6280.000000 3.895379 155.289387 0.949993 -0.643200
6300.000000 3.856721 155.147469 1.011748 -0.638914
6320.000000 3.815800 155.004977 1.067527 -0.634212
6340.000000 3.773201 154.861922 1.117341 -0.629135
6360.000000 3.729451 154.718326 1.161288 -0.623720
6380.000000 3.685005 154.574227 1.199534 -0.618002
6400.000000 3.640252 154.429671 1.232299 -0.612013
6420.000000 3.595515 154.284713 1.259843 -0.605783
6440.000000 3.551059 154.139415 1.282450 -0.599338
6460.000000 3.507099 153.993844 1.300420 -0.592703
6480.000000 3.463808 153.848071 1.314057 -0.585901
6500.000000 3.421320 153.702171 1.323666 -0.578952
6520.000000 3.379744 153.556219 1.329545 -0.571875
6540.000000 3.339163 153.410293 1.331981 -0.564688
6560.000000 3.299640 153.264472 1.331250 -0.557408
6580.000000 3.261225 153.118832 1.327614 -0.550051
6600.000000 3.223950 152.973451 1.321318 -0.542631
6620.000000 3.187840 152.828407 1.312597 -0.535164
6640.000000 3.152911 152.683773 1.301666 -0.527662
6660.000000 3.119170 152.539625 1.288731 -0.520140
6680.000000 3.086617 152.396032 1.273980 -0.512610
6700.000000 3.055250 152.253065 1.257591 -0.505085
6720.000000 3.025060 152.110788 1.239730 -0.497578
6740.000000 2.996035 151.969267 1.220550 -0.490100
6760.000000 2.968160 151.828559 1.200194 -0.482663
6780.000000 2.941418 151.688722 1.178795 -0.475279
6800.000000 2.915787 151.549808 1.156476 -0.467959
6820.000000 2.891248 151.411865 1.133353 -0.460715
6840.000000 2.867775 151.274936 1.109530 -0.453555
6860.000000 2.845346 151.139061 1.085104 -0.446492
6880.000000 2.823935 151.004275 1.060167 -0.439535
6900.000000 2.803515 150.870609 1.034799 -0.432693
6920.000000 2.784060 150.738087 1.009076 -0.425976
6940.000000 2.765542 150.606731 0.983067 -0.419392
6960.000000 2.747934 150.476556 0.956834 -0.412950
6980.000000 2.731207 150.347574 0.930433 -0.406657
7000.000000 2.715335 150.219792 0.903915 -0.400522
7020.000000 2.700288 150.093211 0.877324 -0.394549
7040.000000 2.686040 149.967830 0.850701 -0.388747
7060.000000 2.672563 149.843641 0.824080 -0.383120
7080.000000 2.659830 149.720635 0.797493 -0.377674
7100.000000 2.647815 149.598795 0.770966 -0.372414
7120.000000 2.636490 149.478105 0.744522 -0.367344
7140.000000 2.625832 149.358541 0.718180 -0.362467
7160.000000 2.615815 149.240078 0.691957 -0.357787
7180.000000 2.606415 149.122687 0.665865 -0.353306
7200.000000 2.597610 149.006336 0.639914 -0.349028
7220.000000 2.589376 148.890992 0.614113 -0.344954
7240.000000 2.581694 148.776616 0.588467 -0.341086
7260.000000 2.574541 148.663169 0.562979 -0.337425
7280.000000 2.567899 148.550610 0.537651 -0.333973
7300.000000 2.561750 148.438895 0.512483 -0.330729
7320.000000 2.556075 148.327979 0.487474 -0.327695
7340.000000 2.550859 148.217813 0.462620 -0.324871
7360.000000 2.546087 148.108351 0.437917 -0.322257
7380.000000 2.541743 147.999542 0.413361 -0.319853
7400.000000 2.537814 147.891334 0.388946 -0.317658
7420.000000 2.534289 147.783678 0.364665 -0.315672
7440.000000 2.531156 147.676519 0.340510 -0.313894
7460.000000 2.528404 147.569804 0.316474 -0.312324
7480.000000 2.526024 147.463480 0.292549 -0.310960
7500.000000 2.524009 147.357492 0.268725 -0.309803
7520.000000 2.522350 147.251786 0.244994 -0.308851
7540.000000 2.521041 147.146307 0.221348 -0.308102
7560.000000 2.520077 147.041001 0.197775 -0.307557
7580.000000 2.519453 146.935812 0.174269 -0.307213
7600.000000 2.519165 146.830685 0.150818 -0.307069
7620.000000 2.519210 146.725567 0.127415 -0.307125
7640.000000 2.519586 146.620403 0.104050 -0.307378
7660.000000 2.520293 146.515140 0.080715 -0.307828
7680.000000 2.521329 146.409724 0.057401 -0.308473
7700.000000 2.522695 146.304103 0.034101 -0.309311
7720.000000 2.524392 146.198225 0.010808 -0.310341
7740.000000 2.526423 146.092039 -0.012487 -0.311562
7760.000000 2.528788 145.985495 -0.035789 -0.312972
7780.000000 2.531493 145.878543 -0.059103 -0.314568
7800.000000 2.534541 145.771135 -0.082435 -0.316350
7820.000000 2.537936 145.663224 -0.105790 -0.318315
7840.000000 2.541684 145.554764 -0.129170 -0.320462
7860.000000 2.545790 145.445711 -0.152578 -0.322787
7880.000000 2.550261 145.336023 -0.176015 -0.325289
7900.000000 2.555103 145.225656 -0.199482 -0.327966
7920.000000 2.560325 145.114572 -0.222978 -0.330814
7940.000000 2.565934 145.002733 -0.246502 -0.333832
7960.000000 2.571938 144.890102 -0.270049 -0.337016
7980.000000 2.578346 144.776645 -0.293615 -0.340363
8000.000000 2.585167 144.662329 -0.317195 -0.343870
8020.000000 2.592411 144.547126 -0.340781 -0.347534
8040.000000 2.600086 144.431006 -0.364362 -0.351351
8060.000000 2.608202 144.313945 -0.387929 -0.355316
8080.000000 2.616770 144.195919 -0.411468 -0.359427
8100.000000 2.625800 144.076908 -0.434965 -0.363679
8120.000000 2.635301 143.956894 -0.458402 -0.368067
8140.000000 2.645284 143.835862 -0.481761 -0.372586
8160.000000 2.655759 143.713799 -0.505021 -0.377233
8180.000000 2.666736 143.590695 -0.528158 -0.382001
8200.000000 2.678225 143.466543 -0.551146 -0.386885
8220.000000 2.690237 143.341339 -0.573957 -0.391881
8240.000000 2.702782 143.215083 -0.596559 -0.396982
8260.000000 2.715868 143.087774 -0.618921 -0.402184
8280.000000 2.729508 142.959419 -0.641004 -0.407480
8300.000000 2.743709 142.830024 -0.662771 -0.412865
8320.000000 2.758484 142.699599 -0.684179 -0.418332
8340.000000 2.773841 142.568157 -0.705183 -0.423877
8360.000000 2.789791 142.435714 -0.725735 -0.429494
8380.000000 2.806346 142.302288 -0.745784 -0.435177
8400.000000 2.823517 142.167899 -0.765276 -0.440922
8420.000000 2.841317 142.032572 -0.784152 -0.446722
8440.000000 2.859757 141.896331 -0.802352 -0.452573
8460.000000 2.878852 141.759204 -0.819810 -0.458471
8480.000000 2.898617 141.621221 -0.836457 -0.464411
8500.000000 2.919070 141.482416 -0.852220 -0.470389
8520.000000 2.940228 141.342821 -0.867023 -0.476401
8540.000000 2.962112 141.202473 -0.880782 -0.482445
8560.000000 2.984743 141.061410 -0.893411 -0.488518
8580.000000 3.008147 140.919672 -0.904816 -0.494616
8600.000000 3.032351 140.777301 -0.914898 -0.500737
8620.000000 3.057384 140.634340 -0.923552 -0.506880
8640.000000 3.083277 140.490834 -0.930664 -0.513042
8660.000000 3.110066 140.346830 -0.936113 -0.519222
8680.000000 3.137788 140.202378 -0.939767 -0.525418
8700.000000 3.166481 140.057527 -0.941486 -0.531628
8720.000000 3.196187 139.912329 -0.941118 -0.537850
8740.000000 3.226945 139.766841 -0.938498 -0.544082
8760.000000 3.258797 139.621117 -0.933449 -0.550320
8780.000000 3.291782 139.475217 -0.925781 -0.556561
8800.000000 3.325934 139.329201 -0.915287 -0.562800
8820.000000 3.361279 139.183133 -0.901749 -0.569030
8840.000000 3.397833 139.037075 -0.884930 -0.575243
8860.000000 3.435597 138.891096 -0.864582 -0.581429
8880.000000 3.474548 138.745261 -0.840446 -0.587574
8900.000000 3.514634 138.599639 -0.812253 -0.593664
8920.000000 3.555766 138.454297 -0.779730 -0.599679
8940.000000 3.597806 138.309300 -0.742609 -0.605596
8960.000000 3.640561 138.164711 -0.700632 -0.611390
8980.000000 3.683767 138.020587 -0.653566 -0.617029
9000.000000 3.727086 137.876977 -0.601216 -0.622481
9020.000000 3.770097 137.733921 -0.543438 -0.627706
9040.000000 3.812296 137.591446 -0.480165 -0.632664
9060.000000 3.853101 137.449566 -0.411418 -0.637311
9080.000000 3.891862 137.308276 -0.337336 -0.641602
9100.000000 3.927884 137.167555 -0.258185 -0.645494
9120.000000 3.960454 137.027364 -0.174380 -0.648943
9140.000000 3.988871 136.887643 -0.086490 -0.651911
9160.000000 4.012482 136.748316 0.004762 -0.654363
9180.000000 4.030717 136.609293 0.098514 -0.656267
9200.000000 4.043120 136.470470 0.193788 -0.657600
9220.000000 4.049372 136.331737 0.289536 -0.658341
9240.000000 4.049311 136.192981 0.384677 -0.658474
9260.000000 4.042942 136.054093 0.478156 -0.657991
9280.000000 4.030436 135.914969 0.568983 -0.656891
9300.000000 4.012119 135.775516 0.656270 -0.655184
9320.000000 3.988449 135.635657 0.739262 -0.652886
9340.000000 3.959991 135.495325 0.817345 -0.650026
9360.000000 3.927376 135.354472 0.890051 -0.646635
9380.000000 3.891270 135.213063 0.957054 -0.642752
9400.000000 3.852334 135.071083 1.018156 -0.638418
9420.000000 3.811201 134.928529 1.073279 -0.633673
9440.000000 3.768452 134.785412 1.122443 -0.628557
9460.000000 3.724604 134.641759 1.165756 -0.623107
9480.000000 3.680107 134.497608 1.203389 -0.617358
9500.000000 3.635341 134.353005 1.235569 -0.611341
9520.000000 3.590623 134.208007 1.262557 -0.605086
9540.000000 3.546212 134.062675 1.284641 -0.598619
9560.000000 3.502318 133.917079 1.302121 -0.591965
9580.000000 3.459108 133.771288 1.315302 -0.585146
9600.000000 3.416715 133.625379 1.324487 -0.578182
9620.000000 3.375245 133.479426 1.329975 -0.571092
9640.000000 3.334777 133.333508 1.332051 -0.563894
9660.000000 3.295374 133.187702 1.330989 -0.556605
9680.000000 3.257081 133.042087 1.327049 -0.549240
9700.000000 3.219934 132.896739 1.320476 -0.541814
9720.000000 3.183953 132.751736 1.311502 -0.534342
9740.000000 3.149154 132.607152 1.300342 -0.526838
9760.000000 3.115543 132.463061 1.287199 -0.519314
9780.000000 3.083121 132.319534 1.272260 -0.511785
9800.000000 3.051883 132.176639 1.255702 -0.504261
9820.000000 3.021821 132.034443 1.237688 -0.496756
9840.000000 2.992923 131.893007 1.218373 -0.489282
9860.000000 2.965173 131.752393 1.197896 -0.481851
9880.000000 2.938554 131.612655 1.176391 -0.474473
9900.000000 2.913044 131.473844 1.153979 -0.467161
9920.000000 2.888622 131.336010 1.130773 -0.459925
9940.000000 2.865266 131.199195 1.106879 -0.452776
9960.000000 2.842950 131.063438 1.082394 -0.445724
9980.000000 2.821648 130.928773 1.057405 -0.438779
10000.000000 2.801336 130.795231 1.031995 -0.431950
10020.000000 2.781984 130.662836 1.006237 -0.425247
10040.000000 2.763568 130.531609 0.980201 -0.418679
10060.000000 2.746057 130.401565 0.953947 -0.412252
10080.000000 2.729426 130.272714 0.927531 -0.405977
10100.000000 2.713645 130.145063 0.901002 -0.399859
10120.000000 2.698688 130.018614 0.874406 -0.393905
10140.000000 2.684526 129.893364 0.847781 -0.388121
10160.000000 2.671132 129.769306 0.821163 -0.382514
10180.000000 2.658478 129.646428 0.794581 -0.377089
10200.000000 2.646540 129.524716 0.768062 -0.371849
10220.000000 2.635290 129.404150 0.741628 -0.366799
10240.000000 2.624703 129.284708 0.715299 -0.361944
10260.000000 2.614755 129.166364 0.689089 -0.357285
10280.000000 2.605421 129.049089 0.663012 -0.352827
10300.000000 2.596680 128.932850 0.637078 -0.348571
10320.000000 2.588508 128.817614 0.611294 -0.344520
10340.000000 2.580884 128.703342 0.585665 -0.340674
10360.000000 2.573788 128.589995 0.560194 -0.337037
10380.000000 2.567201 128.477530 0.534884 -0.333607
10400.000000 2.561105 128.365905 0.509733 -0.330386
10420.000000 2.555481 128.255073 0.484741 -0.327376
10440.000000 2.550315 128.144987 0.459904 -0.324575
10460.000000 2.545590 128.035599 0.435218 -0.321983
10480.000000 2.541292 127.926858 0.410678 -0.319602
10500.000000 2.537408 127.818714 0.386277 -0.317430
10520.000000 2.533926 127.711114 0.362010 -0.315467
10540.000000 2.530835 127.604006 0.337869 -0.313712
10560.000000 2.528125 127.497337 0.313846 -0.312164
10580.000000 2.525786 127.391053 0.289932 -0.310824
10600.000000 2.523810 127.285099 0.266119 -0.309689
10620.000000 2.522190 127.179420 0.242398 -0.308759
10640.000000 2.520919 127.073963 0.218760 -0.308033
10660.000000 2.519992 126.968672 0.195195 -0.307509
10680.000000 2.519405 126.863492 0.171695 -0.307187
10700.000000 2.519153 126.758369 0.148250 -0.307065
10720.000000 2.519235 126.653249 0.124851 -0.307143
10740.000000 2.519648 126.548077 0.101490 -0.307418
10760.000000 2.520390 126.442799 0.078158 -0.307889
10780.000000 2.521463 126.337364 0.054846 -0.308555
10800.000000 2.522865 126.231717 0.031547 -0.309415
10820.000000 2.524599 126.125808 0.008254 -0.310466
10840.000000 2.526666 126.019585 -0.015041 -0.311708
10860.000000 2.529068 125.912998 -0.038344 -0.313138
10880.000000 2.531811 125.805998 -0.061660 -0.314755
10900.000000 2.534896 125.698537 -0.084995 -0.316557
10920.000000 2.538329 125.590568 -0.108352 -0.318542
10940.000000 2.542116 125.482046 -0.131735 -0.320708
10960.000000 2.546262 125.372926 -0.155146 -0.323053
10980.000000 2.550773 125.263164 -0.178586 -0.325574
11000.000000 2.555657 125.152721 -0.202057 -0.328270
11020.000000 2.560921 125.041556 -0.225556 -0.331137
11040.000000 2.566573 124.929632 -0.249082 -0.334173
11060.000000 2.572621 124.816912 -0.272632 -0.337375
11080.000000 2.579074 124.703362 -0.296200 -0.340740
11100.000000 2.585941 124.588951 -0.319781 -0.344264
11120.000000 2.593231 124.473648 -0.343367 -0.347945
11140.000000 2.600954 124.357427 -0.366947 -0.351778
11160.000000 2.609119 124.240261 -0.390512 -0.355760
11180.000000 2.617737 124.122128 -0.414047 -0.359887
11200.000000 2.626818 124.003008 -0.437538 -0.364153
11220.000000 2.636372 123.882883 -0.460968 -0.368556
11240.000000 2.646408 123.761738 -0.484317 -0.373090
11260.000000 2.656938 123.639561 -0.507564 -0.377750
11280.000000 2.667970 123.516343 -0.530686 -0.382531
11300.000000 2.679517 123.392076 -0.553656 -0.387428
11320.000000 2.691587 123.266757 -0.576445 -0.392435
11340.000000 2.704190 123.140384 -0.599024 -0.397548
11360.000000 2.717337 123.012961 -0.621356 -0.402760
11380.000000 2.731037 122.884491 -0.643407 -0.408066
11400.000000 2.745301 122.754983 -0.665137 -0.413460
11420.000000 2.760139 122.624446 -0.686502 -0.418936
11440.000000 2.775560 122.492893 -0.707459 -0.424490
11460.000000 2.791577 122.360342 -0.727959 -0.430114
11480.000000 2.808199 122.226809 -0.747950 -0.435804
11500.000000 2.825438 122.092316 -0.767377 -0.441555
11520.000000 2.843307 121.956887 -0.786182 -0.447361
11540.000000 2.861818 121.820547 -0.804303 -0.453217
11560.000000 2.880986 121.683325 -0.821676 -0.459120
11580.000000 2.900826 121.545251 -0.838230 -0.465064
11600.000000 2.921355 121.406357 -0.853892 -0.471046
11620.000000 2.942591 121.266678 -0.868584 -0.477063
11640.000000 2.964556 121.126250 -0.882223 -0.483110
11660.000000 2.987271 120.985111 -0.894723 -0.489185
11680.000000 3.010762 120.843302 -0.905988 -0.495286
11700.000000 3.035055 120.700864 -0.915919 -0.501409
11720.000000 3.060180 120.557841 -0.924409 -0.507554
11740.000000 3.086170 120.414278 -0.931345 -0.513719
11760.000000 3.113060 120.270222 -0.936604 -0.519900
11780.000000 3.140886 120.125724 -0.940053 -0.526098
11800.000000 3.169688 119.980832 -0.941550 -0.532309
11820.000000 3.199507 119.835600 -0.940943 -0.538533
11840.000000 3.230383 119.690083 -0.938066 -0.544765
11860.000000 3.262358 119.544337 -0.932740 -0.551004
11880.000000 3.295469 119.398421 -0.924772 -0.557246
11900.000000 3.329750 119.252397 -0.913956 -0.563484
11920.000000 3.365227 119.106326 -0.900069 -0.569712
11940.000000 3.401915 118.960274 -0.882876 -0.575923
11960.000000 3.439810 118.814307 -0.862126 -0.582105
11980.000000 3.478889 118.668492 -0.837558 -0.588245
12000.000000 3.519094 118.522897 -0.808903 -0.594328
12020.000000 3.560334 118.377590 -0.775889 -0.600333
12040.000000 3.602463 118.232635 -0.738248 -0.606238
12060.000000 3.645281 118.088095 -0.695724 -0.612016
12080.000000 3.688518 117.944025 -0.648088 -0.617637
12100.000000 3.731825 117.800474 -0.595148 -0.623065
12120.000000 3.774773 117.657480 -0.536770 -0.628263
12140.000000 3.816849 117.515070 -0.472893 -0.633189
12160.000000 3.857462 117.373255 -0.403553 -0.637800
12180.000000 3.895957 117.232029 -0.328899 -0.642049
12200.000000 3.931636 117.091369 -0.249215 -0.645895
12220.000000 3.963784 116.951232 -0.164931 -0.649293
12240.000000 3.991705 116.811558 -0.076635 -0.652206
12260.000000 4.014753 116.672269 0.014936 -0.654599
12280.000000 4.032369 116.533273 0.108903 -0.656442
12300.000000 4.044110 116.394465 0.204282 -0.657711
12320.000000 4.049675 116.255735 0.300016 -0.658385
12340.000000 4.048919 116.116970 0.395026 -0.658451
12360.000000 4.041866 115.978061 0.488261 -0.657900
12380.000000 4.028704 115.838905 0.578740 -0.656733
12400.000000 4.009776 115.699412 0.665591 -0.654960
12420.000000 3.985552 115.559504 0.748072 -0.652600
12440.000000 3.956606 115.419117 0.825586 -0.649679
12460.000000 3.923576 115.278204 0.897681 -0.646232
12480.000000 3.887127 115.136734 0.964043 -0.642298
12500.000000 3.847921 114.994690 1.024492 -0.637917
12520.000000 3.806583 114.852073 1.078959 -0.633130
12540.000000 3.763689 114.708896 1.127475 -0.627975
12560.000000 3.719750 114.565187 1.170155 -0.622491
12580.000000 3.675206 114.420983 1.207179 -0.616711
12600.000000 3.630431 114.276334 1.238776 -0.610666
12620.000000 3.585735 114.131296 1.265213 -0.604387
12640.000000 3.541371 113.985933 1.286777 -0.597898
12660.000000 3.497544 113.840311 1.303770 -0.591225
12680.000000 3.454418 113.694504 1.316498 -0.584389
12700.000000 3.412122 113.548586 1.325264 -0.577410
12720.000000 3.370758 113.402633 1.330364 -0.570308
12740.000000 3.330404 113.256723 1.332082 -0.563099
12760.000000 3.291121 113.110935 1.330693 -0.555801
12780.000000 3.252952 112.965345 1.326452 -0.548429
12800.000000 3.215931 112.820032 1.319606 -0.540997
12820.000000 3.180080 112.675071 1.310382 -0.533521
12840.000000 3.145410 112.530538 1.298995 -0.526014
12860.000000 3.111930 112.386505 1.285645 -0.518489
12880.000000 3.079638 112.243044 1.270520 -0.510959
12900.000000 3.048530 112.100222 1.253795 -0.503437
12920.000000 3.018597 111.958106 1.235632 -0.495935
12940.000000 2.989825 111.816758 1.216182 -0.488465
12960.000000 2.962200 111.676237 1.195586 -0.481039
12980.000000 2.935703 111.536598 1.173975 -0.473668
13000.000000 2.910314 111.397893 1.151471 -0.466364
13020.000000 2.886010 111.260168 1.128185 -0.459137
13040.000000 2.862769 111.123467 1.104222 -0.451998
13060.000000 2.840565 110.987828 1.079677 -0.444957
13080.000000 2.819373 110.853285 1.054638 -0.438024
13100.000000 2.799167 110.719868 1.029186 -0.431209
13120.000000 2.779920 110.587600 1.003395 -0.424520
13140.000000 2.761604 110.456502 0.977332 -0.417967
13160.000000 2.744192 110.326588 0.951058 -0.411557
13180.000000 2.727655 110.197868 0.924627 -0.405298
13200.000000 2.711966 110.070350 0.898089 -0.399198
13220.000000 2.697097 109.944032 0.871488 -0.393262
13240.000000 2.683020 109.818913 0.844862 -0.387498
13260.000000 2.669709 109.694985 0.818246 -0.381910
13280.000000 2.657135 109.572236 0.791670 -0.376505
13300.000000 2.645273 109.450650 0.765159 -0.371286
13320.000000 2.634097 109.330209 0.738736 -0.366257
13340.000000 2.623582 109.210888 0.712419 -0.361423
13360.000000 2.613702 109.092663 0.686224 -0.356787
13380.000000 2.604435 108.975503 0.660162 -0.352351
13400.000000 2.595756 108.859376 0.634244 -0.348117
13420.000000 2.587645 108.744247 0.608476 -0.344088
13440.000000 2.580081 108.630079 0.582864 -0.340265
13460.000000 2.573042 108.516830 0.557411 -0.336650
13480.000000 2.566509 108.404460 0.532119 -0.333244
13500.000000 2.560465 108.292924 0.506986 -0.330046
13520.000000 2.554893 108.182176 0.482010 -0.327058
13540.000000 2.549775 108.072169 0.457190 -0.324280
13560.000000 2.545098 107.962854 0.432520 -0.321712
13580.000000 2.540846 107.854182 0.407996 -0.319354
13600.000000 2.537007 107.746100 0.383610 -0.317204
13620.000000 2.533569 107.638556 0.359357 -0.315264
13640.000000 2.530520 107.531499 0.335230 -0.313532
13660.000000 2.527851 107.424875 0.311219 -0.312007
13680.000000 2.525552 107.318629 0.287316 -0.310689
13700.000000 2.523615 107.212708 0.263514 -0.309577
13720.000000 2.522033 107.107057 0.239802 -0.308669
13740.000000 2.520800 107.001620 0.216173 -0.307965
13760.000000 2.519911 106.896344 0.192616 -0.307464
13780.000000 2.519361 106.791173 0.169122 -0.307164
13800.000000 2.519146 106.686054 0.145683 -0.307064
13820.000000 2.519264 106.580930 0.122288 -0.307163
13840.000000 2.519713 106.475749 0.098931 -0.307460
13860.000000 2.520492 106.370457 0.075601 -0.307952
13880.000000 2.521600 106.265001 0.052291 -0.308640
13900.000000 2.523039 106.159328 0.028993 -0.309520
13920.000000 2.524809 106.053387 0.005700 -0.310593
13940.000000 2.526913 105.947126 -0.017596 -0.311855
13960.000000 2.529352 105.840496 -0.040900 -0.313306
13980.000000 2.532132 105.733448 -0.064218 -0.314943
14000.000000 2.535255 105.625934 -0.087555 -0.316765
14020.000000 2.538727 105.517907 -0.110914 -0.318770
14040.000000 2.542553 105.409321 -0.134300 -0.320956
14060.000000 2.546739 105.300132 -0.157714 -0.323321
14080.000000 2.551291 105.190298 -0.181158 -0.325861
14100.000000 2.556216 105.079778 -0.204632 -0.328576
14120.000000 2.561522 104.968532 -0.228134 -0.331462
14140.000000 2.567217 104.856522 -0.251663 -0.334516
14160.000000 2.573309 104.743712 -0.275215 -0.337736
14180.000000 2.579806 104.630070 -0.298785 -0.341119
14200.000000 2.586719 104.515562 -0.322367 -0.344660
14220.000000 2.594056 104.400160 -0.345952 -0.348358
14240.000000 2.601827 104.283836 -0.369532 -0.352208
14260.000000 2.610042 104.166565 -0.393094 -0.356206
14280.000000 2.618710 104.048325 -0.416625 -0.360348
14300.000000 2.627842 103.929096 -0.440110 -0.364630
14320.000000 2.637448 103.808860 -0.463532 -0.369047
14340.000000 2.647538 103.687602 -0.486871 -0.373594
14360.000000 2.658123 103.565311 -0.510106 -0.378268
14380.000000 2.669211 103.441978 -0.533212 -0.383062
14400.000000 2.680814 103.317596 -0.556164 -0.387971
14420.000000 2.692942 103.192161 -0.578932 -0.392991
14440.000000 2.705605 103.065674 -0.601485 -0.398115
14460.000000 2.718812 102.938135 -0.623788 -0.403337
14480.000000 2.732573 102.809551 -0.645806 -0.408653
14500.000000 2.746900 102.679929 -0.667498 -0.414057
14520.000000 2.761801 102.549280 -0.688821 -0.419542
14540.000000 2.777287 102.417618 -0.709730 -0.425103
14560.000000 2.793369 102.284957 -0.730176 -0.430735
14580.000000 2.810059 102.151318 -0.750108 -0.436432
14600.000000 2.827366 102.016722 -0.769470 -0.442189
14620.000000 2.845305 101.881192 -0.788203 -0.448001
14640.000000 2.863887 101.744754 -0.806246 -0.453862
14660.000000 2.883128 101.607437 -0.823532 -0.459770
14680.000000 2.903043 101.469271 -0.839992 -0.465718
14700.000000 2.923648 101.330289 -0.855551 -0.471704
14720.000000 2.944964 101.190526 -0.870132 -0.477724
14740.000000 2.967009 101.050018 -0.883651 -0.483775
14760.000000 2.989808 100.908804 -0.896020 -0.489853
14780.000000 3.013385 100.766923 -0.907143 -0.495956
14800.000000 3.037768 100.624419 -0.916922 -0.502082
14820.000000 3.062987 100.481335 -0.925248 -0.508229
14840.000000 3.089074 100.337716 -0.932006 -0.514395
14860.000000 3.116064 100.193609 -0.937073 -0.520579
14880.000000 3.143995 100.049065 -0.940315 -0.526778
14900.000000 3.172907 99.904133 -0.941590 -0.532991
14920.000000 3.202840 99.758867 -0.940742 -0.539216
14940.000000 3.233835 99.613322 -0.937605 -0.545449
14960.000000 3.265932 99.467555 -0.931999 -0.551689
14980.000000 3.299170 99.321624 -0.923729 -0.557930
15000.000000 3.333581 99.175592 -0.912587 -0.564167
15020.000000 3.369190 99.029520 -0.898350 -0.570394
15040.000000 3.406011 98.883474 -0.880779 -0.576602
15060.000000 3.444038 98.737520 -0.859623 -0.582780
15080.000000 3.483243 98.591726 -0.834621 -0.588915
15100.000000 3.523567 98.446159 -0.805501 -0.594990
15120.000000 3.564912 98.300888 -0.771993 -0.600986
15140.000000 3.607128 98.155975 -0.733829 -0.606878
15160.000000 3.650007 98.011484 -0.690755 -0.612641
15180.000000 3.693270 97.867468 -0.642545 -0.618242
15200.000000 3.736560 97.723977 -0.589015 -0.623647
15220.000000 3.779439 97.581047 -0.530035 -0.628818
15240.000000 3.821385 97.438702 -0.465556 -0.633711
15260.000000 3.861799 97.296952 -0.395623 -0.638284
15280.000000 3.900020 97.155789 -0.320401 -0.642492
15300.000000 3.935346 97.015188 -0.240189 -0.646290
15320.000000 3.967064 96.875106 -0.155434 -0.649637
15340.000000 3.994481 96.735478 -0.066740 -0.652494
15360.000000 4.016959 96.596226 0.025138 -0.654828
15380.000000 4.033950 96.457256 0.119310 -0.656609
15400.000000 4.045026 96.318462 0.214780 -0.657814
15420.000000 4.049901 96.179734 0.310487 -0.658422
15440.000000 4.048451 96.040958 0.405353 -0.658420
15460.000000 4.040716 95.902027 0.498332 -0.657802
15480.000000 4.026903 95.762838 0.588454 -0.656568
15500.000000 4.007369 95.623303 0.674860 -0.654730
15520.000000 3.982598 95.483345 0.756823 -0.652306
15540.000000 3.953172 95.342902 0.833762 -0.649326
15560.000000 3.919735 95.201930 0.905241 -0.645824
15580.000000 3.882952 95.060397 0.970962 -0.641839
15600.000000 3.843482 94.918290 1.030756 -0.637411
15620.000000 3.801946 94.775611 1.084567 -0.632582
15640.000000 3.758914 94.632374 1.132437 -0.627389
15660.000000 3.714888 94.488609 1.174487 -0.621871
15680.000000 3.670302 94.344354 1.210904 -0.616060
15700.000000 3.625522 94.199659 1.241922 -0.609989
15720.000000 3.580850 94.054582 1.267809 -0.603685
15740.000000 3.536536 93.909187 1.288858 -0.597175
15760.000000 3.492779 93.763542 1.305368 -0.590483
15780.000000 3.449738 93.617719 1.317647 -0.583630
15800.000000 3.407540 93.471793 1.325997 -0.576637
15820.000000 3.366283 93.325841 1.330712 -0.569522
15840.000000 3.326044 93.179941 1.332077 -0.562303
15860.000000 3.286881 93.034170 1.330362 -0.554996
15880.000000 3.248837 92.888607 1.325825 -0.547616
15900.000000 3.211943 92.743329 1.318707 -0.540179
15920.000000 3.176221 92.598411 1.309235 -0.532699
15940.000000 3.141682 92.453929 1.297623 -0.525189
15960.000000 3.108331 92.309956 1.284070 -0.517663
15980.000000 3.076170 92.166561 1.268762 -0.510134
16000.000000 3.045191 92.023814 1.251871 -0.502613
16020.000000 3.015386 91.881779 1.233559 -0.495114
16040.000000 2.986741 91.740519 1.213977 -0.487649
16060.000000 2.959240 91.600092 1.193264 -0.480228
16080.000000 2.932866 91.460553 1.171550 -0.472864
16100.000000 2.907596 91.321953 1.148954 -0.465568
16120.000000 2.883410 91.184338 1.125589 -0.458350
16140.000000 2.860284 91.047752 1.101558 -0.451221
16160.000000 2.838193 90.912232 1.076954 -0.444191
16180.000000 2.817111 90.777811 1.051866 -0.437271
16200.000000 2.797011 90.644518 1.026374 -0.430469
16220.000000 2.777867 90.512378 1.000550 -0.423795
16240.000000 2.759651 90.381409 0.974461 -0.417257
16260.000000 2.742336 90.251625 0.948167 -0.410863
16280.000000 2.725894 90.123038 0.921722 -0.404621
16300.000000 2.710296 89.995650 0.895175 -0.398539
16320.000000 2.695515 89.869465 0.868569 -0.392622
16340.000000 2.681524 89.744477 0.841943 -0.386877
16360.000000 2.668295 89.620678 0.815330 -0.381309
16380.000000 2.655800 89.498058 0.788760 -0.375923
16400.000000 2.644015 89.376598 0.762258 -0.370725
16420.000000 2.632912 89.256281 0.735846 -0.365718
16440.000000 2.622468 89.137082 0.709541 -0.360905
16460.000000 2.612656 89.018975 0.683360 -0.356291
16480.000000 2.603455 88.901930 0.657313 -0.351877
16500.000000 2.594840 88.785914 0.631411 -0.347665
16520.000000 2.586790 88.670893 0.605660 -0.343659
16540.000000 2.579283 88.556827 0.580066 -0.339859
16560.000000 2.572301 88.443677 0.554631 -0.336267
16580.000000 2.565823 88.331401 0.529355 -0.332883
16600.000000 2.559832 88.219953 0.504240 -0.329708
16620.000000 2.554310 88.109289 0.479282 -0.326743
16640.000000 2.549241 87.999360 0.454478 -0.323988
16660.000000 2.544611 87.890118 0.429824 -0.321443
16680.000000 2.540405 87.781512 0.405315 -0.319108
16700.000000 2.536611 87.673492 0.380945 -0.316981
16720.000000 2.533216 87.566005 0.356706 -0.315064
16740.000000 2.530209 87.458998 0.332591 -0.313355
16760.000000 2.527581 87.352418 0.308593 -0.311853
16780.000000 2.525322 87.246210 0.284702 -0.310557
16800.000000 2.523424 87.140321 0.260910 -0.309467
16820.000000 2.521881 87.034696 0.237208 -0.308582
16840.000000 2.520686 86.929280 0.213587 -0.307900
16860.000000 2.519834 86.824018 0.190037 -0.307421
16880.000000 2.519321 86.718856 0.166550 -0.307143
16900.000000 2.519143 86.613738 0.143116 -0.307065
16920.000000 2.519297 86.508611 0.119726 -0.307186
16940.000000 2.519782 86.403420 0.096372 -0.307504
16960.000000 2.520597 86.298113 0.073045 -0.308018
16980.000000 2.521742 86.192635 0.049736 -0.308727
17000.000000 2.523217 86.086935 0.026439 -0.309629
17020.000000 2.525023 85.980962 0.003146 -0.310722
17040.000000 2.527164 85.874663 -0.020150 -0.312005
17060.000000 2.529641 85.767990 -0.043455 -0.313476
17080.000000 2.532458 85.660893 -0.066775 -0.315134
17100.000000 2.535619 85.553325 -0.090114 -0.316976
17120.000000 2.539129 85.445238 -0.113477 -0.319001
17140.000000 2.542994 85.336589 -0.136866 -0.321207
17160.000000 2.547220 85.227331 -0.160283 -0.323590
17180.000000 2.551812 85.117424 -0.183730 -0.326150
17200.000000 2.556779 85.006826 -0.207207 -0.328884
17220.000000 2.562127 84.895498 -0.230712 -0.331788
17240.000000 2.567865 84.783402 -0.254244 -0.334861
17260.000000 2.574001 84.670503 -0.277798 -0.338099
17280.000000 2.580544 84.556767 -0.301370 -0.341499
17300.000000 2.587503 84.442163 -0.324953 -0.345058
17320.000000 2.594887 84.326661 -0.348538 -0.348773
17340.000000 2.602706 84.210234 -0.372116 -0.352639
17360.000000 2.610970 84.092858 -0.395675 -0.356653
17380.000000 2.619689 83.974511 -0.419202 -0.360810
17400.000000 2.628872 83.855172 -0.442681 -0.365107
17420.000000 2.638531 83.734824 -0.466095 -0.369539
17440.000000 2.648674 83.613454 -0.489424 -0.374101
17460.000000 2.659313 83.491049 -0.512646 -0.378788
17480.000000 2.670458 83.367601 -0.535737 -0.383595
17500.000000 2.682118 83.243104 -0.558669 -0.388516
17520.000000 2.694304 83.117554 -0.581416 -0.393548
17540.000000 2.707026 82.990951 -0.603943 -0.398683
17560.000000 2.720293 82.863297 -0.626217 -0.403916
17580.000000 2.734116 82.734599 -0.648201 -0.409241
17600.000000 2.748505 82.604864 -0.669854 -0.414654
17620.000000 2.763470 82.474103 -0.691134 -0.420148
17640.000000 2.779021 82.342330 -0.711995 -0.425717
17660.000000 2.795169 82.209562 -0.732388 -0.431356
17680.000000 2.811926 82.075817 -0.752260 -0.437060
17700.000000 2.829302 81.941117 -0.771555 -0.442823
17720.000000 2.847310 81.805486 -0.790216 -0.448641
17740.000000 2.865964 81.668950 -0.808179 -0.454508
17760.000000 2.885278 81.531538 -0.825378 -0.460420
17780.000000 2.905268 81.393281 -0.841743 -0.466373
17800.000000 2.925950 81.254212 -0.857199 -0.472363
17820.000000 2.947345 81.114365 -0.871668 -0.478386
17840.000000 2.969472 80.973778 -0.885065 -0.484440
17860.000000 2.992355 80.832489 -0.897302 -0.490521
17880.000000 3.016019 80.690538 -0.908283 -0.496627
17900.000000 3.040492 80.547968 -0.917908 -0.502755
17920.000000 3.065804 80.404823 -0.926067 -0.508904
17940.000000 3.091988 80.261148 -0.932646 -0.515073
17960.000000 3.119080 80.116991 -0.937520 -0.521258
17980.000000 3.147117 79.972402 -0.940553 -0.527459
18000.000000 3.176138 79.827431 -0.941603 -0.533673
18020.000000 3.206185 79.682132 -0.940513 -0.539899
18040.000000 3.237299 79.536559 -0.937114 -0.546133
18060.000000 3.269520 79.390771 -0.931226 -0.552373
18080.000000 3.302885 79.244826 -0.922652 -0.558614
18100.000000 3.337426 79.098786 -0.911182 -0.564851
18120.000000 3.373168 78.952714 -0.896591 -0.571076
18140.000000 3.410121 78.806675 -0.878639 -0.577281
18160.000000 3.448279 78.660735 -0.857075 -0.583455
18180.000000 3.487611 78.514963 -0.831634 -0.589584
18200.000000 3.528053 78.369425 -0.802047 -0.595652
18220.000000 3.569501 78.224190 -0.768041 -0.601637
18240.000000 3.611801 78.079321 -0.729350 -0.607517
18260.000000 3.654737 77.934879 -0.685724 -0.613263
18280.000000 3.698022 77.790919 -0.636939 -0.618845
18300.000000 3.741290 77.647487 -0.582816 -0.624226
18320.000000 3.784094 77.504620 -0.523234 -0.629368
18340.000000 3.825902 77.362340 -0.458153 -0.634229
18360.000000 3.866108 77.220655 -0.387630 -0.638764
18380.000000 3.904047 77.079556 -0.311844 -0.642929
18400.000000 3.939012 76.939014 -0.231109 -0.646679
18420.000000 3.970292 76.798985 -0.145890 -0.649975
18440.000000 3.997197 76.659403 -0.056807 -0.652776
18460.000000 4.019098 76.520187 0.035368 -0.655051
18480.000000 4.035459 76.381241 0.129733 -0.656770
18500.000000 4.045867 76.242460 0.225281 -0.657910
18520.000000 4.050052 76.103732 0.320949 -0.658452
18540.000000 4.047907 75.964944 0.415658 -0.658383
18560.000000 4.039493 75.825990 0.508369 -0.657697
18580.000000 4.025033 75.686767 0.598123 -0.656396
18600.000000 4.004899 75.547189 0.684074 -0.654492
18620.000000 3.979588 75.407180 0.765512 -0.652006
18640.000000 3.949690 75.266682 0.841872 -0.648967
18660.000000 3.915853 75.125649 0.912731 -0.645410
18680.000000 3.878744 74.984054 0.977808 -0.641374
18700.000000 3.839018 74.841884 1.036948 -0.636901
18720.000000 3.797292 74.699143 1.090104 -0.632029
18740.000000 3.754127 74.555846 1.137328 -0.626800
18760.000000 3.710020 74.412025 1.178751 -0.621248
18780.000000 3.665396 74.267719 1.214563 -0.615407
18800.000000 3.620614 74.122980 1.245005 -0.609309
18820.000000 3.575971 73.977865 1.270348 -0.602981
18840.000000 3.531708 73.832438 1.290884 -0.596450
18860.000000 3.488023 73.686770 1.306916 -0.589739
18880.000000 3.445068 73.540932 1.318749 -0.582870
18900.000000 3.402969 73.395000 1.326686 -0.575863
18920.000000 3.361820 73.249050 1.331020 -0.568735
18940.000000 3.321697 73.103160 1.332035 -0.561506
18960.000000 3.282654 72.957408 1.329998 -0.554190
18980.000000 3.244735 72.811873 1.325166 -0.546804
19000.000000 3.207969 72.666630 1.317779 -0.539361
19020.000000 3.172376 72.521757 1.308063 -0.531877
19040.000000 3.137967 72.377327 1.296229 -0.524365
19060.000000 3.104747 72.233413 1.282474 -0.516838
19080.000000 3.072716 72.090087 1.266984 -0.509309
19100.000000 3.041866 71.947415 1.249930 -0.501790
19120.000000 3.012189 71.805462 1.231472 -0.494294
19140.000000 2.983670 71.664290 1.211759 -0.486833
19160.000000 2.956294 71.523958 1.190930 -0.479418
19180.000000 2.930042 71.384519 1.169113 -0.472061
19200.000000 2.904892 71.246025 1.146428 -0.464772
19220.000000 2.880824 71.108521 1.122985 -0.457564
19240.000000 2.857812 70.972050 1.098887 -0.450445
19260.000000 2.835833 70.836649 1.074226 -0.443427
19280.000000 2.814859 70.702350 1.049090 -0.436519
19300.000000 2.794866 70.569183 1.023558 -0.429731
19320.000000 2.775825 70.437170 0.997701 -0.423071
19340.000000 2.757710 70.306330 0.971587 -0.416549
19360.000000 2.740492 70.176678 0.945274 -0.410171
19380.000000 2.724143 70.048221 0.918815 -0.403947
19400.000000 2.708636 69.920966 0.892260 -0.397882
19420.000000 2.693943 69.794912 0.865650 -0.391983
19440.000000 2.680037 69.670055 0.839024 -0.386257
19460.000000 2.666889 69.546386 0.812414 -0.380709
19480.000000 2.654474 69.423893 0.785850 -0.375344
19500.000000 2.642765 69.302560 0.759357 -0.370167
19520.000000 2.631736 69.182367 0.732956 -0.365181
19540.000000 2.621362 69.063289 0.706664 -0.360390
19560.000000 2.611618 68.945300 0.680497 -0.355797
19580.000000 2.602482 68.828369 0.654466 -0.351405
19600.000000 2.593930 68.712465 0.628580 -0.347216
19620.000000 2.585941 68.597550 0.602847 -0.343232
19640.000000 2.578493 68.483586 0.577269 -0.339455
19660.000000 2.571566 68.370534 0.551852 -0.335885
19680.000000 2.565143 68.258351 0.526594 -0.332525
19700.000000 2.559204 68.146992 0.501496 -0.329373
19720.000000 2.553732 68.036410 0.476555 -0.326431
19740.000000 2.548712 67.926559 0.451768 -0.323699
19760.000000 2.544129 67.817389 0.427130 -0.321177
19780.000000 2.539969 67.708850 0.402637 -0.318864
19800.000000 2.536219 67.600891 0.378281 -0.316761
19820.000000 2.532867 67.493459 0.354056 -0.314866
19840.000000 2.529902 67.386502 0.329955 -0.313180
19860.000000 2.527315 67.279965 0.305968 -0.311700
19880.000000 2.525096 67.173795 0.282089 -0.310428
19900.000000 2.523238 67.067938 0.258307 -0.309360
19920.000000 2.521733 66.962338 0.234614 -0.308497
19940.000000 2.520576 66.856942 0.211001 -0.307838
19960.000000 2.519762 66.751693 0.187459 -0.307381
19980.000000 2.519285 66.646538 0.163978 -0.307125
20000.000000 2.519143 66.541422 0.140549 -0.307069
20020.000000 2.519334 66.436291 0.117164 -0.307211
20040.000000 2.519855 66.331090 0.093813 -0.307551
20060.000000 2.520707 66.225766 0.070489 -0.308087
20080.000000 2.521887 66.120267 0.047182 -0.308816
20100.000000 2.523399 66.014540 0.023886 -0.309739
20120.000000 2.525242 65.908533 0.000592 -0.310853
20140.000000 2.527419 65.802196 -0.022705 -0.312157
20160.000000 2.529933 65.695478 -0.046011 -0.313649
20180.000000 2.532787 65.588332 -0.069333 -0.315327
20200.000000 2.535987 65.480709 -0.092675 -0.317189
20220.000000 2.539536 65.372563 -0.116040 -0.319234
20240.000000 2.543440 65.263849 -0.139432 -0.321459
20260.000000 2.547705 65.154523 -0.162852 -0.323863
20280.000000 2.552338 65.044542 -0.186303 -0.326442
20300.000000 2.557346 64.933865 -0.209783 -0.329194
20320.000000 2.562737 64.822455 -0.233291 -0.332117
20340.000000 2.568518 64.710272 -0.256825 -0.335208
20360.000000 2.574698 64.597283 -0.280382 -0.338464
20380.000000 2.581286 64.483454 -0.303955 -0.341882
20400.000000 2.588291 64.368752 -0.327539 -0.345458
20420.000000 2.595723 64.253150 -0.351124 -0.349189
20440.000000 2.603590 64.136621 -0.374700 -0.353072
20460.000000 2.611903 64.019139 -0.398257 -0.357102
20480.000000 2.620673 63.900684 -0.421779 -0.361275
20500.000000 2.629908 63.781235 -0.445252 -0.365587
20520.000000 2.639619 63.660776 -0.468657 -0.370033
20540.000000 2.649816 63.539293 -0.491975 -0.374609
20560.000000 2.660510 63.416775 -0.515184 -0.379309
20580.000000 2.671711 63.293212 -0.538259 -0.384129
20600.000000 2.683428 63.168599 -0.561173 -0.389063
20620.000000 2.695673 63.042934 -0.583897 -0.394106
20640.000000 2.708453 62.916215 -0.606398 -0.399252
20660.000000 2.721781 62.788447 -0.628642 -0.404495
20680.000000 2.735666 62.659635 -0.650592 -0.409831
20700.000000 2.750117 62.529786 -0.672206 -0.415252
20720.000000 2.765146 62.398914 -0.693443 -0.420755
20740.000000 2.780762 62.267031 -0.714255 -0.426332
20760.000000 2.796977 62.134154 -0.734593 -0.431979
20780.000000 2.813800 62.000304 -0.754404 -0.437689
20800.000000 2.831245 61.865500 -0.773633 -0.443459
20820.000000 2.849324 61.729769 -0.792221 -0.449282
20840.000000 2.868049 61.593135 -0.810103 -0.455154
20860.000000 2.887436 61.455630 -0.827214 -0.461071
20880.000000 2.907501 61.317282 -0.843483 -0.467028
20900.000000 2.928261 61.178126 -0.858835 -0.473021
20920.000000 2.949734 61.038196 -0.873190 -0.479048
20940.000000 2.971943 60.897530 -0.886465 -0.485105
20960.000000 2.994910 60.756166 -0.898569 -0.491189
20980.000000 3.018662 60.614145 -0.909406 -0.497297
21000.000000 3.043225 60.471510 -0.918876 -0.503428
21020.000000 3.068631 60.328304 -0.926868 -0.509580
21040.000000 3.094913 60.184574 -0.933266 -0.515750
21060.000000 3.122107 60.040368 -0.937945 -0.521937
21080.000000 3.150250 59.895734 -0.940768 -0.528139
21100.000000 3.179382 59.750724 -0.941591 -0.534355
21120.000000 3.209544 59.605393 -0.940256 -0.540582
21140.000000 3.240777 59.459794 -0.936594 -0.546817
21160.000000 3.273121 59.313986 -0.930420 -0.553057
21180.000000 3.306614 59.168027 -0.921539 -0.559298
21200.000000 3.341286 59.021980 -0.909738 -0.565534
21220.000000 3.377160 58.875909 -0.894791 -0.571758
21240.000000 3.414246 58.729877 -0.876456 -0.577960
21260.000000 3.452535 58.583953 -0.854479 -0.584130
21280.000000 3.491992 58.438203 -0.828597 -0.590253
21300.000000 3.532550 58.292695 -0.798539 -0.596312
21320.000000 3.574101 58.147497 -0.764032 -0.602287
21340.000000 3.616482 58.002672 -0.724812 -0.608154
21360.000000 3.659471 57.858280 -0.680631 -0.613884
21380.000000 3.702773 57.714376 -0.631269 -0.619445
21400.000000 3.746014 57.571004 -0.576552 -0.624803
21420.000000 3.788736 57.428201 -0.516367 -0.629916
21440.000000 3.830400 57.285986 -0.450685 -0.634743
21460.000000 3.870391 57.144366 -0.379574 -0.639239
21480.000000 3.908038 57.003330 -0.303227 -0.643361
21500.000000 3.942634 56.862847 -0.221975 -0.647064
21520.000000 3.973467 56.722870 -0.136299 -0.650306
21540.000000 3.999853 56.583332 -0.046837 -0.653052
21560.000000 4.021171 56.444151 0.045624 -0.655267
21580.000000 4.036897 56.305228 0.140169 -0.656924
21600.000000 4.046632 56.166458 0.235784 -0.657999
21620.000000 4.050126 56.027729 0.331398 -0.658474
21640.000000 4.047288 55.888929 0.425938 -0.658338
21660.000000 4.038197 55.749949 0.518370 -0.657584
21680.000000 4.023094 55.610692 0.607746 -0.656217
21700.000000 4.002366 55.471070 0.693234 -0.654248
21720.000000 3.976522 55.331010 0.774141 -0.651699
21740.000000 3.946161 55.190455 0.849915 -0.648602
21760.000000 3.911932 55.049361 0.920152 -0.644990
21780.000000 3.874505 54.907704 0.984584 -0.640904
21800.000000 3.834530 54.765471 1.043067 -0.636385
21820.000000 3.792620 54.622668 1.095569 -0.631473
21840.000000 3.749329 54.479312 1.142150 -0.626206
21860.000000 3.705146 54.335435 1.182947 -0.620621
21880.000000 3.660488 54.191079 1.218158 -0.614750
21900.000000 3.615708 54.046296 1.248027 -0.608626
21920.000000 3.571095 53.901143 1.272829 -0.602275
21940.000000 3.526888 53.755687 1.292856 -0.595723
21960.000000 3.483275 53.609997 1.308412 -0.588994
21980.000000 3.440409 53.464145 1.319804 -0.582108
22000.000000 3.398410 53.318206 1.327332 -0.575087
22020.000000 3.357370 53.172259 1.331289 -0.567948
22040.000000 3.317363 53.026381 1.331955 -0.560708
22060.000000 3.278442 52.880649 1.329600 -0.553383
22080.000000 3.240648 52.735142 1.324477 -0.545990
22100.000000 3.204010 52.589936 1.316824 -0.538542
22120.000000 3.168546 52.445108 1.306865 -0.531055
22140.000000 3.134267 52.300731 1.294811 -0.523540
22160.000000 3.101178 52.156879 1.280857 -0.516012
22180.000000 3.069276 52.013620 1.265188 -0.508484
22200.000000 3.038555 51.871024 1.247972 -0.500967
22220.000000 3.009006 51.729154 1.229369 -0.493474
22240.000000 2.980613 51.588071 1.209528 -0.486017
22260.000000 2.953361 51.447834 1.188584 -0.478608
22280.000000 2.927231 51.308497 1.166667 -0.471258
22300.000000 2.902201 51.170109 1.143893 -0.463978
22320.000000 2.878250 51.032717 1.120374 -0.456779
22340.000000 2.855352 50.896361 1.096209 -0.449671
22360.000000 2.833485 50.761079 1.071492 -0.442664
22380.000000 2.812620 50.626904 1.046309 -0.435769
22400.000000 2.792732 50.493862 1.020737 -0.428994
22420.000000 2.773794 50.361977 0.994850 -0.422349
22440.000000 2.755779 50.231266 0.968711 -0.415842
22460.000000 2.738657 50.101744 0.942379 -0.409481
22480.000000 2.722402 49.973420 0.915908 -0.403274
22500.000000 2.706986 49.846296 0.889344 -0.397227
22520.000000 2.692381 49.720373 0.862731 -0.391347
22540.000000 2.678559 49.595647 0.836105 -0.385640
22560.000000 2.665493 49.472108 0.809499 -0.380112
22580.000000 2.653156 49.349743 0.782942 -0.374767
22600.000000 2.641523 49.228536 0.756458 -0.369611
22620.000000 2.630567 49.108466 0.730068 -0.364646
22640.000000 2.620263 48.989509 0.703789 -0.359876
22660.000000 2.610587 48.871638 0.677636 -0.355306
22680.000000 2.601516 48.754821 0.651621 -0.350936
22700.000000 2.593027 48.639027 0.625751 -0.346769
22720.000000 2.585098 48.524218 0.600035 -0.342808
22740.000000 2.577708 48.410357 0.574475 -0.339053
22760.000000 2.570838 48.297402 0.549075 -0.335507
22780.000000 2.564468 48.185311 0.523835 -0.332169
22800.000000 2.558581 48.074040 0.498754 -0.329040
22820.000000 2.553160 47.963541 0.473830 -0.326121
22840.000000 2.548189 47.853767 0.449060 -0.323412
22860.000000 2.543653 47.744668 0.424438 -0.320913
22880.000000 2.539538 47.636196 0.399960 -0.318624
22900.000000 2.535832 47.528297 0.375619 -0.316543
22920.000000 2.532523 47.420919 0.351408 -0.314671
22940.000000 2.529600 47.314010 0.327320 -0.313007
22960.000000 2.527054 47.207517 0.303345 -0.311551
22980.000000 2.524875 47.101384 0.279477 -0.310301
23000.000000 2.523056 46.995557 0.255705 -0.309256
23020.000000 2.521590 46.889983 0.232022 -0.308415
23040.000000 2.520470 46.784605 0.208417 -0.307778
23060.000000 2.519693 46.679370 0.184882 -0.307343
23080.000000 2.519253 46.574222 0.161407 -0.307109
23100.000000 2.519148 46.469106 0.137984 -0.307075
23120.000000 2.519375 46.363970 0.114602 -0.307239
23140.000000 2.519933 46.258758 0.091255 -0.307600
23160.000000 2.520820 46.153418 0.067933 -0.308157
23180.000000 2.522037 46.047896 0.044627 -0.308908
23200.000000 2.523584 45.942141 0.021332 -0.309852
23220.000000 2.525464 45.836100 -0.001962 -0.310987
23240.000000 2.527678 45.729724 -0.025259 -0.312312
23260.000000 2.530229 45.622962 -0.048567 -0.313824
23280.000000 2.533121 45.515766 -0.071891 -0.315522
23300.000000 2.536359 45.408088 -0.095235 -0.317405
23320.000000 2.539946 45.299882 -0.118603 -0.319469
23340.000000 2.543890 45.191102 -0.141998 -0.321714
23360.000000 2.548195 45.081706 -0.165422 -0.324137
23380.000000 2.552869 44.971651 -0.188875 -0.326735
23400.000000 2.557919 44.860896 -0.212359 -0.329506
23420.000000 2.563352 44.749403 -0.235870 -0.332448
23440.000000 2.569176 44.637134 -0.259407 -0.335557
23460.000000 2.575401 44.524054 -0.282966 -0.338831
23480.000000 2.582034 44.410130 -0.306540 -0.342266
23500.000000 2.589085 44.295332 -0.330124 -0.345859
23520.000000 2.596564 44.179629 -0.353709 -0.349608
23540.000000 2.604480 44.062996 -0.377284 -0.353506
23560.000000 2.612842 43.945409 -0.400837 -0.357552
23580.000000 2.621662 43.826846 -0.424355 -0.361741
23600.000000 2.630949 43.707287 -0.447821 -0.366068
23620.000000 2.640713 43.586717 -0.471218 -0.370528
23640.000000 2.650964 43.465120 -0.494526 -0.375118
23660.000000 2.661713 43.342488 -0.517721 -0.379832
23680.000000 2.672970 43.218810 -0.540779 -0.384664
23700.000000 2.684745 43.094082 -0.563674 -0.389610
23720.000000 2.697047 42.968301 -0.586375 -0.394665
23740.000000 2.709888 42.841467 -0.608850 -0.399822
23760.000000 2.723276 42.713584 -0.631064 -0.405076
23780.000000 2.737222 42.584658 -0.652978 -0.410421
23800.000000 2.751737 42.454697 -0.674554 -0.415852
23820.000000 2.766829 42.323713 -0.695746 -0.421363
23840.000000 2.782510 42.191720 -0.716509 -0.426948
23860.000000 2.798791 42.058736 -0.736791 -0.432602
23880.000000 2.815682 41.924779 -0.756542 -0.438319
23900.000000 2.833196 41.789873 -0.775704 -0.444094
23920.000000 2.851345 41.654041 -0.794217 -0.449923
23940.000000 2.870142 41.517311 -0.812018 -0.455800
23960.000000 2.889603 41.379711 -0.829040 -0.461722
23980.000000 2.909743 41.241273 -0.845212 -0.467683
24000.000000 2.930580 41.102030 -0.860459 -0.473681
24020.000000 2.952133 40.962018 -0.874700 -0.479711
24040.000000 2.974424 40.821274 -0.887851 -0.485771
24060.000000 2.997476 40.679836 -0.899820 -0.491857
24080.000000 3.021315 40.537746 -0.910513 -0.497968
24100.000000 3.045969 40.395046 -0.919826 -0.504102
24120.000000 3.071469 40.251780 -0.927650 -0.510255
24140.000000 3.097849 40.107995 -0.933865 -0.516427
24160.000000 3.125145 39.963739 -0.938347 -0.522616
24180.000000 3.153394 39.819062 -0.940959 -0.528820
24200.000000 3.182637 39.674014 -0.941553 -0.535037
24220.000000 3.212915 39.528651 -0.939971 -0.541265
24240.000000 3.244268 39.383026 -0.936043 -0.547501
24260.000000 3.276736 39.237198 -0.929583 -0.553741
24280.000000 3.310357 39.091227 -0.920392 -0.559982
24300.000000 3.345160 38.945175 -0.908257 -0.566217
24320.000000 3.381167 38.799104 -0.892951 -0.572439
24340.000000 3.418386 38.653081 -0.874229 -0.578638
24360.000000 3.456805 38.507172 -0.851837 -0.584804
24380.000000 3.496386 38.361446 -0.825511 -0.590921
24400.000000 3.537060 38.215969 -0.794978 -0.596972
24420.000000 3.578710 38.070808 -0.759967 -0.602936
24440.000000 3.621170 37.926028 -0.720215 -0.608789
24460.000000 3.664209 37.781687 -0.675475 -0.614503
24480.000000 3.707525 37.637839 -0.625534 -0.620043
24500.000000 3.750732 37.494529 -0.570222 -0.625376
24520.000000 3.793366 37.351789 -0.509434 -0.630460
24540.000000 3.834877 37.209639 -0.443151 -0.635253
24560.000000 3.874645 37.068084 -0.371455 -0.639710
24580.000000 3.911993 36.927110 -0.294551 -0.643788
24600.000000 3.946211 36.786686 -0.212788 -0.647442
24620.000000 3.976589 36.646760 -0.126663 -0.650632
24640.000000 4.002448 36.507266 -0.036831 -0.653321
24660.000000 4.023176 36.368118 0.055906 -0.655476
24680.000000 4.038263 36.229217 0.150619 -0.657070
24700.000000 4.047323 36.090458 0.246286 -0.658080
24720.000000 4.050124 35.951726 0.341834 -0.658489
24740.000000 4.046594 35.812911 0.436192 -0.658285
24760.000000 4.036829 35.673906 0.528334 -0.657464
24780.000000 4.021088 35.534612 0.617322 -0.656030
24800.000000 3.999772 35.394946 0.702339 -0.653996
24820.000000 3.973403 35.254834 0.782707 -0.651386
24840.000000 3.942585 35.114222 0.857891 -0.648230
24860.000000 3.907973 34.973067 0.927503 -0.644565
24880.000000 3.870235 34.831347 0.991287 -0.640429
24900.000000 3.830019 34.689051 1.049115 -0.635865
24920.000000 3.787932 34.546186 1.100963 -0.630912
24940.000000 3.744521 34.402772 1.146902 -0.625609
24960.000000 3.700266 34.258840 1.187076 -0.619990
24980.000000 3.655579 34.114435 1.221689 -0.614091
25000.000000 3.610804 33.969608 1.250989 -0.607940
25020.000000 3.566225 33.824419 1.275252 -0.601566
25040.000000 3.522074 33.678933 1.294774 -0.594993
25060.000000 3.478537 33.533221 1.309859 -0.588246
25080.000000 3.435761 33.387356 1.320813 -0.581345
25100.000000 3.393862 33.241413 1.327935 -0.574310
25120.000000 3.352933 33.095470 1.331517 -0.567158
25140.000000 3.313042 32.949604 1.331840 -0.559908
25160.000000 3.274243 32.803893 1.329169 -0.552576
25180.000000 3.236574 32.658415 1.323757 -0.545176
25200.000000 3.200064 32.513247 1.315840 -0.537723
25220.000000 3.164730 32.368464 1.305642 -0.530232
25240.000000 3.130581 32.224142 1.293370 -0.522715
25260.000000 3.097622 32.080351 1.279220 -0.515187
25280.000000 3.065850 31.937162 1.263373 -0.507659
25300.000000 3.035259 31.794642 1.245997 -0.500144
25320.000000 3.005837 31.652855 1.227252 -0.492655
25340.000000 2.977570 31.511863 1.207283 -0.485203
25360.000000 2.950442 31.371722 1.186227 -0.477799
25380.000000 2.924433 31.232486 1.164210 -0.470456
25400.000000 2.899523 31.094205 1.141349 -0.463184
25420.000000 2.875688 30.956925 1.117754 -0.455995
25440.000000 2.852905 30.820685 1.093524 -0.448897
25460.000000 2.831149 30.685523 1.068752 -0.441903
25480.000000 2.810393 30.551470 1.043523 -0.435020
25500.000000 2.790610 30.418554 1.017914 -0.428259
25520.000000 2.771775 30.286797 0.991995 -0.421629
25540.000000 2.753858 30.156217 0.965832 -0.415138
25560.000000 2.736833 30.026826 0.939483 -0.408793
25580.000000 2.720672 29.898632 0.912999 -0.402603
25600.000000 2.705346 29.771641 0.886428 -0.396574
25620.000000 2.690828 29.645849 0.859812 -0.390713
25640.000000 2.677090 29.521254 0.833187 -0.385026
25660.000000 2.664105 29.397844 0.806585 -0.379517
25680.000000 2.651847 29.275608 0.780035 -0.374193
25700.000000 2.640289 29.154526 0.753560 -0.369057
25720.000000 2.629406 29.034579 0.727181 -0.364113
25740.000000 2.619172 28.915743 0.700916 -0.359366
25760.000000 2.609564 28.797988 0.674777 -0.354817
25780.000000 2.600558 28.681286 0.648777 -0.350469
25800.000000 2.592131 28.565601 0.622925 -0.346325
25820.000000 2.584262 28.450898 0.597225 -0.342386
25840.000000 2.576930 28.337138 0.571682 -0.338654
25860.000000 2.570116 28.224280 0.546300 -0.335131
25880.000000 2.563800 28.112281 0.521077 -0.331816
25900.000000 2.557965 28.001097 0.496014 -0.328710
25920.000000 2.552593 27.890680 0.471107 -0.325814
25940.000000 2.547671 27.780982 0.446353 -0.323128
25960.000000 2.543182 27.671955 0.421748 -0.320652
25980.000000 2.539112 27.563548 0.397285 -0.318385
26000.000000 2.535451 27.455709 0.372959 -0.316328
26020.000000 2.532184 27.348385 0.348761 -0.314479
26040.000000 2.529303 27.241524 0.324686 -0.312838
26060.000000 2.526797 27.135073 0.300724 -0.311404
26080.000000 2.524658 27.028976 0.276866 -0.310176
26100.000000 2.522878 26.923180 0.253105 -0.309154
26120.000000 2.521450 26.817630 0.229430 -0.308336
26140.000000 2.520368 26.712270 0.205834 -0.307721
26160.000000 2.519628 26.607047 0.182305 -0.307308
26180.000000 2.519225 26.501905 0.158837 -0.307096
26200.000000 2.519157 26.396791 0.135418 -0.307083
26220.000000 2.519420 26.291649 0.112041 -0.307269
26240.000000 2.520014 26.186425 0.088697 -0.307652
26260.000000 2.520937 26.081068 0.065377 -0.308230
26280.000000 2.522190 25.975523 0.042073 -0.309002
26300.000000 2.523774 25.869739 0.018778 -0.309967
26320.000000 2.525690 25.763664 -0.004516 -0.311123
26340.000000 2.527941 25.657247 -0.027814 -0.312468
26360.000000 2.530529 25.550440 -0.051124 -0.314001
26380.000000 2.533459 25.443194 -0.074449 -0.315720
26400.000000 2.536735 25.335460 -0.097796 -0.317622
26420.000000 2.540361 25.227193 -0.121167 -0.319707
26440.000000 2.544344 25.118348 -0.144565 -0.321971
26460.000000 2.548689 25.008882 -0.167992 -0.324413
26480.000000 2.553404 24.898752 -0.191449 -0.327030
26500.000000 2.558495 24.787918 -0.214935 -0.329820
26520.000000 2.563971 24.676341 -0.238449 -0.332780
26540.000000 2.569839 24.563985 -0.261989 -0.335908
26560.000000 2.576108 24.450814 -0.285550 -0.339199
26580.000000 2.582786 24.336796 -0.309126 -0.342652
26600.000000 2.589884 24.221900 -0.332710 -0.346263
26620.000000 2.597410 24.106097 -0.356294 -0.350028
26640.000000 2.605374 23.989361 -0.379867 -0.353943
26660.000000 2.613787 23.871667 -0.403418 -0.358005
26680.000000 2.622657 23.752996 -0.426931 -0.362208
26700.000000 2.631996 23.633327 -0.450390 -0.366550
26720.000000 2.641813 23.512644 -0.473778 -0.371025
26740.000000 2.652118 23.390935 -0.497075 -0.375629
26760.000000 2.662923 23.268188 -0.520256 -0.380356
26780.000000 2.674236 23.144395 -0.543298 -0.385201
26800.000000 2.686068 23.019552 -0.566173 -0.390159
26820.000000 2.698429 22.893656 -0.588851 -0.395225
26840.000000 2.711329 22.766707 -0.611299 -0.400393
26860.000000 2.724778 22.638709 -0.633481 -0.405657
26880.000000 2.738786 22.509669 -0.655361 -0.411012
26900.000000 2.753363 22.379595 -0.676897 -0.416452
26920.000000 2.768520 22.248499 -0.698044 -0.421971
26940.000000 2.784266 22.116397 -0.718757 -0.427564
26960.000000 2.800613 21.983305 -0.738984 -0.433225
26980.000000 2.817572 21.849244 -0.758672 -0.438949
27000.000000 2.835154 21.714234 -0.777766 -0.444731
27020.000000 2.853374 21.578303 -0.796204 -0.450565
27040.000000 2.872243 21.441476 -0.813923 -0.456448
27060.000000 2.891777 21.303783 -0.830856 -0.462374
27080.000000 2.911993 21.165255 -0.846930 -0.468339
27100.000000 2.932907 21.025926 -0.862071 -0.474340
27120.000000 2.954540 20.885832 -0.876197 -0.480374
27140.000000 2.976913 20.745009 -0.889222 -0.486437
27160.000000 3.000050 20.603498 -0.901057 -0.492526
27180.000000 3.023977 20.461339 -0.911603 -0.498640
27200.000000 3.048723 20.318574 -0.920759 -0.504775
27220.000000 3.074318 20.175250 -0.928412 -0.510931
27240.000000 3.100796 20.031411 -0.934444 -0.517105
27260.000000 3.128195 19.887106 -0.938727 -0.523296
27280.000000 3.156551 19.742386 -0.941125 -0.529501
27300.000000 3.185905 19.597301 -0.941489 -0.535719
27320.000000 3.216299 19.451906 -0.939658 -0.541948
27340.000000 3.247772 19.306256 -0.935461 -0.548185
27360.000000 3.280366 19.160410 -0.928712 -0.554426
27380.000000 3.314114 19.014427 -0.919209 -0.560666
27400.000000 3.349048 18.868369 -0.906738 -0.566900
27420.000000 3.385188 18.722300 -0.891069 -0.573120
27440.000000 3.422539 18.576286 -0.871958 -0.579316
27460.000000 3.461088 18.430394 -0.849148 -0.585477
27480.000000 3.500794 18.284692 -0.822374 -0.591588
27500.000000 3.541581 18.139246 -0.791363 -0.597630
27520.000000 3.583329 17.994124 -0.755845 -0.603584
27540.000000 3.625865 17.849389 -0.715558 -0.609423
27560.000000 3.668951 17.705100 -0.670258 -0.615119
27580.000000 3.712275 17.561309 -0.619734 -0.620639
27600.000000 3.755444 17.418060 -0.563826 -0.625946
27620.000000 3.797982 17.275384 -0.502435 -0.631000
27640.000000 3.839334 17.133300 -0.435552 -0.635758
27660.000000 3.878871 16.991809 -0.363273 -0.640177
27680.000000 3.915910 16.850898 -0.285817 -0.644210
27700.000000 3.949742 16.710531 -0.203548 -0.647815
27720.000000 3.979656 16.570656 -0.116982 -0.650952
27740.000000 4.004981 16.431204 -0.026790 -0.653584
27760.000000 4.025114 16.292088 0.066211 -0.655679
27780.000000 4.039556 16.153209 0.161079 -0.657210
27800.000000 4.047938 16.014457 0.256786 -0.658155
27820.000000 4.050045 15.875722 0.352256 -0.658497
27840.000000 4.045824 15.736891 0.446420 -0.658225
27860.000000 4.035389 15.597859 0.538259 -0.657336
27880.000000 4.019015 15.458529 0.626850 -0.655836
27900.000000 3.997118 15.318816 0.711388 -0.653738
27920.000000 3.970230 15.178653 0.791211 -0.651066
27940.000000 3.938963 15.037982 0.865801 -0.647852
27960.000000 3.903977 14.896767 0.934783 -0.644133
27980.000000 3.865936 14.754983 0.997919 -0.639949
28000.000000 3.825486 14.612624 1.055090 -0.635340
28020.000000 3.783228 14.469698 1.106286 -0.630347
28040.000000 3.739702 14.326225 1.151584 -0.625007
28060.000000 3.695381 14.182239 1.191138 -0.619357
28080.000000 3.650669 14.037785 1.225156 -0.613428
28100.000000 3.605902 13.892915 1.253889 -0.607252
28120.000000 3.561360 13.747691 1.277618 -0.600854
28140.000000 3.517268 13.602177 1.296639 -0.594262
28160.000000 3.473808 13.456444 1.311256 -0.587497
28180.000000 3.431122 13.310567 1.321775 -0.580580
28200.000000 3.389326 13.164620 1.328495 -0.573531
28220.000000 3.348507 13.018682 1.331707 -0.566368
28240.000000 3.308734 12.872829 1.331689 -0.559108
28260.000000 3.270057 12.727140 1.328705 -0.551768
28280.000000 3.232515 12.581692 1.323007 -0.544361
28300.000000 3.196133 12.436562 1.314830 -0.536904
28320.000000 3.160928 12.291827 1.304394 -0.529409
28340.000000 3.126910 12.147559 1.291907 -0.521890
28360.000000 3.094081 12.003831 1.277562 -0.514361
28380.000000 3.062439 11.860712 1.261539 -0.506834
28400.000000 3.031976 11.718269 1.244006 -0.499321
28420.000000 3.002682 11.576567 1.225120 -0.491836
28440.000000 2.974541 11.435665 1.205025 -0.484388
28460.000000 2.947536 11.295621 1.183857 -0.476991
28480.000000 2.921649 11.156487 1.161742 -0.469655
28500.000000 2.896858 11.018314 1.138796 -0.462392
28520.000000 2.873140 10.881145 1.115127 -0.455212
28540.000000 2.850470 10.745022 1.090833 -0.448125
28560.000000 2.828825 10.609980 1.066007 -0.441143
28580.000000 2.808177 10.476051 1.040732 -0.434273
28600.000000 2.788500 10.343261 1.015086 -0.427526
28620.000000 2.769766 10.211632 0.989138 -0.420911
28640.000000 2.751949 10.081182 0.962952 -0.414435
28660.000000 2.735020 9.951922 0.936585 -0.408107
28680.000000 2.718951 9.823860 0.910090 -0.401934
28700.000000 2.703715 9.697000 0.883512 -0.395923
28720.000000 2.689284 9.571340 0.856893 -0.390081
28740.000000 2.675630 9.446875 0.830269 -0.384413
28760.000000 2.662726 9.323595 0.803671 -0.378924
28780.000000 2.650546 9.201486 0.777128 -0.373621
28800.000000 2.639064 9.080530 0.750663 -0.368506
28820.000000 2.628253 8.960706 0.724296 -0.363583
28840.000000 2.618089 8.841989 0.698044 -0.358857
28860.000000 2.608547 8.724352 0.671920 -0.354330
28880.000000 2.599606 8.607762 0.645936 -0.350005
28900.000000 2.591241 8.492187 0.620099 -0.345883
28920.000000 2.583432 8.377590 0.594417 -0.341967
28940.000000 2.576158 8.263931 0.568892 -0.338258
28960.000000 2.569399 8.151169 0.543527 -0.334757
28980.000000 2.563137 8.039262 0.518322 -0.331465
29000.000000 2.557353 7.928164 0.493275 -0.328382
29020.000000 2.552032 7.817828 0.468386 -0.325509
29040.000000 2.547158 7.708206 0.443648 -0.322846
29060.000000 2.542715 7.599249 0.419059 -0.320393
29080.000000 2.538691 7.490907 0.394611 -0.318150
29100.000000 2.535073 7.383127 0.370300 -0.316115
29120.000000 2.531850 7.275857 0.346116 -0.314289
29140.000000 2.529010 7.169044 0.322053 -0.312670
29160.000000 2.526545 7.062634 0.298103 -0.311259
29180.000000 2.524446 6.956573 0.274257 -0.310054
29200.000000 2.522704 6.850806 0.250505 -0.309054
29220.000000 2.521315 6.745279 0.226840 -0.308258
29240.000000 2.520271 6.639937 0.203251 -0.307665
29260.000000 2.519568 6.534726 0.179730 -0.307275
29280.000000 2.519202 6.429590 0.156267 -0.307085
29300.000000 2.519170 6.324475 0.132854 -0.307094
29320.000000 2.519469 6.219326 0.109481 -0.307301
29340.000000 2.520099 6.114091 0.086139 -0.307706
29360.000000 2.521058 6.008715 0.062821 -0.308305
29380.000000 2.522348 5.903147 0.039519 -0.309099
29400.000000 2.523968 5.797333 0.016224 -0.310085
29420.000000 2.525921 5.691223 -0.007069 -0.311261
29440.000000 2.528208 5.584766 -0.030369 -0.312627
29460.000000 2.530834 5.477913 -0.053680 -0.314180
29480.000000 2.533801 5.370616 -0.077008 -0.315919
29500.000000 2.537115 5.262826 -0.100357 -0.317842
29520.000000 2.540780 5.154498 -0.123730 -0.319946
29540.000000 2.544802 5.045587 -0.147131 -0.322230
29560.000000 2.549188 4.936050 -0.170562 -0.324692
29580.000000 2.553944 4.825845 -0.194022 -0.327328
29600.000000 2.559077 4.714931 -0.217512 -0.330137
29620.000000 2.564595 4.603271 -0.241029 -0.333115
29640.000000 2.570506 4.490827 -0.264571 -0.336261
29660.000000 2.576820 4.377565 -0.288134 -0.339570
29680.000000 2.583544 4.263452 -0.311711 -0.343040
29700.000000 2.590688 4.148458 -0.335296 -0.346668
29720.000000 2.598262 4.032553 -0.358879 -0.350450
29740.000000 2.606275 3.915713 -0.382451 -0.354381
29760.000000 2.614737 3.797914 -0.405997 -0.358459
29780.000000 2.623658 3.679134 -0.429505 -0.362678
29800.000000 2.633049 3.559354 -0.452958 -0.367034
29820.000000 2.642919 3.438560 -0.476337 -0.371524
29840.000000 2.653278 3.316738 -0.499622 -0.376141
29860.000000 2.664138 3.193876 -0.522789 -0.380881
29880.000000 2.675507 3.069969 -0.545814 -0.385739
29900.000000 2.687397 2.945010 -0.568669 -0.390710
29920.000000 2.699816 2.818998 -0.591323 -0.395787
29940.000000 2.712776 2.691934 -0.613744 -0.400966
29960.000000 2.726286 2.563821 -0.635896 -0.406240
29980.000000 2.740356 2.434667 -0.657740 -0.411605
30000.000000 2.754996 2.304481 -0.679235 -0.417054
30020.000000 2.770217 2.173274 -0.700337 -0.422581
30040.000000 2.786028 2.041063 -0.720999 -0.428182
30060.000000 2.802442 1.907863 -0.741169 -0.433850
30080.000000 2.819469 1.773697 -0.760796 -0.439580
30100.000000 2.837121 1.638585 -0.779820 -0.445368
30120.000000 2.855410 1.502554 -0.798183 -0.451208
30140.000000 2.874352 1.365631 -0.815819 -0.457095
30160.000000 2.893960 1.227844 -0.832661 -0.463026
30180.000000 2.914251 1.089227 -0.848637 -0.468995
30200.000000 2.935244 0.949813 -0.863670 -0.475000
30220.000000 2.956957 0.809636 -0.877680 -0.481037
30240.000000 2.979412 0.668736 -0.890579 -0.487103
30260.000000 3.002634 0.527152 -0.902278 -0.493195
30280.000000 3.026650 0.384924 -0.912677 -0.499311
30300.000000 3.051487 0.242097 -0.921673 -0.505449
30320.000000 3.077177 0.098713 -0.929154 -0.511607
30340.000000 3.103755 -0.045179 -0.935001 -0.517783
30360.000000 3.131256 -0.189532 -0.939085 -0.523975
30380.000000 3.159720 -0.334295 -0.941267 -0.530182
30400.000000 3.189186 -0.479416 -0.941398 -0.536402
30420.000000 3.219696 -0.624842 -0.939317 -0.542632
30440.000000 3.251290 -0.770516 -0.934850 -0.548869
30460.000000 3.284008 -0.916380 -0.927808 -0.555110
30480.000000 3.317886 -1.062375 -0.917991 -0.561350
30500.000000 3.352951 -1.208437 -0.905181 -0.567583
30520.000000 3.389224 -1.354503 -0.889147 -0.573800
30540.000000 3.426708 -1.500507 -0.869642 -0.579994
30560.000000 3.465386 -1.646381 -0.846411 -0.586150
30580.000000 3.505214 -1.792059 -0.819186 -0.592254
30600.000000 3.546113 -1.937472 -0.787694 -0.598288
30620.000000 3.587958 -2.082555 -0.751666 -0.604230
30640.000000 3.630567 -2.227243 -0.710840 -0.610055
30660.000000 3.673695 -2.371480 -0.664977 -0.615733
30680.000000 3.717023 -2.515214 -0.613870 -0.621232
30700.000000 3.760147 -2.658402 -0.557364 -0.626513
30720.000000 3.802585 -2.801013 -0.495370 -0.631537
30740.000000 3.843769 -2.943032 -0.427889 -0.636260
30760.000000 3.883066 -3.084458 -0.355028 -0.640638
30780.000000 3.919789 -3.225308 -0.277025 -0.644627
30800.000000 3.953225 -3.365618 -0.194257 -0.648183
30820.000000 3.982668 -3.505443 -0.107258 -0.651266
30840.000000 4.007452 -3.644853 -0.016716 -0.653840
30860.000000 4.026983 -3.783939 0.076538 -0.655875
30880.000000 4.040776 -3.922799 0.171550 -0.657342
30900.000000 4.048478 -4.061542 0.267284 -0.658222
30920.000000 4.049891 -4.200283 0.362662 -0.658497
30940.000000 4.044980 -4.339131 0.456619 -0.658158
30960.000000 4.033878 -4.478191 0.548146 -0.657202
30980.000000 4.016875 -4.617560 0.636329 -0.655634
31000.000000 3.994403 -4.757318 0.720380 -0.653472
31020.000000 3.967004 -4.897535 0.799652 -0.650739
31040.000000 3.935297 -5.038264 0.873642 -0.647469
31060.000000 3.899943 -5.179541 0.941993 -0.643697
31080.000000 3.861607 -5.321387 1.004479 -0.639464
31100.000000 3.820931 -5.463809 1.060994 -0.634811
31120.000000 3.778509 -5.606796 1.111537 -0.629778
31140.000000 3.734874 -5.750327 1.156197 -0.624402
31160.000000 3.690492 -5.894367 1.195133 -0.618720
31180.000000 3.645758 -6.038869 1.228559 -0.612763
31200.000000 3.601004 -6.183781 1.256730 -0.606561
31220.000000 3.556501 -6.329041 1.279928 -0.600141
31240.000000 3.512470 -6.474582 1.298451 -0.593528
31260.000000 3.469088 -6.620334 1.312604 -0.586745
31280.000000 3.426495 -6.766223 1.322692 -0.579813
31300.000000 3.384802 -6.912172 1.329013 -0.572751
31320.000000 3.344095 -7.058105 1.331858 -0.565577
31340.000000 3.304440 -7.203944 1.331502 -0.558307
31360.000000 3.265886 -7.349611 1.328209 -0.550959
31380.000000 3.228469 -7.495027 1.322227 -0.543546
31400.000000 3.192215 -7.640117 1.313792 -0.536084
31420.000000 3.157140 -7.784805 1.303122 -0.528585
31440.000000 3.123253 -7.929017 1.290422 -0.521065
31460.000000 3.090555 -8.072682 1.275885 -0.513535
31480.000000 3.059042 -8.215730 1.259688 -0.506009
31500.000000 3.028708 -8.358094 1.241999 -0.498499
31520.000000 2.999541 -8.499712 1.222973 -0.491017
31540.000000 2.971525 -8.640523 1.202754 -0.483575
31560.000000 2.944644 -8.780469 1.181477 -0.476184
31580.000000 2.918878 -8.919500 1.159265 -0.468855
31600.000000 2.894206 -9.057565 1.136235 -0.461601
31620.000000 2.870604 -9.194621 1.112492 -0.454430
31640.000000 2.848048 -9.330627 1.088136 -0.447355
31660.000000 2.826513 -9.465549 1.063257 -0.440384
31680.000000 2.805973 -9.599354 1.037938 -0.433527
31700.000000 2.786400 -9.732018 1.012255 -0.426794
31720.000000 2.767769 -9.863518 0.986278 -0.420194
31740.000000 2.750050 -9.993839 0.960069 -0.413734
31760.000000 2.733217 -10.122968 0.933686 -0.407422
31780.000000 2.717241 -10.250898 0.907179 -0.401267
31800.000000 2.702094 -10.377626 0.880595 -0.395274
31820.000000 2.687750 -10.503155 0.853974 -0.389451
31840.000000 2.674179 -10.627489 0.827351 -0.383802
31860.000000 2.661356 -10.750640 0.800758 -0.378334
31880.000000 2.649254 -10.872622 0.774222 -0.373050
31900.000000 2.637846 -10.993453 0.747767 -0.367956
31920.000000 2.627107 -11.113154 0.721412 -0.363055
31940.000000 2.617013 -11.231751 0.695173 -0.358351
31960.000000 2.607538 -11.349272 0.669064 -0.353846
31980.000000 2.598661 -11.465749 0.643096 -0.349543
