0.000000 3.999671 196.004134 0.625860 0.587332
20.000000 4.014972 196.130157 0.562646 0.589195
40.000000 4.026477 196.256050 0.496833 0.590541
60.000000 4.033996 196.381830 0.428918 0.591364
80.000000 4.037402 196.507520 0.359452 0.591663
100.000000 4.036638 196.633146 0.289023 0.591439
120.000000 4.031717 196.758739 0.218246 0.590698
140.000000 4.022722 196.884329 0.147745 0.589449
160.000000 4.009802 197.009945 0.078137 0.587704
180.000000 3.993171 197.135615 0.010012 0.585476
200.000000 3.973093 197.261362 -0.056079 0.582783
220.000000 3.949878 197.387201 -0.119639 0.579641
240.000000 3.923870 197.513143 -0.180231 0.576072
260.000000 3.895433 197.639187 -0.237486 0.572099
280.000000 3.864940 197.765327 -0.291106 0.567746
300.000000 3.832765 197.891546 -0.340859 0.563039
320.000000 3.799268 198.017820 -0.386579 0.558003
340.000000 3.764786 198.144115 -0.428159 0.552665
360.000000 3.729634 198.270391 -0.465547 0.547050
380.000000 3.694093 198.396601 -0.498738 0.541184
400.000000 3.658412 198.522691 -0.527767 0.535090
420.000000 3.622807 198.648603 -0.552703 0.528792
440.000000 3.587461 198.774275 -0.573645 0.522309
460.000000 3.552530 198.899641 -0.590711 0.515663
480.000000 3.518142 199.024634 -0.604038 0.508873
500.000000 3.484403 199.149184 -0.613775 0.501955
520.000000 3.451400 199.273222 -0.620080 0.494928
540.000000 3.419202 199.396678 -0.623118 0.487809
560.000000 3.387865 199.519483 -0.623055 0.480613
580.000000 3.357434 199.641570 -0.620062 0.473358
600.000000 3.327946 199.762873 -0.614307 0.466058
620.000000 3.299428 199.883329 -0.605957 0.458731
640.000000 3.271904 200.002880 -0.595179 0.451394
660.000000 3.245392 200.121468 -0.582132 0.444064
680.000000 3.219906 200.239043 -0.566977 0.436758
700.000000 3.195456 200.355556 -0.549866 0.429496
720.000000 3.172052 200.470965 -0.530948 0.422295
740.000000 3.149696 200.585235 -0.510368 0.415177
760.000000 3.128393 200.698336 -0.488262 0.408160
780.000000 3.108142 200.810242 -0.464762 0.401265
800.000000 3.088941 200.920937 -0.439996 0.394512
820.000000 3.070786 201.030411 -0.414080 0.387923
840.000000 3.053671 201.138662 -0.387128 0.381517
860.000000 3.037587 201.245695 -0.359246 0.375317
880.000000 3.022525 201.351522 -0.330530 0.369340
900.000000 3.008474 201.456163 -0.301072 0.363609
920.000000 2.995420 201.559647 -0.270956 0.358141
940.000000 2.983351 201.662008 -0.240259 0.352956
960.000000 2.972251 201.763291 -0.209050 0.348072
980.000000 2.962106 201.863544 -0.177393 0.343505
1000.000000 2.952901 201.962825 -0.145343 0.339271
1020.000000 2.944622 202.061198 -0.112951 0.335385
1040.000000 2.937254 202.158731 -0.080260 0.331861
1060.000000 2.930784 202.255501 -0.047310 0.328713
1080.000000 2.925200 202.351587 -0.014134 0.325951
1100.000000 2.920492 202.447075 0.019239 0.323587
1120.000000 2.916650 202.542055 0.052785 0.321628
1140.000000 2.913669 202.636620 0.086481 0.320085
1160.000000 2.911543 202.730865 0.120310 0.318963
1180.000000 2.910270 202.824890 0.154256 0.318268
1200.000000 2.909851 202.918796 0.188304 0.318004
1220.000000 2.910288 203.012683 0.222441 0.318175
1240.000000 2.911588 203.106654 0.256656 0.318783
1260.000000 2.913759 203.200812 0.290934 0.319828
1280.000000 2.916812 203.295259 0.325263 0.321309
1300.000000 2.920761 203.390095 0.359627 0.323225
1320.000000 2.925623 203.485418 0.394009 0.325571
1340.000000 2.931416 203.581324 0.428387 0.328344
1360.000000 2.938161 203.677906 0.462739 0.331536
1380.000000 2.945882 203.775251 0.497035 0.335140
1400.000000 2.954603 203.873443 0.531242 0.339146
1420.000000 2.964351 203.972562 0.565320 0.343544
1440.000000 2.975151 204.072679 0.599224 0.348321
1460.000000 2.987033 204.173860 0.632902 0.353462
1480.000000 3.000022 204.276164 0.666291 0.358953
1500.000000 3.014145 204.379642 0.699325 0.364775
1520.000000 3.029429 204.484337 0.731927 0.370909
1540.000000 3.045896 204.590284 0.764009 0.377336
1560.000000 3.063567 204.697510 0.795478 0.384034
1580.000000 3.082462 204.806031 0.826229 0.390979
1600.000000 3.102592 204.915854 0.856147 0.398147
1620.000000 3.123970 205.026980 0.885108 0.405513
1640.000000 3.146599 205.139397 0.912981 0.413052
1660.000000 3.170478 205.253087 0.939622 0.420735
1680.000000 3.195599 205.368023 0.964881 0.428536
1700.000000 3.221950 205.484169 0.988598 0.436427
1720.000000 3.249506 205.601481 1.010606 0.444381
1740.000000 3.278239 205.719910 1.030731 0.452370
1760.000000 3.308110 205.839400 1.048793 0.460366
1780.000000 3.339071 205.959888 1.064606 0.468343
1800.000000 3.371063 206.081307 1.077979 0.476274
1820.000000 3.404020 206.203587 1.088718 0.484132
1840.000000 3.437862 206.326655 1.096630 0.491893
1860.000000 3.472496 206.450432 1.101517 0.499533
1880.000000 3.507818 206.574843 1.103185 0.507026
1900.000000 3.543709 206.699809 1.101444 0.514350
1920.000000 3.580034 206.825253 1.096110 0.521481
1940.000000 3.616639 206.951097 1.087007 0.528398
1960.000000 3.653353 207.077268 1.073971 0.535078
1980.000000 3.689982 207.203694 1.056858 0.541499
2000.000000 3.726308 207.330307 1.035542 0.547638
2020.000000 3.762091 207.457044 1.009922 0.553474
2040.000000 3.797064 207.583848 0.979931 0.558982
2060.000000 3.830935 207.710666 0.945535 0.564141
2080.000000 3.863389 207.837454 0.906744 0.568926
2100.000000 3.894092 207.964174 0.863613 0.573313
2120.000000 3.922695 208.090796 0.816252 0.577279
2140.000000 3.948847 208.217296 0.764824 0.580801
2160.000000 3.972198 208.343661 0.709553 0.583857
2180.000000 3.992415 208.469882 0.650729 0.586428
2200.000000 4.009193 208.595961 0.588703 0.588499
2220.000000 4.022268 208.721905 0.523890 0.590056
2240.000000 4.031427 208.847728 0.456766 0.591093
2260.000000 4.036518 208.973452 0.387862 0.591605
2280.000000 4.037453 209.099101 0.317752 0.591593
2300.000000 4.034217 209.224704 0.247041 0.591061
2320.000000 4.026865 209.350291 0.176353 0.590018
2340.000000 4.015519 209.475893 0.106308 0.588473
2360.000000 4.000369 209.601538 0.037511 0.586440
2380.000000 3.981658 209.727251 -0.029471 0.583934
2400.000000 3.959679 209.853051 -0.094117 0.580972
2420.000000 3.934764 209.978951 -0.155964 0.577574
2440.000000 3.907270 210.104954 -0.214617 0.573763
2460.000000 3.877569 210.231056 -0.269747 0.569561
2480.000000 3.846034 210.357245 -0.321097 0.564995
2500.000000 3.813032 210.483500 -0.368474 0.560089
2520.000000 3.778912 210.609791 -0.411747 0.554871
2540.000000 3.743997 210.736080 -0.450844 0.549366
2560.000000 3.708582 210.862323 -0.485740 0.543599
2580.000000 3.672930 210.988469 -0.516456 0.537595
2600.000000 3.637270 211.114461 -0.543047 0.531377
2620.000000 3.601798 211.240238 -0.565600 0.524967
2640.000000 3.566681 211.365737 -0.584227 0.518385
2660.000000 3.532059 211.490890 -0.599058 0.511651
2680.000000 3.498045 211.615629 -0.610237 0.504783
2700.000000 3.464733 211.739883 -0.617919 0.497799
2720.000000 3.432200 211.863584 -0.622265 0.490716
2740.000000 3.400507 211.986662 -0.623444 0.483549
2760.000000 3.369702 212.109049 -0.621623 0.476316
2780.000000 3.339827 212.230679 -0.616971 0.469032
2800.000000 3.310911 212.351487 -0.609657 0.461714
2820.000000 3.282980 212.471414 -0.599846 0.454379
2840.000000 3.256054 212.590400 -0.587703 0.447044
2860.000000 3.230149 212.708393 -0.573387 0.439726
2880.000000 3.205277 212.825343 -0.557053 0.432444
2900.000000 3.181447 212.941206 -0.538853 0.425216
2920.000000 3.158664 213.055944 -0.518932 0.418062
2940.000000 3.136932 213.169523 -0.497430 0.411001
2960.000000 3.116253 213.281917 -0.474482 0.404054
2980.000000 3.096626 213.393107 -0.450216 0.397241
3000.000000 3.078046 213.503079 -0.424754 0.390582
3020.000000 3.060508 213.611827 -0.398211 0.384100
3040.000000 3.044006 213.719354 -0.370695 0.377813
3060.000000 3.028530 213.825670 -0.342306 0.371743
3080.000000 3.014069 213.930790 -0.313140 0.365910
3100.000000 3.000611 214.034741 -0.283282 0.360333
3120.000000 2.988143 214.137554 -0.252813 0.355031
3140.000000 2.976650 214.239270 -0.221804 0.350022
3160.000000 2.966119 214.339936 -0.190322 0.345323
3180.000000 2.956533 214.439605 -0.158425 0.340952
3200.000000 2.947879 214.538339 -0.126167 0.336923
3220.000000 2.940142 214.636205 -0.093593 0.333250
3240.000000 2.933308 214.733276 -0.060744 0.329948
3260.000000 2.927366 214.829630 -0.027656 0.327027
3280.000000 2.922302 214.925351 0.005640 0.324500
3300.000000 2.918109 215.020527 0.039118 0.322375
3320.000000 2.914778 215.115249 0.072756 0.320662
3340.000000 2.912305 215.209613 0.106533 0.319368
3360.000000 2.910685 215.303715 0.140433 0.318498
3380.000000 2.909918 215.397657 0.174441 0.318059
3400.000000 2.910007 215.491539 0.208544 0.318053
3420.000000 2.910955 215.585464 0.242728 0.318483
3440.000000 2.912770 215.679534 0.276982 0.319350
3460.000000 2.915463 215.773851 0.311292 0.320654
3480.000000 2.919046 215.868517 0.345644 0.322393
3500.000000 2.923534 215.963630 0.380021 0.324565
3520.000000 2.928945 216.059287 0.414403 0.327165
3540.000000 2.935300 216.155583 0.448769 0.330187
3560.000000 2.942622 216.252607 0.483092 0.333625
3580.000000 2.950933 216.350445 0.517339 0.337469
3600.000000 2.960260 216.449178 0.551475 0.341709
3620.000000 2.970629 216.548881 0.585456 0.346333
3640.000000 2.982067 216.649621 0.619232 0.351328
3660.000000 2.994602 216.751461 0.652747 0.356678
3680.000000 3.008261 216.854456 0.685934 0.362367
3700.000000 3.023070 216.958652 0.718721 0.368377
3720.000000 3.039053 217.064086 0.751026 0.374688
3740.000000 3.056232 217.170789 0.782757 0.381278
3760.000000 3.074627 217.278781 0.813813 0.388125
3780.000000 3.094253 217.388075 0.844084 0.395205
3800.000000 3.115122 217.498671 0.873450 0.402494
3820.000000 3.137242 217.610565 0.901782 0.409966
3840.000000 3.160613 217.723740 0.928942 0.417593
3860.000000 3.185230 217.838173 0.954782 0.425350
3880.000000 3.211083 217.953831 0.979146 0.433208
3900.000000 3.238152 218.070675 1.001870 0.441140
3920.000000 3.266410 218.188656 1.022782 0.449118
3940.000000 3.295824 218.307721 1.041706 0.457114
3960.000000 3.326347 218.427811 1.058456 0.465102
3980.000000 3.357928 218.548860 1.072845 0.473055
4000.000000 3.390501 218.670798 1.084679 0.480946
4020.000000 3.423993 218.793555 1.093765 0.488749
4040.000000 3.458317 218.917053 1.099906 0.496441
4060.000000 3.493373 219.041215 1.102907 0.503997
4080.000000 3.529048 219.165965 1.102576 0.511392
4100.000000 3.565213 219.291224 1.098725 0.518605
4120.000000 3.601724 219.416914 1.091176 0.525612
4140.000000 3.638416 219.542961 1.079759 0.532390
4160.000000 3.675104 219.669291 1.064321 0.538919
4180.000000 3.711581 219.795836 1.044728 0.545176
4200.000000 3.747616 219.922530 1.020869 0.551138
4220.000000 3.782952 220.049313 0.992662 0.556782
4240.000000 3.817308 220.176131 0.960059 0.562086
4260.000000 3.850378 220.302937 0.923052 0.567026
4280.000000 3.881834 220.429689 0.881677 0.571578
4300.000000 3.911335 220.556353 0.836020 0.575718
4320.000000 3.938527 220.682905 0.786223 0.579423
4340.000000 3.963058 220.809326 0.732485 0.582671
4360.000000 3.984588 220.935606 0.675068 0.585442
4380.000000 4.002800 221.061742 0.614297 0.587718
4400.000000 4.017411 221.187740 0.550564 0.589485
4420.000000 4.028185 221.313610 0.484319 0.590734
4440.000000 4.034945 221.439372 0.416072 0.591460
4460.000000 4.037577 221.565048 0.346381 0.591660
4480.000000 4.036035 221.690666 0.275840 0.591340
4500.000000 4.030346 221.816256 0.205067 0.590503
4520.000000 4.020606 221.941848 0.134687 0.589161
4540.000000 4.006977 222.067473 0.065311 0.587325
4560.000000 3.989681 222.193155 -0.002475 0.585009
4580.000000 3.968994 222.318918 -0.068131 0.582230
4600.000000 3.945232 222.444776 -0.131168 0.579008
4620.000000 3.918743 222.570737 -0.191164 0.575362
4640.000000 3.889894 222.696800 -0.247763 0.571316
4660.000000 3.859061 222.822956 -0.300677 0.566895
4680.000000 3.826612 222.949187 -0.349689 0.562124
4700.000000 3.792906 223.075468 -0.394644 0.557030
4720.000000 3.758277 223.201763 -0.435445 0.551638
4740.000000 3.723032 223.328030 -0.472050 0.545975
4760.000000 3.687447 223.454222 -0.504461 0.540065
4780.000000 3.651765 223.580283 -0.532722 0.533931
4800.000000 3.616195 223.706156 -0.556906 0.527597
4820.000000 3.580915 223.831776 -0.577115 0.521083
4840.000000 3.546076 223.957078 -0.593474 0.514408
4860.000000 3.511802 224.081993 -0.606120 0.507592
4880.000000 3.478195 224.206453 -0.615205 0.500653
4900.000000 3.445337 224.330388 -0.620889 0.493608
4920.000000 3.413295 224.453728 -0.623336 0.486473
4940.000000 3.382124 224.576404 -0.622715 0.479265
4960.000000 3.351866 224.698349 -0.619194 0.472000
4980.000000 3.322557 224.819499 -0.612943 0.464694
5000.000000 3.294222 224.939792 -0.604128 0.457364
5020.000000 3.266886 225.059167 -0.592914 0.450027
5040.000000 3.240564 225.177570 -0.579463 0.442700
5060.000000 3.215270 225.294950 -0.563932 0.435401
5080.000000 3.191015 225.411261 -0.546473 0.428148
5100.000000 3.167806 225.526461 -0.527235 0.420962
5120.000000 3.145646 225.640515 -0.506359 0.413861
5140.000000 3.124539 225.753394 -0.483984 0.406865
5160.000000 3.104484 225.865075 -0.460239 0.399995
5180.000000 3.085478 225.975544 -0.435250 0.393271
5200.000000 3.067518 226.084790 -0.409133 0.386714
5220.000000 3.050595 226.192813 -0.382000 0.380346
5240.000000 3.034703 226.299620 -0.353954 0.374185
5260.000000 3.019830 226.405224 -0.325093 0.368253
5280.000000 3.005966 226.509647 -0.295507 0.362569
5300.000000 2.993096 226.612919 -0.265277 0.357153
5320.000000 2.981209 226.715076 -0.234480 0.352023
5340.000000 2.970288 226.816163 -0.203183 0.347196
5360.000000 2.960320 226.916230 -0.171448 0.342690
5380.000000 2.951289 227.015337 -0.139331 0.338520
5400.000000 2.943180 227.113548 -0.106880 0.334700
5420.000000 2.935980 227.210933 -0.074138 0.331246
5440.000000 2.929677 227.307569 -0.041143 0.328169
5460.000000 2.924257 227.403537 -0.007929 0.325480
5480.000000 2.919710 227.498924 0.025478 0.323191
5500.000000 2.916030 227.593819 0.059054 0.321309
5520.000000 2.913208 227.688317 0.092776 0.319843
5540.000000 2.911241 227.782514 0.126628 0.318801
5560.000000 2.910127 227.876509 0.160594 0.318186
5580.000000 2.909867 227.970403 0.194659 0.318003
5600.000000 2.910465 228.064298 0.228812 0.318255
5620.000000 2.911927 228.158297 0.263040 0.318944
5640.000000 2.914261 228.252501 0.297329 0.320071
5660.000000 2.917480 228.347013 0.331665 0.321633
5680.000000 2.921598 228.441932 0.366034 0.323629
5700.000000 2.926631 228.537356 0.400417 0.326056
5720.000000 2.932600 228.633381 0.434792 0.328907
5740.000000 2.939525 228.730099 0.469136 0.332177
5760.000000 2.947431 228.827596 0.503418 0.335857
5780.000000 2.956341 228.925955 0.537604 0.339937
5800.000000 2.966283 229.025254 0.571654 0.344406
5820.000000 2.977283 229.125565 0.605520 0.349252
5840.000000 2.989369 229.226951 0.639148 0.354460
5860.000000 3.002567 229.329470 0.672477 0.360013
5880.000000 3.016905 229.433172 0.705436 0.365895
5900.000000 3.032407 229.538098 0.737948 0.372085
5920.000000 3.049097 229.644282 0.769924 0.378565
5940.000000 3.066995 229.751748 0.801267 0.385310
5960.000000 3.086119 229.860511 0.831871 0.392298
5980.000000 3.106482 229.970577 0.861620 0.399506
6000.000000 3.128092 230.081945 0.890389 0.406906
6020.000000 3.150954 230.194601 0.918044 0.414473
6040.000000 3.175066 230.308526 0.944439 0.422181
6060.000000 3.200418 230.423690 0.969422 0.430001
6080.000000 3.226995 230.540056 0.992834 0.437906
6100.000000 3.254773 230.657581 1.014505 0.445868
6120.000000 3.283721 230.776212 1.034259 0.453861
6140.000000 3.313799 230.895893 1.051916 0.461855
6160.000000 3.344957 231.016559 1.067289 0.469825
6180.000000 3.377135 231.138145 1.080186 0.477745
6200.000000 3.410263 231.260577 1.090413 0.485587
6220.000000 3.444259 231.383783 1.097776 0.493327
6240.000000 3.479030 231.507685 1.102078 0.500941
6260.000000 3.514468 231.632205 1.103125 0.508404
6280.000000 3.550450 231.757266 1.100728 0.515694
6300.000000 3.586839 231.882790 1.094704 0.522787
6320.000000 3.623479 232.008700 1.084880 0.529662
6340.000000 3.660192 232.134924 1.071095 0.536295
6360.000000 3.696782 232.261390 1.053208 0.542665
6380.000000 3.733026 232.388030 1.031096 0.548749
6400.000000 3.768679 232.514784 1.004666 0.554526
6420.000000 3.803469 232.641594 0.973855 0.559971
6440.000000 3.837100 232.768410 0.938638 0.565062
6460.000000 3.869254 232.895189 0.899032 0.569774
6480.000000 3.899592 233.021892 0.855103 0.574085
6500.000000 3.927766 233.148493 0.806970 0.577970
6520.000000 3.953422 233.274969 0.754807 0.581407
6540.000000 3.976213 233.401307 0.698850 0.584374
6560.000000 3.995811 233.527501 0.639401 0.586853
6580.000000 4.011917 233.653554 0.576822 0.588828
6600.000000 4.024277 233.779474 0.511540 0.590289
6620.000000 4.032688 233.905278 0.444043 0.591228
6640.000000 4.037009 234.030985 0.374869 0.591642
6660.000000 4.037166 234.156623 0.304600 0.591533
6680.000000 4.033156 234.282221 0.233847 0.590905
6700.000000 4.025048 234.407809 0.163232 0.589767
6720.000000 4.012978 234.533417 0.093375 0.588131
6740.000000 3.997143 234.659073 0.024874 0.586008
6760.000000 3.977800 234.784801 -0.041711 0.583416
6780.000000 3.955248 234.910619 -0.105868 0.580371
6800.000000 3.929825 235.036537 -0.167148 0.576895
6820.000000 3.901891 235.162559 -0.225167 0.573009
6840.000000 3.871820 235.288679 -0.279611 0.568737
6860.000000 3.839984 235.414883 -0.330233 0.564106
6880.000000 3.806748 235.541147 -0.376853 0.559140
6900.000000 3.772456 235.667440 -0.419352 0.553866
6920.000000 3.737427 235.793725 -0.457666 0.548310
6940.000000 3.701949 235.919953 -0.491780 0.542498
6960.000000 3.666279 236.046075 -0.521722 0.536452
6980.000000 3.630640 236.172032 -0.547553 0.530197
7000.000000 3.595222 236.297762 -0.569366 0.523753
7020.000000 3.560188 236.423201 -0.587275 0.517141
7040.000000 3.525670 236.548282 -0.601414 0.510381
7060.000000 3.491781 236.672936 -0.611929 0.503490
7080.000000 3.458609 236.797093 -0.618977 0.496486
7100.000000 3.426228 236.920683 -0.622720 0.489386
7120.000000 3.394697 237.043637 -0.623327 0.482205
7140.000000 3.364063 237.165888 -0.620965 0.474962
7160.000000 3.334364 237.287370 -0.615805 0.467670
7180.000000 3.305630 237.408018 -0.608013 0.460348
7200.000000 3.277885 237.527773 -0.597755 0.453012
7220.000000 3.251149 237.646578 -0.585195 0.445678
7240.000000 3.225435 237.764381 -0.570491 0.438366
7260.000000 3.200757 237.881131 -0.553799 0.431092
7280.000000 3.177121 237.996788 -0.535267 0.423876
7300.000000 3.154534 238.111312 -0.515040 0.416738
7320.000000 3.132999 238.224672 -0.493259 0.409697
7340.000000 3.112516 238.336843 -0.470056 0.402773
7360.000000 3.093084 238.447806 -0.445558 0.395987
7380.000000 3.074699 238.557550 -0.419886 0.389360
7400.000000 3.057355 238.666071 -0.393154 0.382913
7420.000000 3.041044 238.773371 -0.365467 0.376665
7440.000000 3.025758 238.879462 -0.336927 0.370638
7460.000000 3.011485 238.984363 -0.307625 0.364851
7480.000000 2.998213 239.088099 -0.277648 0.359323
7500.000000 2.985927 239.190705 -0.247073 0.354074
7520.000000 2.974615 239.292221 -0.215971 0.349122
7540.000000 2.964261 239.392696 -0.184407 0.344483
7560.000000 2.954850 239.492187 -0.152439 0.340175
7580.000000 2.946368 239.590754 -0.120119 0.336211
7600.000000 2.938801 239.688466 -0.087490 0.332606
7620.000000 2.932134 239.785397 -0.054594 0.329374
7640.000000 2.926356 239.881627 -0.021466 0.326526
7660.000000 2.921455 239.977239 0.011866 0.324073
7680.000000 2.917423 240.072324 0.045376 0.322025
7700.000000 2.914253 240.166972 0.079041 0.320389
7720.000000 2.911938 240.261279 0.112842 0.319173
7740.000000 2.910477 240.355344 0.146763 0.318384
7760.000000 2.909870 240.449267 0.180790 0.318025
7780.000000 2.910118 240.543149 0.214909 0.318100
7800.000000 2.911227 240.637093 0.249107 0.318611
7820.000000 2.913205 240.731202 0.283373 0.319560
7840.000000 2.916063 240.825576 0.317692 0.320945
7860.000000 2.919813 240.920318 0.352049 0.322765
7880.000000 2.924472 241.015525 0.386429 0.325017
7900.000000 2.930057 241.111294 0.420810 0.327696
7920.000000 2.936591 241.207719 0.455170 0.330797
7940.000000 2.944095 241.304889 0.489481 0.334311
7960.000000 2.952593 241.402888 0.523711 0.338229
7980.000000 2.962112 241.501796 0.557821 0.342542
8000.000000 2.972678 241.601686 0.591768 0.347236
8020.000000 2.984319 241.702627 0.625500 0.352298
8040.000000 2.997062 241.804679 0.658959 0.357713
8060.000000 3.010933 241.907894 0.692077 0.363464
8080.000000 3.025959 242.012318 0.724781 0.369531
8100.000000 3.042163 242.117987 0.756986 0.375895
8120.000000 3.059567 242.224929 0.788599 0.382535
8140.000000 3.078190 242.333163 0.819517 0.389428
8160.000000 3.098048 242.442699 0.849629 0.396549
8180.000000 3.119150 242.553538 0.878812 0.403874
8200.000000 3.141503 242.665672 0.906937 0.411376
8220.000000 3.165107 242.779084 0.933862 0.419030
8240.000000 3.189955 242.893748 0.959439 0.426808
8260.000000 3.216036 243.009630 0.983510 0.434681
8280.000000 3.243329 243.126689 1.005910 0.442624
8300.000000 3.271806 243.244877 1.026465 0.450607
8320.000000 3.301429 243.364138 1.044998 0.458604
8340.000000 3.332154 243.484411 1.061323 0.466588
8360.000000 3.363925 243.605632 1.075250 0.474531
8380.000000 3.396676 243.727728 1.086587 0.482407
8400.000000 3.430330 243.850628 1.095139 0.490192
8420.000000 3.464798 243.974256 1.100709 0.497860
8440.000000 3.499978 244.098534 1.103104 0.505388
8460.000000 3.535755 244.223385 1.102131 0.512751
8480.000000 3.571996 244.348729 1.097604 0.519927
8500.000000 3.608554 244.474492 1.089346 0.526893
8520.000000 3.645260 244.600597 1.077191 0.533627
8540.000000 3.681925 244.726972 1.060988 0.540107
8560.000000 3.718338 244.853550 1.040608 0.546310
8580.000000 3.754263 244.980265 1.015944 0.552214
8600.000000 3.789439 245.107058 0.986920 0.557797
8620.000000 3.823579 245.233878 0.953496 0.563035
8640.000000 3.856373 245.360676 0.915671 0.567904
8660.000000 3.887491 245.487414 0.873489 0.572381
8680.000000 3.916588 245.614060 0.827049 0.576442
8700.000000 3.943311 245.740588 0.776500 0.580064
8720.000000 3.967308 245.866984 0.722054 0.583224
8740.000000 3.988243 245.993237 0.663985 0.585904
8760.000000 4.005804 246.119346 0.602631 0.588086
8780.000000 4.019716 246.245319 0.538394 0.589758
8800.000000 4.029754 246.371168 0.471736 0.590909
8820.000000 4.035751 246.496911 0.403176 0.591537
8840.000000 4.037606 246.622574 0.333280 0.591640
8860.000000 4.035287 246.748185 0.262649 0.591223
8880.000000 4.028834 246.873773 0.191902 0.590291
8900.000000 4.018355 246.999369 0.121663 0.588856
8920.000000 4.004024 247.125002 0.052540 0.586929
8940.000000 3.986074 247.250699 -0.014888 0.584526
8960.000000 3.964789 247.376478 -0.080091 0.581663
8980.000000 3.940491 247.502355 -0.142592 0.578360
9000.000000 3.913534 247.628335 -0.201979 0.574637
9020.000000 3.884287 247.754416 -0.257911 0.570520
9040.000000 3.853125 247.880588 -0.310113 0.566032
9060.000000 3.820416 248.006831 -0.358379 0.561199
9080.000000 3.786513 248.133117 -0.402565 0.556047
9100.000000 3.751747 248.259410 -0.442586 0.550603
9120.000000 3.716419 248.385667 -0.478408 0.544892
9140.000000 3.680798 248.511839 -0.510041 0.538938
9160.000000 3.645121 248.637870 -0.537535 0.532765
9180.000000 3.609593 248.763700 -0.560970 0.526396
9200.000000 3.574385 248.889266 -0.580452 0.519850
9220.000000 3.539642 249.014501 -0.596108 0.513148
9240.000000 3.505485 249.139337 -0.608079 0.506308
9260.000000 3.472012 249.263704 -0.616518 0.499348
9280.000000 3.439302 249.387533 -0.621585 0.492285
9300.000000 3.407419 249.510755 -0.623448 0.485135
9320.000000 3.376415 249.633300 -0.622273 0.477915
9340.000000 3.346331 249.755102 -0.618231 0.470641
9360.000000 3.317201 249.876097 -0.611489 0.463329
9380.000000 3.289052 249.996222 -0.602215 0.455997
9400.000000 3.261903 250.115421 -0.590572 0.448660
9420.000000 3.235772 250.233637 -0.576722 0.441337
9440.000000 3.210671 250.350821 -0.560820 0.434045
9460.000000 3.186610 250.466927 -0.543018 0.426804
9480.000000 3.163596 250.581916 -0.523464 0.419631
9500.000000 3.141633 250.695753 -0.502299 0.412548
9520.000000 3.120722 250.808411 -0.479659 0.405574
9540.000000 3.100862 250.919867 -0.455673 0.398730
9560.000000 3.082052 251.030108 -0.430464 0.392036
9580.000000 3.064285 251.139127 -0.404150 0.385513
9600.000000 3.047556 251.246922 -0.376839 0.379181
9620.000000 3.031854 251.353504 -0.348635 0.373062
9640.000000 3.017170 251.458886 -0.319632 0.367175
9660.000000 3.003492 251.563092 -0.289920 0.361539
9680.000000 2.990807 251.666153 -0.259578 0.356175
9700.000000 2.979101 251.768107 -0.228683 0.351100
9720.000000 2.968359 251.868999 -0.197300 0.346331
9740.000000 2.958566 251.968883 -0.165490 0.341887
9760.000000 2.949708 252.067818 -0.133307 0.337781
9780.000000 2.941770 252.165869 -0.100798 0.334028
9800.000000 2.934738 252.263109 -0.068007 0.330643
9820.000000 2.928600 252.359614 -0.034969 0.327638
9840.000000 2.923343 252.455468 -0.001716 0.325023
9860.000000 2.918959 252.550756 0.031724 0.322809
9880.000000 2.915439 252.645570 0.065328 0.321004
9900.000000 2.912777 252.740004 0.099076 0.319617
9920.000000 2.910969 252.834156 0.132950 0.318653
9940.000000 2.910014 252.928124 0.166935 0.318119
9960.000000 2.909914 253.022011 0.201018 0.318017
9980.000000 2.910672 253.115917 0.235186 0.318350
10000.000000 2.912295 253.209946 0.269426 0.319121
10020.000000 2.914793 253.304200 0.303725 0.320329
10040.000000 2.918179 253.398781 0.338069 0.321972
10060.000000 2.922466 253.493787 0.372441 0.324049
10080.000000 2.927672 253.589316 0.406824 0.326555
10100.000000 2.933817 253.685463 0.441196 0.329485
10120.000000 2.940923 253.782319 0.475531 0.332832
10140.000000 2.949014 253.879971 0.509798 0.336587
10160.000000 2.958115 253.978500 0.543961 0.340741
10180.000000 2.968252 254.077982 0.577981 0.345281
10200.000000 2.979452 254.178488 0.611807 0.350196
10220.000000 2.991743 254.280081 0.645384 0.355469
10240.000000 3.005152 254.382817 0.678650 0.361085
10260.000000 3.019705 254.486744 0.711532 0.367026
10280.000000 3.035427 254.591903 0.743951 0.373272
10300.000000 3.052341 254.698324 0.775816 0.379802
10320.000000 3.070466 254.806031 0.807030 0.386595
10340.000000 3.089820 254.915037 0.837484 0.393626
10360.000000 3.110415 255.025346 0.867060 0.400871
10380.000000 3.132258 255.136955 0.895632 0.408304
10400.000000 3.155353 255.249849 0.923063 0.415900
10420.000000 3.179697 255.364008 0.949207 0.423630
10440.000000 3.205279 255.479399 0.973910 0.431468
10460.000000 3.232081 255.595985 0.997010 0.439386
10480.000000 3.260080 255.713720 1.018337 0.447356
10500.000000 3.289242 255.832551 1.037714 0.455351
10520.000000 3.319526 255.952420 1.054960 0.463343
10540.000000 3.350878 256.073263 1.069886 0.471306
10560.000000 3.383239 256.195012 1.082300 0.479213
10580.000000 3.416535 256.317595 1.092008 0.487038
10600.000000 3.450684 256.440936 1.098815 0.494756
10620.000000 3.485587 256.564959 1.102525 0.502344
10640.000000 3.521136 256.689586 1.102945 0.509777
10660.000000 3.557206 256.814739 1.099886 0.517032
10680.000000 3.593654 256.940340 1.093167 0.524086
10700.000000 3.630321 257.066315 1.082616 0.530917
10720.000000 3.667027 257.192589 1.068077 0.537503
10740.000000 3.703570 257.319092 1.049410 0.543821
10760.000000 3.739723 257.445758 1.026500 0.549850
10780.000000 3.775237 257.572527 0.999257 0.555566
10800.000000 3.809834 257.699342 0.967625 0.560947
10820.000000 3.843215 257.826154 0.931588 0.565969
10840.000000 3.875056 257.952921 0.891170 0.570609
10860.000000 3.905017 258.079607 0.846447 0.574842
10880.000000 3.932749 258.206186 0.797547 0.578645
10900.000000 3.957896 258.332637 0.744657 0.581996
10920.000000 3.980117 258.458948 0.688026 0.584873
10940.000000 3.999085 258.585116 0.627963 0.587259
10960.000000 4.014512 258.711143 0.564846 0.589140
10980.000000 4.026149 258.837040 0.499113 0.590504
11000.000000 4.033807 258.962824 0.431261 0.591345
11020.000000 4.037355 259.088517 0.361838 0.591661
11040.000000 4.036733 259.214145 0.291432 0.591455
11060.000000 4.031953 259.339738 0.220657 0.590731
11080.000000 4.023094 259.465328 0.150137 0.589500
11100.000000 4.010305 259.590943 0.080488 0.587771
11120.000000 3.993796 259.716610 0.012303 0.585560
11140.000000 3.973831 259.842354 -0.053866 0.582882
11160.000000 3.950717 259.968190 -0.117519 0.579755
11180.000000 3.924798 260.094128 -0.178219 0.576201
11200.000000 3.896438 260.220169 -0.235593 0.572241
11220.000000 3.866009 260.346306 -0.289341 0.567901
11240.000000 3.833886 260.472522 -0.339229 0.563205
11260.000000 3.800427 260.598795 -0.385088 0.558180
11280.000000 3.765974 260.725090 -0.426811 0.552851
11300.000000 3.730840 260.851367 -0.464342 0.547246
11320.000000 3.695308 260.977580 -0.497675 0.541388
11340.000000 3.659628 261.103675 -0.526845 0.535302
11360.000000 3.624017 261.229595 -0.551920 0.529010
11380.000000 3.588659 261.355276 -0.572996 0.522533
11400.000000 3.553712 261.480654 -0.590192 0.515892
11420.000000 3.519304 261.605660 -0.603644 0.509106
11440.000000 3.485542 261.730227 -0.613500 0.502193
11460.000000 3.452512 261.854283 -0.619920 0.495170
11480.000000 3.420286 261.977760 -0.623066 0.488053
11500.000000 3.388919 262.100588 -0.623107 0.480860
11520.000000 3.358456 262.222701 -0.620211 0.473606
11540.000000 3.328935 262.344032 -0.614547 0.466307
11560.000000 3.300384 262.464518 -0.606283 0.458981
11580.000000 3.272825 262.584101 -0.595584 0.451644
11600.000000 3.246279 262.702723 -0.582613 0.444313
11620.000000 3.220757 262.820332 -0.567527 0.437006
11640.000000 3.196272 262.936882 -0.550480 0.429742
11660.000000 3.172832 263.052330 -0.531621 0.422540
11680.000000 3.150441 263.166640 -0.511095 0.415418
11700.000000 3.129102 263.279780 -0.489039 0.408397
11720.000000 3.108815 263.391727 -0.465585 0.401497
11740.000000 3.089578 263.502464 -0.440859 0.394740
11760.000000 3.071387 263.611980 -0.414981 0.388144
11780.000000 3.054237 263.720273 -0.388063 0.381732
11800.000000 3.038118 263.827347 -0.360210 0.375524
11820.000000 3.023022 263.933214 -0.331521 0.369540
11840.000000 3.008936 264.037895 -0.302087 0.363800
11860.000000 2.995849 264.141418 -0.271993 0.358323
11880.000000 2.983746 264.243817 -0.241314 0.353128
11900.000000 2.972613 264.345136 -0.210122 0.348233
11920.000000 2.962436 264.445423 -0.178478 0.343655
11940.000000 2.953200 264.544736 -0.146441 0.339409
11960.000000 2.944889 264.643139 -0.114060 0.335511
11980.000000 2.937490 264.740700 -0.081379 0.331975
12000.000000 2.930990 264.837494 -0.048437 0.328814
12020.000000 2.925376 264.933602 -0.015268 0.326039
12040.000000 2.920638 265.029109 0.018099 0.323661
12060.000000 2.916767 265.124105 0.051639 0.321688
12080.000000 2.913756 265.218682 0.085330 0.320130
12100.000000 2.911601 265.312937 0.119155 0.318994
12120.000000 2.910299 265.406968 0.153097 0.318284
12140.000000 2.909851 265.500876 0.187142 0.318006
12160.000000 2.910259 265.594762 0.221277 0.318162
12180.000000 2.911530 265.688729 0.255489 0.318755
12200.000000 2.913671 265.782879 0.289765 0.319785
12220.000000 2.916694 265.877314 0.324093 0.321251
12240.000000 2.920612 265.972135 0.358456 0.323152
12260.000000 2.925442 266.067440 0.392837 0.325484
12280.000000 2.931203 266.163324 0.427216 0.328242
12300.000000 2.937915 266.259881 0.461569 0.331420
12320.000000 2.945602 266.357199 0.495868 0.335011
12340.000000 2.954289 266.455362 0.530078 0.339003
12360.000000 2.964001 266.554447 0.564162 0.343388
12380.000000 2.974766 266.654529 0.598072 0.348152
12400.000000 2.986610 266.755673 0.631758 0.353281
12420.000000 2.999561 266.857937 0.665159 0.358760
12440.000000 3.013645 266.961375 0.698206 0.364571
12460.000000 3.028889 267.066028 0.730824 0.370695
12480.000000 3.045315 267.171932 0.762926 0.377113
12500.000000 3.062945 267.279114 0.794417 0.383801
12520.000000 3.081797 267.387590 0.825194 0.390738
12540.000000 3.101886 267.497369 0.855142 0.397899
12560.000000 3.123221 267.608451 0.884138 0.405259
12580.000000 3.145807 267.720824 0.912050 0.412792
12600.000000 3.169643 267.834472 0.938736 0.420471
12620.000000 3.194723 267.949365 0.964044 0.428269
12640.000000 3.221032 268.065470 0.987816 0.436157
12660.000000 3.248548 268.182744 1.009886 0.444110
12680.000000 3.277241 268.301136 1.030078 0.452098
12700.000000 3.307074 268.420590 1.048213 0.460094
12720.000000 3.337998 268.541045 1.064106 0.468072
12740.000000 3.369957 268.662434 1.077565 0.476005
12760.000000 3.402882 268.784686 1.088398 0.483866
12780.000000 3.436695 268.907728 1.096409 0.491631
12800.000000 3.471303 269.031483 1.101402 0.499275
12820.000000 3.506604 269.155874 1.103183 0.506773
12840.000000 3.542478 269.280822 1.101562 0.514103
12860.000000 3.578790 269.406250 1.096353 0.521242
12880.000000 3.615389 269.532082 1.087381 0.528166
12900.000000 3.652102 269.658243 1.074482 0.534854
12920.000000 3.688737 269.784661 1.057510 0.541284
12940.000000 3.725078 269.911269 1.036338 0.547434
12960.000000 3.760884 270.038003 1.010867 0.553280
12980.000000 3.795889 270.164805 0.981025 0.558800
13000.000000 3.829802 270.291624 0.946779 0.563971
13020.000000 3.862310 270.418414 0.908137 0.568769
13040.000000 3.893078 270.545137 0.865153 0.573171
13060.000000 3.921759 270.671762 0.817934 0.577151
13080.000000 3.948000 270.798267 0.766641 0.580689
13100.000000 3.971452 270.924636 0.711497 0.583761
13120.000000 3.991781 271.050862 0.652789 0.586349
13140.000000 4.008681 271.176946 0.590865 0.588437
13160.000000 4.021886 271.302894 0.526139 0.590012
13180.000000 4.031182 271.428722 0.459086 0.591066
13200.000000 4.036412 271.554448 0.390233 0.591596
13220.000000 4.037490 271.680099 0.320154 0.591602
13240.000000 4.034396 271.805703 0.249454 0.591088
13260.000000 4.027182 271.931291 0.178755 0.590062
13280.000000 4.015970 272.056892 0.108678 0.588534
13300.000000 4.000945 272.182535 0.039829 0.586517
13320.000000 3.982351 272.308245 -0.027224 0.584027
13340.000000 3.960479 272.434042 -0.091957 0.581080
13360.000000 3.935658 272.559938 -0.153907 0.577697
13380.000000 3.908246 272.685937 -0.212674 0.573899
13400.000000 3.878613 272.812037 -0.267930 0.569711
13420.000000 3.847135 272.938223 -0.319412 0.565156
13440.000000 3.814177 273.064477 -0.366926 0.560262
13460.000000 3.780089 273.190767 -0.410341 0.555054
13480.000000 3.745197 273.317057 -0.449581 0.549558
13500.000000 3.709795 273.443302 -0.484620 0.543800
13520.000000 3.674147 273.569452 -0.515477 0.537804
13540.000000 3.638483 273.695450 -0.542208 0.531593
13560.000000 3.603002 273.821236 -0.564897 0.525189
13580.000000 3.567871 273.946745 -0.583656 0.518612
13600.000000 3.533229 274.071911 -0.598614 0.511883
13620.000000 3.499193 274.196665 -0.609914 0.505020
13640.000000 3.465856 274.320937 -0.617713 0.498039
13660.000000 3.433295 274.444658 -0.622170 0.490958
13680.000000 3.401572 274.567759 -0.623454 0.483794
13700.000000 3.370737 274.690170 -0.621732 0.476563
13720.000000 3.340829 274.811827 -0.617174 0.469281
13740.000000 3.311880 274.932664 -0.609948 0.461964
13760.000000 3.283915 275.052621 -0.600220 0.454629
13780.000000 3.256955 275.171641 -0.588154 0.447294
13800.000000 3.231015 275.289668 -0.573909 0.439975
13820.000000 3.206108 275.406655 -0.557642 0.432691
13840.000000 3.182241 275.522556 -0.539502 0.425461
13860.000000 3.159423 275.637332 -0.519638 0.418304
13880.000000 3.137656 275.750951 -0.498187 0.411240
13900.000000 3.116941 275.863386 -0.475287 0.404288
13920.000000 3.097277 275.974617 -0.451064 0.397470
13940.000000 3.078662 276.084631 -0.425640 0.390807
13960.000000 3.061089 276.193421 -0.399132 0.384318
13980.000000 3.044552 276.300990 -0.371647 0.378024
14000.000000 3.029041 276.407346 -0.343287 0.371946
14020.000000 3.014545 276.512507 -0.314146 0.366105
14040.000000 3.001053 276.616497 -0.284310 0.360518
14060.000000 2.988551 276.719349 -0.253860 0.355207
14080.000000 2.977026 276.821101 -0.222869 0.350187
14100.000000 2.966462 276.921802 -0.191402 0.345478
14120.000000 2.956845 277.021504 -0.159518 0.341095
14140.000000 2.948159 277.120269 -0.127271 0.337054
14160.000000 2.940391 277.218163 -0.094707 0.333369
14180.000000 2.933527 277.315260 -0.061867 0.330054
14200.000000 2.927554 277.411637 -0.028787 0.327120
14220.000000 2.922460 277.507379 0.004502 0.324580
14240.000000 2.918238 277.602571 0.037975 0.322441
14260.000000 2.914878 277.697307 0.071607 0.320714
14280.000000 2.912375 277.791682 0.105380 0.319405
14300.000000 2.910726 277.885791 0.139276 0.318521
14320.000000 2.909930 277.979737 0.173280 0.318067
14340.000000 2.909990 278.073619 0.207380 0.318046
14360.000000 2.910909 278.167541 0.241562 0.318461
14380.000000 2.912694 278.261604 0.275814 0.319313
14400.000000 2.915357 278.355912 0.310122 0.320602
14420.000000 2.918909 278.450564 0.344473 0.322327
14440.000000 2.923366 278.545660 0.378849 0.324484
14460.000000 2.928745 278.641297 0.413232 0.327069
14480.000000 2.935068 278.737570 0.447599 0.330077
14500.000000 2.942356 278.834568 0.481923 0.333501
14520.000000 2.950633 278.932377 0.516174 0.337331
14540.000000 2.959925 279.031078 0.550314 0.341558
14560.000000 2.970258 279.130746 0.584301 0.346169
14580.000000 2.981659 279.231450 0.618085 0.351152
14600.000000 2.994157 279.333252 0.651610 0.356490
14620.000000 3.007777 279.436206 0.684809 0.362168
14640.000000 3.022546 279.540360 0.717612 0.368167
14660.000000 3.038488 279.645752 0.749934 0.374468
14680.000000 3.055626 279.752412 0.781686 0.381049
14700.000000 3.073980 279.860360 0.812767 0.387888
14720.000000 3.093564 279.969608 0.843066 0.394961
14740.000000 3.114391 280.080161 0.872465 0.402243
14760.000000 3.136468 280.192010 0.900835 0.409709
14780.000000 3.159796 280.305142 0.928037 0.417331
14800.000000 3.184371 280.419533 0.953925 0.425084
14820.000000 3.210182 280.535150 0.978341 0.432939
14840.000000 3.237210 280.651954 1.001124 0.440869
14860.000000 3.265428 280.769897 1.022102 0.448845
14880.000000 3.294803 280.888926 1.041096 0.456842
14900.000000 3.325289 281.008982 1.057923 0.464830
14920.000000 3.356835 281.129999 1.072396 0.472785
14940.000000 3.389376 281.251909 1.084320 0.480678
14960.000000 3.422838 281.374638 1.093503 0.488485
14980.000000 3.457134 281.498112 1.099747 0.496181
15000.000000 3.492167 281.622254 1.102859 0.503742
15020.000000 3.527823 281.746985 1.102644 0.511143
15040.000000 3.563974 281.872227 1.098916 0.518362
15060.000000 3.600476 281.997904 1.091496 0.525376
15080.000000 3.637165 282.123940 1.080213 0.532163
15100.000000 3.673856 282.250262 1.064915 0.538701
15120.000000 3.710344 282.376800 1.045465 0.544967
15140.000000 3.746398 282.503490 1.021753 0.550940
15160.000000 3.781763 282.630271 0.993695 0.556595
15180.000000 3.816157 282.757089 0.961243 0.561911
15200.000000 3.849276 282.883896 0.924386 0.566864
15220.000000 3.880793 283.010650 0.883158 0.571429
15240.000000 3.910366 283.137319 0.837645 0.575584
15260.000000 3.937642 283.263875 0.787986 0.579305
15280.000000 3.962270 283.390300 0.734378 0.582568
15300.000000 3.983908 283.516585 0.677081 0.585356
15320.000000 4.002237 283.642726 0.616419 0.587649
15340.000000 4.016975 283.768728 0.552780 0.589434
15360.000000 4.027883 283.894603 0.486613 0.590700
15380.000000 4.034782 284.020368 0.418425 0.591444
15400.000000 4.037556 284.146046 0.348773 0.591662
15420.000000 4.036156 284.271666 0.278251 0.591359
15440.000000 4.030607 284.397256 0.207476 0.590540
15460.000000 4.021003 284.522848 0.137072 0.589215
15480.000000 4.007503 284.648471 0.067652 0.587395
15500.000000 3.990328 284.774151 -0.000198 0.585096
15520.000000 3.969752 284.899911 -0.065934 0.582333
15540.000000 3.946089 285.025765 -0.129068 0.579124
15560.000000 3.919687 285.151723 -0.189174 0.575493
15580.000000 3.890912 285.277782 -0.245893 0.571460
15600.000000 3.860140 285.403935 -0.298937 0.567052
15620.000000 3.827741 285.530165 -0.348085 0.562292
15640.000000 3.794072 285.656444 -0.393180 0.557209
15660.000000 3.759469 285.782739 -0.434124 0.551827
15680.000000 3.724240 285.909008 -0.470872 0.546172
15700.000000 3.688663 286.035203 -0.503426 0.540270
15720.000000 3.652980 286.161270 -0.531826 0.534144
15740.000000 3.617403 286.287150 -0.556148 0.527816
15760.000000 3.582111 286.412780 -0.576491 0.521307
15780.000000 3.547255 286.538094 -0.592978 0.514638
15800.000000 3.512960 286.663023 -0.605749 0.507827
15820.000000 3.479328 286.787500 -0.614953 0.500892
15840.000000 3.446443 286.911454 -0.620749 0.493850
15860.000000 3.414373 287.034815 -0.623304 0.486718
15880.000000 3.383171 287.157515 -0.622785 0.479512
15900.000000 3.352882 287.279486 -0.619360 0.472248
15920.000000 3.323539 287.400665 -0.613199 0.464944
15940.000000 3.295172 287.520987 -0.604469 0.457614
15960.000000 3.267801 287.640395 -0.593334 0.450277
15980.000000 3.241444 287.758832 -0.579957 0.442949
16000.000000 3.216115 287.876247 -0.564494 0.435649
16020.000000 3.191824 287.992595 -0.547098 0.428395
16040.000000 3.168579 288.107833 -0.527918 0.421206
16060.000000 3.146384 288.221927 -0.507096 0.414101
16080.000000 3.125241 288.334847 -0.484770 0.407101
16100.000000 3.105150 288.446569 -0.461069 0.400227
16120.000000 3.086109 288.557079 -0.436120 0.393498
16140.000000 3.068112 288.666367 -0.410040 0.386935
16160.000000 3.051155 288.774432 -0.382940 0.380559
16180.000000 3.035227 288.881280 -0.354924 0.374391
16200.000000 3.020320 288.986925 -0.326089 0.368451
16220.000000 3.006422 289.091388 -0.296526 0.362759
16240.000000 2.993519 289.194698 -0.266317 0.357333
16260.000000 2.981598 289.296893 -0.235538 0.352193
16280.000000 2.970644 289.398015 -0.204257 0.347355
16300.000000 2.960644 289.498116 -0.172536 0.342838
16320.000000 2.951581 289.597255 -0.140431 0.338656
16340.000000 2.943441 289.695495 -0.107990 0.334825
16360.000000 2.936211 289.792907 -0.075258 0.331357
16380.000000 2.929877 289.889567 -0.042271 0.328267
16400.000000 2.924427 289.985557 -0.009064 0.325565
16420.000000 2.919851 290.080962 0.024337 0.323262
16440.000000 2.916141 290.175873 0.057907 0.321366
16460.000000 2.913290 290.270382 0.091625 0.319887
16480.000000 2.911294 290.364588 0.125472 0.318829
16500.000000 2.910151 290.458588 0.159435 0.318199
16520.000000 2.909862 290.552484 0.193497 0.318002
16540.000000 2.910431 290.646377 0.227647 0.318239
16560.000000 2.911863 290.740371 0.261872 0.318914
16580.000000 2.914167 290.834566 0.296159 0.320025
16600.000000 2.917355 290.929066 0.330495 0.321573
16620.000000 2.921442 291.023969 0.364863 0.323554
16640.000000 2.926444 291.119375 0.399245 0.325966
16660.000000 2.932381 291.215378 0.433621 0.328803
16680.000000 2.939273 291.312070 0.467966 0.332059
16700.000000 2.947145 291.409539 0.502251 0.335725
16720.000000 2.956021 291.507868 0.536441 0.339791
16740.000000 2.965927 291.607134 0.570496 0.344248
16760.000000 2.976890 291.707409 0.604369 0.349081
16780.000000 2.988939 291.808757 0.638007 0.354276
16800.000000 3.002099 291.911237 0.671347 0.359818
16820.000000 3.016398 292.014898 0.704320 0.365689
16840.000000 3.031860 292.119782 0.736848 0.371870
16860.000000 3.048509 292.225923 0.768844 0.378339
16880.000000 3.066366 292.333344 0.800210 0.385076
16900.000000 3.085447 292.442063 0.830842 0.392057
16920.000000 3.105767 292.552085 0.860622 0.399257
16940.000000 3.127335 292.663409 0.889427 0.406651
16960.000000 3.150155 292.776021 0.917121 0.414213
16980.000000 3.174224 292.889903 0.943562 0.421916
17000.000000 3.199534 293.005026 0.968596 0.429733
17020.000000 3.226069 293.121352 0.992064 0.437635
17040.000000 3.253807 293.238838 1.013797 0.445596
17060.000000 3.282716 293.357432 1.033620 0.453588
17080.000000 3.312756 293.477078 1.051351 0.461583
17100.000000 3.343878 293.597712 1.066804 0.469555
17120.000000 3.376022 293.719267 1.079789 0.477476
17140.000000 3.409119 293.841672 1.090111 0.485321
17160.000000 3.443087 293.964853 1.097574 0.493065
17180.000000 3.477833 294.088732 1.101983 0.500684
17200.000000 3.513250 294.213233 1.103145 0.508153
17220.000000 3.549217 294.338276 1.100869 0.515449
17240.000000 3.585594 294.463786 1.094971 0.522549
17260.000000 3.622228 294.589684 1.085279 0.529431
17280.000000 3.658942 294.715898 1.071632 0.536073
17300.000000 3.695539 294.842357 1.053886 0.542452
17320.000000 3.731799 294.968993 1.031920 0.548547
17340.000000 3.767477 295.095744 1.005638 0.554334
17360.000000 3.802301 295.222553 0.974977 0.559791
17380.000000 3.835977 295.349370 0.939910 0.564894
17400.000000 3.868186 295.476150 0.900453 0.569620
17420.000000 3.898592 295.602857 0.856670 0.573945
17440.000000 3.926845 295.729461 0.808677 0.577845
17460.000000 3.952593 295.855941 0.756648 0.581297
17480.000000 3.975487 295.982284 0.700816 0.584281
17500.000000 3.995199 296.108484 0.641480 0.586776
17520.000000 4.011429 296.234541 0.579001 0.588769
17540.000000 4.023920 296.360466 0.513804 0.590248
17560.000000 4.032468 296.486273 0.446374 0.591205
17580.000000 4.036930 296.611983 0.377248 0.591637
17600.000000 4.037229 296.737623 0.307006 0.591545
17620.000000 4.033361 296.863222 0.236259 0.590935
17640.000000 4.025391 296.988809 0.165629 0.589814
17660.000000 4.013452 297.114416 0.095736 0.588194
17680.000000 3.997742 297.240070 0.027179 0.586088
17700.000000 3.978514 297.365795 -0.039479 0.583511
17720.000000 3.956066 297.491610 -0.103727 0.580482
17740.000000 3.930735 297.617525 -0.165112 0.577020
17760.000000 3.902880 297.743543 -0.223248 0.573148
17780.000000 3.872876 297.869660 -0.277817 0.568889
17800.000000 3.841094 297.995861 -0.328573 0.564269
17820.000000 3.807900 298.122124 -0.375332 0.559314
17840.000000 3.773638 298.248417 -0.417972 0.554051
17860.000000 3.738629 298.374702 -0.456430 0.548504
17880.000000 3.703162 298.500934 -0.490687 0.542700
17900.000000 3.667495 298.627060 -0.520770 0.536662
17920.000000 3.631851 298.753023 -0.546740 0.530413
17940.000000 3.596423 298.878762 -0.568688 0.523976
17960.000000 3.561373 299.004213 -0.586728 0.517369
17980.000000 3.526836 299.129307 -0.600993 0.510614
18000.000000 3.492924 299.253977 -0.611629 0.503727
18020.000000 3.459726 299.378151 -0.618792 0.496726
18040.000000 3.427318 299.501762 -0.622645 0.489629
18060.000000 3.395757 299.624739 -0.623356 0.482451
18080.000000 3.365092 299.747015 -0.621093 0.475209
18100.000000 3.335360 299.868524 -0.616025 0.467919
18120.000000 3.306593 299.989202 -0.608320 0.460598
18140.000000 3.278814 300.108988 -0.598144 0.453262
18160.000000 3.252043 300.227827 -0.585659 0.445928
18180.000000 3.226294 300.345664 -0.571026 0.438614
18200.000000 3.201580 300.462451 -0.554398 0.431339
18220.000000 3.177909 300.578145 -0.535927 0.424121
18240.000000 3.155286 300.692708 -0.515756 0.416980
18260.000000 3.133715 300.806109 -0.494025 0.409935
18280.000000 3.113196 300.918321 -0.470869 0.403007
18300.000000 3.093728 301.029325 -0.446413 0.396216
18320.000000 3.075308 301.139111 -0.420779 0.389583
18340.000000 3.057929 301.247673 -0.394081 0.383129
18360.000000 3.041583 301.355015 -0.366425 0.376874
18380.000000 3.026262 301.461147 -0.337912 0.370839
18400.000000 3.011955 301.566088 -0.308635 0.365044
18420.000000 2.998649 301.669863 -0.278679 0.359507
18440.000000 2.986330 301.772507 -0.248123 0.354248
18460.000000 2.974985 301.874059 -0.217039 0.349286
18480.000000 2.964598 301.974569 -0.185490 0.344636
18500.000000 2.955156 302.074092 -0.153535 0.340316
18520.000000 2.946642 302.172690 -0.121225 0.336340
18540.000000 2.939043 302.270430 -0.088607 0.332723
18560.000000 2.932346 302.367386 -0.055719 0.329478
18580.000000 2.926538 302.463639 -0.022598 0.326617
18600.000000 2.921608 302.559271 0.010728 0.324150
18620.000000 2.917546 302.654371 0.044231 0.322088
18640.000000 2.914346 302.749033 0.077891 0.320438
18660.000000 2.912003 302.843350 0.111688 0.319208
18680.000000 2.910513 302.937422 0.145605 0.318404
18700.000000 2.909877 303.031348 0.179629 0.318030
18720.000000 2.910096 303.125230 0.213745 0.318090
18740.000000 2.911175 303.219170 0.247941 0.318587
18760.000000 2.913124 303.313271 0.282204 0.319520
18780.000000 2.915951 303.407635 0.316522 0.320891
18800.000000 2.919670 303.502362 0.350878 0.322696
18820.000000 2.924298 303.597552 0.385257 0.324933
18840.000000 2.929852 303.693301 0.419639 0.327598
18860.000000 2.936353 303.789702 0.454000 0.330684
18880.000000 2.943823 303.886845 0.488313 0.334184
18900.000000 2.952287 303.984814 0.522546 0.338089
18920.000000 2.961771 304.083690 0.556661 0.342389
18940.000000 2.972301 304.183546 0.590615 0.347070
18960.000000 2.983905 304.284450 0.624355 0.352120
18980.000000 2.996609 304.386463 0.657824 0.357523
19000.000000 3.010442 304.489638 0.690955 0.363262
19020.000000 3.025428 304.594020 0.723675 0.369319
19040.000000 3.041591 304.699646 0.755898 0.375674
19060.000000 3.058954 304.806544 0.787533 0.382305
19080.000000 3.077536 304.914734 0.818476 0.389189
19100.000000 3.097351 305.024226 0.848618 0.396303
19120.000000 3.118410 305.135020 0.877835 0.403621
19140.000000 3.140721 305.247110 0.905998 0.411118
19160.000000 3.164282 305.360479 0.932966 0.418767
19180.000000 3.189088 305.475101 0.958592 0.426541
19200.000000 3.215128 305.590942 0.982717 0.434412
19220.000000 3.242380 305.707962 1.005176 0.442353
19240.000000 3.270816 305.826112 1.025797 0.450335
19260.000000 3.300402 305.945338 1.044402 0.458332
19280.000000 3.331090 306.065578 1.060805 0.466316
19300.000000 3.362826 306.186767 1.074817 0.474261
19320.000000 3.395545 306.308835 1.086246 0.482140
19340.000000 3.429169 306.431709 1.094895 0.489929
19360.000000 3.463611 306.555313 1.100571 0.497601
19380.000000 3.498769 306.679570 1.103077 0.505134
19400.000000 3.534527 306.804402 1.102221 0.512503
19420.000000 3.570755 306.929732 1.097819 0.519686
19440.000000 3.607305 307.055481 1.089690 0.526659
19460.000000 3.644009 307.181576 1.077671 0.533401
19480.000000 3.680679 307.307943 1.061608 0.539890
19500.000000 3.717104 307.434515 1.041372 0.546103
19520.000000 3.753050 307.561226 1.016855 0.552018
19540.000000 3.788256 307.688018 0.987981 0.557612
19560.000000 3.822436 307.814837 0.954707 0.562863
19580.000000 3.855281 307.941637 0.917031 0.567745
19600.000000 3.886462 308.068378 0.874997 0.572236
19620.000000 3.915634 308.195027 0.828699 0.576311
19640.000000 3.942443 308.321560 0.778287 0.579948
19660.000000 3.966539 308.447959 0.723970 0.583125
19680.000000 3.987584 308.574217 0.666020 0.585821
19700.000000 4.005264 308.700332 0.604771 0.588020
19720.000000 4.019304 308.826309 0.540625 0.589709
19740.000000 4.029477 308.952162 0.474041 0.590879
19760.000000 4.035614 309.077909 0.405537 0.591524
19780.000000 4.037611 309.203574 0.335677 0.591645
19800.000000 4.035435 309.329186 0.265061 0.591245
19820.000000 4.029121 309.454774 0.194308 0.590331
19840.000000 4.018776 309.580369 0.124041 0.588913
19860.000000 4.004573 309.706001 0.054871 0.587003
19880.000000 3.986742 309.831695 -0.012625 0.584615
19900.000000 3.965565 309.957471 -0.077912 0.581768
19920.000000 3.941365 310.083345 -0.140511 0.578479
19940.000000 3.914492 310.209321 -0.200011 0.574771
19960.000000 3.885317 310.335399 -0.256065 0.570666
19980.000000 3.854214 310.461568 -0.308398 0.566190
20000.000000 3.821551 310.587809 -0.356801 0.561369
20020.000000 3.787684 310.714094 -0.401128 0.556227
20040.000000 3.752942 310.840388 -0.441292 0.550793
20060.000000 3.717628 310.966647 -0.477256 0.545090
20080.000000 3.682014 311.092822 -0.509032 0.539145
20100.000000 3.646335 311.218859 -0.536666 0.532979
20120.000000 3.610799 311.344697 -0.560237 0.526616
20140.000000 3.575577 311.470273 -0.579852 0.520076
20160.000000 3.540817 311.595521 -0.595636 0.513379
20180.000000 3.506638 311.720371 -0.607730 0.506543
20200.000000 3.473140 311.844756 -0.616286 0.499587
20220.000000 3.440403 311.968604 -0.621466 0.492527
20240.000000 3.408490 312.091847 -0.623435 0.485380
20260.000000 3.377456 312.214416 -0.622361 0.478162
20280.000000 3.347340 312.336245 -0.618414 0.470890
20300.000000 3.318178 312.457268 -0.611762 0.463579
20320.000000 3.289994 312.577425 -0.602571 0.456247
20340.000000 3.262811 312.696656 -0.591006 0.448910
20360.000000 3.236645 312.814906 -0.577228 0.441586
20380.000000 3.211509 312.932126 -0.561394 0.434293
20400.000000 3.187413 313.048270 -0.543654 0.427049
20420.000000 3.164363 313.163297 -0.524158 0.419874
20440.000000 3.142364 313.277174 -0.503045 0.412788
20460.000000 3.121417 313.389872 -0.480453 0.405810
20480.000000 3.101522 313.501370 -0.456511 0.398961
20500.000000 3.082675 313.611652 -0.431342 0.392261
20520.000000 3.064873 313.720713 -0.405063 0.385732
20540.000000 3.048109 313.828550 -0.377785 0.379393
20560.000000 3.032372 313.935172 -0.349609 0.373266
20580.000000 3.017654 314.040595 -0.320632 0.367371
20600.000000 3.003942 314.144841 -0.290943 0.361727
20620.000000 2.991223 314.247940 -0.260622 0.356353
20640.000000 2.979483 314.349931 -0.229744 0.351268
20660.000000 2.968709 314.450859 -0.198376 0.346489
20680.000000 2.958884 314.550776 -0.166580 0.342033
20700.000000 2.949994 314.649742 -0.134409 0.337915
20720.000000 2.942025 314.747823 -0.101911 0.334150
20740.000000 2.934963 314.845089 -0.069128 0.330753
20760.000000 2.928794 314.941618 -0.036098 0.327734
20780.000000 2.923508 315.037492 -0.002852 0.325105
20800.000000 2.919094 315.132798 0.030582 0.322877
20820.000000 2.915545 315.227626 0.064181 0.321059
20840.000000 2.912853 315.322072 0.097924 0.319657
20860.000000 2.911016 315.416232 0.131794 0.318679
20880.000000 2.910032 315.510205 0.165776 0.318130
20900.000000 2.909903 315.604092 0.199856 0.318013
20920.000000 2.910632 315.697997 0.234021 0.318332
20940.000000 2.912226 315.792020 0.268258 0.319088
20960.000000 2.914694 315.886265 0.302555 0.320281
20980.000000 2.918049 315.980832 0.336898 0.321909
21000.000000 2.922305 316.075822 0.371270 0.323971
21020.000000 2.927479 316.171332 0.405653 0.326463
21040.000000 2.933592 316.267456 0.440026 0.329378
21060.000000 2.940665 316.364287 0.474362 0.332711
21080.000000 2.948722 316.461910 0.508632 0.336452
21100.000000 2.957788 316.560408 0.542800 0.340593
21120.000000 2.967889 316.659856 0.576825 0.345120
21140.000000 2.979053 316.760327 0.610658 0.350022
21160.000000 2.991306 316.861882 0.644245 0.355284
21180.000000 3.004677 316.964578 0.677522 0.360888
21200.000000 3.019190 317.068464 0.710419 0.366818
21220.000000 3.034872 317.173580 0.742855 0.373054
21240.000000 3.051745 317.279958 0.774741 0.379575
21260.000000 3.069829 317.387620 0.805978 0.386359
21280.000000 3.089140 317.496582 0.836460 0.393383
21300.000000 3.109692 317.606847 0.866069 0.400621
21320.000000 3.131494 317.718412 0.894677 0.408048
21340.000000 3.154546 317.831263 0.922149 0.415639
21360.000000 3.178847 317.945378 0.948339 0.423365
21380.000000 3.204387 318.060728 0.973094 0.431200
21400.000000 3.231148 318.177274 0.996251 0.439116
21420.000000 3.259107 318.294971 1.017641 0.447084
21440.000000 3.288230 318.413765 1.037088 0.455079
21460.000000 3.318476 318.533600 1.054410 0.463071
21480.000000 3.349793 318.654411 1.069417 0.471035
21500.000000 3.382121 318.776131 1.081920 0.478945
21520.000000 3.415387 318.898686 1.091724 0.486773
21540.000000 3.449507 319.022002 1.098633 0.494496
21560.000000 3.484387 319.146003 1.102452 0.502088
21580.000000 3.519916 319.270611 1.102987 0.509526
21600.000000 3.555970 319.395747 1.100049 0.516788
21620.000000 3.592408 319.521335 1.093458 0.523849
21640.000000 3.629070 319.647298 1.083040 0.530688
21660.000000 3.665778 319.773563 1.068639 0.537283
21680.000000 3.702330 319.900059 1.050115 0.543611
21700.000000 3.738501 320.026721 1.027351 0.549650
21720.000000 3.774040 320.153487 1.000257 0.555377
21740.000000 3.808674 320.280301 0.968775 0.560770
21760.000000 3.842101 320.407114 0.932888 0.565805
21780.000000 3.874000 320.533883 0.892618 0.570458
21800.000000 3.904032 320.660573 0.848040 0.574705
21820.000000 3.931845 320.787156 0.799280 0.578523
21840.000000 3.957086 320.913611 0.746522 0.581889
21860.000000 3.979411 321.039928 0.690013 0.584783
21880.000000 3.998496 321.166100 0.630062 0.587186
21900.000000 4.014047 321.292132 0.567042 0.589084
21920.000000 4.025818 321.418034 0.501390 0.590466
21940.000000 4.033613 321.543821 0.433602 0.591325
21960.000000 4.037302 321.669516 0.364223 0.591659
21980.000000 4.036823 321.795146 0.293840 0.591470
22000.000000 4.032183 321.920740 0.223067 0.590765
22020.000000 4.023461 322.046329 0.152528 0.589550
22040.000000 4.010803 322.171943 0.082840 0.587838
22060.000000 3.994417 322.297608 0.014595 0.585643
22080.000000 3.974564 322.423349 -0.051651 0.582981
22100.000000 3.951553 322.549182 -0.115397 0.579869
22120.000000 3.925723 322.675116 -0.176204 0.576329
22140.000000 3.897440 322.801153 -0.233697 0.572382
22160.000000 3.867076 322.927287 -0.287573 0.568054
22180.000000 3.835004 323.053502 -0.337595 0.563370
22200.000000 3.801585 323.179773 -0.383594 0.558356
22220.000000 3.767161 323.306067 -0.425458 0.553037
22240.000000 3.732045 323.432346 -0.463132 0.547441
22260.000000 3.696523 323.558562 -0.496609 0.541591
22280.000000 3.660844 323.684662 -0.525919 0.535512
22300.000000 3.625227 323.810589 -0.551132 0.529227
22320.000000 3.589858 323.936279 -0.572342 0.522756
22340.000000 3.554894 324.061668 -0.589668 0.516121
22360.000000 3.520466 324.186689 -0.603246 0.509340
22380.000000 3.486680 324.311271 -0.613222 0.502430
22400.000000 3.453624 324.435346 -0.619756 0.495410
22420.000000 3.421370 324.558844 -0.623011 0.488297
22440.000000 3.389972 324.681695 -0.623155 0.481106
22460.000000 3.359479 324.803833 -0.620356 0.473854
22480.000000 3.329925 324.925192 -0.614784 0.466557
22500.000000 3.301340 325.045708 -0.606605 0.459231
22520.000000 3.273748 325.165322 -0.595987 0.451894
22540.000000 3.247166 325.283978 -0.583090 0.444563
22560.000000 3.221610 325.401623 -0.568074 0.437255
22580.000000 3.197089 325.518210 -0.551091 0.429989
22600.000000 3.173613 325.633696 -0.532292 0.422784
22620.000000 3.151186 325.748045 -0.511820 0.415659
22640.000000 3.129811 325.861225 -0.489814 0.408634
22660.000000 3.109488 325.973213 -0.466405 0.401730
22680.000000 3.090216 326.083992 -0.441721 0.394967
22700.000000 3.071990 326.193549 -0.415880 0.388366
22720.000000 3.054804 326.301884 -0.388996 0.381948
22740.000000 3.038650 326.408999 -0.361173 0.375732
22760.000000 3.023519 326.514907 -0.332511 0.369740
22780.000000 3.009399 326.619629 -0.303101 0.363991
22800.000000 2.996278 326.723190 -0.273028 0.358505
22820.000000 2.984142 326.825627 -0.242368 0.353300
22840.000000 2.972977 326.926981 -0.211192 0.348395
22860.000000 2.962767 327.027303 -0.179563 0.343805
22880.000000 2.953499 327.126649 -0.147538 0.339548
22900.000000 2.945157 327.225081 -0.115168 0.335638
22920.000000 2.937727 327.322669 -0.082496 0.332090
22940.000000 2.931197 327.419488 -0.049563 0.328915
22960.000000 2.925553 327.515619 -0.016401 0.326127
22980.000000 2.920785 327.611145 0.016959 0.323735
23000.000000 2.916885 327.706157 0.050494 0.321749
23020.000000 2.913845 327.800746 0.084180 0.320177
23040.000000 2.911661 327.895011 0.118001 0.319026
23060.000000 2.910330 327.989047 0.151939 0.318301
23080.000000 2.909852 328.082958 0.185981 0.318008
23100.000000 2.910231 328.176843 0.220113 0.318150
23120.000000 2.911472 328.270805 0.254322 0.318727
23140.000000 2.913583 328.364948 0.288597 0.319743
23160.000000 2.916576 328.459371 0.322923 0.321194
23180.000000 2.920463 328.554178 0.357285 0.323080
23200.000000 2.925262 328.649464 0.391666 0.325398
23220.000000 2.930991 328.745328 0.426045 0.328141
23240.000000 2.937671 328.841860 0.460400 0.331305
23260.000000 2.945324 328.939151 0.494701 0.334882
23280.000000 2.953977 329.037283 0.528915 0.338861
23300.000000 2.963653 329.136336 0.563003 0.343232
23320.000000 2.974381 329.236383 0.596921 0.347984
23340.000000 2.986188 329.337489 0.630615 0.353101
23360.000000 2.999101 329.439715 0.664027 0.358568
23380.000000 3.013146 329.543112 0.697087 0.364368
23400.000000 3.028350 329.647723 0.729721 0.370482
23420.000000 3.044736 329.753584 0.761842 0.376889
23440.000000 3.062325 329.860722 0.793355 0.383569
23460.000000 3.081135 329.969154 0.824158 0.390498
23480.000000 3.101181 330.078889 0.854137 0.397652
23500.000000 3.122474 330.189926 0.883168 0.405006
23520.000000 3.145017 330.302256 0.911119 0.412533
23540.000000 3.168811 330.415860 0.937849 0.420207
23560.000000 3.193848 330.530712 0.963207 0.428001
23580.000000 3.220116 330.646776 0.987034 0.435887
23600.000000 3.247591 330.764011 1.009164 0.443838
23620.000000 3.276245 330.882365 1.029423 0.451825
23640.000000 3.306039 331.001785 1.047632 0.459822
23660.000000 3.336927 331.122207 1.063603 0.467801
23680.000000 3.368852 331.243565 1.077149 0.475735
23700.000000 3.401746 331.365789 1.088074 0.483600
23720.000000 3.435529 331.488805 1.096184 0.491368
23740.000000 3.470113 331.612537 1.101284 0.499017
23760.000000 3.505392 331.736907 1.103178 0.506520
23780.000000 3.541248 331.861838 1.101675 0.513857
23800.000000 3.577548 331.987251 1.096591 0.521002
23820.000000 3.614139 332.113070 1.087750 0.527934
23840.000000 3.650852 332.239221 1.074988 0.534631
23860.000000 3.687493 332.365632 1.058157 0.541070
23880.000000 3.723847 332.492234 1.037130 0.547229
23900.000000 3.759676 332.618965 1.011806 0.553086
23920.000000 3.794713 332.745766 0.982114 0.558618
23940.000000 3.828668 332.872585 0.948018 0.563801
23960.000000 3.861229 332.999376 0.909525 0.568612
23980.000000 3.892062 333.126102 0.866688 0.573027
24000.000000 3.920820 333.252731 0.819610 0.577023
24020.000000 3.947150 333.379240 0.768453 0.580576
24040.000000 3.970703 333.505614 0.713436 0.583664
24060.000000 3.991143 333.631845 0.654843 0.586269
24080.000000 4.008164 333.757934 0.593023 0.588374
24100.000000 4.021499 333.883886 0.528385 0.589967
24120.000000 4.030931 334.009718 0.461403 0.591039
24140.000000 4.036302 334.135447 0.392602 0.591586
24160.000000 4.037522 334.261100 0.322555 0.591610
24180.000000 4.034569 334.386705 0.251866 0.591114
24200.000000 4.027494 334.512293 0.181156 0.590105
24220.000000 4.016416 334.637893 0.111048 0.588594
24240.000000 4.001517 334.763534 0.042147 0.586594
24260.000000 3.983040 334.889242 -0.024976 0.584119
24280.000000 3.961274 335.015036 -0.089796 0.581188
24300.000000 3.936548 335.140928 -0.151847 0.577819
24320.000000 3.909218 335.266924 -0.210729 0.574035
24340.000000 3.879655 335.393020 -0.266108 0.569860
24360.000000 3.848234 335.519204 -0.317723 0.565317
24380.000000 3.815320 335.645455 -0.365375 0.560434
24400.000000 3.781265 335.771745 -0.408931 0.555236
24420.000000 3.746395 335.898036 -0.448313 0.549750
24440.000000 3.711006 336.024283 -0.483495 0.544000
24460.000000 3.675362 336.150437 -0.514494 0.538012
24480.000000 3.639696 336.276441 -0.541364 0.531808
24500.000000 3.604206 336.402236 -0.564190 0.525410
24520.000000 3.569060 336.527755 -0.583080 0.518839
24540.000000 3.534399 336.652934 -0.598165 0.512115
24560.000000 3.500341 336.777703 -0.609588 0.505255
24580.000000 3.466979 336.901993 -0.617503 0.498278
24600.000000 3.434391 337.025734 -0.622072 0.491201
24620.000000 3.402638 337.148857 -0.623461 0.484040
24640.000000 3.371772 337.271293 -0.621839 0.476810
24660.000000 3.341832 337.392976 -0.617374 0.469530
24680.000000 3.312850 337.513842 -0.610236 0.462214
24700.000000 3.284851 337.633831 -0.600591 0.454879
24720.000000 3.257857 337.752883 -0.588601 0.447543
24740.000000 3.231882 337.870945 -0.574428 0.440224
24760.000000 3.206939 337.987968 -0.558227 0.432938
24780.000000 3.183037 338.103906 -0.540149 0.425706
24800.000000 3.160183 338.218722 -0.520341 0.418546
24820.000000 3.138380 338.332381 -0.498943 0.411479
24840.000000 3.117629 338.444857 -0.476089 0.404523
24860.000000 3.097930 338.556129 -0.451909 0.397700
24880.000000 3.079279 338.666184 -0.426525 0.391031
24900.000000 3.061670 338.775016 -0.400052 0.384535
24920.000000 3.045098 338.882626 -0.372598 0.378235
24940.000000 3.029552 338.989023 -0.344266 0.372150
24960.000000 3.015022 339.094225 -0.315150 0.366299
24980.000000 3.001496 339.198254 -0.285337 0.360704
25000.000000 2.988961 339.301144 -0.254907 0.355383
25020.000000 2.977403 339.402933 -0.223933 0.350353
25040.000000 2.966806 339.503668 -0.192481 0.345633
25060.000000 2.957157 339.603404 -0.160611 0.341239
25080.000000 2.948440 339.702200 -0.128375 0.337186
25100.000000 2.940641 339.800122 -0.095821 0.333489
25120.000000 2.933746 339.897245 -0.062990 0.330161
25140.000000 2.927742 339.993646 -0.029917 0.327214
25160.000000 2.922620 340.089407 0.003366 0.324660
25180.000000 2.918367 340.184617 0.036832 0.322507
25200.000000 2.914978 340.279367 0.070459 0.320766
25220.000000 2.912446 340.373752 0.104227 0.319443
25240.000000 2.910768 340.467869 0.138119 0.318544
25260.000000 2.909943 340.561819 0.172121 0.318075
25280.000000 2.909974 340.655702 0.206217 0.318039
25300.000000 2.910863 340.749620 0.240397 0.318440
25320.000000 2.912619 340.843677 0.274646 0.319277
25340.000000 2.915251 340.937974 0.308953 0.320551
25360.000000 2.918773 341.032613 0.343303 0.322261
25380.000000 2.923199 341.127692 0.377678 0.324403
25400.000000 2.928547 341.223310 0.412061 0.326974
25420.000000 2.934837 341.319559 0.446429 0.329968
25440.000000 2.942092 341.416531 0.480755 0.333378
25460.000000 2.950335 341.514311 0.515009 0.337194
25480.000000 2.959591 341.612981 0.549154 0.341408
25500.000000 2.969889 341.712615 0.583147 0.346006
25520.000000 2.981253 341.813282 0.616939 0.350976
25540.000000 2.993713 341.915046 0.650473 0.356303
25560.000000 3.007294 342.017960 0.683685 0.361969
25580.000000 3.022024 342.122073 0.716502 0.367958
25600.000000 3.037926 342.227422 0.748842 0.374249
25620.000000 3.055023 342.334038 0.780615 0.380820
25640.000000 3.073334 342.441942 0.811720 0.387651
25660.000000 3.092876 342.551146 0.842048 0.394716
25680.000000 3.113661 342.661654 0.871480 0.401992
25700.000000 3.135695 342.773460 0.899887 0.409452
25720.000000 3.158981 342.886548 0.927132 0.417069
25740.000000 3.183514 343.000896 0.953066 0.424818
25760.000000 3.209283 343.116472 0.977536 0.432670
25780.000000 3.236269 343.233236 1.000377 0.440598
25800.000000 3.264448 343.351142 1.021419 0.448573
25820.000000 3.293784 343.470135 1.040483 0.456569
25840.000000 3.324233 343.590157 1.057388 0.464559
25860.000000 3.355744 343.711143 1.071943 0.472515
25880.000000 3.388252 343.833023 1.083958 0.480410
25900.000000 3.421684 343.955726 1.093237 0.488221
25920.000000 3.455954 344.079176 1.099585 0.495921
25940.000000 3.490963 344.203296 1.102806 0.503487
25960.000000 3.526600 344.328008 1.102708 0.510894
25980.000000 3.562737 344.453234 1.099103 0.518120
26000.000000 3.599229 344.578898 1.091811 0.525141
26020.000000 3.635914 344.704922 1.080662 0.531936
26040.000000 3.672609 344.831236 1.065503 0.538483
26060.000000 3.709107 344.957768 1.046197 0.544759
26080.000000 3.745180 345.084454 1.022632 0.550741
26100.000000 3.780573 345.211233 0.994723 0.556408
26120.000000 3.815005 345.338050 0.962421 0.561736
26140.000000 3.848172 345.464858 0.925713 0.566701
26160.000000 3.879749 345.591615 0.884633 0.571281
26180.000000 3.909394 345.718286 0.839265 0.575450
26200.000000 3.936755 345.844847 0.789744 0.579185
26220.000000 3.961478 345.971277 0.736266 0.582465
26240.000000 3.983223 346.097567 0.679090 0.585269
26260.000000 4.001671 346.223713 0.618537 0.587579
26280.000000 4.016534 346.349719 0.554991 0.589381
26300.000000 4.027577 346.475598 0.488902 0.590666
26320.000000 4.034615 346.601366 0.420775 0.591427
26340.000000 4.037530 346.727047 0.351163 0.591663
26360.000000 4.036272 346.852668 0.280660 0.591378
26380.000000 4.030864 346.978259 0.209884 0.590576
26400.000000 4.021395 347.103850 0.139457 0.589268
26420.000000 4.008025 347.229471 0.069994 0.587465
26440.000000 3.990971 347.355150 0.002081 0.585182
26460.000000 3.970505 347.480906 -0.063735 0.582434
26480.000000 3.946942 347.606757 -0.126965 0.579241
26500.000000 3.920627 347.732711 -0.187181 0.575623
26520.000000 3.891927 347.858767 -0.244020 0.571604
26540.000000 3.861217 347.984918 -0.297194 0.567208
26560.000000 3.828867 348.111145 -0.346477 0.562460
26580.000000 3.795236 348.237423 -0.391712 0.557387
26600.000000 3.760659 348.363718 -0.432798 0.552015
26620.000000 3.725447 348.489989 -0.469690 0.546369
26640.000000 3.689878 348.616187 -0.502386 0.540475
26660.000000 3.654195 348.742259 -0.530927 0.534356
26680.000000 3.618611 348.868147 -0.555385 0.528034
26700.000000 3.583306 348.993786 -0.575862 0.521532
26720.000000 3.548433 349.119112 -0.592479 0.514868
26740.000000 3.514117 349.244056 -0.605373 0.508061
26760.000000 3.480461 349.368549 -0.614696 0.501130
26780.000000 3.447550 349.492522 -0.620606 0.494091
26800.000000 3.415451 349.615904 -0.623269 0.486962
26820.000000 3.384219 349.738628 -0.622851 0.479758
26840.000000 3.353898 349.860625 -0.619522 0.472497
26860.000000 3.324523 349.981831 -0.613452 0.465193
26880.000000 3.296121 350.102184 -0.604807 0.457864
26900.000000 3.268716 350.221624 -0.593751 0.450527
26920.000000 3.242325 350.340095 -0.580447 0.443198
26940.000000 3.216961 350.457546 -0.565053 0.435897
26960.000000 3.192635 350.573931 -0.547721 0.428641
26980.000000 3.169354 350.689207 -0.528599 0.421449
27000.000000 3.147122 350.803341 -0.507831 0.414341
27020.000000 3.125944 350.916301 -0.485553 0.407338
27040.000000 3.105817 351.028064 -0.461898 0.400458
27060.000000 3.086740 351.138616 -0.436989 0.393724
27080.000000 3.068708 351.247945 -0.410945 0.387155
27100.000000 3.051715 351.356052 -0.383878 0.380773
27120.000000 3.035753 351.462941 -0.355892 0.374598
27140.000000 3.020811 351.568627 -0.327084 0.368650
27160.000000 3.006878 351.673129 -0.297544 0.362948
27180.000000 2.993942 351.776478 -0.267356 0.357513
27200.000000 2.981988 351.878710 -0.236594 0.352363
27220.000000 2.971002 351.979868 -0.205329 0.347515
27240.000000 2.960969 352.080003 -0.173623 0.342986
27260.000000 2.951874 352.179174 -0.141530 0.338793
27280.000000 2.943703 352.277443 -0.109100 0.334949
27300.000000 2.936442 352.374882 -0.076377 0.331469
27320.000000 2.930078 352.471567 -0.043399 0.328366
27340.000000 2.924598 352.567578 -0.010198 0.325651
27360.000000 2.919993 352.663002 0.023197 0.323334
27380.000000 2.916253 352.757927 0.056761 0.321424
27400.000000 2.913373 352.852449 0.090474 0.319930
27420.000000 2.911348 352.946663 0.124318 0.318858
27440.000000 2.910176 353.040669 0.158276 0.318214
27460.000000 2.909858 353.134567 0.192336 0.318002
27480.000000 2.910397 353.228459 0.226483 0.318224
27500.000000 2.911799 353.322447 0.260706 0.318884
27520.000000 2.914074 353.416634 0.294991 0.319980
27540.000000 2.917232 353.511122 0.329325 0.321513
27560.000000 2.921288 353.606010 0.363692 0.323480
27580.000000 2.926259 353.701397 0.398074 0.325877
27600.000000 2.932163 353.797378 0.432451 0.328700
27620.000000 2.939023 353.894045 0.466798 0.331941
27640.000000 2.946860 353.991486 0.501085 0.335593
27660.000000 2.955702 354.089785 0.535279 0.339646
27680.000000 2.965572 354.189018 0.569339 0.344090
27700.000000 2.976499 354.289257 0.603219 0.348910
27720.000000 2.988510 354.390568 0.636866 0.354094
27740.000000 3.001632 354.493008 0.670217 0.359624
27760.000000 3.015892 354.596628 0.703204 0.365484
27780.000000 3.031314 354.701470 0.735749 0.371654
27800.000000 3.047922 354.807567 0.767764 0.378114
27820.000000 3.065737 354.914945 0.799154 0.384842
27840.000000 3.084777 355.023619 0.829812 0.391815
27860.000000 3.105055 355.133597 0.859623 0.399008
27880.000000 3.126580 355.244876 0.888463 0.406396
27900.000000 3.149357 355.357445 0.916198 0.413953
27920.000000 3.173384 355.471284 0.942684 0.421652
27940.000000 3.198651 355.586365 0.967768 0.429465
27960.000000 3.225146 355.702651 0.991292 0.437365
27980.000000 3.252843 355.820098 1.013087 0.445325
28000.000000 3.281713 355.938656 1.032978 0.453316
28020.000000 3.311715 356.058267 1.050784 0.461311
28040.000000 3.342801 356.178869 1.066318 0.469284
28060.000000 3.374911 356.300394 1.079390 0.477207
28080.000000 3.407977 356.422771 1.089805 0.485056
28100.000000 3.441917 356.545926 1.097369 0.492804
28120.000000 3.476639 356.669783 1.101886 0.500427
28140.000000 3.512035 356.794263 1.103161 0.507901
28160.000000 3.547984 356.919290 1.101005 0.515203
28180.000000 3.584350 357.044785 1.095233 0.522311
28200.000000 3.620978 357.170671 1.085673 0.529201
28220.000000 3.657692 357.296876 1.072163 0.535851
28240.000000 3.694297 357.423327 1.054559 0.542240
28260.000000 3.730573 357.549958 1.032738 0.548344
28280.000000 3.766274 357.676706 1.006605 0.554142
28300.000000 3.801132 357.803514 0.976093 0.559611
28320.000000 3.834852 357.930331 0.941176 0.564727
28340.000000 3.867117 358.057113 0.901868 0.569466
28360.000000 3.897590 358.183823 0.858231 0.573805
28380.000000 3.925922 358.310432 0.810379 0.577719
28400.000000 3.951761 358.436916 0.758484 0.581187
28420.000000 3.974758 358.563264 0.702777 0.584187
28440.000000 3.994583 358.689468 0.643554 0.586700
28460.000000 4.010936 358.815531 0.581176 0.588710
28480.000000 4.023559 358.941460 0.516064 0.590206
28500.000000 4.032244 359.067270 0.448701 0.591181
28520.000000 4.036846 359.192984 0.379623 0.591630
28540.000000 4.037287 359.318626 0.309410 0.591557
28560.000000 4.033560 359.444225 0.238669 0.590964
28580.000000 4.025728 359.569812 0.168025 0.589861
28600.000000 4.013922 359.695418 0.098097 0.588258
28620.000000 3.998337 359.821070 0.029485 0.586168
28640.000000 3.979223 359.946793 -0.037246 0.583607
28660.000000 3.956880 360.072604 -0.101584 0.580592
28680.000000 3.931641 360.198515 -0.163073 0.577145
28700.000000 3.903866 360.324530 -0.221325 0.573286
28720.000000 3.873929 360.450644 -0.276021 0.569040
28740.000000 3.842202 360.576843 -0.326909 0.564432
28760.000000 3.809050 360.703103 -0.373806 0.559488
28780.000000 3.774819 360.829396 -0.416589 0.554235
28800.000000 3.739830 360.955682 -0.455189 0.548697
28820.000000 3.704374 361.081917 -0.489589 0.542901
28840.000000 3.668710 361.208047 -0.519813 0.536871
28860.000000 3.633062 361.334017 -0.545922 0.530629
28880.000000 3.597624 361.459765 -0.568005 0.524198
28900.000000 3.562559 361.585226 -0.586176 0.517597
28920.000000 3.528003 361.710334 -0.600567 0.510846
28940.000000 3.494067 361.835019 -0.611324 0.503963
28960.000000 3.460844 361.959212 -0.618603 0.496967
28980.000000 3.428408 362.082843 -0.622567 0.489872
29000.000000 3.396817 362.205842 -0.623382 0.482697
29020.000000 3.366121 362.328143 -0.621217 0.475457
29040.000000 3.336357 362.449679 -0.616242 0.468168
29060.000000 3.307556 362.570386 -0.608624 0.460847
29080.000000 3.279743 362.690204 -0.598529 0.453511
29100.000000 3.252938 362.809076 -0.586121 0.446177
29120.000000 3.227154 362.926948 -0.571558 0.438863
29140.000000 3.202405 363.043772 -0.554996 0.431586
29160.000000 3.178698 363.159504 -0.536584 0.424366
29180.000000 3.156039 363.274106 -0.516469 0.417222
29200.000000 3.134432 363.387547 -0.494790 0.410173
29220.000000 3.113878 363.499799 -0.471679 0.403241
29240.000000 3.094374 363.610845 -0.447266 0.396445
29260.000000 3.075918 363.720673 -0.421670 0.389806
29280.000000 3.058503 363.829277 -0.395006 0.383346
29300.000000 3.042123 363.936660 -0.367381 0.377084
29320.000000 3.026767 364.042833 -0.338896 0.371041
29340.000000 3.012426 364.147814 -0.309644 0.365237
29360.000000 2.999085 364.251628 -0.279710 0.359691
29380.000000 2.986733 364.354310 -0.249173 0.354423
29400.000000 2.975355 364.455899 -0.218105 0.349450
29420.000000 2.964936 364.556443 -0.186571 0.344789
29440.000000 2.955462 364.655999 -0.154629 0.340457
29460.000000 2.946917 364.754627 -0.122330 0.336470
29480.000000 2.939287 364.852395 -0.089722 0.332840
29500.000000 2.932560 364.949377 -0.056843 0.329582
29520.000000 2.926721 365.045652 -0.023729 0.326708
29540.000000 2.921761 365.141304 0.009590 0.324228
29560.000000 2.917670 365.236421 0.043088 0.322151
29580.000000 2.914441 365.331096 0.076743 0.320487
29600.000000 2.912069 365.425423 0.110535 0.319243
29620.000000 2.910550 365.519502 0.144449 0.318424
29640.000000 2.909884 365.613431 0.178469 0.318036
29660.000000 2.910074 365.707313 0.212582 0.318081
29680.000000 2.911124 365.801249 0.246775 0.318563
29700.000000 2.913043 365.895343 0.281037 0.319481
29720.000000 2.915840 365.989696 0.315353 0.320837
29740.000000 2.919529 366.084410 0.349708 0.322627
29760.000000 2.924125 366.179582 0.384087 0.324850
29780.000000 2.929647 366.275310 0.418468 0.327500
29800.000000 2.936115 366.371688 0.452831 0.330572
29820.000000 2.943552 366.468804 0.487146 0.334058
29840.000000 2.951982 366.566744 0.521382 0.337950
29860.000000 2.961431 366.665587 0.555502 0.342236
29880.000000 2.971925 366.765409 0.589462 0.346905
29900.000000 2.983492 366.866276 0.623210 0.351942
29920.000000 2.996158 366.968251 0.656689 0.357334
29940.000000 3.009952 367.071385 0.689834 0.363062
29960.000000 3.024898 367.175725 0.722568 0.369108
29980.000000 3.041021 367.281308 0.754810 0.375453
30000.000000 3.058343 367.388163 0.786466 0.382075
30020.000000 3.076883 367.496309 0.817435 0.388951
30040.000000 3.096656 367.605756 0.847606 0.396057
30060.000000 3.117673 367.716507 0.876857 0.403369
30080.000000 3.139940 367.828553 0.905058 0.410860
30100.000000 3.163459 367.941878 0.932069 0.418504
30120.000000 3.188223 368.056458 0.957743 0.426274
30140.000000 3.214221 368.172258 0.981922 0.434143
30160.000000 3.241432 368.289239 1.004440 0.442081
30180.000000 3.269829 368.407351 1.025127 0.450063
30200.000000 3.299376 368.526541 1.043804 0.458060
30220.000000 3.330028 368.646748 1.060285 0.466045
30240.000000 3.361729 368.767905 1.074381 0.473992
30260.000000 3.394415 368.889945 1.085901 0.481873
30280.000000 3.428010 369.012792 1.094649 0.489665
30300.000000 3.462426 369.136373 1.100428 0.497342
30320.000000 3.497561 369.260609 1.103045 0.504880
30340.000000 3.533301 369.385423 1.102308 0.512255
30360.000000 3.569516 369.510737 1.098029 0.519444
30380.000000 3.606057 369.636473 1.090030 0.526425
30400.000000 3.642758 369.762557 1.078146 0.533176
30420.000000 3.679433 369.888917 1.062223 0.539674
30440.000000 3.715870 370.015482 1.042131 0.545897
30460.000000 3.751836 370.142190 1.017761 0.551822
30480.000000 3.787072 370.268980 0.989037 0.557428
30500.000000 3.821292 370.395799 0.955913 0.562690
30520.000000 3.854188 370.522600 0.918386 0.567585
30540.000000 3.885432 370.649343 0.876499 0.572089
30560.000000 3.914677 370.775996 0.830344 0.576179
30580.000000 3.941573 370.902533 0.780069 0.579832
30600.000000 3.965767 371.028938 0.725881 0.583024
30620.000000 3.986921 371.155201 0.668049 0.585737
30640.000000 4.004720 371.281320 0.606907 0.587954
30660.000000 4.018889 371.407302 0.542852 0.589660
30680.000000 4.029196 371.533159 0.476343 0.590847
30700.000000 4.035473 371.658909 0.407895 0.591511
30720.000000 4.037612 371.784576 0.338072 0.591650
30740.000000 4.035577 371.910189 0.267471 0.591267
30760.000000 4.029403 372.035778 0.196712 0.590371
30780.000000 4.019193 372.161373 0.126419 0.588969
30800.000000 4.005118 372.287003 0.057201 0.587076
30820.000000 3.987406 372.412694 -0.010360 0.584704
30840.000000 3.966338 372.538467 -0.075730 0.581872
30860.000000 3.942235 372.664337 -0.138429 0.578598
30880.000000 3.915447 372.790310 -0.198040 0.574904
30900.000000 3.886344 372.916385 -0.254217 0.570812
30920.000000 3.855301 373.042551 -0.306680 0.566349
30940.000000 3.822685 373.168790 -0.355219 0.561538
30960.000000 3.788853 373.295074 -0.399687 0.556408
30980.000000 3.754136 373.421368 -0.439993 0.550983
31000.000000 3.718837 373.547629 -0.476101 0.545289
31020.000000 3.683229 373.673808 -0.508019 0.539351
31040.000000 3.647549 373.799851 -0.535792 0.533192
31060.000000 3.612004 373.925696 -0.559501 0.526836
31080.000000 3.576770 374.051282 -0.579248 0.520301
31100.000000 3.541992 374.176542 -0.595160 0.513609
31120.000000 3.507791 374.301407 -0.607377 0.506778
31140.000000 3.474269 374.425809 -0.616052 0.499826
31160.000000 3.441504 374.549677 -0.621344 0.492769
31180.000000 3.409563 374.672942 -0.623419 0.485625
31200.000000 3.378498 374.795535 -0.622446 0.478409
31220.000000 3.348350 374.917390 -0.618594 0.471138
31240.000000 3.319155 375.038442 -0.612031 0.463828
31260.000000 3.290937 375.158629 -0.602924 0.456497
31280.000000 3.263720 375.277892 -0.591437 0.449160
31300.000000 3.237519 375.396177 -0.577732 0.441835
31320.000000 3.212348 375.513432 -0.561965 0.434540
31340.000000 3.188216 375.629613 -0.544288 0.427295
31360.000000 3.165130 375.744680 -0.524849 0.420117
31380.000000 3.143095 375.858596 -0.503789 0.413028
31400.000000 3.122113 375.971335 -0.481245 0.406046
31420.000000 3.102182 376.082874 -0.457347 0.399192
31440.000000 3.083300 376.193198 -0.432218 0.392487
31460.000000 3.065462 376.302299 -0.405975 0.385951
31480.000000 3.048662 376.410178 -0.378729 0.379606
31500.000000 3.032891 376.516842 -0.350582 0.373471
31520.000000 3.018138 376.622305 -0.321631 0.367568
31540.000000 3.004392 376.726590 -0.291964 0.361915
31560.000000 2.991640 376.829728 -0.261664 0.356531
31580.000000 2.979867 376.931756 -0.230803 0.351436
31600.000000 2.969060 377.032720 -0.199452 0.346646
31620.000000 2.959203 377.132670 -0.167669 0.342179
31640.000000 2.950282 377.231668 -0.135510 0.338049
31660.000000 2.942282 377.329777 -0.103022 0.334273
31680.000000 2.935188 377.427070 -0.070249 0.330862
31700.000000 2.928990 377.523622 -0.037226 0.327830
31720.000000 2.923674 377.619517 -0.003988 0.325188
31740.000000 2.919230 377.714841 0.029441 0.322947
31760.000000 2.915651 377.809685 0.063034 0.321114
31780.000000 2.912931 377.904142 0.096773 0.319698
31800.000000 2.911065 377.998309 0.130639 0.318705
31820.000000 2.910052 378.092287 0.164617 0.318141
31840.000000 2.909893 378.186176 0.198694 0.318010
31860.000000 2.910593 378.280078 0.232856 0.318314
31880.000000 2.912157 378.374096 0.267092 0.319055
31900.000000 2.914595 378.468331 0.301387 0.320233
31920.000000 2.917920 378.562886 0.335728 0.321847
31940.000000 2.922145 378.657860 0.370099 0.323894
31960.000000 2.927288 378.753350 0.404483 0.326371
31980.000000 2.933368 378.849453 0.438856 0.329272
