0.000000 3.402443 21.287694 -0.780411 0.028255
20.000000 3.400948 21.293686 -0.775441 0.018736
40.000000 3.400082 21.297264 -0.770299 0.009208
60.000000 3.399846 21.298424 -0.764992 -0.000328
80.000000 3.400240 21.297162 -0.759523 -0.009870
100.000000 3.401266 21.293479 -0.753892 -0.019414
120.000000 3.402924 21.287378 -0.748096 -0.028959
140.000000 3.405216 21.278861 -0.742129 -0.038502
160.000000 3.408145 21.267935 -0.735983 -0.048041
180.000000 3.411710 21.254608 -0.729644 -0.057571
200.000000 3.415914 21.238891 -0.723096 -0.067092
220.000000 3.420759 21.220794 -0.716320 -0.076598
240.000000 3.426246 21.200334 -0.709293 -0.086088
260.000000 3.432377 21.177526 -0.701989 -0.095558
280.000000 3.439152 21.152389 -0.694378 -0.105003
300.000000 3.446573 21.124944 -0.686427 -0.114421
320.000000 3.454639 21.095215 -0.678099 -0.123806
340.000000 3.463350 21.063226 -0.669354 -0.133153
360.000000 3.472704 21.029007 -0.660148 -0.142459
380.000000 3.482698 20.992586 -0.650434 -0.151716
400.000000 3.493329 20.953997 -0.640161 -0.160921
420.000000 3.504590 20.913275 -0.629275 -0.170065
440.000000 3.516473 20.870458 -0.617720 -0.179142
460.000000 3.528969 20.825585 -0.605435 -0.188145
480.000000 3.542063 20.778699 -0.592357 -0.197065
500.000000 3.555739 20.729845 -0.578421 -0.205894
520.000000 3.569977 20.679071 -0.563562 -0.214622
540.000000 3.584752 20.626426 -0.547709 -0.223238
560.000000 3.600035 20.571963 -0.530794 -0.231733
580.000000 3.615791 20.515738 -0.512747 -0.240094
600.000000 3.631978 20.457806 -0.493498 -0.248308
620.000000 3.648549 20.398228 -0.472981 -0.256362
640.000000 3.665449 20.337065 -0.451130 -0.264241
660.000000 3.682616 20.274382 -0.427884 -0.271931
680.000000 3.699977 20.210242 -0.403187 -0.279415
700.000000 3.717455 20.144715 -0.376989 -0.286676
720.000000 3.734959 20.077869 -0.349248 -0.293697
740.000000 3.752394 20.009773 -0.319932 -0.300460
760.000000 3.769654 19.940500 -0.289023 -0.306945
780.000000 3.786626 19.870122 -0.256511 -0.313135
800.000000 3.803187 19.798711 -0.222406 -0.319009
820.000000 3.819213 19.726340 -0.186732 -0.324547
840.000000 3.834571 19.653085 -0.149531 -0.329731
860.000000 3.849127 19.579017 -0.110865 -0.334542
880.000000 3.862748 19.504210 -0.070815 -0.338960
900.000000 3.875298 19.428737 -0.029484 -0.342969
920.000000 3.886652 19.352672 0.013008 -0.346550
940.000000 3.896686 19.276086 0.056518 -0.349689
960.000000 3.905289 19.199050 0.100887 -0.352370
980.000000 3.912363 19.121637 0.145941 -0.354581
1000.000000 3.917823 19.043918 0.191489 -0.356310
1020.000000 3.921603 18.965964 0.237333 -0.357547
1040.000000 3.923655 18.887847 0.283265 -0.358284
1060.000000 3.923952 18.809639 0.329077 -0.358516
1080.000000 3.922487 18.731412 0.374558 -0.358239
1100.000000 3.919275 18.653241 0.419506 -0.357452
1120.000000 3.914353 18.575200 0.463723 -0.356155
1140.000000 3.907777 18.497365 0.507025 -0.354353
1160.000000 3.899621 18.419813 0.549243 -0.352051
1180.000000 3.889975 18.342624 0.590225 -0.349258
1200.000000 3.878945 18.265876 0.629836 -0.345985
1220.000000 3.866646 18.189650 0.667963 -0.342244
1240.000000 3.853204 18.114029 0.704515 -0.338050
1260.000000 3.838748 18.039095 0.739419 -0.333419
1280.000000 3.823414 17.964932 0.772624 -0.328369
1300.000000 3.807334 17.891623 0.804100 -0.322917
1320.000000 3.790642 17.819252 0.833833 -0.317082
1340.000000 3.773467 17.747904 0.861828 -0.310884
1360.000000 3.755933 17.677662 0.888105 -0.304341
1380.000000 3.738159 17.608609 0.912698 -0.297473
1400.000000 3.720254 17.540827 0.935651 -0.290300
1420.000000 3.702322 17.474399 0.957022 -0.282838
1440.000000 3.684459 17.409403 0.976875 -0.275107
1460.000000 3.666751 17.345919 0.995281 -0.267123
1480.000000 3.649276 17.284024 1.012316 -0.258904
1500.000000 3.632106 17.223793 1.028062 -0.250466
1520.000000 3.615304 17.165299 1.042601 -0.241823
1540.000000 3.598927 17.108613 1.056018 -0.232991
1560.000000 3.583024 17.053804 1.068397 -0.223983
1580.000000 3.567639 17.000938 1.079824 -0.214812
1600.000000 3.552810 16.950079 1.090380 -0.205491
1620.000000 3.538570 16.901288 1.100149 -0.196031
1640.000000 3.524948 16.854623 1.109208 -0.186444
1660.000000 3.511968 16.810140 1.117632 -0.176739
1680.000000 3.499650 16.767892 1.125496 -0.166927
1700.000000 3.488013 16.727928 1.132868 -0.157016
1720.000000 3.477071 16.690297 1.139812 -0.147015
1740.000000 3.466837 16.655041 1.146390 -0.136932
1760.000000 3.457321 16.622203 1.152659 -0.126775
1780.000000 3.448530 16.591820 1.158672 -0.116550
1800.000000 3.440473 16.563929 1.164477 -0.106263
1820.000000 3.433156 16.538561 1.170119 -0.095922
1840.000000 3.426581 16.515747 1.175636 -0.085532
1860.000000 3.420755 16.495512 1.181065 -0.075099
1880.000000 3.415679 16.477881 1.186437 -0.064627
1900.000000 3.411357 16.462875 1.191778 -0.054123
1920.000000 3.407791 16.450511 1.197112 -0.043590
1940.000000 3.404983 16.440805 1.202455 -0.033033
1960.000000 3.402934 16.433769 1.207824 -0.022457
1980.000000 3.401646 16.429412 1.213227 -0.011866
2000.000000 3.401120 16.427740 1.218670 -0.001266
2020.000000 3.401359 16.428758 1.224156 0.009341
2040.000000 3.402362 16.432465 1.229682 0.019950
2060.000000 3.404132 16.438859 1.235243 0.030555
2080.000000 3.406670 16.447936 1.240827 0.041154
2100.000000 3.409975 16.459686 1.246421 0.051741
2120.000000 3.414051 16.474098 1.252007 0.062311
2140.000000 3.418896 16.491160 1.257564 0.072861
2160.000000 3.424511 16.510852 1.263066 0.083386
2180.000000 3.430897 16.533157 1.268483 0.093879
2200.000000 3.438052 16.558049 1.273783 0.104337
2220.000000 3.445977 16.585505 1.278929 0.114755
2240.000000 3.454669 16.615495 1.283882 0.125126
2260.000000 3.464127 16.647988 1.288596 0.135446
2280.000000 3.474348 16.682949 1.293026 0.145709
2300.000000 3.485328 16.720342 1.297119 0.155909
2320.000000 3.497062 16.760126 1.300822 0.166041
2340.000000 3.509545 16.802260 1.304078 0.176099
2360.000000 3.522771 16.846698 1.306825 0.186075
2380.000000 3.536730 16.893393 1.308999 0.195965
2400.000000 3.551414 16.942296 1.310535 0.205762
2420.000000 3.566811 16.993355 1.311361 0.215460
2440.000000 3.582908 17.046515 1.311404 0.225052
2460.000000 3.599692 17.101721 1.310590 0.234531
2480.000000 3.617144 17.158914 1.308840 0.243891
2500.000000 3.635246 17.218035 1.306074 0.253125
2520.000000 3.653977 17.279023 1.302210 0.262226
2540.000000 3.673311 17.341815 1.297162 0.271187
2560.000000 3.693221 17.406347 1.290846 0.280000
2580.000000 3.713675 17.472553 1.283174 0.288658
2600.000000 3.734638 17.540367 1.274059 0.297153
2620.000000 3.756070 17.609723 1.263413 0.305476
2640.000000 3.777924 17.680551 1.251148 0.313619
2660.000000 3.800150 17.752784 1.237179 0.321573
2680.000000 3.822690 17.826353 1.221422 0.329327
2700.000000 3.845479 17.901188 1.203794 0.336873
2720.000000 3.868444 17.977220 1.184218 0.344197
2740.000000 3.891503 18.054380 1.162622 0.351290
2760.000000 3.914565 18.132598 1.138939 0.358137
2780.000000 3.937529 18.211806 1.113110 0.364726
2800.000000 3.960283 18.291933 1.085085 0.371041
2820.000000 3.982708 18.372914 1.054824 0.377067
2840.000000 4.004671 18.454679 1.022301 0.382788
2860.000000 4.026033 18.537161 0.987500 0.388186
2880.000000 4.046645 18.620296 0.950422 0.393244
2900.000000 4.066351 18.704017 0.911085 0.397943
2920.000000 4.084994 18.788260 0.869524 0.402266
2940.000000 4.102413 18.872962 0.825796 0.406195
2960.000000 4.118450 18.958062 0.779975 0.409713
2980.000000 4.132950 19.043498 0.732161 0.412806
3000.000000 4.145768 19.129213 0.682475 0.415460
3020.000000 4.156773 19.215149 0.631062 0.417663
3040.000000 4.165847 19.301252 0.578090 0.419409
3060.000000 4.172892 19.387467 0.523751 0.420691
3080.000000 4.177828 19.473745 0.468258 0.421507
3100.000000 4.180603 19.560036 0.411842 0.421857
3120.000000 4.181185 19.646295 0.354753 0.421742
3140.000000 4.179567 19.732475 0.297250 0.421169
3160.000000 4.175767 19.818534 0.239603 0.420141
3180.000000 4.169829 19.904428 0.182083 0.418668
3200.000000 4.161815 19.990116 0.124959 0.416756
3220.000000 4.151812 20.075554 0.068492 0.414416
3240.000000 4.139924 20.160699 0.012930 0.411656
3260.000000 4.126274 20.245506 -0.041494 0.408489
3280.000000 4.110996 20.329928 -0.094568 0.404925
3300.000000 4.094238 20.413919 -0.146103 0.400977
3320.000000 4.076157 20.497426 -0.195935 0.396660
3340.000000 4.056915 20.580398 -0.243925 0.391988
3360.000000 4.036675 20.662781 -0.289959 0.386977
3380.000000 4.015602 20.744519 -0.333947 0.381645
3400.000000 3.993855 20.825554 -0.375825 0.376009
3420.000000 3.971591 20.905828 -0.415549 0.370087
3440.000000 3.948956 20.985281 -0.453095 0.363898
3460.000000 3.926088 21.063852 -0.488459 0.357459
3480.000000 3.903114 21.141481 -0.521652 0.350788
3500.000000 3.880149 21.218107 -0.552700 0.343903
3520.000000 3.857299 21.293669 -0.581639 0.336819
3540.000000 3.834654 21.368107 -0.608517 0.329552
3560.000000 3.812296 21.441360 -0.633391 0.322115
3580.000000 3.790295 21.513370 -0.656322 0.314523
3600.000000 3.768710 21.584078 -0.677380 0.306786
3620.000000 3.747593 21.653426 -0.696637 0.298917
3640.000000 3.726985 21.721359 -0.714167 0.290926
3660.000000 3.706922 21.787821 -0.730048 0.282821
3680.000000 3.687432 21.852758 -0.744357 0.274611
3700.000000 3.668536 21.916117 -0.757172 0.266304
3720.000000 3.650254 21.977848 -0.768572 0.257906
3740.000000 3.632599 22.037901 -0.778633 0.249423
3760.000000 3.615581 22.096227 -0.787430 0.240861
3780.000000 3.599208 22.152780 -0.795039 0.232225
3800.000000 3.583484 22.207514 -0.801530 0.223519
3820.000000 3.568413 22.260385 -0.806974 0.214747
3840.000000 3.553997 22.311350 -0.811439 0.205914
3860.000000 3.540236 22.360370 -0.814989 0.197022
3880.000000 3.527129 22.407404 -0.817688 0.188075
3900.000000 3.514677 22.452416 -0.819596 0.179076
3920.000000 3.502876 22.495368 -0.820771 0.170027
3940.000000 3.491726 22.536225 -0.821267 0.160932
3960.000000 3.481225 22.574956 -0.821138 0.151793
3980.000000 3.471369 22.611529 -0.820431 0.142612
4000.000000 3.462157 22.645914 -0.819196 0.133392
4020.000000 3.453587 22.678083 -0.817475 0.124135
4040.000000 3.445656 22.708009 -0.815310 0.114844
4060.000000 3.438363 22.735668 -0.812740 0.105520
4080.000000 3.431706 22.761038 -0.809800 0.096166
4100.000000 3.425682 22.784096 -0.806525 0.086785
4120.000000 3.420292 22.804824 -0.802944 0.077377
4140.000000 3.415532 22.823204 -0.799085 0.067946
4160.000000 3.411403 22.839221 -0.794973 0.058494
4180.000000 3.407904 22.852861 -0.790629 0.049022
4200.000000 3.405033 22.864111 -0.786072 0.039533
4220.000000 3.402792 22.872961 -0.781319 0.030030
4240.000000 3.401179 22.879404 -0.776382 0.020513
4260.000000 3.400196 22.883433 -0.771272 0.010987
4280.000000 3.399842 22.885044 -0.765995 0.001452
4300.000000 3.400118 22.884234 -0.760556 -0.008089
4320.000000 3.401026 22.881003 -0.754955 -0.017633
4340.000000 3.402566 22.875353 -0.749190 -0.027178
4360.000000 3.404740 22.867286 -0.743256 -0.036722
4380.000000 3.407550 22.856809 -0.737144 -0.046261
4400.000000 3.410996 22.843930 -0.730842 -0.055794
4420.000000 3.415081 22.828658 -0.724334 -0.065316
4440.000000 3.419806 22.811004 -0.717602 -0.074826
4460.000000 3.425174 22.790984 -0.710624 -0.084319
4480.000000 3.431184 22.768612 -0.703374 -0.093793
4500.000000 3.437839 22.743909 -0.695823 -0.103243
4520.000000 3.445139 22.716893 -0.687938 -0.112666
4540.000000 3.453085 22.687588 -0.679684 -0.122057
4560.000000 3.461675 22.656019 -0.671020 -0.131412
4580.000000 3.470910 22.622213 -0.661903 -0.140726
4600.000000 3.480785 22.586201 -0.652288 -0.149993
4620.000000 3.491297 22.548014 -0.642123 -0.159207
4640.000000 3.502441 22.507688 -0.631356 -0.168363
4660.000000 3.514209 22.465258 -0.619930 -0.177453
4680.000000 3.526591 22.420766 -0.607785 -0.186471
4700.000000 3.539575 22.374252 -0.594860 -0.195407
4720.000000 3.553144 22.325762 -0.581090 -0.204254
4740.000000 3.567278 22.275342 -0.566408 -0.213001
4760.000000 3.581956 22.223043 -0.550746 -0.221639
4780.000000 3.597146 22.168915 -0.534034 -0.230158
4800.000000 3.612817 22.113014 -0.516204 -0.238544
4820.000000 3.628927 22.055396 -0.497185 -0.246787
4840.000000 3.645430 21.996121 -0.476909 -0.254871
4860.000000 3.662273 21.935249 -0.455312 -0.262785
4880.000000 3.679395 21.872844 -0.432331 -0.270511
4900.000000 3.696726 21.808972 -0.407908 -0.278034
4920.000000 3.714188 21.743698 -0.381993 -0.285338
4940.000000 3.731695 21.677093 -0.354543 -0.292406
4960.000000 3.749151 21.609225 -0.325524 -0.299218
4980.000000 3.766452 21.540166 -0.294912 -0.305757
5000.000000 3.783486 21.469988 -0.262700 -0.312003
5020.000000 3.800134 21.398765 -0.228891 -0.317937
5040.000000 3.816269 21.326568 -0.193507 -0.323540
5060.000000 3.831762 21.253472 -0.156586 -0.328792
5080.000000 3.846478 21.179550 -0.118188 -0.333673
5100.000000 3.860283 21.104875 -0.078390 -0.338166
5120.000000 3.873043 21.029522 -0.037289 -0.342252
5140.000000 3.884630 20.953561 0.004996 -0.345915
5160.000000 3.894919 20.877067 0.048328 -0.349137
5180.000000 3.903797 20.800110 0.092550 -0.351905
5200.000000 3.911163 20.722762 0.137490 -0.354205
5220.000000 3.916930 20.645094 0.182961 -0.356024
5240.000000 3.921028 20.567179 0.228765 -0.357354
5260.000000 3.923405 20.489087 0.274696 -0.358185
5280.000000 3.924030 20.410890 0.320546 -0.358512
5300.000000 3.922894 20.332661 0.366105 -0.358330
5320.000000 3.920006 20.254474 0.411168 -0.357637
5340.000000 3.915399 20.176403 0.455535 -0.356435
5360.000000 3.909127 20.098524 0.499022 -0.354727
5380.000000 3.901259 20.020913 0.541454 -0.352518
5400.000000 3.891883 19.943650 0.582677 -0.349816
5420.000000 3.881103 19.866813 0.622553 -0.346631
5440.000000 3.869032 19.790484 0.660965 -0.342977
5460.000000 3.855793 19.714744 0.697817 -0.338866
5480.000000 3.841517 19.639675 0.733033 -0.334316
5500.000000 3.826336 19.565362 0.766558 -0.329342
5520.000000 3.810385 19.491887 0.798358 -0.323964
5540.000000 3.793797 19.419335 0.828417 -0.318199
5560.000000 3.776703 19.347790 0.856735 -0.312067
5580.000000 3.759227 19.277335 0.883331 -0.305587
5600.000000 3.741489 19.208054 0.908234 -0.298779
5620.000000 3.723600 19.140029 0.931490 -0.291661
5640.000000 3.705666 19.073341 0.953152 -0.284252
5660.000000 3.687783 19.008072 0.973283 -0.276569
5680.000000 3.670040 18.944301 0.991953 -0.268632
5700.000000 3.652516 18.882103 1.009238 -0.260455
5720.000000 3.635284 18.821556 1.025218 -0.252056
5740.000000 3.618409 18.762732 1.039976 -0.243451
5760.000000 3.601948 18.705704 1.053595 -0.234653
5780.000000 3.585953 18.650539 1.066162 -0.225676
5800.000000 3.570469 18.597306 1.077760 -0.216535
5820.000000 3.555533 18.546067 1.088473 -0.207241
5840.000000 3.541181 18.496886 1.098382 -0.197806
5860.000000 3.527442 18.449820 1.107567 -0.188242
5880.000000 3.514340 18.404926 1.116105 -0.178559
5900.000000 3.501898 18.362257 1.124068 -0.168766
5920.000000 3.490132 18.321863 1.131526 -0.158873
5940.000000 3.479060 18.283793 1.138545 -0.148888
5960.000000 3.468693 18.248091 1.145188 -0.138820
5980.000000 3.459042 18.214799 1.151510 -0.128676
6000.000000 3.450115 18.183955 1.157567 -0.118462
6020.000000 3.441921 18.155596 1.163408 -0.108187
6040.000000 3.434465 18.129755 1.169077 -0.097856
6060.000000 3.427752 18.106462 1.174614 -0.087475
6080.000000 3.421785 18.085744 1.180057 -0.077049
6100.000000 3.416569 18.067625 1.185438 -0.066584
6120.000000 3.412107 18.052128 1.190783 -0.056085
6140.000000 3.408399 18.039270 1.196116 -0.045557
6160.000000 3.405449 18.029067 1.201457 -0.035004
6180.000000 3.403258 18.021532 1.206820 -0.024432
6200.000000 3.401828 18.016674 1.212216 -0.013844
6220.000000 3.401160 18.014501 1.217651 -0.003244
6240.000000 3.401256 18.015017 1.223129 0.007362
6260.000000 3.402117 18.018222 1.228648 0.017970
6280.000000 3.403744 18.024115 1.234203 0.028577
6300.000000 3.406138 18.032692 1.239784 0.039177
6320.000000 3.409300 18.043944 1.245377 0.049766
6340.000000 3.413232 18.057860 1.250966 0.060340
6360.000000 3.417933 18.074429 1.256530 0.070894
6380.000000 3.423405 18.093632 1.262044 0.081424
6400.000000 3.429647 18.115450 1.267480 0.091923
6420.000000 3.436659 18.139862 1.272805 0.102389
6440.000000 3.444440 18.166841 1.277983 0.112814
6460.000000 3.452989 18.196361 1.282974 0.123194
6480.000000 3.462304 18.228389 1.287737 0.133524
6500.000000 3.472383 18.262892 1.292223 0.143799
6520.000000 3.483221 18.299834 1.296383 0.154011
6540.000000 3.494815 18.339175 1.300163 0.164156
6560.000000 3.507159 18.380874 1.303507 0.174228
6580.000000 3.520247 18.424885 1.306354 0.184220
6600.000000 3.534070 18.471163 1.308640 0.194127
6620.000000 3.548619 18.519658 1.310300 0.203942
6640.000000 3.563884 18.570319 1.311264 0.213658
6660.000000 3.579852 18.623091 1.311459 0.223270
6680.000000 3.596508 18.677919 1.310811 0.232771
6700.000000 3.613837 18.734746 1.309241 0.242154
6720.000000 3.631820 18.793512 1.306671 0.251412
6740.000000 3.650435 18.854156 1.303018 0.260538
6760.000000 3.669659 18.916616 1.298198 0.269526
6780.000000 3.689463 18.980828 1.292125 0.278367
6800.000000 3.709819 19.046727 1.284712 0.287054
6820.000000 3.730690 19.114246 1.275873 0.295580
6840.000000 3.752037 19.183319 1.265520 0.303936
6860.000000 3.773816 19.253878 1.253564 0.312113
6880.000000 3.795977 19.325854 1.239919 0.320103
6900.000000 3.818463 19.399179 1.224502 0.327896
6920.000000 3.841211 19.473783 1.207229 0.335481
6940.000000 3.864149 19.549597 1.188022 0.342848
6960.000000 3.887197 19.626552 1.166808 0.349985
6980.000000 3.910265 19.704578 1.143519 0.356879
7000.000000 3.933256 19.783606 1.118095 0.363517
7020.000000 3.956058 19.863567 1.090483 0.369884
7040.000000 3.978554 19.944393 1.060642 0.375965
7060.000000 4.000614 20.026017 1.028543 0.381744
7080.000000 4.022099 20.108371 0.994167 0.387204
7100.000000 4.042862 20.191388 0.957513 0.392327
7120.000000 4.062750 20.275005 0.918596 0.397094
7140.000000 4.081603 20.359155 0.877447 0.401489
7160.000000 4.099263 20.443777 0.834117 0.405492
7180.000000 4.115569 20.528807 0.788680 0.409088
7200.000000 4.130367 20.614185 0.741230 0.412262
7220.000000 4.143510 20.699852 0.691883 0.414998
7240.000000 4.154863 20.785751 0.640780 0.417287
7260.000000 4.164305 20.871827 0.588085 0.419118
7280.000000 4.171735 20.958025 0.533986 0.420487
7300.000000 4.177070 21.044295 0.478691 0.421390
7320.000000 4.180251 21.130587 0.422429 0.421827
7340.000000 4.181243 21.216856 0.365445 0.421799
7360.000000 4.180035 21.303054 0.308000 0.421310
7380.000000 4.176640 21.389139 0.250359 0.420367
7400.000000 4.171097 21.475067 0.192795 0.418976
7420.000000 4.163464 21.560796 0.135577 0.417146
7440.000000 4.153825 21.646284 0.078968 0.414885
7460.000000 4.142280 21.731487 0.023219 0.412203
7480.000000 4.128949 21.816360 -0.031434 0.409110
7500.000000 4.113964 21.900858 -0.084775 0.405620
7520.000000 4.097471 21.984933 -0.136611 0.401742
7540.000000 4.079625 22.068534 -0.186772 0.397493
7560.000000 4.060586 22.151611 -0.235115 0.392886
7580.000000 4.040520 22.234108 -0.281521 0.387937
7600.000000 4.019590 22.315970 -0.325897 0.382663
7620.000000 3.997957 22.397141 -0.368172 0.377083
7640.000000 3.975778 22.477561 -0.408301 0.371213
7660.000000 3.953202 22.557172 -0.446254 0.365072
7680.000000 3.930367 22.635912 -0.482025 0.358679
7700.000000 3.907404 22.713722 -0.515622 0.352050
7720.000000 3.884429 22.790540 -0.547067 0.345204
7740.000000 3.861550 22.866305 -0.576397 0.338155
7760.000000 3.838860 22.940957 -0.603655 0.330921
7780.000000 3.816443 23.014436 -0.628898 0.323515
7800.000000 3.794370 23.086682 -0.652187 0.315951
7820.000000 3.772704 23.157638 -0.673590 0.308240
7840.000000 3.751496 23.227244 -0.693177 0.300395
7860.000000 3.730791 23.295445 -0.711023 0.292426
7880.000000 3.710623 23.362185 -0.727206 0.284342
7900.000000 3.691024 23.427411 -0.741802 0.276151
7920.000000 3.672016 23.491069 -0.754890 0.267861
7940.000000 3.653619 23.553107 -0.766548 0.259480
7960.000000 3.635846 23.613477 -0.776853 0.251012
7980.000000 3.618708 23.672129 -0.785881 0.242464
8000.000000 3.602214 23.729016 -0.793706 0.233842
8020.000000 3.586369 23.784093 -0.800400 0.225148
8040.000000 3.571176 23.837315 -0.806035 0.216389
8060.000000 3.556637 23.888639 -0.810677 0.207566
8080.000000 3.542754 23.938025 -0.814393 0.198685
8100.000000 3.529526 23.985433 -0.817247 0.189748
8120.000000 3.516951 24.030824 -0.819298 0.180759
8140.000000 3.505029 24.074163 -0.820605 0.171719
8160.000000 3.493758 24.115414 -0.821224 0.162633
8180.000000 3.483135 24.154545 -0.821207 0.153501
8200.000000 3.473159 24.191522 -0.820605 0.144328
8220.000000 3.463827 24.226318 -0.819464 0.135116
8240.000000 3.455138 24.258902 -0.817831 0.125865
8260.000000 3.447088 24.289249 -0.815746 0.116580
8280.000000 3.439676 24.317333 -0.813248 0.107262
8300.000000 3.432900 24.343131 -0.810375 0.097914
8320.000000 3.426758 24.366622 -0.807160 0.088537
8340.000000 3.421250 24.387787 -0.803634 0.079135
8360.000000 3.416372 24.406606 -0.799825 0.069708
8380.000000 3.412126 24.423065 -0.795758 0.060259
8400.000000 3.408509 24.437149 -0.791456 0.050791
8420.000000 3.405521 24.448846 -0.786938 0.041305
8440.000000 3.403163 24.458145 -0.782220 0.031804
8460.000000 3.401433 24.465038 -0.777317 0.022290
8480.000000 3.400332 24.469518 -0.772238 0.012765
8500.000000 3.399860 24.471580 -0.766992 0.003232
8520.000000 3.400019 24.471222 -0.761583 -0.006308
8540.000000 3.400809 24.468443 -0.756012 -0.015852
8560.000000 3.402231 24.463244 -0.750279 -0.025397
8580.000000 3.404287 24.455628 -0.744377 -0.034941
8600.000000 3.406977 24.445600 -0.738299 -0.044481
8620.000000 3.410305 24.433168 -0.732033 -0.054015
8640.000000 3.414270 24.418342 -0.725565 -0.063540
8660.000000 3.418876 24.401132 -0.718877 -0.073052
8680.000000 3.424123 24.381552 -0.711946 -0.082549
8700.000000 3.430014 24.359618 -0.704749 -0.092026
8720.000000 3.436548 24.335348 -0.697256 -0.101481
8740.000000 3.443728 24.308762 -0.689436 -0.110910
8760.000000 3.451553 24.279882 -0.681254 -0.120307
8780.000000 3.460023 24.248734 -0.672670 -0.129669
8800.000000 3.469138 24.215343 -0.663641 -0.138991
8820.000000 3.478893 24.179740 -0.654122 -0.148267
8840.000000 3.489287 24.141957 -0.644064 -0.157492
8860.000000 3.500314 24.102027 -0.633413 -0.166659
8880.000000 3.511966 24.059987 -0.622115 -0.175762
8900.000000 3.524234 24.015876 -0.610109 -0.184794
8920.000000 3.537107 23.969737 -0.597334 -0.193746
8940.000000 3.550568 23.921612 -0.583727 -0.202610
8960.000000 3.564599 23.871548 -0.569220 -0.211377
8980.000000 3.579177 23.819596 -0.553746 -0.220036
9000.000000 3.594274 23.765805 -0.537236 -0.228578
9020.000000 3.609858 23.710231 -0.519619 -0.236990
9040.000000 3.625889 23.652929 -0.500827 -0.245260
9060.000000 3.642323 23.593959 -0.480791 -0.253375
9080.000000 3.659107 23.533380 -0.459446 -0.261322
9100.000000 3.676182 23.471256 -0.436727 -0.269084
9120.000000 3.693480 23.407653 -0.412578 -0.276646
9140.000000 3.710923 23.342635 -0.386945 -0.283993
9160.000000 3.728429 23.276273 -0.359784 -0.291106
9180.000000 3.745902 23.208635 -0.331059 -0.297967
9200.000000 3.763240 23.139793 -0.300746 -0.304558
9220.000000 3.780333 23.069819 -0.268832 -0.310861
9240.000000 3.797062 22.998785 -0.235320 -0.316855
9260.000000 3.813303 22.926764 -0.200228 -0.322520
9280.000000 3.828926 22.853830 -0.163590 -0.327839
9300.000000 3.843797 22.780057 -0.125463 -0.332791
9320.000000 3.857782 22.705517 -0.085919 -0.337358
9340.000000 3.870747 22.630285 -0.045052 -0.341522
9360.000000 3.882562 22.554432 -0.002978 -0.345264
9380.000000 3.893102 22.478032 0.040169 -0.348570
9400.000000 3.902252 22.401155 0.084238 -0.351424
9420.000000 3.909907 22.323875 0.129057 -0.353812
9440.000000 3.915979 22.246262 0.174444 -0.355722
9460.000000 3.920393 22.168387 0.220201 -0.357143
9480.000000 3.923094 22.090323 0.266125 -0.358068
9500.000000 3.924047 22.012140 0.312006 -0.358489
9520.000000 3.923239 21.933912 0.357635 -0.358402
9540.000000 3.920676 21.855711 0.402806 -0.357805
9560.000000 3.916387 21.777613 0.447317 -0.356698
9580.000000 3.910421 21.699692 0.490982 -0.355084
9600.000000 3.902844 21.622025 0.533623 -0.352968
9620.000000 3.893743 21.544691 0.575083 -0.350357
9640.000000 3.883216 21.467769 0.615220 -0.347262
9660.000000 3.871377 21.391339 0.653913 -0.343694
9680.000000 3.858346 21.315482 0.691062 -0.339667
9700.000000 3.844254 21.240282 0.726588 -0.335197
9720.000000 3.829231 21.165822 0.760432 -0.330301
9740.000000 3.813414 21.092184 0.792556 -0.324997
9760.000000 3.796935 21.019453 0.822940 -0.319303
9780.000000 3.779926 20.947714 0.851582 -0.313238
9800.000000 3.762512 20.877049 0.878497 -0.306822
9820.000000 3.744813 20.807542 0.903713 -0.300073
9840.000000 3.726945 20.739277 0.927273 -0.293012
9860.000000 3.709012 20.672334 0.949227 -0.285655
9880.000000 3.691112 20.606794 0.969639 -0.278023
9900.000000 3.673336 20.542737 0.988576 -0.270131
9920.000000 3.655766 20.480240 1.006114 -0.261998
9940.000000 3.638474 20.419379 1.022331 -0.253640
9960.000000 3.621528 20.360228 1.037311 -0.245072
9980.000000 3.604986 20.302859 1.051136 -0.236308
10000.000000 3.588901 20.247342 1.063893 -0.227364
10020.000000 3.573318 20.193743 1.075665 -0.218253
10040.000000 3.558277 20.142128 1.086537 -0.208986
10060.000000 3.543814 20.092558 1.096590 -0.199577
10080.000000 3.529958 20.045093 1.105905 -0.190036
10100.000000 3.516736 19.999789 1.114558 -0.180374
10120.000000 3.504169 19.956701 1.122622 -0.170601
10140.000000 3.492276 19.915879 1.130170 -0.160726
10160.000000 3.481073 19.877372 1.137266 -0.150758
10180.000000 3.470573 19.841225 1.143974 -0.140705
10200.000000 3.460788 19.807480 1.150352 -0.130574
10220.000000 3.451726 19.776176 1.156455 -0.120373
10240.000000 3.443394 19.747351 1.162332 -0.110109
10260.000000 3.435800 19.721038 1.168030 -0.099788
10280.000000 3.428948 19.697267 1.173589 -0.089416
10300.000000 3.422842 19.676067 1.179047 -0.078998
10320.000000 3.417486 19.657461 1.184437 -0.068540
10340.000000 3.412882 19.641473 1.189787 -0.058047
10360.000000 3.409034 19.628121 1.195121 -0.047524
10380.000000 3.405942 19.617422 1.200459 -0.036975
10400.000000 3.403609 19.609388 1.205817 -0.026406
10420.000000 3.402037 19.604030 1.211206 -0.015820
10440.000000 3.401227 19.601356 1.216634 -0.005223
10460.000000 3.401180 19.601369 1.222104 0.005382
10480.000000 3.401898 19.604073 1.227616 0.015990
10500.000000 3.403382 19.609465 1.233164 0.026598
10520.000000 3.405633 19.617541 1.238741 0.037199
10540.000000 3.408652 19.628294 1.244333 0.047791
10560.000000 3.412440 19.641715 1.249925 0.058368
10580.000000 3.416997 19.657789 1.255495 0.068927
10600.000000 3.422325 19.676502 1.261020 0.079461
10620.000000 3.428424 19.697834 1.266473 0.089967
10640.000000 3.435292 19.721764 1.271821 0.100439
10660.000000 3.442930 19.748266 1.277029 0.110872
10680.000000 3.451336 19.777314 1.282059 0.121261
10700.000000 3.460508 19.808876 1.286867 0.131601
10720.000000 3.470444 19.842920 1.291409 0.141886
10740.000000 3.481141 19.879410 1.295634 0.152110
10760.000000 3.492595 19.918306 1.299489 0.162268
10780.000000 3.504799 19.959568 1.302919 0.172354
10800.000000 3.517748 20.003152 1.305863 0.182362
10820.000000 3.531435 20.049010 1.308259 0.192285
10840.000000 3.545849 20.097096 1.310041 0.202117
10860.000000 3.560981 20.147356 1.311140 0.211853
10880.000000 3.576819 20.199738 1.311484 0.221485
10900.000000 3.593348 20.254187 1.310999 0.231007
10920.000000 3.610553 20.310646 1.309608 0.240412
10940.000000 3.628415 20.369054 1.307231 0.249694
10960.000000 3.646914 20.429353 1.303786 0.258846
10980.000000 3.666026 20.491479 1.299190 0.267860
11000.000000 3.685725 20.555369 1.293357 0.276729
11020.000000 3.705980 20.620958 1.286201 0.285445
11040.000000 3.726757 20.688179 1.277635 0.294002
11060.000000 3.748019 20.756968 1.267571 0.302390
11080.000000 3.769721 20.827254 1.255920 0.310601
11100.000000 3.791815 20.898971 1.242598 0.318627
11120.000000 3.814245 20.972050 1.227517 0.326457
11140.000000 3.836949 21.046420 1.210597 0.334082
11160.000000 3.859857 21.122014 1.191757 0.341490
11180.000000 3.882891 21.198761 1.170923 0.348671
11200.000000 3.905963 21.276592 1.148026 0.355611
11220.000000 3.928976 21.355438 1.123004 0.362298
11240.000000 3.951823 21.435231 1.095804 0.368717
11260.000000 3.974385 21.515901 1.066382 0.374853
11280.000000 3.996537 21.597381 1.034705 0.380690
11300.000000 4.018140 21.679603 1.000755 0.386210
11320.000000 4.039049 21.762502 0.964526 0.391397
11340.000000 4.059112 21.846011 0.926029 0.396232
11360.000000 4.078171 21.930067 0.885293 0.400698
11380.000000 4.096065 22.014605 0.842365 0.404776
11400.000000 4.112636 22.099564 0.797315 0.408449
11420.000000 4.127727 22.184882 0.750232 0.411702
11440.000000 4.141190 22.270500 0.701229 0.414521
11460.000000 4.152886 22.356360 0.650442 0.416894
11480.000000 4.162693 22.442406 0.598031 0.418812
11500.000000 4.170505 22.528585 0.544178 0.420267
11520.000000 4.176236 22.614846 0.489090 0.421257
11540.000000 4.179823 22.701138 0.432990 0.421781
11560.000000 4.181225 22.787414 0.376122 0.421839
11580.000000 4.180427 22.873629 0.318743 0.421436
11600.000000 4.177438 22.959738 0.261118 0.420577
11620.000000 4.172292 23.045699 0.203519 0.419269
11640.000000 4.165044 23.131468 0.146216 0.417520
11660.000000 4.155772 23.217004 0.089474 0.415339
11680.000000 4.144574 23.302264 0.033546 0.412735
11700.000000 4.131566 23.387202 -0.021329 0.409718
11720.000000 4.116879 23.471774 -0.074930 0.406301
11740.000000 4.100656 23.555931 -0.127060 0.402495
11760.000000 4.083050 23.639625 -0.177545 0.398313
11780.000000 4.064222 23.722803 -0.226237 0.393772
11800.000000 4.044335 23.805412 -0.273013 0.388886
11820.000000 4.023554 23.887398 -0.317773 0.383671
11840.000000 4.002040 23.968702 -0.360445 0.378147
11860.000000 3.979952 24.049267 -0.400977 0.372329
11880.000000 3.957438 24.129033 -0.439337 0.366238
11900.000000 3.934642 24.207940 -0.475515 0.359890
11920.000000 3.911693 24.285928 -0.509517 0.353304
11940.000000 3.888712 24.362936 -0.541361 0.346497
11960.000000 3.865808 24.438902 -0.571082 0.339485
11980.000000 3.843076 24.513766 -0.598723 0.332284
12000.000000 3.820602 24.587469 -0.624338 0.324909
12020.000000 3.798460 24.659950 -0.647987 0.317374
12040.000000 3.776714 24.731150 -0.669736 0.309690
12060.000000 3.755417 24.801013 -0.689656 0.301869
12080.000000 3.734615 24.869480 -0.707822 0.293922
12100.000000 3.714345 24.936497 -0.724309 0.285859
12120.000000 3.694637 25.002009 -0.739195 0.277687
12140.000000 3.675518 25.065964 -0.752559 0.269415
12160.000000 3.657005 25.128308 -0.764478 0.261050
12180.000000 3.639114 25.188993 -0.775029 0.252598
12200.000000 3.621858 25.247969 -0.784290 0.244065
12220.000000 3.605243 25.305189 -0.792334 0.235456
12240.000000 3.589276 25.360607 -0.799233 0.226776
12260.000000 3.573961 25.414178 -0.805060 0.218028
12280.000000 3.559301 25.465860 -0.809883 0.209217
12300.000000 3.545295 25.515611 -0.813767 0.200347
12320.000000 3.531944 25.563391 -0.816777 0.191420
12340.000000 3.519248 25.609161 -0.818973 0.182440
12360.000000 3.507204 25.652886 -0.820415 0.173410
12380.000000 3.495812 25.694529 -0.821158 0.164332
12400.000000 3.485068 25.734058 -0.821256 0.155209
12420.000000 3.474972 25.771440 -0.820759 0.146043
12440.000000 3.465520 25.806644 -0.819716 0.136838
12460.000000 3.456711 25.839643 -0.818171 0.127594
12480.000000 3.448541 25.870410 -0.816167 0.118316
12500.000000 3.441011 25.898918 -0.813744 0.109004
12520.000000 3.434116 25.925144 -0.810938 0.099661
12540.000000 3.427856 25.949068 -0.807785 0.090289
12560.000000 3.422230 25.970668 -0.804315 0.080891
12580.000000 3.417235 25.989926 -0.800556 0.071469
12600.000000 3.412870 26.006827 -0.796536 0.062024
12620.000000 3.409136 26.021355 -0.792276 0.052559
12640.000000 3.406031 26.033498 -0.787796 0.043077
12660.000000 3.403555 26.043245 -0.783115 0.033578
12680.000000 3.401708 26.050588 -0.778245 0.024066
12700.000000 3.400489 26.055518 -0.773199 0.014543
12720.000000 3.399900 26.058032 -0.767983 0.005011
12740.000000 3.399941 26.058126 -0.762605 -0.004528
12760.000000 3.400613 26.055798 -0.757064 -0.014071
12780.000000 3.401917 26.051050 -0.751361 -0.023616
12800.000000 3.403855 26.043885 -0.745491 -0.033160
12820.000000 3.406427 26.034307 -0.739447 -0.042701
12840.000000 3.409635 26.022323 -0.733217 -0.052237
12860.000000 3.413482 26.007943 -0.726788 -0.061763
12880.000000 3.417968 25.991177 -0.720142 -0.071278
12900.000000 3.423095 25.972038 -0.713259 -0.080778
12920.000000 3.428865 25.950542 -0.706114 -0.090259
12940.000000 3.435280 25.926706 -0.698678 -0.099719
12960.000000 3.442339 25.900551 -0.690922 -0.109152
12980.000000 3.450044 25.872097 -0.682810 -0.118556
13000.000000 3.458394 25.841370 -0.674304 -0.127925
13020.000000 3.467388 25.808396 -0.665362 -0.137255
13040.000000 3.477024 25.773204 -0.655938 -0.146540
13060.000000 3.487300 25.735825 -0.645984 -0.155775
13080.000000 3.498208 25.696293 -0.635448 -0.164953
13100.000000 3.509745 25.654643 -0.624275 -0.174069
13120.000000 3.521899 25.610916 -0.612406 -0.183114
13140.000000 3.534659 25.565152 -0.599780 -0.192082
13160.000000 3.548012 25.517394 -0.586332 -0.200963
13180.000000 3.561938 25.467689 -0.571999 -0.209748
13200.000000 3.576416 25.416085 -0.556710 -0.218429
13220.000000 3.591419 25.362633 -0.540399 -0.226993
13240.000000 3.606914 25.307388 -0.522994 -0.235430
13260.000000 3.622865 25.250404 -0.504426 -0.243728
13280.000000 3.639228 25.191740 -0.484628 -0.251873
13300.000000 3.655951 25.131457 -0.463531 -0.259852
13320.000000 3.672977 25.069617 -0.441074 -0.267650
13340.000000 3.690238 25.006284 -0.417195 -0.275251
13360.000000 3.707661 24.941525 -0.391843 -0.282639
13380.000000 3.725162 24.875409 -0.364970 -0.289797
13400.000000 3.742648 24.808004 -0.336540 -0.296707
13420.000000 3.760020 24.739381 -0.306524 -0.303350
13440.000000 3.777167 24.669613 -0.274909 -0.309707
13460.000000 3.793973 24.598771 -0.241695 -0.315760
13480.000000 3.810315 24.526928 -0.206895 -0.321489
13500.000000 3.826063 24.454159 -0.170542 -0.326874
13520.000000 3.841085 24.380537 -0.132688 -0.331896
13540.000000 3.855246 24.306135 -0.093401 -0.336536
13560.000000 3.868411 24.231026 -0.052774 -0.340776
13580.000000 3.880451 24.155284 -0.010916 -0.344599
13600.000000 3.891238 24.078980 0.032043 -0.347987
13620.000000 3.900655 24.002187 0.075952 -0.350926
13640.000000 3.908597 23.924977 0.120645 -0.353402
13660.000000 3.914970 23.847420 0.165940 -0.355402
13680.000000 3.919697 23.769589 0.211643 -0.356915
13700.000000 3.922722 23.691555 0.257552 -0.357933
13720.000000 3.924003 23.613388 0.303457 -0.358449
13740.000000 3.923524 23.535163 0.349149 -0.358457
13760.000000 3.921287 23.456952 0.394420 -0.357955
13780.000000 3.917317 23.378829 0.439070 -0.356943
13800.000000 3.911659 23.300869 0.482906 -0.355424
13820.000000 3.904377 23.223149 0.525751 -0.353400
13840.000000 3.895552 23.145747 0.567443 -0.350881
13860.000000 3.885284 23.068742 0.607836 -0.347875
13880.000000 3.873680 22.992213 0.646807 -0.344395
13900.000000 3.860862 22.916244 0.684251 -0.340453
13920.000000 3.846958 22.840915 0.720085 -0.336064
13940.000000 3.832099 22.766310 0.754246 -0.331247
13960.000000 3.816420 22.692512 0.786693 -0.326017
13980.000000 3.800055 22.619606 0.817402 -0.320394
14000.000000 3.783134 22.547675 0.846369 -0.314397
14020.000000 3.765786 22.476803 0.873604 -0.308045
14040.000000 3.748132 22.407074 0.899135 -0.301357
14060.000000 3.730287 22.338571 0.923000 -0.294352
14080.000000 3.712359 22.271375 0.945250 -0.287050
14100.000000 3.694446 22.205567 0.965944 -0.279467
14120.000000 3.676640 22.141228 0.985151 -0.271623
14140.000000 3.659026 22.078434 1.002944 -0.263534
14160.000000 3.641677 22.017262 1.019401 -0.255216
14180.000000 3.624661 21.957786 1.034605 -0.246686
14200.000000 3.608040 21.900080 1.048640 -0.237958
14220.000000 3.591866 21.844212 1.061589 -0.229046
14240.000000 3.576186 21.790250 1.073539 -0.219965
14260.000000 3.561041 21.738259 1.084573 -0.210727
14280.000000 3.546467 21.688303 1.094773 -0.201343
14300.000000 3.532496 21.640441 1.104219 -0.191826
14320.000000 3.519154 21.594730 1.112990 -0.182186
14340.000000 3.506463 21.551224 1.121159 -0.172433
14360.000000 3.494443 21.509976 1.128798 -0.162576
14380.000000 3.483111 21.471033 1.135973 -0.152625
14400.000000 3.472479 21.434442 1.142749 -0.142587
14420.000000 3.462559 21.400246 1.149184 -0.132470
14440.000000 3.453361 21.368484 1.155335 -0.122282
14460.000000 3.444893 21.339194 1.161250 -0.112029
14480.000000 3.437161 21.312409 1.166978 -0.101718
14500.000000 3.430170 21.288162 1.172560 -0.091355
14520.000000 3.423925 21.266480 1.178035 -0.080945
14540.000000 3.418428 21.247388 1.183435 -0.070494
14560.000000 3.413684 21.230910 1.188790 -0.060007
14580.000000 3.409694 21.217065 1.194126 -0.049490
14600.000000 3.406461 21.205869 1.199462 -0.038946
14620.000000 3.403987 21.197337 1.204815 -0.028380
14640.000000 3.402273 21.191479 1.210197 -0.017797
14660.000000 3.401320 21.188304 1.215618 -0.007201
14680.000000 3.401131 21.187816 1.221080 0.003403
14700.000000 3.401706 21.190017 1.226584 0.014011
14720.000000 3.403047 21.194908 1.232126 0.024619
14740.000000 3.405154 21.202483 1.237698 0.035222
14760.000000 3.408030 21.212738 1.243289 0.045816
14780.000000 3.411674 21.225661 1.248882 0.056396
14800.000000 3.416088 21.241242 1.254458 0.066958
14820.000000 3.421273 21.259464 1.259994 0.077497
14840.000000 3.427227 21.280308 1.265462 0.088009
14860.000000 3.433952 21.303755 1.270832 0.098487
14880.000000 3.441446 21.329779 1.276070 0.108928
14900.000000 3.449709 21.358354 1.281136 0.119326
14920.000000 3.458738 21.389450 1.285989 0.129675
14940.000000 3.468532 21.423033 1.290584 0.139971
14960.000000 3.479088 21.459070 1.294872 0.150207
14980.000000 3.490400 21.497520 1.298800 0.160378
15000.000000 3.502465 21.538344 1.302314 0.170478
15020.000000 3.515276 21.581497 1.305353 0.180500
15040.000000 3.528825 21.626935 1.307856 0.190440
15060.000000 3.543104 21.674609 1.309758 0.200290
15080.000000 3.558104 21.724467 1.310990 0.210044
15100.000000 3.573811 21.776457 1.311481 0.219696
15120.000000 3.590212 21.830525 1.311156 0.229239
15140.000000 3.607292 21.886613 1.309940 0.238666
15160.000000 3.625033 21.944662 1.307753 0.247972
15180.000000 3.643415 22.004613 1.304513 0.257148
15200.000000 3.662414 22.066403 1.300139 0.266188
15220.000000 3.682006 22.129968 1.294543 0.275085
15240.000000 3.702159 22.195245 1.287641 0.283831
15260.000000 3.722842 22.262167 1.279345 0.292418
15280.000000 3.744016 22.330668 1.269567 0.300838
15300.000000 3.765640 22.400680 1.258219 0.309083
15320.000000 3.787665 22.472136 1.245215 0.317144
15340.000000 3.810037 22.544965 1.230469 0.325011
15360.000000 3.832695 22.619100 1.213898 0.332675
15380.000000 3.855570 22.694471 1.195422 0.340125
15400.000000 3.878587 22.771008 1.174965 0.347349
15420.000000 3.901659 22.848642 1.152458 0.354335
15440.000000 3.924691 22.927304 1.127837 0.361070
15460.000000 3.947577 23.006925 1.101047 0.367540
15480.000000 3.970202 23.087436 1.072043 0.373730
15500.000000 3.992441 23.168770 1.040789 0.379624
15520.000000 4.014157 23.250859 1.007263 0.385205
15540.000000 4.035207 23.333637 0.971459 0.390455
15560.000000 4.055440 23.417037 0.933384 0.395357
15580.000000 4.074698 23.500996 0.893063 0.399893
15600.000000 4.092822 23.585449 0.850540 0.404045
15620.000000 4.109651 23.670334 0.805880 0.407795
15640.000000 4.125030 23.755589 0.759168 0.411128
15660.000000 4.138807 23.841155 0.710514 0.414029
15680.000000 4.150843 23.926974 0.660048 0.416486
15700.000000 4.161012 24.012990 0.607927 0.418489
15720.000000 4.169203 24.099149 0.554328 0.420031
15740.000000 4.175328 24.185398 0.499454 0.421108
15760.000000 4.179319 24.271687 0.443525 0.421718
15780.000000 4.181130 24.357970 0.386781 0.421863
15800.000000 4.180743 24.444200 0.329477 0.421546
15820.000000 4.178161 24.530332 0.271878 0.420772
15840.000000 4.173414 24.616324 0.214253 0.419547
15860.000000 4.166553 24.702132 0.156875 0.417880
15880.000000 4.157651 24.787715 0.100008 0.415778
15900.000000 4.146805 24.873029 0.043910 0.413252
15920.000000 4.134125 24.958031 -0.011179 0.410312
15940.000000 4.119741 25.042675 -0.065033 0.406968
15960.000000 4.103793 25.126913 -0.117452 0.403234
15980.000000 4.086433 25.210697 -0.168256 0.399122
16000.000000 4.067821 25.293976 -0.217293 0.394646
16020.000000 4.048119 25.376695 -0.264434 0.389823
16040.000000 4.027492 25.458801 -0.309577 0.384669
16060.000000 4.006103 25.540237 -0.352643 0.379200
16080.000000 3.984110 25.620944 -0.393577 0.373436
16100.000000 3.961665 25.700864 -0.432344 0.367395
16120.000000 3.938911 25.779936 -0.468930 0.361093
16140.000000 3.915981 25.858100 -0.503336 0.354550
16160.000000 3.892998 25.935295 -0.535581 0.347783
16180.000000 3.870071 26.011461 -0.565695 0.340808
16200.000000 3.847301 26.086535 -0.593721 0.333642
16220.000000 3.824773 26.160459 -0.619709 0.326298
16240.000000 3.802564 26.233172 -0.643720 0.318792
16260.000000 3.780739 26.304616 -0.665818 0.311134
16280.000000 3.759355 26.374733 -0.686074 0.303338
16300.000000 3.738457 26.443465 -0.704561 0.295414
16320.000000 3.718085 26.510757 -0.721356 0.287372
16340.000000 3.698271 26.576554 -0.736535 0.279220
16360.000000 3.679040 26.640803 -0.750177 0.270966
16380.000000 3.660413 26.703452 -0.762360 0.262618
16400.000000 3.642405 26.764450 -0.773161 0.254182
16420.000000 3.625029 26.823749 -0.782656 0.245664
16440.000000 3.608294 26.881300 -0.790921 0.237068
16460.000000 3.592206 26.937057 -0.798029 0.228401
16480.000000 3.576770 26.990977 -0.804051 0.219666
16500.000000 3.561987 27.043014 -0.809056 0.210866
16520.000000 3.547859 27.093128 -0.813110 0.202007
16540.000000 3.534386 27.141279 -0.816279 0.193090
16560.000000 3.521568 27.187427 -0.818622 0.184120
16580.000000 3.509402 27.231536 -0.820201 0.175099
16600.000000 3.497889 27.273571 -0.821070 0.166029
16620.000000 3.487024 27.313496 -0.821284 0.156914
16640.000000 3.476807 27.351281 -0.820895 0.147757
16660.000000 3.467235 27.386894 -0.819950 0.138558
16680.000000 3.458306 27.420307 -0.818495 0.129322
16700.000000 3.450017 27.451492 -0.816574 0.120050
16720.000000 3.442368 27.480423 -0.814226 0.110744
16740.000000 3.435355 27.507077 -0.811489 0.101407
16760.000000 3.428976 27.531432 -0.808398 0.092040
16780.000000 3.423232 27.553467 -0.804985 0.082647
16800.000000 3.418119 27.573164 -0.801278 0.073229
16820.000000 3.413637 27.590505 -0.797305 0.063788
16840.000000 3.409785 27.605477 -0.793088 0.054327
16860.000000 3.406563 27.618067 -0.788648 0.044847
16880.000000 3.403969 27.628262 -0.784003 0.035352
16900.000000 3.402005 27.636053 -0.779168 0.025842
16920.000000 3.400669 27.641434 -0.774153 0.016321
16940.000000 3.399962 27.644399 -0.768969 0.006791
16960.000000 3.399886 27.644945 -0.763621 -0.002747
16980.000000 3.400440 27.643069 -0.758110 -0.012290
17000.000000 3.401626 27.638773 -0.752438 -0.021835
17020.000000 3.403445 27.632058 -0.746600 -0.031379
17040.000000 3.405899 27.622930 -0.740588 -0.040921
17060.000000 3.408988 27.611395 -0.734394 -0.050458
17080.000000 3.412715 27.597461 -0.728004 -0.059986
17100.000000 3.417082 27.581139 -0.721400 -0.069504
17120.000000 3.422090 27.562442 -0.714563 -0.079006
17140.000000 3.427740 27.541384 -0.707468 -0.088491
17160.000000 3.434034 27.517984 -0.700089 -0.097955
17180.000000 3.440973 27.492260 -0.692395 -0.107394
17200.000000 3.448557 27.464233 -0.684353 -0.116804
17220.000000 3.456787 27.433929 -0.675923 -0.126179
17240.000000 3.465661 27.401372 -0.667065 -0.135517
17260.000000 3.475178 27.366591 -0.657735 -0.144811
17280.000000 3.485334 27.329618 -0.647884 -0.154055
17300.000000 3.496125 27.290484 -0.637461 -0.163245
17320.000000 3.507545 27.249228 -0.626411 -0.172373
17340.000000 3.519584 27.205885 -0.614676 -0.181432
17360.000000 3.532233 27.160498 -0.602196 -0.190415
17380.000000 3.545476 27.113108 -0.588907 -0.199313
17400.000000 3.559297 27.063763 -0.574744 -0.208117
17420.000000 3.573674 27.012510 -0.559639 -0.216817
17440.000000 3.588581 26.959399 -0.543523 -0.225404
17460.000000 3.603987 26.904484 -0.526328 -0.233866
17480.000000 3.619856 26.847820 -0.507983 -0.242191
17500.000000 3.636145 26.789465 -0.488419 -0.250365
17520.000000 3.652806 26.729479 -0.467570 -0.258377
17540.000000 3.669779 26.667925 -0.445371 -0.266209
17560.000000 3.687002 26.604866 -0.421762 -0.273848
17580.000000 3.704401 26.540368 -0.396688 -0.281277
17600.000000 3.721894 26.474500 -0.370102 -0.288479
17620.000000 3.739391 26.407330 -0.341965 -0.295437
17640.000000 3.756792 26.338929 -0.312247 -0.302131
17660.000000 3.773989 26.269369 -0.280931 -0.308544
17680.000000 3.790869 26.198722 -0.248014 -0.314655
17700.000000 3.807307 26.127061 -0.213508 -0.320445
17720.000000 3.823176 26.054459 -0.177442 -0.325896
17740.000000 3.838343 25.980990 -0.139863 -0.330987
17760.000000 3.852675 25.906728 -0.100837 -0.335700
17780.000000 3.866036 25.831746 -0.060452 -0.340016
17800.000000 3.878295 25.756116 -0.018814 -0.343918
17820.000000 3.889325 25.679912 0.023949 -0.347388
17840.000000 3.899007 25.603205 0.067693 -0.350412
17860.000000 3.907231 25.526067 0.112253 -0.352976
17880.000000 3.913903 25.448569 0.157451 -0.355065
17900.000000 3.918943 25.370784 0.203093 -0.356670
17920.000000 3.922289 25.292782 0.248979 -0.357781
17940.000000 3.923897 25.214635 0.294901 -0.358391
17960.000000 3.923747 25.136415 0.340648 -0.358494
17980.000000 3.921837 25.058195 0.386013 -0.358088
18000.000000 3.918187 24.980050 0.430794 -0.357171
18020.000000 3.912840 24.902054 0.474796 -0.355746
18040.000000 3.905855 24.824284 0.517839 -0.353816
18060.000000 3.897312 24.746816 0.559757 -0.351389
18080.000000 3.887305 24.669731 0.600403 -0.348473
18100.000000 3.875941 24.593108 0.639647 -0.345080
18120.000000 3.863341 24.517027 0.677383 -0.341223
18140.000000 3.849629 24.441573 0.713523 -0.336916
18160.000000 3.834938 24.366826 0.748000 -0.332177
18180.000000 3.819402 24.292872 0.780769 -0.327023
18200.000000 3.803155 24.219793 0.811804 -0.321473
18220.000000 3.786328 24.147673 0.841095 -0.315544
18240.000000 3.769050 24.076598 0.868652 -0.309257
18260.000000 3.751445 24.006649 0.894498 -0.302630
18280.000000 3.733627 23.937911 0.918671 -0.295683
18300.000000 3.715706 23.870465 0.941217 -0.288434
18320.000000 3.697783 23.804392 0.962197 -0.280903
18340.000000 3.679951 23.739772 0.981676 -0.273106
18360.000000 3.662295 23.676684 0.999727 -0.265061
18380.000000 3.644891 23.615204 1.016428 -0.256785
18400.000000 3.627809 23.555406 1.031859 -0.248293
18420.000000 3.611109 23.497364 1.046106 -0.239601
18440.000000 3.594848 23.441148 1.059251 -0.230723
18460.000000 3.579072 23.386825 1.071381 -0.221672
18480.000000 3.563825 23.334462 1.082579 -0.212462
18500.000000 3.549142 23.284121 1.092929 -0.203105
18520.000000 3.535057 23.235864 1.102510 -0.193612
18540.000000 3.521595 23.189747 1.111401 -0.183994
18560.000000 3.508781 23.145826 1.119677 -0.174261
18580.000000 3.496635 23.104153 1.127409 -0.164423
18600.000000 3.485173 23.064776 1.134666 -0.154489
18620.000000 3.474409 23.027743 1.141512 -0.144466
18640.000000 3.464356 22.993097 1.148007 -0.134364
18660.000000 3.455023 22.960877 1.154206 -0.124188
18680.000000 3.446418 22.931123 1.160162 -0.113947
18700.000000 3.438548 22.903869 1.165922 -0.103646
18720.000000 3.431418 22.879146 1.171528 -0.093292
18740.000000 3.425033 22.856983 1.177020 -0.082891
18760.000000 3.419397 22.837406 1.182432 -0.072447
18780.000000 3.414512 22.820439 1.187793 -0.061967
18800.000000 3.410382 22.806101 1.193131 -0.051454
18820.000000 3.407007 22.794410 1.198465 -0.040915
18840.000000 3.404391 22.785380 1.203814 -0.030353
18860.000000 3.402535 22.779022 1.209190 -0.019773
18880.000000 3.401440 22.775345 1.214603 -0.009179
18900.000000 3.401108 22.774356 1.220057 0.001423
18920.000000 3.401541 22.776055 1.225554 0.012031
18940.000000 3.402738 22.780444 1.231089 0.022639
18960.000000 3.404703 22.787519 1.236657 0.033244
18980.000000 3.407435 22.797274 1.242245 0.043840
19000.000000 3.410936 22.809701 1.247839 0.054423
19020.000000 3.415206 22.824786 1.253420 0.064989
19040.000000 3.420247 22.842516 1.258965 0.075532
19060.000000 3.426057 22.862873 1.264448 0.086049
19080.000000 3.432638 22.885836 1.269839 0.096534
19100.000000 3.439989 22.911381 1.275104 0.106983
19120.000000 3.448109 22.939482 1.280205 0.117389
19140.000000 3.456995 22.970110 1.285101 0.127748
19160.000000 3.466647 23.003232 1.289748 0.138054
19180.000000 3.477060 23.038813 1.294097 0.148302
19200.000000 3.488232 23.076816 1.298097 0.158485
19220.000000 3.500157 23.117200 1.301692 0.168599
19240.000000 3.512829 23.159923 1.304825 0.178636
19260.000000 3.526241 23.204938 1.307433 0.188591
19280.000000 3.540385 23.252198 1.309452 0.198458
19300.000000 3.555250 23.301652 1.310814 0.208231
19320.000000 3.570826 23.353249 1.311449 0.217902
19340.000000 3.587099 23.406933 1.311282 0.227466
19360.000000 3.604054 23.462649 1.310238 0.236916
19380.000000 3.621673 23.520336 1.308238 0.246245
19400.000000 3.639937 23.579937 1.305202 0.255446
19420.000000 3.658823 23.641388 1.301045 0.264512
19440.000000 3.678306 23.704627 1.295684 0.273436
19460.000000 3.698357 23.769590 1.289032 0.282210
19480.000000 3.718944 23.836210 1.281003 0.290828
19500.000000 3.740030 23.904421 1.271508 0.299280
19520.000000 3.761573 23.974157 1.260460 0.307558
19540.000000 3.783527 24.045348 1.247771 0.315654
19560.000000 3.805838 24.117926 1.233356 0.323558
19580.000000 3.828448 24.191823 1.217132 0.331261
19600.000000 3.851288 24.266968 1.199017 0.338751
19620.000000 3.874285 24.343293 1.178936 0.346018
19640.000000 3.897354 24.420727 1.156817 0.353050
19660.000000 3.920401 24.499203 1.132595 0.359833
19680.000000 3.943322 24.578650 1.106213 0.366354
19700.000000 3.966006 24.659000 1.077625 0.372597
19720.000000 3.988326 24.740186 1.046793 0.378547
19740.000000 4.010150 24.822139 1.013693 0.384188
19760.000000 4.031336 24.904793 0.978313 0.389501
19780.000000 4.051733 24.988082 0.940660 0.394470
19800.000000 4.071185 25.071942 0.900756 0.399075
19820.000000 4.089533 25.156307 0.858639 0.403300
19840.000000 4.106616 25.241116 0.814372 0.407126
19860.000000 4.122277 25.326307 0.768036 0.410538
19880.000000 4.136364 25.411820 0.719735 0.413521
19900.000000 4.148735 25.497596 0.669596 0.416061
19920.000000 4.159261 25.583579 0.617771 0.418150
19940.000000 4.167829 25.669715 0.564434 0.419778
19960.000000 4.174345 25.755951 0.509781 0.420942
19980.000000 4.178738 25.842237 0.454031 0.421640
20000.000000 4.180959 25.928524 0.397420 0.421872
20020.000000 4.180982 26.014767 0.340201 0.421640
20040.000000 4.178809 26.100921 0.282637 0.420951
20060.000000 4.174462 26.186942 0.224996 0.419810
20080.000000 4.167990 26.272788 0.167551 0.418224
20100.000000 4.159463 26.358416 0.110569 0.416203
20120.000000 4.148972 26.443784 0.054309 0.413755
20140.000000 4.136625 26.528848 -0.000986 0.410892
20160.000000 4.122548 26.613562 -0.055086 0.407622
20180.000000 4.106881 26.697879 -0.107787 0.403960
20200.000000 4.089773 26.781752 -0.158905 0.399917
20220.000000 4.071382 26.865129 -0.208283 0.395508
20240.000000 4.051871 26.947957 -0.255786 0.390749
20260.000000 4.031404 27.030181 -0.301309 0.385655
20280.000000 4.010145 27.111747 -0.344767 0.380244
20300.000000 3.988253 27.192594 -0.386102 0.374534
20320.000000 3.965881 27.272665 -0.425275 0.368542
20340.000000 3.943175 27.351900 -0.462268 0.362288
20360.000000 3.920268 27.430239 -0.497080 0.355789
20380.000000 3.897286 27.507619 -0.529726 0.349062
20400.000000 3.874341 27.583981 -0.560235 0.342125
20420.000000 3.851534 27.659264 -0.588647 0.334993
20440.000000 3.828955 27.733407 -0.615011 0.327681
20460.000000 3.806681 27.806351 -0.639386 0.320204
20480.000000 3.784780 27.878036 -0.661836 0.312574
20500.000000 3.763310 27.948404 -0.682431 0.304803
20520.000000 3.742318 28.017399 -0.701242 0.296902
20540.000000 3.721845 28.084964 -0.718347 0.288881
20560.000000 3.701925 28.151044 -0.733821 0.280749
20580.000000 3.682583 28.215586 -0.747744 0.272514
20600.000000 3.663842 28.278537 -0.760193 0.264183
20620.000000 3.645718 28.339848 -0.771246 0.255763
20640.000000 3.628224 28.399467 -0.780980 0.247259
20660.000000 3.611368 28.457348 -0.789469 0.238678
20680.000000 3.595159 28.513444 -0.796788 0.230024
20700.000000 3.579601 28.567709 -0.803007 0.221301
20720.000000 3.564696 28.620101 -0.808196 0.212513
20740.000000 3.550446 28.670577 -0.812423 0.203664
20760.000000 3.536851 28.719097 -0.815752 0.194758
20780.000000 3.523910 28.765622 -0.818245 0.185798
20800.000000 3.511623 28.810115 -0.819962 0.176786
20820.000000 3.499988 28.852539 -0.820959 0.167725
20840.000000 3.489002 28.892860 -0.821292 0.158619
20860.000000 3.478665 28.931047 -0.821011 0.149469
20880.000000 3.468972 28.967068 -0.820166 0.140278
20900.000000 3.459923 29.000893 -0.818803 0.131048
20920.000000 3.451516 29.032496 -0.816966 0.121783
20940.000000 3.443747 29.061849 -0.814695 0.112483
20960.000000 3.436615 29.088930 -0.812028 0.103151
20980.000000 3.430118 29.113716 -0.809000 0.093790
21000.000000 3.424256 29.136185 -0.805645 0.084402
21020.000000 3.419025 29.156319 -0.801991 0.074988
21040.000000 3.414426 29.174102 -0.798065 0.065551
21060.000000 3.410456 29.189517 -0.793892 0.056094
21080.000000 3.407116 29.202552 -0.789493 0.046618
21100.000000 3.404406 29.213194 -0.784885 0.037125
21120.000000 3.402324 29.221435 -0.780084 0.027618
21140.000000 3.400870 29.227266 -0.775102 0.018099
21160.000000 3.400047 29.230683 -0.769949 0.008570
21180.000000 3.399852 29.231680 -0.764631 -0.000967
21200.000000 3.400289 29.230256 -0.759151 -0.010509
21220.000000 3.401357 29.226411 -0.753509 -0.020053
21240.000000 3.403058 29.220148 -0.747702 -0.029598
21260.000000 3.405393 29.211470 -0.741724 -0.039141
21280.000000 3.408363 29.200383 -0.735565 -0.048679
21300.000000 3.411971 29.186896 -0.729212 -0.058209
21320.000000 3.416219 29.171018 -0.722649 -0.067729
21340.000000 3.421106 29.152763 -0.715857 -0.077234
21360.000000 3.426637 29.132145 -0.708813 -0.086723
21380.000000 3.432810 29.109181 -0.701489 -0.096191
21400.000000 3.439629 29.083889 -0.693857 -0.105635
21420.000000 3.447093 29.056290 -0.685882 -0.115050
21440.000000 3.455202 29.026409 -0.677527 -0.124432
21460.000000 3.463956 28.994270 -0.668753 -0.133777
21480.000000 3.473353 28.959902 -0.659514 -0.143080
21500.000000 3.483390 28.923335 -0.649765 -0.152334
21520.000000 3.494063 28.884602 -0.639452 -0.161535
21540.000000 3.505366 28.843739 -0.628523 -0.170675
21560.000000 3.517291 28.800783 -0.616921 -0.179747
21580.000000 3.529827 28.755774 -0.604585 -0.188745
21600.000000 3.542960 28.708755 -0.591451 -0.197659
21620.000000 3.556675 28.659771 -0.577456 -0.206481
21640.000000 3.570950 28.608870 -0.562532 -0.215202
21660.000000 3.585760 28.556101 -0.546611 -0.223811
21680.000000 3.601076 28.501519 -0.529622 -0.232297
21700.000000 3.616861 28.445177 -0.511496 -0.240648
21720.000000 3.633076 28.387133 -0.492165 -0.248852
21740.000000 3.649671 28.327447 -0.471561 -0.256895
21760.000000 3.666591 28.266181 -0.449618 -0.264762
21780.000000 3.683773 28.203398 -0.426277 -0.272438
21800.000000 3.701145 28.139163 -0.401481 -0.279908
21820.000000 3.718626 28.073546 -0.375180 -0.287154
21840.000000 3.736130 28.006613 -0.347335 -0.294158
21860.000000 3.753556 27.938437 -0.317913 -0.300903
21880.000000 3.770801 27.869087 -0.286896 -0.307369
21900.000000 3.787748 27.798638 -0.254278 -0.313538
21920.000000 3.804278 27.727160 -0.220067 -0.319390
21940.000000 3.820263 27.654728 -0.184289 -0.324906
21960.000000 3.835572 27.581416 -0.146988 -0.330065
21980.000000 3.850070 27.507296 -0.108226 -0.334850
22000.000000 3.863623 27.432443 -0.068087 -0.339242
22020.000000 3.876097 27.356928 -0.026674 -0.343222
22040.000000 3.887366 27.280826 0.015890 -0.346774
22060.000000 3.897307 27.204207 0.059463 -0.349883
22080.000000 3.905811 27.127144 0.103884 -0.352533
22100.000000 3.912780 27.049708 0.148976 -0.354712
22120.000000 3.918129 26.971971 0.194551 -0.356408
22140.000000 3.921795 26.894004 0.240407 -0.357612
22160.000000 3.923730 26.815879 0.286338 -0.358316
22180.000000 3.923909 26.737667 0.332134 -0.358514
22200.000000 3.922326 26.659442 0.377586 -0.358202
22220.000000 3.918999 26.581277 0.422491 -0.357381
22240.000000 3.913964 26.503247 0.466652 -0.356050
22260.000000 3.907279 26.425429 0.509887 -0.354214
22280.000000 3.899020 26.347899 0.552027 -0.351879
22300.000000 3.889278 26.270736 0.592920 -0.349054
22320.000000 3.878160 26.194021 0.632436 -0.345749
22340.000000 3.865780 26.117833 0.670460 -0.341977
22360.000000 3.852266 26.042255 0.706903 -0.337753
22380.000000 3.837748 25.967370 0.741695 -0.333094
22400.000000 3.822359 25.893261 0.774785 -0.328016
22420.000000 3.806234 25.820013 0.806145 -0.322538
22440.000000 3.789506 25.747708 0.835761 -0.316678
22460.000000 3.772303 25.676431 0.863641 -0.310456
22480.000000 3.754750 25.606266 0.889804 -0.303891
22500.000000 3.736963 25.537296 0.914285 -0.297003
22520.000000 3.719053 25.469602 0.937131 -0.289809
22540.000000 3.701124 25.403267 0.958398 -0.282329
22560.000000 3.683268 25.338370 0.978152 -0.274580
22580.000000 3.665573 25.274990 0.996463 -0.266580
22600.000000 3.648116 25.213204 1.013410 -0.258346
22620.000000 3.630969 25.153087 1.029072 -0.249893
22640.000000 3.614194 25.094712 1.043533 -0.241237
22660.000000 3.597847 25.038149 1.056878 -0.232393
22680.000000 3.581977 24.983468 1.069191 -0.223374
22700.000000 3.566628 24.930735 1.080557 -0.214192
22720.000000 3.551838 24.880012 1.091058 -0.204862
22740.000000 3.537638 24.831362 1.100777 -0.195393
22760.000000 3.524059 24.784841 1.109790 -0.185798
22780.000000 3.511122 24.740506 1.118176 -0.176086
22800.000000 3.498850 24.698409 1.126004 -0.166266
22820.000000 3.487259 24.658601 1.133345 -0.156349
22840.000000 3.476364 24.621127 1.140263 -0.146343
22860.000000 3.466177 24.586032 1.146819 -0.136255
22880.000000 3.456709 24.553357 1.153069 -0.126092
22900.000000 3.447968 24.523140 1.159067 -0.115863
22920.000000 3.439960 24.495417 1.164860 -0.105573
22940.000000 3.432692 24.470219 1.170492 -0.095228
22960.000000 3.426168 24.447576 1.176002 -0.084835
22980.000000 3.420392 24.427515 1.181426 -0.074399
23000.000000 3.415367 24.410059 1.186795 -0.063925
23020.000000 3.411095 24.395229 1.192135 -0.053418
23040.000000 3.407579 24.383043 1.197469 -0.042884
23060.000000 3.404822 24.373515 1.202814 -0.032325
23080.000000 3.402824 24.366658 1.208184 -0.021748
23100.000000 3.401587 24.362481 1.213590 -0.011157
23120.000000 3.401112 24.360989 1.219036 -0.000556
23140.000000 3.401402 24.362187 1.224525 0.010051
23160.000000 3.402457 24.366074 1.230054 0.020660
23180.000000 3.404278 24.372648 1.235616 0.031265
23200.000000 3.406867 24.381904 1.241201 0.041863
23220.000000 3.410224 24.393832 1.246795 0.052449
23240.000000 3.414351 24.408423 1.252380 0.063018
23260.000000 3.419248 24.425661 1.257934 0.073567
23280.000000 3.424915 24.445529 1.263431 0.084089
23300.000000 3.431352 24.468007 1.268842 0.094580
23320.000000 3.438559 24.493073 1.274133 0.105036
23340.000000 3.446535 24.520699 1.279268 0.115451
23360.000000 3.455279 24.550857 1.284205 0.125819
23380.000000 3.464788 24.583516 1.288902 0.136135
23400.000000 3.475059 24.618641 1.293311 0.146394
23420.000000 3.486090 24.656195 1.297380 0.156590
23440.000000 3.497874 24.696138 1.301055 0.166717
23460.000000 3.510408 24.738428 1.304278 0.176769
23480.000000 3.523682 24.783019 1.306989 0.186740
23500.000000 3.537690 24.829863 1.309123 0.196624
23520.000000 3.552422 24.878912 1.310613 0.206415
23540.000000 3.567866 24.930113 1.311389 0.216106
23560.000000 3.584010 24.983412 1.311377 0.225690
23580.000000 3.600839 25.038753 1.310503 0.235162
23600.000000 3.618336 25.096077 1.308688 0.244514
23620.000000 3.636481 25.155325 1.305851 0.253739
23640.000000 3.655253 25.216436 1.301910 0.262831
23660.000000 3.674626 25.279346 1.296780 0.271782
23680.000000 3.694574 25.343992 1.290375 0.280585
23700.000000 3.715063 25.410308 1.282610 0.289232
23720.000000 3.736059 25.478228 1.273395 0.297715
23740.000000 3.757520 25.547684 1.262643 0.306027
23760.000000 3.779401 25.618608 1.250267 0.314157
23780.000000 3.801650 25.690933 1.236181 0.322098
23800.000000 3.824209 25.764589 1.220301 0.329839
23820.000000 3.847012 25.839506 1.202545 0.337370
23840.000000 3.869986 25.915616 1.182836 0.344680
23860.000000 3.893048 25.992849 1.161102 0.351756
23880.000000 3.916106 26.071135 1.137277 0.358587
23900.000000 3.939060 26.150406 1.111303 0.365157
23920.000000 3.961796 26.230594 1.083129 0.371454
23940.000000 3.984194 26.311628 1.052718 0.377460
23960.000000 4.006122 26.393443 1.020042 0.383160
23980.000000 4.027438 26.475972 0.985089 0.388535
24000.000000 4.047994 26.559147 0.947859 0.393570
24020.000000 4.067634 26.642905 0.908372 0.398244
24040.000000 4.086200 26.727181 0.866664 0.402541
24060.000000 4.103532 26.811912 0.822793 0.406443
24080.000000 4.119470 26.897036 0.776835 0.409934
24100.000000 4.133862 26.982493 0.728892 0.412997
24120.000000 4.146563 27.068225 0.679086 0.415621
24140.000000 4.157442 27.154174 0.627562 0.417795
24160.000000 4.166383 27.240285 0.574493 0.419510
24180.000000 4.173289 27.326506 0.520070 0.420761
24200.000000 4.178082 27.412786 0.464507 0.421545
24220.000000 4.180711 27.499077 0.408039 0.421864
24240.000000 4.181145 27.585332 0.350913 0.421718
24260.000000 4.179380 27.671505 0.293393 0.421114
24280.000000 4.175436 27.757555 0.235746 0.420056
24300.000000 4.169356 27.843436 0.178244 0.418553
24320.000000 4.161207 27.929109 0.121156 0.416613
24340.000000 4.151074 28.014528 0.064741 0.414244
24360.000000 4.139064 28.099652 0.009249 0.411457
24380.000000 4.125300 28.184435 -0.045091 0.408263
24400.000000 4.109918 28.268830 -0.098068 0.404673
24420.000000 4.093067 28.352789 -0.149494 0.400700
24440.000000 4.074904 28.436263 -0.199207 0.396358
24460.000000 4.055589 28.519197 -0.247069 0.391663
24480.000000 4.035289 28.601539 -0.292968 0.386630
24500.000000 4.014165 28.683231 -0.336817 0.381277
24520.000000 3.992379 28.764217 -0.378552 0.375621
24540.000000 3.970086 28.844438 -0.418130 0.369681
24560.000000 3.947431 28.923833 -0.455531 0.363474
24580.000000 3.924552 29.002344 -0.490749 0.357020
24600.000000 3.901575 29.079907 -0.523798 0.350334
24620.000000 3.878615 29.156464 -0.554702 0.343435
24640.000000 3.855775 29.231953 -0.583502 0.336338
24660.000000 3.833147 29.306313 -0.610244 0.329059
24680.000000 3.810811 29.379485 -0.634986 0.321611
24700.000000 3.788836 29.451410 -0.657790 0.314009
24720.000000 3.767281 29.522028 -0.678725 0.306264
24740.000000 3.746197 29.591284 -0.697864 0.298386
24760.000000 3.725625 29.659120 -0.715281 0.290387
24780.000000 3.705599 29.725481 -0.731054 0.282275
24800.000000 3.686148 29.790314 -0.745260 0.274058
24820.000000 3.667293 29.853566 -0.757978 0.265745
24840.000000 3.649053 29.915186 -0.769286 0.257341
24860.000000 3.631440 29.975125 -0.779260 0.248852
24880.000000 3.614465 30.033334 -0.787976 0.240285
24900.000000 3.598135 30.089766 -0.795507 0.231644
24920.000000 3.582455 30.144376 -0.801926 0.222933
24940.000000 3.567428 30.197121 -0.807303 0.214158
24960.000000 3.553055 30.247958 -0.811704 0.205320
24980.000000 3.539338 30.296846 -0.815196 0.196424
25000.000000 3.526275 30.343746 -0.817840 0.187474
25020.000000 3.513867 30.388621 -0.819697 0.178471
25040.000000 3.502110 30.431433 -0.820825 0.169420
25060.000000 3.491003 30.472150 -0.821278 0.160322
25080.000000 3.480545 30.510737 -0.821108 0.151179
25100.000000 3.470732 30.547165 -0.820365 0.141996
25120.000000 3.461563 30.581402 -0.819095 0.132774
25140.000000 3.453036 30.613421 -0.817343 0.123514
25160.000000 3.445148 30.643196 -0.815150 0.114221
25180.000000 3.437898 30.670703 -0.812554 0.104895
25200.000000 3.431283 30.695919 -0.809591 0.095539
25220.000000 3.425302 30.718822 -0.806295 0.086156
25240.000000 3.419953 30.739393 -0.802694 0.076747
25260.000000 3.415236 30.757616 -0.798817 0.067314
25280.000000 3.411149 30.773474 -0.794689 0.057860
25300.000000 3.407692 30.786953 -0.790330 0.048387
25320.000000 3.404864 30.798043 -0.785760 0.038898
25340.000000 3.402664 30.806733 -0.780994 0.029393
25360.000000 3.401094 30.813014 -0.776045 0.019876
25380.000000 3.400152 30.816882 -0.770923 0.010349
25400.000000 3.399841 30.818330 -0.765636 0.000813
25420.000000 3.400159 30.817358 -0.760186 -0.008728
25440.000000 3.401109 30.813965 -0.754574 -0.018272
25460.000000 3.402692 30.808153 -0.748798 -0.027817
25480.000000 3.404909 30.799925 -0.742853 -0.037361
25500.000000 3.407761 30.789287 -0.736728 -0.046899
25520.000000 3.411250 30.776247 -0.730413 -0.056431
25540.000000 3.415377 30.760815 -0.723891 -0.065953
25560.000000 3.420146 30.743003 -0.717143 -0.075462
25580.000000 3.425556 30.722825 -0.710148 -0.084954
25600.000000 3.431609 30.700296 -0.702878 -0.094426
25620.000000 3.438307 30.675437 -0.695306 -0.103874
25640.000000 3.445651 30.648267 -0.687398 -0.113295
25660.000000 3.453640 30.618810 -0.679117 -0.122684
25680.000000 3.462273 30.587090 -0.670424 -0.132037
25700.000000 3.471551 30.553136 -0.661276 -0.141347
25720.000000 3.481469 30.516977 -0.651625 -0.150611
25740.000000 3.492023 30.478646 -0.641422 -0.159822
25760.000000 3.503209 30.438178 -0.630612 -0.168974
25780.000000 3.515019 30.395609 -0.619140 -0.178059
25800.000000 3.527442 30.350980 -0.606945 -0.187072
25820.000000 3.540465 30.304332 -0.593966 -0.196002
25840.000000 3.554072 30.255712 -0.580136 -0.204842
25860.000000 3.568244 30.205165 -0.565391 -0.213583
25880.000000 3.582957 30.152741 -0.549661 -0.222213
25900.000000 3.598181 30.098493 -0.532876 -0.230723
25920.000000 3.613882 30.042475 -0.514968 -0.239101
25940.000000 3.630020 29.984745 -0.495867 -0.247333
25960.000000 3.646548 29.925360 -0.475506 -0.255407
25980.000000 3.663412 29.864384 -0.453818 -0.263308
26000.000000 3.680550 29.801879 -0.430742 -0.271021
26020.000000 3.697892 29.737910 -0.406221 -0.278530
26040.000000 3.715360 29.672546 -0.380204 -0.285819
26060.000000 3.732866 29.605853 -0.352650 -0.292870
26080.000000 3.750315 29.537904 -0.323524 -0.299665
26100.000000 3.767602 29.468768 -0.292806 -0.306184
26120.000000 3.784614 29.398518 -0.260486 -0.312410
26140.000000 3.801231 29.327226 -0.226571 -0.318323
26160.000000 3.817328 29.254967 -0.191082 -0.323903
26180.000000 3.832773 29.181813 -0.154061 -0.329130
26200.000000 3.847432 29.107839 -0.115567 -0.333986
26220.000000 3.861171 29.033116 -0.075678 -0.338453
26240.000000 3.873857 28.957720 -0.034494 -0.342511
26260.000000 3.885360 28.881722 0.007866 -0.346144
26280.000000 3.895558 28.805194 0.051262 -0.349337
26300.000000 3.904338 28.728208 0.095538 -0.352074
26320.000000 3.911600 28.650837 0.140519 -0.354342
26340.000000 3.917257 28.573151 0.186019 -0.356129
26360.000000 3.921241 28.495221 0.231838 -0.357425
26380.000000 3.923502 28.417120 0.277771 -0.358223
26400.000000 3.924009 28.338918 0.323608 -0.358515
26420.000000 3.922755 28.260690 0.369140 -0.358299
26440.000000 3.919751 28.182508 0.414162 -0.357573
26460.000000 3.915031 28.104448 0.458476 -0.356337
26480.000000 3.908649 28.026584 0.501897 -0.354595
26500.000000 3.900677 27.948994 0.544253 -0.352352
26520.000000 3.891204 27.871757 0.585390 -0.349618
26540.000000 3.880334 27.794952 0.625172 -0.346401
26560.000000 3.868180 27.718660 0.663482 -0.342716
26580.000000 3.854868 27.642962 0.700226 -0.338575
26600.000000 3.840527 27.567941 0.735330 -0.333996
26620.000000 3.825291 27.493681 0.768741 -0.328994
26640.000000 3.809293 27.420266 0.800425 -0.323590
26660.000000 3.792668 27.347778 0.830367 -0.317800
26680.000000 3.775544 27.276303 0.858569 -0.311644
26700.000000 3.758046 27.205925 0.885050 -0.305142
26720.000000 3.740295 27.136725 0.909842 -0.298312
26740.000000 3.722400 27.068787 0.932989 -0.291174
26760.000000 3.704467 27.002192 0.954546 -0.283746
26780.000000 3.686590 26.937021 0.974577 -0.276046
26800.000000 3.668859 26.873352 0.993152 -0.268091
26820.000000 3.651352 26.811263 1.010347 -0.259900
26840.000000 3.634142 26.750829 1.026243 -0.251487
26860.000000 3.617293 26.692123 1.040922 -0.242868
26880.000000 3.600863 26.635217 1.054468 -0.234057
26900.000000 3.584900 26.580180 1.066967 -0.225069
26920.000000 3.569451 26.527078 1.078504 -0.215917
26940.000000 3.554554 26.475975 1.089160 -0.206614
26960.000000 3.540242 26.426933 1.099019 -0.197170
26980.000000 3.526545 26.380011 1.108158 -0.187597
27000.000000 3.513486 26.335264 1.116655 -0.177906
27020.000000 3.501089 26.292746 1.124582 -0.168106
27040.000000 3.489369 26.252507 1.132009 -0.158207
27060.000000 3.478344 26.214594 1.139001 -0.148216
27080.000000 3.468024 26.179052 1.145620 -0.138143
27100.000000 3.458421 26.145922 1.151924 -0.127994
27120.000000 3.449544 26.115244 1.157964 -0.117777
27140.000000 3.441399 26.087052 1.163792 -0.107497
27160.000000 3.433992 26.061381 1.169451 -0.097163
27180.000000 3.427329 26.038259 1.174981 -0.086778
27200.000000 3.421413 26.017715 1.180419 -0.076350
27220.000000 3.416247 25.999771 1.185796 -0.065882
27240.000000 3.411835 25.984449 1.191140 -0.055381
27260.000000 3.408178 25.971769 1.196473 -0.044851
27280.000000 3.405279 25.961744 1.201815 -0.034297
27300.000000 3.403139 25.954388 1.207180 -0.023723
27320.000000 3.401760 25.949710 1.212578 -0.013134
27340.000000 3.401143 25.947716 1.218017 -0.002535
27360.000000 3.401290 25.948412 1.223498 0.008072
27380.000000 3.402202 25.951798 1.229019 0.018680
27400.000000 3.403880 25.957871 1.234576 0.029286
27420.000000 3.406325 25.966626 1.240158 0.039886
27440.000000 3.409539 25.978057 1.245752 0.050475
27460.000000 3.413522 25.992152 1.251340 0.061047
27480.000000 3.418275 26.008897 1.256901 0.071600
27500.000000 3.423799 26.028276 1.262411 0.082128
27520.000000 3.430092 26.050268 1.267840 0.092625
27540.000000 3.437156 26.074853 1.273156 0.103088
27560.000000 3.444988 26.102003 1.278323 0.113510
27580.000000 3.453589 26.131692 1.283301 0.123888
27600.000000 3.462955 26.163887 1.288046 0.134214
27620.000000 3.473085 26.198554 1.292512 0.144484
27640.000000 3.483974 26.235658 1.296649 0.154692
27660.000000 3.495618 26.275158 1.300401 0.164833
27680.000000 3.508012 26.317013 1.303714 0.174899
27700.000000 3.521149 26.361178 1.306525 0.184886
27720.000000 3.535021 26.407606 1.308772 0.194787
27740.000000 3.549618 26.456247 1.310387 0.204595
27760.000000 3.564931 26.507051 1.311302 0.214305
27780.000000 3.580945 26.559962 1.311443 0.223910
27800.000000 3.597647 26.614926 1.310735 0.233403
27820.000000 3.615021 26.671885 1.309102 0.242778
27840.000000 3.633047 26.730779 1.306461 0.252027
27860.000000 3.651703 26.791547 1.302733 0.261145
27880.000000 3.670967 26.854126 1.297831 0.270122
27900.000000 3.690809 26.918453 1.291671 0.278954
27920.000000 3.711200 26.984462 1.284166 0.287630
27940.000000 3.732104 27.052087 1.275228 0.296145
27960.000000 3.753482 27.121262 1.264770 0.304489
27980.000000 3.775288 27.191918 1.252704 0.312654
28000.000000 3.797473 27.263986 1.238944 0.320631
28020.000000 3.819978 27.337399 1.223404 0.328410
28040.000000 3.842741 27.412086 1.206004 0.335981
28060.000000 3.865689 27.487979 1.186666 0.343333
28080.000000 3.888741 27.565007 1.165315 0.350454
28100.000000 3.911808 27.643102 1.141885 0.357331
28120.000000 3.934789 27.722195 1.116315 0.363952
28140.000000 3.957575 27.802216 1.088556 0.370300
28160.000000 3.980046 27.883098 1.058564 0.376362
28180.000000 4.002072 27.964773 1.026313 0.382120
28200.000000 4.023513 28.047173 0.991784 0.387558
28220.000000 4.044223 28.130233 0.954978 0.392657
28240.000000 4.064046 28.213887 0.915910 0.397400
28260.000000 4.082825 28.298071 0.874613 0.401769
28280.000000 4.100398 28.382721 0.831141 0.405746
28300.000000 4.116608 28.467777 0.785566 0.409314
28320.000000 4.131300 28.553176 0.737984 0.412459
28340.000000 4.144327 28.638861 0.688515 0.415165
28360.000000 4.155556 28.724773 0.637300 0.417424
28380.000000 4.164867 28.810859 0.584505 0.419225
28400.000000 4.172158 28.897063 0.530319 0.420562
28420.000000 4.177351 28.983336 0.474952 0.421434
28440.000000 4.180386 29.069629 0.418634 0.421839
28460.000000 4.181231 29.155893 0.361612 0.421780
28480.000000 4.179876 29.242085 0.304144 0.421261
28500.000000 4.176336 29.328161 0.246501 0.420288
28520.000000 4.170650 29.414077 0.188951 0.418867
28540.000000 4.162881 29.499792 0.131765 0.417008
28560.000000 4.153111 29.585262 0.075206 0.414718
28580.000000 4.141442 29.670444 0.019524 0.412008
28600.000000 4.127996 29.755294 -0.035048 0.408889
28620.000000 4.112905 29.839765 -0.088294 0.405372
28640.000000 4.096316 29.923810 -0.140023 0.401469
28660.000000 4.078385 30.007378 -0.190066 0.397195
28680.000000 4.059273 30.090417 -0.238283 0.392565
28700.000000 4.039144 30.172873 -0.284556 0.387594
28720.000000 4.018162 30.254691 -0.328793 0.382299
28740.000000 3.996488 30.335814 -0.370926 0.376699
28760.000000 3.974278 30.416182 -0.410909 0.370810
28780.000000 3.951680 30.495736 -0.448717 0.364652
28800.000000 3.928832 30.574416 -0.484342 0.358242
28820.000000 3.905865 30.652161 -0.517794 0.351598
28840.000000 3.882893 30.728910 -0.549096 0.344738
28860.000000 3.860024 30.804603 -0.578285 0.337677
28880.000000 3.837350 30.879178 -0.605407 0.330430
28900.000000 3.814954 30.952576 -0.630518 0.323013
28920.000000 3.792907 31.024738 -0.653678 0.315439
28940.000000 3.771269 31.095605 -0.674957 0.307719
28960.000000 3.750094 31.165119 -0.694425 0.299866
28980.000000 3.729423 31.233224 -0.712158 0.291888
29000.000000 3.709293 31.299864 -0.728232 0.283797
29020.000000 3.689733 31.364987 -0.742724 0.275599
29040.000000 3.670766 31.428538 -0.755714 0.267303
29060.000000 3.652409 31.490466 -0.767280 0.258915
29080.000000 3.634679 31.550722 -0.777497 0.250442
29100.000000 3.617584 31.609258 -0.786442 0.241890
29120.000000 3.601133 31.666025 -0.794188 0.233262
29140.000000 3.585331 31.720979 -0.800810 0.224564
29160.000000 3.570182 31.774075 -0.806376 0.215800
29180.000000 3.555688 31.825271 -0.810954 0.206974
29200.000000 3.541848 31.874526 -0.814610 0.198089
29220.000000 3.528663 31.921800 -0.817408 0.189148
29240.000000 3.516133 31.967055 -0.819408 0.180155
29260.000000 3.504254 32.010255 -0.820667 0.171112
29280.000000 3.493027 32.051365 -0.821242 0.162023
29300.000000 3.482447 32.090353 -0.821184 0.152889
29320.000000 3.472514 32.127185 -0.820545 0.143713
29340.000000 3.463226 32.161833 -0.819370 0.134497
29360.000000 3.454579 32.194269 -0.817705 0.125245
29380.000000 3.446572 32.224465 -0.815591 0.115958
29400.000000 3.439202 32.252396 -0.813067 0.106638
29420.000000 3.432469 32.278041 -0.810170 0.097287
29440.000000 3.426370 32.301377 -0.806934 0.087909
29460.000000 3.420903 32.322385 -0.803388 0.078504
29480.000000 3.416068 32.341047 -0.799561 0.069076
29500.000000 3.411864 32.357347 -0.795477 0.059626
29520.000000 3.408289 32.371272 -0.791160 0.050156
29540.000000 3.405344 32.382809 -0.786628 0.040670
29560.000000 3.403027 32.391947 -0.781897 0.031168
29580.000000 3.401339 32.398678 -0.776982 0.021653
29600.000000 3.400280 32.402996 -0.771892 0.012127
29620.000000 3.399851 32.404897 -0.766635 0.002593
29640.000000 3.400052 32.404377 -0.761215 -0.006947
29660.000000 3.400884 32.401435 -0.755634 -0.016491
29680.000000 3.402349 32.396074 -0.749889 -0.026036
29700.000000 3.404447 32.388297 -0.743975 -0.035580
29720.000000 3.407180 32.378108 -0.737885 -0.045120
29740.000000 3.410550 32.365516 -0.731607 -0.054653
29760.000000 3.414559 32.350529 -0.725124 -0.064177
29780.000000 3.419207 32.333160 -0.718420 -0.073688
29800.000000 3.424497 32.313422 -0.711473 -0.083184
29820.000000 3.430431 32.291331 -0.704257 -0.092660
29840.000000 3.437009 32.266905 -0.696743 -0.102113
29860.000000 3.444232 32.240165 -0.688900 -0.111540
29880.000000 3.452100 32.211133 -0.680692 -0.120935
29900.000000 3.460613 32.179833 -0.672080 -0.130294
29920.000000 3.469771 32.146294 -0.663020 -0.139613
29940.000000 3.479569 32.110544 -0.653466 -0.148886
29960.000000 3.490006 32.072616 -0.643370 -0.158108
29980.000000 3.501074 32.032543 -0.632678 -0.167271
30000.000000 3.512768 31.990363 -0.621334 -0.176369
30020.000000 3.525077 31.946116 -0.609279 -0.185396
30040.000000 3.537990 31.899842 -0.596450 -0.194342
30060.000000 3.551489 31.851586 -0.582785 -0.203200
30080.000000 3.565558 31.801394 -0.568215 -0.211960
30100.000000 3.580171 31.749317 -0.552674 -0.220612
30120.000000 3.595302 31.695405 -0.536092 -0.229145
30140.000000 3.610917 31.639714 -0.518399 -0.237548
30160.000000 3.626977 31.582298 -0.499525 -0.245808
30180.000000 3.643436 31.523218 -0.479404 -0.253913
30200.000000 3.660242 31.462534 -0.457968 -0.261847
30220.000000 3.677334 31.400309 -0.435156 -0.269597
30240.000000 3.694644 31.336609 -0.410909 -0.277145
30260.000000 3.712094 31.271499 -0.385175 -0.284476
30280.000000 3.729601 31.205049 -0.357910 -0.291573
30300.000000 3.747068 31.137329 -0.329080 -0.298417
30320.000000 3.764393 31.068409 -0.298660 -0.304990
30340.000000 3.781465 30.998361 -0.266639 -0.311272
30360.000000 3.798166 30.927259 -0.233020 -0.317244
30380.000000 3.814369 30.855175 -0.197823 -0.322888
30400.000000 3.829946 30.782182 -0.161084 -0.328182
30420.000000 3.844762 30.708355 -0.122859 -0.333109
30440.000000 3.858683 30.633767 -0.083223 -0.337650
30460.000000 3.871576 30.558491 -0.042272 -0.341785
30480.000000 3.883309 30.482599 -0.000122 -0.345499
30500.000000 3.893759 30.406165 0.043092 -0.348775
30520.000000 3.902812 30.329259 0.087217 -0.351598
30540.000000 3.910364 30.251954 0.132080 -0.353954
30560.000000 3.916327 30.174321 0.177497 -0.355832
30580.000000 3.920627 30.096432 0.223272 -0.357221
30600.000000 3.923212 30.018357 0.269200 -0.358112
30620.000000 3.924048 29.940169 0.315071 -0.358499
30640.000000 3.923122 29.861940 0.360676 -0.358378
30660.000000 3.920443 29.783744 0.405808 -0.357747
30680.000000 3.916040 29.705655 0.450269 -0.356606
30700.000000 3.909963 29.627749 0.493870 -0.354958
30720.000000 3.902281 29.550102 0.536437 -0.352808
30740.000000 3.893081 29.472793 0.577813 -0.350165
30760.000000 3.882463 29.395901 0.617856 -0.347037
30780.000000 3.870540 29.319507 0.656449 -0.343438
30800.000000 3.857435 29.243692 0.693492 -0.339382
30820.000000 3.843275 29.168539 0.728907 -0.334883
30840.000000 3.828196 29.094131 0.762637 -0.329959
30860.000000 3.812330 29.020551 0.794644 -0.324628
30880.000000 3.795812 28.947884 0.824911 -0.318908
30900.000000 3.778771 28.876214 0.853437 -0.312820
30920.000000 3.761334 28.805624 0.880238 -0.306380
30940.000000 3.743621 28.736198 0.905342 -0.299610
30960.000000 3.725745 28.668018 0.928792 -0.292528
30980.000000 3.707812 28.601167 0.950641 -0.285153
31000.000000 3.689918 28.535724 0.970952 -0.277502
31020.000000 3.672153 28.471769 0.989793 -0.269594
31040.000000 3.654599 28.409379 1.007240 -0.261446
31060.000000 3.637328 28.348630 1.023372 -0.253073
31080.000000 3.620408 28.289597 1.038271 -0.244491
31100.000000 3.603895 28.232349 1.052022 -0.235715
31120.000000 3.587841 28.176958 1.064711 -0.226759
31140.000000 3.572293 28.123490 1.076420 -0.217637
31160.000000 3.557290 28.072010 1.087234 -0.208361
31180.000000 3.542867 28.022579 1.097236 -0.198942
31200.000000 3.529053 27.975257 1.106504 -0.189393
31220.000000 3.515874 27.930100 1.115115 -0.179723
31240.000000 3.503351 27.887162 1.123143 -0.169943
31260.000000 3.491504 27.846494 1.130658 -0.160062
31280.000000 3.480348 27.808143 1.137727 -0.150087
31300.000000 3.469896 27.772155 1.144411 -0.140029
31320.000000 3.460158 27.738573 1.150769 -0.129893
31340.000000 3.451145 27.707434 1.156855 -0.119688
31360.000000 3.442863 27.678776 1.162719 -0.109420
31380.000000 3.435318 27.652632 1.168406 -0.099095
31400.000000 3.428516 27.629032 1.173957 -0.088720
31420.000000 3.422460 27.608005 1.179410 -0.078299
31440.000000 3.417154 27.589574 1.184796 -0.067838
31460.000000 3.412601 27.573762 1.190144 -0.057343
31480.000000 3.408803 27.560587 1.195478 -0.046818
31500.000000 3.405762 27.550065 1.200817 -0.036268
31520.000000 3.403480 27.542210 1.206176 -0.025698
31540.000000 3.401959 27.537032 1.211568 -0.015111
31560.000000 3.401200 27.534537 1.216999 -0.004513
31580.000000 3.401204 27.534731 1.222472 0.006092
31600.000000 3.401973 27.537615 1.227986 0.016701
31620.000000 3.403508 27.543186 1.233537 0.027308
31640.000000 3.405811 27.551442 1.239115 0.037909
31660.000000 3.408881 27.562374 1.244707 0.048500
31680.000000 3.412721 27.575973 1.250298 0.059076
31700.000000 3.417330 27.592225 1.255867 0.069633
31720.000000 3.422709 27.611113 1.261388 0.080165
31740.000000 3.428859 27.632620 1.266835 0.090669
31760.000000 3.435779 27.656723 1.272174 0.101138
31780.000000 3.443468 27.683396 1.277372 0.111569
31800.000000 3.451926 27.712613 1.282388 0.121955
31820.000000 3.461149 27.744343 1.287180 0.132291
31840.000000 3.471137 27.778552 1.291702 0.142572
31860.000000 3.481884 27.815204 1.295904 0.152792
31880.000000 3.493388 27.854260 1.299733 0.162946
31900.000000 3.505643 27.895679 1.303132 0.173026
31920.000000 3.518642 27.939416 1.306041 0.183029
31940.000000 3.532377 27.985425 1.308398 0.192946
31960.000000 3.546840 28.033658 1.310137 0.202772
31980.000000 3.562020 28.084062 1.311187 0.212501
