0.000000 3.376132 21.285700 -0.779082 0.412474
20.000000 3.349777 21.390554 -0.777084 0.404501
40.000000 3.324258 21.494155 -0.773149 0.396476
60.000000 3.299572 21.596444 -0.767410 0.388405
80.000000 3.275715 21.697361 -0.759994 0.380297
100.000000 3.252684 21.796848 -0.751025 0.372158
120.000000 3.230472 21.894852 -0.740622 0.363998
140.000000 3.209071 21.991322 -0.728900 0.355825
160.000000 3.188476 22.086207 -0.715972 0.347648
180.000000 3.168677 22.179464 -0.701945 0.339476
200.000000 3.149666 22.271050 -0.686922 0.331317
220.000000 3.131433 22.360927 -0.671003 0.323183
240.000000 3.113968 22.449059 -0.654282 0.315082
260.000000 3.097261 22.535418 -0.636850 0.307025
280.000000 3.081298 22.619976 -0.618794 0.299023
300.000000 3.066067 22.702710 -0.600196 0.291084
320.000000 3.051554 22.783604 -0.581135 0.283221
340.000000 3.037745 22.862644 -0.561683 0.275441
360.000000 3.024622 22.939820 -0.541909 0.267757
380.000000 3.012170 23.015128 -0.521878 0.260177
400.000000 3.000371 23.088569 -0.501650 0.252710
420.000000 2.989206 23.160146 -0.481282 0.245366
440.000000 2.978655 23.229868 -0.460823 0.238154
460.000000 2.968700 23.297747 -0.440322 0.231081
480.000000 2.959320 23.363801 -0.419821 0.224156
500.000000 2.950493 23.428049 -0.399358 0.217384
520.000000 2.942198 23.490517 -0.378970 0.210775
540.000000 2.934415 23.551232 -0.358687 0.204332
560.000000 2.927122 23.610224 -0.338536 0.198062
580.000000 2.920296 23.667529 -0.318542 0.191970
600.000000 2.913918 23.723183 -0.298724 0.186061
620.000000 2.907966 23.777226 -0.279100 0.180338
640.000000 2.902419 23.829701 -0.259685 0.174806
660.000000 2.897256 23.880650 -0.240490 0.169466
680.000000 2.892459 23.930121 -0.221524 0.164322
700.000000 2.888007 23.978163 -0.202793 0.159376
720.000000 2.883882 24.024824 -0.184303 0.154631
740.000000 2.880067 24.070157 -0.166055 0.150086
760.000000 2.876543 24.114213 -0.148049 0.145744
780.000000 2.873294 24.157047 -0.130283 0.141605
800.000000 2.870304 24.198713 -0.112755 0.137670
820.000000 2.867559 24.239267 -0.095459 0.133940
840.000000 2.865044 24.278765 -0.078390 0.130415
860.000000 2.862745 24.317265 -0.061540 0.127094
880.000000 2.860651 24.354822 -0.044901 0.123978
900.000000 2.858748 24.391496 -0.028463 0.121067
920.000000 2.857027 24.427345 -0.012215 0.118360
940.000000 2.855477 24.462427 0.003854 0.115857
960.000000 2.854089 24.496801 0.019755 0.113558
980.000000 2.852855 24.530526 0.035502 0.111462
1000.000000 2.851766 24.563660 0.051108 0.109569
1020.000000 2.850816 24.596265 0.066586 0.107879
1040.000000 2.849998 24.628398 0.081952 0.106392
1060.000000 2.849308 24.660120 0.097219 0.105106
1080.000000 2.848740 24.691489 0.112404 0.104023
1100.000000 2.848291 24.722567 0.127522 0.103142
1120.000000 2.847958 24.753411 0.142588 0.102464
1140.000000 2.847739 24.784084 0.157618 0.101987
1160.000000 2.847632 24.814644 0.172629 0.101714
1180.000000 2.847637 24.845151 0.187638 0.101643
1200.000000 2.847753 24.875667 0.202661 0.101776
1220.000000 2.847981 24.906251 0.217714 0.102112
1240.000000 2.848323 24.936964 0.232815 0.102654
1260.000000 2.848782 24.967867 0.247980 0.103401
1280.000000 2.849361 24.999021 0.263227 0.104355
1300.000000 2.850063 25.030486 0.278572 0.105516
1320.000000 2.850895 25.062326 0.294033 0.106886
1340.000000 2.851860 25.094600 0.309626 0.108467
1360.000000 2.852967 25.127371 0.325367 0.110259
1380.000000 2.854223 25.160701 0.341274 0.112264
1400.000000 2.855637 25.194653 0.357363 0.114484
1420.000000 2.857217 25.229288 0.373649 0.116920
1440.000000 2.858975 25.264670 0.390148 0.119574
1460.000000 2.860922 25.300861 0.406876 0.122447
1480.000000 2.863071 25.337924 0.423847 0.125542
1500.000000 2.865435 25.375922 0.441075 0.128860
1520.000000 2.868029 25.414919 0.458573 0.132403
1540.000000 2.870870 25.454975 0.476355 0.136172
1560.000000 2.873974 25.496155 0.494431 0.140168
1580.000000 2.877359 25.538520 0.512812 0.144393
1600.000000 2.881046 25.582133 0.531508 0.148849
1620.000000 2.885055 25.627053 0.550526 0.153535
1640.000000 2.889407 25.673343 0.569872 0.158452
1660.000000 2.894127 25.721061 0.589551 0.163602
1680.000000 2.899238 25.770266 0.609566 0.168983
1700.000000 2.904765 25.821014 0.629916 0.174596
1720.000000 2.910736 25.873361 0.650599 0.180439
1740.000000 2.917179 25.927362 0.671610 0.186510
1760.000000 2.924121 25.983066 0.692941 0.192809
1780.000000 2.931593 26.040523 0.714581 0.199331
1800.000000 2.939624 26.099780 0.736516 0.206075
1820.000000 2.948247 26.160880 0.758725 0.213035
1840.000000 2.957491 26.223862 0.781187 0.220207
1860.000000 2.967391 26.288763 0.803874 0.227585
1880.000000 2.977976 26.355616 0.826754 0.235162
1900.000000 2.989280 26.424446 0.849789 0.242931
1920.000000 3.001334 26.495279 0.872938 0.250884
1940.000000 3.014169 26.568132 0.896151 0.259011
1960.000000 3.027815 26.643018 0.919374 0.267302
1980.000000 3.042300 26.719943 0.942548 0.275746
2000.000000 3.057654 26.798910 0.965606 0.284330
2020.000000 3.073900 26.879915 0.988475 0.293043
2040.000000 3.091063 26.962946 1.011075 0.301869
2060.000000 3.109164 27.047987 1.033320 0.310795
2080.000000 3.128221 27.135015 1.055118 0.319805
2100.000000 3.148249 27.224002 1.076368 0.328884
2120.000000 3.169259 27.314911 1.096966 0.338016
2140.000000 3.191260 27.407702 1.116799 0.347183
2160.000000 3.214256 27.502328 1.135747 0.356370
2180.000000 3.238246 27.598736 1.153688 0.365558
2200.000000 3.263226 27.696870 1.170488 0.374731
2220.000000 3.289185 27.796666 1.186014 0.383872
2240.000000 3.316109 27.898058 1.200122 0.392963
2260.000000 3.343978 28.000975 1.212667 0.401988
2280.000000 3.372766 28.105344 1.223497 0.410930
2300.000000 3.402441 28.211086 1.232457 0.419773
2320.000000 3.432967 28.318123 1.239388 0.428501
2340.000000 3.464298 28.426371 1.244126 0.437098
2360.000000 3.496384 28.535750 1.246508 0.445549
2380.000000 3.529164 28.646173 1.246366 0.453839
2400.000000 3.562569 28.757557 1.243532 0.461953
2420.000000 3.596522 28.869818 1.237840 0.469876
2440.000000 3.630933 28.982871 1.229125 0.477594
2460.000000 3.665698 29.096634 1.217225 0.485091
2480.000000 3.700698 29.211026 1.201986 0.492353
2500.000000 3.735800 29.325967 1.183263 0.499364
2520.000000 3.770846 29.441383 1.160920 0.506107
2540.000000 3.805660 29.557199 1.134841 0.512564
2560.000000 3.840041 29.673347 1.104926 0.518718
2580.000000 3.873765 29.789762 1.071101 0.524548
2600.000000 3.906579 29.906383 1.033316 0.530033
2620.000000 3.938208 30.023156 0.991559 0.535150
2640.000000 3.968355 30.140031 0.945849 0.539876
2660.000000 3.996705 30.256965 0.896250 0.544186
2680.000000 4.022936 30.373919 0.842870 0.548057
2700.000000 4.046720 30.490862 0.785866 0.551464
2720.000000 4.067740 30.607768 0.725448 0.554387
2740.000000 4.085698 30.724617 0.661880 0.556805
2760.000000 4.100328 30.841395 0.595486 0.558706
2780.000000 4.111403 30.958094 0.526642 0.560077
2800.000000 4.118747 31.074713 0.455782 0.560915
2820.000000 4.122241 31.191254 0.383387 0.561216
2840.000000 4.121826 31.307724 0.309977 0.560985
2860.000000 4.117507 31.424135 0.236103 0.560229
2880.000000 4.109351 31.540497 0.162325 0.558956
2900.000000 4.097483 31.656824 0.089205 0.557177
2920.000000 4.082084 31.773124 0.017284 0.554906
2940.000000 4.063385 31.889406 -0.052930 0.552158
2960.000000 4.041659 32.005672 -0.120973 0.548950
2980.000000 4.017212 32.121917 -0.186436 0.545301
3000.000000 3.990374 32.238131 -0.248972 0.541232
3020.000000 3.961488 32.354296 -0.308295 0.536767
3040.000000 3.930901 32.470389 -0.364181 0.531931
3060.000000 3.898954 32.586376 -0.416467 0.526750
3080.000000 3.865971 32.702220 -0.465043 0.521251
3100.000000 3.832256 32.817877 -0.509852 0.515460
3120.000000 3.798085 32.933296 -0.550877 0.509404
3140.000000 3.763704 33.048421 -0.588142 0.503106
3160.000000 3.729327 33.163195 -0.621702 0.496591
3180.000000 3.695136 33.277554 -0.651638 0.489878
3200.000000 3.661284 33.391434 -0.678051 0.482987
3220.000000 3.627895 33.504765 -0.701059 0.475935
3240.000000 3.595071 33.617481 -0.720794 0.468739
3260.000000 3.562890 33.729510 -0.737393 0.461412
3280.000000 3.531413 33.840783 -0.750999 0.453966
3300.000000 3.500685 33.951230 -0.761761 0.446413
3320.000000 3.470740 34.060781 -0.769826 0.438763
3340.000000 3.441599 34.169367 -0.775341 0.431025
3360.000000 3.413280 34.276919 -0.778451 0.423208
3380.000000 3.385790 34.383372 -0.779301 0.415319
3400.000000 3.359135 34.488659 -0.778030 0.407368
3420.000000 3.333316 34.592717 -0.774775 0.399361
3440.000000 3.308331 34.695484 -0.769668 0.391305
3460.000000 3.284178 34.796900 -0.762839 0.383209
3480.000000 3.260851 34.896906 -0.754413 0.375081
3500.000000 3.238346 34.995448 -0.744511 0.366928
3520.000000 3.216655 35.092474 -0.733249 0.358758
3540.000000 3.195772 35.187933 -0.720742 0.350581
3560.000000 3.175688 35.281779 -0.707097 0.342406
3580.000000 3.156395 35.373969 -0.692419 0.334242
3600.000000 3.137885 35.464463 -0.676810 0.326097
3620.000000 3.120146 35.553225 -0.660366 0.317983
3640.000000 3.103168 35.640223 -0.643179 0.309910
3660.000000 3.086939 35.725430 -0.625338 0.301887
3680.000000 3.071447 35.808821 -0.606925 0.293924
3700.000000 3.056679 35.890377 -0.588021 0.286032
3720.000000 3.042619 35.970083 -0.568701 0.278222
3740.000000 3.029251 36.047928 -0.549035 0.270502
3760.000000 3.016561 36.123907 -0.529089 0.262883
3780.000000 3.004530 36.198017 -0.508926 0.255375
3800.000000 2.993139 36.270262 -0.488601 0.247986
3820.000000 2.982371 36.340648 -0.468169 0.240726
3840.000000 2.972204 36.409186 -0.447678 0.233602
3860.000000 2.962620 36.475893 -0.427172 0.226622
3880.000000 2.953597 36.540786 -0.406692 0.219795
3900.000000 2.945114 36.603890 -0.386273 0.213127
3920.000000 2.937150 36.665230 -0.365949 0.206623
3940.000000 2.929683 36.724837 -0.345748 0.200291
3960.000000 2.922692 36.782743 -0.325695 0.194135
3980.000000 2.916156 36.838985 -0.305811 0.188160
4000.000000 2.910053 36.893601 -0.286116 0.182370
4020.000000 2.904363 36.946633 -0.266625 0.176768
4040.000000 2.899065 36.998124 -0.247349 0.171359
4060.000000 2.894139 37.048120 -0.228300 0.166145
4080.000000 2.889565 37.096669 -0.209485 0.161128
4100.000000 2.885326 37.143820 -0.190908 0.156310
4120.000000 2.881401 37.189623 -0.172573 0.151693
4140.000000 2.877774 37.234131 -0.154480 0.147278
4160.000000 2.874429 37.277397 -0.136628 0.143066
4180.000000 2.871348 37.319476 -0.119016 0.139058
4200.000000 2.868517 37.360422 -0.101637 0.135255
4220.000000 2.865921 37.400293 -0.084488 0.131656
4240.000000 2.863546 37.439144 -0.067560 0.128262
4260.000000 2.861379 37.477033 -0.050846 0.125073
4280.000000 2.859409 37.514017 -0.034337 0.122088
4300.000000 2.857624 37.550155 -0.018022 0.119308
4320.000000 2.856014 37.585505 -0.001891 0.116731
4340.000000 2.854569 37.620126 0.014069 0.114359
4360.000000 2.853281 37.654077 0.029870 0.112190
4380.000000 2.852140 37.687417 0.045525 0.110225
4400.000000 2.851141 37.720205 0.061047 0.108462
4420.000000 2.850276 37.752500 0.076452 0.106902
4440.000000 2.849541 37.784362 0.091753 0.105544
4460.000000 2.848930 37.815851 0.106966 0.104389
4480.000000 2.848439 37.847027 0.122106 0.103435
4500.000000 2.848065 37.877948 0.137188 0.102684
4520.000000 2.847805 37.908675 0.152229 0.102135
4540.000000 2.847658 37.939269 0.167246 0.101789
4560.000000 2.847622 37.969788 0.182253 0.101645
4580.000000 2.847698 38.000294 0.197269 0.101705
4600.000000 2.847886 38.030847 0.212309 0.101968
4620.000000 2.848187 38.061506 0.227391 0.102436
4640.000000 2.848604 38.092334 0.242532 0.103109
4660.000000 2.849139 38.123391 0.257747 0.103989
4680.000000 2.849797 38.154738 0.273055 0.105075
4700.000000 2.850581 38.186436 0.288473 0.106371
4720.000000 2.851498 38.218547 0.304016 0.107876
4740.000000 2.852553 38.251133 0.319702 0.109592
4760.000000 2.853755 38.284255 0.335548 0.111520
4780.000000 2.855111 38.317977 0.351570 0.113663
4800.000000 2.856630 38.352360 0.367783 0.116021
4820.000000 2.858323 38.387467 0.384204 0.118597
4840.000000 2.860201 38.423360 0.400848 0.121391
4860.000000 2.862276 38.460103 0.417730 0.124407
4880.000000 2.864561 38.497759 0.434864 0.127644
4900.000000 2.867071 38.536390 0.452264 0.131106
4920.000000 2.869821 38.576059 0.469943 0.134794
4940.000000 2.872829 38.616828 0.487912 0.138708
4960.000000 2.876111 38.658761 0.506183 0.142851
4980.000000 2.879688 38.701919 0.524765 0.147224
5000.000000 2.883578 38.746364 0.543667 0.151827
5020.000000 2.887805 38.792155 0.562894 0.156662
5040.000000 2.892390 38.839354 0.582454 0.161728
5060.000000 2.897358 38.888019 0.602348 0.167026
5080.000000 2.902733 38.938207 0.622577 0.172556
5100.000000 2.908542 38.989974 0.643141 0.178316
5120.000000 2.914812 39.043376 0.664035 0.184306
5140.000000 2.921571 39.098463 0.685253 0.190523
5160.000000 2.928850 39.155286 0.706784 0.196966
5180.000000 2.936677 39.213892 0.728615 0.203631
5200.000000 2.945084 39.274326 0.750728 0.210514
5220.000000 2.954102 39.336629 0.773102 0.217610
5240.000000 2.963762 39.400838 0.795712 0.224915
5260.000000 2.974098 39.466987 0.818527 0.232421
5280.000000 2.985141 39.535105 0.841511 0.240123
5300.000000 2.996922 39.605217 0.864624 0.248011
5320.000000 3.009473 39.677344 0.887820 0.256076
5340.000000 3.022824 39.751499 0.911046 0.264310
5360.000000 3.037006 39.827692 0.934245 0.272700
5380.000000 3.052045 39.905927 0.957353 0.281236
5400.000000 3.067968 39.986202 0.980298 0.289904
5420.000000 3.084800 40.068507 1.003004 0.298691
5440.000000 3.102562 40.152830 1.025387 0.307583
5460.000000 3.121274 40.239148 1.047356 0.316564
5480.000000 3.140952 40.327436 1.068815 0.325621
5500.000000 3.161609 40.417660 1.089659 0.334735
5520.000000 3.183254 40.509781 1.109780 0.343892
5540.000000 3.205893 40.603754 1.129060 0.353073
5560.000000 3.229527 40.699530 1.147376 0.362263
5580.000000 3.254152 40.797051 1.164601 0.371444
5600.000000 3.279761 40.896259 1.180600 0.380598
5620.000000 3.306341 40.997086 1.195233 0.389709
5640.000000 3.333874 41.099465 1.208356 0.398759
5660.000000 3.362335 41.203321 1.219819 0.407733
5680.000000 3.391696 41.308580 1.229468 0.416613
5700.000000 3.421922 41.415161 1.237145 0.425384
5720.000000 3.452970 41.522985 1.242689 0.434030
5740.000000 3.484791 41.631968 1.245935 0.442535
5760.000000 3.517329 41.742026 1.246718 0.450885
5780.000000 3.550519 41.853075 1.244869 0.459063
5800.000000 3.584285 41.965031 1.240221 0.467056
5820.000000 3.618543 42.077809 1.232609 0.474850
5840.000000 3.653193 42.191327 1.221870 0.482428
5860.000000 3.688124 42.305502 1.207846 0.489776
5880.000000 3.723206 42.420256 1.190389 0.496879
5900.000000 3.758291 42.535510 1.169359 0.503720
5920.000000 3.793210 42.651190 1.144633 0.510282
5940.000000 3.827772 42.767227 1.116104 0.516547
5960.000000 3.861759 42.883553 1.083688 0.522495
5980.000000 3.894929 43.000107 1.047327 0.528106
6000.000000 3.927016 43.116832 1.006994 0.533358
6020.000000 3.957730 43.233676 0.962697 0.538227
6040.000000 3.986762 43.350593 0.914484 0.542690
6060.000000 4.013791 43.467544 0.862445 0.546721
6080.000000 4.038490 43.584494 0.806719 0.550297
6100.000000 4.060537 43.701416 0.747498 0.553395
6120.000000 4.079626 43.818287 0.685026 0.555997
6140.000000 4.095478 43.935091 0.619605 0.558085
6160.000000 4.107851 44.051820 0.551593 0.559647
6180.000000 4.116550 44.168467 0.481403 0.560676
6200.000000 4.121435 44.285035 0.409501 0.561169
6220.000000 4.122425 44.401530 0.336393 0.561129
6240.000000 4.119503 44.517961 0.262621 0.560560
6260.000000 4.112711 44.634339 0.188744 0.559471
6280.000000 4.102157 44.750677 0.115324 0.557872
6300.000000 4.088000 44.866986 0.042912 0.555777
6320.000000 4.070456 44.983274 -0.027970 0.553198
6340.000000 4.049782 45.099546 -0.096841 0.550153
6360.000000 4.026275 45.215799 -0.163273 0.546660
6380.000000 4.000255 45.332026 -0.226895 0.542739
6400.000000 3.972064 45.448211 -0.287400 0.538413
6420.000000 3.942047 45.564333 -0.344540 0.533707
6440.000000 3.910550 45.680362 -0.398133 0.528646
6460.000000 3.877902 45.796263 -0.448049 0.523258
6480.000000 3.844416 45.911992 -0.494213 0.517569
6500.000000 3.810379 46.027502 -0.536595 0.511605
6520.000000 3.776047 46.142740 -0.575204 0.505392
6540.000000 3.741646 46.257647 -0.610085 0.498952
6560.000000 3.707369 46.372162 -0.641310 0.492307
6580.000000 3.673380 46.486221 -0.668974 0.485478
6600.000000 3.639812 46.599757 -0.693189 0.478482
6620.000000 3.606776 46.712701 -0.714083 0.471336
6640.000000 3.574356 46.824985 -0.731790 0.464054
6660.000000 3.542621 46.936537 -0.746453 0.456650
6680.000000 3.511619 47.047289 -0.758219 0.449134
6700.000000 3.481390 47.157169 -0.767234 0.441518
6720.000000 3.451959 47.266109 -0.773647 0.433810
6740.000000 3.423343 47.374040 -0.777603 0.426020
6760.000000 3.395555 47.480895 -0.779248 0.418157
6780.000000 3.368601 47.586608 -0.778721 0.410227
6800.000000 3.342482 47.691114 -0.776162 0.402239
6820.000000 3.317198 47.794351 -0.771705 0.394200
6840.000000 3.292747 47.896258 -0.765479 0.386117
6860.000000 3.269124 47.996776 -0.757612 0.378000
6880.000000 3.246325 48.095850 -0.748225 0.369854
6900.000000 3.224343 48.193425 -0.737438 0.361690
6920.000000 3.203171 48.289452 -0.725365 0.353515
6940.000000 3.182801 48.383882 -0.712116 0.345338
6960.000000 3.163225 48.476671 -0.697797 0.337168
6980.000000 3.144435 48.567777 -0.682511 0.329016
7000.000000 3.126421 48.657164 -0.666355 0.320890
7020.000000 3.109171 48.744799 -0.649424 0.312801
7040.000000 3.092675 48.830651 -0.631808 0.304758
7060.000000 3.076921 48.914696 -0.613591 0.296773
7080.000000 3.061894 48.996912 -0.594854 0.288854
7100.000000 3.047582 49.077283 -0.575675 0.281013
7120.000000 3.033968 49.155797 -0.556125 0.273260
7140.000000 3.021036 49.232445 -0.536272 0.265604
7160.000000 3.008771 49.307226 -0.516180 0.258055
7180.000000 2.997153 49.380139 -0.495907 0.250622
7200.000000 2.986163 49.451191 -0.475508 0.243315
7220.000000 2.975783 49.520390 -0.455032 0.236141
7240.000000 2.965992 49.587752 -0.434527 0.229109
7260.000000 2.956770 49.653293 -0.414033 0.222226
7280.000000 2.948096 49.717036 -0.393589 0.215500
7300.000000 2.939948 49.779006 -0.373227 0.208937
7320.000000 2.932306 49.839230 -0.352979 0.202543
7340.000000 2.925147 49.897743 -0.332870 0.196323
7360.000000 2.918450 49.954577 -0.312923 0.190282
7380.000000 2.912194 50.009772 -0.293158 0.184425
7400.000000 2.906358 50.063367 -0.273592 0.178756
7420.000000 2.900922 50.115406 -0.254238 0.173277
7440.000000 2.895864 50.165933 -0.235107 0.167993
7460.000000 2.891167 50.214996 -0.216207 0.162905
7480.000000 2.886809 50.262642 -0.197544 0.158015
7500.000000 2.882774 50.308923 -0.179122 0.153326
7520.000000 2.879042 50.353889 -0.160942 0.148838
7540.000000 2.875598 50.397595 -0.143004 0.144554
7560.000000 2.872424 50.440093 -0.125306 0.140473
7580.000000 2.869505 50.481439 -0.107845 0.136596
7600.000000 2.866826 50.521689 -0.090614 0.132923
7620.000000 2.864373 50.560899 -0.073607 0.129456
7640.000000 2.862133 50.599127 -0.056818 0.126193
7660.000000 2.860094 50.636429 -0.040236 0.123135
7680.000000 2.858244 50.672864 -0.023853 0.120281
7700.000000 2.856572 50.708490 -0.007657 0.117632
7720.000000 2.855069 50.743366 0.008363 0.115187
7740.000000 2.853725 50.777550 0.024220 0.112945
7760.000000 2.852533 50.811102 0.039925 0.110907
7780.000000 2.851484 50.844081 0.055494 0.109071
7800.000000 2.850571 50.876546 0.070939 0.107438
7820.000000 2.849790 50.908557 0.086275 0.106008
7840.000000 2.849135 50.940173 0.101518 0.104780
7860.000000 2.848601 50.971454 0.116682 0.103754
7880.000000 2.848186 51.002460 0.131783 0.102930
7900.000000 2.847885 51.033250 0.146838 0.102309
7920.000000 2.847698 51.063885 0.161861 0.101890
7940.000000 2.847622 51.094424 0.176870 0.101673
7960.000000 2.847658 51.124927 0.191881 0.101660
7980.000000 2.847806 51.155456 0.206910 0.101850
8000.000000 2.848066 51.186070 0.221975 0.102244
8020.000000 2.848441 51.216831 0.237093 0.102844
8040.000000 2.848934 51.247798 0.252279 0.103649
8060.000000 2.849547 51.279034 0.267552 0.104662
8080.000000 2.850285 51.310599 0.282929 0.105882
8100.000000 2.851154 51.342555 0.298425 0.107311
8120.000000 2.852158 51.374964 0.314058 0.108952
8140.000000 2.853307 51.407886 0.329845 0.110804
8160.000000 2.854606 51.441386 0.345801 0.112869
8180.000000 2.856066 51.475524 0.361944 0.115150
8200.000000 2.857695 51.510364 0.378289 0.117648
8220.000000 2.859505 51.545969 0.394851 0.120364
8240.000000 2.861508 51.582400 0.411646 0.123300
8260.000000 2.863716 51.619721 0.428688 0.126457
8280.000000 2.866144 51.657994 0.445991 0.129839
8300.000000 2.868806 51.697284 0.463569 0.133445
8320.000000 2.871719 51.737651 0.481432 0.137278
8340.000000 2.874901 51.779160 0.499594 0.141339
8360.000000 2.878370 51.821871 0.518063 0.145629
8380.000000 2.882145 51.865847 0.536849 0.150149
8400.000000 2.886249 51.911149 0.555959 0.154901
8420.000000 2.890703 51.957836 0.575399 0.159884
8440.000000 2.895530 52.005968 0.595173 0.165099
8460.000000 2.900756 52.055603 0.615282 0.170546
8480.000000 2.906406 52.106798 0.635726 0.176223
8500.000000 2.912508 52.159607 0.656503 0.182131
8520.000000 2.919088 52.214084 0.677605 0.188267
8540.000000 2.926177 52.270279 0.699025 0.194629
8560.000000 2.933804 52.328240 0.720750 0.201215
8580.000000 2.941999 52.388013 0.742764 0.208020
8600.000000 2.950794 52.449641 0.765048 0.215040
8620.000000 2.960221 52.513162 0.787576 0.222271
8640.000000 2.970311 52.578612 0.810321 0.229706
8660.000000 2.981096 52.646020 0.833249 0.237338
8680.000000 2.992609 52.715415 0.856321 0.245160
8700.000000 3.004880 52.786817 0.879493 0.253163
8720.000000 3.017941 52.860243 0.902715 0.261338
8740.000000 3.031821 52.935704 0.925931 0.269673
8760.000000 3.046550 53.013207 0.949079 0.278158
8780.000000 3.062153 53.092750 0.972091 0.286780
8800.000000 3.078656 53.174329 0.994892 0.295526
8820.000000 3.096082 53.257930 1.017401 0.304382
8840.000000 3.114451 53.343535 1.039529 0.313333
8860.000000 3.133781 53.431120 1.061182 0.322365
8880.000000 3.154086 53.520653 1.082260 0.331460
8900.000000 3.175375 53.612099 1.102653 0.340604
8920.000000 3.197658 53.705413 1.122248 0.349778
8940.000000 3.220935 53.800548 1.140925 0.358967
8960.000000 3.245205 53.897450 1.158556 0.368152
8980.000000 3.270462 53.996060 1.175011 0.377318
9000.000000 3.296696 54.096314 1.190150 0.386447
9020.000000 3.323889 54.198145 1.203832 0.395521
9040.000000 3.352020 54.301480 1.215908 0.404524
9060.000000 3.381063 54.406244 1.226226 0.413440
9080.000000 3.410983 54.512361 1.234628 0.422252
9100.000000 3.441741 54.619748 1.240956 0.430944
9120.000000 3.473291 54.728324 1.245046 0.439501
9140.000000 3.505579 54.838007 1.246731 0.447908
9160.000000 3.538543 54.948710 1.245845 0.456150
9180.000000 3.572112 55.060351 1.242221 0.464211
9200.000000 3.606204 55.172844 1.235691 0.472078
9220.000000 3.640725 55.286106 1.226092 0.479735
9240.000000 3.675570 55.400054 1.213264 0.487168
9260.000000 3.710613 55.514609 1.197055 0.494360
9280.000000 3.745715 55.629692 1.177322 0.501297
9300.000000 3.780715 55.745228 1.153935 0.507961
9320.000000 3.815428 55.861145 1.126781 0.514335
9340.000000 3.849648 55.977375 1.095767 0.520399
9360.000000 3.883141 56.093854 1.060826 0.526134
9380.000000 3.915649 56.210523 1.021919 0.531517
9400.000000 3.946890 56.327330 0.979041 0.536526
9420.000000 3.976562 56.444226 0.932224 0.541137
9440.000000 4.004346 56.561169 0.881544 0.545326
9460.000000 4.029919 56.678123 0.827122 0.549068
9480.000000 4.052953 56.795058 0.769129 0.552340
9500.000000 4.073137 56.911949 0.707792 0.555122
9520.000000 4.090180 57.028779 0.643390 0.557396
9540.000000 4.103826 57.145535 0.576263 0.559147
9560.000000 4.113862 57.262212 0.506803 0.560368
9580.000000 4.120128 57.378808 0.435459 0.561054
9600.000000 4.122521 57.495329 0.362723 0.561205
9620.000000 4.121000 57.611781 0.289125 0.560825
9640.000000 4.115587 57.728176 0.215221 0.559921
9660.000000 4.106367 57.844528 0.141573 0.558504
9680.000000 4.093480 57.960846 0.068738 0.556585
9700.000000 4.077123 58.077141 -0.002751 0.554178
9720.000000 4.057540 58.193418 -0.072396 0.551298
9740.000000 4.035013 58.309678 -0.139749 0.547963
9760.000000 4.009856 58.425916 -0.204417 0.544193
9780.000000 3.982404 58.542118 -0.266072 0.540009
9800.000000 3.953003 58.658266 -0.324443 0.535437
9820.000000 3.921997 58.774332 -0.379326 0.530500
9840.000000 3.889725 58.890284 -0.430572 0.525227
9860.000000 3.856506 59.006080 -0.478088 0.519643
9880.000000 3.822635 59.121674 -0.521827 0.513775
9900.000000 3.788382 59.237016 -0.561786 0.507648
9920.000000 3.753981 59.352048 -0.597998 0.501286
9940.000000 3.719639 59.466712 -0.630524 0.494713
9960.000000 3.685530 59.580942 -0.659453 0.487948
9980.000000 3.651797 59.694673 -0.684892 0.481010
10000.000000 3.618559 59.807838 -0.706962 0.473916
10020.000000 3.585910 59.920366 -0.725796 0.466681
10040.000000 3.553922 60.032189 -0.741534 0.459319
10060.000000 3.522653 60.143236 -0.754322 0.451842
10080.000000 3.492143 60.253437 -0.764307 0.444261
10100.000000 3.462423 60.362722 -0.771636 0.436585
10120.000000 3.433513 60.471022 -0.776457 0.428824
10140.000000 3.405428 60.578271 -0.778915 0.420986
10160.000000 3.378174 60.684401 -0.779151 0.413079
10180.000000 3.351755 60.789347 -0.777306 0.405111
10200.000000 3.326172 60.893047 -0.773514 0.397089
10220.000000 3.301422 60.995437 -0.767908 0.389021
10240.000000 3.277503 61.096461 -0.760615 0.380915
10260.000000 3.254409 61.196059 -0.751760 0.372779
10280.000000 3.232134 61.294178 -0.741462 0.364620
10300.000000 3.210673 61.390766 -0.729837 0.356448
10320.000000 3.190016 61.485774 -0.716997 0.348271
10340.000000 3.170157 61.579156 -0.703050 0.340098
10360.000000 3.151086 61.670871 -0.688099 0.331938
10380.000000 3.132794 61.760879 -0.672244 0.323801
10400.000000 3.115271 61.849145 -0.655581 0.315698
10420.000000 3.098507 61.935640 -0.638200 0.307637
10440.000000 3.082487 62.020336 -0.620189 0.299630
10460.000000 3.067201 62.103210 -0.601630 0.291686
10480.000000 3.052634 62.184244 -0.582601 0.283817
10500.000000 3.038772 62.263425 -0.563176 0.276031
10520.000000 3.025598 62.340744 -0.543424 0.268339
10540.000000 3.013095 62.416194 -0.523411 0.260750
10560.000000 3.001247 62.489777 -0.503196 0.253274
10580.000000 2.990034 62.561496 -0.482836 0.245921
10600.000000 2.979438 62.631358 -0.462383 0.238698
10620.000000 2.969438 62.699377 -0.441883 0.231615
10640.000000 2.960014 62.765570 -0.421381 0.224678
10660.000000 2.951146 62.829955 -0.400914 0.217895
10680.000000 2.942812 62.892557 -0.380520 0.211272
10700.000000 2.934990 62.953404 -0.360227 0.204817
10720.000000 2.927660 63.012527 -0.340065 0.198533
10740.000000 2.920800 63.069959 -0.320058 0.192428
10760.000000 2.914389 63.125738 -0.300226 0.186505
10780.000000 2.908404 63.179902 -0.280587 0.180767
10800.000000 2.902827 63.232494 -0.261156 0.175220
10820.000000 2.897636 63.283558 -0.241943 0.169866
10840.000000 2.892812 63.333140 -0.222960 0.164707
10860.000000 2.888334 63.381289 -0.204211 0.159746
10880.000000 2.884185 63.428054 -0.185703 0.154985
10900.000000 2.880347 63.473486 -0.167436 0.150425
10920.000000 2.876801 63.517637 -0.149411 0.146067
10940.000000 2.873532 63.560562 -0.131628 0.141913
10960.000000 2.870523 63.602315 -0.114081 0.137963
10980.000000 2.867760 63.642952 -0.096768 0.134217
11000.000000 2.865228 63.682529 -0.079682 0.130676
11020.000000 2.862913 63.721102 -0.062816 0.127340
11040.000000 2.860803 63.758729 -0.046161 0.124208
11060.000000 2.858887 63.795469 -0.029708 0.121282
11080.000000 2.857152 63.831378 -0.013446 0.118559
11100.000000 2.855590 63.866516 0.002636 0.116040
11120.000000 2.854190 63.900942 0.018550 0.113726
11140.000000 2.852944 63.934714 0.034308 0.111614
11160.000000 2.851844 63.967892 0.049924 0.109706
11180.000000 2.850883 64.000535 0.065412 0.108001
11200.000000 2.850056 64.032702 0.080785 0.106498
11220.000000 2.849356 64.064452 0.096060 0.105197
11240.000000 2.848779 64.095847 0.111251 0.104099
11260.000000 2.848321 64.126944 0.126373 0.103202
11280.000000 2.847980 64.157805 0.141442 0.102508
11300.000000 2.847752 64.188488 0.156474 0.102017
11320.000000 2.847636 64.219055 0.171487 0.101727
11340.000000 2.847632 64.249564 0.186495 0.101641
11360.000000 2.847740 64.280077 0.201516 0.101758
11380.000000 2.847960 64.310654 0.216566 0.102079
11400.000000 2.848293 64.341355 0.231663 0.102605
11420.000000 2.848743 64.372241 0.246823 0.103337
11440.000000 2.849313 64.403373 0.262063 0.104275
11460.000000 2.850005 64.434813 0.277400 0.105420
11480.000000 2.850827 64.466622 0.292851 0.106775
11500.000000 2.851782 64.498861 0.308433 0.108339
11520.000000 2.852878 64.531592 0.324163 0.110115
11540.000000 2.854122 64.564878 0.340057 0.112104
11560.000000 2.855523 64.598780 0.356131 0.114307
11580.000000 2.857091 64.633361 0.372401 0.116727
11600.000000 2.858835 64.668684 0.388884 0.119364
11620.000000 2.860767 64.704811 0.405594 0.122221
11640.000000 2.862900 64.741805 0.422546 0.125299
11660.000000 2.865247 64.779730 0.439754 0.128600
11680.000000 2.867823 64.818648 0.457231 0.132125
11700.000000 2.870644 64.858622 0.474991 0.135877
11720.000000 2.873728 64.899714 0.493044 0.139856
11740.000000 2.877091 64.941987 0.511402 0.144064
11760.000000 2.880754 64.985502 0.530073 0.148501
11780.000000 2.884738 65.030321 0.549067 0.153170
11800.000000 2.889063 65.076504 0.568388 0.158070
11820.000000 2.893754 65.124111 0.588041 0.163202
11840.000000 2.898834 65.173201 0.608030 0.168565
11860.000000 2.904329 65.223830 0.628354 0.174160
11880.000000 2.910266 65.276053 0.649012 0.179986
11900.000000 2.916671 65.329926 0.669999 0.186040
11920.000000 2.923574 65.385499 0.691306 0.192321
11940.000000 2.931004 65.442821 0.712923 0.198827
11960.000000 2.938992 65.501940 0.734836 0.205554
11980.000000 2.947569 65.562897 0.757025 0.212497
12000.000000 2.956765 65.625735 0.779469 0.219653
12020.000000 2.966613 65.690489 0.802140 0.227016
12040.000000 2.977145 65.757192 0.825006 0.234578
12060.000000 2.988393 65.825871 0.848031 0.242333
12080.000000 3.000389 65.896551 0.871172 0.250272
12100.000000 3.013163 65.969249 0.894382 0.258386
12120.000000 3.026746 66.043979 0.917607 0.266665
12140.000000 3.041167 66.120750 0.940787 0.275098
12160.000000 3.056454 66.199562 0.963856 0.283672
12180.000000 3.072631 66.280411 0.986742 0.292375
12200.000000 3.089724 66.363288 1.009366 0.301193
12220.000000 3.107753 66.448177 1.031641 0.310112
12240.000000 3.126736 66.535055 1.053476 0.319117
12260.000000 3.146689 66.623894 1.074772 0.328191
12280.000000 3.167625 66.714658 1.095423 0.337319
12300.000000 3.189550 66.807307 1.115318 0.346485
12320.000000 3.212470 66.901795 1.134339 0.355670
12340.000000 3.236385 66.998070 1.152360 0.364859
12360.000000 3.261289 67.096074 1.169252 0.374034
12380.000000 3.287174 67.195746 1.184880 0.383177
12400.000000 3.314026 67.297019 1.199101 0.392273
12420.000000 3.341823 67.399823 1.211770 0.401304
12440.000000 3.370542 67.504084 1.222737 0.410253
12460.000000 3.400152 67.609724 1.231844 0.419104
12480.000000 3.430614 67.716665 1.238935 0.427841
12500.000000 3.461886 67.824824 1.243846 0.436448
12520.000000 3.493916 67.934119 1.246413 0.444911
12540.000000 3.526645 68.044466 1.246469 0.453214
12560.000000 3.560006 68.155780 1.243846 0.461341
12580.000000 3.593920 68.267977 1.238378 0.469280
12600.000000 3.628299 68.380973 1.229898 0.477013
12620.000000 3.663041 68.494685 1.218247 0.484528
12640.000000 3.698028 68.609031 1.203267 0.491809
12660.000000 3.733127 68.723934 1.184814 0.498839
12680.000000 3.768183 68.839316 1.162751 0.505603
12700.000000 3.803022 68.955104 1.136961 0.512083
12720.000000 3.837444 69.071229 1.107341 0.518261
12740.000000 3.871226 69.187625 1.073815 0.524116
12760.000000 3.904118 69.304233 1.036333 0.529628
12780.000000 3.935848 69.420997 0.994878 0.534774
12800.000000 3.966118 69.537866 0.949467 0.539531
12820.000000 3.994617 69.654796 0.900161 0.543873
12840.000000 4.021021 69.771750 0.847064 0.547778
12860.000000 4.045002 69.888695 0.790329 0.551222
12880.000000 4.066244 70.005604 0.730162 0.554182
12900.000000 4.084445 70.122458 0.666824 0.556639
12920.000000 4.099336 70.239241 0.600632 0.558580
12940.000000 4.110689 70.355947 0.531960 0.559992
12960.000000 4.118322 70.472572 0.461237 0.560870
12980.000000 4.122112 70.589119 0.388941 0.561212
13000.000000 4.121995 70.705594 0.315590 0.561022
13020.000000 4.117972 70.822009 0.241731 0.560305
13040.000000 4.110104 70.938374 0.167926 0.559070
13060.000000 4.098513 71.054703 0.094736 0.557330
13080.000000 4.083375 71.171006 0.022706 0.555096
13100.000000 4.064919 71.287289 -0.047655 0.552384
13120.000000 4.043413 71.403556 -0.115878 0.549210
13140.000000 4.019162 71.519802 -0.181551 0.545594
13160.000000 3.992494 71.636019 -0.244321 0.541556
13180.000000 3.963752 71.752189 -0.303897 0.537120
13200.000000 3.933282 71.868288 -0.360051 0.532311
13220.000000 3.901427 71.984285 -0.412615 0.527156
13240.000000 3.868512 72.100142 -0.461477 0.521680
13260.000000 3.834842 72.215814 -0.506573 0.515911
13280.000000 3.800697 72.331253 -0.547886 0.509874
13300.000000 3.766324 72.446403 -0.585436 0.503594
13320.000000 3.731940 72.561206 -0.619276 0.497094
13340.000000 3.697729 72.675599 -0.649484 0.490395
13360.000000 3.663846 72.789517 -0.676161 0.483517
13380.000000 3.630419 72.902893 -0.699425 0.476478
13400.000000 3.597549 73.015658 -0.719404 0.469292
13420.000000 3.565316 73.127742 -0.736236 0.461974
13440.000000 3.533784 73.239075 -0.750065 0.454537
13460.000000 3.502998 73.349587 -0.761039 0.446992
13480.000000 3.472992 73.459209 -0.769303 0.439349
13500.000000 3.443789 73.567870 -0.775007 0.431617
13520.000000 3.415407 73.675504 -0.778296 0.423806
13540.000000 3.387854 73.782043 -0.779313 0.415922
13560.000000 3.361135 73.887421 -0.778198 0.407975
13580.000000 3.335252 73.991575 -0.775089 0.399972
13600.000000 3.310204 74.094442 -0.770119 0.391920
13620.000000 3.285988 74.195962 -0.763417 0.383827
13640.000000 3.262598 74.296078 -0.755108 0.375700
13660.000000 3.240031 74.394734 -0.745314 0.367549
13680.000000 3.218278 74.491877 -0.734152 0.359381
13700.000000 3.197333 74.587457 -0.721735 0.351204
13720.000000 3.177189 74.681427 -0.708173 0.343028
13740.000000 3.157837 74.773745 -0.693571 0.334863
13760.000000 3.139267 74.864369 -0.678029 0.326717
13780.000000 3.121469 74.953264 -0.661645 0.318600
13800.000000 3.104434 75.040398 -0.644512 0.310523
13820.000000 3.088149 75.125742 -0.626717 0.302495
13840.000000 3.072601 75.209271 -0.608345 0.294528
13860.000000 3.057778 75.290968 -0.589476 0.286630
13880.000000 3.043664 75.370815 -0.570185 0.278813
13900.000000 3.030245 75.448802 -0.550543 0.271086
13920.000000 3.017504 75.524923 -0.530616 0.263460
13940.000000 3.005423 75.599176 -0.510467 0.255942
13960.000000 2.993984 75.671562 -0.490153 0.248544
13980.000000 2.983169 75.742089 -0.469727 0.241274
14000.000000 2.972958 75.810768 -0.449239 0.234139
14020.000000 2.963330 75.877613 -0.428733 0.227149
14040.000000 2.954264 75.942644 -0.408249 0.220310
14060.000000 2.945741 76.005883 -0.387825 0.213629
14080.000000 2.937738 76.067357 -0.367493 0.207113
14100.000000 2.930234 76.127094 -0.347281 0.200767
14120.000000 2.923208 76.185129 -0.327216 0.194597
14140.000000 2.916638 76.241496 -0.307319 0.188608
14160.000000 2.910503 76.296234 -0.287609 0.182804
14180.000000 2.904782 76.349386 -0.268101 0.177188
14200.000000 2.899455 76.400992 -0.248809 0.171764
14220.000000 2.894501 76.451101 -0.229743 0.166535
14240.000000 2.889902 76.499758 -0.210909 0.161503
14260.000000 2.885637 76.547013 -0.192314 0.156670
14280.000000 2.881689 76.592917 -0.173960 0.152037
14300.000000 2.878040 76.637522 -0.155849 0.147607
14320.000000 2.874674 76.680881 -0.137979 0.143380
14340.000000 2.871574 76.723048 -0.120348 0.139356
14360.000000 2.868724 76.764079 -0.102952 0.135537
14380.000000 2.866110 76.804029 -0.085786 0.131923
14400.000000 2.863719 76.842956 -0.068841 0.128513
14420.000000 2.861537 76.880916 -0.052111 0.125308
14440.000000 2.859553 76.917967 -0.035587 0.122308
14460.000000 2.857754 76.954168 -0.019258 0.119512
14480.000000 2.856131 76.989576 -0.003113 0.116920
14500.000000 2.854674 77.024250 0.012860 0.114533
14520.000000 2.853373 77.058250 0.028672 0.112348
14540.000000 2.852222 77.091634 0.044338 0.110367
14560.000000 2.851212 77.124462 0.059870 0.108589
14580.000000 2.850338 77.156793 0.075283 0.107014
14600.000000 2.849593 77.188686 0.090591 0.105640
14620.000000 2.848972 77.220201 0.105810 0.104470
14640.000000 2.848472 77.251398 0.120955 0.103501
14660.000000 2.848089 77.282337 0.136042 0.102734
14680.000000 2.847821 77.313077 0.151085 0.102170
14700.000000 2.847665 77.343679 0.166103 0.101808
14720.000000 2.847621 77.374201 0.181111 0.101649
14740.000000 2.847689 77.404706 0.196125 0.101693
14760.000000 2.847868 77.435253 0.211163 0.101941
14780.000000 2.848160 77.465902 0.226241 0.102393
14800.000000 2.848568 77.496715 0.241377 0.103051
14820.000000 2.849094 77.527752 0.256586 0.103914
14840.000000 2.849742 77.559075 0.271886 0.104985
14860.000000 2.850517 77.590744 0.287295 0.106265
14880.000000 2.851423 77.622822 0.302828 0.107754
14900.000000 2.852468 77.655369 0.318503 0.109453
14920.000000 2.853658 77.688449 0.334336 0.111366
14940.000000 2.855002 77.722123 0.350343 0.113492
14960.000000 2.856509 77.756453 0.366542 0.115834
14980.000000 2.858188 77.791503 0.382946 0.118393
15000.000000 2.860051 77.827334 0.399573 0.121171
15020.000000 2.862111 77.864010 0.416436 0.124169
15040.000000 2.864379 77.901594 0.433551 0.127390
15060.000000 2.866872 77.940148 0.450930 0.130835
15080.000000 2.869603 77.979736 0.468587 0.134505
15100.000000 2.872590 78.020420 0.486534 0.138402
15120.000000 2.875851 78.062262 0.504781 0.142528
15140.000000 2.879405 78.105325 0.523339 0.146883
15160.000000 2.883271 78.149669 0.542216 0.151469
15180.000000 2.887471 78.195356 0.561419 0.156286
15200.000000 2.892028 78.242446 0.580953 0.161334
15220.000000 2.896965 78.290997 0.600821 0.166615
15240.000000 2.902309 78.341067 0.621026 0.172127
15260.000000 2.908084 78.392712 0.641564 0.177870
15280.000000 2.914318 78.445987 0.662433 0.183842
15300.000000 2.921039 78.500944 0.683627 0.190042
15320.000000 2.928277 78.557634 0.705134 0.196468
15340.000000 2.936061 78.616103 0.726943 0.203116
15360.000000 2.944423 78.676396 0.749035 0.209982
15380.000000 2.953393 78.738555 0.771390 0.217062
15400.000000 2.963004 78.802618 0.793983 0.224351
15420.000000 2.973287 78.868618 0.816784 0.231843
15440.000000 2.984274 78.936585 0.839756 0.239530
15460.000000 2.995998 79.006545 0.862861 0.247404
15480.000000 3.008490 79.078517 0.886052 0.255456
15500.000000 3.021779 79.152518 0.909278 0.263677
15520.000000 3.035896 79.228556 0.932482 0.272056
15540.000000 3.050869 79.306635 0.955599 0.280581
15560.000000 3.066724 79.386755 0.978559 0.289239
15580.000000 3.083486 79.468906 1.001286 0.298018
15600.000000 3.101177 79.553076 1.023696 0.306902
15620.000000 3.119816 79.639243 1.045700 0.315878
15640.000000 3.139420 79.727382 1.067202 0.324929
15660.000000 3.160002 79.817460 1.088097 0.334040
15680.000000 3.181571 79.909438 1.108276 0.343194
15700.000000 3.204134 80.003272 1.127624 0.352374
15720.000000 3.227693 80.098912 1.146019 0.361564
15740.000000 3.252243 80.196303 1.163331 0.370745
15760.000000 3.277777 80.295384 1.179428 0.379902
15780.000000 3.304284 80.396091 1.194171 0.389017
15800.000000 3.331745 80.498354 1.207414 0.398073
15820.000000 3.360136 80.602101 1.219009 0.407053
15840.000000 3.389430 80.707255 1.228801 0.415941
15860.000000 3.419592 80.813739 1.236634 0.424721
15880.000000 3.450578 80.921471 1.242346 0.433377
15900.000000 3.482343 81.030368 1.245773 0.441893
15920.000000 3.514828 81.140347 1.246748 0.450255
15940.000000 3.547971 81.251324 1.245106 0.458447
15960.000000 3.581696 81.363214 1.240677 0.466455
15980.000000 3.615920 81.475933 1.233296 0.474264
16000.000000 3.650544 81.589397 1.222801 0.481859
16020.000000 3.685458 81.703525 1.209033 0.489225
16040.000000 3.720533 81.818237 1.191841 0.496347
16060.000000 3.755624 81.933456 1.171088 0.503209
16080.000000 3.790562 82.049107 1.146647 0.509792
16100.000000 3.825158 82.165119 1.118411 0.516081
16120.000000 3.859197 82.281425 1.086294 0.522054
16140.000000 3.892439 82.397964 1.050235 0.527692
16160.000000 3.924618 82.514677 1.010204 0.532972
16180.000000 3.955447 82.631514 0.966208 0.537871
16200.000000 3.984619 82.748427 0.918290 0.542365
16220.000000 4.011811 82.865377 0.866538 0.546429
16240.000000 4.036699 82.982328 0.811087 0.550041
16260.000000 4.058959 83.099253 0.752124 0.553177
16280.000000 4.078283 83.216128 0.689890 0.555817
16300.000000 4.094391 83.332938 0.624681 0.557944
16320.000000 4.107036 83.449672 0.556852 0.559546
16340.000000 4.116021 83.566326 0.486813 0.560616
16360.000000 4.121199 83.682900 0.415023 0.561151
16380.000000 4.122488 83.799400 0.341988 0.561151
16400.000000 4.119862 83.915835 0.268247 0.560622
16420.000000 4.113362 84.032217 0.194358 0.559572
16440.000000 4.103089 84.148558 0.120884 0.558012
16460.000000 4.089200 84.264869 0.048377 0.555953
16480.000000 4.071905 84.381158 -0.022639 0.553411
16500.000000 4.051460 84.497431 -0.091679 0.550401
16520.000000 4.028156 84.613686 -0.158311 0.546941
16540.000000 4.002316 84.729915 -0.222159 0.543052
16560.000000 3.974278 84.846104 -0.282910 0.538756
16580.000000 3.944389 84.962232 -0.340314 0.534078
16600.000000 3.912992 85.078269 -0.394181 0.529043
16620.000000 3.880420 85.194181 -0.444381 0.523679
16640.000000 3.846988 85.309925 -0.490832 0.518012
16660.000000 3.812984 85.425454 -0.533502 0.512068
16680.000000 3.778666 85.540714 -0.572397 0.505873
16700.000000 3.744263 85.655648 -0.607560 0.499449
16720.000000 3.709970 85.770196 -0.639060 0.492820
16740.000000 3.675954 85.884292 -0.666991 0.486004
16760.000000 3.642350 85.997870 -0.691465 0.479020
16780.000000 3.609270 86.110862 -0.712606 0.471885
16800.000000 3.576801 86.223198 -0.730551 0.464613
16820.000000 3.545011 86.334809 -0.745441 0.457218
16840.000000 3.513953 86.445623 -0.757422 0.449710
16860.000000 3.483663 86.555572 -0.766641 0.442101
16880.000000 3.454171 86.664586 -0.773247 0.434400
16900.000000 3.425493 86.772596 -0.777385 0.426616
16920.000000 3.397641 86.879536 -0.779200 0.418758
16940.000000 3.370623 86.985338 -0.778835 0.410833
16960.000000 3.344441 87.089938 -0.776426 0.402849
16980.000000 3.319093 87.193274 -0.772108 0.394813
17000.000000 3.294579 87.295284 -0.766012 0.386734
17020.000000 3.270893 87.395910 -0.758266 0.378619
17040.000000 3.248032 87.495096 -0.748991 0.370475
17060.000000 3.225987 87.592787 -0.738306 0.362312
17080.000000 3.204754 87.688933 -0.726327 0.354137
17100.000000 3.184323 87.783486 -0.713163 0.345960
17120.000000 3.164688 87.876402 -0.698922 0.337790
17140.000000 3.145838 87.967638 -0.683706 0.329636
17160.000000 3.127765 88.057157 -0.667613 0.321507
17180.000000 3.110458 88.144926 -0.650738 0.313415
17200.000000 3.093905 88.230915 -0.633171 0.305369
17220.000000 3.078094 88.315098 -0.614997 0.297378
17240.000000 3.063013 88.397454 -0.596297 0.289455
17260.000000 3.048646 88.477966 -0.577149 0.281607
17280.000000 3.034980 88.556621 -0.557625 0.273847
17300.000000 3.021997 88.633412 -0.537793 0.266183
17320.000000 3.009681 88.708335 -0.517716 0.258626
17340.000000 2.998015 88.781390 -0.497455 0.251184
17360.000000 2.986978 88.852583 -0.477064 0.243866
17380.000000 2.976552 88.921923 -0.456593 0.236682
17400.000000 2.966717 88.989424 -0.436088 0.229639
17420.000000 2.957453 89.055103 -0.415592 0.222745
17440.000000 2.948738 89.118982 -0.395142 0.216007
17460.000000 2.940550 89.181086 -0.374773 0.209431
17480.000000 2.932870 89.241442 -0.354515 0.203023
17500.000000 2.925675 89.300084 -0.334395 0.196790
17520.000000 2.918944 89.357045 -0.314435 0.190735
17540.000000 2.912655 89.412363 -0.294656 0.184864
17560.000000 2.906788 89.466079 -0.275074 0.179181
17580.000000 2.901322 89.518234 -0.255704 0.173687
17600.000000 2.896237 89.568875 -0.236555 0.168388
17620.000000 2.891512 89.618047 -0.217638 0.163285
17640.000000 2.887129 89.665799 -0.198957 0.158380
17660.000000 2.883070 89.712182 -0.180516 0.153676
17680.000000 2.879316 89.757247 -0.162318 0.149173
17700.000000 2.875850 89.801047 -0.144361 0.144873
17720.000000 2.872656 89.843635 -0.126645 0.140776
17740.000000 2.869718 89.885067 -0.109166 0.136884
17760.000000 2.867021 89.925398 -0.091917 0.133196
17780.000000 2.864552 89.964686 -0.074894 0.129713
17800.000000 2.862296 90.002986 -0.058088 0.126434
17820.000000 2.860243 90.040356 -0.041491 0.123361
17840.000000 2.858378 90.076855 -0.025093 0.120491
17860.000000 2.856694 90.112541 -0.008883 0.117827
17880.000000 2.855178 90.147472 0.007150 0.115366
17900.000000 2.853822 90.181707 0.023018 0.113109
17920.000000 2.852618 90.215305 0.038735 0.111055
17940.000000 2.851559 90.248325 0.054313 0.109204
17960.000000 2.850636 90.280828 0.069767 0.107555
17980.000000 2.849845 90.312871 0.085111 0.106110
18000.000000 2.849181 90.344515 0.100361 0.104866
18020.000000 2.848638 90.375819 0.115530 0.103825
18040.000000 2.848213 90.406844 0.130636 0.102986
18060.000000 2.847904 90.437648 0.145693 0.102349
18080.000000 2.847708 90.468293 0.160718 0.101914
18100.000000 2.847624 90.498837 0.175728 0.101682
18120.000000 2.847651 90.529341 0.190738 0.101654
18140.000000 2.847791 90.559866 0.205765 0.101828
18160.000000 2.848042 90.590472 0.220827 0.102207
18180.000000 2.848409 90.621219 0.235940 0.102791
18200.000000 2.848892 90.652168 0.251121 0.103581
18220.000000 2.849496 90.683382 0.266387 0.104577
18240.000000 2.850224 90.714919 0.281754 0.105782
18260.000000 2.851083 90.746843 0.297241 0.107195
18280.000000 2.852077 90.779215 0.312863 0.108819
18300.000000 2.853214 90.812097 0.328637 0.110655
18320.000000 2.854502 90.845550 0.344580 0.112705
18340.000000 2.855949 90.879638 0.360708 0.114969
18360.000000 2.857565 90.914422 0.377037 0.117450
18380.000000 2.859361 90.949966 0.393582 0.120149
18400.000000 2.861349 90.986332 0.410359 0.123068
18420.000000 2.863541 91.023583 0.427382 0.126209
18440.000000 2.865951 91.061782 0.444665 0.129573
18460.000000 2.868595 91.100992 0.462221 0.133163
18480.000000 2.871488 91.141275 0.480062 0.136978
18500.000000 2.874649 91.182695 0.498201 0.141022
18520.000000 2.878095 91.225313 0.516646 0.145294
18540.000000 2.881847 91.269190 0.535408 0.149797
18560.000000 2.885924 91.314389 0.554493 0.154531
18580.000000 2.890351 91.360968 0.573908 0.159497
18600.000000 2.895149 91.408988 0.593656 0.164694
18620.000000 2.900344 91.458507 0.613740 0.170123
18640.000000 2.905961 91.509581 0.634159 0.175783
18660.000000 2.912027 91.562266 0.654910 0.181673
18680.000000 2.918570 91.616613 0.675988 0.187792
18700.000000 2.925619 91.672676 0.697384 0.194137
18720.000000 2.933204 91.730501 0.719086 0.200706
18740.000000 2.941355 91.790135 0.741079 0.207494
18760.000000 2.950103 91.851620 0.763343 0.214498
18780.000000 2.959481 91.914996 0.785854 0.221713
18800.000000 2.969519 91.980297 0.808583 0.229133
18820.000000 2.980250 92.047556 0.831498 0.236750
18840.000000 2.991706 92.116798 0.854561 0.244558
18860.000000 3.003919 92.188047 0.877727 0.252548
18880.000000 3.016919 92.261319 0.900947 0.260710
18900.000000 3.030736 92.336625 0.924165 0.269033
18920.000000 3.045398 92.413972 0.947321 0.277507
18940.000000 3.060934 92.493361 0.970346 0.286119
18960.000000 3.077368 92.574784 0.993166 0.294856
18980.000000 3.094723 92.658232 1.015700 0.303704
19000.000000 3.113020 92.743686 1.037860 0.312649
19020.000000 3.132276 92.831121 1.059553 0.321675
19040.000000 3.152506 92.920507 1.080678 0.330766
19060.000000 3.173720 93.011808 1.101127 0.339906
19080.000000 3.195927 93.104982 1.120787 0.349079
19100.000000 3.219128 93.199981 1.139538 0.358267
19120.000000 3.243323 93.296750 1.157254 0.367454
19140.000000 3.268506 93.395232 1.173803 0.376622
19160.000000 3.294665 93.495364 1.189047 0.385754
19180.000000 3.321786 93.597077 1.202845 0.394832
19200.000000 3.349847 93.700300 1.215049 0.403842
19220.000000 3.378821 93.804958 1.225506 0.412765
19240.000000 3.408675 93.910974 1.234060 0.421585
19260.000000 3.439371 94.018268 1.240551 0.430287
19280.000000 3.470863 94.126757 1.244817 0.438855
19300.000000 3.503097 94.236358 1.246691 0.447274
19320.000000 3.536012 94.346986 1.246007 0.455529
19340.000000 3.569537 94.458558 1.242597 0.463605
19360.000000 3.603593 94.570989 1.236294 0.471487
19380.000000 3.638085 94.684196 1.226934 0.479160
19400.000000 3.672909 94.798095 1.214357 0.486610
19420.000000 3.707942 94.912607 1.198411 0.493822
19440.000000 3.743045 95.027652 1.178950 0.500778
19460.000000 3.778059 95.143156 1.155846 0.507464
19480.000000 3.812801 95.259047 1.128982 0.513860
19500.000000 3.847066 95.375255 1.098265 0.519949
19520.000000 3.880623 95.491717 1.063625 0.525709
19540.000000 3.913215 95.608374 1.025020 0.531120
19560.000000 3.944563 95.725172 0.982444 0.536159
19580.000000 3.974366 95.842063 0.935925 0.540801
19600.000000 4.002305 95.959004 0.885535 0.545022
19620.000000 4.028057 96.075958 0.831392 0.548799
19640.000000 4.051296 96.192895 0.773664 0.552108
19660.000000 4.071708 96.309791 0.712572 0.554928
19680.000000 4.089000 96.426625 0.648392 0.557241
19700.000000 4.102912 96.543388 0.581459 0.559033
19720.000000 4.113229 96.660070 0.512162 0.560294
19740.000000 4.119786 96.776673 0.440944 0.561021
19760.000000 4.122476 96.893199 0.368296 0.561212
19780.000000 4.121253 97.009656 0.294745 0.560872
19800.000000 4.116134 97.126055 0.220844 0.560008
19820.000000 4.107199 97.242409 0.147156 0.558629
19840.000000 4.094586 97.358730 0.074240 0.556748
19860.000000 4.078485 97.475026 0.002631 0.554378
19880.000000 4.059138 97.591305 -0.067170 0.551533
19900.000000 4.036824 97.707566 -0.134712 0.548232
19920.000000 4.011856 97.823806 -0.199598 0.544495
19940.000000 3.984567 97.940012 -0.261491 0.540342
19960.000000 3.955301 98.056165 -0.320121 0.535798
19980.000000 3.924406 98.172238 -0.375275 0.530888
20000.000000 3.892219 98.288199 -0.426802 0.525639
20020.000000 3.859061 98.404009 -0.474604 0.520078
20040.000000 3.825230 98.519620 -0.518631 0.514231
20060.000000 3.790997 98.634983 -0.558877 0.508123
20080.000000 3.756600 98.750041 -0.595372 0.501778
20100.000000 3.722247 98.864735 -0.628176 0.495220
20120.000000 3.688114 98.979000 -0.657376 0.488469
20140.000000 3.654349 99.092772 -0.683076 0.481544
20160.000000 3.621069 99.205982 -0.705398 0.474461
20180.000000 3.588372 99.318562 -0.724473 0.467237
20200.000000 3.556332 99.430441 -0.740442 0.459884
20220.000000 3.525006 99.541549 -0.753450 0.452415
20240.000000 3.494438 99.651817 -0.763642 0.444841
20260.000000 3.464657 99.761174 -0.771169 0.437172
20280.000000 3.435685 99.869552 -0.776175 0.429417
20300.000000 3.407536 99.976883 -0.778807 0.421585
20320.000000 3.380219 100.083100 -0.779208 0.413683
20340.000000 3.353736 100.188139 -0.777516 0.405719
20360.000000 3.328089 100.291935 -0.773868 0.397701
20380.000000 3.303277 100.394428 -0.768395 0.389637
20400.000000 3.279294 100.495557 -0.761226 0.381533
20420.000000 3.256138 100.595266 -0.752486 0.373399
20440.000000 3.233801 100.693499 -0.742293 0.365242
20460.000000 3.212278 100.790205 -0.730766 0.357070
20480.000000 3.191560 100.885335 -0.718014 0.348893
20500.000000 3.171640 100.978843 -0.704148 0.340719
20520.000000 3.152510 101.070686 -0.689270 0.332558
20540.000000 3.134159 101.160825 -0.673481 0.324419
20560.000000 3.116578 101.249225 -0.656876 0.316313
20580.000000 3.099756 101.335856 -0.639546 0.308249
20600.000000 3.083681 101.420689 -0.621580 0.300237
20620.000000 3.068339 101.503703 -0.603060 0.292289
20640.000000 3.053718 101.584878 -0.584064 0.284413
20660.000000 3.039802 101.664200 -0.564667 0.276620
20680.000000 3.026576 101.741661 -0.544938 0.268920
20700.000000 3.014023 101.817254 -0.524942 0.261324
20720.000000 3.002126 101.890978 -0.504741 0.253839
20740.000000 2.990865 101.962839 -0.484390 0.246476
20760.000000 2.980223 102.032842 -0.463942 0.239243
20780.000000 2.970178 102.101001 -0.443444 0.232149
20800.000000 2.960712 102.167331 -0.422940 0.225200
20820.000000 2.951802 102.231853 -0.402470 0.218405
20840.000000 2.943428 102.294591 -0.382068 0.211770
20860.000000 2.935568 102.355570 -0.361767 0.205302
20880.000000 2.928201 102.414823 -0.341595 0.199005
20900.000000 2.921306 102.472383 -0.321575 0.192886
20920.000000 2.914861 102.528286 -0.301729 0.186949
20940.000000 2.908845 102.582571 -0.282075 0.181198
20960.000000 2.903238 102.635282 -0.262627 0.175636
20980.000000 2.898018 102.686460 -0.243398 0.170267
21000.000000 2.893166 102.736154 -0.224396 0.165093
21020.000000 2.888663 102.784410 -0.205630 0.160117
21040.000000 2.884490 102.831278 -0.187103 0.155340
21060.000000 2.880628 102.876809 -0.168818 0.150765
21080.000000 2.877061 102.921057 -0.150775 0.146392
21100.000000 2.873771 102.964073 -0.132973 0.142222
21120.000000 2.870743 103.005914 -0.115409 0.138256
21140.000000 2.867962 103.046633 -0.098078 0.134495
21160.000000 2.865412 103.086289 -0.080975 0.130939
21180.000000 2.863082 103.124936 -0.064092 0.127587
21200.000000 2.860957 103.162634 -0.047421 0.124440
21220.000000 2.859026 103.199438 -0.030953 0.121497
21240.000000 2.857278 103.235409 -0.014677 0.118759
21260.000000 2.855703 103.270604 0.001418 0.116225
21280.000000 2.854291 103.305082 0.017344 0.113895
21300.000000 2.853033 103.338902 0.033114 0.111768
21320.000000 2.851923 103.372122 0.048740 0.109844
21340.000000 2.850952 103.404804 0.064237 0.108123
21360.000000 2.850114 103.437005 0.079619 0.106605
21380.000000 2.849405 103.468785 0.094901 0.105289
21400.000000 2.848819 103.500205 0.110097 0.104175
21420.000000 2.848352 103.531323 0.125224 0.103264
21440.000000 2.848002 103.562199 0.140297 0.102554
21460.000000 2.847765 103.592894 0.155331 0.102047
21480.000000 2.847641 103.623467 0.170345 0.101742
21500.000000 2.847629 103.653979 0.185352 0.101641
21520.000000 2.847728 103.684489 0.200372 0.101742
21540.000000 2.847939 103.715059 0.215419 0.102048
21560.000000 2.848264 103.745748 0.230512 0.102558
21580.000000 2.848705 103.776619 0.245667 0.103274
21600.000000 2.849265 103.807730 0.260900 0.104196
21620.000000 2.849948 103.839144 0.276229 0.105326
21640.000000 2.850759 103.870923 0.291671 0.106664
21660.000000 2.851704 103.903127 0.307243 0.108213
21680.000000 2.852789 103.935819 0.322961 0.109972
21700.000000 2.854022 103.969060 0.338841 0.111945
21720.000000 2.855411 104.002913 0.354901 0.114132
21740.000000 2.856965 104.037440 0.371156 0.116535
21760.000000 2.858695 104.072704 0.387622 0.119156
21780.000000 2.860613 104.108768 0.404314 0.121996
21800.000000 2.862730 104.145694 0.421247 0.125057
21820.000000 2.865060 104.183546 0.438435 0.128341
21840.000000 2.867619 104.222386 0.455891 0.131849
21860.000000 2.870421 104.262277 0.473629 0.135583
21880.000000 2.873483 104.303282 0.491660 0.139545
21900.000000 2.876825 104.345463 0.509994 0.143735
21920.000000 2.880465 104.388882 0.528641 0.148156
21940.000000 2.884423 104.433599 0.547610 0.152806
21960.000000 2.888721 104.479677 0.566906 0.157689
21980.000000 2.893384 104.527173 0.586534 0.162803
22000.000000 2.898433 104.576148 0.606497 0.168149
22020.000000 2.903896 104.626658 0.626796 0.173726
22040.000000 2.909798 104.678758 0.647429 0.179534
22060.000000 2.916166 104.732503 0.668390 0.185571
22080.000000 2.923031 104.787945 0.689674 0.191835
22100.000000 2.930420 104.845133 0.711268 0.198324
22120.000000 2.938364 104.904113 0.733158 0.205034
22140.000000 2.946895 104.964929 0.755327 0.211962
22160.000000 2.956043 105.027622 0.777752 0.219102
22180.000000 2.965840 105.092229 0.800407 0.226448
22200.000000 2.976319 105.158783 0.823260 0.233996
22220.000000 2.987512 105.227311 0.846274 0.241736
22240.000000 2.999449 105.297837 0.869408 0.249662
22260.000000 3.012163 105.370382 0.892615 0.257763
22280.000000 3.025684 105.444957 0.915841 0.266030
22300.000000 3.040040 105.521572 0.939026 0.274451
22320.000000 3.055259 105.600229 0.962106 0.283015
22340.000000 3.071368 105.680923 0.985009 0.291709
22360.000000 3.088390 105.763647 1.007655 0.300519
22380.000000 3.106347 105.848383 1.029960 0.309430
22400.000000 3.125257 105.935111 1.051832 0.318429
22420.000000 3.145137 106.023801 1.073173 0.327499
22440.000000 3.165997 106.114420 1.093877 0.336623
22460.000000 3.187847 106.206928 1.113834 0.345786
22480.000000 3.210691 106.301278 1.132925 0.354971
22500.000000 3.234530 106.397418 1.151027 0.364160
22520.000000 3.259360 106.495293 1.168010 0.373336
22540.000000 3.285170 106.594840 1.183738 0.382483
22560.000000 3.311949 106.695994 1.198072 0.391583
22580.000000 3.339675 106.798684 1.210864 0.400619
22600.000000 3.368325 106.902836 1.221965 0.409575
22620.000000 3.397868 107.008375 1.231220 0.418434
22640.000000 3.428267 107.115219 1.238470 0.427180
22660.000000 3.459479 107.223289 1.243553 0.435798
22680.000000 3.491453 107.332501 1.246304 0.444272
22700.000000 3.524131 107.442770 1.246557 0.452588
22720.000000 3.557446 107.554014 1.244144 0.460729
22740.000000 3.591322 107.666146 1.238898 0.468682
22760.000000 3.625669 107.779084 1.230653 0.476432
22780.000000 3.660387 107.892744 1.219248 0.483964
22800.000000 3.695360 108.007045 1.204527 0.491263
22820.000000 3.730455 108.121908 1.186343 0.498313
22840.000000 3.765521 108.237256 1.164560 0.505098
22860.000000 3.800383 108.353016 1.139057 0.511600
22880.000000 3.834844 108.469118 1.109731 0.517802
22900.000000 3.868683 108.585496 1.076505 0.523682
22920.000000 3.901653 108.702090 1.039325 0.529221
22940.000000 3.933481 108.818843 0.998172 0.534396
22960.000000 3.963873 108.935706 0.953061 0.539183
22980.000000 3.992518 109.052633 0.904048 0.543558
23000.000000 4.019093 109.169587 0.851235 0.547497
23020.000000 4.043270 109.286533 0.794770 0.550976
23040.000000 4.064730 109.403446 0.734856 0.553974
23060.000000 4.083173 109.520304 0.671749 0.556470
23080.000000 4.098325 109.637093 0.605761 0.558450
23100.000000 4.109954 109.753805 0.537264 0.559903
23120.000000 4.117875 109.870436 0.466681 0.560822
23140.000000 4.121960 109.986989 0.394486 0.561205
23160.000000 4.122142 110.103469 0.321196 0.561055
23180.000000 4.118415 110.219888 0.247356 0.560378
23200.000000 4.110836 110.336257 0.173528 0.559182
23220.000000 4.099522 110.452588 0.100272 0.557480
23240.000000 4.084647 110.568892 0.028134 0.555283
23260.000000 4.066434 110.685177 -0.042370 0.552607
23280.000000 4.045150 110.801445 -0.110771 0.549468
23300.000000 4.021097 110.917694 -0.176652 0.545884
23320.000000 3.994601 111.033913 -0.239653 0.541878
23340.000000 3.966004 111.150088 -0.299481 0.537471
23360.000000 3.935654 111.266193 -0.355902 0.532690
23380.000000 3.903892 111.382199 -0.408744 0.527560
23400.000000 3.871046 111.498068 -0.457890 0.522107
23420.000000 3.837425 111.613756 -0.503275 0.516359
23440.000000 3.803306 111.729214 -0.544875 0.510342
23460.000000 3.768943 111.844388 -0.582710 0.504080
23480.000000 3.734552 111.959220 -0.616829 0.497596
23500.000000 3.700322 112.073646 -0.647310 0.490912
23520.000000 3.666410 112.187603 -0.674253 0.484047
23540.000000 3.632944 112.301022 -0.697771 0.477019
23560.000000 3.600028 112.413836 -0.717996 0.469843
23580.000000 3.567745 112.525974 -0.735062 0.462535
23600.000000 3.536158 112.637367 -0.749115 0.455107
23620.000000 3.505313 112.747944 -0.760301 0.447569
23640.000000 3.475247 112.857636 -0.768766 0.439933
23660.000000 3.445983 112.966373 -0.774660 0.432208
23680.000000 3.417538 113.074087 -0.778127 0.424403
23700.000000 3.389921 113.180712 -0.779312 0.416525
23720.000000 3.363139 113.286181 -0.778355 0.408582
23740.000000 3.337193 113.390430 -0.775393 0.400583
23760.000000 3.312081 113.493397 -0.770560 0.392534
23780.000000 3.287801 113.595022 -0.763985 0.384444
23800.000000 3.264349 113.695247 -0.755794 0.376320
23820.000000 3.241719 113.794015 -0.746109 0.368170
23840.000000 3.219905 113.891275 -0.735047 0.360003
23860.000000 3.198899 113.986976 -0.722722 0.351826
23880.000000 3.178694 114.081070 -0.709243 0.343650
23900.000000 3.159282 114.173515 -0.694716 0.335483
23920.000000 3.140652 114.264270 -0.679243 0.327336
23940.000000 3.122797 114.353297 -0.662920 0.319216
23960.000000 3.105704 114.440566 -0.645840 0.311136
23980.000000 3.089362 114.526047 -0.628093 0.303104
24000.000000 3.073759 114.609716 -0.609762 0.295132
24020.000000 3.058881 114.691552 -0.590928 0.287229
24040.000000 3.044714 114.771540 -0.571666 0.279405
24060.000000 3.031242 114.849670 -0.552048 0.271671
24080.000000 3.018450 114.925933 -0.532141 0.264036
24100.000000 3.006319 115.000327 -0.512007 0.256510
24120.000000 2.994832 115.072856 -0.491703 0.249103
24140.000000 2.983970 115.143524 -0.471284 0.241822
24160.000000 2.973714 115.212343 -0.450799 0.234677
24180.000000 2.964042 115.279327 -0.430293 0.227675
24200.000000 2.954935 115.344495 -0.409806 0.220824
24220.000000 2.946371 115.407870 -0.389376 0.214131
24240.000000 2.938329 115.469476 -0.369036 0.207603
24260.000000 2.930788 115.529345 -0.348814 0.201244
24280.000000 2.923727 115.587508 -0.328737 0.195061
24300.000000 2.917123 115.644000 -0.308826 0.189057
24320.000000 2.910955 115.698862 -0.289101 0.183239
24340.000000 2.905204 115.752132 -0.269578 0.177609
24360.000000 2.899847 115.803855 -0.250269 0.172170
24380.000000 2.894866 115.854076 -0.231185 0.166926
24400.000000 2.890240 115.902842 -0.212334 0.161879
24420.000000 2.885950 115.950202 -0.193721 0.157030
24440.000000 2.881979 115.996207 -0.175348 0.152383
24460.000000 2.878308 116.040909 -0.157219 0.147937
24480.000000 2.874921 116.084360 -0.139330 0.143694
24500.000000 2.871800 116.126616 -0.121682 0.139655
24520.000000 2.868932 116.167732 -0.104268 0.135821
24540.000000 2.866301 116.207762 -0.087084 0.132191
24560.000000 2.863893 116.246765 -0.070123 0.128765
24580.000000 2.861696 116.284796 -0.053377 0.125545
24600.000000 2.859697 116.321915 -0.036837 0.122529
24620.000000 2.857885 116.358178 -0.020494 0.119718
24640.000000 2.856249 116.393644 -0.004335 0.117111
24660.000000 2.854779 116.428372 0.011650 0.114707
24680.000000 2.853467 116.462421 0.027475 0.112507
24700.000000 2.852305 116.495850 0.043151 0.110511
24720.000000 2.851284 116.528718 0.058692 0.108717
24740.000000 2.850400 116.561085 0.074114 0.107126
24760.000000 2.849645 116.593009 0.089430 0.105738
24780.000000 2.849015 116.624551 0.104655 0.104552
24800.000000 2.848506 116.655771 0.119805 0.103567
24820.000000 2.848114 116.686727 0.134895 0.102785
24840.000000 2.847837 116.717480 0.149942 0.102206
24860.000000 2.847673 116.748090 0.164961 0.101828
24880.000000 2.847621 116.778617 0.179969 0.101654
24900.000000 2.847679 116.809121 0.194982 0.101682
24920.000000 2.847850 116.839662 0.210018 0.101915
24940.000000 2.848134 116.870302 0.225092 0.102351
24960.000000 2.848533 116.901100 0.240223 0.102993
24980.000000 2.849050 116.932118 0.255426 0.103841
25000.000000 2.849689 116.963417 0.270719 0.104897
25020.000000 2.850453 116.995057 0.286118 0.106160
25040.000000 2.851350 117.027102 0.301641 0.107633
25060.000000 2.852384 117.059611 0.317305 0.109317
25080.000000 2.853562 117.092648 0.333125 0.111213
25100.000000 2.854894 117.126275 0.349119 0.113323
25120.000000 2.856388 117.160553 0.365302 0.115648
25140.000000 2.858054 117.195545 0.381690 0.118191
25160.000000 2.859903 117.231315 0.398300 0.120952
25180.000000 2.861947 117.267925 0.415145 0.123933
25200.000000 2.864199 117.305437 0.432239 0.127137
25220.000000 2.866674 117.343916 0.449598 0.130565
25240.000000 2.869387 117.383423 0.467234 0.134218
25260.000000 2.872354 117.424021 0.485158 0.138098
25280.000000 2.875593 117.465773 0.503382 0.142206
25300.000000 2.879123 117.508740 0.521916 0.146544
25320.000000 2.882965 117.552985 0.540769 0.151112
25340.000000 2.887139 117.598568 0.559946 0.155911
25360.000000 2.891668 117.645549 0.579455 0.160942
25380.000000 2.896576 117.693986 0.599298 0.166205
25400.000000 2.901887 117.743939 0.619477 0.171699
25420.000000 2.907628 117.795463 0.639990 0.177425
25440.000000 2.913827 117.848612 0.660834 0.183380
25460.000000 2.920510 117.903439 0.682003 0.189563
25480.000000 2.927707 117.959995 0.703487 0.195971
25500.000000 2.935449 118.018327 0.725273 0.202602
25520.000000 2.943765 118.078480 0.747345 0.209452
25540.000000 2.952688 118.140496 0.769681 0.216516
25560.000000 2.962249 118.204412 0.792257 0.223790
25580.000000 2.972480 118.270264 0.815042 0.231266
25600.000000 2.983413 118.338080 0.838003 0.238938
25620.000000 2.995080 118.407888 0.861099 0.246798
25640.000000 3.007512 118.479707 0.884286 0.254838
25660.000000 3.020739 118.553552 0.907511 0.263046
25680.000000 3.034793 118.629435 0.930718 0.271413
25700.000000 3.049699 118.707359 0.953844 0.279928
25720.000000 3.065486 118.787324 0.976819 0.288576
25740.000000 3.082178 118.869321 0.999567 0.297346
25760.000000 3.099798 118.953338 1.022004 0.306223
25780.000000 3.118364 119.039354 1.044043 0.315192
25800.000000 3.137894 119.127344 1.065586 0.324238
25820.000000 3.158401 119.217276 1.086531 0.333345
25840.000000 3.179895 119.309111 1.106769 0.342496
25860.000000 3.202383 119.402805 1.126184 0.351675
25880.000000 3.225865 119.498310 1.144656 0.360864
25900.000000 3.250340 119.595570 1.162055 0.370047
25920.000000 3.275800 119.694524 1.178250 0.379207
25940.000000 3.302233 119.795110 1.193100 0.388325
25960.000000 3.329622 119.897257 1.206462 0.397386
25980.000000 3.357944 120.000893 1.218188 0.406373
26000.000000 3.387171 120.105943 1.228123 0.415269
26020.000000 3.417267 120.212329 1.236110 0.424057
26040.000000 3.448193 120.319968 1.241989 0.432723
26060.000000 3.479900 120.428780 1.245596 0.441250
26080.000000 3.512333 120.538680 1.246764 0.449624
26100.000000 3.545428 120.649584 1.245327 0.457830
26120.000000 3.579112 120.761407 1.241116 0.465852
26140.000000 3.613301 120.874066 1.233965 0.473677
26160.000000 3.647898 120.987477 1.223712 0.481289
26180.000000 3.682794 121.101557 1.210199 0.488673
26200.000000 3.717862 121.216227 1.193273 0.495814
26220.000000 3.752957 121.331410 1.172795 0.502696
26240.000000 3.787913 121.447030 1.148639 0.509302
26260.000000 3.822543 121.563017 1.120695 0.515613
26280.000000 3.856632 121.679303 1.088875 0.521611
26300.000000 3.889943 121.795827 1.053118 0.527275
26320.000000 3.922214 121.912529 1.013390 0.532583
26340.000000 3.953156 122.029358 0.969694 0.537512
26360.000000 3.982465 122.146267 0.922072 0.542038
26380.000000 4.009819 122.263215 0.870607 0.546136
26400.000000 4.034894 122.380167 0.815432 0.549783
26420.000000 4.057365 122.497095 0.756728 0.552955
26440.000000 4.076923 122.613974 0.694733 0.555634
26460.000000 4.093284 122.730790 0.629739 0.557800
26480.000000 4.106201 122.847530 0.562096 0.559443
26500.000000 4.115469 122.964190 0.492209 0.560554
26520.000000 4.120942 123.080770 0.420535 0.561129
26540.000000 4.122527 123.197275 0.347577 0.561169
26560.000000 4.120199 123.313715 0.273870 0.560681
26580.000000 4.113991 123.430101 0.199972 0.559670
26600.000000 4.104000 123.546444 0.126447 0.558148
26620.000000 4.090379 123.662757 0.053847 0.556127
26640.000000 4.073335 123.779048 -0.017300 0.553621
26660.000000 4.053119 123.895322 -0.086506 0.550646
26680.000000 4.030023 124.011578 -0.153335 0.547219
26700.000000 4.004364 124.127810 -0.217406 0.543362
26720.000000 3.976481 124.244003 -0.278402 0.539096
26740.000000 3.946720 124.360136 -0.336068 0.534446
26760.000000 3.915426 124.476181 -0.390211 0.529438
26780.000000 3.882933 124.592104 -0.440693 0.524098
26800.000000 3.849555 124.707862 -0.487431 0.518453
26820.000000 3.815585 124.823409 -0.530388 0.512530
26840.000000 3.781282 124.938692 -0.569570 0.506353
26860.000000 3.746878 125.053653 -0.605014 0.499946
26880.000000 3.712571 125.168232 -0.636790 0.493331
26900.000000 3.678529 125.282365 -0.664989 0.486529
26920.000000 3.644889 125.395985 -0.689721 0.479557
26940.000000 3.611766 125.509024 -0.711112 0.472433
26960.000000 3.579248 125.621412 -0.729295 0.465171
26980.000000 3.547405 125.733081 -0.744412 0.457784
27000.000000 3.516289 125.843958 -0.756609 0.450285
27020.000000 3.485940 125.953976 -0.766033 0.442683
27040.000000 3.456386 126.063063 -0.772833 0.434989
27060.000000 3.427646 126.171152 -0.777154 0.427211
27080.000000 3.399731 126.278175 -0.779141 0.419358
27100.000000 3.372649 126.384066 -0.778936 0.411438
27120.000000 3.346403 126.488760 -0.776678 0.403458
27140.000000 3.320992 126.592194 -0.772501 0.395426
27160.000000 3.296415 126.694307 -0.766536 0.387350
27180.000000 3.272666 126.795041 -0.758910 0.379237
27200.000000 3.249742 126.894338 -0.749747 0.371096
27220.000000 3.227636 126.992145 -0.739166 0.362934
27240.000000 3.206341 127.088410 -0.727281 0.354760
27260.000000 3.185850 127.183086 -0.714204 0.346582
27280.000000 3.166154 127.276127 -0.700041 0.338411
27300.000000 3.147245 127.367492 -0.684896 0.330255
27320.000000 3.129113 127.457144 -0.668866 0.322125
27340.000000 3.111748 127.545047 -0.652048 0.314029
27360.000000 3.095138 127.631172 -0.634530 0.305979
27380.000000 3.079271 127.715493 -0.616399 0.297984
27400.000000 3.064135 127.797989 -0.597736 0.290055
27420.000000 3.049715 127.878642 -0.578620 0.282202
27440.000000 3.035995 127.957439 -0.559122 0.274434
27460.000000 3.022961 128.034372 -0.539311 0.266763
27480.000000 3.010595 128.109436 -0.519251 0.259197
27500.000000 2.998880 128.182634 -0.499002 0.251746
27520.000000 2.987796 128.253968 -0.478619 0.244419
27540.000000 2.977324 128.323449 -0.458152 0.237224
27560.000000 2.967445 128.391089 -0.437648 0.230170
27580.000000 2.958138 128.456907 -0.417150 0.223264
27600.000000 2.949382 128.520921 -0.396696 0.216514
27620.000000 2.941155 128.583159 -0.376320 0.209925
27640.000000 2.933437 128.643647 -0.356052 0.203505
27660.000000 2.926206 128.702418 -0.335920 0.197258
27680.000000 2.919440 128.759506 -0.315948 0.191190
27700.000000 2.913118 128.814948 -0.296154 0.185304
27720.000000 2.907220 128.868784 -0.276557 0.179606
27740.000000 2.901724 128.921057 -0.257170 0.174099
27760.000000 2.896610 128.971811 -0.238004 0.168784
27780.000000 2.891859 129.021093 -0.219069 0.163666
27800.000000 2.887451 129.068952 -0.200369 0.158746
27820.000000 2.883368 129.115437 -0.181910 0.154027
27840.000000 2.879591 129.160600 -0.163694 0.149508
27860.000000 2.876104 129.204494 -0.145719 0.145193
27880.000000 2.872890 129.247173 -0.127985 0.141081
27900.000000 2.869933 129.288691 -0.110487 0.137173
27920.000000 2.867218 129.329104 -0.093222 0.133469
27940.000000 2.864732 129.368469 -0.076182 0.129970
27960.000000 2.862461 129.406842 -0.059360 0.126677
27980.000000 2.860392 129.444281 -0.042747 0.123587
28000.000000 2.858514 129.480844 -0.026334 0.120703
28020.000000 2.856816 129.516590 -0.010110 0.118022
28040.000000 2.855287 129.551576 0.005936 0.115546
28060.000000 2.853920 129.585862 0.021816 0.113273
28080.000000 2.852705 129.619506 0.037544 0.111204
28100.000000 2.851634 129.652569 0.053132 0.109337
28120.000000 2.850702 129.685108 0.068595 0.107674
28140.000000 2.849901 129.717184 0.083948 0.106213
28160.000000 2.849227 129.748857 0.099204 0.104954
28180.000000 2.848675 129.780185 0.114379 0.103897
28200.000000 2.848241 129.811229 0.129488 0.103043
28220.000000 2.847923 129.842048 0.144549 0.102390
28240.000000 2.847719 129.872702 0.159576 0.101940
28260.000000 2.847626 129.903252 0.174586 0.101693
28280.000000 2.847645 129.933757 0.189595 0.101649
28300.000000 2.847776 129.964278 0.204621 0.101808
28320.000000 2.848019 129.994875 0.219680 0.102171
28340.000000 2.848377 130.025610 0.234788 0.102740
28360.000000 2.848851 130.056542 0.249963 0.103514
28380.000000 2.849445 130.087733 0.265222 0.104494
28400.000000 2.850164 130.119244 0.280581 0.105683
28420.000000 2.851013 130.151136 0.296058 0.107080
28440.000000 2.851996 130.183472 0.311669 0.108688
28460.000000 2.853122 130.216313 0.327432 0.110508
28480.000000 2.854398 130.249720 0.343361 0.112541
28500.000000 2.855833 130.283758 0.359475 0.114789
28520.000000 2.857436 130.318487 0.375788 0.117254
28540.000000 2.859218 130.353971 0.392316 0.119936
28560.000000 2.861190 130.390272 0.409074 0.122839
28580.000000 2.863366 130.427453 0.426078 0.125962
28600.000000 2.865760 130.465578 0.443341 0.129310
28620.000000 2.868385 130.504709 0.460875 0.132882
28640.000000 2.871259 130.544908 0.478695 0.136680
28660.000000 2.874399 130.586239 0.496810 0.140706
28680.000000 2.877822 130.628764 0.515232 0.144961
28700.000000 2.881550 130.672543 0.533969 0.149447
28720.000000 2.885602 130.717639 0.553030 0.154163
28740.000000 2.890001 130.764112 0.572419 0.159111
28760.000000 2.894770 130.812020 0.592142 0.164291
28780.000000 2.899934 130.861423 0.612200 0.169702
28800.000000 2.905518 130.912377 0.632594 0.175345
28820.000000 2.911549 130.964937 0.653320 0.181217
28840.000000 2.918055 131.019156 0.674373 0.187319
28860.000000 2.925064 131.075086 0.695746 0.193647
28880.000000 2.932607 131.132776 0.717425 0.200198
28900.000000 2.940714 131.192271 0.739396 0.206970
28920.000000 2.949416 131.253614 0.761640 0.213958
28940.000000 2.958744 131.316844 0.784133 0.221157
28960.000000 2.968731 131.381998 0.806847 0.228561
28980.000000 2.979409 131.449107 0.829750 0.236164
29000.000000 2.990809 131.518198 0.852802 0.243958
29020.000000 3.002963 131.589293 0.875962 0.251934
29040.000000 3.015901 131.662410 0.899180 0.260083
29060.000000 3.029655 131.737561 0.922400 0.268395
29080.000000 3.044253 131.814753 0.945563 0.276857
29100.000000 3.059721 131.893986 0.968600 0.285459
29120.000000 3.076086 131.975256 0.991439 0.294187
29140.000000 3.093370 132.058550 1.013997 0.303028
29160.000000 3.111594 132.143852 1.036190 0.311965
29180.000000 3.130777 132.231137 1.057922 0.320986
29200.000000 3.150932 132.320376 1.079093 0.330072
29220.000000 3.172072 132.411533 1.099598 0.339210
29240.000000 3.194202 132.504566 1.119322 0.348381
29260.000000 3.217328 132.599428 1.138147 0.357568
29280.000000 3.241448 132.696065 1.155946 0.366756
29300.000000 3.266555 132.794419 1.172588 0.375925
29320.000000 3.292641 132.894427 1.187937 0.385061
29340.000000 3.319690 132.996022 1.201850 0.394144
29360.000000 3.347680 133.099133 1.214180 0.403159
29380.000000 3.376586 133.203685 1.224775 0.412089
29400.000000 3.406374 133.309600 1.233480 0.420918
29420.000000 3.437008 133.416800 1.240134 0.429630
29440.000000 3.468441 133.525200 1.244574 0.438209
29460.000000 3.500620 133.634720 1.246636 0.446639
29480.000000 3.533485 133.745273 1.246152 0.454907
29500.000000 3.566967 133.856777 1.242956 0.462997
29520.000000 3.600985 133.969145 1.236879 0.470894
29540.000000 3.635448 134.082296 1.227757 0.478584
29560.000000 3.670251 134.196145 1.215430 0.486052
29580.000000 3.705273 134.310613 1.199745 0.493282
29600.000000 3.740376 134.425621 1.180557 0.500259
29620.000000 3.775402 134.541092 1.157734 0.506965
29640.000000 3.810172 134.656956 1.131160 0.513384
29660.000000 3.844481 134.773142 1.100739 0.519497
29680.000000 3.878101 134.889587 1.066399 0.525283
29700.000000 3.910776 135.006231 1.028097 0.530721
29720.000000 3.942229 135.123020 0.985822 0.535789
29740.000000 3.972160 135.239906 0.939600 0.540462
29760.000000 4.000253 135.356844 0.889501 0.544717
29780.000000 4.026183 135.473798 0.835639 0.548528
29800.000000 4.049624 135.590738 0.778177 0.551873
29820.000000 4.070261 135.707637 0.717331 0.554731
29840.000000 4.087800 135.824477 0.653376 0.557083
29860.000000 4.101978 135.941245 0.586639 0.558915
29880.000000 4.112575 136.057934 0.517507 0.560217
29900.000000 4.119422 136.174542 0.446418 0.560984
29920.000000 4.122409 136.291074 0.373861 0.561216
29940.000000 4.121483 136.407536 0.300359 0.560916
29960.000000 4.116659 136.523939 0.226465 0.560092
29980.000000 4.108010 136.640296 0.152742 0.558752
30000.000000 4.095670 136.756619 0.079748 0.556909
30020.000000 4.079827 136.872917 0.008021 0.554575
30040.000000 4.060718 136.989197 -0.061935 0.551766
30060.000000 4.038619 137.105460 -0.129663 0.548499
30080.000000 4.013841 137.221702 -0.194763 0.544794
30100.000000 3.986716 137.337910 -0.256895 0.540672
30120.000000 3.957589 137.454068 -0.315781 0.536157
30140.000000 3.926806 137.570149 -0.371206 0.531274
30160.000000 3.894705 137.686120 -0.423013 0.526050
30180.000000 3.861610 137.801942 -0.471100 0.520512
30200.000000 3.827821 137.917571 -0.515415 0.514685
30220.000000 3.793609 138.032954 -0.555948 0.508596
30240.000000 3.759217 138.148038 -0.592727 0.502269
30260.000000 3.724854 138.262761 -0.625809 0.495726
30280.000000 3.690700 138.377061 -0.655279 0.488989
30300.000000 3.656901 138.490873 -0.681241 0.482076
30320.000000 3.623581 138.604128 -0.703815 0.475005
30340.000000 3.590837 138.716758 -0.723133 0.467791
30360.000000 3.558745 138.828693 -0.739333 0.460447
30380.000000 3.527363 138.939862 -0.752561 0.452987
30400.000000 3.496736 139.050196 -0.762963 0.445421
30420.000000 3.466894 139.159625 -0.770686 0.437759
30440.000000 3.437860 139.268080 -0.775880 0.430010
30460.000000 3.409648 139.375493 -0.778687 0.422183
30480.000000 3.382267 139.481798 -0.779253 0.414286
30500.000000 3.355721 139.586928 -0.777715 0.406327
30520.000000 3.330011 139.690821 -0.774211 0.398313
30540.000000 3.305135 139.793415 -0.768873 0.390252
30560.000000 3.281090 139.894650 -0.761829 0.382151
30580.000000 3.257870 139.994469 -0.753203 0.374019
30600.000000 3.235471 140.092816 -0.743117 0.365863
30620.000000 3.213886 140.189641 -0.731687 0.357692
30640.000000 3.193108 140.284892 -0.719025 0.349515
30660.000000 3.173128 140.378524 -0.705239 0.341341
30680.000000 3.153937 140.470495 -0.690435 0.333178
30700.000000 3.135528 140.560765 -0.674712 0.325037
30720.000000 3.117889 140.649299 -0.658165 0.316928
30740.000000 3.101009 140.736065 -0.640888 0.308861
30760.000000 3.084878 140.821036 -0.622967 0.300845
30780.000000 3.069481 140.904189 -0.604486 0.292891
30800.000000 3.054805 140.985505 -0.585524 0.285009
30820.000000 3.040837 141.064968 -0.566155 0.277210
30840.000000 3.027559 141.142571 -0.546449 0.269503
30860.000000 3.014955 141.218306 -0.526471 0.261898
30880.000000 3.003008 141.292173 -0.506283 0.254404
30900.000000 2.991700 141.364174 -0.485942 0.247032
30920.000000 2.981011 141.434319 -0.465500 0.239789
30940.000000 2.970922 141.502618 -0.445004 0.232683
30960.000000 2.961412 141.569086 -0.424499 0.225724
30980.000000 2.952460 141.633745 -0.404025 0.218917
31000.000000 2.944046 141.696617 -0.383617 0.212269
31020.000000 2.936148 141.757729 -0.363307 0.205788
31040.000000 2.928745 141.817112 -0.343124 0.199478
31060.000000 2.921815 141.874800 -0.323092 0.193345
31080.000000 2.915336 141.930827 -0.303232 0.187394
31100.000000 2.909288 141.985235 -0.283563 0.181628
31120.000000 2.903650 142.038063 -0.264099 0.176052
31140.000000 2.898402 142.089357 -0.244852 0.170668
31160.000000 2.893523 142.139162 -0.225834 0.165479
31180.000000 2.888994 142.187525 -0.207049 0.160488
31200.000000 2.884796 142.234497 -0.188504 0.155696
31220.000000 2.880912 142.280129 -0.170200 0.151106
31240.000000 2.877323 142.324472 -0.152139 0.146717
31260.000000 2.874012 142.367580 -0.134318 0.142532
31280.000000 2.870965 142.409508 -0.116736 0.138551
31300.000000 2.868165 142.450311 -0.099388 0.134774
31320.000000 2.865599 142.490045 -0.082268 0.131202
31340.000000 2.863252 142.528767 -0.065369 0.127834
31360.000000 2.861111 142.566535 -0.048682 0.124672
31380.000000 2.859166 142.603406 -0.032199 0.121714
31400.000000 2.857405 142.639438 -0.015908 0.118960
31420.000000 2.855817 142.674689 0.000200 0.116411
31440.000000 2.854393 142.709220 0.016138 0.114065
31460.000000 2.853124 142.743088 0.031919 0.111923
31480.000000 2.852002 142.776352 0.047556 0.109984
31500.000000 2.851021 142.809072 0.063063 0.108247
31520.000000 2.850173 142.841308 0.078453 0.106713
31540.000000 2.849454 142.873118 0.093742 0.105382
31560.000000 2.848859 142.904563 0.108944 0.104253
31580.000000 2.848383 142.935702 0.124075 0.103326
31600.000000 2.848024 142.966595 0.139152 0.102601
31620.000000 2.847779 142.997301 0.154189 0.102078
31640.000000 2.847647 143.027881 0.169203 0.101758
31660.000000 2.847626 143.058396 0.184211 0.101641
31680.000000 2.847716 143.088904 0.199229 0.101727
31700.000000 2.847919 143.119467 0.214274 0.102017
31720.000000 2.848235 143.150145 0.229362 0.102512
31740.000000 2.848667 143.181000 0.244511 0.103212
31760.000000 2.849218 143.212091 0.259738 0.104119
31780.000000 2.849892 143.243480 0.275059 0.105233
31800.000000 2.850693 143.275228 0.290492 0.106555
31820.000000 2.851628 143.307398 0.306053 0.108087
31840.000000 2.852702 143.340050 0.321760 0.109831
31860.000000 2.853923 143.373248 0.337627 0.111787
31880.000000 2.855300 143.407052 0.353673 0.113958
31900.000000 2.856841 143.441526 0.369912 0.116345
31920.000000 2.858557 143.476731 0.386362 0.118949
31940.000000 2.860460 143.512732 0.403036 0.121772
31960.000000 2.862562 143.549591 0.419950 0.124816
31980.000000 2.864875 143.587370 0.437118 0.128083
