0.000000 3.988739 196.004376 0.624997 -0.741695
20.000000 3.963038 195.844891 0.716454 -0.739929
40.000000 3.931152 195.684546 0.801875 -0.737656
60.000000 3.893925 195.523194 0.880561 -0.734907
80.000000 3.852256 195.360715 0.952026 -0.731719
100.000000 3.807041 195.197016 1.015974 -0.728130
120.000000 3.759127 195.032027 1.072283 -0.724181
140.000000 3.709284 194.865704 1.120978 -0.719908
160.000000 3.658188 194.698025 1.162205 -0.715347
180.000000 3.606413 194.528987 1.196202 -0.710532
200.000000 3.554438 194.358605 1.223276 -0.705492
220.000000 3.502657 194.186904 1.243781 -0.700257
240.000000 3.451389 194.013925 1.258097 -0.694851
260.000000 3.400891 193.839714 1.266618 -0.689301
280.000000 3.351370 193.664325 1.269738 -0.683628
300.000000 3.302992 193.487820 1.267843 -0.677855
320.000000 3.255890 193.310263 1.261305 -0.672002
340.000000 3.210170 193.131723 1.250482 -0.666091
360.000000 3.165917 192.952271 1.235712 -0.660142
380.000000 3.123198 192.771979 1.217313 -0.654174
400.000000 3.082067 192.590921 1.195587 -0.648208
420.000000 3.042566 192.409172 1.170815 -0.642265
440.000000 3.004727 192.226805 1.143262 -0.636363
460.000000 2.968573 192.043893 1.113177 -0.630525
480.000000 2.934122 191.860508 1.080792 -0.624770
500.000000 2.901385 191.676717 1.046326 -0.619120
520.000000 2.870369 191.492587 1.009981 -0.613595
540.000000 2.841076 191.308179 0.971949 -0.608217
560.000000 2.813505 191.123551 0.932407 -0.603007
580.000000 2.787652 190.938757 0.891520 -0.597983
600.000000 2.763508 190.753845 0.849441 -0.593167
620.000000 2.741063 190.568857 0.806311 -0.588578
640.000000 2.720304 190.383831 0.762261 -0.584234
660.000000 2.701217 190.198799 0.717410 -0.580152
680.000000 2.683783 190.013787 0.671868 -0.576348
700.000000 2.667985 189.828815 0.625737 -0.572837
720.000000 2.653801 189.643899 0.579110 -0.569632
740.000000 2.641210 189.459046 0.532073 -0.566745
760.000000 2.630191 189.274263 0.484706 -0.564186
780.000000 2.620720 189.089548 0.437083 -0.561963
800.000000 2.612776 188.904897 0.389274 -0.560082
820.000000 2.606336 188.720302 0.341345 -0.558549
840.000000 2.601379 188.535753 0.293359 -0.557367
860.000000 2.597884 188.351235 0.245378 -0.556537
880.000000 2.595832 188.166734 0.197461 -0.556058
900.000000 2.595203 187.982233 0.149666 -0.555930
920.000000 2.595981 187.797715 0.102052 -0.556149
940.000000 2.598149 187.613164 0.054678 -0.556708
960.000000 2.601693 187.428564 0.007602 -0.557603
980.000000 2.606598 187.243901 -0.039116 -0.558825
1000.000000 2.612852 187.059163 -0.085415 -0.560365
1020.000000 2.620442 186.874340 -0.131232 -0.562213
1040.000000 2.629356 186.689426 -0.176504 -0.564356
1060.000000 2.639584 186.504418 -0.221162 -0.566783
1080.000000 2.651112 186.319316 -0.265137 -0.569481
1100.000000 2.663931 186.134124 -0.308356 -0.572433
1120.000000 2.678028 185.948851 -0.350743 -0.575627
1140.000000 2.693390 185.763509 -0.392217 -0.579045
1160.000000 2.710006 185.578116 -0.432694 -0.582673
1180.000000 2.727861 185.392691 -0.472084 -0.586493
1200.000000 2.746944 185.207260 -0.510295 -0.590491
1220.000000 2.767241 185.021851 -0.547227 -0.594649
1240.000000 2.788740 184.836497 -0.582775 -0.598952
1260.000000 2.811431 184.651232 -0.616831 -0.603385
1280.000000 2.835302 184.466097 -0.649278 -0.607933
1300.000000 2.860348 184.281132 -0.679994 -0.612581
1320.000000 2.886563 184.096383 -0.708852 -0.617317
1340.000000 2.913947 183.911897 -0.735717 -0.622128
1360.000000 2.942503 183.727723 -0.760445 -0.627003
1380.000000 2.972238 183.543914 -0.782887 -0.631933
1400.000000 3.003165 183.360523 -0.802882 -0.636907
1420.000000 3.035302 183.177606 -0.820261 -0.641917
1440.000000 3.068672 182.995222 -0.834842 -0.646957
1460.000000 3.103304 182.813429 -0.846431 -0.652019
1480.000000 3.139229 182.632289 -0.854818 -0.657097
1500.000000 3.176480 182.451866 -0.859779 -0.662186
1520.000000 3.215094 182.272224 -0.861070 -0.667278
1540.000000 3.255101 182.093430 -0.858431 -0.672369
1560.000000 3.296526 181.915553 -0.851578 -0.677449
1580.000000 3.339379 181.738660 -0.840210 -0.682510
1600.000000 3.383652 181.562821 -0.824008 -0.687542
1620.000000 3.429304 181.388104 -0.802634 -0.692532
1640.000000 3.476251 181.214575 -0.775744 -0.697464
1660.000000 3.524351 181.042297 -0.742989 -0.702319
1680.000000 3.573390 180.871324 -0.704031 -0.707074
1700.000000 3.623060 180.701702 -0.658560 -0.711702
1720.000000 3.672949 180.533463 -0.606312 -0.716172
1740.000000 3.722523 180.366621 -0.547096 -0.720449
1760.000000 3.771122 180.201167 -0.480825 -0.724493
1780.000000 3.817969 180.037069 -0.407543 -0.728263
1800.000000 3.862181 179.874265 -0.327465 -0.731716
1820.000000 3.902809 179.712661 -0.241000 -0.734808
1840.000000 3.938876 179.552131 -0.148775 -0.737497
1860.000000 3.969439 179.392522 -0.051649 -0.739747
1880.000000 3.993641 179.233651 0.049298 -0.741524
1900.000000 4.010770 179.075312 0.152795 -0.742801
1920.000000 4.020305 178.917285 0.257431 -0.743554
1940.000000 4.021952 178.759341 0.361727 -0.743769
1960.000000 4.015661 178.601252 0.464213 -0.743434
1980.000000 4.001633 178.442800 0.563506 -0.742549
2000.000000 3.980300 178.283779 0.658371 -0.741123
2020.000000 3.952294 178.124004 0.747762 -0.739172
2040.000000 3.918395 177.963314 0.830841 -0.736725
2060.000000 3.879474 177.801572 0.906989 -0.733814
2080.000000 3.836435 177.638665 0.975788 -0.730479
2100.000000 3.790160 177.474511 1.037007 -0.726756
2120.000000 3.741472 177.309048 1.090582 -0.722687
2140.000000 3.691108 177.142242 1.136582 -0.718307
2160.000000 3.639708 176.974076 1.175189 -0.713651
2180.000000 3.587811 176.804555 1.206670 -0.708752
2200.000000 3.535864 176.633696 1.231350 -0.703639
2220.000000 3.484234 176.461533 1.249596 -0.698340
2240.000000 3.433215 176.288107 1.261793 -0.692880
2260.000000 3.383045 176.113468 1.268335 -0.687283
2280.000000 3.333916 175.937673 1.269616 -0.681572
2300.000000 3.285981 175.760784 1.266017 -0.675768
2320.000000 3.239362 175.582867 1.257906 -0.669892
2340.000000 3.194158 175.403992 1.245632 -0.663965
2360.000000 3.150448 175.224230 1.229527 -0.658007
2380.000000 3.108292 175.043656 1.209904 -0.652038
2400.000000 3.067740 174.862342 1.187056 -0.646077
2420.000000 3.028831 174.680363 1.161260 -0.640147
2440.000000 2.991592 174.497793 1.132773 -0.634265
2460.000000 2.956046 174.314704 1.101839 -0.628454
2480.000000 2.922208 174.131166 1.068684 -0.622735
2500.000000 2.890086 173.947246 1.033523 -0.617127
2520.000000 2.859687 173.763010 0.996553 -0.611653
2540.000000 2.831010 173.578517 0.957961 -0.606332
2560.000000 2.804055 173.393823 0.917920 -0.601186
2580.000000 2.778814 173.208982 0.876589 -0.596235
2600.000000 2.755280 173.024038 0.834118 -0.591498
2620.000000 2.733440 172.839032 0.790644 -0.586994
2640.000000 2.713281 172.654001 0.746294 -0.582742
2660.000000 2.694788 172.468973 0.701183 -0.578758
2680.000000 2.677942 172.283974 0.655420 -0.575057
2700.000000 2.662723 172.099020 0.609101 -0.571654
2720.000000 2.649112 171.914126 0.562318 -0.568562
2740.000000 2.637087 171.729298 0.515154 -0.565791
2760.000000 2.626624 171.544539 0.467687 -0.563351
2780.000000 2.617703 171.359847 0.419989 -0.561250
2800.000000 2.610299 171.175218 0.372130 -0.559493
2820.000000 2.604393 170.990641 0.324173 -0.558085
2840.000000 2.599962 170.806105 0.276182 -0.557029
2860.000000 2.596985 170.621595 0.228217 -0.556325
2880.000000 2.595444 170.437095 0.180337 -0.555972
2900.000000 2.595321 170.252590 0.132601 -0.555969
2920.000000 2.596598 170.068062 0.085066 -0.556310
2940.000000 2.599260 169.883495 0.037792 -0.556990
2960.000000 2.603293 169.698874 -0.009163 -0.558003
2980.000000 2.608682 169.514186 -0.055738 -0.559340
3000.000000 2.615415 169.329418 -0.101872 -0.560992
3020.000000 2.623481 169.144563 -0.147502 -0.562947
3040.000000 2.632867 168.959616 -0.192562 -0.565193
3060.000000 2.643561 168.774574 -0.236983 -0.567719
3080.000000 2.655553 168.589439 -0.280697 -0.570509
3100.000000 2.668830 168.404217 -0.323627 -0.573549
3120.000000 2.683381 168.218918 -0.365696 -0.576825
3140.000000 2.699194 168.033556 -0.406823 -0.580320
3160.000000 2.716255 167.848148 -0.446922 -0.584019
3180.000000 2.734551 167.662718 -0.485901 -0.587905
3200.000000 2.754070 167.477292 -0.523666 -0.591962
3220.000000 2.774799 167.291898 -0.560115 -0.596173
3240.000000 2.796725 167.106572 -0.595142 -0.600525
3260.000000 2.819839 166.921349 -0.628635 -0.605000
3280.000000 2.844132 166.736269 -0.660477 -0.609585
3300.000000 2.869597 166.551377 -0.690543 -0.614267
3320.000000 2.896230 166.366716 -0.718704 -0.619031
3340.000000 2.924033 166.182336 -0.744821 -0.623866
3360.000000 2.953009 165.998287 -0.768748 -0.628762
3380.000000 2.983169 165.814621 -0.790333 -0.633708
3400.000000 3.014527 165.631393 -0.809412 -0.638696
3420.000000 3.047103 165.448660 -0.825811 -0.643718
3440.000000 3.080921 165.266480 -0.839344 -0.648766
3460.000000 3.116012 165.084914 -0.849812 -0.653835
3480.000000 3.152407 164.904023 -0.857000 -0.658918
3500.000000 3.190143 164.723872 -0.860676 -0.664008
3520.000000 3.229251 164.544526 -0.860592 -0.669101
3540.000000 3.269764 164.366053 -0.856477 -0.674188
3560.000000 3.311699 164.188519 -0.848044 -0.679263
3580.000000 3.355064 164.011996 -0.834984 -0.684315
3600.000000 3.399837 163.836551 -0.816970 -0.689334
3620.000000 3.445964 163.662252 -0.793662 -0.694305
3640.000000 3.493344 163.489164 -0.764712 -0.699212
3660.000000 3.541809 163.317347 -0.729775 -0.704034
3680.000000 3.591114 163.146853 -0.688520 -0.708747
3700.000000 3.640916 162.977723 -0.640650 -0.713322
3720.000000 3.690760 162.809983 -0.585925 -0.717727
3740.000000 3.740067 162.643640 -0.524188 -0.721925
3760.000000 3.788135 162.478677 -0.455394 -0.725876
3780.000000 3.834144 162.315051 -0.379646 -0.729538
3800.000000 3.877185 162.152689 -0.297224 -0.732866
3820.000000 3.916292 161.991485 -0.208613 -0.735819
3840.000000 3.950494 161.831304 -0.114523 -0.738355
3860.000000 3.978872 161.671982 -0.015895 -0.740439
3880.000000 4.000616 161.513325 0.086119 -0.742040
3900.000000 4.015076 161.355124 0.190191 -0.743132
3920.000000 4.021809 161.197153 0.294877 -0.743694
3940.000000 4.020607 161.039183 0.398690 -0.743712
3960.000000 4.011511 160.880989 0.500186 -0.743181
3980.000000 3.994808 160.722355 0.598028 -0.742100
4000.000000 3.971005 160.563085 0.691043 -0.740484
4020.000000 3.940794 160.403000 0.778259 -0.738352
4040.000000 3.904995 160.241948 0.858918 -0.735735
4060.000000 3.864496 160.079800 0.932473 -0.732667
4080.000000 3.820200 159.916455 0.998577 -0.729189
4100.000000 3.772970 159.751838 1.057060 -0.725338
4120.000000 3.723603 159.585898 1.107909 -0.721153
4140.000000 3.672800 159.418605 1.151237 -0.716670
4160.000000 3.621165 159.249953 1.187260 -0.711924
4180.000000 3.569203 159.079950 1.216267 -0.706945
4200.000000 3.517332 158.908621 1.238600 -0.701763
4220.000000 3.465889 158.736000 1.254636 -0.696403
4240.000000 3.415150 158.562134 1.264763 -0.690892
4260.000000 3.365333 158.387074 1.269378 -0.685251
4280.000000 3.316615 158.210880 1.268869 -0.679504
4300.000000 3.269139 158.033615 1.263614 -0.673672
4320.000000 3.223016 157.855347 1.253973 -0.667776
4340.000000 3.178338 157.676147 1.240291 -0.661835
4360.000000 3.135178 157.496086 1.222893 -0.655871
4380.000000 3.093591 157.315238 1.202082 -0.649902
4400.000000 3.053624 157.133678 1.178148 -0.643950
4420.000000 3.015309 156.951479 1.151360 -0.638035
4440.000000 2.978675 156.768715 1.121970 -0.632176
4460.000000 2.943738 156.585457 1.090216 -0.626396
4480.000000 2.910513 156.401775 1.056320 -0.620714
4500.000000 2.879008 156.217735 1.020489 -0.615151
4520.000000 2.849225 156.033400 0.982918 -0.609730
4540.000000 2.821165 155.848829 0.943788 -0.604469
4560.000000 2.794824 155.664077 0.903267 -0.599390
4580.000000 2.770195 155.479193 0.861512 -0.594514
4600.000000 2.747269 155.294223 0.818667 -0.589858
4620.000000 2.726033 155.109204 0.774865 -0.585443
4640.000000 2.706472 154.924171 0.730230 -0.581284
4660.000000 2.688570 154.739151 0.684874 -0.577400
4680.000000 2.672309 154.554166 0.638900 -0.573804
4700.000000 2.657668 154.369233 0.592405 -0.570511
4720.000000 2.644627 154.184361 0.545477 -0.567533
4740.000000 2.633163 153.999558 0.498196 -0.564879
4760.000000 2.623255 153.814824 0.450638 -0.562560
4780.000000 2.614879 153.630155 0.402875 -0.560581
4800.000000 2.608015 153.445546 0.354973 -0.558949
4820.000000 2.602638 153.260985 0.306997 -0.557667
4840.000000 2.598730 153.076460 0.259009 -0.556737
4860.000000 2.596270 152.891955 0.211067 -0.556159
4880.000000 2.595238 152.707456 0.163232 -0.555931
4900.000000 2.595618 152.522944 0.115561 -0.556051
4920.000000 2.597393 152.338404 0.068113 -0.556515
4940.000000 2.600547 152.153820 0.020946 -0.557315
4960.000000 2.605067 151.969176 -0.025880 -0.558445
4980.000000 2.610938 151.784460 -0.072304 -0.559896
5000.000000 2.618150 151.599663 -0.118265 -0.561657
5020.000000 2.626689 151.414775 -0.163698 -0.563718
5040.000000 2.636544 151.229794 -0.208538 -0.566066
5060.000000 2.647705 151.044718 -0.252714 -0.568687
5080.000000 2.660158 150.859551 -0.296156 -0.571569
5100.000000 2.673893 150.674300 -0.338787 -0.574695
5120.000000 2.688897 150.488977 -0.380529 -0.578052
5140.000000 2.705157 150.303596 -0.421298 -0.581621
5160.000000 2.722662 150.118178 -0.461007 -0.585389
5180.000000 2.741397 149.932746 -0.499562 -0.589338
5200.000000 2.761351 149.747328 -0.536868 -0.593452
5220.000000 2.782509 149.561954 -0.572820 -0.597716
5240.000000 2.804862 149.376660 -0.607312 -0.602113
5260.000000 2.828399 149.191484 -0.640228 -0.606630
5280.000000 2.853112 149.006466 -0.671449 -0.611251
5300.000000 2.878995 148.821651 -0.700848 -0.615963
5320.000000 2.906047 148.637085 -0.728294 -0.620754
5340.000000 2.934269 148.452818 -0.753644 -0.625612
5360.000000 2.963667 148.268900 -0.776751 -0.630527
5380.000000 2.994254 148.085384 -0.797459 -0.635489
5400.000000 3.026045 147.902327 -0.815599 -0.640490
5420.000000 3.059063 147.719785 -0.830994 -0.645522
5440.000000 3.093333 147.537818 -0.843454 -0.650579
5460.000000 3.128887 147.356486 -0.852773 -0.655653
5480.000000 3.165758 147.175852 -0.858731 -0.660739
5500.000000 3.203981 146.995982 -0.861091 -0.665831
5520.000000 3.243589 146.816940 -0.859597 -0.670923
5540.000000 3.284609 146.638796 -0.853971 -0.676007
5560.000000 3.327056 146.461616 -0.843918 -0.681074
5580.000000 3.370929 146.285470 -0.829123 -0.686116
5600.000000 3.416195 146.110428 -0.809254 -0.691119
5620.000000 3.462785 145.936555 -0.783967 -0.696070
5640.000000 3.510576 145.763915 -0.752913 -0.700949
5660.000000 3.559375 145.592567 -0.715751 -0.705735
5680.000000 3.608903 145.422557 -0.672160 -0.710402
5700.000000 3.658779 145.253922 -0.621861 -0.714920
5720.000000 3.708504 145.086683 -0.564639 -0.719255
5740.000000 3.757454 144.920837 -0.500375 -0.723370
5760.000000 3.804884 144.756359 -0.429072 -0.727222
5780.000000 3.849940 144.593195 -0.350892 -0.730769
5800.000000 3.891685 144.431261 -0.266188 -0.733968
5820.000000 3.929147 144.270441 -0.175522 -0.736776
5840.000000 3.961366 144.110588 -0.079689 -0.739155
5860.000000 3.987455 143.951527 0.020294 -0.741069
5880.000000 4.006656 143.793058 0.123205 -0.742490
5900.000000 4.018390 143.634965 0.227666 -0.743394
5920.000000 4.022294 143.477021 0.332210 -0.743763
5940.000000 4.018249 143.318997 0.435356 -0.743585
5960.000000 4.006385 143.160669 0.535690 -0.742857
5980.000000 3.987072 143.001829 0.631929 -0.741582
6000.000000 3.960888 142.842287 0.722969 -0.739778
6020.000000 3.928578 142.681872 0.807915 -0.737469
6040.000000 3.890993 142.520441 0.886083 -0.734687
6060.000000 3.849032 142.357875 0.957001 -0.731467
6080.000000 3.803589 142.194082 1.020388 -0.727851
6100.000000 3.755508 142.028996 1.076133 -0.723876
6120.000000 3.705551 141.862574 1.124271 -0.719581
6140.000000 3.654386 141.694794 1.164956 -0.715000
6160.000000 3.602581 141.525657 1.198431 -0.710167
6180.000000 3.550608 141.355176 1.225008 -0.705112
6200.000000 3.498855 141.183380 1.245043 -0.699863
6220.000000 3.447636 141.010308 1.258919 -0.694447
6240.000000 3.397203 140.836008 1.267028 -0.688886
6260.000000 3.347762 140.660535 1.269765 -0.683205
6280.000000 3.299474 140.483950 1.267515 -0.677426
6300.000000 3.252470 140.306319 1.260649 -0.671568
6320.000000 3.206855 140.127709 1.249524 -0.665654
6340.000000 3.162713 139.948192 1.234475 -0.659702
6360.000000 3.120110 139.767841 1.215821 -0.653734
6380.000000 3.079098 139.586729 1.193861 -0.647769
6400.000000 3.039719 139.404932 1.168875 -0.641828
6420.000000 3.002003 139.222523 1.141127 -0.635930
6440.000000 2.965974 139.039574 1.110865 -0.630097
6460.000000 2.931649 138.856156 1.078319 -0.624350
6480.000000 2.899039 138.672338 1.043707 -0.618708
6500.000000 2.868150 138.488185 1.007232 -0.613194
6520.000000 2.838984 138.303759 0.969083 -0.607827
6540.000000 2.811540 138.119118 0.929436 -0.602629
6560.000000 2.785813 137.934313 0.888456 -0.597621
6580.000000 2.761794 137.749394 0.846295 -0.592821
6600.000000 2.739475 137.564402 0.803093 -0.588249
6620.000000 2.718840 137.379375 0.758979 -0.583924
6640.000000 2.699875 137.194343 0.714073 -0.579862
6660.000000 2.682562 137.009334 0.668485 -0.576079
6680.000000 2.666884 136.824366 0.622314 -0.572590
6700.000000 2.652818 136.639453 0.575654 -0.569408
6720.000000 2.640344 136.454606 0.528590 -0.566545
6740.000000 2.629440 136.269827 0.481202 -0.564010
6760.000000 2.620082 136.085117 0.433563 -0.561812
6780.000000 2.612250 135.900471 0.385743 -0.559957
6800.000000 2.605920 135.715880 0.337807 -0.558450
6820.000000 2.601072 135.531334 0.289820 -0.557293
6840.000000 2.597684 135.346818 0.241841 -0.556489
6860.000000 2.595737 135.162317 0.193931 -0.556037
6880.000000 2.595213 134.977815 0.146148 -0.555935
6900.000000 2.596094 134.793295 0.098550 -0.556178
6920.000000 2.598364 134.608741 0.051196 -0.556763
6940.000000 2.602008 134.424137 0.004144 -0.557682
6960.000000 2.607013 134.239469 -0.042545 -0.558928
6980.000000 2.613366 134.054725 -0.088811 -0.560491
7000.000000 2.621054 133.869896 -0.134591 -0.562361
7020.000000 2.630066 133.684975 -0.179819 -0.564526
7040.000000 2.640390 133.499960 -0.224429 -0.566973
7060.000000 2.652014 133.314851 -0.268351 -0.569690
7080.000000 2.664927 133.129652 -0.311511 -0.572661
7100.000000 2.679118 132.944374 -0.353834 -0.575871
7120.000000 2.694573 132.759028 -0.395237 -0.579306
7140.000000 2.711280 132.573632 -0.435637 -0.582948
7160.000000 2.729227 132.388206 -0.474944 -0.586782
7180.000000 2.748399 132.202775 -0.513064 -0.590792
7200.000000 2.768786 132.017369 -0.549897 -0.594962
7220.000000 2.790373 131.832020 -0.585339 -0.599275
7240.000000 2.813151 131.646763 -0.619280 -0.603717
7260.000000 2.837109 131.461639 -0.651603 -0.608272
7280.000000 2.862242 131.276689 -0.682187 -0.612927
7300.000000 2.888543 131.091957 -0.710903 -0.617669
7320.000000 2.916013 130.907493 -0.737615 -0.622485
7340.000000 2.944655 130.723344 -0.762180 -0.627365
7360.000000 2.974478 130.539564 -0.784447 -0.632298
7380.000000 3.005493 130.356206 -0.804255 -0.637275
7400.000000 3.037721 130.173326 -0.821434 -0.642288
7420.000000 3.071183 129.990983 -0.835801 -0.647329
7440.000000 3.105909 129.809236 -0.847161 -0.652393
7460.000000 3.141930 129.628147 -0.855304 -0.657472
7480.000000 3.179281 129.447779 -0.860002 -0.662561
7500.000000 3.217996 129.268198 -0.861013 -0.667654
7520.000000 3.258107 129.089469 -0.858073 -0.672744
7540.000000 3.299637 128.911662 -0.850898 -0.677823
7560.000000 3.342596 128.734845 -0.839185 -0.682882
7580.000000 3.386973 128.559086 -0.822612 -0.687912
7600.000000 3.432724 128.384455 -0.800844 -0.692898
7620.000000 3.479761 128.211016 -0.773533 -0.697825
7640.000000 3.527939 128.038832 -0.740332 -0.702674
7660.000000 3.577036 127.867958 -0.700904 -0.707420
7680.000000 3.626738 127.698437 -0.654941 -0.712038
7700.000000 3.676623 127.530300 -0.602184 -0.716495
7720.000000 3.726149 127.363561 -0.542450 -0.720755
7740.000000 3.774647 127.198209 -0.475658 -0.724781
7760.000000 3.821331 127.034209 -0.401866 -0.728529
7780.000000 3.865312 126.871497 -0.321301 -0.731957
7800.000000 3.905636 126.709976 -0.234386 -0.735020
7820.000000 3.941329 126.549521 -0.141767 -0.737679
7840.000000 3.971450 126.389973 -0.044320 -0.739895
7860.000000 3.995153 126.231148 0.056860 -0.741636
7880.000000 4.011738 126.072839 0.160491 -0.742874
7900.000000 4.020698 125.914826 0.265152 -0.743589
7920.000000 4.021758 125.756879 0.369364 -0.743763
7940.000000 4.014887 125.598771 0.471660 -0.743388
7960.000000 4.000302 125.440284 0.570667 -0.742463
7980.000000 3.978454 125.281213 0.665162 -0.740997
8000.000000 3.949985 125.121376 0.754113 -0.739008
8020.000000 3.915685 124.960613 0.836700 -0.736526
8040.000000 3.876430 124.798788 0.912317 -0.733583
8060.000000 3.833122 124.635792 0.980563 -0.730217
8080.000000 3.786642 124.471543 1.041219 -0.726468
8100.000000 3.737806 124.305982 1.094231 -0.722374
8120.000000 3.687346 124.139076 1.139678 -0.717972
8140.000000 3.635891 123.970810 1.177750 -0.713298
8160.000000 3.583977 123.801189 1.208718 -0.708382
8180.000000 3.532042 123.630233 1.232911 -0.703255
8200.000000 3.480447 123.457976 1.250697 -0.697943
8220.000000 3.429483 123.284458 1.262463 -0.692472
8240.000000 3.379384 123.109732 1.268605 -0.686866
8260.000000 3.330339 122.933854 1.269513 -0.681147
8280.000000 3.282497 122.756886 1.265569 -0.675337
8300.000000 3.235979 122.578897 1.257139 -0.669457
8320.000000 3.190883 122.399954 1.244571 -0.663527
8340.000000 3.147285 122.220130 1.228197 -0.657567
8360.000000 3.105246 122.039498 1.208326 -0.651598
8380.000000 3.064814 121.858133 1.185251 -0.645639
8400.000000 3.026027 121.676108 1.159248 -0.639711
8420.000000 2.988913 121.493497 1.130572 -0.633834
8440.000000 2.953492 121.310372 1.099467 -0.628029
8460.000000 2.919780 121.126804 1.066157 -0.622317
8480.000000 2.887785 120.942859 1.030856 -0.616719
8500.000000 2.857513 120.758601 0.993760 -0.611255
8520.000000 2.828964 120.574092 0.955056 -0.605946
8540.000000 2.802135 120.389386 0.914914 -0.600814
8560.000000 2.777020 120.204535 0.873494 -0.595878
8580.000000 2.753611 120.019585 0.830945 -0.591158
8600.000000 2.731896 119.834576 0.787402 -0.586672
8620.000000 2.711861 119.649545 0.742992 -0.582439
8640.000000 2.693490 119.464518 0.697829 -0.578475
8660.000000 2.676764 119.279522 0.652021 -0.574796
8680.000000 2.661665 119.094572 0.605666 -0.571415
8700.000000 2.648171 118.909682 0.558852 -0.568346
8720.000000 2.636262 118.724859 0.511663 -0.565600
8740.000000 2.625914 118.540105 0.464176 -0.563184
8760.000000 2.617105 118.355419 0.416465 -0.561108
8780.000000 2.609813 118.170794 0.368596 -0.559377
8800.000000 2.604016 117.986220 0.320635 -0.557996
8820.000000 2.599693 117.801686 0.272643 -0.556965
8840.000000 2.596823 117.617177 0.224682 -0.556287
8860.000000 2.595387 117.432678 0.176811 -0.555960
8880.000000 2.595367 117.248172 0.129087 -0.555982
8900.000000 2.596747 117.063642 0.081570 -0.556349
8920.000000 2.599511 116.879071 0.034317 -0.557054
8940.000000 2.603644 116.694446 -0.012612 -0.558091
8960.000000 2.609133 116.509752 -0.059156 -0.559452
8980.000000 2.615965 116.324978 -0.105255 -0.561126
9000.000000 2.624128 116.140117 -0.150845 -0.563103
9020.000000 2.633611 115.955162 -0.195860 -0.565370
9040.000000 2.644401 115.770113 -0.240232 -0.567915
9060.000000 2.656488 115.584972 -0.283890 -0.570725
9080.000000 2.669860 115.399744 -0.326760 -0.573783
9100.000000 2.684505 115.214439 -0.368762 -0.577075
9120.000000 2.700409 115.029073 -0.409817 -0.580586
9140.000000 2.717562 114.843663 -0.449836 -0.584299
9160.000000 2.735949 114.658233 -0.488729 -0.588198
9180.000000 2.755557 114.472807 -0.526400 -0.592267
9200.000000 2.776375 114.287418 -0.562748 -0.596490
9220.000000 2.798390 114.102098 -0.597665 -0.600851
9240.000000 2.821591 113.916884 -0.631041 -0.605335
9260.000000 2.845970 113.731817 -0.662756 -0.609928
9280.000000 2.871521 113.546939 -0.692687 -0.614615
9300.000000 2.898241 113.362298 -0.720701 -0.619385
9320.000000 2.926130 113.177941 -0.746662 -0.624225
9340.000000 2.955193 112.993918 -0.770422 -0.629125
9360.000000 2.985441 112.810282 -0.791828 -0.634075
9380.000000 3.016888 112.627089 -0.810715 -0.639065
9400.000000 3.049554 112.444395 -0.826909 -0.644089
9420.000000 3.083465 112.262258 -0.840223 -0.649140
9440.000000 3.118651 112.080739 -0.850457 -0.654209
9460.000000 3.155144 111.899901 -0.857393 -0.659293
9480.000000 3.192979 111.719807 -0.860801 -0.664384
9500.000000 3.232191 111.540523 -0.860429 -0.669476
9520.000000 3.272807 111.362117 -0.856007 -0.674563
9540.000000 3.314849 111.184656 -0.847243 -0.679636
9560.000000 3.358318 111.008209 -0.833829 -0.684687
9580.000000 3.403193 110.832846 -0.815436 -0.689702
9600.000000 3.449417 110.658634 -0.791724 -0.694669
9620.000000 3.496883 110.485638 -0.762344 -0.699571
9640.000000 3.545420 110.313917 -0.726952 -0.704385
9660.000000 3.594775 110.143523 -0.685219 -0.709089
9680.000000 3.644597 109.974495 -0.636851 -0.713653
9700.000000 3.694423 109.806858 -0.581613 -0.718044
9720.000000 3.743664 109.640617 -0.519355 -0.722225
9740.000000 3.791609 109.475755 -0.450043 -0.726157
9760.000000 3.837431 109.312225 -0.373791 -0.729795
9780.000000 3.880215 109.149952 -0.290893 -0.733097
9800.000000 3.918993 108.988828 -0.201851 -0.736020
9820.000000 3.952797 108.828717 -0.107392 -0.738525
9840.000000 3.980712 108.669450 -0.008472 -0.740574
9860.000000 4.001938 108.510835 0.093741 -0.742138
9880.000000 4.015840 108.352658 0.197909 -0.743191
9900.000000 4.021993 108.194695 0.302580 -0.743714
9920.000000 4.020204 108.036716 0.406272 -0.743692
9940.000000 4.010534 107.878497 0.507542 -0.743119
9960.000000 3.993287 107.719823 0.605065 -0.741999
9980.000000 3.968987 107.560498 0.697683 -0.740344
10000.000000 3.938334 107.400347 0.784439 -0.738175
10020.000000 3.902158 107.239218 0.864591 -0.735523
10040.000000 3.861348 107.076985 0.937606 -0.732424
10060.000000 3.816807 106.913549 1.003151 -0.728917
10080.000000 3.769394 106.748836 1.061070 -0.725040
10100.000000 3.719897 106.582796 1.111359 -0.720832
10120.000000 3.669014 106.415403 1.154140 -0.716329
10140.000000 3.617339 106.246651 1.189634 -0.711564
10160.000000 3.565370 106.076550 1.218137 -0.706570
10180.000000 3.513520 105.905124 1.239993 -0.701373
10200.000000 3.462121 105.732410 1.255579 -0.696002
10220.000000 3.411442 105.558453 1.265287 -0.690480
10240.000000 3.361701 105.383308 1.269511 -0.684831
10260.000000 3.313070 105.207032 1.268639 -0.679077
10280.000000 3.265690 105.029691 1.263048 -0.673239
10300.000000 3.219671 104.851352 1.253098 -0.667339
10320.000000 3.175103 104.672086 1.239131 -0.661396
10340.000000 3.132057 104.491964 1.221471 -0.655431
10360.000000 3.090588 104.311062 1.200421 -0.649463
10380.000000 3.050741 104.129452 1.176267 -0.643513
10400.000000 3.012550 103.947209 1.149278 -0.637601
10420.000000 2.976040 103.764406 1.119706 -0.631747
10440.000000 2.941229 103.581114 1.087787 -0.625973
10460.000000 2.908131 103.397403 1.053741 -0.620299
10480.000000 2.876752 103.213339 1.017775 -0.614746
10500.000000 2.847097 103.028985 0.980083 -0.609336
10520.000000 2.819164 102.844399 0.940845 -0.604088
10540.000000 2.792949 102.659635 0.900228 -0.599024
10560.000000 2.768447 102.474744 0.858388 -0.594163
10580.000000 2.745645 102.289769 0.815467 -0.589524
10600.000000 2.724533 102.104748 0.771600 -0.585127
10620.000000 2.705095 101.919715 0.726908 -0.580988
10640.000000 2.687315 101.734697 0.681503 -0.577125
10660.000000 2.671174 101.549716 0.635488 -0.573551
10680.000000 2.656652 101.364786 0.588958 -0.570281
10700.000000 2.643728 101.179920 0.542001 -0.567326
10720.000000 2.632380 100.995122 0.494697 -0.564697
10740.000000 2.622585 100.810392 0.447122 -0.562402
10760.000000 2.614322 100.625729 0.399346 -0.560449
10780.000000 2.607567 100.441123 0.351437 -0.558843
10800.000000 2.602300 100.256565 0.303458 -0.557586
10820.000000 2.598499 100.072042 0.255471 -0.556682
10840.000000 2.596145 99.887539 0.207535 -0.556130
10860.000000 2.595218 99.703039 0.159710 -0.555928
10880.000000 2.595701 99.518526 0.112054 -0.556074
10900.000000 2.597578 99.333983 0.064624 -0.556562
10920.000000 2.600834 99.149395 0.017480 -0.557387
10940.000000 2.605454 98.964746 -0.029318 -0.558541
10960.000000 2.611425 98.780025 -0.075710 -0.560015
10980.000000 2.618734 98.595220 -0.121635 -0.561799
11000.000000 2.627371 98.410326 -0.167026 -0.563881
11020.000000 2.637323 98.225338 -0.211819 -0.566250
11040.000000 2.648579 98.040255 -0.255944 -0.568891
11060.000000 2.661127 97.855082 -0.299328 -0.571791
11080.000000 2.674956 97.669825 -0.341897 -0.574935
11100.000000 2.690053 97.484497 -0.383570 -0.578308
11120.000000 2.706406 97.299113 -0.424264 -0.581893
11140.000000 2.724002 97.113693 -0.463890 -0.585674
11160.000000 2.742827 96.928261 -0.502357 -0.589636
11180.000000 2.762870 96.742844 -0.539567 -0.593762
11200.000000 2.784117 96.557476 -0.575415 -0.598036
11220.000000 2.806558 96.372189 -0.609794 -0.602442
11240.000000 2.830182 96.187023 -0.642590 -0.606967
11260.000000 2.854981 96.002019 -0.673681 -0.611595
11280.000000 2.880950 95.817220 -0.702941 -0.616314
11300.000000 2.908088 95.632675 -0.730236 -0.621110
11320.000000 2.936396 95.448431 -0.755427 -0.625973
11340.000000 2.965882 95.264541 -0.778363 -0.630891
11360.000000 2.996557 95.081057 -0.798886 -0.635857
11380.000000 3.028438 94.898036 -0.816830 -0.640860
11400.000000 3.061547 94.715535 -0.832016 -0.645894
11420.000000 3.095911 94.533612 -0.844251 -0.650952
11440.000000 3.131560 94.352330 -0.853330 -0.656028
11460.000000 3.168530 94.171750 -0.859031 -0.661115
11480.000000 3.206854 93.991939 -0.861116 -0.666207
11500.000000 3.246565 93.812961 -0.859326 -0.671298
11520.000000 3.287690 93.634885 -0.853385 -0.676381
11540.000000 3.330243 93.457779 -0.842993 -0.681447
11560.000000 3.374220 93.281712 -0.827835 -0.686486
11580.000000 3.419587 93.106754 -0.807579 -0.691486
11600.000000 3.466271 92.932970 -0.781878 -0.696432
11620.000000 3.514143 92.760424 -0.750385 -0.701305
11640.000000 3.563007 92.589172 -0.712760 -0.706083
11660.000000 3.612575 92.419263 -0.668683 -0.710740
11680.000000 3.662458 92.250731 -0.617880 -0.715246
11700.000000 3.712148 92.083594 -0.560141 -0.719567
11720.000000 3.761014 91.917850 -0.495356 -0.723663
11740.000000 3.808299 91.753472 -0.423538 -0.727495
11760.000000 3.853143 91.590402 -0.344863 -0.731018
11780.000000 3.894606 91.428554 -0.259697 -0.734189
11800.000000 3.931713 91.267811 -0.168620 -0.736967
11820.000000 3.963509 91.108022 -0.072443 -0.739312
11840.000000 3.989114 90.949012 0.027800 -0.741191
11860.000000 4.007782 90.790579 0.130873 -0.742575
11880.000000 4.018948 90.632505 0.235391 -0.743440
11900.000000 4.022267 90.474562 0.339882 -0.743769
11920.000000 4.017638 90.316523 0.442868 -0.743550
11940.000000 4.005209 90.158165 0.542942 -0.742781
11960.000000 3.985367 89.999279 0.638832 -0.741467
11980.000000 3.958705 89.839678 0.729451 -0.739625
12000.000000 3.925975 89.679192 0.813918 -0.737280
12020.000000 3.888037 89.517681 0.891565 -0.734464
12040.000000 3.845789 89.355028 0.961935 -0.731214
12060.000000 3.800124 89.191142 1.024760 -0.727570
12080.000000 3.751879 89.025958 1.079942 -0.723570
12100.000000 3.701812 88.859436 1.127524 -0.719252
12120.000000 3.650581 88.691557 1.167667 -0.714652
12140.000000 3.598749 88.522320 1.200622 -0.709802
12160.000000 3.546780 88.351741 1.226704 -0.704731
12180.000000 3.495056 88.179849 1.246272 -0.699469
12200.000000 3.443887 88.006685 1.259709 -0.694041
12220.000000 3.393521 87.832296 1.267409 -0.688471
12240.000000 3.344160 87.656739 1.269765 -0.682782
12260.000000 3.295962 87.480075 1.267162 -0.676996
12280.000000 3.249058 87.302369 1.259970 -0.671134
12300.000000 3.203549 87.123690 1.248544 -0.665216
12320.000000 3.159518 86.944109 1.233219 -0.659262
12340.000000 3.117031 86.763699 1.214311 -0.653294
12360.000000 3.076138 86.582534 1.192118 -0.647330
12380.000000 3.036880 86.400690 1.166920 -0.641391
12400.000000 2.999288 86.218238 1.138978 -0.635498
12420.000000 2.963385 86.035252 1.108540 -0.629670
12440.000000 2.929186 85.851802 1.075834 -0.623930
12460.000000 2.896702 85.667958 1.041078 -0.618297
12480.000000 2.865940 85.483783 1.004473 -0.612793
12500.000000 2.836902 85.299339 0.966208 -0.607438
12520.000000 2.809584 85.114683 0.926458 -0.602253
12540.000000 2.783983 84.929869 0.885385 -0.597259
12560.000000 2.760091 84.744943 0.843143 -0.592476
12580.000000 2.737895 84.559947 0.799869 -0.587922
12600.000000 2.717384 84.374919 0.755693 -0.583615
12620.000000 2.698542 84.189888 0.710733 -0.579573
12640.000000 2.681351 84.004881 0.665099 -0.575812
12660.000000 2.665791 83.819916 0.618889 -0.572345
12680.000000 2.651844 83.635009 0.572196 -0.569186
12700.000000 2.639486 83.450166 0.525106 -0.566347
12720.000000 2.628697 83.265393 0.477696 -0.563837
12740.000000 2.619453 83.080688 0.430042 -0.561663
12760.000000 2.611732 82.896046 0.382211 -0.559834
12780.000000 2.605512 82.711459 0.334269 -0.558353
12800.000000 2.600772 82.526915 0.286281 -0.557222
12820.000000 2.597492 82.342401 0.238305 -0.556444
12840.000000 2.595650 82.157900 0.190402 -0.556018
12860.000000 2.595230 81.973398 0.142631 -0.555941
12880.000000 2.596214 81.788876 0.095049 -0.556210
12900.000000 2.598586 81.604319 0.047715 -0.556819
12920.000000 2.602331 81.419710 0.000688 -0.557763
12940.000000 2.607436 81.235037 -0.045972 -0.559033
12960.000000 2.613888 81.050287 -0.092204 -0.560619
12980.000000 2.621674 80.865451 -0.137946 -0.562511
13000.000000 2.630782 80.680523 -0.183131 -0.564697
13020.000000 2.641202 80.495501 -0.227693 -0.567165
13040.000000 2.652922 80.310385 -0.271561 -0.569900
13060.000000 2.665930 80.125181 -0.314662 -0.572889
13080.000000 2.680214 79.939897 -0.356919 -0.576117
13100.000000 2.695762 79.754547 -0.398252 -0.579567
13120.000000 2.712561 79.569147 -0.438574 -0.583224
13140.000000 2.730599 79.383720 -0.477797 -0.587072
13160.000000 2.749862 79.198290 -0.515825 -0.591094
13180.000000 2.770337 79.012887 -0.552559 -0.595275
13200.000000 2.792012 78.827544 -0.587895 -0.599598
13220.000000 2.814878 78.642296 -0.621720 -0.604049
13240.000000 2.838923 78.457183 -0.653920 -0.608612
13260.000000 2.864141 78.272247 -0.684371 -0.613274
13280.000000 2.890529 78.087534 -0.712943 -0.618022
13300.000000 2.918085 77.903091 -0.739502 -0.622843
13320.000000 2.946814 77.718967 -0.763903 -0.627727
13340.000000 2.976724 77.535216 -0.785994 -0.632664
13360.000000 3.007828 77.351892 -0.805614 -0.637643
13380.000000 3.040146 77.169050 -0.822592 -0.642659
13400.000000 3.073700 76.986749 -0.836744 -0.647702
13420.000000 3.108521 76.805048 -0.847874 -0.652767
13440.000000 3.144639 76.624010 -0.855771 -0.657847
13460.000000 3.182089 76.443698 -0.860206 -0.662937
13480.000000 3.220906 76.264177 -0.860935 -0.668030
13500.000000 3.261121 76.085514 -0.857692 -0.673119
13520.000000 3.302756 75.907777 -0.850193 -0.678197
13540.000000 3.345821 75.731036 -0.838133 -0.683254
13560.000000 3.390301 75.555358 -0.821189 -0.688281
13580.000000 3.436150 75.380812 -0.799024 -0.693264
13600.000000 3.483277 75.207464 -0.771290 -0.698186
13620.000000 3.531531 75.035375 -0.737641 -0.703027
13640.000000 3.580685 74.864599 -0.697741 -0.707765
13660.000000 3.630416 74.695180 -0.651285 -0.712372
13680.000000 3.680295 74.527146 -0.598019 -0.716816
13700.000000 3.729769 74.360509 -0.537766 -0.721061
13720.000000 3.778162 74.195259 -0.470454 -0.725067
13740.000000 3.824678 74.031356 -0.396152 -0.728793
13760.000000 3.868422 73.868736 -0.315101 -0.732195
13780.000000 3.908438 73.707298 -0.227741 -0.735231
13800.000000 3.943752 73.546915 -0.134734 -0.737858
13820.000000 3.973427 73.387427 -0.036972 -0.740040
13840.000000 3.996627 73.228647 0.064435 -0.741745
13860.000000 4.012664 73.070369 0.168192 -0.742945
13880.000000 4.021048 72.912368 0.272871 -0.743620
13900.000000 4.021521 72.754417 0.376991 -0.743754
13920.000000 4.014071 72.596288 0.479090 -0.743338
13940.000000 3.998932 72.437765 0.577804 -0.742373
13960.000000 3.976572 72.278644 0.671922 -0.740867
13980.000000 3.947645 72.118744 0.760429 -0.738842
14000.000000 3.912949 71.957906 0.842521 -0.736324
14020.000000 3.873364 71.795998 0.917606 -0.733348
14040.000000 3.829792 71.632913 0.985297 -0.729953
14060.000000 3.783111 71.468568 1.045389 -0.726177
14080.000000 3.734132 71.302909 1.097839 -0.722059
14100.000000 3.683578 71.135903 1.142735 -0.717637
14120.000000 3.632073 70.967536 1.180273 -0.712943
14140.000000 3.580143 70.797816 1.210729 -0.708011
14160.000000 3.528221 70.626764 1.234437 -0.702869
14180.000000 3.476664 70.454411 1.251765 -0.697544
14200.000000 3.425757 70.280803 1.263103 -0.692063
14220.000000 3.375730 70.105989 1.268846 -0.686448
14240.000000 3.326768 69.930029 1.269383 -0.680721
14260.000000 3.279020 69.752984 1.265096 -0.674906
14280.000000 3.232604 69.574921 1.256349 -0.669021
14300.000000 3.187616 69.395911 1.243490 -0.663088
14320.000000 3.144131 69.216025 1.226847 -0.657127
14340.000000 3.102209 69.035337 1.206730 -0.651158
14360.000000 3.061897 68.853920 1.183431 -0.645200
14380.000000 3.023233 68.671850 1.157221 -0.639275
14400.000000 2.986243 68.489199 1.128359 -0.633403
14420.000000 2.950948 68.306039 1.097083 -0.627605
14440.000000 2.917362 68.122440 1.063620 -0.621900
14460.000000 2.885494 67.938470 1.028179 -0.616311
14480.000000 2.855349 67.754192 0.990959 -0.610858
14500.000000 2.826927 67.569666 0.952143 -0.605562
14520.000000 2.800224 67.384948 0.911901 -0.600443
14540.000000 2.775236 67.200088 0.870393 -0.595522
14560.000000 2.751952 67.015132 0.827766 -0.590819
14580.000000 2.730361 66.830121 0.784155 -0.586351
14600.000000 2.710450 66.645089 0.739686 -0.582137
14620.000000 2.692200 66.460064 0.694472 -0.578194
14640.000000 2.675595 66.275070 0.648621 -0.574536
14660.000000 2.660615 66.090125 0.602228 -0.571178
14680.000000 2.647239 65.905239 0.555383 -0.568133
14700.000000 2.635446 65.720422 0.508170 -0.565410
14720.000000 2.625212 65.535673 0.460665 -0.563020
14740.000000 2.616516 65.350991 0.412939 -0.560969
14760.000000 2.609335 65.166370 0.365061 -0.559264
14780.000000 2.603647 64.981800 0.317096 -0.557908
14800.000000 2.599432 64.797268 0.269105 -0.556903
14820.000000 2.596668 64.612761 0.221148 -0.556251
14840.000000 2.595337 64.428262 0.173286 -0.555950
14860.000000 2.595422 64.243754 0.125576 -0.555997
14880.000000 2.596904 64.059222 0.078076 -0.556389
14900.000000 2.599769 63.874648 0.030845 -0.557119
14920.000000 2.604003 63.690017 -0.016058 -0.558180
14940.000000 2.609591 63.505318 -0.062572 -0.559564
14960.000000 2.616522 63.320538 -0.108636 -0.561261
14980.000000 2.624782 63.135670 -0.154185 -0.563260
15000.000000 2.634362 62.950709 -0.199155 -0.565548
15020.000000 2.645248 62.765652 -0.243477 -0.568114
15040.000000 2.657431 62.580504 -0.287079 -0.570942
15060.000000 2.670897 62.395270 -0.329888 -0.574018
15080.000000 2.685635 62.209961 -0.371823 -0.577327
15100.000000 2.701632 62.024591 -0.412804 -0.580853
15120.000000 2.718876 61.839179 -0.452744 -0.584580
15140.000000 2.737353 61.653747 -0.491550 -0.588493
15160.000000 2.757051 61.468324 -0.529127 -0.592573
15180.000000 2.777958 61.282938 -0.565373 -0.596807
15200.000000 2.800060 61.097624 -0.600181 -0.601177
15220.000000 2.823349 60.912420 -0.633438 -0.605670
15240.000000 2.847814 60.727365 -0.665026 -0.610270
15260.000000 2.873451 60.542504 -0.694820 -0.614964
15280.000000 2.900257 60.357882 -0.722688 -0.619740
15300.000000 2.928233 60.173547 -0.748491 -0.624585
15320.000000 2.957383 59.989551 -0.772083 -0.629488
15340.000000 2.987718 59.805946 -0.793309 -0.634441
15360.000000 3.019255 59.622788 -0.812004 -0.639435
15380.000000 3.052012 59.440133 -0.827992 -0.644461
15400.000000 3.086016 59.258040 -0.841086 -0.649513
15420.000000 3.121297 59.076569 -0.851084 -0.654584
15440.000000 3.157888 58.895783 -0.857768 -0.659668
15460.000000 3.195824 58.715747 -0.860906 -0.664760
15480.000000 3.235138 58.536525 -0.860245 -0.669852
15500.000000 3.275859 58.358186 -0.855512 -0.674938
15520.000000 3.318006 58.180797 -0.846417 -0.680010
15540.000000 3.361580 58.004429 -0.832647 -0.685058
15560.000000 3.406557 57.829148 -0.813873 -0.690070
15580.000000 3.452877 57.655024 -0.789755 -0.695033
15600.000000 3.500428 57.482120 -0.759944 -0.699929
15620.000000 3.549035 57.310495 -0.724095 -0.704736
15640.000000 3.598438 57.140200 -0.681882 -0.709431
15660.000000 3.648278 56.971274 -0.633014 -0.713983
15680.000000 3.698082 56.803740 -0.577263 -0.718360
15700.000000 3.747253 56.637602 -0.514484 -0.722524
15720.000000 3.795071 56.472840 -0.444655 -0.726435
15740.000000 3.840702 56.309406 -0.367900 -0.730051
15760.000000 3.883224 56.147221 -0.284529 -0.733326
15780.000000 3.921668 55.986178 -0.195060 -0.736220
15800.000000 3.955067 55.826135 -0.100237 -0.738692
15820.000000 3.982514 55.666923 -0.001031 -0.740706
15840.000000 4.003220 55.508347 0.101373 -0.742233
15860.000000 4.016563 55.350194 0.205628 -0.743248
15880.000000 4.022133 55.192238 0.310278 -0.743731
15900.000000 4.019758 55.034249 0.413839 -0.743669
15920.000000 4.009516 54.876003 0.514877 -0.743055
15940.000000 3.991729 54.717288 0.612076 -0.741895
15960.000000 3.966934 54.557908 0.704291 -0.740201
15980.000000 3.935845 54.397689 0.790583 -0.737996
16000.000000 3.899295 54.236483 0.870224 -0.735310
16020.000000 3.858180 54.074164 0.942697 -0.732179
16040.000000 3.813398 53.910636 1.007683 -0.728643
16060.000000 3.765806 53.745826 1.065038 -0.724741
16080.000000 3.716185 53.579688 1.114768 -0.720510
16100.000000 3.665223 53.412195 1.157003 -0.715986
16120.000000 3.613511 53.243342 1.191971 -0.711204
16140.000000 3.561538 53.073142 1.219971 -0.706193
16160.000000 3.509710 52.901620 1.241352 -0.700983
16180.000000 3.458356 52.728813 1.256491 -0.695599
16200.000000 3.407740 52.554767 1.265781 -0.690067
16220.000000 3.358075 52.379536 1.269616 -0.684410
16240.000000 3.309532 52.203180 1.268384 -0.678649
16260.000000 3.262249 52.025763 1.262459 -0.672806
16280.000000 3.216334 51.847353 1.252202 -0.666902
16300.000000 3.171876 51.668021 1.237951 -0.660957
16320.000000 3.128944 51.487839 1.220031 -0.654990
16340.000000 3.087594 51.306881 1.198742 -0.649023
16360.000000 3.047868 51.125222 1.174371 -0.643075
16380.000000 3.009800 50.942936 1.147183 -0.637167
16400.000000 2.973415 50.760094 1.117430 -0.631318
16420.000000 2.938730 50.576770 1.085346 -0.625551
16440.000000 2.905758 50.393030 1.051152 -0.619885
16460.000000 2.874507 50.208943 1.015052 -0.614342
16480.000000 2.844978 50.024569 0.977240 -0.608943
16500.000000 2.817172 49.839968 0.937895 -0.603708
16520.000000 2.791084 49.655194 0.897182 -0.598658
16540.000000 2.766707 49.470295 0.855258 -0.593813
16560.000000 2.744031 49.285315 0.812263 -0.589192
16580.000000 2.723043 49.100293 0.768331 -0.584813
16600.000000 2.703728 48.915260 0.723583 -0.580694
16620.000000 2.686069 48.730244 0.678129 -0.576851
16640.000000 2.670048 48.545266 0.632073 -0.573299
16660.000000 2.655645 48.360341 0.585509 -0.570052
16680.000000 2.642838 48.175479 0.538523 -0.567121
16700.000000 2.631605 47.990686 0.491197 -0.564516
16720.000000 2.621924 47.805962 0.443605 -0.562246
16740.000000 2.613773 47.621303 0.395817 -0.560319
16760.000000 2.607128 47.436701 0.347901 -0.558738
16780.000000 2.601970 47.252146 0.299919 -0.557508
16800.000000 2.598277 47.067625 0.251933 -0.556629
16820.000000 2.596028 46.883122 0.204004 -0.556103
16840.000000 2.595206 46.698622 0.156189 -0.555927
16860.000000 2.595792 46.514107 0.108547 -0.556098
16880.000000 2.597772 46.329562 0.061137 -0.556612
16900.000000 2.601128 46.144969 0.014017 -0.557461
16920.000000 2.605848 45.960316 -0.032754 -0.558639
16940.000000 2.611918 45.775589 -0.079114 -0.560136
16960.000000 2.619326 45.590778 -0.125001 -0.561943
16980.000000 2.628060 45.405877 -0.170351 -0.564046
17000.000000 2.638109 45.220882 -0.215097 -0.566436
17020.000000 2.649460 45.035792 -0.259169 -0.569096
17040.000000 2.662103 44.850612 -0.302496 -0.572015
17060.000000 2.676026 44.665350 -0.345001 -0.575176
17080.000000 2.691216 44.480017 -0.386605 -0.578565
17100.000000 2.707661 44.294629 -0.427223 -0.582165
17120.000000 2.725348 44.109208 -0.466768 -0.585960
17140.000000 2.744264 43.923776 -0.505146 -0.589935
17160.000000 2.764396 43.738362 -0.542258 -0.594072
17180.000000 2.785731 43.552998 -0.578002 -0.598356
17200.000000 2.808260 43.367719 -0.612268 -0.602772
17220.000000 2.831970 43.182563 -0.644942 -0.607305
17240.000000 2.856856 42.997573 -0.675903 -0.611940
17260.000000 2.882911 42.812791 -0.705022 -0.616665
17280.000000 2.910135 42.628267 -0.732168 -0.621466
17300.000000 2.938530 42.444047 -0.757197 -0.626334
17320.000000 2.968104 42.260185 -0.779960 -0.631256
17340.000000 2.998867 42.076734 -0.800300 -0.636224
17360.000000 3.030837 41.893749 -0.818047 -0.641230
17380.000000 3.064038 41.711288 -0.833021 -0.646267
17400.000000 3.098495 41.529410 -0.845031 -0.651326
17420.000000 3.134241 41.348178 -0.853869 -0.656403
17440.000000 3.171309 41.167653 -0.859312 -0.661490
17460.000000 3.209735 40.987900 -0.861120 -0.666582
17480.000000 3.249550 40.808987 -0.859034 -0.671673
17500.000000 3.290779 40.630980 -0.852774 -0.676755
17520.000000 3.333438 40.453948 -0.842042 -0.681820
17540.000000 3.377519 40.277961 -0.826520 -0.686857
17560.000000 3.422986 40.103087 -0.805873 -0.691853
17580.000000 3.469762 39.929392 -0.779758 -0.696794
17600.000000 3.517716 39.756940 -0.747824 -0.701661
17620.000000 3.566642 39.585785 -0.709733 -0.706431
17640.000000 3.616248 39.415977 -0.665169 -0.711078
17660.000000 3.666136 39.247547 -0.613861 -0.715572
17680.000000 3.715788 39.080514 -0.555605 -0.719877
17700.000000 3.764565 38.914872 -0.490299 -0.723955
17720.000000 3.811701 38.750592 -0.417967 -0.727766
17740.000000 3.856328 38.587615 -0.338799 -0.731264
17760.000000 3.897503 38.425854 -0.253174 -0.734408
17780.000000 3.934251 38.265186 -0.161691 -0.737155
17800.000000 3.965619 38.105461 -0.065176 -0.739467
17820.000000 3.990736 37.946501 0.035320 -0.741310
17840.000000 4.008867 37.788102 0.138549 -0.742657
17860.000000 4.019464 37.630045 0.243116 -0.743483
17880.000000 4.022197 37.472103 0.347546 -0.743772
17900.000000 4.016985 37.314048 0.450364 -0.743512
17920.000000 4.003993 37.155658 0.550170 -0.742703
17940.000000 3.983625 36.996726 0.645707 -0.741349
17960.000000 3.956488 36.837064 0.735900 -0.739469
17980.000000 3.923345 36.676508 0.819883 -0.737088
18000.000000 3.885057 36.514916 0.897007 -0.734238
18020.000000 3.842528 36.352175 0.966828 -0.730958
18040.000000 3.796644 36.188195 1.029091 -0.727286
18060.000000 3.748241 36.022914 1.083709 -0.723262
18080.000000 3.698066 35.856292 1.130736 -0.718922
18100.000000 3.646774 35.688312 1.170339 -0.714302
18120.000000 3.594916 35.518976 1.202776 -0.709435
18140.000000 3.542953 35.348299 1.228365 -0.704350
18160.000000 3.491260 35.176312 1.247468 -0.699074
18180.000000 3.440143 35.003055 1.260468 -0.693635
18200.000000 3.389845 34.828579 1.267760 -0.688056
18220.000000 3.340564 34.652938 1.269738 -0.682359
18240.000000 3.292458 34.476194 1.266783 -0.676566
18260.000000 3.245653 34.298414 1.259268 -0.670699
18280.000000 3.200250 34.119666 1.247543 -0.664778
18300.000000 3.156331 33.940021 1.231943 -0.658823
18320.000000 3.113960 33.759553 1.212783 -0.652854
18340.000000 3.073187 33.578336 1.190359 -0.646891
18360.000000 3.034051 33.396444 1.164950 -0.640955
18380.000000 2.996583 33.213951 1.136816 -0.635065
18400.000000 2.960804 33.030928 1.106203 -0.629244
18420.000000 2.926732 32.847447 1.073339 -0.623510
18440.000000 2.894375 32.663576 1.038440 -0.617886
18460.000000 2.863740 32.479379 1.001706 -0.612392
18480.000000 2.834828 32.294918 0.963325 -0.607049
18500.000000 2.807638 32.110249 0.923472 -0.601878
18520.000000 2.782163 31.925424 0.882309 -0.596899
18540.000000 2.758396 31.740492 0.839985 -0.592132
18560.000000 2.736326 31.555492 0.796641 -0.587596
18580.000000 2.715938 31.370463 0.752403 -0.583308
18600.000000 2.697218 31.185433 0.707390 -0.579286
18620.000000 2.680148 31.000429 0.661709 -0.575546
18640.000000 2.664708 30.815468 0.615461 -0.572101
18660.000000 2.650879 30.630565 0.568736 -0.568966
18680.000000 2.638637 30.445727 0.521620 -0.566150
18700.000000 2.627963 30.260959 0.474190 -0.563665
18720.000000 2.618832 30.076259 0.426520 -0.561517
18740.000000 2.611222 29.891621 0.378678 -0.559713
18760.000000 2.605113 29.707038 0.330731 -0.558257
18780.000000 2.600481 29.522497 0.282741 -0.557153
18800.000000 2.597307 29.337984 0.234769 -0.556401
18820.000000 2.595571 29.153484 0.186874 -0.556000
18840.000000 2.595255 28.968981 0.139115 -0.555949
18860.000000 2.596342 28.784457 0.091549 -0.556243
18880.000000 2.598815 28.599896 0.044236 -0.556878
18900.000000 2.602661 28.415284 -0.002766 -0.557846
18920.000000 2.607866 28.230605 -0.049397 -0.559139
18940.000000 2.614416 28.045849 -0.095595 -0.560748
18960.000000 2.622300 27.861006 -0.141297 -0.562662
18980.000000 2.631506 27.676072 -0.186439 -0.564869
19000.000000 2.642022 27.491043 -0.230952 -0.567357
19020.000000 2.653838 27.305920 -0.274766 -0.570112
19040.000000 2.666940 27.120710 -0.317808 -0.573119
19060.000000 2.681318 26.935420 -0.360000 -0.576364
19080.000000 2.696959 26.750066 -0.401261 -0.579830
19100.000000 2.713849 26.564663 -0.441505 -0.583502
19120.000000 2.731978 26.379235 -0.480643 -0.587363
19140.000000 2.751330 26.193806 -0.518579 -0.591397
19160.000000 2.771894 26.008406 -0.555214 -0.595589
19180.000000 2.793658 25.823069 -0.590442 -0.599922
19200.000000 2.816611 25.637829 -0.624152 -0.604382
19220.000000 2.840742 25.452728 -0.656227 -0.608953
19240.000000 2.866047 25.267807 -0.686543 -0.613622
19260.000000 2.892521 25.083112 -0.714972 -0.618375
19280.000000 2.920164 24.898691 -0.741377 -0.623201
19300.000000 2.948979 24.714593 -0.765613 -0.628089
19320.000000 2.978977 24.530872 -0.787527 -0.633029
19340.000000 3.010170 24.347581 -0.806959 -0.638012
19360.000000 3.042578 24.164777 -0.823735 -0.643030
19380.000000 3.076224 23.982518 -0.837671 -0.648075
19400.000000 3.111139 23.800864 -0.848570 -0.653141
19420.000000 3.147354 23.619877 -0.856219 -0.658222
19440.000000 3.184905 23.439621 -0.860390 -0.663312
19460.000000 3.223824 23.260161 -0.860835 -0.668405
19480.000000 3.264143 23.081564 -0.857288 -0.673494
19500.000000 3.305883 22.903898 -0.849463 -0.678570
19520.000000 3.349053 22.727233 -0.837054 -0.683626
19540.000000 3.393636 22.551636 -0.819737 -0.688650
19560.000000 3.439583 22.377177 -0.797173 -0.693629
19580.000000 3.486799 22.203920 -0.769015 -0.698546
19600.000000 3.535129 22.031926 -0.734916 -0.703381
19620.000000 3.584337 21.861248 -0.694542 -0.708110
19640.000000 3.634095 21.691930 -0.647592 -0.712706
19660.000000 3.683965 21.523999 -0.593816 -0.717136
19680.000000 3.733384 21.357466 -0.533043 -0.721365
19700.000000 3.781667 21.192316 -0.465211 -0.725352
19720.000000 3.828010 21.028511 -0.390402 -0.729056
19740.000000 3.871512 20.865981 -0.308868 -0.732432
19760.000000 3.911215 20.704626 -0.221066 -0.735439
19780.000000 3.946143 20.544315 -0.127675 -0.738034
19800.000000 3.975368 20.384886 -0.029603 -0.740182
19820.000000 3.998061 20.226150 0.072023 -0.741851
19840.000000 4.013548 20.067900 0.175897 -0.743013
19860.000000 4.021355 19.909911 0.280586 -0.743649
19880.000000 4.021241 19.751954 0.384606 -0.743742
19900.000000 4.013212 19.593804 0.486501 -0.743286
19920.000000 3.997523 19.435243 0.584915 -0.742280
19940.000000 3.974654 19.276070 0.678652 -0.740736
19960.000000 3.945273 19.116106 0.766710 -0.738673
19980.000000 3.910186 18.955194 0.848303 -0.736120
20000.000000 3.870276 18.793203 0.922853 -0.733112
20020.000000 3.826446 18.630027 0.989989 -0.729687
20040.000000 3.779569 18.465587 1.049518 -0.725885
20060.000000 3.730450 18.299829 1.101406 -0.721743
20080.000000 3.679805 18.132723 1.145752 -0.717299
20100.000000 3.628252 17.964256 1.182757 -0.712587
20120.000000 3.576309 17.794437 1.212704 -0.707638
20140.000000 3.524403 17.623287 1.235928 -0.702482
20160.000000 3.472885 17.450841 1.252801 -0.697145
20180.000000 3.422035 17.277141 1.263713 -0.691653
20200.000000 3.372081 17.102241 1.269058 -0.686029
20220.000000 3.323204 16.926199 1.269227 -0.680295
20240.000000 3.275550 16.749076 1.264599 -0.674474
20260.000000 3.229237 16.570942 1.255537 -0.668585
20280.000000 3.184357 16.391864 1.242388 -0.662649
20300.000000 3.140985 16.211917 1.225479 -0.656687
20320.000000 3.099181 16.031172 1.205117 -0.650718
20340.000000 3.058990 15.849705 1.181594 -0.644762
20360.000000 3.020448 15.667589 1.155180 -0.638840
20380.000000 2.983582 15.484898 1.126132 -0.632973
20400.000000 2.948413 15.301703 1.094687 -0.627180
20420.000000 2.914953 15.118075 1.061071 -0.621484
20440.000000 2.883212 14.934080 1.025493 -0.615904
20460.000000 2.853194 14.749782 0.988149 -0.610462
20480.000000 2.824899 14.565240 0.949222 -0.605178
20500.000000 2.798323 14.380509 0.908882 -0.600073
20520.000000 2.773461 14.195641 0.867286 -0.595168
20540.000000 2.750302 14.010680 0.824582 -0.590481
20560.000000 2.728836 13.825666 0.780904 -0.586031
20580.000000 2.709047 13.640633 0.736375 -0.581837
20600.000000 2.690920 13.455610 0.691112 -0.577914
20620.000000 2.674435 13.270619 0.645217 -0.574278
20640.000000 2.659574 13.085678 0.598788 -0.570943
20660.000000 2.646316 12.900797 0.551913 -0.567921
20680.000000 2.634638 12.715985 0.504676 -0.565222
20700.000000 2.624518 12.531241 0.457152 -0.562857
20720.000000 2.615935 12.346564 0.409413 -0.560831
20740.000000 2.608865 12.161947 0.361526 -0.559152
20760.000000 2.603286 11.977380 0.313557 -0.557821
20780.000000 2.599178 11.792851 0.265566 -0.556843
20800.000000 2.596521 11.608345 0.217615 -0.556217
20820.000000 2.595295 11.423846 0.169762 -0.555942
20840.000000 2.595483 11.239337 0.122065 -0.556015
20860.000000 2.597068 11.054802 0.074583 -0.556431
20880.000000 2.600035 10.870224 0.027374 -0.557186
20900.000000 2.604369 10.685589 -0.019502 -0.558272
20920.000000 2.610056 10.500884 -0.065985 -0.559679
20940.000000 2.617085 10.316098 -0.112013 -0.561398
20960.000000 2.625444 10.131223 -0.157522 -0.563419
20980.000000 2.635120 9.946255 -0.202447 -0.565728
21000.000000 2.646103 9.761192 -0.246718 -0.568313
21020.000000 2.658380 9.576037 -0.290264 -0.571160
21040.000000 2.671940 9.390797 -0.333011 -0.574254
21060.000000 2.686771 9.205482 -0.374879 -0.577580
21080.000000 2.702861 9.020109 -0.415786 -0.581121
21100.000000 2.720196 8.834694 -0.455645 -0.584863
21120.000000 2.738764 8.649263 -0.494364 -0.588788
21140.000000 2.758552 8.463841 -0.531846 -0.592881
21160.000000 2.779547 8.278459 -0.567990 -0.597125
21180.000000 2.801737 8.093152 -0.602688 -0.601505
21200.000000 2.825113 7.907957 -0.635826 -0.606006
21220.000000 2.849665 7.722915 -0.667286 -0.610613
21240.000000 2.875388 7.538070 -0.696942 -0.615314
21260.000000 2.902280 7.353467 -0.724663 -0.620095
21280.000000 2.930342 7.169156 -0.750308 -0.624944
21300.000000 2.959579 6.985187 -0.773731 -0.629852
21320.000000 2.990003 6.801613 -0.794776 -0.634808
21340.000000 3.021628 6.618490 -0.813277 -0.639804
21360.000000 3.054476 6.435874 -0.829059 -0.644833
21380.000000 3.088574 6.253825 -0.841931 -0.649886
21400.000000 3.123950 6.072403 -0.851692 -0.654959
21420.000000 3.160639 5.891670 -0.858124 -0.660044
21440.000000 3.198675 5.711691 -0.860990 -0.665135
21460.000000 3.238092 5.532533 -0.860038 -0.670227
21480.000000 3.278918 5.354261 -0.854994 -0.675312
21500.000000 3.321170 5.176945 -0.845565 -0.680383
21520.000000 3.364849 5.000654 -0.831437 -0.685429
21540.000000 3.409928 4.825457 -0.812282 -0.690438
21560.000000 3.456343 4.651421 -0.787756 -0.695397
21580.000000 3.503979 4.478609 -0.757511 -0.700287
21600.000000 3.552655 4.307081 -0.721203 -0.705087
21620.000000 3.602103 4.136885 -0.678508 -0.709772
21640.000000 3.651958 3.968061 -0.629140 -0.714312
21660.000000 3.701737 3.800631 -0.572874 -0.718675
21680.000000 3.750835 3.634595 -0.509575 -0.722822
21700.000000 3.798522 3.469933 -0.439229 -0.726713
21720.000000 3.843955 3.306594 -0.361973 -0.730304
21740.000000 3.886210 3.144498 -0.278132 -0.733553
21760.000000 3.924315 2.983533 -0.188240 -0.736417
21780.000000 3.957305 2.823557 -0.093057 -0.738856
21800.000000 3.984280 2.664399 0.006426 -0.740836
21820.000000 4.004461 2.505862 0.109015 -0.742326
21840.000000 4.017242 2.347732 0.213350 -0.743302
21860.000000 4.022229 2.189781 0.317970 -0.743745
21880.000000 4.019269 2.031780 0.421393 -0.743642
21900.000000 4.008457 1.873507 0.522191 -0.742989
21920.000000 3.990132 1.714749 0.619059 -0.741788
21940.000000 3.964846 1.555313 0.710867 -0.740055
21960.000000 3.933325 1.395026 0.796691 -0.737813
21980.000000 3.896408 1.233742 0.875818 -0.735093
22000.000000 3.854992 1.071337 0.947748 -0.731932
22020.000000 3.809974 0.907716 1.012174 -0.728367
22040.000000 3.762207 0.742810 1.068965 -0.724439
22060.000000 3.712465 0.576572 1.118136 -0.720186
22080.000000 3.661429 0.408979 1.159826 -0.715642
22100.000000 3.609682 0.240027 1.194270 -0.710842
22120.000000 3.557707 0.069728 1.221770 -0.705815
22140.000000 3.505904 -0.101890 1.242677 -0.700591
22160.000000 3.454595 -0.274791 1.257371 -0.695196
22180.000000 3.404042 -0.448926 1.266246 -0.689654
22200.000000 3.354455 -0.624242 1.269694 -0.683988
22220.000000 3.306001 -0.800679 1.268103 -0.678221
22240.000000 3.258815 -0.978171 1.261847 -0.672373
22260.000000 3.213005 -1.156652 1.251283 -0.666465
22280.000000 3.168657 -1.336049 1.236751 -0.660517
22300.000000 3.125840 -1.516290 1.218572 -0.654550
22320.000000 3.084608 -1.697302 1.197047 -0.648583
22340.000000 3.045004 -1.879010 1.172459 -0.642638
22360.000000 3.007059 -2.061340 1.145074 -0.636733
22380.000000 2.970799 -2.244219 1.115141 -0.630890
22400.000000 2.936240 -2.427577 1.082894 -0.625129
22420.000000 2.903395 -2.611344 1.048552 -0.619472
22440.000000 2.872270 -2.795455 1.012320 -0.613939
22460.000000 2.842869 -2.979847 0.974389 -0.608551
22480.000000 2.815190 -3.164463 0.934937 -0.603329
22500.000000 2.789228 -3.349248 0.894130 -0.598294
22520.000000 2.764977 -3.534154 0.852122 -0.593464
22540.000000 2.742426 -3.719138 0.809054 -0.588860
22560.000000 2.721561 -3.904163 0.765058 -0.584500
22580.000000 2.702369 -4.089195 0.720254 -0.580401
22600.000000 2.684832 -4.274209 0.674752 -0.576579
22620.000000 2.668931 -4.459184 0.628656 -0.573049
22640.000000 2.654646 -4.644104 0.582058 -0.569825
22660.000000 2.641956 -4.828961 0.535044 -0.566917
22680.000000 2.630838 -5.013749 0.487696 -0.564337
22700.000000 2.621271 -5.198468 0.440087 -0.562092
22720.000000 2.613231 -5.383123 0.392287 -0.560190
22740.000000 2.606698 -5.567721 0.344364 -0.558635
22760.000000 2.601648 -5.752272 0.296380 -0.557431
22780.000000 2.598062 -5.936792 0.248396 -0.556578
22800.000000 2.595919 -6.121294 0.200473 -0.556078
22820.000000 2.595201 -6.305794 0.152669 -0.555928
22840.000000 2.595891 -6.490311 0.105043 -0.556125
22860.000000 2.597972 -6.674859 0.057652 -0.556663
22880.000000 2.601430 -6.859456 0.010555 -0.557537
22900.000000 2.606250 -7.044114 -0.036187 -0.558739
22920.000000 2.612419 -7.228847 -0.082514 -0.560259
22940.000000 2.619925 -7.413664 -0.128364 -0.562088
22960.000000 2.628756 -7.598572 -0.173672 -0.564213
22980.000000 2.638901 -7.783575 -0.218371 -0.566623
23000.000000 2.650349 -7.968671 -0.262391 -0.569303
23020.000000 2.663087 -8.153857 -0.305660 -0.572240
23040.000000 2.677103 -8.339125 -0.348101 -0.575419
23060.000000 2.692386 -8.524463 -0.389635 -0.578823
23080.000000 2.708923 -8.709854 -0.430177 -0.582438
23100.000000 2.726701 -8.895277 -0.469639 -0.586247
23120.000000 2.745707 -9.080709 -0.507927 -0.590234
23140.000000 2.765928 -9.266120 -0.544942 -0.594383
23160.000000 2.787352 -9.451479 -0.580581 -0.598678
23180.000000 2.809968 -9.636750 -0.614734 -0.603103
23200.000000 2.833765 -9.821895 -0.647285 -0.607643
23220.000000 2.858737 -10.006872 -0.678114 -0.612286
23240.000000 2.884879 -10.191636 -0.707093 -0.617016
23260.000000 2.912189 -10.376140 -0.734087 -0.621823
23280.000000 2.940671 -10.560335 -0.758955 -0.626695
23300.000000 2.970331 -10.744168 -0.781545 -0.631621
23320.000000 3.001183 -10.927587 -0.801699 -0.636592
23340.000000 3.033243 -11.110536 -0.819248 -0.641601
23360.000000 3.066535 -11.292955 -0.834011 -0.646639
23380.000000 3.101087 -11.474787 -0.845793 -0.651700
23400.000000 3.136929 -11.655970 -0.854389 -0.656777
23420.000000 3.174096 -11.836440 -0.859572 -0.661865
23440.000000 3.212623 -12.016133 -0.861102 -0.666958
23460.000000 3.252541 -12.194982 -0.858718 -0.672048
23480.000000 3.293876 -12.372920 -0.852139 -0.677129
23500.000000 3.336640 -12.549877 -0.841065 -0.682192
23520.000000 3.380825 -12.725784 -0.825177 -0.687227
23540.000000 3.426392 -12.900573 -0.804139 -0.692220
23560.000000 3.473260 -13.074179 -0.777606 -0.697156
23580.000000 3.521293 -13.246537 -0.745230 -0.702016
23600.000000 3.570281 -13.417594 -0.706672 -0.706778
23620.000000 3.619923 -13.587302 -0.661619 -0.711415
23640.000000 3.669812 -13.755629 -0.609804 -0.715896
23660.000000 3.719424 -13.922559 -0.551031 -0.720186
23680.000000 3.768106 -14.088099 -0.485204 -0.724246
23700.000000 3.815088 -14.252281 -0.412359 -0.728035
23720.000000 3.859494 -14.415164 -0.332699 -0.731509
23740.000000 3.900376 -14.576841 -0.246619 -0.734624
23760.000000 3.936759 -14.737433 -0.154734 -0.737341
23780.000000 3.967694 -14.897095 -0.057887 -0.739619
23800.000000 3.992319 -15.056007 0.042855 -0.741427
23820.000000 4.009912 -15.214373 0.146232 -0.742736
23840.000000 4.019936 -15.372413 0.250840 -0.743523
23860.000000 4.022083 -15.530356 0.355201 -0.743771
23880.000000 4.016289 -15.688429 0.457843 -0.743471
23900.000000 4.002737 -15.846852 0.557375 -0.742621
23920.000000 3.981847 -16.005831 0.652552 -0.741228
23940.000000 3.954239 -16.165554 0.742314 -0.739310
23960.000000 3.920686 -16.326182 0.825811 -0.736893
23980.000000 3.882055 -16.487855 0.902410 -0.734011
24000.000000 3.839248 -16.650685 0.971679 -0.730700
24020.000000 3.793151 -16.814759 1.033380 -0.727001
24040.000000 3.744593 -16.980138 1.087434 -0.722952
24060.000000 3.694315 -17.146859 1.133907 -0.718591
24080.000000 3.642963 -17.314939 1.172972 -0.713952
24100.000000 3.591083 -17.484376 1.204893 -0.709067
24120.000000 3.539128 -17.655150 1.229991 -0.703967
24140.000000 3.487468 -17.827232 1.248630 -0.698679
24160.000000 3.436403 -18.000581 1.261196 -0.693228
24180.000000 3.386174 -18.175145 1.268083 -0.687639
24200.000000 3.336975 -18.350869 1.269684 -0.681935
24220.000000 3.288960 -18.527691 1.266381 -0.676136
24240.000000 3.242256 -18.705546 1.258543 -0.670264
24260.000000 3.196960 -18.884362 1.246521 -0.664340
24280.000000 3.153153 -19.064070 1.230648 -0.658383
24300.000000 3.110898 -19.244596 1.211237 -0.652413
24320.000000 3.070244 -19.425865 1.188584 -0.646452
24340.000000 3.031231 -19.607804 1.162965 -0.640519
24360.000000 2.993886 -19.790339 1.134640 -0.634634
24380.000000 2.958233 -19.973398 1.103853 -0.628818
24400.000000 2.924287 -20.156910 1.070832 -0.623092
24420.000000 2.892057 -20.340807 1.035791 -0.617476
24440.000000 2.861549 -20.525026 0.998930 -0.611993
24460.000000 2.832765 -20.709504 0.960435 -0.606662
24480.000000 2.805701 -20.894186 0.920479 -0.601504
24500.000000 2.780352 -21.079020 0.879225 -0.596540
24520.000000 2.756711 -21.263959 0.836822 -0.591789
24540.000000 2.734765 -21.448962 0.793408 -0.587271
24560.000000 2.714501 -21.633992 0.749109 -0.583002
24580.000000 2.695903 -21.819021 0.704043 -0.579000
24600.000000 2.678954 -22.004023 0.658317 -0.575281
24620.000000 2.663634 -22.188980 0.612031 -0.571859
24640.000000 2.649922 -22.373878 0.565274 -0.568747
24660.000000 2.637797 -22.558711 0.518132 -0.565956
24680.000000 2.627237 -22.743474 0.470682 -0.563495
24700.000000 2.618219 -22.928169 0.422997 -0.561372
24720.000000 2.610721 -23.112802 0.375146 -0.559593
24740.000000 2.604721 -23.297382 0.327193 -0.558164
24760.000000 2.600197 -23.481921 0.279203 -0.557085
24780.000000 2.597130 -23.666432 0.231234 -0.556359
24800.000000 2.595499 -23.850932 0.183347 -0.555984
24820.000000 2.595287 -24.035436 0.135600 -0.555959
24840.000000 2.596477 -24.219962 0.088051 -0.556278
24860.000000 2.599052 -24.404526 0.040758 -0.556938
24880.000000 2.602999 -24.589143 -0.006218 -0.557930
24900.000000 2.608303 -24.773827 -0.052819 -0.559247
24920.000000 2.614952 -24.958589 -0.098983 -0.560879
24940.000000 2.622934 -25.143438 -0.144646 -0.562815
24960.000000 2.632237 -25.328380 -0.189744 -0.565043
24980.000000 2.642850 -25.513416 -0.234208 -0.567552
25000.000000 2.654760 -25.698545 -0.277967 -0.570326
25020.000000 2.667957 -25.883762 -0.320949 -0.573351
25040.000000 2.682428 -26.069057 -0.363075 -0.576612
25060.000000 2.698162 -26.254415 -0.404264 -0.580094
25080.000000 2.715144 -26.439820 -0.444430 -0.583780
25100.000000 2.733363 -26.625250 -0.483483 -0.587655
25120.000000 2.752805 -26.810677 -0.521327 -0.591701
25140.000000 2.773458 -26.996074 -0.557861 -0.595904
25160.000000 2.795310 -27.181406 -0.592981 -0.600247
25180.000000 2.818350 -27.366636 -0.626574 -0.604715
25200.000000 2.842568 -27.551726 -0.658524 -0.609294
25220.000000 2.867960 -27.736632 -0.688706 -0.613969
25240.000000 2.894519 -27.921308 -0.716990 -0.618729
25260.000000 2.922248 -28.105707 -0.743240 -0.623560
25280.000000 2.951151 -28.289779 -0.767310 -0.628452
25300.000000 2.981236 -28.473471 -0.789047 -0.633395
25320.000000 3.012518 -28.656728 -0.808289 -0.638381
25340.000000 3.045016 -28.839493 -0.824862 -0.643401
25360.000000 3.078755 -29.021710 -0.838581 -0.648448
25380.000000 3.113765 -29.203317 -0.849247 -0.653516
25400.000000 3.150077 -29.384252 -0.856648 -0.658598
25420.000000 3.187727 -29.564451 -0.860553 -0.663688
25440.000000 3.226749 -29.743850 -0.860713 -0.668780
25460.000000 3.267172 -29.922380 -0.856861 -0.673868
25480.000000 3.309018 -30.099975 -0.848708 -0.678944
25500.000000 3.352292 -30.276564 -0.835949 -0.683998
25520.000000 3.396978 -30.452079 -0.818256 -0.689019
25540.000000 3.443023 -30.626452 -0.795292 -0.693994
25560.000000 3.490327 -30.799618 -0.766707 -0.698905
25580.000000 3.538731 -30.971516 -0.732157 -0.703733
25600.000000 3.587992 -31.142095 -0.691308 -0.708454
25620.000000 3.637775 -31.311312 -0.643863 -0.713039
25640.000000 3.687632 -31.479139 -0.589575 -0.717455
25660.000000 3.736992 -31.645570 -0.528282 -0.721668
25680.000000 3.785161 -31.810619 -0.459931 -0.725636
25700.000000 3.831326 -31.974327 -0.384615 -0.729317
25720.000000 3.874582 -32.136767 -0.302600 -0.732667
25740.000000 3.913965 -32.298040 -0.214360 -0.735645
25760.000000 3.948504 -32.458280 -0.120590 -0.738208
25780.000000 3.977274 -32.617651 -0.022216 -0.740322
25800.000000 3.999456 -32.776344 0.079623 -0.741954
25820.000000 4.014390 -32.934567 0.183607 -0.743078
25840.000000 4.021618 -33.092546 0.288298 -0.743674
25860.000000 4.020918 -33.250509 0.392210 -0.743727
25880.000000 4.012313 -33.408683 0.493892 -0.743230
25900.000000 3.996075 -33.567282 0.592000 -0.742184
25920.000000 3.972700 -33.726507 0.685350 -0.740601
25940.000000 3.942870 -33.886536 0.772956 -0.738501
25960.000000 3.907396 -34.047524 0.854046 -0.735913
25980.000000 3.867167 -34.209599 0.928061 -0.732873
26000.000000 3.823083 -34.372866 0.994640 -0.729419
26020.000000 3.776014 -34.537401 1.053604 -0.725590
26040.000000 3.726759 -34.703257 1.104932 -0.721425
26060.000000 3.676028 -34.870464 1.148728 -0.716961
26080.000000 3.624429 -35.039031 1.185202 -0.712230
26100.000000 3.572475 -35.208949 1.214641 -0.707265
26120.000000 3.520587 -35.380196 1.237384 -0.702094
26140.000000 3.469109 -35.552737 1.253805 -0.696745
26160.000000 3.418318 -35.726526 1.264293 -0.691242
26180.000000 3.368438 -35.901512 1.269243 -0.685610
26200.000000 3.319646 -36.077637 1.269045 -0.679869
26220.000000 3.272088 -36.254836 1.264078 -0.674042
26240.000000 3.225877 -36.433043 1.254703 -0.668149
26260.000000 3.181107 -36.612187 1.241266 -0.662210
26280.000000 3.137849 -36.792196 1.224091 -0.656247
26300.000000 3.096161 -36.972996 1.203487 -0.650278
26320.000000 3.056091 -37.154514 1.179742 -0.644324
26340.000000 3.017672 -37.336675 1.153125 -0.638406
26360.000000 2.980930 -37.519405 1.123892 -0.632543
26380.000000 2.945887 -37.702634 1.092280 -0.626757
26400.000000 2.912554 -37.886292 1.058512 -0.621068
26420.000000 2.880940 -38.070311 1.022797 -0.615498
26440.000000 2.851049 -38.254630 0.985330 -0.610066
26460.000000 2.822881 -38.439187 0.946293 -0.604795
26480.000000 2.796432 -38.623930 0.905855 -0.599704
26500.000000 2.771695 -38.808806 0.864173 -0.594814
26520.000000 2.748662 -38.993772 0.821393 -0.590144
26540.000000 2.727320 -39.178789 0.777648 -0.585713
26560.000000 2.707654 -39.363822 0.733062 -0.581538
26580.000000 2.689648 -39.548843 0.687748 -0.577636
26600.000000 2.673284 -39.733831 0.641810 -0.574022
26620.000000 2.658542 -39.918768 0.595345 -0.570709
26640.000000 2.645401 -40.103644 0.548442 -0.567711
26660.000000 2.633839 -40.288451 0.501180 -0.565036
26680.000000 2.623833 -40.473190 0.453638 -0.562696
26700.000000 2.615362 -40.657862 0.405886 -0.560696
26720.000000 2.608402 -40.842475 0.357991 -0.559041
26740.000000 2.602933 -41.027039 0.310018 -0.557737
26760.000000 2.598933 -41.211566 0.262028 -0.556785
26780.000000 2.596382 -41.396071 0.214082 -0.556185
26800.000000 2.595261 -41.580570 0.166238 -0.555935
26820.000000 2.595553 -41.765081 0.118556 -0.556034
26840.000000 2.597240 -41.949618 0.071092 -0.556476
26860.000000 2.600308 -42.134200 0.023905 -0.557255
26880.000000 2.604742 -42.318839 -0.022944 -0.558364
26900.000000 2.610529 -42.503550 -0.069395 -0.559795
26920.000000 2.617657 -42.688342 -0.115387 -0.561537
26940.000000 2.626113 -42.873224 -0.160856 -0.563580
26960.000000 2.635886 -43.058199 -0.205734 -0.565910
26980.000000 2.646964 -43.243269 -0.249955 -0.568515
27000.000000 2.659336 -43.428431 -0.293445 -0.571380
27020.000000 2.672991 -43.613677 -0.336129 -0.574492
27040.000000 2.687915 -43.798996 -0.377929 -0.577834
27060.000000 2.704097 -43.984373 -0.418762 -0.581391
27080.000000 2.721524 -44.169790 -0.458540 -0.585146
27100.000000 2.740182 -44.355222 -0.497171 -0.589084
27120.000000 2.760059 -44.540642 -0.534559 -0.593188
27140.000000 2.781142 -44.726019 -0.570599 -0.597443
27160.000000 2.803420 -44.911319 -0.605186 -0.601833
27180.000000 2.826883 -45.096504 -0.638205 -0.606342
27200.000000 2.851522 -45.281533 -0.669536 -0.610957
27220.000000 2.877331 -45.466362 -0.699054 -0.615664
27240.000000 2.904309 -45.650945 -0.726626 -0.620450
27260.000000 2.932458 -45.835233 -0.752113 -0.625304
27280.000000 2.961782 -46.019175 -0.775366 -0.630216
27300.000000 2.992293 -46.202717 -0.796229 -0.635175
27320.000000 3.024008 -46.385805 -0.814536 -0.640174
27340.000000 3.056948 -46.568381 -0.830110 -0.645205
27360.000000 3.091138 -46.750386 -0.842760 -0.650260
27380.000000 3.126610 -46.931760 -0.852283 -0.655333
27400.000000 3.163397 -47.112439 -0.858460 -0.660419
27420.000000 3.201534 -47.292359 -0.861054 -0.665511
27440.000000 3.241054 -47.471455 -0.859810 -0.670602
27460.000000 3.281985 -47.649658 -0.854452 -0.675687
27480.000000 3.324342 -47.826901 -0.844687 -0.680756
27500.000000 3.368126 -48.003114 -0.830201 -0.685800
27520.000000 3.413306 -48.178227 -0.810661 -0.690806
27540.000000 3.459816 -48.352176 -0.785725 -0.695760
27560.000000 3.507536 -48.524895 -0.755045 -0.700644
27580.000000 3.556279 -48.696326 -0.718277 -0.705437
27600.000000 3.605771 -48.866422 -0.675099 -0.710112
27620.000000 3.655638 -49.035143 -0.625229 -0.714641
27640.000000 3.705389 -49.202471 -0.568448 -0.718989
27660.000000 3.754409 -49.368404 -0.504628 -0.723118
27680.000000 3.801960 -49.532967 -0.433765 -0.726988
27700.000000 3.847191 -49.696211 -0.356010 -0.730556
27720.000000 3.889174 -49.858220 -0.271702 -0.733778
27740.000000 3.926933 -50.019106 -0.181391 -0.736612
27760.000000 3.959510 -50.179015 -0.085855 -0.739018
27780.000000 3.986009 -50.338120 0.013901 -0.740963
27800.000000 4.005663 -50.496620 0.116667 -0.742416
27820.000000 4.017880 -50.654730 0.221073 -0.743353
27840.000000 4.022283 -50.812676 0.325656 -0.743756
27860.000000 4.018737 -50.970689 0.428932 -0.743613
27880.000000 4.007357 -51.128991 0.529483 -0.742919
27900.000000 3.988497 -51.287793 0.626014 -0.741678
27920.000000 3.962725 -51.447286 0.717410 -0.739907
27940.000000 3.930777 -51.607642 0.802762 -0.737629
27960.000000 3.893497 -51.769005 0.881373 -0.734875
27980.000000 3.851785 -51.931497 0.952757 -0.731682
28000.000000 3.806536 -52.095210 1.016623 -0.728090
28020.000000 3.758597 -52.260213 1.072850 -0.724136
28040.000000 3.708738 -52.426550 1.121463 -0.719860
28060.000000 3.657631 -52.594244 1.162610 -0.715296
28080.000000 3.605851 -52.763296 1.196531 -0.710478
28100.000000 3.553877 -52.933693 1.223532 -0.705436
28120.000000 3.502100 -53.105408 1.243968 -0.700199
28140.000000 3.450839 -53.278401 1.258220 -0.694792
28160.000000 3.400351 -53.452625 1.266680 -0.689240
28180.000000 3.350841 -53.628026 1.269744 -0.683566
28200.000000 3.302477 -53.804542 1.267796 -0.677792
28220.000000 3.255389 -53.982110 1.261210 -0.671939
28240.000000 3.209684 -54.160661 1.250343 -0.666027
28260.000000 3.165447 -54.340123 1.235532 -0.660078
28280.000000 3.122745 -54.520423 1.217096 -0.654110
28300.000000 3.081632 -54.701489 1.195335 -0.648144
28320.000000 3.042149 -54.883245 1.170532 -0.642201
28340.000000 3.004328 -55.065618 1.142950 -0.636300
28360.000000 2.968192 -55.248535 1.112839 -0.630462
28380.000000 2.933759 -55.431926 1.080431 -0.624708
28400.000000 2.901041 -55.615720 1.045943 -0.619060
28420.000000 2.870043 -55.799854 1.009579 -0.613537
28440.000000 2.840769 -55.984264 0.971530 -0.608160
28460.000000 2.813217 -56.168894 0.931973 -0.602951
28480.000000 2.787382 -56.353690 0.891072 -0.597930
28500.000000 2.763256 -56.538603 0.848981 -0.593117
28520.000000 2.740830 -56.723592 0.805840 -0.588530
28540.000000 2.720089 -56.908618 0.761780 -0.584189
28560.000000 2.701020 -57.093649 0.716921 -0.580109
28580.000000 2.683604 -57.278661 0.671373 -0.576309
28600.000000 2.667823 -57.463632 0.625236 -0.572801
28620.000000 2.653656 -57.648549 0.578604 -0.569599
28640.000000 2.641083 -57.833400 0.531563 -0.566716
28660.000000 2.630080 -58.018183 0.484193 -0.564160
28680.000000 2.620626 -58.202897 0.436568 -0.561940
28700.000000 2.612698 -58.387547 0.388757 -0.560064
28720.000000 2.606275 -58.572141 0.340827 -0.558534
28740.000000 2.601334 -58.756690 0.292841 -0.557356
28760.000000 2.597855 -58.941208 0.244860 -0.556530
28780.000000 2.595818 -59.125709 0.196944 -0.556055
28800.000000 2.595204 -59.310210 0.149151 -0.555931
28820.000000 2.595997 -59.494728 0.101539 -0.556153
28840.000000 2.598180 -59.679280 0.054168 -0.556716
28860.000000 2.601739 -59.863881 0.007096 -0.557615
28880.000000 2.606658 -60.048544 -0.039618 -0.558840
28900.000000 2.612927 -60.233283 -0.085912 -0.560384
28920.000000 2.620531 -60.418107 -0.131724 -0.562234
28940.000000 2.629460 -60.603022 -0.176990 -0.564381
28960.000000 2.639701 -60.788031 -0.221641 -0.566811
28980.000000 2.651244 -60.973134 -0.265608 -0.569511
29000.000000 2.664077 -61.158327 -0.308818 -0.572466
29020.000000 2.678187 -61.343601 -0.351196 -0.575662
29040.000000 2.693563 -61.528943 -0.392659 -0.579083
29060.000000 2.710192 -61.714337 -0.433125 -0.582713
29080.000000 2.728061 -61.899761 -0.472504 -0.586536
29100.000000 2.747157 -62.085192 -0.510701 -0.590535
29120.000000 2.767467 -62.270601 -0.547618 -0.594695
29140.000000 2.788979 -62.455955 -0.583151 -0.599000
29160.000000 2.811682 -62.641218 -0.617190 -0.603434
29180.000000 2.835567 -62.826352 -0.649619 -0.607982
29200.000000 2.860625 -63.011315 -0.680316 -0.612632
29220.000000 2.886853 -63.196061 -0.709153 -0.617368
29240.000000 2.914249 -63.380544 -0.735996 -0.622180
29260.000000 2.942818 -63.564714 -0.760700 -0.627056
29280.000000 2.972565 -63.748519 -0.783116 -0.631986
29300.000000 3.003505 -63.931905 -0.803084 -0.636960
29320.000000 3.035656 -64.114816 -0.820434 -0.641971
29340.000000 3.069040 -64.297195 -0.834984 -0.647011
29360.000000 3.103685 -64.478981 -0.846539 -0.652074
29380.000000 3.139624 -64.660114 -0.854890 -0.657152
29400.000000 3.176890 -64.840529 -0.859813 -0.662241
29420.000000 3.215519 -65.020162 -0.861063 -0.667333
29440.000000 3.255541 -65.198946 -0.858380 -0.672423
29460.000000 3.296981 -65.376813 -0.851480 -0.677503
29480.000000 3.339850 -65.553695 -0.840062 -0.682565
29500.000000 3.384138 -65.729522 -0.823805 -0.687596
29520.000000 3.429805 -65.904227 -0.802374 -0.692586
29540.000000 3.476765 -66.077742 -0.775422 -0.697517
29560.000000 3.524876 -66.250007 -0.742602 -0.702371
29580.000000 3.573924 -66.420965 -0.703575 -0.707125
29600.000000 3.623599 -66.590572 -0.658032 -0.711751
29620.000000 3.673487 -66.758796 -0.605710 -0.716219
29640.000000 3.723054 -66.925624 -0.546418 -0.720494
29660.000000 3.771639 -67.091062 -0.480070 -0.724535
29680.000000 3.818462 -67.255146 -0.406714 -0.728302
29700.000000 3.862641 -67.417937 -0.326565 -0.731751
29720.000000 3.903224 -67.579529 -0.240033 -0.734839
29740.000000 3.939237 -67.740047 -0.147750 -0.737524
29760.000000 3.969735 -67.899647 -0.050577 -0.739769
29780.000000 3.993865 -68.058512 0.050405 -0.741541
29800.000000 4.010914 -68.216846 0.153922 -0.742812
29820.000000 4.020366 -68.374871 0.258562 -0.743560
29840.000000 4.021926 -68.532815 0.362846 -0.743768
29860.000000 4.015550 -68.690907 0.465304 -0.743428
29880.000000 4.001440 -68.849364 0.564556 -0.742537
29900.000000 3.980032 -69.008392 0.659368 -0.741104
29920.000000 3.951958 -69.168176 0.748694 -0.739148
29940.000000 3.918000 -69.328877 0.831702 -0.736696
29960.000000 3.879030 -69.490631 0.907772 -0.733781
29980.000000 3.835951 -69.653551 0.976489 -0.730440
30000.000000 3.789645 -69.817719 1.037627 -0.726714
30020.000000 3.740935 -69.983196 1.091119 -0.722641
30040.000000 3.690557 -70.150017 1.137038 -0.718258
30060.000000 3.639149 -70.318198 1.175567 -0.713599
30080.000000 3.587249 -70.487734 1.206972 -0.708698
30100.000000 3.535304 -70.658606 1.231581 -0.703583
30120.000000 3.483679 -70.830783 1.249759 -0.698282
30140.000000 3.432668 -71.004223 1.261893 -0.692820
30160.000000 3.382509 -71.178875 1.268377 -0.687222
30180.000000 3.333392 -71.354682 1.269603 -0.681510
30200.000000 3.285470 -71.531582 1.265953 -0.675705
30220.000000 3.238867 -71.709510 1.257795 -0.669829
30240.000000 3.193678 -71.888395 1.245478 -0.663901
30260.000000 3.149984 -72.068166 1.229334 -0.657943
30280.000000 3.107845 -72.248749 1.209674 -0.651973
30300.000000 3.067311 -72.430070 1.186793 -0.646013
30320.000000 3.028420 -72.612055 1.160966 -0.640083
30340.000000 2.991199 -72.794631 1.132451 -0.634202
30360.000000 2.955672 -72.977726 1.101492 -0.628392
30380.000000 2.921852 -73.161269 1.068315 -0.622674
30400.000000 2.889749 -73.345192 1.033133 -0.617067
30420.000000 2.859368 -73.529431 0.996145 -0.611594
30440.000000 2.830710 -73.713927 0.957536 -0.606276
30460.000000 2.803773 -73.898622 0.917480 -0.601131
30480.000000 2.778551 -74.083465 0.876136 -0.596182
30500.000000 2.755035 -74.268410 0.833654 -0.591448
30520.000000 2.733213 -74.453416 0.790170 -0.586947
30540.000000 2.713073 -74.638447 0.745811 -0.582698
30560.000000 2.694597 -74.823475 0.700692 -0.578716
30580.000000 2.677769 -75.008474 0.654922 -0.575019
30600.000000 2.662568 -75.193427 0.608598 -0.571619
30620.000000 2.648974 -75.378321 0.561810 -0.568530
30640.000000 2.636965 -75.563148 0.514643 -0.565763
30660.000000 2.626520 -75.747906 0.467173 -0.563327
30680.000000 2.617615 -75.932597 0.419473 -0.561229
30700.000000 2.610228 -76.117225 0.371612 -0.559476
30720.000000 2.604337 -76.301802 0.323655 -0.558072
30740.000000 2.599922 -76.486338 0.275664 -0.557020
30760.000000 2.596961 -76.670848 0.227699 -0.556319
30780.000000 2.595435 -76.855347 0.179821 -0.555971
30800.000000 2.595327 -77.039852 0.132086 -0.555971
30820.000000 2.596620 -77.224381 0.084554 -0.556315
30840.000000 2.599297 -77.408948 0.037283 -0.557000
30860.000000 2.603344 -77.593570 -0.009668 -0.558016
30880.000000 2.608748 -77.778259 -0.056239 -0.559357
30900.000000 2.615495 -77.963027 -0.102368 -0.561011
30920.000000 2.623575 -78.147883 -0.147992 -0.562969
30940.000000 2.632975 -78.332832 -0.193045 -0.565219
30960.000000 2.643684 -78.517875 -0.237459 -0.567747
30980.000000 2.655689 -78.703011 -0.281164 -0.570540
31000.000000 2.668981 -78.888234 -0.324086 -0.573583
31020.000000 2.683545 -79.073533 -0.366145 -0.576862
31040.000000 2.699371 -79.258896 -0.407262 -0.580359
31060.000000 2.716446 -79.444304 -0.447349 -0.584060
31080.000000 2.734755 -79.629734 -0.486316 -0.587947
31100.000000 2.754287 -79.815160 -0.524067 -0.592006
31120.000000 2.775029 -80.000553 -0.560501 -0.596220
31140.000000 2.796969 -80.185879 -0.595512 -0.600572
31160.000000 2.820095 -80.371100 -0.628988 -0.605049
31180.000000 2.844401 -80.556178 -0.660811 -0.609636
31200.000000 2.869878 -80.741068 -0.690858 -0.614318
31220.000000 2.896524 -80.925726 -0.718997 -0.619083
31240.000000 2.924339 -81.110103 -0.745091 -0.623919
31260.000000 2.953329 -81.294148 -0.768994 -0.628815
31280.000000 2.983501 -81.477810 -0.790553 -0.633762
31300.000000 3.014872 -81.661033 -0.809604 -0.638750
31320.000000 3.047461 -81.843760 -0.825973 -0.643772
31340.000000 3.081293 -82.025933 -0.839474 -0.648821
31360.000000 3.116398 -82.207493 -0.849907 -0.653890
31380.000000 3.152808 -82.388376 -0.857058 -0.658973
31400.000000 3.190557 -82.568519 -0.860696 -0.664063
31420.000000 3.229681 -82.747855 -0.860569 -0.669156
31440.000000 3.270209 -82.926319 -0.856410 -0.674243
31460.000000 3.312160 -83.103842 -0.847929 -0.679318
31480.000000 3.355540 -83.280354 -0.834817 -0.684370
31500.000000 3.400328 -83.455787 -0.816747 -0.689388
31520.000000 3.446469 -83.630074 -0.793380 -0.694358
31540.000000 3.493861 -83.803148 -0.764368 -0.699264
31560.000000 3.542337 -83.974951 -0.729364 -0.704085
31580.000000 3.591650 -84.145430 -0.688039 -0.708797
31600.000000 3.641455 -84.314545 -0.640096 -0.713371
31620.000000 3.691297 -84.482270 -0.585296 -0.717774
31640.000000 3.740594 -84.648598 -0.523483 -0.721969
31660.000000 3.788644 -84.813546 -0.454613 -0.725917
31680.000000 3.834626 -84.977158 -0.378791 -0.729575
31700.000000 3.877630 -85.139508 -0.296299 -0.732900
31720.000000 3.916689 -85.300700 -0.207625 -0.735848
31740.000000 3.950833 -85.460870 -0.113481 -0.738380
31760.000000 3.979144 -85.620185 -0.014809 -0.740459
31780.000000 4.000812 -85.778835 0.087235 -0.742054
31800.000000 4.015191 -85.937033 0.191321 -0.743140
31820.000000 4.021839 -86.095002 0.296005 -0.743697
31840.000000 4.020551 -86.252973 0.399801 -0.743709
31860.000000 4.011371 -86.411171 0.501264 -0.743172
31880.000000 3.994588 -86.569810 0.599059 -0.742086
31900.000000 3.970712 -86.729089 0.692017 -0.740463
31920.000000 3.940436 -86.889183 0.779166 -0.738326
31940.000000 3.904581 -87.050247 0.859751 -0.735704
31960.000000 3.864037 -87.212407 0.933227 -0.732632
31980.000000 3.819704 -87.375765 0.999249 -0.729149
