0.000000 3.984496 196.004800 0.627000 -0.145943
20.000000 3.979930 195.973917 0.648644 -0.142515
40.000000 3.975185 195.943758 0.669676 -0.138830
60.000000 3.970295 195.914379 0.690076 -0.134896
80.000000 3.965296 195.885833 0.709827 -0.130721
100.000000 3.960225 195.858174 0.728914 -0.126315
120.000000 3.955116 195.831454 0.747326 -0.121685
140.000000 3.950007 195.805722 0.765056 -0.116841
160.000000 3.944930 195.781026 0.782097 -0.111792
180.000000 3.939921 195.757415 0.798447 -0.106548
200.000000 3.935012 195.734933 0.814104 -0.101118
220.000000 3.930235 195.713623 0.829070 -0.095512
240.000000 3.925620 195.693527 0.843346 -0.089740
260.000000 3.921196 195.674685 0.856937 -0.083811
280.000000 3.916991 195.657134 0.869848 -0.077735
300.000000 3.913030 195.640909 0.882083 -0.071521
320.000000 3.909337 195.626044 0.893650 -0.065180
340.000000 3.905936 195.612570 0.904555 -0.058720
360.000000 3.902846 195.600516 0.914803 -0.052151
380.000000 3.900086 195.589907 0.924402 -0.045483
400.000000 3.897674 195.580770 0.933357 -0.038724
420.000000 3.895625 195.573125 0.941674 -0.031883
440.000000 3.893953 195.566991 0.949358 -0.024970
460.000000 3.892671 195.562387 0.956413 -0.017992
480.000000 3.891789 195.559328 0.962842 -0.010960
500.000000 3.891316 195.557824 0.968647 -0.003881
520.000000 3.891259 195.557888 0.973829 0.003236
540.000000 3.891625 195.559526 0.978388 0.010383
560.000000 3.892416 195.562743 0.982322 0.017551
580.000000 3.893638 195.567543 0.985629 0.024733
600.000000 3.895289 195.573926 0.988305 0.031920
620.000000 3.897371 195.581891 0.990344 0.039105
640.000000 3.899881 195.591433 0.991740 0.046278
660.000000 3.902816 195.602546 0.992486 0.053433
680.000000 3.906172 195.615221 0.992571 0.060562
700.000000 3.909942 195.629448 0.991986 0.067656
720.000000 3.914118 195.645213 0.990719 0.074708
740.000000 3.918691 195.662502 0.988759 0.081711
760.000000 3.923650 195.681296 0.986091 0.088655
780.000000 3.928983 195.701577 0.982703 0.095535
800.000000 3.934675 195.723324 0.978579 0.102340
820.000000 3.940711 195.746512 0.973704 0.109065
840.000000 3.947073 195.771117 0.968064 0.115701
860.000000 3.953742 195.797112 0.961641 0.122240
880.000000 3.960698 195.824467 0.954421 0.128674
900.000000 3.967917 195.853152 0.946388 0.134995
920.000000 3.975375 195.883134 0.937528 0.141195
940.000000 3.983047 195.914380 0.927825 0.147266
960.000000 3.990903 195.946854 0.917267 0.153200
980.000000 3.998915 195.980519 0.905842 0.158988
1000.000000 4.007051 196.015335 0.893538 0.164622
1020.000000 4.015278 196.051264 0.880347 0.170094
1040.000000 4.023561 196.088263 0.866261 0.175396
1060.000000 4.031864 196.126291 0.851275 0.180518
1080.000000 4.040150 196.165304 0.835387 0.185453
1100.000000 4.048379 196.205256 0.818598 0.190193
1120.000000 4.056511 196.246103 0.800910 0.194729
1140.000000 4.064507 196.287796 0.782331 0.199053
1160.000000 4.072324 196.330290 0.762870 0.203157
1180.000000 4.079921 196.373534 0.742542 0.207034
1200.000000 4.087257 196.417480 0.721364 0.210676
1220.000000 4.094290 196.462079 0.699360 0.214076
1240.000000 4.100980 196.507280 0.676554 0.217228
1260.000000 4.107289 196.553032 0.652978 0.220125
1280.000000 4.113177 196.599284 0.628668 0.222762
1300.000000 4.118609 196.645985 0.603662 0.225133
1320.000000 4.123552 196.693083 0.578005 0.227234
1340.000000 4.127975 196.740527 0.551745 0.229061
1360.000000 4.131850 196.788266 0.524934 0.230611
1380.000000 4.135152 196.836247 0.497629 0.231882
1400.000000 4.137860 196.884419 0.469890 0.232871
1420.000000 4.139958 196.932731 0.441779 0.233577
1440.000000 4.141433 196.981133 0.413362 0.234000
1460.000000 4.142276 197.029573 0.384708 0.234140
1480.000000 4.142483 197.078002 0.355887 0.233998
1500.000000 4.142054 197.126368 0.326970 0.233575
1520.000000 4.140993 197.174624 0.298029 0.232874
1540.000000 4.139310 197.222718 0.269138 0.231896
1560.000000 4.137016 197.270603 0.240368 0.230645
1580.000000 4.134128 197.318230 0.211790 0.229124
1600.000000 4.130668 197.365550 0.183474 0.227338
1620.000000 4.126660 197.412516 0.155487 0.225290
1640.000000 4.122129 197.459080 0.127895 0.222985
1660.000000 4.117108 197.505195 0.100761 0.220428
1680.000000 4.111628 197.550814 0.074142 0.217625
1700.000000 4.105724 197.595891 0.048095 0.214581
1720.000000 4.099433 197.640378 0.022671 0.211301
1740.000000 4.092794 197.684232 -0.002084 0.207793
1760.000000 4.085846 197.727406 -0.026124 0.204063
1780.000000 4.078630 197.769855 -0.049412 0.200117
1800.000000 4.071185 197.811536 -0.071913 0.195962
1820.000000 4.063552 197.852404 -0.093596 0.191605
1840.000000 4.055773 197.892417 -0.114436 0.187054
1860.000000 4.047888 197.931532 -0.134409 0.182317
1880.000000 4.039935 197.969709 -0.153498 0.177400
1900.000000 4.031953 198.006905 -0.171688 0.172311
1920.000000 4.023979 198.043082 -0.188968 0.167058
1940.000000 4.016050 198.078202 -0.205329 0.161649
1960.000000 4.008199 198.112226 -0.220766 0.156092
1980.000000 4.000459 198.145119 -0.235277 0.150394
2000.000000 3.992862 198.176845 -0.248863 0.144563
2020.000000 3.985437 198.207371 -0.261524 0.138608
2040.000000 3.978211 198.236664 -0.273266 0.132535
2060.000000 3.971210 198.264693 -0.284094 0.126352
2080.000000 3.964458 198.291430 -0.294014 0.120067
2100.000000 3.957977 198.316845 -0.303035 0.113688
2120.000000 3.951788 198.340914 -0.311166 0.107221
2140.000000 3.945909 198.363611 -0.318416 0.100674
2160.000000 3.940357 198.384913 -0.324796 0.094055
2180.000000 3.935146 198.404800 -0.330315 0.087370
2200.000000 3.930291 198.423251 -0.334985 0.080627
2220.000000 3.925804 198.440250 -0.338816 0.073833
2240.000000 3.921694 198.455781 -0.341817 0.066995
2260.000000 3.917970 198.469830 -0.343999 0.060119
2280.000000 3.914640 198.482385 -0.345370 0.053213
2300.000000 3.911710 198.493437 -0.345940 0.046284
2320.000000 3.909183 198.502977 -0.345717 0.039339
2340.000000 3.907063 198.510999 -0.344709 0.032384
2360.000000 3.905352 198.517500 -0.342921 0.025427
2380.000000 3.904049 198.522478 -0.340359 0.018475
2400.000000 3.903153 198.525934 -0.337030 0.011535
2420.000000 3.902662 198.527868 -0.332936 0.004613
2440.000000 3.902572 198.528287 -0.328083 -0.002282
2460.000000 3.902877 198.527196 -0.322471 -0.009143
2480.000000 3.903570 198.524604 -0.316104 -0.015963
2500.000000 3.904643 198.520521 -0.308983 -0.022735
2520.000000 3.906086 198.514962 -0.301109 -0.029450
2540.000000 3.907887 198.507940 -0.292482 -0.036101
2560.000000 3.910035 198.499472 -0.283102 -0.042681
2580.000000 3.912513 198.489579 -0.272969 -0.049180
2600.000000 3.915307 198.478281 -0.262083 -0.055591
2620.000000 3.918397 198.465601 -0.250444 -0.061906
2640.000000 3.921766 198.451565 -0.238052 -0.068116
2660.000000 3.925392 198.436200 -0.224908 -0.074213
2680.000000 3.929252 198.419535 -0.211014 -0.080187
2700.000000 3.933322 198.401602 -0.196371 -0.086031
2720.000000 3.937577 198.382434 -0.180984 -0.091736
2740.000000 3.941988 198.362066 -0.164857 -0.097292
2760.000000 3.946528 198.340535 -0.147996 -0.102691
2780.000000 3.951165 198.317878 -0.130411 -0.107923
2800.000000 3.955870 198.294137 -0.112111 -0.112980
2820.000000 3.960608 198.269353 -0.093109 -0.117854
2840.000000 3.965348 198.243570 -0.073421 -0.122534
2860.000000 3.970055 198.216832 -0.053064 -0.127013
2880.000000 3.974694 198.189185 -0.032059 -0.131282
2900.000000 3.979231 198.160678 -0.010431 -0.135332
2920.000000 3.983631 198.131359 0.011794 -0.139155
2940.000000 3.987860 198.101278 0.034586 -0.142743
2960.000000 3.991884 198.070487 0.057910 -0.146088
2980.000000 3.995670 198.039036 0.081731 -0.149184
3000.000000 3.999186 198.006981 0.106009 -0.152022
3020.000000 4.002404 197.974374 0.130700 -0.154597
3040.000000 4.005294 197.941272 0.155759 -0.156901
3060.000000 4.007832 197.907728 0.181138 -0.158930
3080.000000 4.009995 197.873801 0.206786 -0.160677
3100.000000 4.011762 197.839547 0.232650 -0.162138
3120.000000 4.013116 197.805024 0.258676 -0.163310
3140.000000 4.014045 197.770290 0.284809 -0.164187
3160.000000 4.014538 197.735404 0.310991 -0.164768
3180.000000 4.014589 197.700425 0.337166 -0.165049
3200.000000 4.014196 197.665413 0.363278 -0.165030
3220.000000 4.013360 197.630428 0.389269 -0.164710
3240.000000 4.012087 197.595530 0.415086 -0.164088
3260.000000 4.010386 197.560779 0.440673 -0.163165
3280.000000 4.008269 197.526235 0.465980 -0.161942
3300.000000 4.005753 197.491959 0.490956 -0.160422
3320.000000 4.002858 197.458011 0.515555 -0.158607
3340.000000 3.999607 197.424450 0.539732 -0.156501
3360.000000 3.996025 197.391336 0.563446 -0.154109
3380.000000 3.992140 197.358729 0.586660 -0.151435
3400.000000 3.987982 197.326686 0.609339 -0.148486
3420.000000 3.983584 197.295266 0.631452 -0.145267
3440.000000 3.978978 197.264526 0.652974 -0.141786
3460.000000 3.974200 197.234521 0.673879 -0.138049
3480.000000 3.969285 197.205307 0.694149 -0.134066
3500.000000 3.964269 197.176938 0.713765 -0.129843
3520.000000 3.959187 197.149466 0.732716 -0.125390
3540.000000 3.954076 197.122942 0.750990 -0.120716
3560.000000 3.948970 197.097417 0.768579 -0.115830
3580.000000 3.943904 197.072939 0.785480 -0.110740
3600.000000 3.938913 197.049554 0.801689 -0.105458
3620.000000 3.934028 197.027307 0.817205 -0.099991
3640.000000 3.929281 197.006241 0.832030 -0.094351
3660.000000 3.924703 196.986397 0.846167 -0.088546
3680.000000 3.920322 196.967815 0.859619 -0.082586
3700.000000 3.916164 196.950530 0.872392 -0.076481
3720.000000 3.912256 196.934580 0.884491 -0.070241
3740.000000 3.908621 196.919995 0.895923 -0.063875
3760.000000 3.905281 196.906808 0.906693 -0.057392
3780.000000 3.902257 196.895046 0.916809 -0.050802
3800.000000 3.899566 196.884735 0.926276 -0.044114
3820.000000 3.897227 196.875899 0.935101 -0.037338
3840.000000 3.895254 196.868560 0.943289 -0.030482
3860.000000 3.893661 196.862737 0.950845 -0.023555
3880.000000 3.892459 196.858446 0.957772 -0.016566
3900.000000 3.891659 196.855702 0.964074 -0.009523
3920.000000 3.891270 196.854517 0.969752 -0.002436
3940.000000 3.891299 196.854900 0.974807 0.004688
3960.000000 3.891751 196.856859 0.979239 0.011840
3980.000000 3.892630 196.860398 0.983046 0.019012
4000.000000 3.893939 196.865521 0.986225 0.026196
4020.000000 3.895678 196.872226 0.988772 0.033383
4040.000000 3.897847 196.880512 0.990681 0.040566
4060.000000 3.900444 196.890374 0.991945 0.047736
4080.000000 3.903465 196.901806 0.992557 0.054886
4100.000000 3.906906 196.914798 0.992506 0.062009
4120.000000 3.910759 196.929338 0.991784 0.069095
4140.000000 3.915017 196.945415 0.990377 0.076138
4160.000000 3.919669 196.963011 0.988274 0.083129
4180.000000 3.924705 196.982110 0.985461 0.090061
4200.000000 3.930113 197.002691 0.981924 0.096926
4220.000000 3.935876 197.024733 0.977648 0.103716
4240.000000 3.941980 197.048212 0.972619 0.110423
4260.000000 3.948406 197.073102 0.966821 0.117040
4280.000000 3.955135 197.099376 0.960237 0.123558
4300.000000 3.962146 197.127004 0.952853 0.129970
4320.000000 3.969416 197.155956 0.944653 0.136267
4340.000000 3.976920 197.186198 0.935622 0.142441
4360.000000 3.984631 197.217697 0.925747 0.148485
4380.000000 3.992522 197.250416 0.915013 0.154390
4400.000000 4.000562 197.284318 0.903410 0.160147
4420.000000 4.008719 197.319364 0.890926 0.165749
4440.000000 4.016960 197.355514 0.877553 0.171187
4460.000000 4.025251 197.392727 0.863284 0.176453
4480.000000 4.033553 197.430958 0.848115 0.181538
4500.000000 4.041830 197.470166 0.832044 0.186434
4520.000000 4.050043 197.510304 0.815071 0.191133
4540.000000 4.058151 197.551327 0.797201 0.195626
4560.000000 4.066113 197.593187 0.778442 0.199906
4580.000000 4.073889 197.635837 0.758803 0.203964
4600.000000 4.081436 197.679228 0.738301 0.207794
4620.000000 4.088714 197.723312 0.716953 0.211388
4640.000000 4.095681 197.768037 0.694783 0.214738
4660.000000 4.102296 197.813354 0.671818 0.217838
4680.000000 4.108522 197.859212 0.648090 0.220683
4700.000000 4.114320 197.905559 0.623634 0.223266
4720.000000 4.119656 197.952345 0.598492 0.225582
4740.000000 4.124495 197.999518 0.572708 0.227628
4760.000000 4.128809 198.047026 0.546332 0.229399
4780.000000 4.132569 198.094818 0.519416 0.230893
4800.000000 4.135751 198.142842 0.492018 0.232106
4820.000000 4.138337 198.191047 0.464197 0.233037
4840.000000 4.140309 198.239382 0.436019 0.233686
4860.000000 4.141656 198.287796 0.407548 0.234051
4880.000000 4.142370 198.336237 0.378854 0.234134
4900.000000 4.142447 198.384657 0.350008 0.233935
4920.000000 4.141889 198.433005 0.321080 0.233455
4940.000000 4.140701 198.481232 0.292144 0.232697
4960.000000 4.138892 198.529288 0.263271 0.231663
4980.000000 4.136476 198.577124 0.234534 0.230357
5000.000000 4.133470 198.624692 0.206004 0.228782
5020.000000 4.129896 198.671944 0.177750 0.226942
5040.000000 4.125779 198.718832 0.149838 0.224842
5060.000000 4.121146 198.765309 0.122335 0.222485
5080.000000 4.116029 198.811327 0.095300 0.219878
5100.000000 4.110459 198.856839 0.068794 0.217025
5120.000000 4.104474 198.901799 0.042869 0.213932
5140.000000 4.098109 198.946162 0.017577 0.210606
5160.000000 4.091404 198.989881 -0.007035 0.207052
5180.000000 4.084398 199.032911 -0.030925 0.203277
5200.000000 4.077132 199.075207 -0.054056 0.199288
5220.000000 4.069645 199.116726 -0.076393 0.195091
5240.000000 4.061980 199.157424 -0.097906 0.190695
5260.000000 4.054176 199.197258 -0.118571 0.186105
5280.000000 4.046274 199.236185 -0.138366 0.181330
5300.000000 4.038312 199.274165 -0.157273 0.176378
5320.000000 4.030328 199.311158 -0.175278 0.171255
5340.000000 4.022361 199.347123 -0.192372 0.165970
5360.000000 4.014445 199.382022 -0.208545 0.160530
5380.000000 4.006614 199.415819 -0.223794 0.154944
5400.000000 3.998901 199.448477 -0.238117 0.149218
5420.000000 3.991336 199.479962 -0.251514 0.143361
5440.000000 3.983949 199.510239 -0.263988 0.137381
5460.000000 3.976767 199.539278 -0.275543 0.131285
5480.000000 3.969815 199.567046 -0.286186 0.125081
5500.000000 3.963117 199.593516 -0.295922 0.118776
5520.000000 3.956694 199.618660 -0.304761 0.112379
5540.000000 3.950566 199.642451 -0.312712 0.105895
5560.000000 3.944752 199.664866 -0.319784 0.099333
5580.000000 3.939268 199.685882 -0.325988 0.092700
5600.000000 3.934129 199.705478 -0.331334 0.086003
5620.000000 3.929348 199.723636 -0.335832 0.079249
5640.000000 3.924937 199.740337 -0.339493 0.072445
5660.000000 3.920905 199.755567 -0.342327 0.065598
5680.000000 3.917260 199.769313 -0.344343 0.058716
5700.000000 3.914011 199.781563 -0.345551 0.051805
5720.000000 3.911163 199.792308 -0.345959 0.044872
5740.000000 3.908719 199.801539 -0.345576 0.037924
5760.000000 3.906682 199.809252 -0.344408 0.030968
5780.000000 3.905054 199.815444 -0.342462 0.024012
5800.000000 3.903834 199.820112 -0.339744 0.017061
5820.000000 3.903021 199.823257 -0.336259 0.010124
5840.000000 3.902612 199.824883 -0.332010 0.003208
5860.000000 3.902602 199.824994 -0.327002 -0.003681
5880.000000 3.902987 199.823596 -0.321237 -0.010534
5900.000000 3.903758 199.820700 -0.314716 -0.017345
5920.000000 3.904907 199.816316 -0.307442 -0.024106
5940.000000 3.906424 199.810458 -0.299414 -0.030809
5960.000000 3.908297 199.803140 -0.290634 -0.037446
5980.000000 3.910513 199.794381 -0.281101 -0.044010
6000.000000 3.913057 199.784200 -0.270815 -0.050492
6020.000000 3.915912 199.772618 -0.259775 -0.056884
6040.000000 3.919061 199.759661 -0.247983 -0.063179
6060.000000 3.922484 199.745352 -0.235438 -0.069366
6080.000000 3.926159 199.729720 -0.222142 -0.075439
6100.000000 3.930064 199.712795 -0.208095 -0.081387
6120.000000 3.934174 199.694608 -0.193300 -0.087204
6140.000000 3.938462 199.675192 -0.177762 -0.092879
6160.000000 3.942902 199.654584 -0.161485 -0.098403
6180.000000 3.947464 199.632821 -0.144476 -0.103769
6200.000000 3.952118 199.609940 -0.126744 -0.108967
6220.000000 3.956832 199.585984 -0.108300 -0.113987
6240.000000 3.961574 199.560993 -0.089158 -0.118822
6260.000000 3.966310 199.535011 -0.069332 -0.123462
6280.000000 3.971006 199.508085 -0.048841 -0.127899
6300.000000 3.975627 199.480259 -0.027708 -0.132124
6320.000000 3.980139 199.451583 -0.005956 -0.136128
6340.000000 3.984507 199.422105 0.016387 -0.139904
6360.000000 3.988697 199.391875 0.039290 -0.143444
6380.000000 3.992674 199.360945 0.062719 -0.146739
6400.000000 3.996408 199.329367 0.086636 -0.149783
6420.000000 3.999866 199.297195 0.111001 -0.152568
6440.000000 4.003019 199.264483 0.135771 -0.155088
6460.000000 4.005840 199.231286 0.160899 -0.157337
6480.000000 4.008303 199.197660 0.186337 -0.159308
6500.000000 4.010387 199.163662 0.212033 -0.160998
6520.000000 4.012071 199.129348 0.237935 -0.162400
6540.000000 4.013340 199.094778 0.263987 -0.163512
6560.000000 4.014181 199.060008 0.290134 -0.164329
6580.000000 4.014584 199.025098 0.316320 -0.164849
6600.000000 4.014545 198.990108 0.342487 -0.165070
6620.000000 4.014062 198.955097 0.368578 -0.164990
6640.000000 4.013136 198.920124 0.394539 -0.164608
6660.000000 4.011775 198.885251 0.420313 -0.163924
6680.000000 4.009988 198.850537 0.445847 -0.162940
6700.000000 4.007789 198.816043 0.471091 -0.161656
6720.000000 4.005194 198.781829 0.495994 -0.160076
6740.000000 4.002225 198.747955 0.520510 -0.158202
6760.000000 3.998904 198.714480 0.544596 -0.156037
6780.000000 3.995258 198.681465 0.568211 -0.153587
6800.000000 3.991315 198.648968 0.591319 -0.150857
6820.000000 3.987105 198.617047 0.613885 -0.147852
6840.000000 3.982662 198.585761 0.635881 -0.144580
6860.000000 3.978019 198.555165 0.657279 -0.141046
6880.000000 3.973210 198.525317 0.678056 -0.137258
6900.000000 3.968271 198.496271 0.698194 -0.133225
6920.000000 3.963239 198.468080 0.717676 -0.128955
6940.000000 3.958148 198.440797 0.736489 -0.124457
6960.000000 3.953035 198.414472 0.754625 -0.119739
6980.000000 3.947935 198.389157 0.772075 -0.114810
7000.000000 3.942881 198.364897 0.788835 -0.109681
7020.000000 3.937909 198.341740 0.804902 -0.104360
7040.000000 3.933050 198.319730 0.820278 -0.098857
7060.000000 3.928335 198.298909 0.834963 -0.093182
7080.000000 3.923795 198.279319 0.848960 -0.087345
7100.000000 3.919457 198.260998 0.862274 -0.081355
7120.000000 3.915348 198.243982 0.874909 -0.075222
7140.000000 3.911493 198.228307 0.886871 -0.068955
7160.000000 3.907917 198.214004 0.898168 -0.062564
7180.000000 3.904639 198.201105 0.908804 -0.056059
7200.000000 3.901681 198.189636 0.918788 -0.049449
7220.000000 3.899061 198.179623 0.928124 -0.042742
7240.000000 3.896795 198.171090 0.936819 -0.035949
7260.000000 3.894898 198.164058 0.944878 -0.029078
7280.000000 3.893384 198.158546 0.952305 -0.022137
7300.000000 3.892263 198.154568 0.959105 -0.015137
7320.000000 3.891547 198.152141 0.965279 -0.008084
7340.000000 3.891242 198.151274 0.970831 -0.000989
7360.000000 3.891357 198.151978 0.975759 0.006142
7380.000000 3.891895 198.154258 0.980064 0.013298
7400.000000 3.892861 198.158119 0.983744 0.020473
7420.000000 3.894258 198.163564 0.986794 0.027658
7440.000000 3.896084 198.170591 0.989212 0.034845
7460.000000 3.898341 198.179198 0.990990 0.042026
7480.000000 3.901025 198.189380 0.992123 0.049193
7500.000000 3.904132 198.201130 0.992600 0.056338
7520.000000 3.907657 198.214438 0.992414 0.063454
7540.000000 3.911593 198.229293 0.991553 0.070532
7560.000000 3.915932 198.245680 0.990006 0.077565
7580.000000 3.920663 198.263584 0.987759 0.084544
7600.000000 3.925776 198.282986 0.984800 0.091463
7620.000000 3.931257 198.303866 0.981114 0.098314
7640.000000 3.937091 198.326202 0.976687 0.105088
7660.000000 3.943262 198.349970 0.971502 0.111777
7680.000000 3.949751 198.375144 0.965545 0.118374
7700.000000 3.956540 198.401696 0.958800 0.124871
7720.000000 3.963605 198.429596 0.951251 0.131261
7740.000000 3.970925 198.458813 0.942883 0.137533
7760.000000 3.978473 198.489314 0.933681 0.143682
7780.000000 3.986224 198.521064 0.923632 0.149698
7800.000000 3.994147 198.554027 0.912723 0.155573
7820.000000 4.002213 198.588165 0.900941 0.161300
7840.000000 4.010391 198.623439 0.888277 0.166869
7860.000000 4.018645 198.659809 0.874722 0.172273
7880.000000 4.026940 198.697232 0.860271 0.177502
7900.000000 4.035241 198.735666 0.844918 0.182550
7920.000000 4.043508 198.775067 0.828663 0.187406
7940.000000 4.051702 198.815388 0.811507 0.192064
7960.000000 4.059784 198.856585 0.793456 0.196514
7980.000000 4.067712 198.898610 0.774516 0.200750
8000.000000 4.075445 198.941415 0.754700 0.204763
8020.000000 4.082940 198.984951 0.734024 0.208545
8040.000000 4.090158 199.029169 0.712507 0.212089
8060.000000 4.097057 199.074019 0.690173 0.215389
8080.000000 4.103596 199.119450 0.667050 0.218438
8100.000000 4.109738 199.165412 0.643171 0.221230
8120.000000 4.115445 199.211853 0.618572 0.223759
8140.000000 4.120682 199.258722 0.593296 0.226021
8160.000000 4.125417 199.305967 0.567387 0.228011
8180.000000 4.129619 199.353537 0.540897 0.229726
8200.000000 4.133264 199.401380 0.513878 0.231162
8220.000000 4.136327 199.449445 0.486389 0.232318
8240.000000 4.138789 199.497681 0.458490 0.233192
8260.000000 4.140634 199.546036 0.430246 0.233783
8280.000000 4.141853 199.594459 0.401725 0.234091
8300.000000 4.142437 199.642901 0.372994 0.234116
8320.000000 4.142385 199.691310 0.344125 0.233860
8340.000000 4.141698 199.739637 0.315190 0.233323
8360.000000 4.140383 199.787833 0.286261 0.232509
8380.000000 4.138449 199.835848 0.257410 0.231420
8400.000000 4.135911 199.883634 0.228710 0.230058
8420.000000 4.132788 199.931142 0.200230 0.228429
8440.000000 4.129102 199.978323 0.172040 0.226536
8460.000000 4.124877 200.025132 0.144206 0.224383
8480.000000 4.120143 200.071519 0.116793 0.221975
8500.000000 4.114931 200.117437 0.089862 0.219317
8520.000000 4.109274 200.162841 0.063469 0.216415
8540.000000 4.103208 200.207684 0.037670 0.213274
8560.000000 4.096771 200.251919 0.012513 0.209901
8580.000000 4.090002 200.295501 -0.011956 0.206301
8600.000000 4.082939 200.338386 -0.035695 0.202482
8620.000000 4.075625 200.380527 -0.058667 0.198450
8640.000000 4.068099 200.421883 -0.080838 0.194213
8660.000000 4.060402 200.462408 -0.102181 0.189776
8680.000000 4.052575 200.502061 -0.122670 0.185148
8700.000000 4.044657 200.540799 -0.142286 0.180337
8720.000000 4.036688 200.578581 -0.161011 0.175349
8740.000000 4.028705 200.615367 -0.178831 0.170192
8760.000000 4.020745 200.651119 -0.195737 0.164875
8780.000000 4.012843 200.685797 -0.211723 0.159405
8800.000000 4.005034 200.719365 -0.226784 0.153789
8820.000000 3.997348 200.751787 -0.240918 0.148037
8840.000000 3.989818 200.783029 -0.254127 0.142154
8860.000000 3.982470 200.813057 -0.266414 0.136150
8880.000000 3.975333 200.841839 -0.277783 0.130031
8900.000000 3.968431 200.869346 -0.288240 0.123806
8920.000000 3.961787 200.895548 -0.297793 0.117482
8940.000000 3.955422 200.920418 -0.306451 0.111066
8960.000000 3.949357 200.943932 -0.314222 0.104566
8980.000000 3.943609 200.966064 -0.321117 0.097989
9000.000000 3.938194 200.986792 -0.327145 0.091342
9020.000000 3.933127 201.006097 -0.332318 0.084633
9040.000000 3.928420 201.023960 -0.336645 0.077868
9060.000000 3.924085 201.040363 -0.340137 0.071055
9080.000000 3.920131 201.055292 -0.342803 0.064200
9100.000000 3.916567 201.068734 -0.344654 0.057312
9120.000000 3.913399 201.080679 -0.345699 0.050395
9140.000000 3.910632 201.091116 -0.345945 0.043459
9160.000000 3.908271 201.100039 -0.345401 0.036509
9180.000000 3.906317 201.107442 -0.344075 0.029552
9200.000000 3.904772 201.113324 -0.341971 0.022597
9220.000000 3.903635 201.117682 -0.339097 0.015648
9240.000000 3.902905 201.120518 -0.335456 0.008715
9260.000000 3.902577 201.121835 -0.331053 0.001804
9280.000000 3.902649 201.121638 -0.325890 -0.005079
9300.000000 3.903112 201.119935 -0.319971 -0.011924
9320.000000 3.903961 201.116735 -0.313297 -0.018725
9340.000000 3.905186 201.112050 -0.305869 -0.025475
9360.000000 3.906776 201.105893 -0.297688 -0.032165
9380.000000 3.908720 201.098281 -0.288755 -0.038788
9400.000000 3.911004 201.089230 -0.279068 -0.045336
9420.000000 3.913613 201.078763 -0.268629 -0.051800
9440.000000 3.916530 201.066899 -0.257437 -0.058173
9460.000000 3.919736 201.053664 -0.245492 -0.064447
9480.000000 3.923212 201.039084 -0.232794 -0.070612
9500.000000 3.926936 201.023186 -0.219344 -0.076660
9520.000000 3.930885 201.006002 -0.205145 -0.082582
9540.000000 3.935033 200.987562 -0.190199 -0.088370
9560.000000 3.939355 200.967901 -0.174509 -0.094015
9580.000000 3.943822 200.947055 -0.158083 -0.099508
9600.000000 3.948405 200.925061 -0.140926 -0.104841
9620.000000 3.953074 200.901958 -0.123048 -0.110003
9640.000000 3.957796 200.877787 -0.104461 -0.114987
9660.000000 3.962539 200.852591 -0.085178 -0.119782
9680.000000 3.967270 200.826414 -0.065215 -0.124382
9700.000000 3.971953 200.799300 -0.044592 -0.128776
9720.000000 3.976555 200.771298 -0.023330 -0.132957
9740.000000 3.981041 200.742454 -0.001456 -0.136915
9760.000000 3.985375 200.712819 0.021004 -0.140644
9780.000000 3.989524 200.682443 0.044016 -0.144134
9800.000000 3.993455 200.651377 0.067547 -0.147379
9820.000000 3.997135 200.619674 0.091559 -0.150371
9840.000000 4.000533 200.587387 0.116010 -0.153102
9860.000000 4.003621 200.554572 0.140857 -0.155568
9880.000000 4.006371 200.521283 0.166052 -0.157760
9900.000000 4.008759 200.487577 0.191547 -0.159675
9920.000000 4.010762 200.453510 0.217289 -0.161307
9940.000000 4.012363 200.419139 0.243226 -0.162650
9960.000000 4.013546 200.384523 0.269302 -0.163702
9980.000000 4.014299 200.349720 0.295462 -0.164459
10000.000000 4.014612 200.314789 0.321648 -0.164919
10020.000000 4.014483 200.279790 0.347804 -0.165078
10040.000000 4.013909 200.244782 0.373874 -0.164936
10060.000000 4.012894 200.209825 0.399801 -0.164493
10080.000000 4.011446 200.174979 0.425530 -0.163748
10100.000000 4.009573 200.140305 0.451009 -0.162703
10120.000000 4.007292 200.105863 0.476187 -0.161359
10140.000000 4.004620 200.071713 0.501016 -0.159718
10160.000000 4.001577 200.037915 0.525448 -0.157785
10180.000000 3.998187 200.004529 0.549441 -0.155562
10200.000000 3.994478 199.971615 0.572956 -0.153054
10220.000000 3.990479 199.939230 0.595956 -0.150268
10240.000000 3.986219 199.907434 0.618409 -0.147208
10260.000000 3.981732 199.876284 0.640284 -0.143881
10280.000000 3.977052 199.845836 0.661558 -0.140295
10300.000000 3.972214 199.816146 0.682206 -0.136457
10320.000000 3.967254 199.787270 0.702212 -0.132375
10340.000000 3.962206 199.759259 0.721559 -0.128058
10360.000000 3.957108 199.732167 0.740235 -0.123514
10380.000000 3.951995 199.706044 0.758231 -0.118752
10400.000000 3.946901 199.680939 0.775541 -0.113782
10420.000000 3.941862 199.656900 0.792160 -0.108613
10440.000000 3.936910 199.633973 0.808087 -0.103254
10460.000000 3.932078 199.612202 0.823322 -0.097716
10480.000000 3.927396 199.591628 0.837867 -0.092007
10500.000000 3.922895 199.572293 0.851724 -0.086138
10520.000000 3.918601 199.554235 0.864899 -0.080118
10540.000000 3.914542 199.537489 0.877397 -0.073957
10560.000000 3.910742 199.522091 0.889224 -0.067664
10580.000000 3.907225 199.508072 0.900385 -0.061250
10600.000000 3.904011 199.495461 0.910889 -0.054722
10620.000000 3.901120 199.484286 0.920740 -0.048092
10640.000000 3.898571 199.474573 0.929945 -0.041367
10660.000000 3.896379 199.466344 0.938510 -0.034557
10680.000000 3.894559 199.459620 0.946440 -0.027671
10700.000000 3.893124 199.454418 0.953739 -0.020717
10720.000000 3.892085 199.450755 0.960412 -0.013705
10740.000000 3.891451 199.448644 0.966460 -0.006643
10760.000000 3.891231 199.448097 0.971884 0.000460
10780.000000 3.891432 199.449120 0.976686 0.007596
10800.000000 3.892057 199.451722 0.980864 0.014757
10820.000000 3.893111 199.455906 0.984416 0.021935
10840.000000 3.894595 199.461672 0.987338 0.029121
10860.000000 3.896509 199.469021 0.989626 0.036307
10880.000000 3.898852 199.477949 0.991273 0.043486
10900.000000 3.901623 199.488451 0.992273 0.050649
10920.000000 3.904815 199.500519 0.992617 0.057789
10940.000000 3.908425 199.514143 0.992294 0.064897
10960.000000 3.912443 199.529310 0.991294 0.071967
10980.000000 3.916863 199.546008 0.989606 0.078990
11000.000000 3.921673 199.564218 0.987215 0.085958
11020.000000 3.926862 199.583922 0.984109 0.092863
11040.000000 3.932416 199.605101 0.980274 0.099699
11060.000000 3.938320 199.627730 0.975693 0.106456
11080.000000 3.944557 199.651787 0.970353 0.113127
11100.000000 3.951109 199.677243 0.964237 0.119705
11120.000000 3.957956 199.704072 0.957329 0.126181
11140.000000 3.965075 199.732243 0.949615 0.132547
11160.000000 3.972443 199.761724 0.941079 0.138795
11180.000000 3.980035 199.792482 0.931706 0.144917
11200.000000 3.987823 199.824481 0.921483 0.150905
11220.000000 3.995778 199.857687 0.910396 0.156751
11240.000000 4.003870 199.892059 0.898436 0.162446
11260.000000 4.012065 199.927559 0.885591 0.167982
11280.000000 4.020331 199.964147 0.871854 0.173351
11300.000000 4.028630 200.001779 0.857219 0.178545
11320.000000 4.036927 200.040414 0.841683 0.183554
11340.000000 4.045183 200.080005 0.825245 0.188370
11360.000000 4.053357 200.120509 0.807906 0.192987
11380.000000 4.061411 200.161878 0.789673 0.197394
11400.000000 4.069303 200.204066 0.770554 0.201585
11420.000000 4.076990 200.247024 0.750562 0.205551
11440.000000 4.084433 200.290702 0.729713 0.209286
11460.000000 4.091589 200.335053 0.708028 0.212781
11480.000000 4.098418 200.380025 0.685531 0.216030
11500.000000 4.104879 200.425568 0.662251 0.219027
11520.000000 4.110936 200.471632 0.638222 0.221766
11540.000000 4.116550 200.518164 0.613482 0.224241
11560.000000 4.121687 200.565114 0.588073 0.226448
11580.000000 4.126316 200.612429 0.562042 0.228382
11600.000000 4.130407 200.660059 0.535439 0.230041
11620.000000 4.133935 200.707952 0.508320 0.231420
11640.000000 4.136877 200.756056 0.480742 0.232519
11660.000000 4.139215 200.804320 0.452768 0.233335
11680.000000 4.140934 200.852693 0.424463 0.233869
11700.000000 4.142023 200.901124 0.395893 0.234119
11720.000000 4.142478 200.949563 0.367129 0.234087
11740.000000 4.142297 200.997959 0.338240 0.233773
11760.000000 4.141481 201.046264 0.309300 0.233180
11780.000000 4.140039 201.094427 0.280381 0.232309
11800.000000 4.137981 201.142399 0.251555 0.231165
11820.000000 4.135322 201.190132 0.222894 0.229749
11840.000000 4.132083 201.237577 0.194468 0.228065
11860.000000 4.128285 201.284687 0.166345 0.226119
11880.000000 4.123954 201.331413 0.138592 0.223913
11900.000000 4.119120 201.377709 0.111272 0.221454
11920.000000 4.113815 201.423527 0.084446 0.218746
11940.000000 4.108072 201.468820 0.058169 0.215795
11960.000000 4.101927 201.513543 0.032497 0.212606
11980.000000 4.095419 201.557649 0.007476 0.209187
12000.000000 4.088587 201.601093 -0.016847 0.205542
12020.000000 4.081470 201.643830 -0.040433 0.201679
12040.000000 4.074109 201.685815 -0.063244 0.197605
12060.000000 4.066545 201.727005 -0.085249 0.193326
12080.000000 4.058818 201.767356 -0.106420 0.188850
12100.000000 4.050970 201.806826 -0.126733 0.184184
12120.000000 4.043038 201.845373 -0.146169 0.179336
12140.000000 4.035063 201.882956 -0.164711 0.174313
12160.000000 4.027082 201.919535 -0.182346 0.169123
12180.000000 4.019131 201.955071 -0.199065 0.163774
12200.000000 4.011245 201.989526 -0.214863 0.158274
12220.000000 4.003459 202.022864 -0.229735 0.152630
12240.000000 3.995802 202.055048 -0.243681 0.146850
12260.000000 3.988307 202.086045 -0.256702 0.140942
12280.000000 3.981000 202.115822 -0.268802 0.134914
12300.000000 3.973908 202.144348 -0.279984 0.128773
12320.000000 3.967057 202.171591 -0.290257 0.122527
12340.000000 3.960468 202.197524 -0.299627 0.116183
12360.000000 3.954163 202.222121 -0.308104 0.109750
12380.000000 3.948161 202.245355 -0.315696 0.103233
12400.000000 3.942480 202.267203 -0.322414 0.096642
12420.000000 3.937134 202.287643 -0.328267 0.089981
12440.000000 3.932139 202.306656 -0.333267 0.083260
12460.000000 3.927507 202.324223 -0.337423 0.076485
12480.000000 3.923249 202.340328 -0.340746 0.069663
12500.000000 3.919374 202.354955 -0.343246 0.062801
12520.000000 3.915890 202.368093 -0.344932 0.055906
12540.000000 3.912803 202.379732 -0.345813 0.048985
12560.000000 3.910119 202.389861 -0.345898 0.042045
12580.000000 3.907840 202.398475 -0.345195 0.035094
12600.000000 3.905970 202.405569 -0.343709 0.028137
12620.000000 3.904508 202.411141 -0.341449 0.021182
12640.000000 3.903454 202.415189 -0.338418 0.014236
12660.000000 3.902806 202.417715 -0.334621 0.007307
12680.000000 3.902560 202.418724 -0.330063 0.000400
12700.000000 3.902711 202.418220 -0.324747 -0.006475
12720.000000 3.903254 202.416211 -0.318674 -0.013312
12740.000000 3.904180 202.412708 -0.311847 -0.020103
12760.000000 3.905480 202.407722 -0.304265 -0.026842
12780.000000 3.907144 202.401268 -0.295931 -0.033519
12800.000000 3.909158 202.393362 -0.286845 -0.040127
12820.000000 3.911509 202.384021 -0.277005 -0.046659
12840.000000 3.914182 202.373268 -0.266413 -0.053105
12860.000000 3.917159 202.361123 -0.255067 -0.059458
12880.000000 3.920422 202.347612 -0.242969 -0.065710
12900.000000 3.923951 202.332761 -0.230118 -0.071852
12920.000000 3.927722 202.316599 -0.216515 -0.077875
12940.000000 3.931713 202.299157 -0.202164 -0.083771
12960.000000 3.935899 202.280466 -0.187066 -0.089531
12980.000000 3.940253 202.260561 -0.171226 -0.095146
13000.000000 3.944746 202.239478 -0.154651 -0.100607
13020.000000 3.949349 202.217255 -0.137346 -0.105905
13040.000000 3.954031 202.193931 -0.119323 -0.111032
13060.000000 3.958761 202.169548 -0.100593 -0.115978
13080.000000 3.963504 202.144149 -0.081170 -0.120735
13100.000000 3.968228 202.117777 -0.061071 -0.125293
13120.000000 3.972897 202.090479 -0.040316 -0.129645
13140.000000 3.977478 202.062302 -0.018928 -0.133781
13160.000000 3.981936 202.033293 0.003068 -0.137693
13180.000000 3.986235 202.003503 0.025643 -0.141374
13200.000000 3.990343 201.972982 0.048764 -0.144815
13220.000000 3.994225 201.941782 0.072396 -0.148008
13240.000000 3.997850 201.909956 0.096501 -0.150948
13260.000000 4.001188 201.877558 0.121036 -0.153626
13280.000000 4.004209 201.844641 0.145957 -0.156036
13300.000000 4.006887 201.811263 0.171218 -0.158173
13320.000000 4.009198 201.777479 0.196767 -0.160030
13340.000000 4.011121 201.743345 0.222553 -0.161604
13360.000000 4.012638 201.708920 0.248523 -0.162888
13380.000000 4.013734 201.674261 0.274620 -0.163880
13400.000000 4.014398 201.639427 0.300790 -0.164577
13420.000000 4.014622 201.604477 0.326975 -0.164975
13440.000000 4.014402 201.569471 0.353118 -0.165074
13460.000000 4.013738 201.534469 0.379163 -0.164871
13480.000000 4.012634 201.499530 0.405054 -0.164366
13500.000000 4.011098 201.464714 0.430737 -0.163560
13520.000000 4.009142 201.430082 0.456159 -0.162454
13540.000000 4.006779 201.395695 0.481270 -0.161049
13560.000000 4.004030 201.361612 0.506021 -0.159348
13580.000000 4.000914 201.327893 0.530367 -0.157356
13600.000000 3.997458 201.294598 0.554266 -0.155074
13620.000000 3.993687 201.261786 0.577679 -0.152510
13640.000000 3.989632 201.229517 0.600570 -0.149667
13660.000000 3.985323 201.197848 0.622908 -0.146552
13680.000000 3.980795 201.166836 0.644663 -0.143172
13700.000000 3.976080 201.136538 0.665811 -0.139534
13720.000000 3.971214 201.107009 0.686330 -0.135646
13740.000000 3.966233 201.078305 0.706203 -0.131516
13760.000000 3.961172 201.050477 0.725414 -0.127152
13780.000000 3.956068 201.023578 0.743953 -0.122562
13800.000000 3.950956 200.997658 0.761810 -0.117758
13820.000000 3.945870 200.972766 0.778979 -0.112746
13840.000000 3.940846 200.948950 0.795458 -0.107538
13860.000000 3.935916 200.926254 0.811244 -0.102142
13880.000000 3.931112 200.904723 0.826338 -0.096568
13900.000000 3.926465 200.884399 0.840742 -0.090826
13920.000000 3.922003 200.865321 0.854461 -0.084925
13940.000000 3.917755 200.847526 0.867497 -0.078876
13960.000000 3.913747 200.831052 0.879858 -0.072687
13980.000000 3.910003 200.815932 0.891549 -0.066369
14000.000000 3.906546 200.802197 0.902576 -0.059930
14020.000000 3.903396 200.789876 0.912946 -0.053381
14040.000000 3.900573 200.778997 0.922665 -0.046730
14060.000000 3.898095 200.769584 0.931739 -0.039987
14080.000000 3.895978 200.761660 0.940175 -0.033161
14100.000000 3.894235 200.755244 0.947976 -0.026261
14120.000000 3.892880 200.750354 0.955148 -0.019295
14140.000000 3.891922 200.747006 0.961693 -0.012272
14160.000000 3.891373 200.745213 0.967614 -0.005201
14180.000000 3.891238 200.744984 0.972912 0.001910
14200.000000 3.891524 200.746329 0.977587 0.009052
14220.000000 3.892237 200.749252 0.981637 0.016217
14240.000000 3.893378 200.753757 0.985061 0.023397
14260.000000 3.894949 200.759846 0.987855 0.030583
14280.000000 3.896951 200.767517 0.990013 0.037769
14300.000000 3.899382 200.776766 0.991530 0.044945
14320.000000 3.902238 200.787587 0.992397 0.052104
14340.000000 3.905516 200.799972 0.992605 0.059238
14360.000000 3.909209 200.813911 0.992146 0.066339
14380.000000 3.913311 200.829391 0.991007 0.073400
14400.000000 3.917811 200.846398 0.989177 0.080412
14420.000000 3.922699 200.864914 0.986642 0.087368
14440.000000 3.927963 200.884920 0.983389 0.094260
14460.000000 3.933590 200.906395 0.979403 0.101080
14480.000000 3.939563 200.929317 0.974669 0.107821
14500.000000 3.945866 200.953661 0.969172 0.114474
14520.000000 3.952479 200.979399 0.962896 0.121031
14540.000000 3.959383 201.006503 0.955825 0.127485
14560.000000 3.966555 201.034944 0.947945 0.133828
14580.000000 3.973971 201.064687 0.939239 0.140051
14600.000000 3.981605 201.095701 0.929695 0.146147
14620.000000 3.989429 201.127949 0.919297 0.152107
14640.000000 3.997415 201.161395 0.908034 0.157923
14660.000000 4.005530 201.196000 0.895894 0.163586
14680.000000 4.013743 201.231725 0.882868 0.169089
14700.000000 4.022018 201.268528 0.868949 0.174423
14720.000000 4.030320 201.306368 0.854131 0.179579
14740.000000 4.038612 201.345201 0.838411 0.184550
14760.000000 4.046854 201.384982 0.821789 0.189326
14780.000000 4.055008 201.425666 0.804268 0.193901
14800.000000 4.063032 201.467205 0.785854 0.198265
14820.000000 4.070885 201.509553 0.766556 0.202410
14840.000000 4.078526 201.552662 0.746388 0.206330
14860.000000 4.085914 201.596481 0.725367 0.210016
14880.000000 4.093006 201.640963 0.703515 0.213462
14900.000000 4.099764 201.686055 0.680856 0.216661
14920.000000 4.106146 201.731708 0.657421 0.219606
14940.000000 4.112115 201.777871 0.633244 0.222291
14960.000000 4.117635 201.824493 0.608364 0.224712
14980.000000 4.122671 201.871521 0.582825 0.226864
15000.000000 4.127193 201.918905 0.556673 0.228742
15020.000000 4.131171 201.966592 0.529961 0.230344
15040.000000 4.134582 202.014532 0.502743 0.231667
15060.000000 4.137402 202.062672 0.475080 0.232708
15080.000000 4.139615 202.110963 0.447033 0.233467
15100.000000 4.141207 202.159352 0.418668 0.233943
15120.000000 4.142168 202.207788 0.390053 0.234135
15140.000000 4.142493 202.256223 0.361258 0.234046
15160.000000 4.142182 202.304605 0.332353 0.233675
15180.000000 4.141238 202.352884 0.303412 0.233025
15200.000000 4.139670 202.401013 0.274506 0.232099
15220.000000 4.137488 202.448940 0.245707 0.230898
15240.000000 4.134710 202.496619 0.217088 0.229428
15260.000000 4.131354 202.544000 0.188718 0.227690
15280.000000 4.127446 202.591035 0.160665 0.225691
15300.000000 4.123010 202.637677 0.132995 0.223433
15320.000000 4.118078 202.683880 0.105771 0.220923
15340.000000 4.112680 202.729594 0.079052 0.218165
15360.000000 4.106853 202.774775 0.052895 0.215165
15380.000000 4.100631 202.819376 0.027351 0.211929
15400.000000 4.094054 202.863351 0.002469 0.208463
15420.000000 4.087160 202.906655 -0.021708 0.204773
15440.000000 4.079991 202.949242 -0.045139 0.200867
15460.000000 4.072585 202.991069 -0.067788 0.196750
15480.000000 4.064985 203.032092 -0.089626 0.192431
15500.000000 4.057230 203.072267 -0.110624 0.187915
15520.000000 4.049361 203.111553 -0.130760 0.183212
15540.000000 4.041418 203.149907 -0.150015 0.178327
15560.000000 4.033438 203.187289 -0.168373 0.173270
15580.000000 4.025460 203.223658 -0.185822 0.168047
15600.000000 4.017520 203.258978 -0.202355 0.162667
15620.000000 4.009652 203.293208 -0.217964 0.157137
15640.000000 4.001889 203.326314 -0.232648 0.151464
15660.000000 3.994263 203.358260 -0.246406 0.145658
15680.000000 3.986804 203.389012 -0.259239 0.139725
15700.000000 3.979539 203.418536 -0.271151 0.133673
15720.000000 3.972494 203.446803 -0.282148 0.127510
15740.000000 3.965694 203.473782 -0.292237 0.121244
15760.000000 3.959161 203.499446 -0.301424 0.114881
15780.000000 3.952917 203.523767 -0.309720 0.108430
15800.000000 3.946978 203.546720 -0.317133 0.101898
15820.000000 3.941364 203.568284 -0.323674 0.095292
15840.000000 3.936089 203.588435 -0.329353 0.088618
15860.000000 3.931167 203.607155 -0.334180 0.081886
15880.000000 3.926610 203.624426 -0.338166 0.075100
15900.000000 3.922429 203.640231 -0.341321 0.068270
15920.000000 3.918633 203.654557 -0.343654 0.061400
15940.000000 3.915230 203.667390 -0.345176 0.054500
15960.000000 3.912224 203.678722 -0.345895 0.047574
15980.000000 3.909622 203.688544 -0.345819 0.040632
16000.000000 3.907427 203.696849 -0.344955 0.033678
16020.000000 3.905639 203.703633 -0.343312 0.026721
16040.000000 3.904260 203.708895 -0.340894 0.019767
16060.000000 3.903289 203.712633 -0.337707 0.012824
16080.000000 3.902723 203.714850 -0.333755 0.005899
16100.000000 3.902559 203.715550 -0.329043 -0.001001
16120.000000 3.902790 203.714740 -0.323572 -0.007869
16140.000000 3.903412 203.712426 -0.317346 -0.014698
16160.000000 3.904415 203.708620 -0.310365 -0.021479
16180.000000 3.905790 203.703334 -0.302631 -0.028205
16200.000000 3.907526 203.696583 -0.294143 -0.034869
16220.000000 3.909610 203.688383 -0.284903 -0.041463
16240.000000 3.912028 203.678754 -0.274911 -0.047977
16260.000000 3.914764 203.667715 -0.264165 -0.054406
16280.000000 3.917801 203.655290 -0.252666 -0.060739
16300.000000 3.921119 203.641504 -0.240414 -0.066969
16320.000000 3.924699 203.626384 -0.227410 -0.073088
16340.000000 3.928517 203.609959 -0.213656 -0.079086
16360.000000 3.932550 203.592260 -0.199152 -0.084954
16380.000000 3.936772 203.573319 -0.183903 -0.090686
16400.000000 3.941157 203.553171 -0.167913 -0.096270
16420.000000 3.945675 203.531853 -0.151188 -0.101699
16440.000000 3.950296 203.509403 -0.133737 -0.106963
16460.000000 3.954991 203.485861 -0.115569 -0.112053
16480.000000 3.959726 203.461268 -0.096696 -0.116962
16500.000000 3.964468 203.435667 -0.077134 -0.121679
16520.000000 3.969183 203.409103 -0.056900 -0.126196
16540.000000 3.973838 203.381622 -0.036014 -0.130504
16560.000000 3.978397 203.353271 -0.014500 -0.134595
16580.000000 3.982825 203.324099 0.007616 -0.138461
16600.000000 3.987088 203.294156 0.030305 -0.142094
16620.000000 3.991152 203.263493 0.053533 -0.145485
16640.000000 3.994985 203.232161 0.077264 -0.148627
16660.000000 3.998554 203.200214 0.101460 -0.151514
16680.000000 4.001829 203.167706 0.126077 -0.154138
16700.000000 4.004782 203.134692 0.151072 -0.156493
16720.000000 4.007388 203.101226 0.176395 -0.158574
16740.000000 4.009622 203.067366 0.201997 -0.160374
16760.000000 4.011464 203.033168 0.227825 -0.161888
16780.000000 4.012896 202.998691 0.253825 -0.163114
16800.000000 4.013905 202.963991 0.279942 -0.164046
16820.000000 4.014480 202.929129 0.306119 -0.164682
16840.000000 4.014613 202.894163 0.332300 -0.165020
16860.000000 4.014303 202.859153 0.358428 -0.165057
16880.000000 4.013549 202.824159 0.384446 -0.164792
16900.000000 4.012357 202.789240 0.410299 -0.164226
16920.000000 4.010734 202.754457 0.435933 -0.163359
16940.000000 4.008693 202.719870 0.461296 -0.162192
16960.000000 4.006250 202.685539 0.486337 -0.160727
16980.000000 4.003424 202.651525 0.511009 -0.158966
17000.000000 4.000238 202.617888 0.535268 -0.156915
17020.000000 3.996715 202.584687 0.559071 -0.154575
17040.000000 3.992884 202.551981 0.582381 -0.151954
17060.000000 3.988774 202.519829 0.605162 -0.149055
17080.000000 3.984418 202.488288 0.627383 -0.145886
17100.000000 3.979849 202.457417 0.649016 -0.142453
17120.000000 3.975101 202.427272 0.670038 -0.138763
17140.000000 3.970208 202.397906 0.690427 -0.134825
17160.000000 3.965208 202.369376 0.710166 -0.130646
17180.000000 3.960136 202.341733 0.729241 -0.126236
17200.000000 3.955027 202.315029 0.747642 -0.121602
17220.000000 3.949917 202.289315 0.765359 -0.116754
17240.000000 3.944842 202.264638 0.782388 -0.111702
17260.000000 3.939834 202.241046 0.798726 -0.106454
17280.000000 3.934927 202.218584 0.814371 -0.101021
17300.000000 3.930153 202.197295 0.829325 -0.095413
17320.000000 3.925541 202.177221 0.843589 -0.089637
17340.000000 3.921121 202.158401 0.857169 -0.083706
17360.000000 3.916919 202.140873 0.870067 -0.077627
17380.000000 3.912963 202.124672 0.882291 -0.071411
17400.000000 3.909275 202.109831 0.893846 -0.065068
17420.000000 3.905879 202.096381 0.904739 -0.058606
17440.000000 3.902794 202.084352 0.914976 -0.052036
17460.000000 3.900041 202.073769 0.924564 -0.045365
17480.000000 3.897635 202.064657 0.933508 -0.038605
17500.000000 3.895592 202.057038 0.941814 -0.031763
17520.000000 3.893928 202.050931 0.949487 -0.024848
17540.000000 3.892652 202.046354 0.956531 -0.017870
17560.000000 3.891777 202.043322 0.962948 -0.010837
17580.000000 3.891311 202.041846 0.968743 -0.003757
17600.000000 3.891262 202.041937 0.973914 0.003361
17620.000000 3.891635 202.043602 0.978462 0.010508
17640.000000 3.892434 202.046847 0.982385 0.017677
17660.000000 3.893663 202.051675 0.985681 0.024859
17680.000000 3.895322 202.058086 0.988346 0.032046
17700.000000 3.897411 202.066078 0.990374 0.039230
17720.000000 3.899929 202.075647 0.991759 0.046404
17740.000000 3.902871 202.086788 0.992493 0.053558
17760.000000 3.906234 202.099490 0.992566 0.060686
17780.000000 3.910011 202.113744 0.991969 0.067780
17800.000000 3.914194 202.129536 0.990691 0.074831
17820.000000 3.918774 202.146851 0.988718 0.081833
17840.000000 3.923740 202.165671 0.986038 0.088776
17860.000000 3.929079 202.185978 0.982637 0.095654
17880.000000 3.934778 202.207750 0.978500 0.102459
17900.000000 3.940819 202.230964 0.973613 0.109182
17920.000000 3.947187 202.255593 0.967958 0.115816
17940.000000 3.953861 202.281612 0.961522 0.122353
17960.000000 3.960822 202.308990 0.954288 0.128785
17980.000000 3.968045 202.337698 0.946241 0.135104
18000.000000 3.975507 202.367703 0.937366 0.141302
18020.000000 3.983182 202.398971 0.927648 0.147371
18040.000000 3.991042 202.431466 0.917075 0.153302
18060.000000 3.999056 202.465151 0.905635 0.159088
18080.000000 4.007194 202.499987 0.893315 0.164719
18100.000000 4.015423 202.535935 0.880108 0.170188
18120.000000 4.023706 202.572953 0.866007 0.175487
18140.000000 4.032009 202.610998 0.851005 0.180606
18160.000000 4.040294 202.650027 0.835102 0.185538
18180.000000 4.048522 202.689996 0.818297 0.190274
18200.000000 4.056652 202.730858 0.800593 0.194806
18220.000000 4.064645 202.772566 0.781998 0.199126
18240.000000 4.072458 202.815072 0.762522 0.203227
18260.000000 4.080051 202.858330 0.742179 0.207099
18280.000000 4.087382 202.902288 0.720987 0.210737
18300.000000 4.094410 202.946897 0.698968 0.214133
18320.000000 4.101094 202.992108 0.676149 0.217281
18340.000000 4.107395 203.037869 0.652560 0.220173
18360.000000 4.113276 203.084130 0.628237 0.222805
18380.000000 4.118700 203.130838 0.603219 0.225172
18400.000000 4.123634 203.177943 0.577551 0.227268
18420.000000 4.128047 203.225392 0.551281 0.229091
18440.000000 4.131912 203.273135 0.524461 0.230636
18460.000000 4.135204 203.321120 0.497148 0.231901
18480.000000 4.137902 203.369295 0.469402 0.232885
18500.000000 4.139989 203.417610 0.441285 0.233587
18520.000000 4.141453 203.466013 0.412863 0.234005
18540.000000 4.142285 203.514453 0.384206 0.234140
18560.000000 4.142481 203.562881 0.355382 0.233993
18580.000000 4.142041 203.611246 0.326464 0.233565
18600.000000 4.140969 203.659499 0.297524 0.232859
18620.000000 4.139275 203.707590 0.268634 0.231876
18640.000000 4.136970 203.755471 0.239867 0.230621
18660.000000 4.134073 203.803093 0.211293 0.229095
18680.000000 4.130603 203.850407 0.182982 0.227304
18700.000000 4.126585 203.897367 0.155002 0.225252
18720.000000 4.122046 203.943923 0.127417 0.222943
18740.000000 4.117016 203.990030 0.100291 0.220382
18760.000000 4.111528 204.035640 0.073682 0.217574
18780.000000 4.105617 204.080707 0.047645 0.214525
18800.000000 4.099320 204.125184 0.022232 0.211242
18820.000000 4.092676 204.169026 -0.002510 0.207730
18840.000000 4.085723 204.212187 -0.026537 0.203996
18860.000000 4.078501 204.254624 -0.049812 0.200046
18880.000000 4.071053 204.296291 -0.072299 0.195887
18900.000000 4.063418 204.337144 -0.093968 0.191527
18920.000000 4.055637 204.377142 -0.114792 0.186973
18940.000000 4.047749 204.416241 -0.134750 0.182232
18960.000000 4.039795 204.454400 -0.153824 0.177312
18980.000000 4.031813 204.491580 -0.171998 0.172220
19000.000000 4.023840 204.527739 -0.189261 0.166965
19020.000000 4.015912 204.562839 -0.205606 0.161553
19040.000000 4.008062 204.596844 -0.221027 0.155994
19060.000000 4.000325 204.629717 -0.235523 0.150293
19080.000000 3.992731 204.661422 -0.249092 0.144460
19100.000000 3.985309 204.691927 -0.261737 0.138503
19120.000000 3.978086 204.721198 -0.273463 0.132428
19140.000000 3.971090 204.749205 -0.284275 0.126243
19160.000000 3.964342 204.775919 -0.294179 0.119957
19180.000000 3.957867 204.801311 -0.303185 0.113576
19200.000000 3.951683 204.825356 -0.311300 0.107107
19220.000000 3.945809 204.848029 -0.318535 0.100559
19240.000000 3.940263 204.869306 -0.324900 0.093939
19260.000000 3.935058 204.889168 -0.330404 0.087253
19280.000000 3.930210 204.907595 -0.335059 0.080509
19300.000000 3.925729 204.924568 -0.338875 0.073714
19320.000000 3.921625 204.940073 -0.341862 0.066875
19340.000000 3.917909 204.954096 -0.344030 0.059999
19360.000000 3.914586 204.966625 -0.345387 0.053092
19380.000000 3.911662 204.977650 -0.345943 0.046163
19400.000000 3.909143 204.987164 -0.345707 0.039217
19420.000000 3.907030 204.995160 -0.344684 0.032262
19440.000000 3.905326 205.001634 -0.342882 0.025306
19460.000000 3.904030 205.006586 -0.340308 0.018353
19480.000000 3.903141 205.010014 -0.336965 0.011413
19500.000000 3.902657 205.011922 -0.332858 0.004493
19520.000000 3.902574 205.012314 -0.327991 -0.002402
19540.000000 3.902886 205.011197 -0.322366 -0.009262
19560.000000 3.903585 205.008579 -0.315986 -0.016082
19580.000000 3.904665 205.004471 -0.308852 -0.022853
19600.000000 3.906114 204.998885 -0.300965 -0.029567
19620.000000 3.907922 204.991838 -0.292324 -0.036217
19640.000000 3.910075 204.983346 -0.282931 -0.042795
19660.000000 3.912559 204.973427 -0.272785 -0.049293
19680.000000 3.915358 204.962105 -0.261886 -0.055702
19700.000000 3.918454 204.949401 -0.250234 -0.062016
19720.000000 3.921827 204.935342 -0.237829 -0.068224
19740.000000 3.925457 204.919954 -0.224672 -0.074318
19760.000000 3.929321 204.903267 -0.210765 -0.080291
19780.000000 3.933395 204.885312 -0.196109 -0.086132
19800.000000 3.937652 204.866123 -0.180709 -0.091834
19820.000000 3.942066 204.845734 -0.164569 -0.097387
19840.000000 3.946608 204.824182 -0.147695 -0.102783
19860.000000 3.951247 204.801506 -0.130097 -0.108013
19880.000000 3.955952 204.777747 -0.111785 -0.113067
19900.000000 3.960691 204.752945 -0.092771 -0.117937
19920.000000 3.965431 204.727144 -0.073071 -0.122614
19940.000000 3.970137 204.700390 -0.052702 -0.127089
19960.000000 3.974774 204.672728 -0.031687 -0.131354
19980.000000 3.979309 204.644207 -0.010048 -0.135400
20000.000000 3.983707 204.614874 0.012188 -0.139219
20020.000000 3.987932 204.584780 0.034989 -0.142803
20040.000000 3.991952 204.553976 0.058322 -0.146145
20060.000000 3.995733 204.522515 0.082152 -0.149236
20080.000000 3.999245 204.490450 0.106437 -0.152070
20100.000000 4.002457 204.457834 0.131135 -0.154639
20120.000000 4.005342 204.424723 0.156200 -0.156939
20140.000000 4.007873 204.391173 0.181584 -0.158963
20160.000000 4.010029 204.357239 0.207236 -0.160705
20180.000000 4.011789 204.322980 0.233103 -0.162161
20200.000000 4.013136 204.288452 0.259132 -0.163328
20220.000000 4.014057 204.253715 0.285266 -0.164200
20240.000000 4.014543 204.218827 0.311448 -0.164775
20260.000000 4.014586 204.183847 0.337623 -0.165052
20280.000000 4.014185 204.148836 0.363733 -0.165027
20300.000000 4.013342 204.113851 0.389722 -0.164702
20320.000000 4.012061 204.078955 0.415535 -0.164074
20340.000000 4.010352 204.044207 0.441118 -0.163146
20360.000000 4.008228 204.009668 0.466419 -0.161918
20380.000000 4.005706 203.975397 0.491389 -0.160392
20400.000000 4.002804 203.941455 0.515981 -0.158572
20420.000000 3.999547 203.907901 0.540150 -0.156462
20440.000000 3.995959 203.874796 0.563856 -0.154064
20460.000000 3.992069 203.842198 0.587060 -0.151386
20480.000000 3.987907 203.810166 0.609730 -0.148432
20500.000000 3.983505 203.778757 0.631834 -0.145208
20520.000000 3.978896 203.748029 0.653344 -0.141723
20540.000000 3.974116 203.718038 0.674239 -0.137982
20560.000000 3.969198 203.688838 0.694497 -0.133994
20580.000000 3.964181 203.660484 0.714102 -0.129767
20600.000000 3.959098 203.633028 0.733041 -0.125310
20620.000000 3.953986 203.606521 0.751303 -0.120632
20640.000000 3.948881 203.581014 0.768881 -0.115742
20660.000000 3.943816 203.556555 0.785769 -0.110650
20680.000000 3.938826 203.533189 0.801966 -0.105364
20700.000000 3.933944 203.510962 0.817470 -0.099894
20720.000000 3.929200 203.489917 0.832283 -0.094250
20740.000000 3.924625 203.470095 0.846408 -0.088443
20760.000000 3.920247 203.451535 0.859848 -0.082480
20780.000000 3.916094 203.434274 0.872609 -0.076373
20800.000000 3.912190 203.418347 0.884697 -0.070131
20820.000000 3.908560 203.403787 0.896116 -0.063762
20840.000000 3.905225 203.390624 0.906875 -0.057278
20860.000000 3.902207 203.378887 0.916980 -0.050686
20880.000000 3.899522 203.368601 0.926436 -0.043997
20900.000000 3.897189 203.359792 0.935249 -0.037219
20920.000000 3.895223 203.352479 0.943426 -0.030361
20940.000000 3.893636 203.346682 0.950971 -0.023433
20960.000000 3.892442 203.342418 0.957887 -0.016443
20980.000000 3.891649 203.339702 0.964178 -0.009400
21000.000000 3.891267 203.338544 0.969845 -0.002311
21020.000000 3.891303 203.338955 0.974890 0.004813
21040.000000 3.891763 203.340941 0.979311 0.011965
21060.000000 3.892649 203.344508 0.983107 0.019137
21080.000000 3.893965 203.349658 0.986275 0.026321
21100.000000 3.895712 203.356391 0.988810 0.033508
21120.000000 3.897889 203.364704 0.990708 0.040691
21140.000000 3.900493 203.374594 0.991961 0.047861
21160.000000 3.903522 203.386053 0.992562 0.055011
21180.000000 3.906970 203.399072 0.992500 0.062133
21200.000000 3.910830 203.413640 0.991765 0.069218
21220.000000 3.915095 203.429743 0.990346 0.076260
21240.000000 3.919754 203.447366 0.988231 0.083250
21260.000000 3.924797 203.466491 0.985405 0.090181
21280.000000 3.930210 203.487098 0.981856 0.097045
21300.000000 3.935980 203.509165 0.977567 0.103834
21320.000000 3.942089 203.532668 0.972525 0.110539
21340.000000 3.948521 203.557583 0.966712 0.117154
21360.000000 3.955255 203.583881 0.960115 0.123671
21380.000000 3.962271 203.611532 0.952717 0.130081
21400.000000 3.969545 203.640507 0.944502 0.136376
21420.000000 3.977053 203.670771 0.935457 0.142548
21440.000000 3.984768 203.702292 0.925567 0.148589
21460.000000 3.992661 203.735032 0.914818 0.154492
21480.000000 4.000704 203.768954 0.903199 0.160246
21500.000000 4.008863 203.804020 0.890700 0.165845
21520.000000 4.017105 203.840189 0.877312 0.171280
21540.000000 4.025396 203.877419 0.863027 0.176543
21560.000000 4.033698 203.915669 0.847842 0.181625
21580.000000 4.041974 203.954893 0.831755 0.186518
21600.000000 4.050185 203.995047 0.814767 0.191213
21620.000000 4.058291 204.036085 0.796881 0.195703
21640.000000 4.066251 204.077959 0.778106 0.199979
21660.000000 4.074023 204.120622 0.758452 0.204033
21680.000000 4.081566 204.164026 0.737935 0.207859
21700.000000 4.088838 204.208121 0.716572 0.211448
21720.000000 4.095799 204.252857 0.694388 0.214794
21740.000000 4.102409 204.298184 0.671410 0.217890
21760.000000 4.108627 204.344051 0.647669 0.220730
21780.000000 4.114418 204.390407 0.623201 0.223309
21800.000000 4.119745 204.437200 0.598047 0.225621
21820.000000 4.124575 204.484379 0.572253 0.227661
21840.000000 4.128879 204.531892 0.545866 0.229428
21860.000000 4.132629 204.579689 0.518941 0.230916
21880.000000 4.135802 204.627717 0.491535 0.232125
21900.000000 4.138377 204.675924 0.463708 0.233051
21920.000000 4.140338 204.724261 0.435524 0.233695
21940.000000 4.141674 204.772675 0.407049 0.234055
21960.000000 4.142377 204.821117 0.378352 0.234133
21980.000000 4.142443 204.869536 0.349503 0.233929
22000.000000 4.141874 204.917883 0.320575 0.233444
22020.000000 4.140675 204.966107 0.291639 0.232681
22040.000000 4.138855 205.014159 0.262768 0.231643
22060.000000 4.136428 205.061991 0.234034 0.230332
22080.000000 4.133412 205.109554 0.205508 0.228752
22100.000000 4.129829 205.156800 0.177259 0.226908
22120.000000 4.125702 205.203681 0.149354 0.224803
22140.000000 4.121061 205.250150 0.121858 0.222442
22160.000000 4.115935 205.296160 0.094833 0.219830
22180.000000 4.110358 205.341663 0.068336 0.216973
22200.000000 4.104366 205.386613 0.042422 0.213876
22220.000000 4.097995 205.430965 0.017142 0.210546
22240.000000 4.091284 205.474672 -0.007458 0.206988
22260.000000 4.084273 205.517690 -0.031336 0.203209
22280.000000 4.077003 205.559973 -0.054453 0.199216
22300.000000 4.069513 205.601478 -0.076776 0.195016
22320.000000 4.061845 205.642161 -0.098275 0.190616
22340.000000 4.054039 205.681979 -0.118924 0.186023
22360.000000 4.046135 205.720890 -0.138704 0.181245
22380.000000 4.038172 205.758854 -0.157595 0.176290
22400.000000 4.030189 205.795828 -0.175585 0.171164
22420.000000 4.022222 205.831775 -0.192662 0.165876
22440.000000 4.014307 205.866656 -0.208819 0.160434
22460.000000 4.006478 205.900433 -0.224052 0.154845
22480.000000 3.998767 205.933071 -0.238359 0.149117
22500.000000 3.991205 205.964535 -0.251740 0.143258
22520.000000 3.983822 205.994791 -0.264198 0.137276
22540.000000 3.976643 206.023807 -0.275737 0.131178
22560.000000 3.969696 206.051554 -0.286363 0.124972
22580.000000 3.963002 206.078001 -0.296084 0.118666
22600.000000 3.956584 206.103121 -0.304908 0.112266
22620.000000 3.950462 206.126888 -0.312843 0.105781
22640.000000 3.944653 206.149279 -0.319900 0.099218
22660.000000 3.939175 206.170270 -0.326089 0.092583
22680.000000 3.934043 206.189841 -0.331420 0.085885
22700.000000 3.929268 206.207974 -0.335904 0.079130
22720.000000 3.924863 206.224650 -0.339550 0.072326
22740.000000 3.920838 206.239854 -0.342369 0.065478
22760.000000 3.917200 206.253574 -0.344371 0.058595
22780.000000 3.913958 206.265798 -0.345565 0.051684
22800.000000 3.911117 206.276516 -0.345959 0.044750
22820.000000 3.908680 206.285721 -0.345562 0.037802
22840.000000 3.906650 206.293407 -0.344380 0.030847
22860.000000 3.905029 206.299572 -0.342421 0.023890
22880.000000 3.903816 206.304213 -0.339690 0.016940
22900.000000 3.903010 206.307332 -0.336191 0.010003
22920.000000 3.902608 206.308931 -0.331929 0.003087
22940.000000 3.902605 206.309016 -0.326908 -0.003801
22960.000000 3.902997 206.307592 -0.321129 -0.010654
22980.000000 3.903775 206.304670 -0.314596 -0.017464
23000.000000 3.904930 206.300260 -0.307308 -0.024224
23020.000000 3.906453 206.294376 -0.299267 -0.030926
23040.000000 3.908333 206.287033 -0.290474 -0.037562
23060.000000 3.910554 206.278249 -0.280927 -0.044124
23080.000000 3.913104 206.268043 -0.270628 -0.050605
23100.000000 3.915965 206.256438 -0.259576 -0.056995
23120.000000 3.919119 206.243456 -0.247771 -0.063288
23140.000000 3.922546 206.229124 -0.235213 -0.069473
23160.000000 3.926226 206.213469 -0.221903 -0.075544
23180.000000 3.930134 206.196521 -0.207843 -0.081490
23200.000000 3.934247 206.178313 -0.193035 -0.087304
23220.000000 3.938539 206.158876 -0.177484 -0.092976
23240.000000 3.942981 206.138248 -0.161194 -0.098499
23260.000000 3.947545 206.116464 -0.144173 -0.103861
23280.000000 3.952200 206.093565 -0.126428 -0.109056
23300.000000 3.956915 206.069589 -0.107972 -0.114073
23320.000000 3.961657 206.044581 -0.088817 -0.118905
23340.000000 3.966392 206.018583 -0.068979 -0.123542
23360.000000 3.971087 205.991640 -0.048477 -0.127975
23380.000000 3.975707 205.963799 -0.027333 -0.132196
23400.000000 3.980216 205.935108 -0.005570 -0.136196
23420.000000 3.984582 205.905617 0.016783 -0.139968
23440.000000 3.988768 205.875374 0.039695 -0.143503
23460.000000 3.992742 205.844433 0.063132 -0.146794
23480.000000 3.996471 205.812844 0.087058 -0.149833
23500.000000 3.999924 205.780662 0.111430 -0.152614
23520.000000 4.003071 205.747941 0.136207 -0.155129
23540.000000 4.005886 205.714736 0.161341 -0.157373
23560.000000 4.008343 205.681103 0.186784 -0.159340
23580.000000 4.010420 205.647099 0.212484 -0.161025
23600.000000 4.012097 205.612780 0.238389 -0.162422
23620.000000 4.013358 205.578205 0.264443 -0.163529
23640.000000 4.014192 205.543433 0.290592 -0.164341
23660.000000 4.014587 205.508521 0.316777 -0.164856
23680.000000 4.014541 205.473530 0.342943 -0.165071
23700.000000 4.014049 205.438519 0.369033 -0.164985
23720.000000 4.013116 205.403548 0.394991 -0.164598
23740.000000 4.011747 205.368677 0.420761 -0.163910
23760.000000 4.009953 205.333966 0.446291 -0.162920
23780.000000 4.007747 205.299477 0.471529 -0.161631
23800.000000 4.005145 205.265268 0.496425 -0.160046
23820.000000 4.002170 205.231400 0.520935 -0.158166
23840.000000 3.998843 205.197933 0.545013 -0.155997
23860.000000 3.995191 205.164926 0.568619 -0.153542
23880.000000 3.991243 205.132439 0.591718 -0.150807
23900.000000 3.987030 205.100529 0.614275 -0.147797
23920.000000 3.982583 205.069254 0.636260 -0.144520
23940.000000 3.977936 205.038671 0.657647 -0.140982
23960.000000 3.973125 205.008836 0.678413 -0.137190
23980.000000 3.968184 204.979805 0.698540 -0.133153
24000.000000 3.963150 204.951629 0.718010 -0.128879
24020.000000 3.958059 204.924362 0.736812 -0.124376
24040.000000 3.952946 204.898055 0.754935 -0.119654
24060.000000 3.947846 204.872757 0.772373 -0.114722
24080.000000 3.942794 204.848516 0.789121 -0.109589
24100.000000 3.937823 204.825379 0.805177 -0.104265
24120.000000 3.932966 204.803389 0.820541 -0.098759
24140.000000 3.928254 204.782590 0.835213 -0.093082
24160.000000 3.923717 204.763021 0.849198 -0.087242
24180.000000 3.919383 204.744723 0.862500 -0.081249
24200.000000 3.915278 204.727730 0.875123 -0.075113
24220.000000 3.911429 204.712079 0.887074 -0.068845
24240.000000 3.907857 204.697801 0.898359 -0.062452
24260.000000 3.904585 204.684926 0.908984 -0.055945
24280.000000 3.901633 204.673482 0.918956 -0.049332
24300.000000 3.899019 204.663495 0.928281 -0.042624
24320.000000 3.896759 204.654988 0.936965 -0.035830
24340.000000 3.894869 204.647983 0.945013 -0.028957
24360.000000 3.893361 204.642497 0.952429 -0.022015
24380.000000 3.892247 204.638546 0.959218 -0.015014
24400.000000 3.891538 204.636146 0.965382 -0.007961
24420.000000 3.891241 204.635307 0.970922 -0.000864
24440.000000 3.891362 204.636038 0.975840 0.006266
24460.000000 3.891908 204.638345 0.980134 0.013424
24480.000000 3.892882 204.642234 0.983802 0.020599
24500.000000 3.894286 204.647706 0.986842 0.027784
24520.000000 3.896120 204.654761 0.989249 0.034971
24540.000000 3.898384 204.663396 0.991016 0.042151
24560.000000 3.901075 204.673606 0.992137 0.049318
24580.000000 3.904190 204.685383 0.992603 0.056463
24600.000000 3.907722 204.698718 0.992405 0.063578
24620.000000 3.911665 204.713600 0.991532 0.070655
24640.000000 3.916011 204.730013 0.989973 0.077687
24660.000000 3.920749 204.747943 0.987714 0.084666
24680.000000 3.925869 204.767371 0.984742 0.091584
24700.000000 3.931356 204.788277 0.981043 0.098433
24720.000000 3.937196 204.810639 0.976603 0.105205
24740.000000 3.943372 204.834432 0.971405 0.111893
24760.000000 3.949867 204.859630 0.965434 0.118489
24780.000000 3.956661 204.886205 0.958675 0.124984
24800.000000 3.963731 204.914129 0.951112 0.131371
24820.000000 3.971055 204.943369 0.942729 0.137642
24840.000000 3.978607 204.973892 0.933513 0.143788
24860.000000 3.986361 205.005663 0.923449 0.149802
24880.000000 3.994287 205.038647 0.912525 0.155675
24900.000000 4.002355 205.072805 0.900727 0.161399
24920.000000 4.010534 205.108099 0.888048 0.166965
24940.000000 4.018789 205.144487 0.874478 0.172366
24960.000000 4.027085 205.181929 0.860010 0.177592
24980.000000 4.035386 205.220380 0.844642 0.182636
25000.000000 4.043652 205.259797 0.828371 0.187489
25020.000000 4.051845 205.300134 0.811200 0.192143
25040.000000 4.059924 205.341346 0.793132 0.196590
25060.000000 4.067849 205.383385 0.774177 0.200822
25080.000000 4.075578 205.426203 0.754347 0.204831
25100.000000 4.083069 205.469752 0.733656 0.208609
25120.000000 4.090281 205.513981 0.712124 0.212149
25140.000000 4.097174 205.558841 0.689776 0.215445
25160.000000 4.103707 205.604282 0.666639 0.218489
25180.000000 4.109841 205.650253 0.642747 0.221276
25200.000000 4.115540 205.696702 0.618136 0.223801
25220.000000 4.120769 205.743578 0.592849 0.226058
25240.000000 4.125495 205.790829 0.566929 0.228043
25260.000000 4.129688 205.838404 0.540429 0.229753
25280.000000 4.133322 205.886252 0.513402 0.231185
25300.000000 4.136375 205.934320 0.485905 0.232336
25320.000000 4.138826 205.982558 0.457999 0.233205
25340.000000 4.140661 206.030915 0.429750 0.233791
25360.000000 4.141869 206.079339 0.401225 0.234094
25380.000000 4.142442 206.127780 0.372491 0.234114
25400.000000 4.142379 206.176189 0.343620 0.233853
25420.000000 4.141681 206.224514 0.314685 0.233311
25440.000000 4.140354 206.272707 0.285756 0.232492
25460.000000 4.138410 206.320719 0.256907 0.231398
25480.000000 4.135862 206.368500 0.228210 0.230032
25500.000000 4.132729 206.416002 0.199735 0.228398
25520.000000 4.129032 206.463178 0.171551 0.226500
25540.000000 4.124799 206.509979 0.143724 0.224343
25560.000000 4.120056 206.556358 0.116319 0.221930
25580.000000 4.114836 206.602269 0.089396 0.219268
25600.000000 4.109171 206.647663 0.063013 0.216362
25620.000000 4.103099 206.692495 0.037224 0.213217
25640.000000 4.096656 206.736720 0.012079 0.209840
25660.000000 4.089881 206.780290 -0.012377 0.206237
25680.000000 4.082814 206.823162 -0.036103 0.202414
25700.000000 4.075495 206.865290 -0.059061 0.198378
25720.000000 4.067966 206.906632 -0.081218 0.194137
25740.000000 4.060266 206.947142 -0.102546 0.189697
25760.000000 4.052437 206.986779 -0.123021 0.185066
25780.000000 4.044518 207.025501 -0.142621 0.180251
25800.000000 4.036548 207.063266 -0.161330 0.175260
25820.000000 4.028565 207.100035 -0.179134 0.170101
25840.000000 4.020606 207.135768 -0.196025 0.164781
25860.000000 4.012706 207.170427 -0.211994 0.159308
25880.000000 4.004898 207.203975 -0.227039 0.153690
25900.000000 3.997215 207.236377 -0.241157 0.147935
25920.000000 3.989688 207.267597 -0.254350 0.142050
25940.000000 3.982344 207.297604 -0.266620 0.136044
25960.000000 3.975210 207.326364 -0.277973 0.129924
25980.000000 3.968312 207.353848 -0.288415 0.123697
26000.000000 3.961673 207.380028 -0.297952 0.117371
26020.000000 3.955314 207.404875 -0.306594 0.110953
26040.000000 3.949254 207.428364 -0.314350 0.104452
26060.000000 3.943511 207.450471 -0.321230 0.097873
26080.000000 3.938103 207.471175 -0.327243 0.091225
26100.000000 3.933042 207.490455 -0.332401 0.084515
26120.000000 3.928341 207.508292 -0.336713 0.077749
26140.000000 3.924013 207.524670 -0.340190 0.070935
26160.000000 3.920066 207.539573 -0.342843 0.064080
26180.000000 3.916508 207.552990 -0.344679 0.057191
26200.000000 3.913347 207.564908 -0.345710 0.050274
26220.000000 3.910588 207.575318 -0.345942 0.043338
26240.000000 3.908234 207.584215 -0.345385 0.036387
26260.000000 3.906287 207.591592 -0.344044 0.029431
26280.000000 3.904749 207.597447 -0.341928 0.022475
26300.000000 3.903619 207.601778 -0.339040 0.015527
26320.000000 3.902896 207.604588 -0.335385 0.008594
26340.000000 3.902575 207.605878 -0.330969 0.001683
26360.000000 3.902653 207.605655 -0.325793 -0.005198
26380.000000 3.903124 207.603925 -0.319861 -0.012043
26400.000000 3.903979 207.600699 -0.313174 -0.018844
26420.000000 3.905211 207.595988 -0.305733 -0.025592
26440.000000 3.906807 207.589806 -0.297539 -0.032282
26460.000000 3.908757 207.582168 -0.288592 -0.038903
26480.000000 3.911047 207.573093 -0.278893 -0.045450
26500.000000 3.913661 207.562601 -0.268440 -0.051913
26520.000000 3.916583 207.550713 -0.257235 -0.058284
26540.000000 3.919795 207.537455 -0.245276 -0.064555
26560.000000 3.923275 207.522851 -0.232565 -0.070718
26580.000000 3.927003 207.506931 -0.219103 -0.076764
26600.000000 3.930955 207.489724 -0.204890 -0.082684
26620.000000 3.935107 207.471263 -0.189931 -0.088470
26640.000000 3.939431 207.451581 -0.174229 -0.094113
26660.000000 3.943901 207.430714 -0.157789 -0.099603
26680.000000 3.948486 207.408700 -0.140620 -0.104932
26700.000000 3.953156 207.385578 -0.122730 -0.110092
26720.000000 3.957879 207.361389 -0.104130 -0.115072
26740.000000 3.962622 207.336176 -0.084835 -0.119864
26760.000000 3.967352 207.309982 -0.064860 -0.124460
26780.000000 3.972034 207.282852 -0.044226 -0.128851
26800.000000 3.976634 207.254835 -0.022954 -0.133028
26820.000000 3.981118 207.225977 -0.001068 -0.136983
26840.000000 3.985449 207.196328 0.021401 -0.140707
26860.000000 3.989595 207.165940 0.044423 -0.144193
26880.000000 3.993522 207.134862 0.067963 -0.147433
26900.000000 3.997197 207.103148 0.091983 -0.150420
26920.000000 4.000590 207.070852 0.116441 -0.153148
26940.000000 4.003672 207.038028 0.141294 -0.155608
26960.000000 4.006416 207.004732 0.166495 -0.157796
26980.000000 4.008797 206.971019 0.191994 -0.159706
27000.000000 4.010794 206.936946 0.217741 -0.161333
27020.000000 4.012388 206.902570 0.243680 -0.162671
27040.000000 4.013563 206.867950 0.269758 -0.163718
27060.000000 4.014308 206.833145 0.295919 -0.164470
27080.000000 4.014614 206.798212 0.322105 -0.164924
27100.000000 4.014477 206.763212 0.348260 -0.165078
27120.000000 4.013895 206.728204 0.374328 -0.164931
27140.000000 4.012873 206.693249 0.400252 -0.164483
27160.000000 4.011416 206.658405 0.425978 -0.163733
27180.000000 4.009537 206.623735 0.451452 -0.162682
27200.000000 4.007249 206.589297 0.476624 -0.161333
27220.000000 4.004569 206.555153 0.501446 -0.159687
27240.000000 4.001520 206.521362 0.525871 -0.157748
27260.000000 3.998125 206.487984 0.549856 -0.155520
27280.000000 3.994411 206.455078 0.573362 -0.153008
27300.000000 3.990406 206.422703 0.596353 -0.150217
27320.000000 3.986142 206.390918 0.618796 -0.147152
27340.000000 3.981652 206.359779 0.640661 -0.143821
27360.000000 3.976969 206.329344 0.661924 -0.140230
27380.000000 3.972129 206.299669 0.682561 -0.136388
27400.000000 3.967166 206.270807 0.702556 -0.132302
27420.000000 3.962118 206.242812 0.721891 -0.127981
27440.000000 3.957019 206.215736 0.740555 -0.123433
27460.000000 3.951906 206.189631 0.758540 -0.118667
27480.000000 3.946813 206.164544 0.775837 -0.113694
27500.000000 3.941775 206.140524 0.792445 -0.108521
27520.000000 3.936824 206.117617 0.808359 -0.103159
27540.000000 3.931995 206.095866 0.823582 -0.097618
27560.000000 3.927316 206.075313 0.838115 -0.091906
27580.000000 3.922818 206.056000 0.851960 -0.086034
27600.000000 3.918528 206.037965 0.865124 -0.080012
27620.000000 3.914473 206.021242 0.877610 -0.073848
27640.000000 3.910678 206.005868 0.889425 -0.067553
27660.000000 3.907166 205.991873 0.900575 -0.061137
27680.000000 3.903958 205.979287 0.911066 -0.054607
27700.000000 3.901073 205.968138 0.920906 -0.047975
27720.000000 3.898529 205.958450 0.930100 -0.041248
27740.000000 3.896344 205.950247 0.938654 -0.034437
27760.000000 3.894530 205.943549 0.946573 -0.027550
27780.000000 3.893102 205.938375 0.953861 -0.020595
27800.000000 3.892070 205.934739 0.960523 -0.013582
27820.000000 3.891444 205.932655 0.966560 -0.006520
27840.000000 3.891231 205.932135 0.971973 0.000584
27860.000000 3.891439 205.933186 0.976764 0.007721
27880.000000 3.892072 205.935815 0.980931 0.014882
27900.000000 3.893133 205.940026 0.984472 0.022060
27920.000000 3.894624 205.945821 0.987383 0.029246
27940.000000 3.896546 205.953197 0.989660 0.036433
27960.000000 3.898897 205.962153 0.991296 0.043611
27980.000000 3.901675 205.972682 0.992285 0.050774
28000.000000 3.904875 205.984777 0.992617 0.057913
28020.000000 3.908491 205.998428 0.992282 0.065021
28040.000000 3.912517 206.013623 0.991271 0.072090
28060.000000 3.916944 206.030346 0.989570 0.079112
28080.000000 3.921761 206.048583 0.987167 0.086079
28100.000000 3.926956 206.068313 0.984049 0.092983
28120.000000 3.932516 206.089517 0.980200 0.099817
28140.000000 3.938426 206.112172 0.975607 0.106573
28160.000000 3.944669 206.136253 0.970253 0.113243
28180.000000 3.951226 206.161734 0.964123 0.119819
28200.000000 3.958078 206.188586 0.957201 0.126293
28220.000000 3.965202 206.216780 0.949473 0.132657
28240.000000 3.972574 206.246284 0.940922 0.138903
28260.000000 3.980169 206.277064 0.931534 0.145023
28280.000000 3.987960 206.309085 0.921296 0.151009
28300.000000 3.995918 206.342311 0.910195 0.156852
28320.000000 4.004012 206.376703 0.898219 0.162544
28340.000000 4.012209 206.412223 0.885359 0.168078
28360.000000 4.020475 206.448829 0.871606 0.173444
28380.000000 4.028775 206.486479 0.856956 0.178634
28400.000000 4.037072 206.525131 0.841404 0.183639
28420.000000 4.045326 206.564739 0.824950 0.188453
28440.000000 4.053499 206.605258 0.807595 0.193065
28460.000000 4.061551 206.646642 0.789347 0.197469
28480.000000 4.069439 206.688843 0.770213 0.201656
28500.000000 4.077123 206.731814 0.750205 0.205618
28520.000000 4.084561 206.775505 0.729341 0.209349
28540.000000 4.091711 206.819867 0.707642 0.212840
28560.000000 4.098534 206.864850 0.685131 0.216085
28580.000000 4.104989 206.910402 0.661838 0.219077
28600.000000 4.111037 206.956474 0.637796 0.221811
28620.000000 4.116644 207.003014 0.613044 0.224282
28640.000000 4.121772 207.049971 0.587624 0.226484
28660.000000 4.126392 207.097292 0.561582 0.228414
28680.000000 4.130474 207.144927 0.534970 0.230067
28700.000000 4.133991 207.192824 0.507842 0.231442
28720.000000 4.136923 207.240931 0.480257 0.232536
28740.000000 4.139250 207.289197 0.452277 0.233347
28760.000000 4.140958 207.337572 0.423966 0.233876
28780.000000 4.142037 207.386004 0.395392 0.234121
28800.000000 4.142481 207.434442 0.366625 0.234084
28820.000000 4.142288 207.482838 0.337735 0.233765
28840.000000 4.141461 207.531140 0.308795 0.233167
28860.000000 4.140008 207.579300 0.279877 0.232292
28880.000000 4.137939 207.627269 0.251053 0.231142
28900.000000 4.135271 207.674997 0.222395 0.229721
28920.000000 4.132021 207.722437 0.193974 0.228033
28940.000000 4.128214 207.769540 0.165857 0.226082
28960.000000 4.123874 207.816260 0.138111 0.223872
28980.000000 4.119031 207.862547 0.110799 0.221409
29000.000000 4.113718 207.908356 0.083982 0.218696
29020.000000 4.107968 207.953640 0.057716 0.215741
29040.000000 4.101817 207.998352 0.032054 0.212549
29060.000000 4.095303 208.042447 0.007045 0.209125
29080.000000 4.088465 208.085879 -0.017266 0.205476
29100.000000 4.081343 208.128603 -0.040838 0.201610
29120.000000 4.073979 208.170575 -0.063636 0.197532
29140.000000 4.066411 208.211751 -0.085626 0.193249
29160.000000 4.058682 208.252087 -0.106783 0.188770
29180.000000 4.050832 208.291541 -0.127081 0.184101
29200.000000 4.042899 208.330071 -0.146501 0.179249
29220.000000 4.034924 208.367637 -0.165026 0.174224
29240.000000 4.026942 208.404198 -0.182646 0.169031
29260.000000 4.018992 208.439716 -0.199349 0.163679
29280.000000 4.011108 208.474152 -0.215131 0.158176
29300.000000 4.003324 208.507469 -0.229987 0.152530
29320.000000 3.995670 208.539634 -0.243916 0.146748
29340.000000 3.988177 208.570610 -0.256921 0.140838
29360.000000 3.980874 208.600365 -0.269005 0.134808
29380.000000 3.973787 208.628868 -0.280172 0.128665
29400.000000 3.966939 208.656089 -0.290429 0.122417
29420.000000 3.960355 208.681999 -0.299783 0.116072
29440.000000 3.954056 208.706572 -0.308244 0.109637
29460.000000 3.948059 208.729782 -0.315821 0.103119
29480.000000 3.942383 208.751606 -0.322523 0.096526
29500.000000 3.937044 208.772021 -0.328362 0.089865
29520.000000 3.932055 208.791009 -0.333346 0.083142
29540.000000 3.927430 208.808551 -0.337488 0.076366
29560.000000 3.923178 208.824629 -0.340797 0.069544
29580.000000 3.919310 208.839231 -0.343282 0.062681
29600.000000 3.915833 208.852343 -0.344954 0.055785
29620.000000 3.912753 208.863955 -0.345821 0.048864
29640.000000 3.910076 208.874058 -0.345893 0.041924
29660.000000 3.907804 208.882646 -0.345175 0.034972
29680.000000 3.905941 208.889714 -0.343676 0.028015
29700.000000 3.904486 208.895258 -0.341402 0.021060
29720.000000 3.903439 208.899280 -0.338358 0.014115
29740.000000 3.902798 208.901780 -0.334548 0.007186
29760.000000 3.902559 208.902762 -0.329977 0.000280
29780.000000 3.902718 208.902231 -0.324647 -0.006595
29800.000000 3.903267 208.900197 -0.318561 -0.013431
29820.000000 3.904200 208.896667 -0.311721 -0.020222
29840.000000 3.905506 208.891656 -0.304126 -0.026959
29860.000000 3.907176 208.885176 -0.295779 -0.033635
29880.000000 3.909196 208.877244 -0.286679 -0.040242
29900.000000 3.911553 208.867879 -0.276827 -0.046772
29920.000000 3.914232 208.857101 -0.266221 -0.053217
29940.000000 3.917214 208.844932 -0.254862 -0.059568
29960.000000 3.920482 208.831398 -0.242751 -0.065818
29980.000000 3.924014 208.816524 -0.229886 -0.071958
30000.000000 3.927790 208.800339 -0.216271 -0.077979
30020.000000 3.931785 208.782874 -0.201907 -0.083873
30040.000000 3.935974 208.764162 -0.186796 -0.089630
30060.000000 3.940330 208.744236 -0.170943 -0.095243
30080.000000 3.944825 208.723133 -0.154355 -0.100701
30100.000000 3.949430 208.700890 -0.137038 -0.105996
30120.000000 3.954114 208.677548 -0.119002 -0.111120
30140.000000 3.958843 208.653147 -0.100260 -0.116063
30160.000000 3.963587 208.627730 -0.080825 -0.120816
30180.000000 3.968310 208.601342 -0.060714 -0.125371
30200.000000 3.972978 208.574028 -0.039948 -0.129719
30220.000000 3.977557 208.545836 -0.018549 -0.133851
30240.000000 3.982012 208.516813 0.003458 -0.137759
30260.000000 3.986309 208.487010 0.026042 -0.141436
30280.000000 3.990413 208.456476 0.049172 -0.144873
30300.000000 3.994291 208.425265 0.072813 -0.148062
30320.000000 3.997911 208.393429 0.096926 -0.150997
30340.000000 4.001243 208.361021 0.121468 -0.153670
30360.000000 4.004259 208.328096 0.146396 -0.156076
30380.000000 4.006930 208.294710 0.171661 -0.158208
30400.000000 4.009235 208.260919 0.197215 -0.160060
30420.000000 4.011151 208.226780 0.223005 -0.161628
30440.000000 4.012661 208.192350 0.248978 -0.162908
30460.000000 4.013750 208.157687 0.275077 -0.163895
30480.000000 4.014406 208.122851 0.301247 -0.164587
30500.000000 4.014622 208.087900 0.327432 -0.164980
30520.000000 4.014394 208.052894 0.353574 -0.165073
30540.000000 4.013723 208.017892 0.379617 -0.164864
30560.000000 4.012611 207.982954 0.405505 -0.164354
30580.000000 4.011068 207.948141 0.431183 -0.163543
30600.000000 4.009104 207.913513 0.456601 -0.162432
30620.000000 4.006735 207.879130 0.481705 -0.161022
30640.000000 4.003978 207.845053 0.506450 -0.159316
30660.000000 4.000857 207.811341 0.530788 -0.157318
30680.000000 3.997394 207.778054 0.554679 -0.155032
30700.000000 3.993619 207.745252 0.578084 -0.152462
30720.000000 3.989559 207.712992 0.600965 -0.149615
30740.000000 3.985246 207.681334 0.623293 -0.146496
30760.000000 3.980714 207.650334 0.645038 -0.143111
30780.000000 3.975996 207.620049 0.666175 -0.139469
30800.000000 3.971128 207.590534 0.686683 -0.135576
30820.000000 3.966145 207.561845 0.706544 -0.131441
30840.000000 3.961083 207.534033 0.725744 -0.127073
30860.000000 3.955978 207.507150 0.744270 -0.122480
30880.000000 3.950866 207.481248 0.762115 -0.117672
30900.000000 3.945782 207.456375 0.779273 -0.112657
30920.000000 3.940759 207.432578 0.795739 -0.107445
30940.000000 3.935831 207.409902 0.811513 -0.102046
30960.000000 3.931029 207.388392 0.826595 -0.096469
30980.000000 3.926385 207.368088 0.840988 -0.090724
31000.000000 3.921927 207.349032 0.854694 -0.084821
31020.000000 3.917683 207.331261 0.867719 -0.078769
31040.000000 3.913679 207.314810 0.880068 -0.072578
31060.000000 3.909940 207.299714 0.891747 -0.066257
31080.000000 3.906488 207.286003 0.902763 -0.059817
31100.000000 3.903344 207.273708 0.913121 -0.053266
31120.000000 3.900527 207.262854 0.922829 -0.046613
31140.000000 3.898055 207.253467 0.931892 -0.039869
31160.000000 3.895944 207.245568 0.940317 -0.033041
31180.000000 3.894208 207.239179 0.948107 -0.026140
31200.000000 3.892860 207.234316 0.955268 -0.019173
31220.000000 3.891909 207.230995 0.961802 -0.012149
31240.000000 3.891367 207.229229 0.967712 -0.005077
31260.000000 3.891239 207.229028 0.972999 0.002034
31280.000000 3.891533 207.230400 0.977663 0.009177
31300.000000 3.892253 207.233351 0.981703 0.016342
31320.000000 3.893402 207.237884 0.985116 0.023522
31340.000000 3.894980 207.244000 0.987898 0.030709
31360.000000 3.896990 207.251698 0.990045 0.037894
31380.000000 3.899428 207.260975 0.991550 0.045070
31400.000000 3.902292 207.271824 0.992406 0.052229
31420.000000 3.905577 207.284236 0.992603 0.059363
31440.000000 3.909278 207.298202 0.992132 0.066463
31460.000000 3.913386 207.313709 0.990981 0.073523
31480.000000 3.917893 207.330742 0.989138 0.080534
31500.000000 3.922788 207.349284 0.986591 0.087489
31520.000000 3.928058 207.369316 0.983325 0.094380
31540.000000 3.933691 207.390817 0.979326 0.101199
31560.000000 3.939670 207.413764 0.974579 0.107938
31580.000000 3.945979 207.438132 0.969069 0.114589
31600.000000 3.952597 207.463895 0.962779 0.121145
31620.000000 3.959506 207.491023 0.955695 0.127597
31640.000000 3.966683 207.519486 0.947800 0.133938
31660.000000 3.974102 207.549252 0.939080 0.140159
31680.000000 3.981740 207.580287 0.929520 0.146252
31700.000000 3.989567 207.612556 0.919108 0.152210
31720.000000 3.997555 207.646023 0.907829 0.158023
31740.000000 4.005673 207.680648 0.895674 0.163684
31760.000000 4.013887 207.716392 0.882633 0.169183
31780.000000 4.022163 207.753214 0.868698 0.174514
31800.000000 4.030465 207.791072 0.853864 0.179667
31820.000000 4.038756 207.829921 0.838129 0.184635
31840.000000 4.046997 207.869719 0.821491 0.189408
31860.000000 4.055149 207.910418 0.803954 0.193979
31880.000000 4.063170 207.951972 0.785525 0.198339
31900.000000 4.071020 207.994334 0.766211 0.202481
31920.000000 4.078658 208.037455 0.746028 0.206397
31940.000000 4.086040 208.081286 0.724993 0.210079
31960.000000 4.093127 208.125779 0.703126 0.213520
31980.000000 4.099878 208.170881 0.680453 0.216714
