0.000000 3.998746 196.004467 0.627999 -0.711750
20.000000 3.974231 195.851894 0.717033 -0.709841
40.000000 3.943971 195.698610 0.800493 -0.707397
60.000000 3.908727 195.544505 0.877754 -0.704450
80.000000 3.869309 195.389490 0.948373 -0.701037
100.000000 3.826529 195.233499 1.012077 -0.697197
120.000000 3.781160 195.076488 1.068749 -0.692973
140.000000 3.733909 194.918432 1.118402 -0.688401
160.000000 3.685402 194.759327 1.161158 -0.683519
180.000000 3.636175 194.599185 1.197226 -0.678362
200.000000 3.586679 194.438031 1.226877 -0.672960
220.000000 3.537285 194.275903 1.250428 -0.667342
240.000000 3.488296 194.112849 1.268224 -0.661536
260.000000 3.439954 193.948924 1.280626 -0.655565
280.000000 3.392456 193.784189 1.287993 -0.649454
300.000000 3.345956 193.618709 1.290685 -0.643222
320.000000 3.300578 193.452555 1.289047 -0.636891
340.000000 3.256419 193.285797 1.283413 -0.630480
360.000000 3.213554 193.118508 1.274099 -0.624008
380.000000 3.172044 192.950764 1.261403 -0.617494
400.000000 3.131933 192.782639 1.245606 -0.610955
420.000000 3.093255 192.614207 1.226973 -0.604409
440.000000 3.056033 192.445541 1.205749 -0.597875
460.000000 3.020283 192.276713 1.182167 -0.591370
480.000000 2.986014 192.107793 1.156441 -0.584911
500.000000 2.953230 191.938847 1.128775 -0.578516
520.000000 2.921930 191.769939 1.099355 -0.572204
540.000000 2.892108 191.601130 1.068357 -0.565992
560.000000 2.863756 191.432474 1.035944 -0.559898
580.000000 2.836863 191.264023 1.002267 -0.553938
600.000000 2.811414 191.095822 0.967467 -0.548131
620.000000 2.787394 190.927912 0.931672 -0.542493
640.000000 2.764784 190.760327 0.895003 -0.537041
660.000000 2.743565 190.593097 0.857566 -0.531790
680.000000 2.723715 190.426244 0.819463 -0.526756
700.000000 2.705213 190.259785 0.780783 -0.521952
720.000000 2.688034 190.093731 0.741608 -0.517394
740.000000 2.672156 189.928086 0.702012 -0.513092
760.000000 2.657553 189.762850 0.662062 -0.509059
780.000000 2.644201 189.598015 0.621817 -0.505305
800.000000 2.632075 189.433569 0.581332 -0.501840
820.000000 2.621151 189.269495 0.540653 -0.498672
840.000000 2.611405 189.105769 0.499826 -0.495808
860.000000 2.602814 188.942367 0.458887 -0.493254
880.000000 2.595354 188.779256 0.417874 -0.491015
900.000000 2.589006 188.616404 0.376819 -0.489095
920.000000 2.583748 188.453773 0.335751 -0.487496
940.000000 2.579563 188.291323 0.294698 -0.486220
960.000000 2.576433 188.129013 0.253686 -0.485268
980.000000 2.574342 187.966801 0.212742 -0.484639
1000.000000 2.573277 187.804643 0.171889 -0.484332
1020.000000 2.573226 187.642494 0.131153 -0.484344
1040.000000 2.574177 187.480311 0.090557 -0.484672
1060.000000 2.576122 187.318051 0.050126 -0.485312
1080.000000 2.579053 187.155672 0.009886 -0.486258
1100.000000 2.582964 186.993133 -0.030136 -0.487506
1120.000000 2.587849 186.830397 -0.069913 -0.489047
1140.000000 2.593705 186.667428 -0.109415 -0.490875
1160.000000 2.600530 186.504192 -0.148611 -0.492981
1180.000000 2.608320 186.340661 -0.187467 -0.495357
1200.000000 2.617075 186.176807 -0.225947 -0.497992
1220.000000 2.626794 186.012610 -0.264014 -0.500878
1240.000000 2.637475 185.848049 -0.301624 -0.504002
1260.000000 2.649119 185.683112 -0.338735 -0.507354
1280.000000 2.661724 185.517789 -0.375298 -0.510921
1300.000000 2.675289 185.352073 -0.411262 -0.514693
1320.000000 2.689815 185.185964 -0.446570 -0.518656
1340.000000 2.705299 185.019464 -0.481164 -0.522798
1360.000000 2.721741 184.852583 -0.514979 -0.527106
1380.000000 2.739140 184.685331 -0.547948 -0.531567
1400.000000 2.757493 184.517724 -0.579998 -0.536169
1420.000000 2.776801 184.349784 -0.611051 -0.540899
1440.000000 2.797063 184.181533 -0.641024 -0.545744
1460.000000 2.818280 184.012999 -0.669831 -0.550694
1480.000000 2.840454 183.844214 -0.697379 -0.555737
1500.000000 2.863589 183.675211 -0.723569 -0.560862
1520.000000 2.887690 183.506029 -0.748297 -0.566060
1540.000000 2.912766 183.336707 -0.771455 -0.571320
1560.000000 2.938829 183.167288 -0.792926 -0.576634
1580.000000 2.965893 182.997817 -0.812586 -0.581996
1600.000000 2.993978 182.828342 -0.830305 -0.587397
1620.000000 3.023105 182.658914 -0.845942 -0.592831
1640.000000 3.053302 182.489583 -0.859350 -0.598294
1660.000000 3.084598 182.320405 -0.870368 -0.603779
1680.000000 3.117029 182.151435 -0.878826 -0.609282
1700.000000 3.150631 181.982732 -0.884537 -0.614799
1720.000000 3.185444 181.814355 -0.887304 -0.620325
1740.000000 3.221506 181.646368 -0.886911 -0.625856
1760.000000 3.258856 181.478834 -0.883126 -0.631386
1780.000000 3.297524 181.311819 -0.875698 -0.636908
1800.000000 3.337532 181.145390 -0.864359 -0.642416
1820.000000 3.378887 180.979617 -0.848824 -0.647900
1840.000000 3.421571 180.814567 -0.828791 -0.653348
1860.000000 3.465535 180.650310 -0.803944 -0.658747
1880.000000 3.510685 180.486912 -0.773965 -0.664078
1900.000000 3.556871 180.324436 -0.738533 -0.669320
1920.000000 3.603874 180.162941 -0.697343 -0.674450
1940.000000 3.651385 180.002473 -0.650118 -0.679437
1960.000000 3.699003 179.843071 -0.596627 -0.684249
1980.000000 3.746216 179.684756 -0.536710 -0.688848
2000.000000 3.792403 179.527530 -0.470304 -0.693194
2020.000000 3.836843 179.371374 -0.397466 -0.697242
2040.000000 3.878727 179.216246 -0.318406 -0.700950
2060.000000 3.917193 179.062075 -0.233508 -0.704272
2080.000000 3.951362 178.908765 -0.143351 -0.707167
2100.000000 3.980387 178.756196 -0.048715 -0.709597
2120.000000 4.003502 178.604221 0.049426 -0.711528
2140.000000 4.020065 178.452677 0.149930 -0.712932
2160.000000 4.029604 178.301387 0.251533 -0.713787
2180.000000 4.031839 178.150167 0.352907 -0.714076
2200.000000 4.026709 177.998833 0.452729 -0.713787
2220.000000 4.014369 177.847209 0.549746 -0.712918
2240.000000 3.995179 177.695130 0.642827 -0.711477
2260.000000 3.969681 177.542450 0.731005 -0.709479
2280.000000 3.938557 177.389039 0.813495 -0.706951
2300.000000 3.902579 177.234791 0.889701 -0.703925
2320.000000 3.862559 177.079622 0.959209 -0.700440
2340.000000 3.819307 176.923467 1.021774 -0.696536
2360.000000 3.773585 176.766287 1.077301 -0.692252
2380.000000 3.726090 176.608061 1.125821 -0.687627
2400.000000 3.677431 176.448786 1.167473 -0.682698
2420.000000 3.628132 176.288477 1.202477 -0.677499
2440.000000 3.578629 176.127162 1.231114 -0.672060
2460.000000 3.529283 175.964880 1.253705 -0.666410
2480.000000 3.480383 175.801680 1.270599 -0.660575
2500.000000 3.432167 175.637619 1.282157 -0.654580
2520.000000 3.384822 175.472759 1.288740 -0.648448
2540.000000 3.338497 175.307164 1.290704 -0.642199
2560.000000 3.293311 175.140907 1.288395 -0.635853
2580.000000 3.249357 174.974057 1.282141 -0.629431
2600.000000 3.206710 174.806690 1.272256 -0.622951
2620.000000 3.165424 174.638879 1.259037 -0.616432
2640.000000 3.125544 174.470698 1.242762 -0.609890
2660.000000 3.087101 174.302223 1.223691 -0.603345
2680.000000 3.050118 174.133526 1.202068 -0.596814
2700.000000 3.014608 173.964678 1.178123 -0.590315
2720.000000 2.980581 173.795750 1.152069 -0.583866
2740.000000 2.948039 173.626806 1.124104 -0.577484
2760.000000 2.916979 173.457910 1.094416 -0.571187
2780.000000 2.887397 173.289122 1.063177 -0.564993
2800.000000 2.859283 173.120496 1.030549 -0.558919
2820.000000 2.832626 172.952083 0.996680 -0.552983
2840.000000 2.807411 172.783926 0.961710 -0.547202
2860.000000 2.783621 172.616067 0.925765 -0.541593
2880.000000 2.761239 172.448538 0.888963 -0.536173
2900.000000 2.740244 172.281368 0.851412 -0.530956
2920.000000 2.720615 172.114578 0.813209 -0.525958
2940.000000 2.702329 171.948184 0.774443 -0.521194
2960.000000 2.685364 171.782197 0.735195 -0.516676
2980.000000 2.669694 171.616619 0.695537 -0.512417
3000.000000 2.655297 171.451448 0.655535 -0.508429
3020.000000 2.642146 171.286678 0.615248 -0.504722
3040.000000 2.630217 171.122294 0.574728 -0.501304
3060.000000 2.619487 170.958278 0.534022 -0.498185
3080.000000 2.609930 170.794607 0.493174 -0.495371
3100.000000 2.601524 170.631254 0.452221 -0.492868
3120.000000 2.594247 170.468188 0.411199 -0.490681
3140.000000 2.588077 170.305374 0.370139 -0.488813
3160.000000 2.582995 170.142775 0.329072 -0.487266
3180.000000 2.578982 169.980351 0.288024 -0.486043
3200.000000 2.576022 169.818060 0.247022 -0.485144
3220.000000 2.574099 169.655860 0.206091 -0.484567
3240.000000 2.573200 169.493706 0.165255 -0.484312
3260.000000 2.573313 169.331554 0.124540 -0.484376
3280.000000 2.574426 169.169362 0.083969 -0.484755
3300.000000 2.576532 169.007085 0.043567 -0.485445
3320.000000 2.579622 168.844683 0.003361 -0.486441
3340.000000 2.583692 168.682115 -0.036623 -0.487736
3360.000000 2.588735 168.519343 -0.076357 -0.489325
3380.000000 2.594749 168.356332 -0.115812 -0.491199
3400.000000 2.601731 168.193051 -0.154955 -0.493349
3420.000000 2.609679 168.029468 -0.193752 -0.495768
3440.000000 2.618590 167.865560 -0.232168 -0.498445
3460.000000 2.628466 167.701305 -0.270163 -0.501370
3480.000000 2.639303 167.536684 -0.307695 -0.504532
3500.000000 2.651103 167.371685 -0.344721 -0.507920
3520.000000 2.663865 167.206298 -0.381190 -0.511521
3540.000000 2.677587 167.040518 -0.417050 -0.515325
3560.000000 2.692268 166.874345 -0.452247 -0.519318
3580.000000 2.707908 166.707783 -0.486718 -0.523488
3600.000000 2.724506 166.540840 -0.520401 -0.527821
3620.000000 2.742060 166.373529 -0.553225 -0.532306
3640.000000 2.760569 166.205867 -0.585118 -0.536930
3660.000000 2.780032 166.037874 -0.616001 -0.541679
3680.000000 2.800449 165.869575 -0.645791 -0.546543
3700.000000 2.821821 165.700998 -0.674400 -0.551509
3720.000000 2.844151 165.532176 -0.701733 -0.556565
3740.000000 2.867443 165.363141 -0.727693 -0.561703
3760.000000 2.891702 165.193933 -0.752174 -0.566911
3780.000000 2.916938 165.024592 -0.775065 -0.572181
3800.000000 2.943162 164.855161 -0.796250 -0.577503
3820.000000 2.970391 164.685687 -0.815604 -0.582872
3840.000000 2.998643 164.516216 -0.832993 -0.588279
3860.000000 3.027943 164.346800 -0.848279 -0.593718
3880.000000 3.058316 164.177490 -0.861309 -0.599184
3900.000000 3.089794 164.008342 -0.871923 -0.604673
3920.000000 3.122413 163.839412 -0.879947 -0.610179
3940.000000 3.156210 163.670757 -0.885193 -0.615697
3960.000000 3.191223 163.502440 -0.887461 -0.621225
3980.000000 3.227492 163.334522 -0.886533 -0.626756
4000.000000 3.265054 163.167068 -0.882172 -0.632285
4020.000000 3.303939 163.000144 -0.874127 -0.637805
4040.000000 3.344167 162.833817 -0.862126 -0.643310
4060.000000 3.385740 162.668156 -0.845880 -0.648789
4080.000000 3.428636 162.503231 -0.825086 -0.654230
4100.000000 3.472800 162.339109 -0.799427 -0.659619
4120.000000 3.518131 162.175857 -0.768582 -0.664937
4140.000000 3.564467 162.013537 -0.732234 -0.670163
4160.000000 3.611576 161.852206 -0.690080 -0.675272
4180.000000 3.659135 161.691909 -0.641850 -0.680233
4200.000000 3.706724 161.532683 -0.587322 -0.685013
4220.000000 3.753816 161.374545 -0.526352 -0.689573
4240.000000 3.799771 161.217495 -0.458892 -0.693873
4260.000000 3.843851 161.061510 -0.385023 -0.697870
4280.000000 3.885239 160.906543 -0.304983 -0.701517
4300.000000 3.923066 160.752519 -0.219185 -0.704773
4320.000000 3.956455 160.599339 -0.128241 -0.707595
4340.000000 3.984568 160.446876 -0.032964 -0.709945
4360.000000 4.006657 160.294983 0.065643 -0.711793
4380.000000 4.022105 160.143493 0.166415 -0.713109
4400.000000 4.030469 159.992227 0.268071 -0.713873
4420.000000 4.031505 159.841001 0.369282 -0.714068
4440.000000 4.025186 159.689632 0.468731 -0.713685
4460.000000 4.011702 159.537944 0.565180 -0.712723
4480.000000 3.991445 159.385777 0.657525 -0.711189
4500.000000 3.964983 159.232986 0.744827 -0.709103
4520.000000 3.933015 159.079446 0.826331 -0.706492
4540.000000 3.896323 158.925054 0.901471 -0.703389
4560.000000 3.855724 158.769728 0.969862 -0.699833
4580.000000 3.812019 158.613409 1.031285 -0.695864
4600.000000 3.765964 158.456059 1.085667 -0.691522
4620.000000 3.718240 158.297662 1.133058 -0.686845
4640.000000 3.669444 158.138218 1.173612 -0.681870
4660.000000 3.620085 157.977743 1.207560 -0.676630
4680.000000 3.570584 157.816267 1.235190 -0.671155
4700.000000 3.521292 157.653833 1.256831 -0.665473
4720.000000 3.472489 157.490489 1.272833 -0.659611
4740.000000 3.424403 157.326293 1.283557 -0.653592
4760.000000 3.377214 157.161309 1.289365 -0.647439
4780.000000 3.331067 156.995602 1.290611 -0.641173
4800.000000 3.286076 156.829243 1.287638 -0.634814
4820.000000 3.242330 156.662304 1.280772 -0.628381
4840.000000 3.199901 156.494860 1.270326 -0.621893
4860.000000 3.158841 156.326983 1.256591 -0.615369
4880.000000 3.119193 156.158750 1.239844 -0.608826
4900.000000 3.080986 155.990234 1.220342 -0.602282
4920.000000 3.044242 155.821507 1.198326 -0.595755
4940.000000 3.008973 155.652642 1.174024 -0.589263
4960.000000 2.975187 155.483706 1.147646 -0.582823
4980.000000 2.942886 155.314766 1.119388 -0.576453
5000.000000 2.912068 155.145884 1.089437 -0.570172
5020.000000 2.882725 154.977119 1.057961 -0.563996
5040.000000 2.854849 154.808524 1.025121 -0.557944
5060.000000 2.828427 154.640149 0.991064 -0.552032
5080.000000 2.803445 154.472039 0.955927 -0.546278
5100.000000 2.779886 154.304231 0.919835 -0.540699
5120.000000 2.757730 154.136759 0.882904 -0.535310
5140.000000 2.736959 153.969649 0.845240 -0.530128
5160.000000 2.717550 153.802923 0.806940 -0.525167
5180.000000 2.699480 153.636595 0.768090 -0.520442
5200.000000 2.682728 153.470674 0.728771 -0.515966
5220.000000 2.667267 153.305162 0.689053 -0.511750
5240.000000 2.653074 153.140058 0.649001 -0.507807
5260.000000 2.640123 152.975351 0.608672 -0.504146
5280.000000 2.628391 152.811028 0.568119 -0.500777
5300.000000 2.617853 152.647070 0.527387 -0.497707
5320.000000 2.608485 152.483453 0.486519 -0.494943
5340.000000 2.600264 152.320149 0.445553 -0.492491
5360.000000 2.593168 152.157126 0.404523 -0.490355
5380.000000 2.587177 151.994350 0.363460 -0.488539
5400.000000 2.582270 151.831782 0.322394 -0.487045
5420.000000 2.578430 151.669382 0.281352 -0.485875
5440.000000 2.575639 151.507109 0.240359 -0.485028
5460.000000 2.573884 151.344919 0.199442 -0.484504
5480.000000 2.573150 151.182769 0.158625 -0.484301
5500.000000 2.573426 151.020614 0.117931 -0.484416
5520.000000 2.574701 150.858411 0.077386 -0.484846
5540.000000 2.576968 150.696116 0.037014 -0.485586
5560.000000 2.580218 150.533690 -0.003158 -0.486631
5580.000000 2.584446 150.371091 -0.043103 -0.487975
5600.000000 2.589648 150.208283 -0.082794 -0.489610
5620.000000 2.595819 150.045230 -0.122200 -0.491530
5640.000000 2.602958 149.881901 -0.161289 -0.493725
5660.000000 2.611062 149.718268 -0.200027 -0.496186
5680.000000 2.620131 149.554305 -0.238377 -0.498904
5700.000000 2.630163 149.389991 -0.276300 -0.501868
5720.000000 2.641157 149.225309 -0.313753 -0.505068
5740.000000 2.653113 149.060247 -0.350691 -0.508491
5760.000000 2.666031 148.894797 -0.387065 -0.512127
5780.000000 2.679909 148.728953 -0.422821 -0.515962
5800.000000 2.694747 148.562716 -0.457904 -0.519984
5820.000000 2.710543 148.396091 -0.492252 -0.524182
5840.000000 2.727296 148.229088 -0.525800 -0.528541
5860.000000 2.745005 148.061718 -0.558478 -0.533049
5880.000000 2.763669 147.894001 -0.590212 -0.537694
5900.000000 2.783287 147.725956 -0.620923 -0.542463
5920.000000 2.803860 147.557610 -0.650527 -0.547344
5940.000000 2.825388 147.388991 -0.678935 -0.552325
5960.000000 2.847874 147.220132 -0.706052 -0.557396
5980.000000 2.871322 147.051066 -0.731778 -0.562545
6000.000000 2.895739 146.881834 -0.756008 -0.567764
6020.000000 2.921135 146.712475 -0.778630 -0.573043
6040.000000 2.947522 146.543034 -0.799526 -0.578374
6060.000000 2.974916 146.373557 -0.818569 -0.583749
6080.000000 3.003337 146.204092 -0.835627 -0.589161
6100.000000 3.032809 146.034689 -0.850556 -0.594605
6120.000000 3.063359 145.865402 -0.863204 -0.600076
6140.000000 3.095021 145.696285 -0.873409 -0.605567
6160.000000 3.127829 145.527396 -0.880994 -0.611076
6180.000000 3.161820 145.358792 -0.885771 -0.616596
6200.000000 3.197035 145.190535 -0.887534 -0.622124
6220.000000 3.233513 145.022688 -0.886064 -0.627655
6240.000000 3.271288 144.855316 -0.881122 -0.633183
6260.000000 3.310390 144.688484 -0.872452 -0.638702
6280.000000 3.350837 144.522261 -0.859781 -0.644203
6300.000000 3.392627 144.356715 -0.842816 -0.649677
6320.000000 3.435735 144.191916 -0.821252 -0.655111
6340.000000 3.480097 144.027931 -0.794772 -0.660489
6360.000000 3.525604 143.864827 -0.763053 -0.665794
6380.000000 3.572084 143.702664 -0.725781 -0.671003
6400.000000 3.619290 143.541498 -0.682656 -0.676089
6420.000000 3.666886 143.381374 -0.633415 -0.681024
6440.000000 3.714433 143.222323 -0.577847 -0.685770
6460.000000 3.761385 143.064363 -0.515822 -0.690292
6480.000000 3.807088 142.907488 -0.447310 -0.694545
6500.000000 3.850789 142.751673 -0.372417 -0.698488
6520.000000 3.891657 142.596865 -0.291407 -0.702075
6540.000000 3.928821 142.442986 -0.204725 -0.705262
6560.000000 3.961407 142.289932 -0.113016 -0.708010
6580.000000 3.988589 142.137572 -0.017124 -0.710281
6600.000000 4.009635 141.985757 0.081918 -0.712044
6620.000000 4.023957 141.834315 0.182923 -0.713272
6640.000000 4.031140 141.683068 0.284598 -0.713944
6660.000000 4.030976 141.531831 0.385610 -0.714045
6680.000000 4.023473 141.380422 0.484653 -0.713568
6700.000000 4.008855 141.228667 0.580506 -0.712512
6720.000000 3.987547 141.076408 0.672090 -0.710887
6740.000000 3.960139 140.923503 0.758495 -0.708713
6760.000000 3.927348 140.769831 0.838997 -0.706019
6780.000000 3.889965 140.615291 0.913061 -0.702840
6800.000000 3.848806 140.459807 0.980330 -0.699214
6820.000000 3.804670 140.303323 1.040609 -0.695182
6840.000000 3.758299 140.145804 1.093848 -0.690783
6860.000000 3.710363 139.987236 1.140115 -0.686056
6880.000000 3.661443 139.827622 1.179577 -0.681035
6900.000000 3.612033 139.666982 1.212476 -0.675754
6920.000000 3.562545 139.505348 1.239109 -0.670244
6940.000000 3.513315 139.342761 1.259808 -0.664531
6960.000000 3.464615 139.179275 1.274927 -0.658642
6980.000000 3.416663 139.014947 1.284827 -0.652600
7000.000000 3.369635 138.849840 1.289869 -0.646427
7020.000000 3.323668 138.684022 1.290406 -0.640144
7040.000000 3.278874 138.517564 1.286778 -0.633772
7060.000000 3.235338 138.350538 1.279309 -0.627329
7080.000000 3.193128 138.183018 1.268309 -0.620834
7100.000000 3.152296 138.015079 1.254066 -0.614305
7120.000000 3.112880 137.846794 1.236853 -0.607761
7140.000000 3.074910 137.678239 1.216926 -0.601219
7160.000000 3.038405 137.509485 1.194524 -0.594696
7180.000000 3.003377 137.340604 1.169870 -0.588211
7200.000000 2.969832 137.171663 1.143173 -0.581782
7220.000000 2.937773 137.002728 1.114628 -0.575425
7240.000000 2.907195 136.833861 1.084417 -0.569160
7260.000000 2.878092 136.665120 1.052709 -0.563003
7280.000000 2.850453 136.496558 1.019661 -0.556972
7300.000000 2.824267 136.328223 0.985419 -0.551085
7320.000000 2.799517 136.160160 0.950118 -0.545358
7340.000000 2.776187 135.992404 0.913883 -0.539809
7360.000000 2.754258 135.824989 0.876826 -0.534453
7380.000000 2.733710 135.657941 0.839052 -0.529306
7400.000000 2.714520 135.491278 0.800657 -0.524382
7420.000000 2.696667 135.325016 0.761726 -0.519697
7440.000000 2.680126 135.159161 0.722337 -0.515262
7460.000000 2.664873 134.993717 0.682560 -0.511090
7480.000000 2.650883 134.828677 0.642459 -0.507192
7500.000000 2.638133 134.664034 0.602090 -0.503578
7520.000000 2.626596 134.499772 0.561505 -0.500257
7540.000000 2.616250 134.335871 0.520749 -0.497236
7560.000000 2.607070 134.172307 0.479862 -0.494523
7580.000000 2.599034 134.009051 0.438883 -0.492122
7600.000000 2.592119 133.846071 0.397846 -0.490038
7620.000000 2.586305 133.683331 0.356780 -0.488274
7640.000000 2.581573 133.520793 0.315716 -0.486833
7660.000000 2.577905 133.358417 0.274680 -0.485715
7680.000000 2.575284 133.196161 0.233699 -0.484921
7700.000000 2.573695 133.033980 0.192796 -0.484449
7720.000000 2.573126 132.871832 0.151997 -0.484298
7740.000000 2.573565 132.709672 0.111326 -0.484465
7760.000000 2.575003 132.547457 0.070807 -0.484946
7780.000000 2.577429 132.385144 0.030466 -0.485736
7800.000000 2.580839 132.222692 -0.009671 -0.486830
7820.000000 2.585226 132.060061 -0.049577 -0.488221
7840.000000 2.590585 131.897216 -0.089224 -0.489903
7860.000000 2.596914 131.734120 -0.128580 -0.491868
7880.000000 2.604210 131.570744 -0.167614 -0.494107
7900.000000 2.612472 131.407058 -0.206292 -0.496611
7920.000000 2.621697 131.243039 -0.244575 -0.499370
7940.000000 2.631885 131.078667 -0.282424 -0.502373
7960.000000 2.643036 130.913924 -0.319797 -0.505610
7980.000000 2.655149 130.748800 -0.356647 -0.509068
8000.000000 2.668223 130.583285 -0.392924 -0.512737
8020.000000 2.682257 130.417377 -0.428575 -0.516604
8040.000000 2.697251 130.251077 -0.463542 -0.520656
8060.000000 2.713202 130.084390 -0.497765 -0.524880
8080.000000 2.730111 129.917326 -0.531176 -0.529264
8100.000000 2.747976 129.749898 -0.563706 -0.533796
8120.000000 2.766795 129.582126 -0.595279 -0.538461
8140.000000 2.786568 129.414031 -0.625816 -0.543249
8160.000000 2.807296 129.245638 -0.655231 -0.548147
8180.000000 2.828980 129.076978 -0.683435 -0.553144
8200.000000 2.851622 128.908082 -0.710333 -0.558228
8220.000000 2.875227 128.738987 -0.735824 -0.563390
8240.000000 2.899803 128.569731 -0.759800 -0.568619
8260.000000 2.925359 128.400356 -0.782150 -0.573907
8280.000000 2.951908 128.230906 -0.802753 -0.579245
8300.000000 2.979468 128.061428 -0.821482 -0.584626
8320.000000 3.008058 127.891969 -0.838204 -0.590045
8340.000000 3.037703 127.722582 -0.852772 -0.595493
8360.000000 3.068432 127.553318 -0.865035 -0.600968
8380.000000 3.100278 127.384235 -0.874826 -0.606462
8400.000000 3.133275 127.215388 -0.881967 -0.611973
8420.000000 3.167463 127.046836 -0.886268 -0.617495
8440.000000 3.202881 126.878642 -0.887521 -0.623024
8460.000000 3.239567 126.710867 -0.885503 -0.628555
8480.000000 3.277557 126.543578 -0.879973 -0.634082
8500.000000 3.316877 126.376841 -0.870671 -0.639598
8520.000000 3.357542 126.210723 -0.857322 -0.645096
8540.000000 3.399550 126.045294 -0.839631 -0.650564
8560.000000 3.442867 125.880623 -0.817289 -0.655989
8580.000000 3.487424 125.716777 -0.789978 -0.661357
8600.000000 3.533103 125.553821 -0.757377 -0.666648
8620.000000 3.579720 125.391817 -0.719173 -0.671839
8640.000000 3.627015 125.230818 -0.675070 -0.676903
8660.000000 3.674635 125.070866 -0.624813 -0.681809
8680.000000 3.722126 124.911993 -0.568201 -0.686522
8700.000000 3.768922 124.754210 -0.505119 -0.691003
8720.000000 3.814353 124.597510 -0.435559 -0.695209
8740.000000 3.857651 124.441863 -0.359649 -0.699097
8760.000000 3.897977 124.287212 -0.277680 -0.702621
8780.000000 3.934455 124.133475 -0.190132 -0.705740
8800.000000 3.966217 123.980543 -0.097679 -0.708413
8820.000000 3.992447 123.828283 -0.001200 -0.710603
8840.000000 4.012436 123.676540 0.098245 -0.712280
8860.000000 4.025619 123.525143 0.199449 -0.713419
8880.000000 4.031616 123.373910 0.301107 -0.714000
8900.000000 4.030252 123.222657 0.401886 -0.714007
8920.000000 4.021571 123.071203 0.500490 -0.713435
8940.000000 4.005831 122.919376 0.595718 -0.712286
8960.000000 3.983487 122.767021 0.686517 -0.710570
8980.000000 3.955152 122.613999 0.772006 -0.708310
9000.000000 3.921559 122.460192 0.851493 -0.705534
9020.000000 3.883506 122.305504 0.924472 -0.702280
9040.000000 3.841810 122.149860 0.990613 -0.698585
9060.000000 3.797262 121.993209 1.049747 -0.694490
9080.000000 3.750593 121.835520 1.101844 -0.690035
9100.000000 3.702459 121.676781 1.146990 -0.685258
9120.000000 3.653428 121.516999 1.185367 -0.680193
9140.000000 3.603980 121.356195 1.217226 -0.674873
9160.000000 3.554513 121.194403 1.242870 -0.669328
9180.000000 3.505352 121.031666 1.262638 -0.663585
9200.000000 3.456760 120.868039 1.276883 -0.657669
9220.000000 3.408947 120.703580 1.285968 -0.651604
9240.000000 3.362083 120.538353 1.290254 -0.645412
9260.000000 3.316301 120.372426 1.290090 -0.639113
9280.000000 3.271706 120.205870 1.285816 -0.632728
9300.000000 3.228381 120.038759 1.277753 -0.626276
9320.000000 3.186392 119.871166 1.266206 -0.619774
9340.000000 3.145788 119.703165 1.251462 -0.613242
9360.000000 3.106606 119.534831 1.233790 -0.606696
9380.000000 3.068873 119.366239 1.213445 -0.600156
9400.000000 3.032607 119.197460 1.190662 -0.593638
9420.000000 2.997820 119.028564 1.165661 -0.587161
9440.000000 2.964517 118.859620 1.138651 -0.580742
9460.000000 2.932699 118.690692 1.109823 -0.574400
9480.000000 2.902361 118.521842 1.079357 -0.568151
9500.000000 2.873497 118.353126 1.047421 -0.562013
9520.000000 2.846096 118.184598 1.014169 -0.556004
9540.000000 2.820144 118.016304 0.979747 -0.550142
9560.000000 2.795626 117.848288 0.944286 -0.544443
9580.000000 2.772526 117.680586 0.907909 -0.538924
9600.000000 2.750823 117.513229 0.870728 -0.533601
9620.000000 2.730497 117.346242 0.832847 -0.528489
9640.000000 2.711526 117.179644 0.794359 -0.523604
9660.000000 2.693888 117.013448 0.755348 -0.518958
9680.000000 2.677558 116.847660 0.715892 -0.514565
9700.000000 2.662512 116.682282 0.676058 -0.510437
9720.000000 2.648726 116.517308 0.635910 -0.506585
9740.000000 2.636174 116.352728 0.595503 -0.503018
9760.000000 2.624833 116.188526 0.554887 -0.499745
9780.000000 2.614678 116.024681 0.514107 -0.496774
9800.000000 2.605686 115.861169 0.473203 -0.494111
9820.000000 2.597833 115.697960 0.432212 -0.491761
9840.000000 2.591099 115.535022 0.391168 -0.489729
9860.000000 2.585462 115.372318 0.350101 -0.488018
9880.000000 2.580904 115.209809 0.309040 -0.486629
9900.000000 2.577408 115.047455 0.268011 -0.485564
9920.000000 2.574955 114.885214 0.227040 -0.484822
9940.000000 2.573534 114.723042 0.186153 -0.484403
9960.000000 2.573129 114.560895 0.145373 -0.484304
9980.000000 2.573731 114.398729 0.104725 -0.484522
10000.000000 2.575330 114.236501 0.064233 -0.485053
10020.000000 2.577917 114.074168 0.023924 -0.485893
10040.000000 2.581486 113.911689 -0.016178 -0.487036
10060.000000 2.586031 113.749026 -0.056044 -0.488475
10080.000000 2.591549 113.586142 -0.095645 -0.490204
10100.000000 2.598035 113.423003 -0.134951 -0.492214
10120.000000 2.605488 113.259578 -0.173930 -0.494497
10140.000000 2.613907 113.095840 -0.212546 -0.497042
10160.000000 2.623288 112.931765 -0.250761 -0.499842
10180.000000 2.633633 112.767333 -0.288536 -0.502884
10200.000000 2.644941 112.602529 -0.325827 -0.506157
10220.000000 2.657210 112.437342 -0.362587 -0.509651
10240.000000 2.670440 112.271763 -0.398766 -0.513353
10260.000000 2.684630 112.105791 -0.434310 -0.517250
10280.000000 2.699780 111.939428 -0.469161 -0.521331
10300.000000 2.715887 111.772678 -0.503256 -0.525582
10320.000000 2.732952 111.605554 -0.536528 -0.529992
10340.000000 2.750971 111.438069 -0.568908 -0.534546
10360.000000 2.769946 111.270243 -0.600318 -0.539232
10380.000000 2.789875 111.102098 -0.630679 -0.544039
10400.000000 2.810758 110.933660 -0.659903 -0.548954
10420.000000 2.832597 110.764959 -0.687902 -0.553965
10440.000000 2.855395 110.596028 -0.714578 -0.559063
10460.000000 2.879158 110.426904 -0.739829 -0.564236
10480.000000 2.903892 110.257626 -0.763549 -0.569475
10500.000000 2.929609 110.088235 -0.785623 -0.574772
10520.000000 2.956321 109.918777 -0.805930 -0.580117
10540.000000 2.984047 109.749299 -0.824342 -0.585505
10560.000000 3.012807 109.579848 -0.840724 -0.590929
10580.000000 3.042626 109.410477 -0.854928 -0.596382
10600.000000 3.073535 109.241240 -0.866800 -0.601860
10620.000000 3.105565 109.072190 -0.876173 -0.607357
10640.000000 3.138754 108.903387 -0.882866 -0.612870
10660.000000 3.173139 108.734890 -0.886685 -0.618394
10680.000000 3.208760 108.566759 -0.887422 -0.623923
10700.000000 3.245656 108.399059 -0.884849 -0.629454
10720.000000 3.283860 108.231855 -0.878724 -0.634980
10740.000000 3.323399 108.065214 -0.868784 -0.640494
10760.000000 3.364284 107.899204 -0.854748 -0.645987
10780.000000 3.406507 107.733893 -0.836322 -0.651449
10800.000000 3.450032 107.569351 -0.813194 -0.656867
10820.000000 3.494781 107.405646 -0.785044 -0.662224
10840.000000 3.540627 107.242841 -0.751554 -0.667500
10860.000000 3.587374 107.080997 -0.712409 -0.672672
10880.000000 3.634748 106.920165 -0.667322 -0.677713
10900.000000 3.682381 106.760388 -0.616042 -0.682590
10920.000000 3.729801 106.601691 -0.558384 -0.687268
10940.000000 3.776424 106.444085 -0.494246 -0.691707
10960.000000 3.821562 106.287560 -0.423640 -0.695864
10980.000000 3.864435 106.132079 -0.346719 -0.699696
11000.000000 3.904195 105.977583 -0.263806 -0.703157
11020.000000 3.939965 105.823985 -0.175408 -0.706206
11040.000000 3.970880 105.671172 -0.082236 -0.708803
11060.000000 3.996140 105.519007 0.014802 -0.710911
11080.000000 4.015056 105.367332 0.114619 -0.712503
11100.000000 4.027091 105.215974 0.215987 -0.713552
11120.000000 4.031897 105.064751 0.317593 -0.714040
11140.000000 4.029334 104.913477 0.418105 -0.713954
11160.000000 4.019482 104.761974 0.516237 -0.713288
11180.000000 4.002632 104.610072 0.610813 -0.712045
11200.000000 3.979268 104.457617 0.700803 -0.710239
11220.000000 3.950026 104.304475 0.785358 -0.707893
11240.000000 3.915652 104.150530 0.863816 -0.705037
11260.000000 3.876952 103.995691 0.935701 -0.701708
11280.000000 3.834739 103.839887 1.000710 -0.697945
11300.000000 3.789797 103.683069 1.058698 -0.693789
11320.000000 3.742848 103.525209 1.109656 -0.689279
11340.000000 3.694532 103.366300 1.153687 -0.684453
11360.000000 3.645403 103.206350 1.190985 -0.679344
11380.000000 3.595927 103.045382 1.221811 -0.673986
11400.000000 3.546489 102.883433 1.246476 -0.668407
11420.000000 3.497404 102.720548 1.265321 -0.662634
11440.000000 3.448925 102.556781 1.278702 -0.656692
11460.000000 3.401257 102.392192 1.286983 -0.650605
11480.000000 3.354560 102.226847 1.290521 -0.644394
11500.000000 3.308964 102.060813 1.289667 -0.638080
11520.000000 3.264571 101.894162 1.284754 -0.631683
11540.000000 3.221460 101.726967 1.276104 -0.625221
11560.000000 3.179693 101.559302 1.264018 -0.618713
11580.000000 3.139318 101.391242 1.248780 -0.612177
11600.000000 3.100370 101.222862 1.230657 -0.605632
11620.000000 3.062874 101.054234 1.209899 -0.599094
11640.000000 3.026848 100.885431 1.186741 -0.592582
11660.000000 2.992302 100.716523 1.161400 -0.586113
11680.000000 2.959241 100.547577 1.134081 -0.579705
11700.000000 2.927664 100.378658 1.104975 -0.573376
11720.000000 2.897567 100.209826 1.074259 -0.567144
11740.000000 2.868941 100.041137 1.042099 -0.561026
11760.000000 2.841776 99.872644 1.008647 -0.555040
11780.000000 2.816059 99.704393 0.974047 -0.549204
11800.000000 2.791773 99.536426 0.938428 -0.543533
11820.000000 2.768901 99.368778 0.901914 -0.538045
11840.000000 2.747424 99.201479 0.864613 -0.532755
11860.000000 2.727320 99.034555 0.826627 -0.527679
11880.000000 2.708567 98.868021 0.788048 -0.522831
11900.000000 2.691143 98.701891 0.748960 -0.518226
11920.000000 2.675024 98.536170 0.709437 -0.513875
11940.000000 2.660185 98.370858 0.669549 -0.509791
11960.000000 2.646601 98.205948 0.629355 -0.505985
11980.000000 2.634248 98.041431 0.588910 -0.502465
12000.000000 2.623102 97.877289 0.548264 -0.499241
12020.000000 2.613137 97.713500 0.507461 -0.496319
12040.000000 2.604332 97.550040 0.466541 -0.493707
12060.000000 2.596663 97.386877 0.425539 -0.491409
12080.000000 2.590108 97.223979 0.384489 -0.489429
12100.000000 2.584648 97.061310 0.343421 -0.487770
12120.000000 2.580264 96.898829 0.302364 -0.486434
12140.000000 2.576938 96.736496 0.261343 -0.485421
12160.000000 2.574654 96.574269 0.220384 -0.484732
12180.000000 2.573399 96.412104 0.179512 -0.484365
12200.000000 2.573159 96.249957 0.138752 -0.484318
12220.000000 2.573924 96.087784 0.098128 -0.484587
12240.000000 2.575684 95.925542 0.057664 -0.485169
12260.000000 2.578431 95.763188 0.017387 -0.486058
12280.000000 2.582159 95.600682 -0.022678 -0.487250
12300.000000 2.586863 95.437986 -0.062503 -0.488737
12320.000000 2.592538 95.275062 -0.102059 -0.490512
12340.000000 2.599182 95.111879 -0.141314 -0.492567
12360.000000 2.606792 94.948404 -0.180236 -0.494893
12380.000000 2.615367 94.784613 -0.218790 -0.497481
12400.000000 2.624905 94.620481 -0.256936 -0.500320
12420.000000 2.635407 94.455990 -0.294636 -0.503401
12440.000000 2.646871 94.291124 -0.331843 -0.506711
12460.000000 2.659296 94.125873 -0.368512 -0.510239
12480.000000 2.672683 93.960231 -0.404592 -0.513974
12500.000000 2.687029 93.794195 -0.440027 -0.517902
12520.000000 2.702334 93.627768 -0.474759 -0.522011
12540.000000 2.718598 93.460957 -0.508725 -0.526289
12560.000000 2.735817 93.293773 -0.541857 -0.530723
12580.000000 2.753992 93.126232 -0.574085 -0.535299
12600.000000 2.773122 92.958352 -0.605330 -0.540006
12620.000000 2.793206 92.790157 -0.635511 -0.544831
12640.000000 2.814244 92.621674 -0.664543 -0.549762
12660.000000 2.836239 92.452933 -0.692333 -0.554789
12680.000000 2.859194 92.283968 -0.718784 -0.559899
12700.000000 2.883114 92.114817 -0.743794 -0.565084
12720.000000 2.908008 91.945517 -0.767254 -0.570333
12740.000000 2.933885 91.776113 -0.789049 -0.575638
12760.000000 2.960761 91.606648 -0.809057 -0.580991
12780.000000 2.988653 91.437171 -0.827149 -0.586385
12800.000000 3.017584 91.267729 -0.843186 -0.591814
12820.000000 3.047578 91.098377 -0.857022 -0.597271
12840.000000 3.078667 90.929166 -0.868499 -0.602753
12860.000000 3.110883 90.760152 -0.877449 -0.608253
12880.000000 3.144264 90.591395 -0.883688 -0.613768
12900.000000 3.178847 90.422953 -0.887021 -0.619293
12920.000000 3.214673 90.254888 -0.887235 -0.624823
12940.000000 3.251780 90.087264 -0.884102 -0.630353
12960.000000 3.290200 89.920147 -0.877374 -0.635878
12980.000000 3.329957 89.753604 -0.866787 -0.641389
13000.000000 3.371060 89.587703 -0.852059 -0.646878
13020.000000 3.413499 89.422512 -0.832889 -0.652334
13040.000000 3.457229 89.258102 -0.808966 -0.657743
13060.000000 3.502167 89.094539 -0.779970 -0.663088
13080.000000 3.548174 88.931887 -0.745580 -0.668349
13100.000000 3.595045 88.770204 -0.705488 -0.673502
13120.000000 3.642489 88.609541 -0.659409 -0.678518
13140.000000 3.690122 88.449938 -0.607103 -0.683365
13160.000000 3.737454 88.291418 -0.548395 -0.688007
13180.000000 3.783886 88.133990 -0.483200 -0.692403
13200.000000 3.828711 87.977637 -0.411553 -0.696511
13220.000000 3.871137 87.822321 -0.333631 -0.700285
13240.000000 3.910308 87.667978 -0.249786 -0.703682
13260.000000 3.945346 87.514516 -0.160558 -0.706660
13280.000000 3.975393 87.361818 -0.066691 -0.709180
13300.000000 3.999665 87.209744 0.030878 -0.711206
13320.000000 4.017493 87.058133 0.131034 -0.712711
13340.000000 4.028371 86.906810 0.232531 -0.713670
13360.000000 4.031982 86.755591 0.334049 -0.714065
13380.000000 4.028223 86.604292 0.434260 -0.713885
13400.000000 4.017207 86.452735 0.531891 -0.713124
13420.000000 3.999261 86.300753 0.625786 -0.711789
13440.000000 3.974894 86.148195 0.714945 -0.709893
13460.000000 3.944764 85.994929 0.798549 -0.707462
13480.000000 3.909631 85.840845 0.875965 -0.704526
13500.000000 3.870304 85.685853 0.946748 -0.701124
13520.000000 3.827596 85.529887 1.010621 -0.697295
13540.000000 3.782280 85.372900 1.067463 -0.693079
13560.000000 3.735067 85.214870 1.117285 -0.688515
13580.000000 3.686584 85.055790 1.160206 -0.683640
13600.000000 3.637369 84.895673 1.196431 -0.678489
13620.000000 3.587874 84.734543 1.226234 -0.673093
13640.000000 3.538474 84.572438 1.249928 -0.667480
13660.000000 3.489472 84.409406 1.267860 -0.661678
13680.000000 3.441113 84.245501 1.280387 -0.655711
13700.000000 3.393592 84.080785 1.287872 -0.649603
13720.000000 3.347067 83.915322 1.290672 -0.643374
13740.000000 3.301660 83.749183 1.289135 -0.637045
13760.000000 3.257470 83.582439 1.283594 -0.630636
13780.000000 3.214574 83.415163 1.274365 -0.624165
13800.000000 3.173031 83.247429 1.261747 -0.617652
13820.000000 3.132885 83.079312 1.246022 -0.611113
13840.000000 3.094172 82.910886 1.227454 -0.604567
13860.000000 3.056914 82.742225 1.206290 -0.598033
13880.000000 3.021129 82.573400 1.182762 -0.591526
13900.000000 2.986824 82.404481 1.157086 -0.585066
13920.000000 2.954005 82.235535 1.129464 -0.578670
13940.000000 2.922669 82.066626 1.100085 -0.572356
13960.000000 2.892811 81.897814 1.069123 -0.566141
13980.000000 2.864424 81.729153 1.036742 -0.560043
14000.000000 2.837496 81.560697 1.003094 -0.554081
14020.000000 2.812012 81.392489 0.968320 -0.548270
14040.000000 2.787958 81.224571 0.932548 -0.542627
14060.000000 2.765314 81.056979 0.895898 -0.537170
14080.000000 2.744061 80.889739 0.858479 -0.531914
14100.000000 2.724178 80.722877 0.820390 -0.526875
14120.000000 2.705644 80.556409 0.781723 -0.522066
14140.000000 2.688434 80.390345 0.742559 -0.517501
14160.000000 2.672524 80.224690 0.702973 -0.513193
14180.000000 2.657891 80.059444 0.663031 -0.509153
14200.000000 2.644509 79.894600 0.622792 -0.505393
14220.000000 2.632354 79.730145 0.582312 -0.501920
14240.000000 2.621401 79.566061 0.541638 -0.498745
14260.000000 2.611627 79.402328 0.500813 -0.495873
14280.000000 2.603008 79.238918 0.459877 -0.493312
14300.000000 2.595521 79.075801 0.418866 -0.491065
14320.000000 2.589146 78.912943 0.377811 -0.489137
14340.000000 2.583862 78.750307 0.336742 -0.487531
14360.000000 2.579651 78.587853 0.295689 -0.486247
14380.000000 2.576496 78.425540 0.254676 -0.485287
14400.000000 2.574380 78.263326 0.213730 -0.484651
14420.000000 2.573291 78.101167 0.172875 -0.484336
14440.000000 2.573215 77.939019 0.132135 -0.484340
14460.000000 2.574142 77.776837 0.091535 -0.484660
14480.000000 2.576063 77.614580 0.051100 -0.485293
14500.000000 2.578971 77.452204 0.010855 -0.486232
14520.000000 2.582858 77.289670 -0.029172 -0.487472
14540.000000 2.587720 77.126939 -0.068956 -0.489006
14560.000000 2.593553 76.963975 -0.108465 -0.490827
14580.000000 2.600354 76.800746 -0.147668 -0.492927
14600.000000 2.608121 76.637222 -0.186533 -0.495296
14620.000000 2.616853 76.473377 -0.225023 -0.497926
14640.000000 2.626548 76.309188 -0.263099 -0.500805
14660.000000 2.637206 76.144637 -0.300722 -0.503924
14680.000000 2.648826 75.979709 -0.337845 -0.507270
14700.000000 2.661408 75.814395 -0.374422 -0.510833
14720.000000 2.674950 75.648688 -0.410400 -0.514600
14740.000000 2.689453 75.482588 -0.445725 -0.518558
14760.000000 2.704914 75.316098 -0.480337 -0.522696
14780.000000 2.721333 75.149226 -0.514172 -0.527000
14800.000000 2.738708 74.981983 -0.547162 -0.531458
14820.000000 2.757039 74.814385 -0.579235 -0.536056
14840.000000 2.776324 74.646452 -0.610313 -0.540783
14860.000000 2.796563 74.478208 -0.640314 -0.545626
14880.000000 2.817756 74.309681 -0.669150 -0.550574
14900.000000 2.839907 74.140902 -0.696729 -0.555614
14920.000000 2.863019 73.971904 -0.722953 -0.560738
14940.000000 2.887096 73.802725 -0.747718 -0.565933
14960.000000 2.912149 73.633406 -0.770915 -0.571192
14980.000000 2.938188 73.463989 -0.792428 -0.576505
15000.000000 2.965228 73.294519 -0.812133 -0.581866
15020.000000 2.993287 73.125043 -0.829901 -0.587266
15040.000000 3.022389 72.955613 -0.845590 -0.592700
15060.000000 3.052559 72.786280 -0.859054 -0.598161
15080.000000 3.083829 72.617097 -0.870132 -0.603646
15100.000000 3.116232 72.448121 -0.878653 -0.609149
15120.000000 3.149805 72.279411 -0.884433 -0.614666
15140.000000 3.184588 72.111026 -0.887274 -0.620192
15160.000000 3.220620 71.943029 -0.886959 -0.625722
15180.000000 3.257938 71.775483 -0.883259 -0.631252
15200.000000 3.296574 71.608454 -0.875922 -0.636775
15220.000000 3.336550 71.442011 -0.864682 -0.642283
15240.000000 3.377872 71.276221 -0.849251 -0.647768
15260.000000 3.420525 71.111153 -0.829330 -0.653217
15280.000000 3.464458 70.946876 -0.804604 -0.658617
15300.000000 3.509581 70.783456 -0.774752 -0.663950
15320.000000 3.555745 70.620958 -0.739456 -0.669195
15340.000000 3.602731 70.459438 -0.698408 -0.674328
15360.000000 3.650235 70.298945 -0.651331 -0.679319
15380.000000 3.697855 70.139517 -0.597994 -0.684135
15400.000000 3.745085 69.981175 -0.538234 -0.688740
15420.000000 3.791305 69.823923 -0.471984 -0.693092
15440.000000 3.835796 69.667742 -0.399300 -0.697148
15460.000000 3.877752 69.512589 -0.320386 -0.700865
15480.000000 3.916311 69.358396 -0.235623 -0.704196
15500.000000 3.950594 69.205067 -0.145585 -0.707102
15520.000000 3.979753 69.052481 -0.051047 -0.709544
15540.000000 4.003019 68.900494 0.047022 -0.711487
15560.000000 4.019747 68.748942 0.147484 -0.712905
15580.000000 4.029459 68.597648 0.249076 -0.713773
15600.000000 4.031872 68.446428 0.350471 -0.714076
15620.000000 4.026919 68.295099 0.450346 -0.713801
15640.000000 4.014749 68.143484 0.547445 -0.712946
15660.000000 3.995719 67.991418 0.640633 -0.711518
15680.000000 3.970367 67.838754 0.728940 -0.709534
15700.000000 3.939369 67.685362 0.811575 -0.707018
15720.000000 3.903499 67.531136 0.887938 -0.704004
15740.000000 3.863567 67.375989 0.957611 -0.700529
15760.000000 3.820384 67.219859 1.020346 -0.696635
15780.000000 3.774713 67.062704 1.076042 -0.692359
15800.000000 3.727253 66.904503 1.124731 -0.687743
15820.000000 3.678616 66.745254 1.166547 -0.682821
15840.000000 3.629327 66.584969 1.201708 -0.677627
15860.000000 3.579825 66.423678 1.230494 -0.672194
15880.000000 3.530470 66.261419 1.253228 -0.666549
15900.000000 3.481557 66.098241 1.270256 -0.660718
15920.000000 3.433322 65.934200 1.281938 -0.654727
15940.000000 3.385954 65.769358 1.288637 -0.648597
15960.000000 3.339603 65.603781 1.290709 -0.642351
15980.000000 3.294388 65.437538 1.288498 -0.636008
16000.000000 3.250404 65.270702 1.282336 -0.629587
16020.000000 3.207724 65.103346 1.272536 -0.623108
16040.000000 3.166405 64.935545 1.259394 -0.616589
16060.000000 3.126491 64.767373 1.243189 -0.610048
16080.000000 3.088013 64.598904 1.224183 -0.603503
16100.000000 3.050994 64.430211 1.202619 -0.596972
16120.000000 3.015448 64.261366 1.178727 -0.590472
16140.000000 2.981385 64.092439 1.152721 -0.584021
16160.000000 2.948807 63.923494 1.124801 -0.577637
16180.000000 2.917712 63.754597 1.095152 -0.571338
16200.000000 2.888094 63.585806 1.063949 -0.565141
16220.000000 2.859945 63.417175 1.031352 -0.559064
16240.000000 2.833253 63.248756 0.997512 -0.553125
16260.000000 2.808003 63.080593 0.962566 -0.547340
16280.000000 2.784179 62.912726 0.926644 -0.541727
16300.000000 2.761763 62.745189 0.889862 -0.536301
16320.000000 2.740735 62.578009 0.852327 -0.531080
16340.000000 2.721073 62.411210 0.814139 -0.526076
16360.000000 2.702755 62.244807 0.775385 -0.521306
16380.000000 2.685758 62.078810 0.736148 -0.516782
16400.000000 2.670058 61.913222 0.696499 -0.512517
16420.000000 2.655630 61.748042 0.656505 -0.508522
16440.000000 2.642449 61.583261 0.616224 -0.504808
16460.000000 2.630491 61.418868 0.575709 -0.501383
16480.000000 2.619732 61.254843 0.535007 -0.498257
16500.000000 2.610147 61.091165 0.494162 -0.495435
16520.000000 2.601713 60.927804 0.453211 -0.492925
16540.000000 2.594409 60.764732 0.412191 -0.490730
16560.000000 2.588213 60.601912 0.371131 -0.488854
16580.000000 2.583105 60.439308 0.330064 -0.487300
16600.000000 2.579067 60.276881 0.289015 -0.486069
16620.000000 2.576081 60.114587 0.248012 -0.485162
16640.000000 2.574134 59.952385 0.207079 -0.484577
16660.000000 2.573210 59.790230 0.166241 -0.484315
16680.000000 2.573298 59.628080 0.125522 -0.484371
16700.000000 2.574387 59.465889 0.084947 -0.484742
16720.000000 2.576469 59.303615 0.044541 -0.485425
16740.000000 2.579536 59.141216 0.004330 -0.486413
16760.000000 2.583582 58.978652 -0.035660 -0.487702
16780.000000 2.588602 58.815886 -0.075401 -0.489283
16800.000000 2.594593 58.652881 -0.114862 -0.491150
16820.000000 2.601551 58.489606 -0.154013 -0.493294
16840.000000 2.609475 58.326032 -0.192819 -0.495706
16860.000000 2.618364 58.162132 -0.231244 -0.498377
16880.000000 2.628216 57.997885 -0.269250 -0.501296
16900.000000 2.639030 57.833273 -0.306795 -0.504453
16920.000000 2.650807 57.668283 -0.343833 -0.507835
16940.000000 2.663545 57.502906 -0.380316 -0.511432
16960.000000 2.677244 57.337135 -0.416192 -0.515231
16980.000000 2.691902 57.170972 -0.451405 -0.519219
17000.000000 2.707519 57.004419 -0.485895 -0.523385
17020.000000 2.724094 56.837485 -0.519597 -0.527715
17040.000000 2.741625 56.670183 -0.552443 -0.532196
17060.000000 2.760110 56.502529 -0.584360 -0.536816
17080.000000 2.779550 56.334544 -0.615268 -0.541563
17100.000000 2.799945 56.166252 -0.645085 -0.546424
17120.000000 2.821294 55.997682 -0.673723 -0.551387
17140.000000 2.843601 55.828864 -0.701089 -0.556442
17160.000000 2.866869 55.659835 -0.727083 -0.561578
17180.000000 2.891104 55.490630 -0.751601 -0.566784
17200.000000 2.916316 55.321292 -0.774532 -0.572053
17220.000000 2.942517 55.151863 -0.795759 -0.577374
17240.000000 2.969721 54.982389 -0.815159 -0.582741
17260.000000 2.997949 54.812918 -0.832598 -0.588148
17280.000000 3.027222 54.643500 -0.847936 -0.593586
17300.000000 3.057569 54.474187 -0.861022 -0.599052
17320.000000 3.089021 54.305034 -0.871696 -0.604540
17340.000000 3.121612 54.136098 -0.879785 -0.610046
17360.000000 3.155379 53.967436 -0.885101 -0.615564
17380.000000 3.190363 53.799110 -0.887443 -0.621091
17400.000000 3.226601 53.631181 -0.886595 -0.626622
17420.000000 3.264132 53.463715 -0.882320 -0.632151
17440.000000 3.302984 53.296777 -0.874367 -0.637672
17460.000000 3.343179 53.130435 -0.862465 -0.643177
17480.000000 3.384720 52.964758 -0.846325 -0.648657
17500.000000 3.427585 52.799814 -0.825644 -0.654099
17520.000000 3.471719 52.635672 -0.800106 -0.659489
17540.000000 3.517023 52.472398 -0.769391 -0.664809
17560.000000 3.563338 52.310055 -0.733179 -0.670038
17580.000000 3.610431 52.148699 -0.691169 -0.675150
17600.000000 3.657984 51.988377 -0.643088 -0.680115
17620.000000 3.705578 51.829124 -0.588715 -0.684900
17640.000000 3.752689 51.670960 -0.527901 -0.689466
17660.000000 3.798679 51.513884 -0.460598 -0.693773
17680.000000 3.842815 51.357874 -0.386882 -0.697777
17700.000000 3.884278 51.202883 -0.306986 -0.701434
17720.000000 3.922201 51.048838 -0.221321 -0.704699
17740.000000 3.955707 50.895638 -0.130493 -0.707532
17760.000000 3.983957 50.743160 -0.035309 -0.709894
17780.000000 4.006199 50.591255 0.063231 -0.711754
17800.000000 4.021814 50.439757 0.163964 -0.713084
17820.000000 4.030353 50.288488 0.265615 -0.713861
17840.000000 4.031567 50.137263 0.366853 -0.714070
17860.000000 4.025424 49.985899 0.466359 -0.713701
17880.000000 4.012109 49.834222 0.562895 -0.712753
17900.000000 3.992010 49.682068 0.655351 -0.711233
17920.000000 3.965690 49.529293 0.742784 -0.709160
17940.000000 3.933846 49.375773 0.824435 -0.706561
17960.000000 3.897259 49.221402 0.899734 -0.703469
17980.000000 3.856744 49.066099 0.968291 -0.699923
18000.000000 3.813106 48.909805 1.029884 -0.695964
18020.000000 3.767099 48.752481 1.084436 -0.691631
18040.000000 3.719408 48.594109 1.131995 -0.686962
18060.000000 3.670632 48.434690 1.172712 -0.681994
18080.000000 3.621280 48.274239 1.206816 -0.676759
18100.000000 3.571779 48.112788 1.234595 -0.671289
18120.000000 3.522478 47.950376 1.256376 -0.665612
18140.000000 3.473661 47.787053 1.272510 -0.659754
18160.000000 3.425555 47.622878 1.283357 -0.653739
18180.000000 3.378343 47.457911 1.289280 -0.647589
18200.000000 3.332169 47.292221 1.290632 -0.641325
18220.000000 3.287148 47.125877 1.287757 -0.634968
18240.000000 3.243372 46.958951 1.280982 -0.628537
18260.000000 3.200910 46.791518 1.270618 -0.622050
18280.000000 3.159817 46.623651 1.256960 -0.615527
18300.000000 3.120134 46.455426 1.240282 -0.608984
18320.000000 3.081892 46.286915 1.220843 -0.602440
18340.000000 3.045112 46.118193 1.198886 -0.595912
18360.000000 3.009807 45.949330 1.174636 -0.589419
18380.000000 2.975986 45.780396 1.148306 -0.582978
18400.000000 2.943649 45.611455 1.120092 -0.576606
18420.000000 2.912795 45.442571 1.090179 -0.570322
18440.000000 2.883417 45.273802 1.058738 -0.564144
18460.000000 2.855505 45.105203 1.025929 -0.558088
18480.000000 2.829049 44.936822 0.991900 -0.552173
18500.000000 2.804032 44.768705 0.956787 -0.546415
18520.000000 2.780438 44.600889 0.920717 -0.540831
18540.000000 2.758249 44.433408 0.883805 -0.535438
18560.000000 2.737444 44.266290 0.846158 -0.530251
18580.000000 2.718003 44.099554 0.807872 -0.525284
18600.000000 2.699901 43.933216 0.769035 -0.520553
18620.000000 2.683117 43.767285 0.729726 -0.516071
18640.000000 2.667625 43.601764 0.690017 -0.511849
18660.000000 2.653402 43.436649 0.649972 -0.507899
18680.000000 2.640422 43.271933 0.609649 -0.504231
18700.000000 2.628660 43.107601 0.569101 -0.500854
18720.000000 2.618094 42.943635 0.528373 -0.497777
18740.000000 2.608698 42.780010 0.487508 -0.495006
18760.000000 2.600449 42.616698 0.446544 -0.492546
18780.000000 2.593327 42.453669 0.405515 -0.490403
18800.000000 2.587309 42.290888 0.364452 -0.488579
18820.000000 2.582376 42.128315 0.323386 -0.487078
18840.000000 2.578510 41.965912 0.282343 -0.485899
18860.000000 2.575694 41.803636 0.241349 -0.485045
18880.000000 2.573914 41.641445 0.200430 -0.484513
18900.000000 2.573156 41.479294 0.159609 -0.484302
18920.000000 2.573407 41.317140 0.118912 -0.484410
18940.000000 2.574659 41.154938 0.078363 -0.484832
18960.000000 2.576901 40.992646 0.037987 -0.485565
18980.000000 2.580128 40.830224 -0.002190 -0.486603
19000.000000 2.584332 40.667629 -0.042141 -0.487939
19020.000000 2.589510 40.504827 -0.081839 -0.489567
19040.000000 2.595659 40.341780 -0.121252 -0.491480
19060.000000 2.602774 40.178458 -0.160349 -0.493668
19080.000000 2.610855 40.014833 -0.199095 -0.496123
19100.000000 2.619901 39.850878 -0.237455 -0.498835
19120.000000 2.629909 39.686573 -0.275389 -0.501794
19140.000000 2.640880 39.521900 -0.312854 -0.504988
19160.000000 2.652813 39.356848 -0.349805 -0.508406
19180.000000 2.665708 39.191406 -0.386193 -0.512036
19200.000000 2.679562 39.025572 -0.421965 -0.515867
19220.000000 2.694377 38.859345 -0.457065 -0.519885
19240.000000 2.710150 38.692729 -0.491431 -0.524078
19260.000000 2.726880 38.525735 -0.524999 -0.528434
19280.000000 2.744566 38.358374 -0.557699 -0.532938
19300.000000 2.763207 38.190665 -0.589457 -0.537580
19320.000000 2.782802 38.022628 -0.620194 -0.542346
19340.000000 2.803352 37.854289 -0.649826 -0.547225
19360.000000 2.824857 37.685676 -0.678263 -0.552204
19380.000000 2.847319 37.516822 -0.705412 -0.557272
19400.000000 2.870744 37.347761 -0.731174 -0.562420
19420.000000 2.895138 37.178532 -0.755441 -0.567637
19440.000000 2.920510 37.009176 -0.778104 -0.572915
19460.000000 2.946873 36.839736 -0.799042 -0.578244
19480.000000 2.974242 36.670259 -0.818132 -0.583618
19500.000000 3.002638 36.500793 -0.835239 -0.589030
19520.000000 3.032084 36.331389 -0.850221 -0.594473
19540.000000 3.062608 36.162098 -0.862927 -0.599943
19560.000000 3.094243 35.992977 -0.873193 -0.605434
19580.000000 3.127022 35.824081 -0.880843 -0.610942
19600.000000 3.160985 35.655470 -0.885690 -0.616462
19620.000000 3.196170 35.487204 -0.887528 -0.621991
19640.000000 3.232616 35.319346 -0.886139 -0.627521
19660.000000 3.270360 35.151961 -0.881284 -0.633050
19680.000000 3.309430 34.985116 -0.872708 -0.638569
19700.000000 3.349844 34.818877 -0.860136 -0.644071
19720.000000 3.391602 34.653314 -0.843279 -0.649545
19740.000000 3.434678 34.488496 -0.821830 -0.654980
19760.000000 3.479011 34.324491 -0.795472 -0.660360
19780.000000 3.524492 34.161364 -0.763884 -0.665667
19800.000000 3.570951 33.999178 -0.726749 -0.670878
19820.000000 3.618143 33.837987 -0.683769 -0.675968
19840.000000 3.665734 33.677837 -0.634679 -0.680906
19860.000000 3.713289 33.518761 -0.579266 -0.685658
19880.000000 3.760263 33.360774 -0.517397 -0.690185
19900.000000 3.806005 33.203874 -0.449041 -0.694446
19920.000000 3.849763 33.048033 -0.374300 -0.698397
19940.000000 3.890710 32.893202 -0.293433 -0.701993
19960.000000 3.927974 32.739302 -0.206881 -0.705190
19980.000000 3.960681 32.586229 -0.115284 -0.707949
20000.000000 3.988002 32.433854 -0.019482 -0.710232
20020.000000 4.009204 32.282027 0.079497 -0.712007
20040.000000 4.023693 32.130579 0.180469 -0.713248
20060.000000 4.031052 31.979330 0.282144 -0.713934
20080.000000 4.031067 31.828094 0.383188 -0.714050
20100.000000 4.023739 31.676691 0.482293 -0.713586
20120.000000 4.009289 31.524947 0.578236 -0.712544
20140.000000 3.988136 31.372701 0.669935 -0.710933
20160.000000 3.960867 31.219813 0.756474 -0.708772
20180.000000 3.928197 31.066161 0.837126 -0.706090
20200.000000 3.890916 30.911644 0.911351 -0.702922
20220.000000 3.849839 30.756183 0.978787 -0.699307
20240.000000 3.805765 30.599723 1.039236 -0.695284
20260.000000 3.759440 30.442230 1.092644 -0.690893
20280.000000 3.711535 30.283687 1.139078 -0.686173
20300.000000 3.662632 30.124099 1.178702 -0.681160
20320.000000 3.613229 29.963483 1.211756 -0.675885
20340.000000 3.563739 29.801872 1.238537 -0.670379
20360.000000 3.514499 29.639308 1.259375 -0.664671
20380.000000 3.465783 29.475843 1.274625 -0.658786
20400.000000 3.417811 29.311534 1.284646 -0.652747
20420.000000 3.370759 29.146446 1.289802 -0.646577
20440.000000 3.324766 28.980644 1.290443 -0.640297
20460.000000 3.279942 28.814201 1.286912 -0.633927
20480.000000 3.236375 28.647188 1.279533 -0.627485
20500.000000 3.194132 28.479679 1.268614 -0.620991
20520.000000 3.153266 28.311748 1.254446 -0.614463
20540.000000 3.113816 28.143472 1.237302 -0.607919
20560.000000 3.075810 27.974922 1.217438 -0.601376
20580.000000 3.039269 27.806172 1.195092 -0.594853
20600.000000 3.004206 27.637293 1.170490 -0.588367
20620.000000 2.970625 27.468353 1.143840 -0.581936
20640.000000 2.938530 27.299417 1.115338 -0.575578
20660.000000 2.907916 27.130548 1.085165 -0.569310
20680.000000 2.878778 26.961803 1.053491 -0.563150
20700.000000 2.851104 26.793236 1.020474 -0.557116
20720.000000 2.824882 26.624895 0.986260 -0.551225
20740.000000 2.800098 26.456824 0.950983 -0.545494
20760.000000 2.776734 26.289061 0.914768 -0.539941
20780.000000 2.754772 26.121638 0.877730 -0.534580
20800.000000 2.734190 25.954580 0.839973 -0.529427
20820.000000 2.714968 25.787908 0.801591 -0.524499
20840.000000 2.697083 25.621636 0.762672 -0.519807
20860.000000 2.680510 25.455772 0.723293 -0.515366
20880.000000 2.665226 25.290317 0.683525 -0.511188
20900.000000 2.651207 25.125268 0.643431 -0.507283
20920.000000 2.638426 24.960615 0.603068 -0.503662
20940.000000 2.626861 24.796344 0.562488 -0.500333
20960.000000 2.616486 24.632435 0.521735 -0.497305
20980.000000 2.607278 24.468863 0.480851 -0.494584
21000.000000 2.599215 24.305600 0.439874 -0.492176
21020.000000 2.592273 24.142613 0.398838 -0.490084
21040.000000 2.586433 23.979868 0.357773 -0.488313
21060.000000 2.581675 23.817326 0.316708 -0.486864
21080.000000 2.577981 23.654947 0.275671 -0.485738
21100.000000 2.575335 23.492688 0.234688 -0.484936
21120.000000 2.573722 23.330506 0.193783 -0.484457
21140.000000 2.573128 23.168357 0.152981 -0.484298
21160.000000 2.573543 23.006198 0.112307 -0.484457
21180.000000 2.574956 22.843985 0.071784 -0.484930
21200.000000 2.577359 22.681675 0.031439 -0.485713
21220.000000 2.580745 22.519227 -0.008704 -0.486800
21240.000000 2.585108 22.356601 -0.048616 -0.488184
21260.000000 2.590444 22.193761 -0.088269 -0.489859
21280.000000 2.596750 22.030672 -0.127633 -0.491817
21300.000000 2.604023 21.867303 -0.166675 -0.494050
21320.000000 2.612261 21.703625 -0.205362 -0.496547
21340.000000 2.621463 21.539614 -0.243655 -0.499300
21360.000000 2.631628 21.375251 -0.281515 -0.502297
21380.000000 2.642755 21.210517 -0.318900 -0.505529
21400.000000 2.654845 21.045402 -0.355763 -0.508982
21420.000000 2.667896 20.879897 -0.392054 -0.512646
21440.000000 2.681907 20.713998 -0.427721 -0.516508
21460.000000 2.696877 20.547707 -0.462706 -0.520556
21480.000000 2.712806 20.381030 -0.496947 -0.524776
21500.000000 2.729691 20.213974 -0.530379 -0.529156
21520.000000 2.747533 20.046556 -0.562931 -0.533684
21540.000000 2.766329 19.878792 -0.594528 -0.538347
21560.000000 2.786079 19.710704 -0.625091 -0.543132
21580.000000 2.806784 19.542318 -0.654534 -0.548028
21600.000000 2.828445 19.373664 -0.682769 -0.553022
21620.000000 2.851063 19.204774 -0.709699 -0.558104
21640.000000 2.874645 19.035683 -0.735225 -0.563264
21660.000000 2.899198 18.866430 -0.759239 -0.568492
21680.000000 2.924730 18.697058 -0.781630 -0.573778
21700.000000 2.951255 18.527609 -0.802276 -0.579115
21720.000000 2.978790 18.358130 -0.821053 -0.584496
21740.000000 3.007355 18.188671 -0.837824 -0.589913
21760.000000 3.036974 18.019281 -0.852447 -0.595361
21780.000000 3.067677 17.850014 -0.864767 -0.600835
21800.000000 3.099495 17.680925 -0.874620 -0.606329
21820.000000 3.132464 17.512072 -0.881828 -0.611839
21840.000000 3.166623 17.343513 -0.886199 -0.617361
21860.000000 3.202011 17.175309 -0.887528 -0.622890
21880.000000 3.238666 17.007524 -0.885592 -0.628421
21900.000000 3.276623 16.840222 -0.880150 -0.633948
21920.000000 3.315911 16.673470 -0.870943 -0.639465
21940.000000 3.356544 16.507337 -0.857695 -0.644963
21960.000000 3.398519 16.341890 -0.840112 -0.650432
21980.000000 3.441805 16.177200 -0.817886 -0.655859
22000.000000 3.486334 16.013333 -0.790699 -0.661228
22020.000000 3.531987 15.850356 -0.758230 -0.666521
22040.000000 3.578584 15.688328 -0.720164 -0.671715
22060.000000 3.625866 15.527304 -0.676208 -0.676783
22080.000000 3.673484 15.367326 -0.626101 -0.681693
22100.000000 3.720984 15.208426 -0.569645 -0.686411
22120.000000 3.767805 15.050617 -0.506720 -0.690898
22140.000000 3.813277 14.893891 -0.437315 -0.695111
22160.000000 3.856637 14.738219 -0.361556 -0.699007
22180.000000 3.897045 14.583545 -0.279729 -0.702541
22200.000000 3.933626 14.429787 -0.192308 -0.705670
22220.000000 3.965512 14.276838 -0.099965 -0.708354
22240.000000 3.991884 14.124563 -0.003571 -0.710556
22260.000000 4.012031 13.972809 0.095816 -0.712246
22280.000000 4.025384 13.821406 0.196993 -0.713398
22300.000000 4.031557 13.670171 0.298656 -0.713992
22320.000000 4.030372 13.518921 0.399472 -0.714014
22340.000000 4.021865 13.367474 0.498143 -0.713456
22360.000000 4.006292 13.215658 0.593466 -0.712320
22380.000000 3.984100 13.063318 0.684382 -0.710618
22400.000000 3.955902 12.910313 0.770009 -0.708371
22420.000000 3.922426 12.756526 0.849647 -0.705607
22440.000000 3.884472 12.601860 0.922788 -0.702364
22460.000000 3.842855 12.446241 0.989097 -0.698679
22480.000000 3.798366 12.289615 1.048401 -0.694594
22500.000000 3.751740 12.131951 1.100668 -0.690147
22520.000000 3.703635 11.973237 1.145980 -0.685377
22540.000000 3.654620 11.813480 1.184518 -0.680319
22560.000000 3.605177 11.652700 1.216531 -0.675004
22580.000000 3.555706 11.490931 1.242321 -0.669464
22600.000000 3.506534 11.328217 1.262226 -0.663726
22620.000000 3.457925 11.164611 1.276601 -0.657814
22640.000000 3.410092 11.000171 1.285807 -0.651752
22660.000000 3.363203 10.834961 1.290204 -0.645563
22680.000000 3.317393 10.669051 1.290144 -0.639267
22700.000000 3.272769 10.502509 1.285965 -0.632883
22720.000000 3.229413 10.335411 1.277990 -0.626432
22740.000000 3.187391 10.167828 1.266523 -0.619931
22760.000000 3.146753 9.999836 1.251853 -0.613400
22780.000000 3.107536 9.831510 1.234250 -0.606854
22800.000000 3.069767 9.662923 1.213966 -0.600314
22820.000000 3.033466 9.494147 1.191239 -0.593795
22840.000000 2.998643 9.325254 1.166290 -0.587317
22860.000000 2.965304 9.156310 1.139326 -0.580897
22880.000000 2.933450 8.987381 1.110540 -0.574552
22900.000000 2.903077 8.818528 1.080111 -0.568300
22920.000000 2.874177 8.649809 1.048209 -0.562160
22940.000000 2.846741 8.481275 1.014987 -0.556148
22960.000000 2.820754 8.312976 0.980591 -0.550282
22980.000000 2.796202 8.144952 0.945154 -0.544579
23000.000000 2.773067 7.977242 0.908798 -0.539055
23020.000000 2.751331 7.809877 0.871636 -0.533727
23040.000000 2.730972 7.642881 0.833770 -0.528610
23060.000000 2.711969 7.476273 0.795296 -0.523719
23080.000000 2.694298 7.310067 0.756297 -0.519067
23100.000000 2.677937 7.144269 0.716850 -0.514668
23120.000000 2.662861 6.978881 0.677025 -0.510534
23140.000000 2.649044 6.813897 0.636884 -0.506674
23160.000000 2.636463 6.649308 0.596482 -0.503100
23180.000000 2.625093 6.485097 0.555870 -0.499820
23200.000000 2.614910 6.321244 0.515094 -0.496842
23220.000000 2.605890 6.157724 0.474192 -0.494171
23240.000000 2.598010 5.994509 0.433203 -0.491814
23260.000000 2.591249 5.831564 0.392160 -0.489774
23280.000000 2.585586 5.668855 0.351093 -0.488055
23300.000000 2.581002 5.506342 0.310031 -0.486659
23320.000000 2.577480 5.343985 0.269002 -0.485586
23340.000000 2.575002 5.181741 0.228029 -0.484836
23360.000000 2.573556 5.019568 0.187140 -0.484409
23380.000000 2.573127 4.857421 0.146357 -0.484302
23400.000000 2.573705 4.695256 0.105705 -0.484513
23420.000000 2.575280 4.533029 0.065210 -0.485037
23440.000000 2.577843 4.370700 0.024896 -0.485869
23460.000000 2.581388 4.208225 -0.015211 -0.487005
23480.000000 2.585910 4.045567 -0.055083 -0.488437
23500.000000 2.591404 3.882689 -0.094691 -0.490159
23520.000000 2.597867 3.719556 -0.134005 -0.492162
23540.000000 2.605297 3.556139 -0.172992 -0.494438
23560.000000 2.613692 3.392408 -0.211617 -0.496978
23580.000000 2.623050 3.228342 -0.249843 -0.499771
23600.000000 2.633372 3.063919 -0.287629 -0.502807
23620.000000 2.644656 2.899124 -0.324932 -0.506076
23640.000000 2.656902 2.733946 -0.361706 -0.509564
23660.000000 2.670109 2.568377 -0.397899 -0.513261
23680.000000 2.684276 2.402414 -0.433459 -0.517154
23700.000000 2.699402 2.236060 -0.468327 -0.521230
23720.000000 2.715487 2.069320 -0.502441 -0.525478
23740.000000 2.732528 1.902205 -0.535735 -0.529883
23760.000000 2.750525 1.734729 -0.568137 -0.534434
23780.000000 2.769476 1.566910 -0.599571 -0.539117
23800.000000 2.789382 1.398772 -0.629958 -0.543921
23820.000000 2.810242 1.230341 -0.659211 -0.548834
23840.000000 2.832058 1.061646 -0.687240 -0.553843
23860.000000 2.854833 0.892720 -0.713949 -0.558939
23880.000000 2.878572 0.723600 -0.739237 -0.564110
23900.000000 2.903283 0.554326 -0.762995 -0.569348
23920.000000 2.928976 0.384937 -0.785110 -0.574643
23940.000000 2.955664 0.215481 -0.805461 -0.579988
23960.000000 2.983365 0.046002 -0.823921 -0.585375
23980.000000 3.012099 -0.123450 -0.840353 -0.590797
24000.000000 3.041893 -0.292823 -0.854612 -0.596250
24020.000000 3.072775 -0.462065 -0.866542 -0.601727
24040.000000 3.104778 -0.631120 -0.875977 -0.607224
24060.000000 3.137938 -0.799929 -0.882737 -0.612737
24080.000000 3.172294 -0.968435 -0.886628 -0.618260
24100.000000 3.207885 -1.136575 -0.887442 -0.623790
24120.000000 3.244749 -1.304286 -0.884952 -0.629320
24140.000000 3.282922 -1.471503 -0.878916 -0.634846
24160.000000 3.322428 -1.638159 -0.869071 -0.640361
24180.000000 3.363280 -1.804185 -0.855138 -0.645855
24200.000000 3.405471 -1.969513 -0.836821 -0.651318
24220.000000 3.448965 -2.134074 -0.813810 -0.656737
24240.000000 3.493686 -2.297801 -0.785786 -0.662095
24260.000000 3.539507 -2.460628 -0.752428 -0.667374
24280.000000 3.586235 -2.622496 -0.713424 -0.672549
24300.000000 3.633599 -2.783353 -0.668483 -0.677593
24320.000000 3.681231 -2.943156 -0.617356 -0.682474
24340.000000 3.728662 -3.101879 -0.559854 -0.687157
24360.000000 3.775311 -3.259511 -0.495872 -0.691603
24380.000000 3.820495 -3.416063 -0.425421 -0.695767
24400.000000 3.863432 -3.571568 -0.348651 -0.699607
24420.000000 3.903278 -3.726087 -0.265877 -0.703078
24440.000000 3.939154 -3.879705 -0.177604 -0.706138
24460.000000 3.970196 -4.032536 -0.084537 -0.708745
24480.000000 3.995602 -4.184714 0.012419 -0.710866
24500.000000 4.014678 -4.336399 0.112183 -0.712471
24520.000000 4.026884 -4.487763 0.213529 -0.713533
24540.000000 4.031867 -4.638987 0.315145 -0.714035
24560.000000 4.029483 -4.790257 0.415699 -0.713963
24580.000000 4.019804 -4.941753 0.513904 -0.713310
24600.000000 4.003119 -5.093644 0.608578 -0.712082
24620.000000 3.979905 -5.246083 0.698690 -0.710289
24640.000000 3.950796 -5.399208 0.783385 -0.707955
24660.000000 3.916537 -5.553131 0.861996 -0.705111
24680.000000 3.877932 -5.707948 0.934044 -0.701793
24700.000000 3.835794 -5.863728 0.999221 -0.698041
24720.000000 3.790910 -6.020522 1.057380 -0.693894
24740.000000 3.744001 -6.178356 1.108507 -0.689392
24760.000000 3.695711 -6.337240 1.152703 -0.684573
24780.000000 3.646596 -6.497165 1.190161 -0.679471
24800.000000 3.597123 -6.658109 1.221140 -0.674118
24820.000000 3.547680 -6.820035 1.245950 -0.668544
24840.000000 3.498584 -6.982898 1.264931 -0.662775
24860.000000 3.450088 -7.146644 1.278440 -0.656837
24880.000000 3.402398 -7.311213 1.286840 -0.650754
24900.000000 3.355676 -7.476542 1.290489 -0.644546
24920.000000 3.310052 -7.642560 1.289736 -0.638234
24940.000000 3.265629 -7.809197 1.284918 -0.631838
24960.000000 3.222486 -7.976379 1.276355 -0.625378
24980.000000 3.180686 -8.144033 1.264348 -0.618871
25000.000000 3.140277 -8.312084 1.249183 -0.612335
25020.000000 3.101294 -8.480458 1.231127 -0.605790
25040.000000 3.063763 -8.649081 1.210430 -0.599252
25060.000000 3.027701 -8.817880 1.187327 -0.592739
25080.000000 2.993120 -8.986787 1.162037 -0.586269
25100.000000 2.960023 -9.155732 1.134763 -0.579859
25120.000000 2.928410 -9.324653 1.105698 -0.573528
25140.000000 2.898277 -9.493488 1.075019 -0.567294
25160.000000 2.869616 -9.662181 1.042892 -0.561173
25180.000000 2.842416 -9.830679 1.009469 -0.555183
25200.000000 2.816664 -9.998936 0.974895 -0.549343
25220.000000 2.792343 -10.166911 0.939300 -0.543668
25240.000000 2.769437 -10.334567 0.902806 -0.538175
25260.000000 2.747926 -10.501874 0.865523 -0.532880
25280.000000 2.727790 -10.668808 0.827552 -0.527799
25300.000000 2.709005 -10.835351 0.788987 -0.522946
25320.000000 2.691549 -11.001491 0.749910 -0.518334
25340.000000 2.675398 -11.167222 0.710397 -0.513977
25360.000000 2.660528 -11.332544 0.670516 -0.509887
25380.000000 2.646915 -11.497463 0.630329 -0.506073
25400.000000 2.634532 -11.661990 0.589890 -0.502547
25420.000000 2.623357 -11.826141 0.549249 -0.499315
25440.000000 2.613364 -11.989938 0.508449 -0.496386
25460.000000 2.604531 -12.153406 0.467531 -0.493767
25480.000000 2.596835 -12.316575 0.426531 -0.491461
25500.000000 2.590253 -12.479479 0.385482 -0.489473
25520.000000 2.584767 -12.642154 0.344414 -0.487806
25540.000000 2.580357 -12.804639 0.303356 -0.486462
25560.000000 2.577006 -12.966974 0.262333 -0.485442
25580.000000 2.574697 -13.129203 0.221373 -0.484745
25600.000000 2.573417 -13.291369 0.180499 -0.484370
25620.000000 2.573153 -13.453517 0.139736 -0.484315
25640.000000 2.573894 -13.615689 0.099108 -0.484577
25660.000000 2.575629 -13.777929 0.058640 -0.485151
25680.000000 2.578353 -13.940279 0.018358 -0.486033
25700.000000 2.582057 -14.102781 -0.021713 -0.487218
25720.000000 2.586737 -14.265472 -0.061544 -0.488698
25740.000000 2.592389 -14.428390 -0.101106 -0.490466
25760.000000 2.599010 -14.591567 -0.140369 -0.492514
25780.000000 2.606597 -14.755034 -0.179300 -0.494834
25800.000000 2.615148 -14.918817 -0.217863 -0.497415
25820.000000 2.624664 -15.082940 -0.256020 -0.500249
25840.000000 2.635142 -15.247423 -0.293730 -0.503323
25860.000000 2.646582 -15.412279 -0.330950 -0.506628
25880.000000 2.658985 -15.577521 -0.367633 -0.510151
25900.000000 2.672348 -15.743154 -0.403727 -0.513881
25920.000000 2.686671 -15.909180 -0.439179 -0.517805
25940.000000 2.701953 -16.075598 -0.473928 -0.521910
25960.000000 2.718193 -16.242399 -0.507914 -0.526184
25980.000000 2.735390 -16.409575 -0.541067 -0.530614
26000.000000 2.753542 -16.577108 -0.573317 -0.535187
26020.000000 2.772649 -16.744980 -0.604587 -0.539891
26040.000000 2.792709 -16.913167 -0.634795 -0.544713
26060.000000 2.813725 -17.081644 -0.663856 -0.549642
26080.000000 2.835697 -17.250379 -0.691677 -0.554666
26100.000000 2.858628 -17.419338 -0.718162 -0.559775
26120.000000 2.882525 -17.588486 -0.743208 -0.564958
26140.000000 2.907394 -17.757782 -0.766706 -0.570205
26160.000000 2.933248 -17.927185 -0.788543 -0.575509
26180.000000 2.960100 -18.096648 -0.808595 -0.580861
26200.000000 2.987967 -18.266126 -0.826735 -0.586254
26220.000000 3.016872 -18.435569 -0.842824 -0.591682
26240.000000 3.046841 -18.604924 -0.856715 -0.597139
26260.000000 3.077902 -18.774139 -0.868251 -0.602620
26280.000000 3.110091 -18.943158 -0.877264 -0.608120
26300.000000 3.143443 -19.111922 -0.883570 -0.613634
26320.000000 3.177997 -19.280373 -0.886976 -0.619159
26340.000000 3.213793 -19.448447 -0.887268 -0.624689
26360.000000 3.250868 -19.616083 -0.884219 -0.630220
26380.000000 3.289255 -19.783213 -0.877581 -0.635744
26400.000000 3.328980 -19.949771 -0.867091 -0.641256
26420.000000 3.370051 -20.115688 -0.852466 -0.646746
26440.000000 3.412458 -20.280896 -0.833407 -0.652203
26460.000000 3.456157 -20.445326 -0.809602 -0.657613
26480.000000 3.501068 -20.608911 -0.780733 -0.662960
26500.000000 3.547051 -20.771586 -0.746477 -0.668223
26520.000000 3.593904 -20.933293 -0.706526 -0.673379
26540.000000 3.641338 -21.093981 -0.660595 -0.678399
26560.000000 3.688972 -21.253610 -0.608442 -0.683250
26580.000000 3.736319 -21.412156 -0.549890 -0.687898
26600.000000 3.782779 -21.569611 -0.484853 -0.692300
26620.000000 3.827652 -21.725989 -0.413359 -0.696415
26640.000000 3.870146 -21.881329 -0.335586 -0.700198
26660.000000 3.909406 -22.035695 -0.251878 -0.703605
26680.000000 3.944554 -22.189177 -0.162773 -0.706594
26700.000000 3.974732 -22.341891 -0.069007 -0.709124
26720.000000 3.999152 -22.493979 0.028484 -0.711163
26740.000000 4.017143 -22.645599 0.128592 -0.712681
26760.000000 4.028193 -22.796927 0.230072 -0.713654
26780.000000 4.031982 -22.948147 0.331606 -0.714063
26800.000000 4.028400 -23.099442 0.431863 -0.713896
26820.000000 4.017557 -23.250991 0.529571 -0.713150
26840.000000 3.999773 -23.402960 0.623569 -0.711828
26860.000000 3.975553 -23.555503 0.712853 -0.709946
26880.000000 3.945554 -23.708750 0.796599 -0.707527
26900.000000 3.910533 -23.862813 0.874171 -0.704603
26920.000000 3.871298 -24.017782 0.945118 -0.701212
26940.000000 3.828662 -24.173724 1.009160 -0.697392
26960.000000 3.783401 -24.330686 1.066173 -0.693185
26980.000000 3.736226 -24.488691 1.116163 -0.688629
27000.000000 3.687766 -24.647745 1.159248 -0.683762
27020.000000 3.638563 -24.807838 1.195633 -0.678617
27040.000000 3.589071 -24.968944 1.225587 -0.673226
27060.000000 3.539664 -25.131025 1.249425 -0.667618
27080.000000 3.490650 -25.294036 1.267492 -0.661820
27100.000000 3.442272 -25.457920 1.280145 -0.655857
27120.000000 3.394729 -25.622618 1.287748 -0.649752
27140.000000 3.348178 -25.788063 1.290657 -0.643526
27160.000000 3.302743 -25.954186 1.289221 -0.637199
27180.000000 3.258523 -26.120917 1.283773 -0.630792
27200.000000 3.215595 -26.288181 1.274629 -0.624322
27220.000000 3.174018 -26.455905 1.262090 -0.617809
27240.000000 3.133839 -26.624014 1.246437 -0.611271
27260.000000 3.095090 -26.792433 1.227934 -0.604725
27280.000000 3.057798 -26.961089 1.206831 -0.598190
27300.000000 3.021976 -27.129911 1.183357 -0.591683
27320.000000 2.987636 -27.298828 1.157731 -0.585221
27340.000000 2.954780 -27.467774 1.130153 -0.578824
27360.000000 2.923408 -27.636685 1.100814 -0.572507
27380.000000 2.893515 -27.805500 1.069888 -0.566290
27400.000000 2.865093 -27.974165 1.037540 -0.560189
27420.000000 2.838129 -28.142627 1.003921 -0.554223
27440.000000 2.812611 -28.310841 0.969172 -0.548408
27460.000000 2.788522 -28.478766 0.933423 -0.542762
27480.000000 2.765845 -28.646367 0.896793 -0.537300
27500.000000 2.744558 -28.813615 0.859391 -0.532039
27520.000000 2.724643 -28.980487 0.821318 -0.526994
27540.000000 2.706076 -29.146965 0.782664 -0.522179
27560.000000 2.688834 -29.313039 0.743511 -0.517608
27580.000000 2.672893 -29.478703 0.703934 -0.513294
27600.000000 2.658229 -29.643959 0.664000 -0.509248
27620.000000 2.644818 -29.808813 0.623768 -0.505480
27640.000000 2.632633 -29.973278 0.583293 -0.502001
27660.000000 2.621652 -30.137369 0.542623 -0.498818
27680.000000 2.611849 -30.301111 0.501801 -0.495939
27700.000000 2.603203 -30.464528 0.460868 -0.493370
27720.000000 2.595689 -30.627652 0.419857 -0.491116
27740.000000 2.589287 -30.790516 0.378803 -0.489180
27760.000000 2.583977 -30.953157 0.337735 -0.487566
27780.000000 2.579741 -31.115615 0.296681 -0.486274
27800.000000 2.576560 -31.277930 0.255667 -0.485307
27820.000000 2.574419 -31.440146 0.214719 -0.484662
27840.000000 2.573305 -31.602306 0.173861 -0.484339
27860.000000 2.573205 -31.764454 0.133118 -0.484336
27880.000000 2.574108 -31.926635 0.092515 -0.484649
27900.000000 2.576005 -32.088890 0.052075 -0.485274
27920.000000 2.578889 -32.251262 0.011826 -0.486206
27940.000000 2.582752 -32.413792 -0.028208 -0.487438
27960.000000 2.587591 -32.576518 -0.067997 -0.488966
27980.000000 2.593400 -32.739475 -0.107513 -0.490780
28000.000000 2.600178 -32.902697 -0.146724 -0.492873
28020.000000 2.607922 -33.066214 -0.185598 -0.495236
28040.000000 2.616630 -33.230051 -0.224097 -0.497859
28060.000000 2.626302 -33.394232 -0.262184 -0.500733
28080.000000 2.636937 -33.558774 -0.299818 -0.503846
28100.000000 2.648534 -33.723693 -0.336954 -0.507187
28120.000000 2.661092 -33.888998 -0.373545 -0.510744
28140.000000 2.674612 -34.054694 -0.409538 -0.514506
28160.000000 2.689091 -34.220785 -0.444880 -0.518460
28180.000000 2.704529 -34.387265 -0.479509 -0.522594
28200.000000 2.720925 -34.554129 -0.513364 -0.526894
28220.000000 2.738277 -34.721363 -0.546376 -0.531348
28240.000000 2.756584 -34.888953 -0.578471 -0.535943
28260.000000 2.775846 -35.056878 -0.609574 -0.540667
28280.000000 2.796062 -35.225114 -0.639602 -0.545508
28300.000000 2.817233 -35.393635 -0.668467 -0.550453
28320.000000 2.839361 -35.562409 -0.696078 -0.555492
28340.000000 2.862449 -35.731402 -0.722336 -0.560613
28360.000000 2.886503 -35.900576 -0.747138 -0.565807
28380.000000 2.911532 -36.069893 -0.770374 -0.571064
28400.000000 2.937547 -36.239308 -0.791929 -0.576376
28420.000000 2.964562 -36.408777 -0.811679 -0.581736
28440.000000 2.992597 -36.578253 -0.829495 -0.587135
28460.000000 3.021673 -36.747685 -0.845237 -0.592568
28480.000000 3.051817 -36.917021 -0.858756 -0.598029
28500.000000 3.083060 -37.086208 -0.869893 -0.603513
28520.000000 3.115435 -37.255190 -0.878478 -0.609016
28540.000000 3.148980 -37.423907 -0.884327 -0.614532
28560.000000 3.183733 -37.592301 -0.887241 -0.620058
28580.000000 3.219734 -37.760308 -0.887006 -0.625589
28600.000000 3.257021 -37.927866 -0.883390 -0.631119
28620.000000 3.295625 -38.094907 -0.876145 -0.636642
28640.000000 3.335568 -38.261366 -0.865001 -0.642151
28660.000000 3.376858 -38.427173 -0.849676 -0.647636
28680.000000 3.419478 -38.592259 -0.829867 -0.653086
28700.000000 3.463382 -38.756556 -0.805261 -0.658487
28720.000000 3.508478 -38.919997 -0.775537 -0.663822
28740.000000 3.554619 -39.082518 -0.740375 -0.669069
28760.000000 3.601588 -39.244063 -0.699470 -0.674205
28780.000000 3.649083 -39.404581 -0.652542 -0.679200
28800.000000 3.696707 -39.564035 -0.599359 -0.684021
28820.000000 3.743952 -39.722403 -0.539755 -0.688631
28840.000000 3.790205 -39.879682 -0.473662 -0.692990
28860.000000 3.834747 -40.035888 -0.401131 -0.697054
28880.000000 3.876775 -40.191065 -0.322364 -0.700779
28900.000000 3.915426 -40.345280 -0.237737 -0.704121
28920.000000 3.949823 -40.498628 -0.147818 -0.707037
28940.000000 3.979115 -40.651231 -0.053378 -0.709490
28960.000000 4.002531 -40.803231 0.044619 -0.711446
28980.000000 4.019423 -40.954791 0.145037 -0.712877
29000.000000 4.029309 -41.106089 0.246617 -0.713759
29020.000000 4.031901 -41.257309 0.348033 -0.714075
29040.000000 4.027125 -41.408633 0.447960 -0.713814
29060.000000 4.015126 -41.560239 0.545139 -0.712974
29080.000000 3.996256 -41.712292 0.638435 -0.711559
29100.000000 3.971049 -41.864941 0.726869 -0.709588
29120.000000 3.940179 -42.018313 0.809649 -0.707085
29140.000000 3.904417 -42.172518 0.886170 -0.704082
29160.000000 3.864574 -42.327642 0.956009 -0.700618
29180.000000 3.821460 -42.483747 1.018912 -0.696733
29200.000000 3.775841 -42.640877 1.074779 -0.692467
29220.000000 3.728416 -42.799053 1.123636 -0.687858
29240.000000 3.679801 -42.958277 1.165616 -0.682943
29260.000000 3.630523 -43.118537 1.200935 -0.677756
29280.000000 3.581021 -43.279804 1.229871 -0.672328
29300.000000 3.531659 -43.442040 1.252747 -0.666687
29320.000000 3.482732 -43.605197 1.269908 -0.660861
29340.000000 3.434479 -43.769218 1.281716 -0.654873
29360.000000 3.387087 -43.934041 1.288531 -0.648747
29380.000000 3.340710 -44.099602 1.290710 -0.642503
29400.000000 3.295467 -44.265829 1.288599 -0.636162
29420.000000 3.251452 -44.432651 1.282529 -0.629743
29440.000000 3.208740 -44.599996 1.272813 -0.623265
29460.000000 3.167387 -44.767787 1.259749 -0.616747
29480.000000 3.127439 -44.935951 1.243615 -0.610207
29500.000000 3.088926 -45.104414 1.224673 -0.603661
29520.000000 3.051871 -45.273102 1.203169 -0.597129
29540.000000 3.016290 -45.441944 1.179331 -0.590628
29560.000000 2.982191 -45.610870 1.153373 -0.584176
29580.000000 2.949577 -45.779815 1.125497 -0.577790
29600.000000 2.918446 -45.948714 1.095888 -0.571489
29620.000000 2.888793 -46.117508 1.064720 -0.565289
29640.000000 2.860609 -46.286143 1.032155 -0.559209
29660.000000 2.833881 -46.454568 0.998343 -0.553266
29680.000000 2.808597 -46.622738 0.963423 -0.547478
29700.000000 2.784738 -46.790613 0.927523 -0.541860
29720.000000 2.762288 -46.958158 0.890760 -0.536430
29740.000000 2.741227 -47.125346 0.853242 -0.531203
29760.000000 2.721532 -47.292155 0.815069 -0.526195
29780.000000 2.703182 -47.458568 0.776328 -0.521419
29800.000000 2.686154 -47.624575 0.737102 -0.516889
29820.000000 2.670422 -47.790173 0.697462 -0.512617
29840.000000 2.655964 -47.955363 0.657475 -0.508616
29860.000000 2.642753 -48.120153 0.617200 -0.504894
29880.000000 2.630766 -48.284555 0.576690 -0.501463
29900.000000 2.619978 -48.448589 0.535993 -0.498329
29920.000000 2.610365 -48.612275 0.495151 -0.495500
29940.000000 2.601904 -48.775643 0.454202 -0.492982
29960.000000 2.594573 -48.938722 0.413183 -0.490779
29980.000000 2.588350 -49.101547 0.372124 -0.488896
30000.000000 2.583216 -49.264156 0.331056 -0.487334
30020.000000 2.579152 -49.426587 0.290007 -0.486095
30040.000000 2.576141 -49.588884 0.249002 -0.485180
30060.000000 2.574169 -49.751087 0.208067 -0.484588
30080.000000 2.573220 -49.913243 0.167226 -0.484317
30100.000000 2.573284 -50.075393 0.126505 -0.484366
30120.000000 2.574349 -50.237582 0.085926 -0.484729
30140.000000 2.576407 -50.399854 0.045516 -0.485405
30160.000000 2.579450 -50.562249 0.005299 -0.486386
30180.000000 2.583473 -50.724809 -0.034696 -0.487667
30200.000000 2.588469 -50.887570 -0.074443 -0.489241
30220.000000 2.594437 -51.050568 -0.113912 -0.491102
30240.000000 2.601372 -51.213836 -0.153071 -0.493239
30260.000000 2.609272 -51.377403 -0.191885 -0.495645
30280.000000 2.618138 -51.541295 -0.230320 -0.498310
30300.000000 2.627966 -51.705533 -0.268337 -0.501223
30320.000000 2.638758 -51.870136 -0.305893 -0.504374
30340.000000 2.650511 -52.035116 -0.342944 -0.507751
30360.000000 2.663226 -52.200485 -0.379441 -0.511343
30380.000000 2.676901 -52.366246 -0.415332 -0.515137
30400.000000 2.691537 -52.532400 -0.450562 -0.519121
30420.000000 2.707131 -52.698943 -0.485070 -0.523282
30440.000000 2.723682 -52.865868 -0.518792 -0.527608
30460.000000 2.741189 -53.033161 -0.551660 -0.532086
30480.000000 2.759652 -53.200807 -0.583600 -0.536703
30500.000000 2.779069 -53.368784 -0.614533 -0.541447
30520.000000 2.799440 -53.537069 -0.644378 -0.546305
30540.000000 2.820767 -53.705633 -0.673046 -0.551266
30560.000000 2.843050 -53.874445 -0.700443 -0.556319
30580.000000 2.866295 -54.043470 -0.726471 -0.561453
30600.000000 2.890507 -54.212670 -0.751026 -0.566658
30620.000000 2.915695 -54.382006 -0.773997 -0.571925
30640.000000 2.941872 -54.551433 -0.795267 -0.577245
30660.000000 2.969052 -54.720907 -0.814712 -0.582611
30680.000000 2.997254 -54.890379 -0.832200 -0.588016
30700.000000 3.026502 -55.059799 -0.847591 -0.593454
30720.000000 3.056823 -55.229115 -0.860734 -0.598920
30740.000000 3.088247 -55.398272 -0.871468 -0.604407
30760.000000 3.120810 -55.567214 -0.879621 -0.609912
30780.000000 3.154549 -55.735883 -0.885007 -0.615431
30800.000000 3.189502 -55.904218 -0.887423 -0.620957
30820.000000 3.225710 -56.072157 -0.886655 -0.626488
30840.000000 3.263209 -56.239635 -0.882466 -0.632018
30860.000000 3.302029 -56.406587 -0.874605 -0.637539
30880.000000 3.342192 -56.572944 -0.862802 -0.643045
30900.000000 3.383700 -56.738638 -0.846768 -0.648525
30920.000000 3.426533 -56.903601 -0.826200 -0.653968
30940.000000 3.470638 -57.067763 -0.800783 -0.659360
30960.000000 3.515916 -57.231059 -0.770197 -0.664682
30980.000000 3.562208 -57.393425 -0.734122 -0.669913
31000.000000 3.609286 -57.554805 -0.692255 -0.675028
31020.000000 3.656832 -57.715152 -0.644324 -0.679997
31040.000000 3.704431 -57.874431 -0.590105 -0.684786
31060.000000 3.751560 -58.032622 -0.529448 -0.689359
31080.000000 3.797586 -58.189724 -0.462301 -0.693672
31100.000000 3.841776 -58.345759 -0.388738 -0.697684
31120.000000 3.883314 -58.500774 -0.308987 -0.701350
31140.000000 3.921333 -58.654841 -0.223455 -0.704625
31160.000000 3.954956 -58.808060 -0.132743 -0.707469
31180.000000 3.983342 -58.960554 -0.037654 -0.709843
31200.000000 4.005738 -59.112471 0.060818 -0.711715
31220.000000 4.021518 -59.263976 0.161513 -0.713058
31240.000000 4.030232 -59.415249 0.263158 -0.713849
31260.000000 4.031625 -59.566473 0.364421 -0.714072
31280.000000 4.025659 -59.717831 0.463984 -0.713717
31300.000000 4.012513 -59.869499 0.560605 -0.712782
31320.000000 3.992572 -60.021640 0.653172 -0.711276
31340.000000 3.966394 -60.174398 0.740736 -0.709216
31360.000000 3.934675 -60.327899 0.822534 -0.706629
31380.000000 3.898193 -60.482248 0.897992 -0.703549
31400.000000 3.857764 -60.637527 0.966716 -0.700014
31420.000000 3.814191 -60.793797 1.028478 -0.696064
31440.000000 3.768234 -60.951096 1.083200 -0.691740
31460.000000 3.720576 -61.109443 1.130927 -0.687078
31480.000000 3.671819 -61.268837 1.171807 -0.682117
31500.000000 3.622476 -61.429262 1.206067 -0.676889
31520.000000 3.572975 -61.590690 1.233996 -0.671424
31540.000000 3.523665 -61.753080 1.255918 -0.665752
31560.000000 3.474833 -61.916381 1.272184 -0.659898
31580.000000 3.426708 -62.080537 1.283155 -0.653886
31600.000000 3.379472 -62.245485 1.289192 -0.647739
31620.000000 3.333272 -62.411158 1.290650 -0.641478
31640.000000 3.288222 -62.577487 1.287873 -0.635123
31660.000000 3.244415 -62.744400 1.281189 -0.628693
31680.000000 3.201920 -62.911822 1.270909 -0.622208
31700.000000 3.160794 -63.079679 1.257327 -0.615685
31720.000000 3.121077 -63.247896 1.240719 -0.609142
31740.000000 3.082799 -63.416401 1.221344 -0.602598
31760.000000 3.045984 -63.585119 1.199445 -0.596070
31780.000000 3.010643 -63.753979 1.175248 -0.589575
31800.000000 2.976786 -63.922913 1.148965 -0.583133
31820.000000 2.944413 -64.091854 1.120795 -0.576759
31840.000000 2.913523 -64.260740 1.090920 -0.570473
31860.000000 2.884109 -64.429512 1.059515 -0.564292
31880.000000 2.856163 -64.598117 1.026737 -0.558233
31900.000000 2.829671 -64.766503 0.992736 -0.552314
31920.000000 2.804620 -64.934627 0.957648 -0.546552
31940.000000 2.780992 -65.102450 0.921599 -0.540964
31960.000000 2.758769 -65.269940 0.884707 -0.535566
31980.000000 2.737931 -65.437067 0.847076 -0.530373
