0.000000 3.988597 196.004800 0.627965 -0.719926
20.000000 3.963559 195.850023 0.716760 -0.718028
40.000000 3.932702 195.694492 0.799840 -0.715603
60.000000 3.896808 195.538089 0.876566 -0.712682
80.000000 3.856707 195.380717 0.946487 -0.709303
100.000000 3.813227 195.222304 1.009331 -0.705505
120.000000 3.767154 195.062799 1.064981 -0.701328
140.000000 3.719208 194.902176 1.113454 -0.696810
160.000000 3.670022 194.740424 1.154882 -0.691988
180.000000 3.620139 194.577553 1.189480 -0.686895
200.000000 3.570016 194.413587 1.217531 -0.681563
220.000000 3.520029 194.248559 1.239361 -0.676021
240.000000 3.470485 194.082518 1.255325 -0.670295
260.000000 3.421631 193.915515 1.265789 -0.664411
280.000000 3.373667 193.747612 1.271124 -0.658392
300.000000 3.326753 193.578872 1.271696 -0.652260
320.000000 3.281015 193.409365 1.267857 -0.646036
340.000000 3.236556 193.239161 1.259947 -0.639741
360.000000 3.193455 193.068335 1.248289 -0.633394
380.000000 3.151775 192.896959 1.233188 -0.627016
400.000000 3.111565 192.725109 1.214930 -0.620625
420.000000 3.072861 192.552859 1.193785 -0.614241
440.000000 3.035691 192.380283 1.170005 -0.607883
460.000000 3.000071 192.207450 1.143829 -0.601571
480.000000 2.966016 192.034432 1.115476 -0.595323
500.000000 2.933530 191.861294 1.085153 -0.589159
520.000000 2.902614 191.688099 1.053055 -0.583100
540.000000 2.873266 191.514906 1.019361 -0.577163
560.000000 2.845480 191.341770 0.984238 -0.571368
580.000000 2.819244 191.168738 0.947842 -0.565734
600.000000 2.794547 190.995856 0.910315 -0.560280
620.000000 2.771374 190.823161 0.871791 -0.555023
640.000000 2.749708 190.650686 0.832391 -0.549982
660.000000 2.729530 190.478458 0.792226 -0.545172
680.000000 2.710820 190.306495 0.751398 -0.540609
700.000000 2.693556 190.134811 0.709998 -0.536309
720.000000 2.677715 189.963415 0.668111 -0.532284
740.000000 2.663274 189.792309 0.625813 -0.528548
760.000000 2.650209 189.621487 0.583172 -0.525111
780.000000 2.638496 189.450941 0.540252 -0.521983
800.000000 2.628112 189.280657 0.497109 -0.519172
820.000000 2.619032 189.110614 0.453795 -0.516687
840.000000 2.611234 188.940789 0.410357 -0.514532
860.000000 2.604695 188.771156 0.366842 -0.512712
880.000000 2.599396 188.601684 0.323289 -0.511231
900.000000 2.595317 188.432340 0.279738 -0.510090
920.000000 2.592440 188.263089 0.236227 -0.509290
940.000000 2.590748 188.093896 0.192793 -0.508829
960.000000 2.590226 187.924722 0.149472 -0.508706
980.000000 2.590862 187.755532 0.106298 -0.508918
1000.000000 2.592642 187.586288 0.063309 -0.509461
1020.000000 2.595558 187.416955 0.020541 -0.510328
1040.000000 2.599600 187.247499 -0.021969 -0.511514
1060.000000 2.604761 187.077887 -0.064181 -0.513011
1080.000000 2.611035 186.908090 -0.106056 -0.514811
1100.000000 2.618415 186.738083 -0.147550 -0.516905
1120.000000 2.626898 186.567840 -0.188619 -0.519281
1140.000000 2.636478 186.397344 -0.229215 -0.521929
1160.000000 2.647153 186.226579 -0.269287 -0.524838
1180.000000 2.658919 186.055532 -0.308782 -0.527995
1200.000000 2.671772 185.884199 -0.347643 -0.531387
1220.000000 2.685708 185.712576 -0.385809 -0.535000
1240.000000 2.700723 185.540665 -0.423213 -0.538822
1260.000000 2.716813 185.368472 -0.459787 -0.542837
1280.000000 2.733974 185.196011 -0.495456 -0.547031
1300.000000 2.752202 185.023294 -0.530140 -0.551391
1320.000000 2.771493 184.850344 -0.563757 -0.555901
1340.000000 2.791842 184.677183 -0.596215 -0.560549
1360.000000 2.813248 184.503840 -0.627421 -0.565320
1380.000000 2.835708 184.330346 -0.657273 -0.570202
1400.000000 2.859222 184.156736 -0.685666 -0.575181
1420.000000 2.883793 183.983049 -0.712486 -0.580246
1440.000000 2.909425 183.809327 -0.737615 -0.585386
1460.000000 2.936125 183.635613 -0.760927 -0.590590
1480.000000 2.963906 183.461955 -0.782288 -0.595850
1500.000000 2.992780 183.288402 -0.801557 -0.601156
1520.000000 3.022769 183.115006 -0.818582 -0.606501
1540.000000 3.053894 182.941821 -0.833204 -0.611878
1560.000000 3.086184 182.768903 -0.845251 -0.617280
1580.000000 3.119668 182.596311 -0.854538 -0.622702
1600.000000 3.154381 182.424105 -0.860866 -0.628138
1620.000000 3.190357 182.252347 -0.864023 -0.633581
1640.000000 3.227630 182.081102 -0.863779 -0.639027
1660.000000 3.266231 181.910435 -0.859886 -0.644469
1680.000000 3.306184 181.740413 -0.852078 -0.649899
1700.000000 3.347497 181.571107 -0.840071 -0.655308
1720.000000 3.390164 181.402584 -0.823566 -0.660685
1740.000000 3.434145 181.234914 -0.802246 -0.666018
1760.000000 3.479365 181.068164 -0.775788 -0.671290
1780.000000 3.525696 180.902399 -0.743866 -0.676482
1800.000000 3.572945 180.737678 -0.706162 -0.681571
1820.000000 3.620838 180.574052 -0.662379 -0.686530
1840.000000 3.669005 180.411562 -0.612263 -0.691328
1860.000000 3.716973 180.250232 -0.555621 -0.695930
1880.000000 3.764154 180.090071 -0.492346 -0.700296
1900.000000 3.809850 179.931065 -0.422450 -0.704386
1920.000000 3.853271 179.773173 -0.346085 -0.708156
1940.000000 3.893551 179.616332 -0.263578 -0.711561
1960.000000 3.929794 179.460446 -0.175448 -0.714559
1980.000000 3.961115 179.305396 -0.082419 -0.717110
2000.000000 3.986694 179.151037 0.014578 -0.719181
2020.000000 4.005822 178.997199 0.114429 -0.720740
2040.000000 4.017949 178.843700 0.215874 -0.721763
2060.000000 4.022717 178.690346 0.317566 -0.722232
2080.000000 4.019987 178.536942 0.418137 -0.722133
2100.000000 4.009842 178.383297 0.516267 -0.721462
2120.000000 3.992586 178.229231 0.610749 -0.720221
2140.000000 3.968718 178.074581 0.700527 -0.718425
2160.000000 3.938895 177.919201 0.784733 -0.716096
2180.000000 3.903883 177.762969 0.862690 -0.713266
2200.000000 3.864506 177.605785 0.933913 -0.709970
2220.000000 3.821598 177.447571 0.998097 -0.706247
2240.000000 3.775954 177.288274 1.055097 -0.702138
2260.000000 3.728308 177.127862 1.104909 -0.697681
2280.000000 3.679310 176.966321 1.147644 -0.692913
2300.000000 3.629521 176.803659 1.183502 -0.687869
2320.000000 3.579412 176.639895 1.212757 -0.682579
2340.000000 3.529374 176.475063 1.235727 -0.677074
2360.000000 3.479727 176.309208 1.252762 -0.671381
2380.000000 3.430727 176.142381 1.264229 -0.665525
2400.000000 3.382583 175.974642 1.270498 -0.659529
2420.000000 3.335461 175.806054 1.271935 -0.653417
2440.000000 3.289494 175.636685 1.268897 -0.647209
2460.000000 3.244789 175.466607 1.261725 -0.640925
2480.000000 3.201428 175.295891 1.250746 -0.634587
2500.000000 3.159478 175.124613 1.236268 -0.628213
2520.000000 3.118989 174.952846 1.218580 -0.621823
2540.000000 3.080001 174.780666 1.197957 -0.615436
2560.000000 3.042541 174.608145 1.174653 -0.609072
2580.000000 3.006630 174.435355 1.148908 -0.602750
2600.000000 2.972280 174.262367 1.120947 -0.596488
2620.000000 2.939500 174.089246 1.090978 -0.590308
2640.000000 2.908290 173.916057 1.059199 -0.584227
2660.000000 2.878649 173.742860 1.025791 -0.578265
2680.000000 2.850570 173.569708 0.990924 -0.572442
2700.000000 2.824044 173.396654 0.954755 -0.566777
2720.000000 2.799060 173.223741 0.917430 -0.561288
2740.000000 2.775603 173.051008 0.879083 -0.555993
2760.000000 2.753656 172.878490 0.839839 -0.550910
2780.000000 2.733201 172.706213 0.799809 -0.546055
2800.000000 2.714217 172.534199 0.759098 -0.541445
2820.000000 2.696683 172.362463 0.717798 -0.537095
2840.000000 2.680577 172.191013 0.675997 -0.533017
2860.000000 2.665876 172.019852 0.633770 -0.529226
2880.000000 2.652555 171.848977 0.591189 -0.525732
2900.000000 2.640590 171.678381 0.548316 -0.522545
2920.000000 2.629958 171.508048 0.505211 -0.519674
2940.000000 2.620635 171.337962 0.461925 -0.517128
2960.000000 2.612599 171.168098 0.418507 -0.514911
2980.000000 2.605826 170.998432 0.375003 -0.513028
3000.000000 2.600296 170.828932 0.331454 -0.511483
3020.000000 2.595990 170.659566 0.287900 -0.510278
3040.000000 2.592889 170.490301 0.244379 -0.509414
3060.000000 2.590976 170.321099 0.200928 -0.508889
3080.000000 2.590236 170.151925 0.157582 -0.508704
3100.000000 2.590655 169.982741 0.114379 -0.508853
3120.000000 2.592222 169.813510 0.071352 -0.509334
3140.000000 2.594925 169.644196 0.028540 -0.510141
3160.000000 2.598757 169.474765 -0.014022 -0.511268
3180.000000 2.603709 169.305185 -0.056293 -0.512707
3200.000000 2.609774 169.135425 -0.098234 -0.514451
3220.000000 2.616947 168.965459 -0.139803 -0.516490
3240.000000 2.625224 168.795262 -0.180955 -0.518814
3260.000000 2.634599 168.624815 -0.221643 -0.521413
3280.000000 2.645069 168.454101 -0.261817 -0.524274
3300.000000 2.656631 168.283108 -0.301425 -0.527385
3320.000000 2.669280 168.111829 -0.340410 -0.530734
3340.000000 2.683013 167.940259 -0.378710 -0.534307
3360.000000 2.697826 167.768402 -0.416262 -0.538090
3380.000000 2.713715 167.596262 -0.452997 -0.542070
3400.000000 2.730676 167.423849 -0.488842 -0.546232
3420.000000 2.748704 167.251180 -0.523717 -0.550562
3440.000000 2.767796 167.078271 -0.557541 -0.555045
3460.000000 2.787947 166.905148 -0.590223 -0.559668
3480.000000 2.809155 166.731836 -0.621671 -0.564417
3500.000000 2.831417 166.558368 -0.651785 -0.569279
3520.000000 2.854734 166.384777 -0.680460 -0.574240
3540.000000 2.879107 166.211102 -0.707584 -0.579290
3560.000000 2.904539 166.037383 -0.733039 -0.584417
3580.000000 2.931038 165.863664 -0.756702 -0.589610
3600.000000 2.958615 165.689992 -0.778439 -0.594860
3620.000000 2.987283 165.516415 -0.798111 -0.600158
3640.000000 3.017062 165.342986 -0.815569 -0.605496
3660.000000 3.047972 165.169757 -0.830654 -0.610868
3680.000000 3.080041 164.996785 -0.843197 -0.616266
3700.000000 3.113299 164.824127 -0.853016 -0.621685
3720.000000 3.147779 164.651844 -0.859915 -0.627118
3740.000000 3.183515 164.479997 -0.863683 -0.632561
3760.000000 3.220543 164.308651 -0.864095 -0.638007
3780.000000 3.258893 164.137870 -0.860905 -0.643449
3800.000000 3.298591 163.967723 -0.853852 -0.648882
3820.000000 3.339649 163.798277 -0.842655 -0.654296
3840.000000 3.382064 163.629602 -0.827017 -0.659680
3860.000000 3.425803 163.461766 -0.806624 -0.665022
3880.000000 3.470799 163.294839 -0.781155 -0.670307
3900.000000 3.516934 163.128885 -0.750281 -0.675515
3920.000000 3.564029 162.963964 -0.713684 -0.680626
3940.000000 3.611826 162.800129 -0.671062 -0.685611
3960.000000 3.659975 162.637423 -0.622150 -0.690442
3980.000000 3.708022 162.475875 -0.566742 -0.695084
4000.000000 3.755400 162.315496 -0.504714 -0.699498
4020.000000 3.801433 162.156275 -0.436052 -0.703643
4040.000000 3.845344 161.998179 -0.360881 -0.707475
4060.000000 3.886280 161.841146 -0.279492 -0.710952
4080.000000 3.923349 161.685090 -0.192366 -0.714029
4100.000000 3.955658 161.529894 -0.100191 -0.716668
4120.000000 3.982371 161.375417 -0.003858 -0.718831
4140.000000 4.002755 161.221495 0.095550 -0.720488
4160.000000 4.016228 161.067947 0.196797 -0.721613
4180.000000 4.022393 160.914581 0.298547 -0.722187
4200.000000 4.021069 160.761201 0.399431 -0.722195
4220.000000 4.012297 160.607616 0.498115 -0.721631
4240.000000 3.996342 160.453641 0.593366 -0.720497
4260.000000 3.973667 160.299112 0.684098 -0.718803
4280.000000 3.944905 160.143879 0.769406 -0.716572
4300.000000 3.910804 159.987815 0.848577 -0.713833
4320.000000 3.872182 159.830816 0.921091 -0.710621
4340.000000 3.829873 159.672800 0.986610 -0.706976
4360.000000 3.784684 159.513709 1.044961 -0.702936
4380.000000 3.737361 159.353508 1.096115 -0.698542
4400.000000 3.688571 159.192179 1.140164 -0.693829
4420.000000 3.638892 159.029726 1.177292 -0.688834
4440.000000 3.588811 158.866166 1.207762 -0.683588
4460.000000 3.538733 158.701532 1.231884 -0.678121
4480.000000 3.488991 158.535864 1.250004 -0.672462
4500.000000 3.439853 158.369215 1.262486 -0.666634
4520.000000 3.391534 158.201642 1.269701 -0.660663
4540.000000 3.344210 158.033208 1.272017 -0.654571
4560.000000 3.298018 157.863981 1.269791 -0.648379
4580.000000 3.253069 157.694030 1.263369 -0.642108
4600.000000 3.209451 157.523428 1.253080 -0.635778
4620.000000 3.167232 157.352250 1.239235 -0.629410
4640.000000 3.126466 157.180569 1.222127 -0.623021
4660.000000 3.087194 157.008460 1.202034 -0.616632
4680.000000 3.049446 156.835997 1.179214 -0.610263
4700.000000 3.013243 156.663253 1.153909 -0.603931
4720.000000 2.978600 156.490296 1.126347 -0.597657
4740.000000 2.945525 156.317196 1.096740 -0.591459
4760.000000 2.914021 156.144015 1.065286 -0.585358
4780.000000 2.884086 155.970815 1.032170 -0.579373
4800.000000 2.855715 155.797651 0.997563 -0.573522
4820.000000 2.828899 155.624574 0.961627 -0.567826
4840.000000 2.803627 155.451632 0.924508 -0.562302
4860.000000 2.779885 155.278862 0.886344 -0.556970
4880.000000 2.757656 155.106302 0.847258 -0.551846
4900.000000 2.736922 154.933978 0.807368 -0.546947
4920.000000 2.717664 154.761913 0.766777 -0.542290
4940.000000 2.699861 154.590124 0.725581 -0.537890
4960.000000 2.683489 154.418620 0.683867 -0.533760
4980.000000 2.668526 154.247405 0.641715 -0.529914
5000.000000 2.654948 154.076477 0.599195 -0.526364
5020.000000 2.642731 153.905830 0.556373 -0.523119
5040.000000 2.631851 153.735449 0.513307 -0.520188
5060.000000 2.622284 153.565318 0.470051 -0.517580
5080.000000 2.614008 153.395415 0.426654 -0.515301
5100.000000 2.607000 153.225713 0.383163 -0.513355
5120.000000 2.601239 153.056184 0.339619 -0.511747
5140.000000 2.596705 152.886796 0.296063 -0.510478
5160.000000 2.593379 152.717515 0.252533 -0.509550
5180.000000 2.591244 152.548304 0.209066 -0.508962
5200.000000 2.590286 152.379127 0.165698 -0.508713
5220.000000 2.590489 152.209948 0.122465 -0.508800
5240.000000 2.591841 152.040728 0.079403 -0.509219
5260.000000 2.594332 151.871433 0.036547 -0.509965
5280.000000 2.597953 151.702026 -0.006064 -0.511033
5300.000000 2.602696 151.532477 -0.048393 -0.512414
5320.000000 2.608553 151.362753 -0.090399 -0.514102
5340.000000 2.615519 151.192827 -0.132041 -0.516086
5360.000000 2.623588 151.022675 -0.173274 -0.518357
5380.000000 2.632758 150.852276 -0.214053 -0.520905
5400.000000 2.643023 150.681613 -0.254328 -0.523718
5420.000000 2.654380 150.510673 -0.294046 -0.526783
5440.000000 2.666826 150.339448 -0.333152 -0.530089
5460.000000 2.680356 150.167933 -0.371585 -0.533621
5480.000000 2.694967 149.996129 -0.409283 -0.537366
5500.000000 2.710655 149.824042 -0.446177 -0.541310
5520.000000 2.727415 149.651679 -0.482194 -0.545439
5540.000000 2.745243 149.479056 -0.517257 -0.549738
5560.000000 2.764136 149.306191 -0.551284 -0.554194
5580.000000 2.784089 149.133106 -0.584188 -0.558791
5600.000000 2.805099 148.959828 -0.615875 -0.563518
5620.000000 2.827164 148.786386 -0.646247 -0.568359
5640.000000 2.850283 148.612816 -0.675199 -0.573303
5660.000000 2.874457 148.439153 -0.702623 -0.578337
5680.000000 2.899690 148.265439 -0.728400 -0.583450
5700.000000 2.925989 148.091717 -0.752408 -0.588632
5720.000000 2.953363 147.918032 -0.774517 -0.593872
5740.000000 2.981825 147.744433 -0.794587 -0.599162
5760.000000 3.011394 147.570972 -0.812472 -0.604493
5780.000000 3.042090 147.397702 -0.828015 -0.609859
5800.000000 3.073940 147.224677 -0.841048 -0.615252
5820.000000 3.106972 147.051956 -0.851391 -0.620667
5840.000000 3.141221 146.879598 -0.858853 -0.626099
5860.000000 3.176719 146.707665 -0.863225 -0.631540
5880.000000 3.213502 146.536220 -0.864284 -0.636986
5900.000000 3.251602 146.365328 -0.861789 -0.642430
5920.000000 3.291046 146.195056 -0.855481 -0.647865
5940.000000 3.331849 146.025474 -0.845083 -0.653283
5960.000000 3.374011 145.856649 -0.830301 -0.658673
5980.000000 3.417505 145.688651 -0.810824 -0.664024
6000.000000 3.462273 145.521548 -0.786331 -0.669321
6020.000000 3.508206 145.355407 -0.756495 -0.674546
6040.000000 3.555139 145.190288 -0.720995 -0.679676
6060.000000 3.602828 145.026246 -0.679523 -0.684688
6080.000000 3.650942 144.863326 -0.631808 -0.689550
6100.000000 3.699047 144.701560 -0.577631 -0.694230
6120.000000 3.746599 144.540961 -0.516848 -0.698689
6140.000000 3.792940 144.381525 -0.449425 -0.702888
6160.000000 3.837312 144.223222 -0.375457 -0.706783
6180.000000 3.878874 144.065996 -0.295203 -0.710329
6200.000000 3.916736 143.909764 -0.209107 -0.713485
6220.000000 3.950003 143.754417 -0.117817 -0.716208
6240.000000 3.977825 143.599817 -0.022186 -0.718463
6260.000000 3.999445 143.445805 0.076736 -0.720217
6280.000000 4.014250 143.292201 0.177738 -0.721444
6300.000000 4.021805 143.138816 0.279498 -0.722122
6320.000000 4.021889 142.985453 0.380648 -0.722237
6340.000000 4.014499 142.831920 0.479842 -0.721781
6360.000000 3.999861 142.678032 0.575824 -0.720752
6380.000000 3.978402 142.523619 0.667478 -0.719162
6400.000000 3.950727 142.368528 0.753863 -0.717030
6420.000000 3.917566 142.212629 0.834230 -0.714384
6440.000000 3.879728 142.055812 0.908023 -0.711258
6460.000000 3.838047 141.897992 0.974871 -0.707690
6480.000000 3.793339 141.739106 1.034572 -0.703722
6500.000000 3.746363 141.579114 1.087072 -0.699391
6520.000000 3.697801 141.417997 1.132440 -0.694735
6540.000000 3.648249 141.255753 1.170848 -0.689790
6560.000000 3.598210 141.092399 1.202543 -0.684589
6580.000000 3.548105 140.927963 1.227830 -0.679162
6600.000000 3.498277 140.762486 1.247048 -0.673536
6620.000000 3.449007 140.596017 1.260559 -0.667738
6640.000000 3.400521 140.428612 1.268733 -0.661792
6660.000000 3.352999 140.260335 1.271939 -0.655721
6680.000000 3.306585 140.091251 1.270538 -0.649546
6700.000000 3.261396 139.921430 1.264877 -0.643289
6720.000000 3.217523 139.750945 1.255289 -0.636969
6740.000000 3.175037 139.579869 1.242087 -0.630606
6760.000000 3.133995 139.408276 1.225570 -0.624219
6780.000000 3.094440 139.236242 1.206016 -0.617829
6800.000000 3.056405 139.063840 1.183688 -0.611454
6820.000000 3.019911 138.891143 1.158831 -0.605114
6840.000000 2.984975 138.718221 1.131676 -0.598827
6860.000000 2.951606 138.545142 1.102436 -0.592614
6880.000000 2.919807 138.371972 1.071314 -0.586494
6900.000000 2.889578 138.198771 1.038496 -0.580485
6920.000000 2.860915 138.025596 1.004157 -0.574608
6940.000000 2.833808 137.852500 0.968458 -0.568881
6960.000000 2.808248 137.679529 0.931550 -0.563324
6980.000000 2.784220 137.506724 0.893572 -0.557954
7000.000000 2.761708 137.334122 0.854650 -0.552790
7020.000000 2.740696 137.161752 0.814902 -0.547847
7040.000000 2.721163 136.989637 0.774435 -0.543144
7060.000000 2.703088 136.817795 0.733345 -0.538694
7080.000000 2.686450 136.646237 0.691723 -0.534513
7100.000000 2.671225 136.474968 0.649647 -0.530613
7120.000000 2.657389 136.303987 0.607191 -0.527006
7140.000000 2.644918 136.133288 0.564420 -0.523703
7160.000000 2.633790 135.962858 0.521396 -0.520713
7180.000000 2.623979 135.792682 0.478172 -0.518044
7200.000000 2.615463 135.622738 0.434798 -0.515703
7220.000000 2.608218 135.453001 0.391321 -0.513694
7240.000000 2.602225 135.283442 0.347784 -0.512022
7260.000000 2.597462 135.114030 0.304227 -0.510690
7280.000000 2.593911 134.944731 0.260690 -0.509698
7300.000000 2.591555 134.775510 0.217208 -0.509046
7320.000000 2.590376 134.606330 0.173819 -0.508734
7340.000000 2.590363 134.437154 0.130558 -0.508758
7360.000000 2.591501 134.267944 0.087460 -0.509115
7380.000000 2.593779 134.098666 0.044563 -0.509801
7400.000000 2.597189 133.929283 0.001903 -0.510808
7420.000000 2.601721 133.759762 -0.040481 -0.512132
7440.000000 2.607370 133.590073 -0.082551 -0.513762
7460.000000 2.614128 133.420187 -0.124264 -0.515692
7480.000000 2.621992 133.250079 -0.165578 -0.517910
7500.000000 2.630956 133.079728 -0.206446 -0.520407
7520.000000 2.641016 132.909116 -0.246819 -0.523171
7540.000000 2.652168 132.738228 -0.286645 -0.526190
7560.000000 2.664410 132.567057 -0.325870 -0.529451
7580.000000 2.677737 132.395597 -0.364435 -0.532942
7600.000000 2.692146 132.223847 -0.402275 -0.536648
7620.000000 2.707632 132.051812 -0.439325 -0.540556
7640.000000 2.724192 131.879500 -0.475512 -0.544651
7660.000000 2.741820 131.706925 -0.510761 -0.548920
7680.000000 2.760514 131.534103 -0.544988 -0.553347
7700.000000 2.780268 131.361058 -0.578109 -0.557919
7720.000000 2.801080 131.187813 -0.610032 -0.562623
7740.000000 2.822947 131.014400 -0.640658 -0.567444
7760.000000 2.845869 130.840851 -0.669885 -0.572369
7780.000000 2.869845 130.667202 -0.697604 -0.577387
7800.000000 2.894879 130.493495 -0.723699 -0.582486
7820.000000 2.920978 130.319770 -0.748048 -0.587656
7840.000000 2.948149 130.146075 -0.770523 -0.592886
7860.000000 2.976406 129.972457 -0.790987 -0.598167
7880.000000 3.005766 129.798966 -0.809293 -0.603491
7900.000000 3.036249 129.625655 -0.825287 -0.608851
7920.000000 3.067880 129.452580 -0.838804 -0.614239
7940.000000 3.100689 129.279798 -0.849666 -0.619651
7960.000000 3.134706 129.107367 -0.857683 -0.625079
7980.000000 3.169968 128.935350 -0.862651 -0.630519
8000.000000 3.206507 128.763808 -0.864349 -0.635965
8020.000000 3.244358 128.592807 -0.862540 -0.641410
8040.000000 3.283548 128.422415 -0.856967 -0.646847
8060.000000 3.324096 128.252698 -0.847358 -0.652269
8080.000000 3.366004 128.083725 -0.833420 -0.657665
8100.000000 3.409253 127.915567 -0.814847 -0.663025
8120.000000 3.453788 127.748292 -0.791319 -0.668333
8140.000000 3.499514 127.581965 -0.762510 -0.673573
8160.000000 3.546275 127.416650 -0.728095 -0.678723
8180.000000 3.593844 127.252402 -0.687765 -0.683759
8200.000000 3.641909 127.089269 -0.641240 -0.688651
8220.000000 3.690054 126.927285 -0.588287 -0.693368
8240.000000 3.737756 126.766467 -0.528749 -0.697872
8260.000000 3.784379 126.606815 -0.462567 -0.702123
8280.000000 3.829182 126.448302 -0.389812 -0.706078
8300.000000 3.871337 126.290880 -0.310708 -0.709693
8320.000000 3.909961 126.134470 -0.225664 -0.712925
8340.000000 3.944157 125.978967 -0.135289 -0.715732
8360.000000 3.973061 125.824238 -0.040398 -0.718077
8380.000000 3.995895 125.670129 0.057995 -0.719928
8400.000000 4.012016 125.516462 0.158706 -0.721255
8420.000000 4.020954 125.363051 0.260428 -0.722038
8440.000000 4.022445 125.209699 0.361796 -0.722259
8460.000000 4.016446 125.056213 0.461456 -0.721910
8480.000000 4.003140 124.902405 0.558130 -0.720988
8500.000000 3.982919 124.748102 0.650672 -0.719502
8520.000000 3.956356 124.593149 0.738108 -0.717470
8540.000000 3.924163 124.437410 0.819651 -0.714917
8560.000000 3.887138 124.280772 0.894710 -0.711879
8580.000000 3.846115 124.123146 0.962880 -0.708391
8600.000000 3.801914 123.964463 1.023929 -0.704494
8620.000000 3.755309 123.804681 1.077777 -0.700228
8640.000000 3.706997 123.643775 1.124472 -0.695631
8660.000000 3.657589 123.481742 1.164168 -0.690738
8680.000000 3.607607 123.318594 1.197100 -0.685582
8700.000000 3.557485 123.154359 1.223562 -0.680195
8720.000000 3.507583 122.989073 1.243891 -0.674604
8740.000000 3.458190 122.822786 1.258444 -0.668837
8760.000000 3.409542 122.655552 1.267590 -0.662917
8780.000000 3.361827 122.487433 1.271700 -0.656868
8800.000000 3.315196 122.318495 1.271135 -0.650711
8820.000000 3.269770 122.148807 1.266247 -0.644467
8840.000000 3.225643 121.978440 1.257370 -0.638157
8860.000000 3.182893 121.807470 1.244823 -0.631801
8880.000000 3.141577 121.635968 1.228906 -0.625417
8900.000000 3.101740 121.464011 1.209901 -0.619027
8920.000000 3.063418 121.291673 1.188074 -0.612647
8940.000000 3.026634 121.119026 1.163673 -0.606299
8960.000000 2.991405 120.946140 1.136931 -0.600001
8980.000000 2.957741 120.773086 1.108067 -0.593772
9000.000000 2.925648 120.599928 1.077283 -0.587633
9020.000000 2.895125 120.426728 1.044769 -0.581602
9040.000000 2.866169 120.253545 1.010702 -0.575699
9060.000000 2.838771 120.080430 0.975247 -0.569943
9080.000000 2.812922 119.907432 0.938554 -0.564352
9100.000000 2.788608 119.734593 0.900767 -0.558946
9120.000000 2.765814 119.561951 0.862013 -0.553741
9140.000000 2.744522 119.389535 0.822411 -0.548756
9160.000000 2.724713 119.217371 0.782071 -0.544007
9180.000000 2.706367 119.045477 0.741091 -0.539508
9200.000000 2.689461 118.873865 0.699562 -0.535276
9220.000000 2.673972 118.702542 0.657565 -0.531322
9240.000000 2.659878 118.531507 0.615175 -0.527659
9260.000000 2.647153 118.360756 0.572459 -0.524299
9280.000000 2.635775 118.190277 0.529478 -0.521249
9300.000000 2.625719 118.020054 0.486287 -0.518520
9320.000000 2.616961 117.850068 0.442938 -0.516117
9340.000000 2.609481 117.680294 0.399477 -0.514045
9360.000000 2.603254 117.510705 0.355948 -0.512310
9380.000000 2.598262 117.341268 0.312392 -0.510914
9400.000000 2.594486 117.171950 0.268848 -0.509858
9420.000000 2.591906 117.002717 0.225353 -0.509142
9440.000000 2.590508 116.833532 0.181944 -0.508767
9460.000000 2.590277 116.664358 0.138656 -0.508728
9480.000000 2.591200 116.495158 0.095525 -0.509023
9500.000000 2.593266 116.325895 0.052588 -0.509647
9520.000000 2.596464 116.156534 0.009881 -0.510595
9540.000000 2.600787 115.987042 -0.032559 -0.511860
9560.000000 2.606226 115.817387 -0.074690 -0.513434
9580.000000 2.612777 115.647539 -0.116474 -0.515308
9600.000000 2.620434 115.477475 -0.157866 -0.517473
9620.000000 2.629192 115.307171 -0.198821 -0.519918
9640.000000 2.639046 115.136609 -0.239290 -0.522633
9660.000000 2.649995 114.965774 -0.279224 -0.525605
9680.000000 2.662033 114.794656 -0.318566 -0.528822
9700.000000 2.675156 114.623250 -0.357259 -0.532271
9720.000000 2.689363 114.451555 -0.395240 -0.535937
9740.000000 2.704647 114.279572 -0.432443 -0.539809
9760.000000 2.721006 114.107312 -0.468798 -0.543870
9780.000000 2.738434 113.934784 -0.504228 -0.548107
9800.000000 2.756928 113.762008 -0.538654 -0.552506
9820.000000 2.776484 113.589002 -0.571989 -0.557052
9840.000000 2.797098 113.415793 -0.604143 -0.561732
9860.000000 2.818768 113.242409 -0.635020 -0.566531
9880.000000 2.841491 113.068882 -0.664518 -0.571438
9900.000000 2.865270 112.895250 -0.692528 -0.576440
9920.000000 2.890106 112.721550 -0.718936 -0.581525
9940.000000 2.916004 112.547826 -0.743623 -0.586682
9960.000000 2.942973 112.374121 -0.766459 -0.591901
9980.000000 2.971026 112.200485 -0.787310 -0.597173
10000.000000 3.000177 112.026966 -0.806032 -0.602490
10020.000000 3.030448 111.853617 -0.822472 -0.607843
10040.000000 3.061862 111.680494 -0.836467 -0.613227
10060.000000 3.094447 111.507652 -0.847840 -0.618635
10080.000000 3.128236 111.335151 -0.856406 -0.624061
10100.000000 3.163261 111.163051 -0.861962 -0.629499
10120.000000 3.199559 110.991415 -0.864291 -0.634944
10140.000000 3.237161 110.820308 -0.863157 -0.640389
10160.000000 3.276099 110.649797 -0.858310 -0.645829
10180.000000 3.316391 110.479948 -0.849479 -0.651254
10200.000000 3.358045 110.310830 -0.836376 -0.656656
10220.000000 3.401045 110.142514 -0.818696 -0.662024
10240.000000 3.445345 109.975068 -0.796122 -0.667343
10260.000000 3.490858 109.808559 -0.768328 -0.672597
10280.000000 3.537439 109.643050 -0.734988 -0.677765
10300.000000 3.584879 109.478598 -0.695790 -0.682825
10320.000000 3.632879 109.315253 -0.650445 -0.687746
10340.000000 3.681045 109.153051 -0.598711 -0.692499
10360.000000 3.728875 108.992015 -0.540416 -0.697046
10380.000000 3.775754 108.832145 -0.475479 -0.701347
10400.000000 3.820959 108.673422 -0.403943 -0.705361
10420.000000 3.863677 108.515800 -0.326004 -0.709043
10440.000000 3.903031 108.359207 -0.242034 -0.712350
10460.000000 3.938125 108.203543 -0.152602 -0.715240
10480.000000 3.968083 108.048681 -0.058486 -0.717675
10500.000000 3.992109 107.894468 0.039336 -0.719620
10520.000000 4.009530 107.740733 0.139709 -0.721047
10540.000000 4.019841 107.587289 0.241344 -0.721933
10560.000000 4.022738 107.433941 0.342883 -0.722261
10580.000000 4.018136 107.280494 0.442964 -0.722019
10600.000000 4.006176 107.126760 0.540290 -0.721204
10620.000000 3.987212 106.972562 0.633687 -0.719823
10640.000000 3.961787 106.817742 0.722145 -0.717891
10660.000000 3.930591 106.662160 0.804844 -0.715434
10680.000000 3.894409 106.505698 0.881154 -0.712484
10700.000000 3.854071 106.348263 0.950638 -0.709077
10720.000000 3.810406 106.189782 1.013033 -0.705254
10740.000000 3.764195 106.030208 1.068230 -0.701054
10760.000000 3.716154 105.869514 1.116257 -0.696516
10780.000000 3.666909 105.707692 1.157250 -0.691676
10800.000000 3.616999 105.544751 1.191429 -0.686567
10820.000000 3.566874 105.380717 1.219079 -0.681221
10840.000000 3.516907 105.215625 1.240531 -0.675667
10860.000000 3.467399 105.049521 1.256138 -0.669930
10880.000000 3.418595 104.882460 1.266270 -0.664037
10900.000000 3.370693 104.714502 1.271296 -0.658010
10920.000000 3.323849 104.545713 1.271581 -0.651872
10940.000000 3.278189 104.376160 1.267477 -0.645643
10960.000000 3.233813 104.205915 1.259323 -0.639344
10980.000000 3.190799 104.035052 1.247441 -0.632995
11000.000000 3.149210 103.863644 1.232133 -0.626615
11020.000000 3.109094 103.691767 1.213686 -0.620224
11040.000000 3.070485 103.519495 1.192369 -0.613841
11060.000000 3.033411 103.346900 1.168432 -0.607486
11080.000000 2.997890 103.174054 1.142112 -0.601177
11100.000000 2.963932 103.001026 1.113630 -0.594934
11120.000000 2.931545 102.827883 1.083191 -0.588776
11140.000000 2.900728 102.654686 1.050987 -0.582723
11160.000000 2.871478 102.481495 1.017199 -0.576795
11180.000000 2.843789 102.308364 0.981992 -0.571010
11200.000000 2.817650 102.135340 0.945520 -0.565386
11220.000000 2.793050 101.962469 0.907928 -0.559944
11240.000000 2.769972 101.789787 0.869345 -0.554701
11260.000000 2.748400 101.617327 0.829894 -0.549673
11280.000000 2.728314 101.445114 0.789685 -0.544878
11300.000000 2.709695 101.273169 0.748818 -0.540332
11320.000000 2.692521 101.101503 0.707385 -0.536048
11340.000000 2.676769 100.930125 0.665470 -0.532041
11360.000000 2.662415 100.759037 0.623149 -0.528323
11380.000000 2.649435 100.588233 0.580489 -0.524905
11400.000000 2.637806 100.417704 0.537553 -0.521797
11420.000000 2.627504 100.247435 0.494397 -0.519007
11440.000000 2.618505 100.077407 0.451074 -0.516542
11460.000000 2.610787 99.907595 0.407631 -0.514408
11480.000000 2.604327 99.737973 0.364111 -0.512610
11500.000000 2.599105 99.568510 0.320557 -0.511150
11520.000000 2.595102 99.399172 0.277008 -0.510030
11540.000000 2.592299 99.229926 0.233501 -0.509251
11560.000000 2.590681 99.060735 0.190073 -0.508811
11580.000000 2.590232 98.891562 0.146760 -0.508710
11600.000000 2.590940 98.722369 0.103597 -0.508943
11620.000000 2.592792 98.553121 0.060620 -0.509506
11640.000000 2.595778 98.383781 0.017867 -0.510393
11660.000000 2.599891 98.214316 -0.024625 -0.511599
11680.000000 2.605122 98.044693 -0.066818 -0.513116
11700.000000 2.611465 97.874884 -0.108670 -0.514934
11720.000000 2.618915 97.704862 -0.150138 -0.517045
11740.000000 2.627466 97.534605 -0.191179 -0.519439
11760.000000 2.637116 97.364092 -0.231743 -0.522104
11780.000000 2.647859 97.193309 -0.271781 -0.525029
11800.000000 2.659693 97.022245 -0.311238 -0.528201
11820.000000 2.672614 96.850894 -0.350058 -0.531607
11840.000000 2.686617 96.679252 -0.388177 -0.535234
11860.000000 2.701700 96.507323 -0.425532 -0.539068
11880.000000 2.717858 96.335114 -0.462051 -0.543095
11900.000000 2.735086 96.162636 -0.497660 -0.547300
11920.000000 2.753381 95.989904 -0.532281 -0.551669
11940.000000 2.772738 95.816940 -0.565827 -0.556189
11960.000000 2.793153 95.643766 -0.598210 -0.560845
11980.000000 2.814625 95.470413 -0.629334 -0.565623
12000.000000 2.837151 95.296910 -0.659098 -0.570511
12020.000000 2.860732 95.123295 -0.687395 -0.575496
12040.000000 2.885369 94.949605 -0.714113 -0.580566
12060.000000 2.911068 94.775881 -0.739132 -0.585710
12080.000000 2.937836 94.602170 -0.762325 -0.590918
12100.000000 2.965684 94.428517 -0.783559 -0.596181
12120.000000 2.994628 94.254972 -0.802692 -0.601490
12140.000000 3.024687 94.081587 -0.819572 -0.606837
12160.000000 3.055885 93.908418 -0.834037 -0.612216
12180.000000 3.088248 93.735519 -0.845916 -0.617620
12200.000000 3.121809 93.562949 -0.855023 -0.623043
12220.000000 3.156600 93.390769 -0.861160 -0.628479
12240.000000 3.192656 93.219041 -0.864110 -0.633923
12260.000000 3.230011 93.047830 -0.863645 -0.639369
12280.000000 3.268697 92.877202 -0.859514 -0.644810
12300.000000 3.308734 92.707223 -0.851451 -0.650238
12320.000000 3.350133 92.537964 -0.839172 -0.655646
12340.000000 3.392884 92.369492 -0.822374 -0.661021
12360.000000 3.436945 92.201878 -0.800742 -0.666350
12380.000000 3.482239 92.035188 -0.773951 -0.671618
12400.000000 3.528635 91.869487 -0.741675 -0.676804
12420.000000 3.575933 91.704833 -0.703598 -0.681886
12440.000000 3.623854 91.541277 -0.659425 -0.686836
12460.000000 3.672025 91.378859 -0.608905 -0.691622
12480.000000 3.719961 91.217603 -0.551849 -0.696211
12500.000000 3.767070 91.057515 -0.488157 -0.700561
12520.000000 3.812649 90.898580 -0.417849 -0.704633
12540.000000 3.855898 90.740756 -0.341088 -0.708380
12560.000000 3.895951 90.583978 -0.258211 -0.711761
12580.000000 3.931911 90.428149 -0.169750 -0.714732
12600.000000 3.962896 90.273147 -0.076443 -0.717255
12620.000000 3.988090 90.118825 0.020768 -0.719294
12640.000000 4.006793 89.965014 0.120757 -0.720820
12660.000000 4.018466 89.811530 0.222258 -0.721809
12680.000000 4.022767 89.658179 0.323919 -0.722243
12700.000000 4.019566 89.504765 0.424375 -0.722108
12720.000000 4.008964 89.351098 0.522311 -0.721401
12740.000000 3.991277 89.197001 0.616526 -0.720125
12760.000000 3.967015 89.042308 0.705979 -0.718294
12780.000000 3.936843 88.886878 0.789811 -0.715933
12800.000000 3.901533 88.730589 0.867358 -0.713073
12820.000000 3.861911 88.573343 0.938147 -0.709749
12840.000000 3.818808 88.415063 1.001883 -0.706001
12860.000000 3.773018 88.255696 1.058431 -0.701869
12880.000000 3.725269 88.095213 1.107795 -0.697391
12900.000000 3.676206 87.933602 1.150092 -0.692605
12920.000000 3.626384 87.770870 1.185528 -0.687544
12940.000000 3.576269 87.607038 1.214378 -0.682240
12960.000000 3.526247 87.442141 1.236966 -0.676723
12980.000000 3.476633 87.276223 1.253641 -0.671018
13000.000000 3.427681 87.109337 1.264771 -0.665153
13020.000000 3.379596 86.941543 1.270726 -0.659149
13040.000000 3.332543 86.772904 1.271872 -0.653030
13060.000000 3.286653 86.603488 1.268565 -0.646817
13080.000000 3.242030 86.433368 1.261145 -0.640529
13100.000000 3.198756 86.262615 1.249938 -0.634188
13120.000000 3.156896 86.091304 1.235250 -0.627813
13140.000000 3.116500 85.919509 1.217371 -0.621422
13160.000000 3.077607 85.747305 1.196572 -0.615036
13180.000000 3.040243 85.574765 1.173108 -0.608674
13200.000000 3.004430 85.401961 1.147217 -0.602355
13220.000000 2.970179 85.228962 1.119124 -0.596098
13240.000000 2.937497 85.055836 1.089037 -0.589923
13260.000000 2.906385 84.882645 1.057150 -0.583849
13280.000000 2.876842 84.709448 1.023646 -0.577896
13300.000000 2.848861 84.536302 0.988692 -0.572082
13320.000000 2.822433 84.363255 0.952447 -0.566427
13340.000000 2.797545 84.190352 0.915054 -0.560950
13360.000000 2.774183 84.017632 0.876648 -0.555668
13380.000000 2.752330 83.845128 0.837351 -0.550598
13400.000000 2.731967 83.672867 0.797275 -0.545759
13420.000000 2.713075 83.500870 0.756524 -0.541165
13440.000000 2.695632 83.329151 0.715191 -0.536831
13460.000000 2.679614 83.157719 0.673361 -0.532771
13480.000000 2.665000 82.986577 0.631110 -0.528998
13500.000000 2.651765 82.815720 0.588509 -0.525523
13520.000000 2.639885 82.645141 0.545620 -0.522356
13540.000000 2.629336 82.474824 0.502501 -0.519505
13560.000000 2.620094 82.304752 0.459206 -0.516979
13580.000000 2.612137 82.134902 0.415782 -0.514783
13600.000000 2.605443 81.965247 0.372273 -0.512921
13620.000000 2.599991 81.795756 0.328723 -0.511397
13640.000000 2.595760 81.626398 0.285170 -0.510214
13660.000000 2.592734 81.457138 0.241652 -0.509371
13680.000000 2.590895 81.287939 0.198206 -0.508868
13700.000000 2.590228 81.118765 0.154869 -0.508703
13720.000000 2.590720 80.949579 0.111675 -0.508874
13740.000000 2.592358 80.780344 0.068661 -0.509375
13760.000000 2.595133 80.611024 0.025863 -0.510202
13780.000000 2.599035 80.441584 -0.016681 -0.511349
13800.000000 2.604056 80.271994 -0.058933 -0.512808
13820.000000 2.610191 80.102222 -0.100852 -0.514571
13840.000000 2.617434 79.932242 -0.142396 -0.516628
13860.000000 2.625779 79.762030 -0.183520 -0.518969
13880.000000 2.635223 79.591566 -0.224178 -0.521584
13900.000000 2.645762 79.420835 -0.264318 -0.524461
13920.000000 2.657392 79.249824 -0.303889 -0.527588
13940.000000 2.670109 79.078527 -0.342832 -0.530951
13960.000000 2.683910 78.906940 -0.381087 -0.534538
13980.000000 2.698791 78.735064 -0.418590 -0.538334
14000.000000 2.714747 78.562907 -0.455272 -0.542326
14020.000000 2.731775 78.390478 -0.491058 -0.546499
14040.000000 2.749870 78.217792 -0.525870 -0.550838
14060.000000 2.769028 78.044870 -0.559624 -0.555331
14080.000000 2.789246 77.871734 -0.592232 -0.559962
14100.000000 2.810520 77.698412 -0.623600 -0.564719
14120.000000 2.832848 77.524935 -0.653627 -0.569587
14140.000000 2.856231 77.351337 -0.682207 -0.574555
14160.000000 2.880670 77.177658 -0.709230 -0.579610
14180.000000 2.906169 77.003938 -0.734577 -0.584741
14200.000000 2.932736 76.830220 -0.758123 -0.589938
14220.000000 2.960380 76.656552 -0.779734 -0.595191
14240.000000 2.989118 76.482983 -0.799272 -0.600492
14260.000000 3.018966 76.309565 -0.816586 -0.605832
14280.000000 3.049948 76.136351 -0.831517 -0.611206
14300.000000 3.082091 75.963397 -0.843895 -0.616605
14320.000000 3.115425 75.790761 -0.853536 -0.622025
14340.000000 3.149982 75.618503 -0.860245 -0.627459
14360.000000 3.185799 75.446686 -0.863810 -0.632902
14380.000000 3.222908 75.275373 -0.864003 -0.638348
14400.000000 3.261342 75.104630 -0.860580 -0.643790
14420.000000 3.301125 74.934524 -0.853275 -0.649222
14440.000000 3.342269 74.765125 -0.841809 -0.654634
14460.000000 3.384768 74.596500 -0.825881 -0.660016
14480.000000 3.428589 74.428720 -0.805180 -0.665355
14500.000000 3.473660 74.261852 -0.779381 -0.670636
14520.000000 3.519862 74.095960 -0.748158 -0.675839
14540.000000 3.567009 73.931106 -0.711192 -0.680942
14560.000000 3.614839 73.767341 -0.668182 -0.685919
14580.000000 3.662996 73.604708 -0.618868 -0.690739
14600.000000 3.711019 73.443233 -0.563048 -0.695368
14620.000000 3.758333 73.282926 -0.500603 -0.699766
14640.000000 3.804257 73.123777 -0.431528 -0.703893
14660.000000 3.848007 72.965750 -0.355956 -0.707704
14680.000000 3.888728 72.808782 -0.274191 -0.711157
14700.000000 3.925523 72.652783 -0.186727 -0.714208
14720.000000 3.957505 72.497636 -0.094263 -0.716817
14740.000000 3.983842 72.343199 0.002297 -0.718950
14760.000000 4.003808 72.189306 0.101858 -0.720574
14780.000000 4.016832 72.035775 0.203177 -0.721666
14800.000000 4.022531 71.882414 0.304913 -0.722204
14820.000000 4.020736 71.729027 0.405697 -0.722177
14840.000000 4.011504 71.575422 0.504201 -0.721577
14860.000000 3.995112 71.421418 0.599199 -0.720407
14880.000000 3.972035 71.266849 0.689615 -0.718679
14900.000000 3.942915 71.111567 0.774557 -0.716415
14920.000000 3.908506 70.955447 0.853324 -0.713645
14940.000000 3.869629 70.798386 0.925407 -0.710405
14960.000000 3.827116 70.640305 0.990480 -0.706734
14980.000000 3.781772 70.481145 1.048380 -0.702671
15000.000000 3.734338 70.320873 1.099085 -0.698255
15020.000000 3.685477 70.159473 1.142693 -0.693524
15040.000000 3.635759 69.996950 1.179396 -0.688512
15060.000000 3.585667 69.833322 1.209457 -0.683251
15080.000000 3.535602 69.668621 1.233193 -0.677772
15100.000000 3.485890 69.502891 1.250948 -0.672101
15120.000000 3.436797 69.336182 1.263090 -0.666264
15140.000000 3.388536 69.168553 1.269987 -0.660284
15160.000000 3.341279 69.000068 1.272007 -0.654185
15180.000000 3.295162 68.830793 1.269508 -0.647988
15200.000000 3.250294 68.660799 1.262834 -0.641713
15220.000000 3.206762 68.490159 1.252313 -0.635380
15240.000000 3.164633 68.318947 1.238255 -0.629009
15260.000000 3.123959 68.147237 1.220953 -0.622620
15280.000000 3.084782 67.975104 1.200681 -0.616232
15300.000000 3.047130 67.802621 1.177698 -0.609864
15320.000000 3.011025 67.629861 1.152245 -0.603535
15340.000000 2.976480 67.456894 1.124549 -0.597265
15360.000000 2.943504 67.283786 1.094820 -0.591074
15380.000000 2.912098 67.110603 1.063256 -0.584979
15400.000000 2.882261 66.937403 1.030042 -0.579002
15420.000000 2.853988 66.764243 0.995348 -0.573161
15440.000000 2.827269 66.591174 0.959333 -0.567474
15460.000000 2.802094 66.418241 0.922145 -0.561962
15480.000000 2.778447 66.245484 0.883919 -0.556642
15500.000000 2.756312 66.072937 0.844780 -0.551532
15520.000000 2.735672 65.900629 0.804842 -0.546648
15540.000000 2.716505 65.728581 0.764210 -0.542006
15560.000000 2.698792 65.556810 0.722980 -0.537623
15580.000000 2.682509 65.385324 0.681236 -0.533511
15600.000000 2.667634 65.214127 0.639059 -0.529683
15620.000000 2.654142 65.043217 0.596518 -0.526151
15640.000000 2.642010 64.872586 0.553679 -0.522925
15660.000000 2.631213 64.702222 0.510599 -0.520015
15680.000000 2.621728 64.532106 0.467333 -0.517427
15700.000000 2.613532 64.362216 0.423930 -0.515169
15720.000000 2.606603 64.192526 0.380434 -0.513244
15740.000000 2.600919 64.023007 0.336888 -0.511657
15760.000000 2.596461 63.853627 0.293333 -0.510410
15780.000000 2.593210 63.684351 0.249806 -0.509503
15800.000000 2.591150 63.515143 0.206344 -0.508936
15820.000000 2.590264 63.345968 0.162983 -0.508708
15840.000000 2.590540 63.176787 0.119760 -0.508816
15860.000000 2.591964 63.007564 0.076709 -0.509256
15880.000000 2.594526 62.838262 0.033868 -0.510023
15900.000000 2.598218 62.668848 -0.008727 -0.511110
15920.000000 2.603030 62.499288 -0.051036 -0.512511
15940.000000 2.608957 62.329552 -0.093021 -0.514217
15960.000000 2.615992 62.159613 -0.134639 -0.516220
15980.000000 2.624131 61.989446 -0.175845 -0.518509
16000.000000 2.633369 61.819031 -0.216594 -0.521074
16020.000000 2.643703 61.648351 -0.256835 -0.523903
16040.000000 2.655129 61.477393 -0.296517 -0.526984
16060.000000 2.667642 61.306150 -0.335582 -0.530303
16080.000000 2.681240 61.134617 -0.373971 -0.533849
16100.000000 2.695919 60.962795 -0.411621 -0.537607
16120.000000 2.711674 60.790690 -0.448461 -0.541563
16140.000000 2.728501 60.618311 -0.484421 -0.545703
16160.000000 2.746397 60.445672 -0.519422 -0.550013
16180.000000 2.765356 60.272792 -0.553381 -0.554478
16200.000000 2.785375 60.099694 -0.586211 -0.559084
16220.000000 2.806451 59.926405 -0.617819 -0.563818
16240.000000 2.828582 59.752954 -0.648105 -0.568666
16260.000000 2.851767 59.579377 -0.676965 -0.573616
16280.000000 2.876008 59.405710 -0.704289 -0.578656
16300.000000 2.901308 59.231994 -0.729959 -0.583773
16320.000000 2.927674 59.058272 -0.753852 -0.588959
16340.000000 2.955115 58.884592 -0.775837 -0.594202
16360.000000 2.983647 58.711000 -0.795774 -0.599495
16380.000000 3.013285 58.537550 -0.813517 -0.604829
16400.000000 3.044053 58.364293 -0.828907 -0.610196
16420.000000 3.075976 58.191286 -0.841777 -0.615591
16440.000000 3.109084 58.018586 -0.851946 -0.621008
16460.000000 3.143409 57.846252 -0.859220 -0.626439
16480.000000 3.178987 57.674348 -0.863392 -0.631881
16500.000000 3.215852 57.502935 -0.864235 -0.637327
16520.000000 3.254035 57.332081 -0.861509 -0.642771
16540.000000 3.293564 57.161850 -0.854953 -0.648205
16560.000000 3.334453 56.992313 -0.844289 -0.653622
16580.000000 3.376699 56.823538 -0.829221 -0.659010
16600.000000 3.420276 56.655594 -0.809439 -0.664358
16620.000000 3.465120 56.488550 -0.784620 -0.669651
16640.000000 3.511122 56.322471 -0.754439 -0.674870
16660.000000 3.558110 56.157418 -0.718573 -0.679994
16680.000000 3.605836 55.993445 -0.676718 -0.684997
16700.000000 3.653964 55.830597 -0.628603 -0.689849
16720.000000 3.702051 55.668903 -0.574014 -0.694516
16740.000000 3.749548 55.508378 -0.512816 -0.698961
16760.000000 3.795789 55.349014 -0.444978 -0.703142
16780.000000 3.840010 55.190780 -0.370606 -0.707016
16800.000000 3.881366 55.033619 -0.289970 -0.710539
16820.000000 3.918966 54.877447 -0.203528 -0.713669
16840.000000 3.951916 54.722151 -0.111938 -0.716364
16860.000000 3.979370 54.567593 -0.016068 -0.718588
16880.000000 4.000579 54.413611 0.083021 -0.720310
16900.000000 4.014940 54.260027 0.184111 -0.721503
16920.000000 4.022031 54.106649 0.285873 -0.722146
16940.000000 4.021644 53.953282 0.386939 -0.722226
16960.000000 4.013791 53.799732 0.485967 -0.721733
16980.000000 3.998710 53.645815 0.581709 -0.720669
17000.000000 3.976843 53.491364 0.673058 -0.719044
17020.000000 3.948801 53.336226 0.759086 -0.716879
17040.000000 3.915322 53.180272 0.839055 -0.714201
17060.000000 3.877218 53.023394 0.912421 -0.711047
17080.000000 3.835324 52.865509 0.978825 -0.707453
17100.000000 3.790452 52.706555 1.038075 -0.703460
17120.000000 3.743358 52.546493 1.090124 -0.699108
17140.000000 3.694718 52.385305 1.135051 -0.694433
17160.000000 3.645121 52.222991 1.173030 -0.689471
17180.000000 3.595066 52.059568 1.204314 -0.684255
17200.000000 3.544969 51.895066 1.229209 -0.678814
17220.000000 3.495169 51.729525 1.248059 -0.673177
17240.000000 3.445942 51.562995 1.261224 -0.667369
17260.000000 3.397511 51.395534 1.269076 -0.661415
17280.000000 3.350055 51.227204 1.271983 -0.655337
17300.000000 3.303715 51.058071 1.270305 -0.649156
17320.000000 3.258606 50.888207 1.264388 -0.642894
17340.000000 3.214817 50.717682 1.254564 -0.636571
17360.000000 3.172421 50.546572 1.241146 -0.630206
17380.000000 3.131471 50.374950 1.224430 -0.623819
17400.000000 3.092011 50.202890 1.204695 -0.617429
17420.000000 3.054071 50.030468 1.182201 -0.611056
17440.000000 3.017674 49.857754 1.157194 -0.604718
17460.000000 2.982836 49.684821 1.129902 -0.598435
17480.000000 2.949566 49.511734 1.100538 -0.592227
17500.000000 2.917866 49.338560 1.069304 -0.586113
17520.000000 2.887735 49.165359 1.036386 -0.580113
17540.000000 2.859169 48.992188 1.001957 -0.574244
17560.000000 2.832160 48.819098 0.966178 -0.568528
17580.000000 2.806696 48.646136 0.929199 -0.562982
17600.000000 2.782764 48.473344 0.891158 -0.557624
17620.000000 2.760347 48.300755 0.852181 -0.552473
17640.000000 2.739428 48.128400 0.812385 -0.547545
17660.000000 2.719987 47.956302 0.771876 -0.542857
17680.000000 2.702003 47.784478 0.730750 -0.538424
17700.000000 2.685454 47.612938 0.689097 -0.534260
17720.000000 2.670316 47.441687 0.646995 -0.530378
17740.000000 2.656567 47.270724 0.604518 -0.526790
17760.000000 2.644182 47.100042 0.561730 -0.523506
17780.000000 2.633136 46.929629 0.518691 -0.520536
17800.000000 2.623407 46.759468 0.475456 -0.517888
17820.000000 2.614971 46.589537 0.432074 -0.515567
17840.000000 2.607806 46.419812 0.388592 -0.513580
17860.000000 2.601891 46.250263 0.345053 -0.511929
17880.000000 2.597204 46.080860 0.301497 -0.510618
17900.000000 2.593729 45.911567 0.257961 -0.509647
17920.000000 2.591446 45.742349 0.214484 -0.509017
17940.000000 2.590341 45.573170 0.171102 -0.508725
17960.000000 2.590400 45.403993 0.127850 -0.508771
17980.000000 2.591610 45.234781 0.084764 -0.509149
18000.000000 2.593960 45.065497 0.041881 -0.509854
18020.000000 2.597440 44.896106 -0.000763 -0.510882
18040.000000 2.602043 44.726576 -0.043129 -0.512225
18060.000000 2.607761 44.556875 -0.085177 -0.513875
18080.000000 2.614589 44.386976 -0.126867 -0.515823
18100.000000 2.622522 44.216853 -0.168154 -0.518059
18120.000000 2.631554 44.046486 -0.208992 -0.520573
18140.000000 2.641683 43.875857 -0.249333 -0.523353
18160.000000 2.652904 43.704952 -0.289123 -0.526387
18180.000000 2.665214 43.533763 -0.328308 -0.529664
18200.000000 2.678609 43.362284 -0.366829 -0.533168
18220.000000 2.693085 43.190517 -0.404622 -0.536887
18240.000000 2.708639 43.018464 -0.441620 -0.540807
18260.000000 2.725266 42.846135 -0.477751 -0.544914
18280.000000 2.742961 42.673544 -0.512938 -0.549193
18300.000000 2.761721 42.500708 -0.547099 -0.553630
18320.000000 2.781542 42.327649 -0.580147 -0.558211
18340.000000 2.802420 42.154393 -0.611991 -0.562922
18360.000000 2.824353 41.980970 -0.642533 -0.567749
18380.000000 2.847341 41.807413 -0.671668 -0.572681
18400.000000 2.871383 41.633760 -0.699289 -0.577705
18420.000000 2.896484 41.460050 -0.725278 -0.582809
18440.000000 2.922650 41.286326 -0.749514 -0.587982
18460.000000 2.949889 41.112634 -0.771867 -0.593215
18480.000000 2.978214 40.939022 -0.792199 -0.598499
18500.000000 3.007644 40.765541 -0.810365 -0.603826
18520.000000 3.038198 40.592244 -0.826209 -0.609188
18540.000000 3.069902 40.419186 -0.839565 -0.614578
18560.000000 3.102786 40.246424 -0.850254 -0.619991
18580.000000 3.136880 40.074017 -0.858087 -0.625420
18600.000000 3.172221 39.902027 -0.862856 -0.630861
18620.000000 3.208842 39.730518 -0.864341 -0.636306
18640.000000 3.246776 39.559553 -0.862303 -0.641751
18660.000000 3.286051 39.389201 -0.856486 -0.647187
18680.000000 3.326684 39.219528 -0.846614 -0.652608
18700.000000 3.368677 39.050605 -0.832395 -0.658003
18720.000000 3.412008 38.882500 -0.813521 -0.663359
18740.000000 3.456622 38.715282 -0.789671 -0.668664
18760.000000 3.502417 38.549017 -0.760520 -0.673899
18780.000000 3.549236 38.383768 -0.725744 -0.679042
18800.000000 3.596847 38.219589 -0.685033 -0.684070
18820.000000 3.644930 38.056527 -0.638110 -0.688953
18840.000000 3.693064 37.894615 -0.584748 -0.693657
18860.000000 3.740718 37.733871 -0.524794 -0.698146
18880.000000 3.787250 37.574291 -0.458197 -0.702380
18900.000000 3.831912 37.415849 -0.385035 -0.706315
18920.000000 3.873872 37.258492 -0.305545 -0.709907
18940.000000 3.912245 37.102142 -0.220147 -0.713114
18960.000000 3.946133 36.946692 -0.129462 -0.715893
18980.000000 3.974678 36.792007 -0.034320 -0.718208
19000.000000 3.997109 36.637930 0.064255 -0.720026
19020.000000 4.012791 36.484286 0.165068 -0.721320
19040.000000 4.021268 36.330884 0.266808 -0.722068
19060.000000 4.022288 36.177530 0.368109 -0.722254
19080.000000 4.015824 36.024028 0.467618 -0.721869
19100.000000 4.002070 35.870194 0.564065 -0.720912
19120.000000 3.981433 35.715855 0.656314 -0.719391
19140.000000 3.954495 35.560856 0.743401 -0.717325
19160.000000 3.921975 35.405064 0.824553 -0.714741
19180.000000 3.884675 35.248367 0.899189 -0.711673
19200.000000 3.843429 35.090676 0.966918 -0.708158
19220.000000 3.799055 34.931926 1.027517 -0.704237
19240.000000 3.752323 34.772073 1.080914 -0.699949
19260.000000 3.703925 34.611097 1.127164 -0.695332
19280.000000 3.654467 34.448993 1.166429 -0.690422
19300.000000 3.604464 34.285776 1.198946 -0.685251
19320.000000 3.554347 34.121474 1.225014 -0.679850
19340.000000 3.504468 33.956124 1.244969 -0.674248
19360.000000 3.455116 33.789775 1.259172 -0.668470
19380.000000 3.406521 33.622484 1.267992 -0.662541
19400.000000 3.358870 33.454312 1.271798 -0.656484
19420.000000 3.312311 33.285325 1.270952 -0.650321
19440.000000 3.266964 33.115592 1.265804 -0.644073
19460.000000 3.222922 32.945185 1.256688 -0.637760
19480.000000 3.180260 32.774179 1.243921 -0.631401
19500.000000 3.139035 32.602647 1.227802 -0.625017
19520.000000 3.099293 32.430664 1.208612 -0.618626
19540.000000 3.061066 32.258304 1.186617 -0.612248
19560.000000 3.024379 32.085640 1.162063 -0.605902
19580.000000 2.989248 31.912742 1.135182 -0.599608
19600.000000 2.955683 31.739679 1.106191 -0.593385
19620.000000 2.923688 31.566517 1.075293 -0.587251
19640.000000 2.893264 31.393317 1.042677 -0.581228
19660.000000 2.864405 31.220136 1.008518 -0.575333
19680.000000 2.837105 31.047027 0.972981 -0.569587
19700.000000 2.811352 30.874038 0.936216 -0.564007
19720.000000 2.787134 30.701210 0.898364 -0.558613
19740.000000 2.764435 30.528581 0.859553 -0.553422
19760.000000 2.743236 30.356181 0.819902 -0.548451
19780.000000 2.723520 30.184033 0.779519 -0.543717
19800.000000 2.705264 30.012157 0.738503 -0.539235
19820.000000 2.688448 29.840563 0.696942 -0.535020
19840.000000 2.673048 29.669257 0.654918 -0.531084
19860.000000 2.659040 29.498241 0.612506 -0.527440
19880.000000 2.646401 29.327507 0.569771 -0.524098
19900.000000 2.635106 29.157044 0.526775 -0.521069
19920.000000 2.625132 28.986837 0.483573 -0.518359
19940.000000 2.616455 28.816866 0.440216 -0.515977
19960.000000 2.609054 28.647104 0.396749 -0.513927
19980.000000 2.602905 28.477525 0.353218 -0.512213
20000.000000 2.597990 28.308096 0.309661 -0.510838
20020.000000 2.594289 28.138785 0.266119 -0.509803
20040.000000 2.591784 27.969556 0.222628 -0.509109
20060.000000 2.590460 27.800373 0.179226 -0.508754
20080.000000 2.590301 27.631198 0.135947 -0.508737
20100.000000 2.591296 27.461995 0.092827 -0.509053
20120.000000 2.593433 27.292727 0.049903 -0.509697
20140.000000 2.596702 27.123359 0.007211 -0.510665
20160.000000 2.601095 26.953858 -0.035210 -0.511950
20180.000000 2.606605 26.784191 -0.077321 -0.513542
20200.000000 2.613225 26.614331 -0.119081 -0.515435
20220.000000 2.620951 26.444252 -0.160447 -0.517618
20240.000000 2.629777 26.273932 -0.201373 -0.520081
20260.000000 2.639701 26.103353 -0.241811 -0.522812
20280.000000 2.650717 25.932501 -0.281708 -0.525800
20300.000000 2.662824 25.761366 -0.321012 -0.529032
20320.000000 2.676015 25.589942 -0.359662 -0.532494
20340.000000 2.690289 25.418228 -0.397596 -0.536174
20360.000000 2.705641 25.246228 -0.434748 -0.540058
20380.000000 2.722067 25.073950 -0.471047 -0.544130
20400.000000 2.739563 24.901407 -0.506417 -0.548378
20420.000000 2.758123 24.728615 -0.540777 -0.552786
20440.000000 2.777746 24.555596 -0.574041 -0.557341
20460.000000 2.798426 24.382375 -0.606118 -0.562029
20480.000000 2.820161 24.208981 -0.636911 -0.566836
20500.000000 2.842951 24.035447 -0.666319 -0.571749
20520.000000 2.866796 23.861809 -0.694232 -0.576757
20540.000000 2.891698 23.688106 -0.720536 -0.581846
20560.000000 2.917663 23.514381 -0.745110 -0.587007
20580.000000 2.944700 23.340680 -0.767826 -0.592230
20600.000000 2.972821 23.167049 -0.788548 -0.597505
20620.000000 3.002042 22.993539 -0.807132 -0.602824
20640.000000 3.032384 22.820204 -0.823423 -0.608180
20660.000000 3.063870 22.647096 -0.837259 -0.613566
20680.000000 3.096530 22.474274 -0.848462 -0.618975
20700.000000 3.130395 22.301796 -0.856845 -0.624401
20720.000000 3.165499 22.129723 -0.862205 -0.629840
20740.000000 3.201877 21.958119 -0.864324 -0.635285
20760.000000 3.239563 21.787047 -0.862965 -0.640731
20780.000000 3.278585 21.616575 -0.857877 -0.646169
20800.000000 3.318963 21.446770 -0.848787 -0.651594
20820.000000 3.360702 21.277701 -0.835406 -0.656994
20840.000000 3.403785 21.109437 -0.817428 -0.662359
20860.000000 3.448164 20.942048 -0.794536 -0.667674
20880.000000 3.493749 20.775600 -0.766404 -0.672924
20900.000000 3.540391 20.610155 -0.732706 -0.678086
20920.000000 3.587875 20.445772 -0.693130 -0.683137
20940.000000 3.635898 20.282497 -0.647391 -0.688050
20960.000000 3.684060 20.120368 -0.595250 -0.692790
20980.000000 3.731849 19.959405 -0.536539 -0.697323
21000.000000 3.778646 19.799608 -0.471186 -0.701608
21020.000000 3.823719 19.640955 -0.399242 -0.705602
21040.000000 3.866252 19.483401 -0.320912 -0.709262
21060.000000 3.905366 19.326869 -0.236580 -0.712544
21080.000000 3.940163 19.171260 -0.146829 -0.715407
21100.000000 3.969771 19.016443 -0.052450 -0.717811
21120.000000 3.993401 18.862265 0.045568 -0.719725
21140.000000 4.010389 18.708554 0.146058 -0.721119
21160.000000 4.020242 18.555121 0.247728 -0.721970
21180.000000 4.022669 18.401773 0.349215 -0.722263
21200.000000 4.017600 18.248313 0.449160 -0.721985
21220.000000 4.005188 18.094555 0.546272 -0.721134
21240.000000 3.985801 17.940323 0.639387 -0.719718
21260.000000 3.959993 17.785459 0.727507 -0.717752
21280.000000 3.928460 17.629825 0.809821 -0.715263
21300.000000 3.891993 17.473304 0.885715 -0.712283
21320.000000 3.851423 17.315805 0.954760 -0.708849
21340.000000 3.807575 17.157258 1.016705 -0.705002
21360.000000 3.761230 16.997614 1.071451 -0.700779
21380.000000 3.713096 16.836849 1.119032 -0.696221
21400.000000 3.663794 16.674956 1.159590 -0.691363
21420.000000 3.613858 16.511947 1.193351 -0.686239
21440.000000 3.563733 16.347845 1.220603 -0.680879
21460.000000 3.513786 16.182687 1.241677 -0.675312
21480.000000 3.464316 16.016522 1.256931 -0.669565
21500.000000 3.415564 15.849403 1.266731 -0.663663
21520.000000 3.367723 15.681391 1.271450 -0.657629
21540.000000 3.320950 15.512552 1.271449 -0.651484
21560.000000 3.275368 15.342953 1.267082 -0.645250
21580.000000 3.231075 15.172668 1.258685 -0.638947
21600.000000 3.188149 15.001768 1.246578 -0.632596
21620.000000 3.146651 14.830329 1.231066 -0.626215
21640.000000 3.106628 14.658425 1.212431 -0.619824
21660.000000 3.068115 14.486130 1.190942 -0.613442
21680.000000 3.031138 14.313517 1.166850 -0.607089
21700.000000 2.995715 14.140658 1.140388 -0.600783
21720.000000 2.961856 13.967621 1.111777 -0.594545
21740.000000 2.929567 13.794473 1.081222 -0.588393
21760.000000 2.898848 13.621275 1.048914 -0.582348
21780.000000 2.869696 13.448086 1.015031 -0.576428
21800.000000 2.842105 13.274960 0.979741 -0.570652
21820.000000 2.816063 13.101945 0.943195 -0.565040
21840.000000 2.791558 12.929084 0.905536 -0.559609
21860.000000 2.768575 12.756416 0.866896 -0.554379
21880.000000 2.747097 12.583970 0.827394 -0.549366
21900.000000 2.727104 12.411774 0.787141 -0.544586
21920.000000 2.708576 12.239845 0.746236 -0.540055
21940.000000 2.691492 12.068198 0.704770 -0.535789
21960.000000 2.675828 11.896838 0.662828 -0.531800
21980.000000 2.661561 11.725767 0.620483 -0.528100
22000.000000 2.648667 11.554981 0.577804 -0.524701
22020.000000 2.637122 11.384469 0.534853 -0.521613
22040.000000 2.626902 11.214216 0.491685 -0.518843
22060.000000 2.617984 11.044202 0.448353 -0.516398
22080.000000 2.610345 10.874403 0.404904 -0.514285
22100.000000 2.603963 10.704791 0.361381 -0.512508
22120.000000 2.598818 10.535337 0.317826 -0.511069
22140.000000 2.594891 10.366007 0.274279 -0.509971
22160.000000 2.592163 10.196765 0.230776 -0.509213
22180.000000 2.590619 10.027576 0.187354 -0.508795
22200.000000 2.590243 9.858403 0.144049 -0.508714
22220.000000 2.591022 9.689208 0.100896 -0.508968
22240.000000 2.592946 9.519955 0.057933 -0.509552
22260.000000 2.596003 9.350608 0.015195 -0.510460
22280.000000 2.600186 9.181134 -0.027280 -0.511685
22300.000000 2.605487 9.011500 -0.069452 -0.513221
22320.000000 2.611899 8.841679 -0.111281 -0.515058
22340.000000 2.619418 8.671643 -0.152725 -0.517187
22360.000000 2.628039 8.501370 -0.193737 -0.519598
22380.000000 2.637757 8.330840 -0.234270 -0.522280
22400.000000 2.648569 8.160040 -0.274273 -0.525221
22420.000000 2.660471 7.988958 -0.313692 -0.528408
22440.000000 2.673460 7.817589 -0.352469 -0.531828
22460.000000 2.687531 7.645929 -0.390542 -0.535469
22480.000000 2.702682 7.473982 -0.427846 -0.539315
22500.000000 2.718906 7.301756 -0.464311 -0.543353
22520.000000 2.736202 7.129261 -0.499861 -0.547569
22540.000000 2.754563 6.956514 -0.534416 -0.551948
22560.000000 2.773986 6.783536 -0.567893 -0.556477
22580.000000 2.794469 6.610351 -0.600199 -0.561141
22600.000000 2.816007 6.436987 -0.631241 -0.565927
22620.000000 2.838599 6.263476 -0.660916 -0.570821
22640.000000 2.862246 6.089855 -0.689118 -0.575811
22660.000000 2.886949 5.916161 -0.715733 -0.580886
22680.000000 2.912714 5.742437 -0.740641 -0.586035
22700.000000 2.939550 5.568728 -0.763716 -0.591247
22720.000000 2.967466 5.395080 -0.784822 -0.596513
22740.000000 2.996480 5.221544 -0.803818 -0.601824
22760.000000 3.026609 5.048171 -0.820551 -0.607174
22780.000000 3.057879 4.875017 -0.834860 -0.612554
22800.000000 3.090317 4.702137 -0.846571 -0.617959
22820.000000 3.123953 4.529590 -0.855498 -0.623383
22840.000000 3.158823 4.357436 -0.861441 -0.628820
22860.000000 3.194959 4.185739 -0.864184 -0.634264
22880.000000 3.232398 4.014563 -0.863496 -0.639710
22900.000000 3.271167 3.843973 -0.859127 -0.645151
22920.000000 3.311290 3.674037 -0.850808 -0.650578
22940.000000 3.352774 3.504825 -0.838255 -0.655984
22960.000000 3.395608 3.336405 -0.821163 -0.661356
22980.000000 3.439750 3.168847 -0.799217 -0.666682
23000.000000 3.485118 3.002217 -0.772092 -0.671945
23020.000000 3.531576 2.836580 -0.739461 -0.677126
23040.000000 3.578922 2.671994 -0.701010 -0.682200
23060.000000 3.626872 2.508508 -0.656446 -0.687141
23080.000000 3.675043 2.346162 -0.605521 -0.691916
23100.000000 3.722946 2.184980 -0.548051 -0.696491
23120.000000 3.769981 2.024965 -0.483943 -0.700825
23140.000000 3.815438 1.866101 -0.413223 -0.704877
23160.000000 3.858512 1.708345 -0.336067 -0.708603
23180.000000 3.898336 1.551629 -0.252822 -0.711960
23200.000000 3.934009 1.395855 -0.164033 -0.714904
23220.000000 3.964654 1.240901 -0.070452 -0.717397
23240.000000 3.989459 1.086616 0.026968 -0.719405
23260.000000 4.007736 0.932831 0.127090 -0.720898
23280.000000 4.018955 0.779361 0.228641 -0.721853
23300.000000 4.022786 0.626012 0.330267 -0.722251
23320.000000 4.019117 0.472588 0.430602 -0.722081
23340.000000 4.008059 0.318899 0.528339 -0.721337
23360.000000 3.989943 0.164769 0.622285 -0.720026
23380.000000 3.965290 0.010034 0.711408 -0.718162
23400.000000 3.934772 -0.145446 0.794864 -0.715768
23420.000000 3.899167 -0.301792 0.871999 -0.712877
23440.000000 3.859302 -0.459102 0.942352 -0.709526
23460.000000 3.816008 -0.617449 1.005640 -0.705752
23480.000000 3.770075 -0.776884 1.061737 -0.701598
23500.000000 3.722225 -0.937438 1.110653 -0.697100
23520.000000 3.673100 -1.099120 1.152513 -0.692295
23540.000000 3.623246 -1.261922 1.187527 -0.687218
23560.000000 3.573126 -1.425821 1.215975 -0.681900
23580.000000 3.523121 -1.590784 1.238181 -0.676370
23600.000000 3.473542 -1.756764 1.254498 -0.670655
23620.000000 3.424639 -1.923709 1.265292 -0.664780
23640.000000 3.376614 -2.091558 1.270935 -0.658769
23660.000000 3.329631 -2.260248 1.271792 -0.652643
23680.000000 3.283817 -2.429710 1.268217 -0.646424
23700.000000 3.239276 -2.599872 1.260551 -0.640133
23720.000000 3.196089 -2.770662 1.249116 -0.633789
23740.000000 3.154320 -2.942006 1.234220 -0.627412
23760.000000 3.114017 -3.113828 1.216150 -0.621022
23780.000000 3.075219 -3.286055 1.195176 -0.614637
23800.000000 3.037952 -3.458614 1.171553 -0.608277
23820.000000 3.002236 -3.631433 1.145519 -0.601961
23840.000000 2.968083 -3.804441 1.117294 -0.595708
23860.000000 2.935500 -3.977574 1.087089 -0.589539
23880.000000 2.904487 -4.150767 1.055095 -0.583472
23900.000000 2.875042 -4.323961 1.021495 -0.577527
23920.000000 2.847159 -4.497103 0.986456 -0.571723
23940.000000 2.820827 -4.670143 0.950135 -0.566079
23960.000000 2.796035 -4.843035 0.912674 -0.560613
23980.000000 2.772768 -5.015742 0.874209 -0.555343
24000.000000 2.751009 -5.188232 0.834860 -0.550288
24020.000000 2.730740 -5.360477 0.794739 -0.545463
24040.000000 2.711939 -5.532456 0.753949 -0.540885
24060.000000 2.694586 -5.704157 0.712582 -0.536568
24080.000000 2.678657 -5.875571 0.670723 -0.532526
24100.000000 2.664130 -6.046696 0.628449 -0.528771
24120.000000 2.650980 -6.217535 0.585827 -0.525315
24140.000000 2.639184 -6.388097 0.542923 -0.522167
24160.000000 2.628718 -6.558398 0.499792 -0.519337
24180.000000 2.619558 -6.728455 0.456487 -0.516831
24200.000000 2.611681 -6.898292 0.413056 -0.514656
24220.000000 2.605065 -7.067936 0.369544 -0.512816
24240.000000 2.599690 -7.237418 0.325992 -0.511313
24260.000000 2.595535 -7.406769 0.282440 -0.510151
24280.000000 2.592584 -7.576024 0.238926 -0.509329
24300.000000 2.590819 -7.745220 0.195486 -0.508848
24320.000000 2.590225 -7.914394 0.152156 -0.508704
24340.000000 2.590789 -8.083582 0.108973 -0.508895
24360.000000 2.592499 -8.252821 0.065971 -0.509417
24380.000000 2.595344 -8.422148 0.023188 -0.510265
24400.000000 2.599317 -8.591596 -0.019339 -0.511431
24420.000000 2.604408 -8.761197 -0.061571 -0.512910
24440.000000 2.610613 -8.930981 -0.103468 -0.514691
24460.000000 2.617925 -9.100975 -0.144987 -0.516766
24480.000000 2.626339 -9.271202 -0.186083 -0.519125
24500.000000 2.635852 -9.441682 -0.226710 -0.521757
24520.000000 2.646459 -9.612430 -0.266816 -0.524650
24540.000000 2.658157 -9.783459 -0.306349 -0.527792
24560.000000 2.670943 -9.954774 -0.345251 -0.531170
24580.000000 2.684811 -10.126380 -0.383462 -0.534770
24600.000000 2.699759 -10.298273 -0.420915 -0.538579
24620.000000 2.715783 -10.470448 -0.457543 -0.542582
24640.000000 2.732878 -10.642894 -0.493270 -0.546766
24660.000000 2.751040 -10.815595 -0.528018 -0.551116
24680.000000 2.770265 -10.988531 -0.561703 -0.555617
24700.000000 2.790549 -11.161680 -0.594237 -0.560257
24720.000000 2.811889 -11.335013 -0.625523 -0.565021
24740.000000 2.834283 -11.508498 -0.655462 -0.569896
24760.000000 2.857732 -11.682102 -0.683949 -0.574869
24780.000000 2.882238 -11.855785 -0.710870 -0.579929
24800.000000 2.907803 -12.029506 -0.736107 -0.585065
24820.000000 2.934437 -12.203222 -0.759536 -0.590265
24840.000000 2.962150 -12.376885 -0.781022 -0.595522
24860.000000 2.990956 -12.550446 -0.800425 -0.600825
24880.000000 3.020875 -12.723853 -0.817594 -0.606168
24900.000000 3.051929 -12.897053 -0.832370 -0.611544
24920.000000 3.084146 -13.069989 -0.844582 -0.616944
24940.000000 3.117555 -13.242603 -0.854045 -0.622365
24960.000000 3.152191 -13.414835 -0.860563 -0.627800
24980.000000 3.188087 -13.586622 -0.863924 -0.633243
25000.000000 3.225279 -13.757902 -0.863898 -0.638689
25020.000000 3.263797 -13.928606 -0.860238 -0.644131
25040.000000 3.303665 -14.098670 -0.852682 -0.649562
25060.000000 3.344894 -14.268023 -0.840944 -0.654973
25080.000000 3.387477 -14.436596 -0.824727 -0.660352
25100.000000 3.431379 -14.604321 -0.803715 -0.665688
25120.000000 3.476525 -14.771130 -0.777586 -0.670964
25140.000000 3.522792 -14.936958 -0.746012 -0.676162
25160.000000 3.569991 -15.101746 -0.708676 -0.681258
25180.000000 3.617853 -15.265441 -0.665278 -0.686226
25200.000000 3.666016 -15.428003 -0.615562 -0.691035
25220.000000 3.714012 -15.589404 -0.559328 -0.695650
25240.000000 3.761261 -15.749638 -0.496467 -0.700033
25260.000000 3.807072 -15.908715 -0.426978 -0.704141
25280.000000 3.850658 -16.066674 -0.351008 -0.707932
25300.000000 3.891159 -16.223578 -0.268869 -0.711361
25320.000000 3.927679 -16.379520 -0.181068 -0.714385
25340.000000 3.959331 -16.534617 -0.088319 -0.716966
25360.000000 3.985288 -16.689016 0.008463 -0.719067
25380.000000 4.004834 -16.842880 0.108172 -0.720659
25400.000000 4.017408 -16.996395 0.209557 -0.721716
25420.000000 4.022639 -17.149752 0.311274 -0.722220
25440.000000 4.020374 -17.303147 0.411953 -0.722156
25460.000000 4.010683 -17.456772 0.510272 -0.721520
25480.000000 3.993855 -17.610807 0.605012 -0.720315
25500.000000 3.970380 -17.765417 0.695110 -0.718552
25520.000000 3.940905 -17.920747 0.779683 -0.716256
25540.000000 3.906191 -18.076923 0.858044 -0.713456
25560.000000 3.867061 -18.234046 0.929696 -0.710187
25580.000000 3.824348 -18.392194 0.994322 -0.706490
25600.000000 3.778852 -18.551422 1.051770 -0.702404
25620.000000 3.731311 -18.711765 1.102026 -0.697967
25640.000000 3.682379 -18.873235 1.145194 -0.693218
25660.000000 3.632625 -19.035829 1.181472 -0.688189
25680.000000 3.582524 -19.199525 1.211128 -0.682914
25700.000000 3.532471 -19.364291 1.234478 -0.677422
25720.000000 3.482791 -19.530085 1.251871 -0.671739
25740.000000 3.433745 -19.696853 1.263672 -0.665893
25760.000000 3.385542 -19.864537 1.270253 -0.659905
25780.000000 3.338353 -20.033075 1.271980 -0.653799
25800.000000 3.292311 -20.202397 1.269209 -0.647596
25820.000000 3.247525 -20.372433 1.262284 -0.641317
25840.000000 3.204079 -20.543111 1.251532 -0.634982
25860.000000 3.162039 -20.714357 1.237262 -0.628609
25880.000000 3.121459 -20.886095 1.219766 -0.622220
25900.000000 3.082376 -21.058252 1.199317 -0.615832
25920.000000 3.044821 -21.230755 1.176172 -0.609466
25940.000000 3.008813 -21.403530 1.150572 -0.603140
25960.000000 2.974366 -21.576508 1.122742 -0.596875
25980.000000 2.941488 -21.749622 1.092893 -0.590688
26000.000000 2.910181 -21.922808 1.061220 -0.584601
26020.000000 2.880443 -22.096007 1.027908 -0.578631
26040.000000 2.852267 -22.269163 0.993127 -0.572799
26060.000000 2.825646 -22.442225 0.957034 -0.567124
26080.000000 2.800566 -22.615148 0.919777 -0.561623
26100.000000 2.777015 -22.787892 0.881490 -0.556315
26120.000000 2.754974 -22.960425 0.842298 -0.551219
26140.000000 2.734427 -23.132717 0.802314 -0.546349
26160.000000 2.715352 -23.304748 0.761642 -0.541724
26180.000000 2.697730 -23.476502 0.720377 -0.537357
26200.000000 2.681536 -23.647970 0.678604 -0.533262
26220.000000 2.666748 -23.819149 0.636402 -0.529453
26240.000000 2.653342 -23.990041 0.593841 -0.525940
26260.000000 2.641294 -24.160654 0.550985 -0.522734
26280.000000 2.630580 -24.331003 0.507892 -0.519843
26300.000000 2.621176 -24.501104 0.464616 -0.517276
26320.000000 2.613060 -24.670980 0.421205 -0.515038
26340.000000 2.606210 -24.840658 0.377705 -0.513135
26360.000000 2.600604 -25.010168 0.334157 -0.511569
26380.000000 2.596222 -25.179541 0.290603 -0.510343
26400.000000 2.593046 -25.348811 0.247078 -0.509457
26420.000000 2.591060 -25.518016 0.203622 -0.508912
26440.000000 2.590248 -25.687190 0.160269 -0.508705
26460.000000 2.590595 -25.856373 0.117055 -0.508834
26480.000000 2.592091 -26.025600 0.074017 -0.509295
26500.000000 2.594725 -26.194908 0.031190 -0.510082
26520.000000 2.598487 -26.364330 -0.011388 -0.511189
26540.000000 2.603369 -26.533900 -0.053679 -0.512609
26560.000000 2.609365 -26.703648 -0.095641 -0.514334
26580.000000 2.616470 -26.873601 -0.137235 -0.516355
26600.000000 2.624678 -27.043783 -0.178414 -0.518662
26620.000000 2.633985 -27.214214 -0.219132 -0.521244
26640.000000 2.644388 -27.384911 -0.259340 -0.524089
26660.000000 2.655881 -27.555886 -0.298985 -0.527185
26680.000000 2.668463 -27.727148 -0.338009 -0.530519
26700.000000 2.682129 -27.898699 -0.376354 -0.534079
26720.000000 2.696875 -28.070538 -0.413955 -0.537850
26740.000000 2.712698 -28.242661 -0.450743 -0.541818
26760.000000 2.729592 -28.415057 -0.486645 -0.545969
26780.000000 2.747554 -28.587712 -0.521583 -0.550288
26800.000000 2.766580 -28.760606 -0.555474 -0.554763
26820.000000 2.786666 -28.933717 -0.588230 -0.559377
26840.000000 2.807808 -29.107017 -0.619757 -0.564119
26860.000000 2.830005 -29.280477 -0.649957 -0.568974
26880.000000 2.853256 -29.454061 -0.678724 -0.573930
26900.000000 2.877563 -29.627732 -0.705948 -0.578974
26920.000000 2.902930 -29.801450 -0.731510 -0.584097
26940.000000 2.929362 -29.975170 -0.755288 -0.589286
26960.000000 2.956872 -30.148847 -0.777148 -0.594533
26980.000000 2.985472 -30.322431 -0.796953 -0.599828
27000.000000 3.015181 -30.495871 -0.814553 -0.605164
27020.000000 3.046020 -30.669114 -0.829790 -0.610534
27040.000000 3.078016 -30.842103 -0.842496 -0.615930
27060.000000 3.111200 -31.014782 -0.852489 -0.621348
27080.000000 3.145603 -31.187090 -0.859575 -0.626780
27100.000000 3.181260 -31.358966 -0.863545 -0.632223
27120.000000 3.218207 -31.530345 -0.864172 -0.637669
27140.000000 3.256474 -31.701163 -0.861213 -0.643112
27160.000000 3.296087 -31.871352 -0.854408 -0.648545
27180.000000 3.337061 -32.040843 -0.843476 -0.653960
27200.000000 3.379392 -32.209568 -0.828122 -0.659347
27220.000000 3.423051 -32.377458 -0.808034 -0.664692
27240.000000 3.467972 -32.544443 -0.782889 -0.669981
27260.000000 3.514041 -32.710460 -0.752361 -0.675195
27280.000000 3.561083 -32.875447 -0.716128 -0.680312
27300.000000 3.608846 -33.039350 -0.673888 -0.685306
27320.000000 3.656985 -33.202127 -0.625373 -0.690147
27340.000000 3.705053 -33.363747 -0.570373 -0.694802
27360.000000 3.752491 -33.524199 -0.508757 -0.699231
27380.000000 3.798629 -33.683491 -0.440505 -0.703394
27400.000000 3.842696 -33.841656 -0.365731 -0.707248
27420.000000 3.883843 -33.998752 -0.284716 -0.710747
27440.000000 3.921177 -34.154865 -0.197929 -0.713851
27460.000000 3.953807 -34.310111 -0.106043 -0.716517
27480.000000 3.980890 -34.464628 -0.009939 -0.718711
27500.000000 4.001686 -34.618579 0.089313 -0.720400
27520.000000 4.015601 -34.772145 0.190485 -0.721559
27540.000000 4.022228 -34.925517 0.292244 -0.722168
27560.000000 4.021369 -35.078890 0.393221 -0.722212
27580.000000 4.013054 -35.232457 0.492078 -0.721683
27600.000000 3.997533 -35.386402 0.587576 -0.720583
27620.000000 3.975259 -35.540893 0.678617 -0.718924
27640.000000 3.946853 -35.696078 0.764284 -0.716726
27660.000000 3.913060 -35.852087 0.843853 -0.714017
27680.000000 3.874695 -36.009026 0.916791 -0.710834
27700.000000 3.832591 -36.166977 0.982751 -0.707214
27720.000000 3.787558 -36.325999 1.041549 -0.703198
27740.000000 3.740347 -36.486132 1.093149 -0.698824
27760.000000 3.691631 -36.647390 1.137634 -0.694130
27780.000000 3.641991 -36.809774 1.175185 -0.689151
27800.000000 3.591923 -36.973266 1.206059 -0.683920
27820.000000 3.541835 -37.137835 1.230565 -0.678466
27840.000000 3.492063 -37.303439 1.249047 -0.672818
27860.000000 3.442880 -37.470029 1.261869 -0.667000
27880.000000 3.394506 -37.637546 1.269400 -0.661037
27900.000000 3.347115 -37.805929 1.272009 -0.654952
27920.000000 3.300850 -37.975109 1.270055 -0.648766
27940.000000 3.255821 -38.145017 1.263883 -0.642499
27960.000000 3.212118 -38.315581 1.253825 -0.636173
27980.000000 3.169810 -38.486726 1.240192 -0.629806
28000.000000 3.128953 -38.658377 1.223279 -0.623418
28020.000000 3.089587 -38.830462 1.203363 -0.617029
28040.000000 3.051744 -39.002904 1.180705 -0.610657
28060.000000 3.015444 -39.175634 1.155548 -0.604322
28080.000000 2.980705 -39.348579 1.128119 -0.598044
28100.000000 2.947532 -39.521673 1.098633 -0.591841
28120.000000 2.915930 -39.694850 1.067288 -0.585734
28140.000000 2.885898 -39.868051 1.034270 -0.579741
28160.000000 2.857430 -40.041219 0.999752 -0.573881
28180.000000 2.830518 -40.214302 0.963893 -0.568175
28200.000000 2.805151 -40.387254 0.926844 -0.562640
28220.000000 2.781314 -40.560035 0.888740 -0.557295
28240.000000 2.758992 -40.732610 0.849709 -0.552157
28260.000000 2.738166 -40.904949 0.809865 -0.547244
28280.000000 2.718817 -41.077030 0.769315 -0.542572
28300.000000 2.700924 -41.248837 0.728154 -0.538155
28320.000000 2.684464 -41.420359 0.686470 -0.534008
28340.000000 2.669414 -41.591592 0.644343 -0.530144
28360.000000 2.655751 -41.762537 0.601844 -0.526575
28380.000000 2.643450 -41.933202 0.559038 -0.523311
28400.000000 2.632488 -42.103599 0.515986 -0.520361
28420.000000 2.622840 -42.273744 0.472740 -0.517732
28440.000000 2.614485 -42.443661 0.429351 -0.515433
28460.000000 2.607399 -42.613374 0.385864 -0.513466
28480.000000 2.601561 -42.782913 0.342323 -0.511837
28500.000000 2.596951 -42.952309 0.298766 -0.510547
28520.000000 2.593551 -43.121596 0.255234 -0.509597
28540.000000 2.591343 -43.290810 0.211761 -0.508988
28560.000000 2.590311 -43.459988 0.168386 -0.508718
28580.000000 2.590442 -43.629166 0.125144 -0.508785
28600.000000 2.591724 -43.798382 0.082070 -0.509183
28620.000000 2.594145 -43.967672 0.039200 -0.509909
28640.000000 2.597696 -44.137070 -0.003427 -0.510957
28660.000000 2.602369 -44.306610 -0.045775 -0.512319
28680.000000 2.608157 -44.476322 -0.087802 -0.513988
28700.000000 2.615054 -44.646235 -0.129468 -0.515954
28720.000000 2.623056 -44.816372 -0.170728 -0.518208
28740.000000 2.632157 -44.986755 -0.211536 -0.520739
28760.000000 2.642354 -45.157401 -0.251844 -0.523536
28780.000000 2.653644 -45.328324 -0.291598 -0.526586
28800.000000 2.666022 -45.499531 -0.330744 -0.529877
28820.000000 2.679485 -45.671028 -0.369221 -0.533395
28840.000000 2.694029 -45.842814 -0.406966 -0.537127
28860.000000 2.709650 -46.014884 -0.443912 -0.541059
28880.000000 2.726344 -46.187230 -0.479985 -0.545177
28900.000000 2.744106 -46.359837 -0.515110 -0.549466
28920.000000 2.762933 -46.532688 -0.549204 -0.553913
28940.000000 2.782820 -46.705760 -0.582180 -0.558502
28960.000000 2.803764 -46.879027 -0.613945 -0.563221
28980.000000 2.825764 -47.052459 -0.644402 -0.568056
29000.000000 2.848817 -47.226023 -0.673446 -0.572994
29020.000000 2.872926 -47.399681 -0.700967 -0.578023
29040.000000 2.898093 -47.573393 -0.726850 -0.583131
29060.000000 2.924326 -47.747116 -0.750972 -0.588308
29080.000000 2.951632 -47.920805 -0.773202 -0.593545
29100.000000 2.980027 -48.094410 -0.793403 -0.598832
29120.000000 3.009526 -48.267881 -0.811428 -0.604161
29140.000000 3.040152 -48.441165 -0.827121 -0.609525
29160.000000 3.071929 -48.614207 -0.840315 -0.614917
29180.000000 3.104887 -48.786948 -0.850831 -0.620331
29200.000000 3.139059 -48.959331 -0.858478 -0.625761
29220.000000 3.174479 -49.131292 -0.863048 -0.631202
29240.000000 3.211181 -49.302769 -0.864320 -0.636648
29260.000000 3.249198 -49.473697 -0.862053 -0.642092
29280.000000 3.288558 -49.644009 -0.855989 -0.647528
29300.000000 3.329277 -49.813637 -0.845853 -0.652947
29320.000000 3.371355 -49.982511 -0.831352 -0.658340
29340.000000 3.414768 -50.150562 -0.812175 -0.663694
29360.000000 3.459459 -50.317722 -0.788003 -0.668994
29380.000000 3.505324 -50.483925 -0.758509 -0.674224
29400.000000 3.552201 -50.649109 -0.723369 -0.679361
29420.000000 3.599852 -50.813219 -0.682277 -0.684381
29440.000000 3.647951 -50.976210 -0.634956 -0.689253
29460.000000 3.696072 -51.138049 -0.581184 -0.693945
29480.000000 3.743675 -51.298720 -0.520814 -0.698420
29500.000000 3.790113 -51.458227 -0.453802 -0.702636
29520.000000 3.834631 -51.616600 -0.380234 -0.706551
29540.000000 3.876393 -51.773890 -0.300360 -0.710120
29560.000000 3.914510 -51.930180 -0.214610 -0.713301
29580.000000 3.948088 -52.085579 -0.123619 -0.716052
29600.000000 3.976271 -52.240221 -0.028229 -0.718337
29620.000000 3.998296 -52.394265 0.070522 -0.720123
29640.000000 4.013538 -52.547888 0.171433 -0.721383
29660.000000 4.021553 -52.701281 0.273186 -0.722097
29680.000000 4.022102 -52.854639 0.374413 -0.722247
29700.000000 4.015172 -53.008156 0.473767 -0.721826
29720.000000 4.000973 -53.162017 0.569982 -0.720833
29740.000000 3.979922 -53.316393 0.661934 -0.719277
29760.000000 3.952612 -53.471438 0.748670 -0.717178
29780.000000 3.919769 -53.627284 0.829428 -0.714562
29800.000000 3.882196 -53.784041 0.903642 -0.711465
29820.000000 3.840730 -53.941797 0.970928 -0.707924
29840.000000 3.796187 -54.100615 1.031076 -0.703979
29860.000000 3.749331 -54.260538 1.084022 -0.699669
29880.000000 3.700850 -54.421585 1.129829 -0.695033
29900.000000 3.651343 -54.583759 1.168662 -0.690105
29920.000000 3.601322 -54.747045 1.200766 -0.684919
29940.000000 3.551210 -54.911414 1.226440 -0.679505
29960.000000 3.501356 -55.076828 1.246025 -0.673890
29980.000000 3.452045 -55.243238 1.259879 -0.668102
30000.000000 3.403504 -55.410586 1.268374 -0.662165
30020.000000 3.355917 -55.578811 1.271878 -0.656101
30040.000000 3.309432 -55.747847 1.270753 -0.649932
30060.000000 3.264164 -55.917624 1.265346 -0.643679
30080.000000 3.220206 -56.088070 1.255992 -0.637362
30100.000000 3.177633 -56.259112 1.243006 -0.631001
30120.000000 3.136500 -56.430674 1.226686 -0.624616
30140.000000 3.096852 -56.602683 1.207313 -0.618226
30160.000000 3.058721 -56.775064 1.185150 -0.611849
30180.000000 3.022131 -56.947745 1.160443 -0.605506
30200.000000 2.987098 -57.120655 1.133424 -0.599216
30220.000000 2.953631 -57.293726 1.104308 -0.592997
30240.000000 2.921735 -57.466893 1.073297 -0.586870
30260.000000 2.891409 -57.640094 1.040579 -0.580854
30280.000000 2.862648 -57.813272 1.006329 -0.574969
30300.000000 2.835445 -57.986374 0.970710 -0.569232
30320.000000 2.809789 -58.159354 0.933874 -0.563664
30340.000000 2.785667 -58.332170 0.895958 -0.558282
30360.000000 2.763062 -58.504786 0.857091 -0.553104
30380.000000 2.741957 -58.677171 0.817391 -0.548147
30400.000000 2.722333 -58.849302 0.776966 -0.543429
30420.000000 2.704168 -59.021161 0.735912 -0.538963
30440.000000 2.687441 -59.192737 0.694320 -0.534765
30460.000000 2.672129 -59.364024 0.652270 -0.530847
30480.000000 2.658208 -59.535023 0.609836 -0.527221
30500.000000 2.645653 -59.705740 0.567083 -0.523899
30520.000000 2.634442 -59.876186 0.524073 -0.520889
30540.000000 2.624550 -60.046377 0.480859 -0.518200
30560.000000 2.615954 -60.216335 0.437493 -0.515838
30580.000000 2.608631 -60.386084 0.394022 -0.513809
30600.000000 2.602561 -60.555653 0.350487 -0.512116
30620.000000 2.597723 -60.725073 0.306931 -0.510763
30640.000000 2.594097 -60.894378 0.263391 -0.509749
30660.000000 2.591666 -61.063603 0.219905 -0.509077
30680.000000 2.590416 -61.232785 0.176509 -0.508743
30700.000000 2.590330 -61.401960 0.133238 -0.508747
30720.000000 2.591397 -61.571166 0.090130 -0.509083
30740.000000 2.593605 -61.740439 0.047219 -0.509749
30760.000000 2.596944 -61.909815 0.004544 -0.510737
30780.000000 2.601408 -62.079326 -0.037859 -0.512040
30800.000000 2.606987 -62.249004 -0.079950 -0.513652
30820.000000 2.613677 -62.418877 -0.121686 -0.515564
30840.000000 2.621472 -62.588970 -0.163026 -0.517764
30860.000000 2.630367 -62.759306 -0.203923 -0.520244
30880.000000 2.640359 -62.929901 -0.244328 -0.522992
30900.000000 2.651444 -63.100771 -0.284190 -0.525995
30920.000000 2.663619 -63.271925 -0.323454 -0.529242
30940.000000 2.676879 -63.443367 -0.362061 -0.532719
30960.000000 2.691220 -63.615099 -0.399949 -0.536412
30980.000000 2.706640 -63.787116 -0.437050 -0.540308
31000.000000 2.723133 -63.959411 -0.473293 -0.544392
31020.000000 2.740695 -64.131971 -0.508602 -0.548650
31040.000000 2.759322 -64.304778 -0.542895 -0.553068
31060.000000 2.779011 -64.477810 -0.576088 -0.557632
31080.000000 2.799757 -64.651043 -0.608087 -0.562327
31100.000000 2.821559 -64.824447 -0.638797 -0.567141
31120.000000 2.844415 -64.997988 -0.668114 -0.572061
31140.000000 2.868326 -65.171632 -0.695929 -0.577073
31160.000000 2.893295 -65.345337 -0.722129 -0.582168
31180.000000 2.919327 -65.519061 -0.746590 -0.587333
31200.000000 2.946431 -65.692760 -0.769185 -0.592559
31220.000000 2.974620 -65.866385 -0.789778 -0.597837
31240.000000 3.003911 -66.039885 -0.808222 -0.603159
31260.000000 3.034324 -66.213208 -0.824365 -0.608517
31280.000000 3.065883 -66.386299 -0.838040 -0.613904
31300.000000 3.098617 -66.559102 -0.849072 -0.619315
31320.000000 3.132559 -66.731556 -0.857272 -0.624742
31340.000000 3.167742 -66.903601 -0.862436 -0.630181
31360.000000 3.204201 -67.075174 -0.864343 -0.635627
31380.000000 3.241970 -67.246210 -0.862759 -0.641072
31400.000000 3.281076 -67.416643 -0.857427 -0.646510
31420.000000 3.321540 -67.586404 -0.848077 -0.651933
31440.000000 3.363364 -67.755424 -0.834417 -0.657331
31460.000000 3.406530 -67.923635 -0.816141 -0.662694
31480.000000 3.450988 -68.090967 -0.792930 -0.668006
31500.000000 3.496644 -68.257355 -0.764458 -0.673250
31520.000000 3.543346 -68.422734 -0.730401 -0.678406
31540.000000 3.590874 -68.587049 -0.690446 -0.683450
31560.000000 3.638918 -68.750253 -0.644312 -0.688352
31580.000000 3.687072 -68.912309 -0.591764 -0.693081
31600.000000 3.734819 -69.073199 -0.532638 -0.697599
31620.000000 3.781530 -69.232924 -0.466868 -0.701867
31640.000000 3.826469 -69.391506 -0.394516 -0.705842
31660.000000 3.868814 -69.548994 -0.315796 -0.709479
31680.000000 3.907684 -69.705464 -0.231106 -0.712736
31700.000000 3.942180 -69.861020 -0.141039 -0.715571
31720.000000 3.971436 -70.015792 -0.046401 -0.717946
31740.000000 3.994667 -70.169935 0.051808 -0.719828
31760.000000 4.011221 -70.323623 0.152411 -0.721188
31780.000000 4.020615 -70.477045 0.254110 -0.722005
31800.000000 4.022571 -70.630395 0.355540 -0.722262
31820.000000 4.017034 -70.783867 0.455344 -0.721948
31840.000000 4.004172 -70.937650 0.552238 -0.721062
31860.000000 3.984365 -71.091918 0.645068 -0.719611
31880.000000 3.958177 -71.246826 0.732845 -0.717612
31900.000000 3.926311 -71.402513 0.814773 -0.715090
31920.000000 3.889562 -71.559092 0.890248 -0.712081
31940.000000 3.848762 -71.716655 0.958854 -0.708620
31960.000000 3.804736 -71.875270 1.020349 -0.704747
31980.000000 3.758258 -72.034983 1.074644 -0.700503
