0.000000 3.981071 196.004800 0.626193 0.333469
20.000000 3.990488 196.077026 0.593263 0.336273
40.000000 3.998825 196.149636 0.559186 0.338697
60.000000 4.006014 196.222568 0.524063 0.340735
80.000000 4.011995 196.295760 0.488007 0.342382
100.000000 4.016716 196.369149 0.451140 0.343634
120.000000 4.020137 196.442676 0.413595 0.344488
140.000000 4.022228 196.516280 0.375511 0.344943
160.000000 4.022973 196.589904 0.337035 0.345001
180.000000 4.022366 196.663487 0.298319 0.344662
200.000000 4.020413 196.736973 0.259516 0.343929
220.000000 4.017135 196.810305 0.220781 0.342807
240.000000 4.012561 196.883426 0.182267 0.341300
260.000000 4.006734 196.956279 0.144124 0.339414
280.000000 3.999706 197.028807 0.106498 0.337156
300.000000 3.991537 197.100953 0.069524 0.334535
320.000000 3.982298 197.172661 0.033332 0.331557
340.000000 3.972064 197.243873 -0.001958 0.328233
360.000000 3.960918 197.314531 -0.036238 0.324573
380.000000 3.948946 197.384578 -0.069413 0.320587
400.000000 3.936238 197.453954 -0.101398 0.316286
420.000000 3.922884 197.522601 -0.132121 0.311681
440.000000 3.908976 197.590460 -0.161523 0.306785
460.000000 3.894604 197.657472 -0.189558 0.301611
480.000000 3.879859 197.723577 -0.216189 0.296169
500.000000 3.864826 197.788716 -0.241393 0.290473
520.000000 3.849589 197.852831 -0.265157 0.284536
540.000000 3.834226 197.915862 -0.287477 0.278371
560.000000 3.818814 197.977753 -0.308358 0.271988
580.000000 3.803421 198.038445 -0.327815 0.265402
600.000000 3.788113 198.097883 -0.345868 0.258623
620.000000 3.772951 198.156010 -0.362545 0.251664
640.000000 3.757988 198.212773 -0.377877 0.244536
660.000000 3.743276 198.268119 -0.391903 0.237250
680.000000 3.728859 198.321995 -0.404663 0.229816
700.000000 3.714779 198.374353 -0.416202 0.222246
720.000000 3.701071 198.425143 -0.426566 0.214548
740.000000 3.687767 198.474319 -0.435806 0.206732
760.000000 3.674896 198.521836 -0.443969 0.198807
780.000000 3.662484 198.567650 -0.451107 0.190782
800.000000 3.650550 198.611721 -0.457271 0.182666
820.000000 3.639114 198.654011 -0.462511 0.174466
840.000000 3.628192 198.694480 -0.466878 0.166191
860.000000 3.617797 198.733096 -0.470421 0.157846
880.000000 3.607940 198.769825 -0.473187 0.149441
900.000000 3.598630 198.804637 -0.475223 0.140980
920.000000 3.589874 198.837503 -0.476573 0.132472
940.000000 3.581678 198.868398 -0.477282 0.123921
960.000000 3.574046 198.897298 -0.477389 0.115335
980.000000 3.566981 198.924181 -0.476933 0.106719
1000.000000 3.560485 198.949028 -0.475950 0.098078
1020.000000 3.554557 198.971821 -0.474475 0.089419
1040.000000 3.549199 198.992547 -0.472538 0.080745
1060.000000 3.544409 199.011192 -0.470168 0.072063
1080.000000 3.540184 199.027746 -0.467392 0.063378
1100.000000 3.536523 199.042201 -0.464232 0.054693
1120.000000 3.533421 199.054552 -0.460709 0.046014
1140.000000 3.530877 199.064794 -0.456841 0.037345
1160.000000 3.528884 199.072925 -0.452643 0.028691
1180.000000 3.527439 199.078946 -0.448128 0.020056
1200.000000 3.526537 199.082860 -0.443305 0.011445
1220.000000 3.526171 199.084672 -0.438181 0.002862
1240.000000 3.526336 199.084388 -0.432761 -0.005689
1260.000000 3.527024 199.082016 -0.427046 -0.014203
1280.000000 3.528230 199.077568 -0.421036 -0.022676
1300.000000 3.529945 199.071057 -0.414727 -0.031104
1320.000000 3.532161 199.062497 -0.408112 -0.039481
1340.000000 3.534869 199.051905 -0.401185 -0.047804
1360.000000 3.538061 199.039300 -0.393934 -0.056066
1380.000000 3.541725 199.024702 -0.386347 -0.064265
1400.000000 3.545851 199.008134 -0.378409 -0.072393
1420.000000 3.550426 198.989621 -0.370103 -0.080447
1440.000000 3.555438 198.969189 -0.361411 -0.088421
1460.000000 3.560872 198.946867 -0.352312 -0.096308
1480.000000 3.566714 198.922684 -0.342786 -0.104103
1500.000000 3.572946 198.896673 -0.332809 -0.111800
1520.000000 3.579549 198.868868 -0.322357 -0.119392
1540.000000 3.586505 198.839305 -0.311406 -0.126873
1560.000000 3.593791 198.808021 -0.299932 -0.134235
1580.000000 3.601385 198.775055 -0.287908 -0.141471
1600.000000 3.609259 198.740450 -0.275309 -0.148573
1620.000000 3.617387 198.704248 -0.262112 -0.155534
1640.000000 3.625739 198.666493 -0.248291 -0.162345
1660.000000 3.634284 198.627232 -0.233825 -0.168998
1680.000000 3.642985 198.586513 -0.218693 -0.175483
1700.000000 3.651807 198.544385 -0.202876 -0.181791
1720.000000 3.660711 198.500900 -0.186357 -0.187914
1740.000000 3.669656 198.456109 -0.169124 -0.193842
1760.000000 3.678597 198.410067 -0.151167 -0.199564
1780.000000 3.687488 198.362829 -0.132479 -0.205071
1800.000000 3.696284 198.314450 -0.113060 -0.210353
1820.000000 3.704934 198.264990 -0.092912 -0.215400
1840.000000 3.713387 198.214505 -0.072045 -0.220201
1860.000000 3.721593 198.163056 -0.050471 -0.224747
1880.000000 3.729499 198.110703 -0.028211 -0.229028
1900.000000 3.737054 198.057508 -0.005291 -0.233034
1920.000000 3.744206 198.003533 0.018258 -0.236756
1940.000000 3.750904 197.948840 0.042397 -0.240184
1960.000000 3.757100 197.893493 0.067083 -0.243310
1980.000000 3.762746 197.837556 0.092266 -0.246125
2000.000000 3.767800 197.781093 0.117890 -0.248622
2020.000000 3.772221 197.724170 0.143894 -0.250794
2040.000000 3.775974 197.666852 0.170214 -0.252633
2060.000000 3.779026 197.609205 0.196779 -0.254135
2080.000000 3.781353 197.551295 0.223517 -0.255295
2100.000000 3.782933 197.493189 0.250353 -0.256107
2120.000000 3.783752 197.434954 0.277211 -0.256570
2140.000000 3.783803 197.376658 0.304011 -0.256681
2160.000000 3.783082 197.318368 0.330678 -0.256438
2180.000000 3.781596 197.260151 0.357136 -0.255841
2200.000000 3.779356 197.202078 0.383309 -0.254891
2220.000000 3.776377 197.144214 0.409127 -0.253589
2240.000000 3.772684 197.086631 0.434523 -0.251938
2260.000000 3.768306 197.029395 0.459434 -0.249942
2280.000000 3.763276 196.972577 0.483802 -0.247605
2300.000000 3.757632 196.916244 0.507576 -0.244932
2320.000000 3.751417 196.860466 0.530708 -0.241930
2340.000000 3.744677 196.805311 0.553160 -0.238605
2360.000000 3.737459 196.750848 0.574898 -0.234965
2380.000000 3.729816 196.697144 0.595896 -0.231018
2400.000000 3.721798 196.644267 0.616134 -0.226773
2420.000000 3.713458 196.592284 0.635598 -0.222240
2440.000000 3.704850 196.541261 0.654281 -0.217426
2460.000000 3.696027 196.491263 0.672181 -0.212344
2480.000000 3.687042 196.442356 0.689302 -0.207001
2500.000000 3.677945 196.394603 0.705653 -0.201409
2520.000000 3.668786 196.348065 0.721247 -0.195578
2540.000000 3.659615 196.302805 0.736103 -0.189517
2560.000000 3.650477 196.258882 0.750242 -0.183237
2580.000000 3.641417 196.216355 0.763689 -0.176748
2600.000000 3.632477 196.175281 0.776470 -0.170060
2620.000000 3.623696 196.135714 0.788615 -0.163183
2640.000000 3.615113 196.097709 0.800156 -0.156125
2660.000000 3.606763 196.061319 0.811124 -0.148897
2680.000000 3.598679 196.026592 0.821553 -0.141507
2700.000000 3.590891 195.993577 0.831475 -0.133963
2720.000000 3.583428 195.962322 0.840926 -0.126275
2740.000000 3.576316 195.932870 0.849937 -0.118450
2760.000000 3.569581 195.905263 0.858541 -0.110497
2780.000000 3.563246 195.879544 0.866769 -0.102422
2800.000000 3.557330 195.855749 0.874653 -0.094233
2820.000000 3.551854 195.833915 0.882220 -0.085937
2840.000000 3.546836 195.814077 0.889497 -0.077541
2860.000000 3.542293 195.796266 0.896509 -0.069052
2880.000000 3.538239 195.780513 0.903280 -0.060475
2900.000000 3.534690 195.766845 0.909830 -0.051816
2920.000000 3.531658 195.755287 0.916177 -0.043083
2940.000000 3.529156 195.745863 0.922337 -0.034280
2960.000000 3.527195 195.738594 0.928322 -0.025413
2980.000000 3.525786 195.733498 0.934144 -0.016489
3000.000000 3.524938 195.730591 0.939809 -0.007512
3020.000000 3.524662 195.729887 0.945322 0.001513
3040.000000 3.524964 195.731398 0.950684 0.010578
3060.000000 3.525854 195.735132 0.955893 0.019680
3080.000000 3.527337 195.741096 0.960946 0.028812
3100.000000 3.529421 195.749294 0.965833 0.037968
3120.000000 3.532110 195.759728 0.970543 0.047144
3140.000000 3.535410 195.772395 0.975063 0.056332
3160.000000 3.539324 195.787292 0.979374 0.065527
3180.000000 3.543857 195.804412 0.983455 0.074723
3200.000000 3.549009 195.823747 0.987282 0.083914
3220.000000 3.554781 195.845283 0.990828 0.093091
3240.000000 3.561175 195.869007 0.994062 0.102250
3260.000000 3.568188 195.894901 0.996950 0.111383
3280.000000 3.575817 195.922944 0.999456 0.120482
3300.000000 3.584059 195.953114 1.001538 0.129540
3320.000000 3.592907 195.985384 1.003155 0.138549
3340.000000 3.602353 196.019726 1.004261 0.147501
3360.000000 3.612387 196.056108 1.004808 0.156388
3380.000000 3.622998 196.094496 1.004745 0.165201
3400.000000 3.634170 196.134854 1.004018 0.173931
3420.000000 3.645887 196.177142 1.002575 0.182569
3440.000000 3.658128 196.221317 1.000357 0.191106
3460.000000 3.670871 196.267337 0.997306 0.199531
3480.000000 3.684090 196.315153 0.993366 0.207835
3500.000000 3.697755 196.364717 0.988474 0.216008
3520.000000 3.711834 196.415977 0.982572 0.224040
3540.000000 3.726289 196.468881 0.975601 0.231918
3560.000000 3.741079 196.523372 0.967502 0.239633
3580.000000 3.756159 196.579394 0.958217 0.247173
3600.000000 3.771480 196.636889 0.947693 0.254527
3620.000000 3.786988 196.695795 0.935876 0.261683
3640.000000 3.802623 196.756051 0.922718 0.268628
3660.000000 3.818324 196.817596 0.908174 0.275351
3680.000000 3.834021 196.880364 0.892205 0.281840
3700.000000 3.849643 196.944292 0.874778 0.288081
3720.000000 3.865112 197.009314 0.855865 0.294062
3740.000000 3.880349 197.075364 0.835447 0.299771
3760.000000 3.895268 197.142376 0.813513 0.305194
3780.000000 3.909783 197.210283 0.790062 0.310320
3800.000000 3.923803 197.279019 0.765102 0.315134
3820.000000 3.937239 197.348517 0.738652 0.319627
3840.000000 3.949998 197.418710 0.710743 0.323785
3860.000000 3.961991 197.489533 0.681416 0.327597
3880.000000 3.973128 197.560920 0.650727 0.331054
3900.000000 3.983324 197.632805 0.618741 0.334146
3920.000000 3.992499 197.705125 0.585540 0.336863
3940.000000 4.000579 197.777815 0.551214 0.339199
3960.000000 4.007496 197.850812 0.515866 0.341148
3980.000000 4.013191 197.924054 0.479613 0.342704
4000.000000 4.017617 197.997481 0.442578 0.343865
4020.000000 4.020735 198.071030 0.404896 0.344628
4040.000000 4.022519 198.144644 0.366709 0.344992
4060.000000 4.022953 198.218263 0.328165 0.344958
4080.000000 4.022036 198.291830 0.289415 0.344529
4100.000000 4.019777 198.365286 0.250614 0.343706
4120.000000 4.016199 198.438574 0.211916 0.342495
4140.000000 4.011333 198.511638 0.173475 0.340900
4160.000000 4.005225 198.584421 0.135438 0.338929
4180.000000 3.997929 198.656867 0.097949 0.336587
4200.000000 3.989509 198.728918 0.061144 0.333882
4220.000000 3.980034 198.800517 0.025149 0.330825
4240.000000 3.969584 198.871607 -0.009919 0.327423
4260.000000 3.958240 198.942130 -0.043954 0.323687
4280.000000 3.946091 199.012028 -0.076862 0.319627
4300.000000 3.933227 199.081242 -0.108563 0.315255
4320.000000 3.919737 199.149713 -0.138988 0.310583
4340.000000 3.905715 199.217383 -0.168080 0.305622
4360.000000 3.891250 199.284192 -0.195795 0.300385
4380.000000 3.876431 199.350080 -0.222100 0.294884
4400.000000 3.861344 199.414990 -0.246975 0.289132
4420.000000 3.846071 199.478861 -0.270407 0.283141
4440.000000 3.830691 199.541636 -0.292396 0.276924
4460.000000 3.815277 199.603257 -0.312949 0.270494
4480.000000 3.799898 199.663666 -0.332082 0.263863
4500.000000 3.784618 199.722808 -0.349816 0.257042
4520.000000 3.769497 199.780627 -0.366181 0.250043
4540.000000 3.754588 199.837069 -0.381210 0.242877
4560.000000 3.739940 199.892082 -0.394942 0.235557
4580.000000 3.725597 199.945614 -0.407417 0.228091
4600.000000 3.711598 199.997616 -0.418683 0.220490
4620.000000 3.697980 200.048040 -0.428785 0.212764
4640.000000 3.684774 200.096839 -0.437772 0.204922
4660.000000 3.672006 200.143969 -0.445696 0.196974
4680.000000 3.659702 200.189387 -0.452606 0.188927
4700.000000 3.647881 200.233052 -0.458554 0.180791
4720.000000 3.636562 200.274927 -0.463589 0.172573
4740.000000 3.625759 200.314974 -0.467762 0.164281
4760.000000 3.615487 200.353160 -0.471122 0.155922
4780.000000 3.605754 200.389451 -0.473717 0.147503
4800.000000 3.596571 200.423819 -0.475592 0.139031
4820.000000 3.587943 200.456235 -0.476791 0.130513
4840.000000 3.579876 200.486674 -0.477358 0.121954
4860.000000 3.572374 200.515113 -0.477333 0.113360
4880.000000 3.565440 200.541530 -0.476753 0.104738
4900.000000 3.559074 200.565907 -0.475654 0.096092
4920.000000 3.553277 200.588227 -0.474070 0.087429
4940.000000 3.548049 200.608476 -0.472032 0.078753
4960.000000 3.543389 200.626642 -0.469566 0.070070
4980.000000 3.539294 200.642715 -0.466700 0.061384
5000.000000 3.535761 200.656688 -0.463454 0.052700
5020.000000 3.532788 200.668555 -0.459851 0.044023
5040.000000 3.530371 200.678312 -0.455906 0.035357
5060.000000 3.528504 200.685959 -0.451634 0.026707
5080.000000 3.527184 200.691497 -0.447048 0.018077
5100.000000 3.526406 200.694928 -0.442155 0.009472
5120.000000 3.526162 200.696257 -0.436963 0.000896
5140.000000 3.526447 200.695493 -0.431476 -0.007647
5160.000000 3.527255 200.692644 -0.425693 -0.016152
5180.000000 3.528579 200.687721 -0.419615 -0.024615
5200.000000 3.530409 200.680739 -0.413236 -0.033031
5220.000000 3.532739 200.671711 -0.406551 -0.041396
5240.000000 3.535559 200.660655 -0.399550 -0.049705
5260.000000 3.538860 200.647590 -0.392223 -0.057954
5280.000000 3.542631 200.632538 -0.384557 -0.066137
5300.000000 3.546861 200.615522 -0.376536 -0.074249
5320.000000 3.551538 200.596566 -0.368143 -0.082284
5340.000000 3.556648 200.575698 -0.359359 -0.090239
5360.000000 3.562178 200.552946 -0.350164 -0.098105
5380.000000 3.568110 200.528340 -0.340536 -0.105879
5400.000000 3.574429 200.501915 -0.330453 -0.113552
5420.000000 3.581115 200.473703 -0.319889 -0.121119
5440.000000 3.588149 200.443741 -0.308820 -0.128573
5460.000000 3.595508 200.412068 -0.297221 -0.135907
5480.000000 3.603168 200.378722 -0.285068 -0.143113
5500.000000 3.611103 200.343746 -0.272334 -0.150184
5520.000000 3.619286 200.307184 -0.258996 -0.157111
5540.000000 3.627685 200.269079 -0.245029 -0.163886
5560.000000 3.636268 200.229479 -0.230412 -0.170501
5580.000000 3.645001 200.188432 -0.215124 -0.176947
5600.000000 3.653845 200.145988 -0.199147 -0.183213
5620.000000 3.662762 200.102199 -0.182466 -0.189292
5640.000000 3.671710 200.057116 -0.165067 -0.195173
5660.000000 3.680643 200.010795 -0.146943 -0.200847
5680.000000 3.689517 199.963290 -0.128087 -0.206303
5700.000000 3.698284 199.914658 -0.108500 -0.211532
5720.000000 3.706893 199.864957 -0.088186 -0.216524
5740.000000 3.715294 199.814246 -0.067155 -0.221267
5760.000000 3.723436 199.762584 -0.045422 -0.225754
5780.000000 3.731266 199.710032 -0.023008 -0.229972
5800.000000 3.738733 199.656653 0.000060 -0.233914
5820.000000 3.745785 199.602507 0.023748 -0.237569
5840.000000 3.752372 199.547658 0.048017 -0.240929
5860.000000 3.758446 199.492170 0.072821 -0.243984
5880.000000 3.763960 199.436106 0.098110 -0.246727
5900.000000 3.768872 199.379532 0.123827 -0.249150
5920.000000 3.773143 199.322513 0.149910 -0.251246
5940.000000 3.776737 199.265113 0.176292 -0.253008
5960.000000 3.779625 199.207400 0.202903 -0.254432
5980.000000 3.781782 199.149439 0.229671 -0.255512
6000.000000 3.783188 199.091298 0.256519 -0.256245
6020.000000 3.783832 199.033043 0.283370 -0.256627
6040.000000 3.783705 198.974742 0.310146 -0.256656
6060.000000 3.782809 198.916463 0.336772 -0.256332
6080.000000 3.781148 198.858273 0.363170 -0.255654
6100.000000 3.778736 198.800242 0.389268 -0.254623
6120.000000 3.775592 198.742437 0.414996 -0.253241
6140.000000 3.771739 198.684927 0.440286 -0.251510
6160.000000 3.767208 198.627781 0.465077 -0.249435
6180.000000 3.762033 198.571068 0.489313 -0.247021
6200.000000 3.756254 198.514856 0.512943 -0.244272
6220.000000 3.749915 198.459215 0.535923 -0.241195
6240.000000 3.743061 198.404213 0.558213 -0.237797
6260.000000 3.735741 198.349918 0.579784 -0.234086
6280.000000 3.728007 198.296398 0.600609 -0.230070
6300.000000 3.719910 198.243720 0.620670 -0.225758
6320.000000 3.711504 198.191952 0.639955 -0.221159
6340.000000 3.702842 198.141158 0.658458 -0.216283
6360.000000 3.693978 198.091405 0.676179 -0.211140
6380.000000 3.684962 198.042757 0.693122 -0.205739
6400.000000 3.675846 197.995278 0.709298 -0.200091
6420.000000 3.666681 197.949028 0.724721 -0.194206
6440.000000 3.657513 197.904070 0.739411 -0.188095
6460.000000 3.648389 197.860462 0.753389 -0.181766
6480.000000 3.639353 197.818263 0.766680 -0.175231
6500.000000 3.630446 197.777530 0.779312 -0.168498
6520.000000 3.621708 197.738317 0.791316 -0.161578
6540.000000 3.613175 197.700678 0.802722 -0.154481
6560.000000 3.604883 197.664665 0.813564 -0.147215
6580.000000 3.596864 197.630327 0.823873 -0.139788
6600.000000 3.589148 197.597712 0.833685 -0.132211
6620.000000 3.581764 197.566867 0.843031 -0.124491
6640.000000 3.574737 197.537834 0.851946 -0.116636
6660.000000 3.568091 197.510658 0.860461 -0.108654
6680.000000 3.561850 197.485376 0.868608 -0.100552
6700.000000 3.556034 197.462029 0.876417 -0.092338
6720.000000 3.550661 197.440650 0.883914 -0.084019
6740.000000 3.545751 197.421274 0.891129 -0.075601
6760.000000 3.541318 197.403933 0.898084 -0.067090
6780.000000 3.537379 197.388656 0.904802 -0.058494
6800.000000 3.533948 197.375471 0.911304 -0.049818
6820.000000 3.531036 197.364401 0.917607 -0.041068
6840.000000 3.528657 197.355470 0.923725 -0.032250
6860.000000 3.526822 197.348697 0.929672 -0.023370
6880.000000 3.525541 197.344102 0.935458 -0.014433
6900.000000 3.524824 197.341700 0.941087 -0.005444
6920.000000 3.524680 197.341504 0.946566 0.003590
6940.000000 3.525116 197.343524 0.951893 0.012664
6960.000000 3.526141 197.347770 0.957067 0.021773
6980.000000 3.527762 197.354246 0.962082 0.030911
7000.000000 3.529984 197.362957 0.966930 0.040073
7020.000000 3.532813 197.373903 0.971598 0.049252
7040.000000 3.536254 197.387082 0.976071 0.058442
7060.000000 3.540310 197.402490 0.980331 0.067638
7080.000000 3.544984 197.420120 0.984357 0.076833
7100.000000 3.550279 197.439961 0.988122 0.086021
7120.000000 3.556194 197.462001 0.991599 0.095196
7140.000000 3.562730 197.486225 0.994757 0.104349
7160.000000 3.569885 197.512614 0.997561 0.113474
7180.000000 3.577655 197.541147 0.999973 0.122565
7200.000000 3.586037 197.571801 1.001952 0.131612
7220.000000 3.595022 197.604549 1.003456 0.140609
7240.000000 3.604604 197.639362 1.004438 0.149547
7260.000000 3.614772 197.676208 1.004849 0.158418
7280.000000 3.625513 197.715052 1.004638 0.167212
7300.000000 3.636812 197.755856 1.003752 0.175922
7320.000000 3.648651 197.798581 1.002136 0.184538
7340.000000 3.661009 197.843184 0.999732 0.193049
7360.000000 3.673864 197.889620 0.996483 0.201448
7380.000000 3.687188 197.937842 0.992329 0.209723
7400.000000 3.700951 197.987800 0.987211 0.217865
7420.000000 3.715120 198.039442 0.981069 0.225862
7440.000000 3.729655 198.092715 0.973844 0.233704
7460.000000 3.744516 198.147563 0.965478 0.241380
7480.000000 3.759656 198.203928 0.955914 0.248878
7500.000000 3.775025 198.261751 0.945097 0.256187
7520.000000 3.790567 198.320973 0.932976 0.263296
7540.000000 3.806224 198.381531 0.919504 0.270191
7560.000000 3.821929 198.443362 0.904636 0.276862
7580.000000 3.837616 198.506402 0.888335 0.283294
7600.000000 3.853210 198.570587 0.870569 0.289477
7620.000000 3.868633 198.635851 0.851312 0.295397
7640.000000 3.883804 198.702127 0.830547 0.301041
7660.000000 3.898638 198.769350 0.808265 0.306397
7680.000000 3.913048 198.837454 0.784466 0.311453
7700.000000 3.926942 198.906370 0.759162 0.316194
7720.000000 3.940230 198.976034 0.732374 0.320611
7740.000000 3.952822 199.046378 0.704135 0.324691
7760.000000 3.964626 199.117336 0.674491 0.328423
7780.000000 3.975554 199.188843 0.643497 0.331796
7800.000000 3.985523 199.260833 0.611225 0.334803
7820.000000 3.994453 199.333244 0.577757 0.337433
7840.000000 4.002271 199.406009 0.543187 0.339681
7860.000000 4.008913 199.479068 0.507621 0.341540
7880.000000 4.014321 199.552358 0.471177 0.343006
7900.000000 4.018450 199.625818 0.433982 0.344075
7920.000000 4.021263 199.699388 0.396171 0.344746
7940.000000 4.022738 199.773008 0.357889 0.345019
7960.000000 4.022862 199.846620 0.319284 0.344895
7980.000000 4.021636 199.920167 0.280509 0.344374
8000.000000 4.019072 199.993589 0.241718 0.343462
8020.000000 4.015194 200.066831 0.203065 0.342163
8040.000000 4.010039 200.139836 0.164704 0.340481
8060.000000 4.003654 200.212546 0.126780 0.338424
8080.000000 3.996094 200.284906 0.089436 0.335998
8100.000000 3.987424 200.356858 0.052806 0.333212
8120.000000 3.977719 200.428346 0.017014 0.330074
8140.000000 3.967056 200.499311 -0.017825 0.326594
8160.000000 3.955520 200.569695 -0.051609 0.322783
8180.000000 3.943199 200.639442 -0.084248 0.318651
8200.000000 3.930182 200.708490 -0.115661 0.314209
8220.000000 3.916563 200.776783 -0.145785 0.309469
8240.000000 3.902431 200.844260 -0.174564 0.304444
8260.000000 3.887877 200.910863 -0.201958 0.299145
8280.000000 3.872989 200.976533 -0.227937 0.293585
8300.000000 3.857852 201.041209 -0.252481 0.287777
8320.000000 3.842548 201.104834 -0.275581 0.281734
8340.000000 3.827153 201.167349 -0.297240 0.275467
8360.000000 3.811742 201.228696 -0.317466 0.268990
8380.000000 3.796380 201.288820 -0.336275 0.262313
8400.000000 3.781132 201.347663 -0.353692 0.255451
8420.000000 3.766055 201.405170 -0.369747 0.248413
8440.000000 3.751201 201.461289 -0.384475 0.241211
8460.000000 3.736619 201.515967 -0.397914 0.233855
8480.000000 3.722352 201.569152 -0.410108 0.226358
8500.000000 3.708438 201.620796 -0.421102 0.218727
8520.000000 3.694912 201.670851 -0.430944 0.210974
8540.000000 3.681804 201.719271 -0.439683 0.203107
8560.000000 3.669140 201.766011 -0.447370 0.195135
8580.000000 3.656945 201.811031 -0.454055 0.187068
8600.000000 3.645238 201.854288 -0.459788 0.178912
8620.000000 3.634036 201.895747 -0.464621 0.170677
8640.000000 3.623354 201.935370 -0.468604 0.162368
8660.000000 3.613205 201.973124 -0.471784 0.153995
8680.000000 3.603598 202.008976 -0.474209 0.145563
8700.000000 3.594541 202.042898 -0.475925 0.137080
8720.000000 3.586042 202.074863 -0.476976 0.128552
8740.000000 3.578104 202.104845 -0.477403 0.119984
8760.000000 3.570732 202.132821 -0.477247 0.111383
8780.000000 3.563928 202.158772 -0.476545 0.102755
8800.000000 3.557693 202.182678 -0.475332 0.094105
8820.000000 3.552027 202.204524 -0.473641 0.085439
8840.000000 3.546930 202.224296 -0.471502 0.076761
8860.000000 3.542399 202.241982 -0.468943 0.068077
8880.000000 3.538433 202.257574 -0.465987 0.059391
8900.000000 3.535030 202.271064 -0.462658 0.050708
8920.000000 3.532184 202.282447 -0.458975 0.042033
8940.000000 3.529894 202.291720 -0.454954 0.033370
8960.000000 3.528153 202.298882 -0.450609 0.024725
8980.000000 3.526958 202.303936 -0.445952 0.016100
9000.000000 3.526303 202.306884 -0.440990 0.007501
9020.000000 3.526181 202.307733 -0.435730 -0.001068
9040.000000 3.526587 202.306489 -0.430174 -0.009602
9060.000000 3.527514 202.303163 -0.424324 -0.018098
9080.000000 3.528954 202.297766 -0.418177 -0.026551
9100.000000 3.530900 202.290312 -0.411729 -0.034956
9120.000000 3.533344 202.280817 -0.404972 -0.043308
9140.000000 3.536275 202.269299 -0.397898 -0.051604
9160.000000 3.539685 202.255776 -0.390494 -0.059838
9180.000000 3.543562 202.240271 -0.382748 -0.068005
9200.000000 3.547896 202.222808 -0.374643 -0.076100
9220.000000 3.552673 202.203410 -0.366162 -0.084118
9240.000000 3.557881 202.182107 -0.357286 -0.092052
9260.000000 3.563504 202.158927 -0.347994 -0.099898
9280.000000 3.569527 202.133901 -0.338263 -0.107649
9300.000000 3.575932 202.107062 -0.328071 -0.115298
9320.000000 3.582700 202.078445 -0.317394 -0.122840
9340.000000 3.589810 202.048087 -0.306206 -0.130267
9360.000000 3.597240 202.016026 -0.294482 -0.137573
9380.000000 3.604966 201.982303 -0.282197 -0.144748
9400.000000 3.612960 201.946959 -0.269327 -0.151787
9420.000000 3.621195 201.910039 -0.255846 -0.158680
9440.000000 3.629640 201.871587 -0.241732 -0.165419
9460.000000 3.638260 201.831650 -0.226963 -0.171996
9480.000000 3.647022 201.790278 -0.211519 -0.178401
9500.000000 3.655887 201.747521 -0.195381 -0.184626
9520.000000 3.664815 201.703430 -0.178536 -0.190660
9540.000000 3.673763 201.658058 -0.160972 -0.196494
9560.000000 3.682687 201.611460 -0.142680 -0.202119
9580.000000 3.691541 201.563691 -0.123656 -0.207524
9600.000000 3.700275 201.514809 -0.103902 -0.212699
9620.000000 3.708841 201.464871 -0.083422 -0.217635
9640.000000 3.717188 201.413936 -0.062228 -0.222320
9660.000000 3.725263 201.362065 -0.040337 -0.226746
9680.000000 3.733014 201.309318 -0.017770 -0.230902
9700.000000 3.740390 201.255757 0.005443 -0.234779
9720.000000 3.747340 201.201444 0.029268 -0.238367
9740.000000 3.753813 201.146443 0.053664 -0.241657
9760.000000 3.759762 201.090817 0.078585 -0.244641
9780.000000 3.765142 201.034630 0.103977 -0.247311
9800.000000 3.769910 200.977948 0.129783 -0.249660
9820.000000 3.774029 200.920836 0.155941 -0.251680
9840.000000 3.777463 200.863358 0.182382 -0.253365
9860.000000 3.780185 200.805582 0.209036 -0.254710
9880.000000 3.782172 200.747574 0.235828 -0.255711
9900.000000 3.783404 200.689401 0.262684 -0.256363
9920.000000 3.783871 200.631130 0.289525 -0.256665
9940.000000 3.783568 200.572828 0.316274 -0.256613
9960.000000 3.782495 200.514563 0.342854 -0.256208
9980.000000 3.780661 200.456403 0.369189 -0.255448
10000.000000 3.778079 200.398418 0.395208 -0.254337
10020.000000 3.774769 200.340674 0.420841 -0.252874
10040.000000 3.770758 200.283242 0.446022 -0.251064
10060.000000 3.766075 200.226189 0.470691 -0.248911
10080.000000 3.760759 200.169585 0.494792 -0.246419
10100.000000 3.754847 200.113499 0.518276 -0.243594
10120.000000 3.748385 200.057998 0.541101 -0.240443
10140.000000 3.741420 200.003152 0.563229 -0.236972
10160.000000 3.734001 199.949029 0.584630 -0.233191
10180.000000 3.726179 199.895696 0.605282 -0.229106
10200.000000 3.718006 199.843221 0.625165 -0.224728
10220.000000 3.709537 199.791671 0.644271 -0.220064
10240.000000 3.700824 199.741111 0.662595 -0.215126
10260.000000 3.691920 199.691606 0.680136 -0.209923
10280.000000 3.682877 199.643220 0.696902 -0.204465
10300.000000 3.673745 199.596017 0.712904 -0.198761
10320.000000 3.664575 199.550059 0.728157 -0.192823
10340.000000 3.655414 199.505405 0.742681 -0.186661
10360.000000 3.646306 199.462116 0.756499 -0.180284
10380.000000 3.637296 199.420248 0.769636 -0.173702
10400.000000 3.628424 199.379859 0.782122 -0.166926
10420.000000 3.619730 199.341003 0.793986 -0.159965
10440.000000 3.611250 199.303733 0.805259 -0.152828
10460.000000 3.603017 199.268100 0.815976 -0.145524
10480.000000 3.595065 199.234153 0.826168 -0.138062
10500.000000 3.587423 199.201940 0.835870 -0.130452
10520.000000 3.580118 199.171507 0.845115 -0.122700
10540.000000 3.573177 199.142897 0.853935 -0.114815
10560.000000 3.566622 199.116152 0.862363 -0.106805
10580.000000 3.560477 199.091311 0.870429 -0.098677
10600.000000 3.554761 199.068412 0.878164 -0.090438
10620.000000 3.549493 199.047490 0.885594 -0.082095
10640.000000 3.544691 199.028579 0.892747 -0.073655
10660.000000 3.540370 199.011709 0.899646 -0.065125
10680.000000 3.536546 198.996910 0.906313 -0.056510
10700.000000 3.533233 198.984208 0.912767 -0.047816
10720.000000 3.530443 198.973627 0.919027 -0.039050
10740.000000 3.528188 198.965189 0.925105 -0.030218
10760.000000 3.526479 198.958915 0.931014 -0.021324
10780.000000 3.525327 198.954822 0.936763 -0.012374
10800.000000 3.524740 198.952925 0.942358 -0.003375
10820.000000 3.524728 198.953237 0.947802 0.005669
10840.000000 3.525299 198.955767 0.953094 0.014752
10860.000000 3.526460 198.960524 0.958232 0.023868
10880.000000 3.528219 198.967514 0.963210 0.033012
10900.000000 3.530579 198.976737 0.968018 0.042178
10920.000000 3.533549 198.988196 0.972642 0.051360
10940.000000 3.537130 199.001888 0.977069 0.060552
10960.000000 3.541328 199.017806 0.981277 0.069749
10980.000000 3.546144 199.035944 0.985245 0.078943
11000.000000 3.551581 199.056291 0.988947 0.088128
11020.000000 3.557639 199.078834 0.992353 0.097298
11040.000000 3.564317 199.103556 0.995433 0.106446
11060.000000 3.571614 199.130439 0.998150 0.115564
11080.000000 3.579525 199.159462 1.000467 0.124645
11100.000000 3.588046 199.190599 1.002341 0.133682
11120.000000 3.597169 199.223824 1.003729 0.142666
11140.000000 3.606887 199.259106 1.004585 0.151589
11160.000000 3.617187 199.296414 1.004858 0.160443
11180.000000 3.628057 199.335711 1.004497 0.169219
11200.000000 3.639482 199.376959 1.003448 0.177908
11220.000000 3.651442 199.420119 1.001656 0.186501
11240.000000 3.663917 199.465147 0.999063 0.194987
11260.000000 3.676882 199.511997 0.995612 0.203359
11280.000000 3.690309 199.560622 0.991242 0.211604
11300.000000 3.704169 199.610971 0.985894 0.219713
11320.000000 3.718425 199.662992 0.979509 0.227676
11340.000000 3.733039 199.716632 0.972027 0.235480
11360.000000 3.747968 199.771833 0.963391 0.243117
11380.000000 3.763165 199.828538 0.953544 0.250573
11400.000000 3.778579 199.886688 0.942432 0.257837
11420.000000 3.794153 199.946222 0.930005 0.264898
11440.000000 3.809826 200.007078 0.916216 0.271742
11460.000000 3.825534 200.069192 0.901023 0.278359
11480.000000 3.841206 200.132500 0.884388 0.284736
11500.000000 3.856768 200.196939 0.866282 0.290859
11520.000000 3.872140 200.262441 0.846680 0.296717
11540.000000 3.887242 200.328940 0.825567 0.302297
11560.000000 3.901986 200.396371 0.802937 0.307585
11580.000000 3.916285 200.464667 0.778791 0.312569
11600.000000 3.930049 200.533761 0.753144 0.317237
11620.000000 3.943185 200.603587 0.726020 0.321578
11640.000000 3.955604 200.674077 0.697454 0.325578
11660.000000 3.967214 200.745167 0.667494 0.329229
11680.000000 3.977930 200.816791 0.636201 0.332519
11700.000000 3.987667 200.888884 0.603647 0.335440
11720.000000 3.996348 200.961381 0.569917 0.337983
11740.000000 4.003902 201.034220 0.535108 0.340142
11760.000000 4.010265 201.107337 0.499330 0.341911
11780.000000 4.015383 201.180671 0.462702 0.343286
11800.000000 4.019213 201.254162 0.425353 0.344264
11820.000000 4.021721 201.327748 0.387421 0.344844
11840.000000 4.022886 201.401372 0.349052 0.345026
11860.000000 4.022700 201.474974 0.310394 0.344810
11880.000000 4.021165 201.548497 0.271601 0.344200
11900.000000 4.018297 201.621883 0.232829 0.343198
11920.000000 4.014123 201.695075 0.194230 0.341810
11940.000000 4.008681 201.768018 0.155956 0.340042
11960.000000 4.002020 201.840653 0.118153 0.337899
11980.000000 3.994200 201.912924 0.080961 0.335390
12000.000000 3.985286 201.984775 0.044513 0.332522
12020.000000 3.975353 202.056147 0.008930 0.329305
12040.000000 3.964482 202.126984 -0.025676 0.325749
12060.000000 3.952758 202.197227 -0.059205 0.321863
12080.000000 3.940269 202.266819 -0.091568 0.317658
12100.000000 3.927107 202.335699 -0.122691 0.313147
12120.000000 3.913361 202.403810 -0.152511 0.308341
12140.000000 3.899125 202.471092 -0.180975 0.303251
12160.000000 3.884486 202.537486 -0.208047 0.297892
12180.000000 3.869534 202.602932 -0.233697 0.292274
12200.000000 3.854351 202.667373 -0.257910 0.286411
12220.000000 3.839020 202.730748 -0.280680 0.280315
12240.000000 3.823615 202.793000 -0.302008 0.273999
12260.000000 3.808209 202.854072 -0.321907 0.267474
12280.000000 3.792868 202.913906 -0.340395 0.260754
12300.000000 3.777654 202.972447 -0.357497 0.253850
12320.000000 3.762624 203.029641 -0.373244 0.246774
12340.000000 3.747829 203.085434 -0.387672 0.239536
12360.000000 3.733315 203.139773 -0.400822 0.232147
12380.000000 3.719126 203.192609 -0.412736 0.224618
12400.000000 3.705298 203.243892 -0.423461 0.216958
12420.000000 3.691865 203.293576 -0.433046 0.209178
12440.000000 3.678857 203.341614 -0.441539 0.201286
12460.000000 3.666299 203.387963 -0.448991 0.193292
12480.000000 3.654214 203.432582 -0.455453 0.185203
12500.000000 3.642622 203.475430 -0.460975 0.177029
12520.000000 3.631538 203.516470 -0.465609 0.168776
12540.000000 3.620977 203.555667 -0.469403 0.160452
12560.000000 3.610952 203.592987 -0.472406 0.152065
12580.000000 3.601470 203.628399 -0.474664 0.143621
12600.000000 3.592541 203.661875 -0.476223 0.135126
12620.000000 3.584170 203.693386 -0.477128 0.126589
12640.000000 3.576362 203.722910 -0.477418 0.118013
12660.000000 3.569121 203.750423 -0.477133 0.109405
12680.000000 3.562447 203.775905 -0.476311 0.100772
12700.000000 3.556342 203.799340 -0.474986 0.092118
12720.000000 3.550807 203.820711 -0.473189 0.083448
12740.000000 3.545840 203.840006 -0.470951 0.074768
12760.000000 3.541439 203.857212 -0.468299 0.066083
12780.000000 3.537603 203.872322 -0.465256 0.057397
12800.000000 3.534327 203.885328 -0.461844 0.048716
12820.000000 3.531610 203.896227 -0.458081 0.040044
12840.000000 3.529446 203.905016 -0.453985 0.031384
12860.000000 3.527831 203.911694 -0.449567 0.022743
12880.000000 3.526760 203.916264 -0.444839 0.014124
12900.000000 3.526228 203.918730 -0.439809 0.005532
12920.000000 3.526228 203.919098 -0.434481 -0.003030
12940.000000 3.526754 203.917375 -0.428858 -0.011556
12960.000000 3.527799 203.913573 -0.422940 -0.020042
12980.000000 3.529356 203.907703 -0.416724 -0.028484
13000.000000 3.531417 203.899779 -0.410206 -0.036878
13020.000000 3.533974 203.889818 -0.403377 -0.045218
13040.000000 3.537016 203.877837 -0.396228 -0.053500
13060.000000 3.540534 203.863858 -0.388747 -0.061719
13080.000000 3.544517 203.847901 -0.380920 -0.069869
13100.000000 3.548954 203.829991 -0.372730 -0.077947
13120.000000 3.553831 203.810154 -0.364161 -0.085946
13140.000000 3.559135 203.788417 -0.355191 -0.093861
13160.000000 3.564852 203.764811 -0.345800 -0.101685
13180.000000 3.570964 203.739366 -0.335966 -0.109414
13200.000000 3.577454 203.712116 -0.325665 -0.117039
13220.000000 3.584302 203.683096 -0.314872 -0.124555
13240.000000 3.591488 203.652344 -0.303563 -0.131955
13260.000000 3.598988 203.619898 -0.291713 -0.139231
13280.000000 3.606778 203.585799 -0.279296 -0.146376
13300.000000 3.614830 203.550089 -0.266288 -0.153382
13320.000000 3.623116 203.512813 -0.252664 -0.160240
13340.000000 3.631604 203.474016 -0.238401 -0.166943
13360.000000 3.640260 203.433746 -0.223479 -0.173481
13380.000000 3.649049 203.392051 -0.207877 -0.179846
13400.000000 3.657932 203.348983 -0.191578 -0.186028
13420.000000 3.666868 203.304593 -0.174569 -0.192017
13440.000000 3.675815 203.258935 -0.156838 -0.197804
13460.000000 3.684727 203.212063 -0.138378 -0.203379
13480.000000 3.693558 203.164034 -0.119187 -0.208733
13500.000000 3.702258 203.114904 -0.099265 -0.213854
13520.000000 3.710778 203.064732 -0.078620 -0.218733
13540.000000 3.719067 203.013577 -0.057265 -0.223359
13560.000000 3.727072 202.961499 -0.035216 -0.227724
13580.000000 3.734742 202.908560 -0.012499 -0.231817
13600.000000 3.742025 202.854821 0.010858 -0.235628
13620.000000 3.748869 202.800345 0.034818 -0.239148
13640.000000 3.755227 202.745194 0.059339 -0.242369
13660.000000 3.761049 202.689434 0.084373 -0.245282
13680.000000 3.766292 202.633128 0.109866 -0.247879
13700.000000 3.770914 202.576341 0.135758 -0.250153
13720.000000 3.774879 202.519139 0.161987 -0.252096
13740.000000 3.778152 202.461588 0.188483 -0.253704
13760.000000 3.780707 202.403753 0.215176 -0.254971
13780.000000 3.782522 202.345701 0.241989 -0.255892
13800.000000 3.783579 202.287499 0.268848 -0.256464
13820.000000 3.783870 202.229214 0.295675 -0.256684
13840.000000 3.783389 202.170915 0.322392 -0.256551
13860.000000 3.782141 202.112668 0.348922 -0.256065
13880.000000 3.780133 202.054543 0.375192 -0.255224
13900.000000 3.777383 201.996607 0.401128 -0.254032
13920.000000 3.773909 201.938929 0.426663 -0.252490
13940.000000 3.769741 201.881577 0.451731 -0.250600
13960.000000 3.764910 201.824621 0.476274 -0.248369
13980.000000 3.759453 201.768130 0.500238 -0.245800
14000.000000 3.753411 201.712172 0.523575 -0.242900
14020.000000 3.746829 201.656815 0.546242 -0.239674
14040.000000 3.739755 201.602129 0.568206 -0.236132
14060.000000 3.732239 201.548182 0.589437 -0.232280
14080.000000 3.724332 201.495040 0.609914 -0.228127
14100.000000 3.716087 201.442771 0.629620 -0.223682
14120.000000 3.707557 201.391442 0.648546 -0.218955
14140.000000 3.698795 201.341119 0.666690 -0.213955
14160.000000 3.689855 201.291865 0.684052 -0.208692
14180.000000 3.680787 201.243745 0.700642 -0.203177
14200.000000 3.671642 201.196823 0.716470 -0.197419
14220.000000 3.662470 201.151158 0.731554 -0.191428
14240.000000 3.653317 201.106813 0.745914 -0.185216
14260.000000 3.644228 201.063845 0.759573 -0.178791
14280.000000 3.635246 201.022312 0.772559 -0.172164
14300.000000 3.626412 200.982270 0.784899 -0.165345
14320.000000 3.617763 200.943773 0.796624 -0.158342
14340.000000 3.609337 200.906874 0.807767 -0.151166
14360.000000 3.601166 200.871623 0.818360 -0.143825
14380.000000 3.593283 200.838070 0.828437 -0.136328
14400.000000 3.585716 200.806262 0.838031 -0.128685
14420.000000 3.578492 200.776244 0.847175 -0.120901
14440.000000 3.571637 200.748058 0.855903 -0.112987
14460.000000 3.565175 200.721747 0.864245 -0.104949
14480.000000 3.559126 200.697348 0.872233 -0.096795
14500.000000 3.553511 200.674900 0.879895 -0.088532
14520.000000 3.548349 200.654437 0.887260 -0.080167
14540.000000 3.543656 200.635991 0.894352 -0.071705
14560.000000 3.539448 200.619594 0.901196 -0.063155
14580.000000 3.535740 200.605274 0.907812 -0.054521
14600.000000 3.532546 200.593056 0.914221 -0.045811
14620.000000 3.529878 200.582966 0.920437 -0.037029
14640.000000 3.527747 200.575023 0.926476 -0.028181
14660.000000 3.526165 200.569248 0.932348 -0.019274
14680.000000 3.525142 200.565658 0.938061 -0.010313
14700.000000 3.524686 200.564267 0.943621 -0.001303
14720.000000 3.524808 200.565087 0.949030 0.007751
14740.000000 3.525513 200.568128 0.954287 0.016842
14760.000000 3.526811 200.573397 0.959389 0.025965
14780.000000 3.528707 200.580899 0.964329 0.035114
14800.000000 3.531207 200.590636 0.969096 0.044284
14820.000000 3.534316 200.602607 0.973677 0.053469
14840.000000 3.538039 200.616810 0.978055 0.062663
14860.000000 3.542379 200.633239 0.982210 0.071859
14880.000000 3.547337 200.651885 0.986119 0.081052
14900.000000 3.552917 200.672737 0.989756 0.090235
14920.000000 3.559117 200.695782 0.993090 0.099400
14940.000000 3.565937 200.721002 0.996090 0.108542
14960.000000 3.573375 200.748378 0.998719 0.117652
14980.000000 3.581427 200.777888 1.000937 0.126724
15000.000000 3.590087 200.809507 1.002704 0.135749
15020.000000 3.599347 200.843206 1.003974 0.144720
15040.000000 3.609200 200.878957 1.004701 0.153628
15060.000000 3.619632 200.916724 1.004833 0.162465
15080.000000 3.630631 200.956472 1.004319 0.171221
15100.000000 3.642180 200.998164 1.003105 0.179889
15120.000000 3.654260 201.041756 1.001134 0.188458
15140.000000 3.666850 201.087206 0.998349 0.196919
15160.000000 3.679924 201.134468 0.994692 0.205262
15180.000000 3.693453 201.183493 0.990103 0.213478
15200.000000 3.707407 201.234230 0.984522 0.221554
15220.000000 3.721749 201.286628 0.977891 0.229481
15240.000000 3.736439 201.340631 0.970149 0.237248
15260.000000 3.751434 201.396182 0.961240 0.244844
15280.000000 3.766686 201.453224 0.951107 0.252257
15300.000000 3.782141 201.511698 0.939698 0.259476
15320.000000 3.797744 201.571540 0.926963 0.266488
15340.000000 3.813431 201.632690 0.912855 0.273282
15360.000000 3.829137 201.695084 0.897334 0.279845
15380.000000 3.844790 201.758658 0.880364 0.286164
15400.000000 3.860315 201.823346 0.861916 0.292228
15420.000000 3.875633 201.889083 0.841968 0.298023
15440.000000 3.890661 201.955802 0.820507 0.303536
15460.000000 3.905311 202.023438 0.797529 0.308756
15480.000000 3.919495 202.091923 0.773037 0.313669
15500.000000 3.933122 202.161191 0.747048 0.318263
15520.000000 3.946102 202.231175 0.719589 0.322526
15540.000000 3.958343 202.301809 0.690699 0.326448
15560.000000 3.969756 202.373027 0.660427 0.330016
15580.000000 3.980254 202.444764 0.628838 0.333222
15600.000000 3.989756 202.516955 0.596006 0.336057
15620.000000 3.998184 202.589536 0.562019 0.338513
15640.000000 4.005470 202.662444 0.526978 0.340583
15660.000000 4.011552 202.735617 0.490994 0.342262
15680.000000 4.016377 202.808993 0.454189 0.343546
15700.000000 4.019906 202.882510 0.416694 0.344433
15720.000000 4.022107 202.956111 0.378648 0.344921
15740.000000 4.022963 203.029734 0.340199 0.345011
15760.000000 4.022466 203.103323 0.301497 0.344705
15780.000000 4.020624 203.176820 0.262695 0.344004
15800.000000 4.017453 203.250167 0.223949 0.342914
15820.000000 4.012984 203.323307 0.185411 0.341438
15840.000000 4.007258 203.396183 0.147232 0.339583
15860.000000 4.000326 203.468740 0.109558 0.337355
15880.000000 3.992248 203.540920 0.072526 0.334763
15900.000000 3.983093 203.612666 0.036266 0.331814
15920.000000 3.972938 203.683921 0.000897 0.328519
15940.000000 3.961864 203.754626 -0.033470 0.324885
15960.000000 3.949956 203.824725 -0.066739 0.320925
15980.000000 3.937305 203.894158 -0.098824 0.316650
16000.000000 3.924000 203.962868 -0.129653 0.312070
16020.000000 3.910134 204.030793 -0.159165 0.307197
16040.000000 3.895797 204.097877 -0.187313 0.302045
16060.000000 3.881079 204.164058 -0.214060 0.296625
16080.000000 3.866067 204.229279 -0.239382 0.290949
16100.000000 3.850843 204.293480 -0.263264 0.285032
16120.000000 3.835488 204.356603 -0.285702 0.278884
16140.000000 3.820077 204.418589 -0.306701 0.272519
16160.000000 3.804680 204.479382 -0.326274 0.265949
16180.000000 3.789363 204.538924 -0.344441 0.259186
16200.000000 3.774186 204.597161 -0.361229 0.252241
16220.000000 3.759206 204.654038 -0.376670 0.245126
16240.000000 3.744471 204.709501 -0.390801 0.237853
16260.000000 3.730029 204.763500 -0.403664 0.230431
16280.000000 3.715919 204.815984 -0.415301 0.222871
16300.000000 3.702179 204.866904 -0.425760 0.215183
16320.000000 3.688841 204.916214 -0.435090 0.207376
16340.000000 3.675934 204.963868 -0.443339 0.199460
16360.000000 3.663483 205.009824 -0.450560 0.191444
16380.000000 3.651509 205.054040 -0.456802 0.183335
16400.000000 3.640032 205.096476 -0.462116 0.175141
16420.000000 3.629067 205.137096 -0.466552 0.166871
16440.000000 3.618629 205.175865 -0.470160 0.158532
16460.000000 3.608727 205.212750 -0.472988 0.150132
16480.000000 3.599372 205.247720 -0.475082 0.141675
16500.000000 3.590570 205.280747 -0.476487 0.133171
16520.000000 3.582328 205.311805 -0.477247 0.124623
16540.000000 3.574650 205.340868 -0.477402 0.116040
16560.000000 3.567539 205.367917 -0.476991 0.107426
16580.000000 3.560996 205.392932 -0.476050 0.098787
16600.000000 3.555022 205.415894 -0.474614 0.090129
16620.000000 3.549617 205.436789 -0.472714 0.081457
16640.000000 3.544780 205.455606 -0.470378 0.072775
16660.000000 3.540509 205.472331 -0.467634 0.064089
16680.000000 3.536801 205.486959 -0.464504 0.055404
16700.000000 3.533655 205.499482 -0.461011 0.046725
16720.000000 3.531064 205.509897 -0.457170 0.038055
16740.000000 3.529027 205.518201 -0.452999 0.029399
16760.000000 3.527537 205.524395 -0.448509 0.020763
16780.000000 3.526590 205.528482 -0.443711 0.012150
16800.000000 3.526181 205.530465 -0.438612 0.003564
16820.000000 3.526302 205.530353 -0.433216 -0.004990
16840.000000 3.526948 205.528152 -0.427526 -0.013507
16860.000000 3.528112 205.523873 -0.421540 -0.021984
16880.000000 3.529785 205.517531 -0.415255 -0.030415
16900.000000 3.531961 205.509138 -0.408666 -0.038797
16920.000000 3.534629 205.498712 -0.401765 -0.047124
16940.000000 3.537781 205.486271 -0.394541 -0.055392
16960.000000 3.541407 205.471835 -0.386982 -0.063595
16980.000000 3.545495 205.455428 -0.379073 -0.071730
17000.000000 3.550034 205.437074 -0.370798 -0.079790
17020.000000 3.555011 205.416798 -0.362138 -0.087770
17040.000000 3.560412 205.394629 -0.353074 -0.095665
17060.000000 3.566220 205.370598 -0.343583 -0.103468
17080.000000 3.572421 205.344735 -0.333644 -0.111173
17100.000000 3.578995 205.317076 -0.323232 -0.118774
17120.000000 3.585922 205.287655 -0.312323 -0.126264
17140.000000 3.593182 205.256511 -0.300892 -0.133636
17160.000000 3.600751 205.223682 -0.288914 -0.140883
17180.000000 3.608604 205.189209 -0.276364 -0.147997
17200.000000 3.616712 205.153136 -0.263216 -0.154969
17220.000000 3.625047 205.115507 -0.249448 -0.161793
17240.000000 3.633577 205.076368 -0.235036 -0.168459
17260.000000 3.642267 205.035766 -0.219959 -0.174958
17280.000000 3.651081 204.993752 -0.204198 -0.181281
17300.000000 3.659980 204.950376 -0.187738 -0.187420
17320.000000 3.668922 204.905690 -0.170564 -0.193364
17340.000000 3.677865 204.859749 -0.152666 -0.199103
17360.000000 3.686763 204.812606 -0.134038 -0.204628
17380.000000 3.695568 204.764319 -0.114679 -0.209929
17400.000000 3.704231 204.714945 -0.094590 -0.214995
17420.000000 3.712703 204.664542 -0.073781 -0.219817
17440.000000 3.720931 204.613170 -0.052265 -0.224385
17460.000000 3.728864 204.560889 -0.030060 -0.228688
17480.000000 3.736450 204.507760 -0.007193 -0.232717
17500.000000 3.743636 204.453846 0.016305 -0.236462
17520.000000 3.750373 204.399210 0.040398 -0.239914
17540.000000 3.756612 204.343914 0.065041 -0.243065
17560.000000 3.762305 204.288023 0.090185 -0.245906
17580.000000 3.767409 204.231601 0.115775 -0.248430
17600.000000 3.771884 204.174713 0.141751 -0.250628
17620.000000 3.775692 204.117425 0.168047 -0.252495
17640.000000 3.778803 204.059802 0.194595 -0.254025
17660.000000 3.781190 204.001911 0.221322 -0.255213
17680.000000 3.782832 203.943819 0.248153 -0.256054
17700.000000 3.783714 203.885592 0.275011 -0.256546
17720.000000 3.783827 203.827299 0.301819 -0.256685
17740.000000 3.783170 203.769005 0.328500 -0.256471
17760.000000 3.781747 203.710780 0.354977 -0.255903
17780.000000 3.779567 203.652692 0.381176 -0.254982
17800.000000 3.776648 203.594809 0.407026 -0.253709
17820.000000 3.773013 203.537200 0.432460 -0.252086
17840.000000 3.768690 203.479933 0.457413 -0.250118
17860.000000 3.763711 203.423078 0.481827 -0.247809
17880.000000 3.758116 203.366703 0.505651 -0.245163
17900.000000 3.751947 203.310877 0.528838 -0.242188
17920.000000 3.745248 203.255668 0.551347 -0.238889
17940.000000 3.738068 203.201146 0.573145 -0.235275
17960.000000 3.730457 203.147377 0.594204 -0.231353
17980.000000 3.722468 203.094430 0.614505 -0.227132
18000.000000 3.714152 203.042371 0.634033 -0.222622
18020.000000 3.705565 202.991267 0.652780 -0.217831
18040.000000 3.696757 202.941183 0.670743 -0.212770
18060.000000 3.687783 202.892184 0.687928 -0.207448
18080.000000 3.678693 202.844334 0.704341 -0.201876
18100.000000 3.669538 202.797694 0.719997 -0.196064
18120.000000 3.660366 202.752327 0.734913 -0.190022
18140.000000 3.651223 202.708293 0.749110 -0.183760
18160.000000 3.642155 202.665649 0.762612 -0.177288
18180.000000 3.633204 202.624453 0.775447 -0.170616
18200.000000 3.624409 202.584761 0.787643 -0.163753
18220.000000 3.615808 202.546626 0.799232 -0.156710
18240.000000 3.607438 202.510101 0.810246 -0.149495
18260.000000 3.599330 202.475236 0.820717 -0.142118
18280.000000 3.591517 202.442080 0.830680 -0.134587
18300.000000 3.584026 202.410678 0.840168 -0.126910
18320.000000 3.576885 202.381077 0.849214 -0.119096
18340.000000 3.570119 202.353318 0.857850 -0.111153
18360.000000 3.563749 202.327442 0.866109 -0.103088
18380.000000 3.557799 202.303488 0.874019 -0.094908
18400.000000 3.552286 202.281492 0.881611 -0.086621
18420.000000 3.547230 202.261490 0.888911 -0.078233
18440.000000 3.542647 202.243512 0.895944 -0.069751
18460.000000 3.538552 202.227589 0.902734 -0.061180
18480.000000 3.534961 202.213749 0.909301 -0.052529
18500.000000 3.531886 202.202017 0.915664 -0.043801
18520.000000 3.529341 202.192418 0.921839 -0.035004
18540.000000 3.527335 202.184971 0.927838 -0.026142
18560.000000 3.525880 202.179696 0.933673 -0.017222
18580.000000 3.524987 202.176609 0.939350 -0.008249
18600.000000 3.524663 202.175725 0.944876 0.000772
18620.000000 3.524918 202.177054 0.950250 0.009834
18640.000000 3.525759 202.180605 0.955472 0.018933
18660.000000 3.527193 202.186387 0.960538 0.028062
18680.000000 3.529227 202.194401 0.965439 0.037217
18700.000000 3.531867 202.204651 0.970164 0.046391
18720.000000 3.535116 202.217136 0.974700 0.055579
18740.000000 3.538980 202.231850 0.979029 0.064774
18760.000000 3.543462 202.248789 0.983130 0.073970
18780.000000 3.548563 202.267942 0.986979 0.083161
18800.000000 3.554285 202.289299 0.990549 0.092340
18820.000000 3.560628 202.312844 0.993810 0.101501
18840.000000 3.567590 202.338561 0.996728 0.110636
18860.000000 3.575169 202.366429 0.999266 0.119738
18880.000000 3.583361 202.396425 1.001385 0.128799
18900.000000 3.592159 202.428524 1.003041 0.137813
18920.000000 3.601557 202.462697 1.004191 0.146770
18940.000000 3.611543 202.498913 1.004785 0.155662
18960.000000 3.622107 202.537139 1.004774 0.164482
18980.000000 3.633234 202.577337 1.004104 0.173219
19000.000000 3.644907 202.619468 1.002721 0.181865
19020.000000 3.657106 202.663490 1.000569 0.190410
19040.000000 3.669809 202.709361 0.997589 0.198845
19060.000000 3.682990 202.757031 0.993723 0.207160
19080.000000 3.696620 202.806454 0.988912 0.215344
19100.000000 3.710665 202.857577 0.983095 0.223387
19120.000000 3.725091 202.910348 0.976214 0.231279
19140.000000 3.739855 202.964711 0.968209 0.239007
19160.000000 3.754913 203.020610 0.959024 0.246562
19180.000000 3.770217 203.077986 0.948603 0.253932
19200.000000 3.785711 203.136779 0.936894 0.261104
19220.000000 3.801339 203.196927 0.923848 0.268067
19240.000000 3.817036 203.258369 0.909419 0.274809
19260.000000 3.832737 203.321039 0.893568 0.281317
19280.000000 3.848368 203.384875 0.876261 0.287579
19300.000000 3.863852 203.449809 0.857471 0.293582
19320.000000 3.879111 203.515777 0.837177 0.299314
19340.000000 3.894060 203.582713 0.815368 0.304761
19360.000000 3.908611 203.650549 0.792041 0.309911
19380.000000 3.922675 203.719220 0.767204 0.314752
19400.000000 3.936162 203.788658 0.740875 0.319271
19420.000000 3.948980 203.858797 0.713084 0.323457
19440.000000 3.961039 203.929571 0.683871 0.327298
19460.000000 3.972249 204.000914 0.653291 0.330785
19480.000000 3.982526 204.072761 0.621409 0.333906
19500.000000 3.991788 204.145047 0.588304 0.336655
19520.000000 3.999960 204.217709 0.554066 0.339022
19540.000000 4.006974 204.290683 0.518798 0.341003
19560.000000 4.012772 204.363908 0.482615 0.342592
19580.000000 4.017303 204.437321 0.445639 0.343785
19600.000000 4.020530 204.510863 0.408005 0.344580
19620.000000 4.022423 204.584474 0.369854 0.344977
19640.000000 4.022968 204.658095 0.331333 0.344976
19660.000000 4.022162 204.731668 0.292594 0.344579
19680.000000 4.020012 204.805135 0.253792 0.343788
19700.000000 4.016541 204.878439 0.215080 0.342609
19720.000000 4.011779 204.951524 0.176611 0.341045
19740.000000 4.005771 205.024332 0.138536 0.339104
19760.000000 3.998571 205.096807 0.100997 0.336792
19780.000000 3.990239 205.168893 0.064131 0.334117
19800.000000 3.980848 205.240531 0.028065 0.331088
19820.000000 3.970475 205.311665 -0.007083 0.327714
19840.000000 3.959201 205.382237 -0.041206 0.324005
19860.000000 3.947115 205.452188 -0.074210 0.319972
19880.000000 3.934305 205.521460 -0.106013 0.315625
19900.000000 3.920864 205.589995 -0.136545 0.310977
19920.000000 3.906882 205.657732 -0.165748 0.306039
19940.000000 3.892450 205.724614 -0.193577 0.300824
19960.000000 3.877656 205.790580 -0.219998 0.295344
19980.000000 3.862588 205.855572 -0.244991 0.289612
20000.000000 3.847328 205.919531 -0.268541 0.283641
20020.000000 3.831953 205.982398 -0.290649 0.277442
20040.000000 3.816539 206.044115 -0.311319 0.271029
20060.000000 3.801155 206.104626 -0.330567 0.264413
20080.000000 3.785865 206.163873 -0.348415 0.257607
20100.000000 3.770729 206.221803 -0.364891 0.250623
20120.000000 3.755800 206.278360 -0.380028 0.243471
20140.000000 3.741129 206.333492 -0.393864 0.236162
20160.000000 3.726759 206.387147 -0.406441 0.228708
20180.000000 3.712732 206.439277 -0.417804 0.221117
20200.000000 3.699081 206.489831 -0.427999 0.213401
20220.000000 3.685840 206.538765 -0.437077 0.205569
20240.000000 3.673035 206.586033 -0.445086 0.197629
20260.000000 3.660692 206.631593 -0.452077 0.189590
20280.000000 3.648831 206.675404 -0.458101 0.181461
20300.000000 3.637470 206.717427 -0.463210 0.173250
20320.000000 3.626625 206.757625 -0.467452 0.164963
20340.000000 3.616308 206.795964 -0.470877 0.156610
20360.000000 3.606531 206.832412 -0.473532 0.148195
20380.000000 3.597302 206.866939 -0.475464 0.139727
20400.000000 3.588629 206.899516 -0.476717 0.131212
20420.000000 3.580516 206.930118 -0.477335 0.122656
20440.000000 3.572968 206.958721 -0.477356 0.114065
20460.000000 3.565987 206.985305 -0.476820 0.105445
20480.000000 3.559574 207.009849 -0.475763 0.096801
20500.000000 3.553731 207.032339 -0.474218 0.088140
20520.000000 3.548456 207.052758 -0.472215 0.079465
20540.000000 3.543750 207.071095 -0.469784 0.070782
20560.000000 3.539608 207.087340 -0.466949 0.062096
20580.000000 3.536030 207.101485 -0.463734 0.053412
20600.000000 3.533011 207.113525 -0.460159 0.044734
20620.000000 3.530548 207.123455 -0.456242 0.036067
20640.000000 3.528637 207.131275 -0.451996 0.027415
20660.000000 3.527272 207.136985 -0.447435 0.018784
20680.000000 3.526449 207.140589 -0.442567 0.010176
20700.000000 3.526162 207.142090 -0.437400 0.001598
20720.000000 3.526404 207.141497 -0.431936 -0.006948
20740.000000 3.527170 207.138819 -0.426178 -0.015456
20760.000000 3.528451 207.134066 -0.420124 -0.023923
20780.000000 3.530240 207.127251 -0.413770 -0.032343
20800.000000 3.532530 207.118390 -0.407110 -0.040713
20820.000000 3.535310 207.107499 -0.400136 -0.049027
20840.000000 3.538572 207.094599 -0.392836 -0.057280
20860.000000 3.542305 207.079709 -0.385198 -0.065469
20880.000000 3.546498 207.062853 -0.377207 -0.073587
20900.000000 3.551138 207.044055 -0.368845 -0.081629
20920.000000 3.556214 207.023342 -0.360094 -0.089590
20940.000000 3.561709 207.000743 -0.350934 -0.097464
20960.000000 3.567609 206.976288 -0.341342 -0.105245
20980.000000 3.573897 206.950011 -0.331297 -0.112927
21000.000000 3.580554 206.921944 -0.320773 -0.120503
21020.000000 3.587560 206.892124 -0.309747 -0.127967
21040.000000 3.594893 206.860589 -0.298192 -0.135311
21060.000000 3.602529 206.827379 -0.286085 -0.142528
21080.000000 3.610443 206.792536 -0.273400 -0.149610
21100.000000 3.618606 206.756101 -0.260112 -0.156549
21120.000000 3.626989 206.718121 -0.246198 -0.163337
21140.000000 3.635559 206.678642 -0.231635 -0.169965
21160.000000 3.644280 206.637712 -0.216403 -0.176425
21180.000000 3.653117 206.595381 -0.200483 -0.182707
21200.000000 3.662030 206.551699 -0.183860 -0.188801
21220.000000 3.670976 206.506721 -0.166520 -0.194699
21240.000000 3.679913 206.460499 -0.148455 -0.200390
21260.000000 3.688794 206.413088 -0.129660 -0.205865
21280.000000 3.697571 206.364547 -0.110132 -0.211113
21300.000000 3.706195 206.314931 -0.089878 -0.216124
21320.000000 3.714615 206.264300 -0.068905 -0.220888
21340.000000 3.722780 206.212714 -0.047229 -0.225396
21360.000000 3.730638 206.160233 -0.024870 -0.229637
21380.000000 3.738136 206.106919 -0.001855 -0.233602
21400.000000 3.745224 206.052834 0.021784 -0.237281
21420.000000 3.751851 205.998040 0.046007 -0.240665
21440.000000 3.757968 205.942602 0.070770 -0.243745
21460.000000 3.763530 205.886583 0.096021 -0.246514
21480.000000 3.768493 205.830049 0.121705 -0.248963
21500.000000 3.772818 205.773063 0.147760 -0.251086
21520.000000 3.776469 205.715692 0.174120 -0.252876
21540.000000 3.779416 205.658002 0.200716 -0.254328
21560.000000 3.781633 205.600060 0.227473 -0.255437
21580.000000 3.783102 205.541930 0.254317 -0.256198
21600.000000 3.783808 205.483682 0.281171 -0.256609
21620.000000 3.783745 205.425383 0.307957 -0.256667
21640.000000 3.782911 205.367099 0.334598 -0.256372
21660.000000 3.781313 205.308899 0.361018 -0.255723
21680.000000 3.778962 205.250852 0.387143 -0.254721
21700.000000 3.775876 205.193026 0.412903 -0.253367
21720.000000 3.772080 205.135489 0.438231 -0.251665
21740.000000 3.767604 205.078311 0.463066 -0.249618
21760.000000 3.762480 205.021560 0.487349 -0.247231
21780.000000 3.756750 204.965305 0.511031 -0.244509
21800.000000 3.750454 204.909614 0.534065 -0.241459
21820.000000 3.743640 204.854557 0.556414 -0.238087
21840.000000 3.736357 204.800202 0.578044 -0.234401
21860.000000 3.728655 204.746615 0.598931 -0.230410
21880.000000 3.720586 204.693866 0.619056 -0.226122
21900.000000 3.712203 204.642021 0.638405 -0.221547
21920.000000 3.703561 204.591145 0.656972 -0.216693
21940.000000 3.694710 204.541305 0.674756 -0.211571
21960.000000 3.685705 204.492564 0.691763 -0.206191
21980.000000 3.676596 204.444986 0.708001 -0.200563
22000.000000 3.667433 204.398633 0.723485 -0.194697
22020.000000 3.658263 204.353567 0.738234 -0.188604
22040.000000 3.649134 204.309846 0.752269 -0.182292
22060.000000 3.640089 204.267530 0.765616 -0.175774
22080.000000 3.631170 204.226674 0.778301 -0.169057
22100.000000 3.622416 204.187335 0.790355 -0.162152
22120.000000 3.613866 204.149565 0.801810 -0.155069
22140.000000 3.605553 204.113417 0.812696 -0.147816
22160.000000 3.597510 204.078939 0.823048 -0.140403
22180.000000 3.589768 204.046182 0.832899 -0.132837
22200.000000 3.582356 204.015189 0.842282 -0.125129
22220.000000 3.575298 203.986007 0.851231 -0.117284
22240.000000 3.568621 203.958677 0.859778 -0.109312
22260.000000 3.562346 203.933239 0.867954 -0.101220
22280.000000 3.556494 203.909731 0.875789 -0.093015
22300.000000 3.551085 203.888190 0.883311 -0.084704
22320.000000 3.546136 203.868649 0.890548 -0.076294
22340.000000 3.541663 203.851140 0.897523 -0.067791
22360.000000 3.537683 203.835693 0.904260 -0.059202
22380.000000 3.534209 203.822335 0.910779 -0.050532
22400.000000 3.531255 203.811091 0.917097 -0.041788
22420.000000 3.528832 203.801983 0.923231 -0.032975
22440.000000 3.526952 203.795034 0.929191 -0.024100
22460.000000 3.525625 203.790259 0.934989 -0.015167
22480.000000 3.524861 203.787677 0.940632 -0.006183
22500.000000 3.524670 203.787299 0.946122 0.002848
22520.000000 3.525058 203.789138 0.951462 0.011919
22540.000000 3.526035 203.793201 0.956649 0.021026
22560.000000 3.527607 203.799494 0.961677 0.030162
22580.000000 3.529779 203.808022 0.966539 0.039321
22600.000000 3.532558 203.818785 0.971222 0.048499
22620.000000 3.535949 203.831781 0.975712 0.057689
22640.000000 3.539954 203.847007 0.979991 0.066884
22660.000000 3.544578 203.864455 0.984036 0.076080
22680.000000 3.549821 203.884115 0.987824 0.085269
22700.000000 3.555686 203.905976 0.991326 0.094444
22720.000000 3.562171 203.930021 0.994511 0.103600
22740.000000 3.569275 203.956233 0.997345 0.112728
22760.000000 3.576995 203.984592 0.999791 0.121821
22780.000000 3.585327 204.015073 1.001807 0.130873
22800.000000 3.594264 204.047651 1.003352 0.139874
22820.000000 3.603797 204.082296 1.004378 0.148817
22840.000000 3.613917 204.118976 1.004838 0.157693
22860.000000 3.624612 204.157657 1.004680 0.166495
22880.000000 3.635865 204.198302 1.003852 0.175212
22900.000000 3.647661 204.240872 1.002297 0.183835
22920.000000 3.659978 204.285322 0.999960 0.192356
22940.000000 3.672793 204.331610 0.996782 0.200764
22960.000000 3.686079 204.379687 0.992705 0.209050
22980.000000 3.699808 204.429505 0.987668 0.217203
23000.000000 3.713944 204.481011 0.981612 0.225212
23020.000000 3.728451 204.534152 0.974478 0.233067
23040.000000 3.743287 204.588873 0.966208 0.240757
23060.000000 3.758406 204.645116 0.956744 0.248270
23080.000000 3.773758 204.702823 0.946032 0.255596
23100.000000 3.789288 204.761932 0.934020 0.262721
23120.000000 3.804938 204.822383 0.920660 0.269634
23140.000000 3.820642 204.884112 0.905908 0.276324
23160.000000 3.836333 204.947055 0.889726 0.282776
23180.000000 3.851937 205.011149 0.872081 0.288980
23200.000000 3.867378 205.076326 0.852947 0.294922
23220.000000 3.882573 205.142523 0.832306 0.300589
23240.000000 3.897438 205.209671 0.810148 0.305970
23260.000000 3.911885 205.277704 0.786473 0.311050
23280.000000 3.925825 205.346557 0.761292 0.315818
23300.000000 3.939166 205.416162 0.734624 0.320262
23320.000000 3.951818 205.486452 0.706503 0.324369
23340.000000 3.963690 205.557363 0.676971 0.328130
23360.000000 3.974694 205.628827 0.646086 0.331534
23380.000000 3.984744 205.700781 0.613916 0.334570
23400.000000 3.993762 205.773159 0.580543 0.337232
23420.000000 4.001674 205.845898 0.546059 0.339511
23440.000000 4.008414 205.918935 0.510570 0.341402
23460.000000 4.013925 205.992208 0.474194 0.342900
23480.000000 4.018160 206.065657 0.437055 0.344002
23500.000000 4.021083 206.139220 0.399289 0.344706
23520.000000 4.022668 206.212838 0.361040 0.345012
23540.000000 4.022903 206.286453 0.322456 0.344920
23560.000000 4.021787 206.360007 0.283689 0.344432
23580.000000 4.019332 206.433441 0.244893 0.343552
23600.000000 4.015561 206.506700 0.206224 0.342284
23620.000000 4.010509 206.579727 0.167833 0.340633
23640.000000 4.004222 206.652464 0.129868 0.338606
23660.000000 3.996756 206.724854 0.092471 0.336210
23680.000000 3.988175 206.796842 0.055778 0.333453
23700.000000 3.978551 206.868370 0.019913 0.330344
23720.000000 3.967964 206.939380 -0.015008 0.326892
23740.000000 3.956496 207.009814 -0.048883 0.323108
23760.000000 3.944236 207.079615 -0.081618 0.319001
23780.000000 3.931273 207.148723 -0.113135 0.314584
23800.000000 3.917699 207.217080 -0.143366 0.309869
23820.000000 3.903606 207.284626 -0.172258 0.304866
23840.000000 3.889083 207.351303 -0.199766 0.299589
23860.000000 3.874219 207.417051 -0.225862 0.294050
23880.000000 3.859100 207.481811 -0.250524 0.288262
23900.000000 3.843806 207.545524 -0.273743 0.282238
23920.000000 3.828416 207.608132 -0.295519 0.275989
23940.000000 3.813003 207.669578 -0.315862 0.269528
23960.000000 3.797635 207.729803 -0.334786 0.262868
23980.000000 3.782376 207.788753 -0.352317 0.256020
24000.000000 3.767282 207.846372 -0.368482 0.248996
24020.000000 3.752409 207.902607 -0.383317 0.241807
24040.000000 3.737803 207.957405 -0.396861 0.234464
24060.000000 3.723508 208.010714 -0.409155 0.226977
24080.000000 3.709564 208.062486 -0.420245 0.219357
24100.000000 3.696005 208.112673 -0.430180 0.211614
24120.000000 3.682861 208.161228 -0.439007 0.203756
24140.000000 3.670161 208.208108 -0.446778 0.195792
24160.000000 3.657926 208.253270 -0.453543 0.187732
24180.000000 3.646178 208.296674 -0.459353 0.179584
24200.000000 3.634935 208.338281 -0.464258 0.171354
24220.000000 3.624210 208.378056 -0.468308 0.163052
24240.000000 3.614016 208.415964 -0.471552 0.154683
24260.000000 3.604364 208.451973 -0.474038 0.146256
24280.000000 3.595262 208.486055 -0.475810 0.137777
24300.000000 3.586717 208.518181 -0.476914 0.129252
24320.000000 3.578734 208.548326 -0.477391 0.120687
24340.000000 3.571315 208.576468 -0.477281 0.112089
24360.000000 3.564465 208.602585 -0.476622 0.103463
24380.000000 3.558183 208.626659 -0.475450 0.094815
24400.000000 3.552470 208.648674 -0.473797 0.086149
24420.000000 3.547326 208.668617 -0.471694 0.077472
24440.000000 3.542749 208.686475 -0.469168 0.068788
24460.000000 3.538737 208.702238 -0.466244 0.060102
24480.000000 3.535288 208.715901 -0.462945 0.051419
24500.000000 3.532397 208.727456 -0.459290 0.042743
24520.000000 3.530061 208.736902 -0.455296 0.034080
24540.000000 3.528275 208.744238 -0.450977 0.025432
24560.000000 3.527036 208.749464 -0.446345 0.016806
24580.000000 3.526336 208.752585 -0.441408 0.008205
24600.000000 3.526171 208.753605 -0.436172 -0.000367
24620.000000 3.526534 208.752532 -0.430641 -0.008904
24640.000000 3.527418 208.749377 -0.424815 -0.017403
24660.000000 3.528817 208.744149 -0.418692 -0.025860
24680.000000 3.530722 208.736863 -0.412269 -0.034269
24700.000000 3.533125 208.727535 -0.405538 -0.042626
24720.000000 3.536017 208.716181 -0.398490 -0.050927
24740.000000 3.539387 208.702822 -0.391114 -0.059166
24760.000000 3.543227 208.687479 -0.383396 -0.067338
24780.000000 3.547524 208.670175 -0.375321 -0.075439
24800.000000 3.552265 208.650935 -0.366872 -0.083464
24820.000000 3.557438 208.629787 -0.358029 -0.091405
24840.000000 3.563028 208.606759 -0.348771 -0.099258
24860.000000 3.569019 208.581883 -0.339078 -0.107017
24880.000000 3.575393 208.555192 -0.328924 -0.114676
24900.000000 3.582132 208.526719 -0.318288 -0.122226
24920.000000 3.589215 208.496502 -0.307142 -0.129663
24940.000000 3.596620 208.464580 -0.295463 -0.136979
24960.000000 3.604322 208.430991 -0.283226 -0.144165
24980.000000 3.612296 208.395778 -0.270404 -0.151215
25000.000000 3.620512 208.358985 -0.256975 -0.158121
25020.000000 3.628941 208.320657 -0.242913 -0.164873
25040.000000 3.637548 208.280840 -0.228199 -0.171463
25060.000000 3.646300 208.239584 -0.212810 -0.177883
25080.000000 3.655158 208.196939 -0.196730 -0.184123
25100.000000 3.664082 208.152955 -0.179944 -0.190173
25120.000000 3.673030 208.107686 -0.162438 -0.196024
25140.000000 3.681958 208.061186 -0.144206 -0.201666
25160.000000 3.690819 208.013511 -0.125242 -0.207090
25180.000000 3.699565 207.964718 -0.105548 -0.212284
25200.000000 3.708147 207.914864 -0.085127 -0.217240
25220.000000 3.716513 207.864009 -0.063991 -0.221946
25240.000000 3.724612 207.812212 -0.042157 -0.226393
25260.000000 3.732392 207.759534 -0.019644 -0.230572
25280.000000 3.739801 207.706038 0.003517 -0.234472
25300.000000 3.746788 207.651784 0.027293 -0.238084
25320.000000 3.753302 207.596837 0.051644 -0.241399
25340.000000 3.759296 207.541260 0.076524 -0.244408
25360.000000 3.764724 207.485117 0.101880 -0.247105
25380.000000 3.769543 207.428473 0.127655 -0.249480
25400.000000 3.773716 207.371393 0.153786 -0.251527
25420.000000 3.777208 207.313943 0.180206 -0.253240
25440.000000 3.779990 207.256189 0.206845 -0.254613
25460.000000 3.782037 207.198198 0.233629 -0.255642
25480.000000 3.783332 207.140036 0.260483 -0.256323
25500.000000 3.783862 207.081770 0.287328 -0.256653
25520.000000 3.783621 207.023468 0.314087 -0.256631
25540.000000 3.782612 206.965197 0.340684 -0.256254
25560.000000 3.780839 206.907027 0.367042 -0.255524
25580.000000 3.778318 206.849024 0.393090 -0.254441
25600.000000 3.775067 206.791258 0.418757 -0.253007
25620.000000 3.771112 206.733798 0.443977 -0.251226
25640.000000 3.766484 206.676711 0.468690 -0.249100
25660.000000 3.761217 206.620068 0.492839 -0.246636
25680.000000 3.755353 206.563936 0.516376 -0.243838
25700.000000 3.748934 206.508385 0.539256 -0.240713
25720.000000 3.742009 206.453483 0.561443 -0.237269
25740.000000 3.734624 206.399298 0.582905 -0.233512
25760.000000 3.726833 206.345898 0.603618 -0.229452
25780.000000 3.718688 206.293350 0.623565 -0.225097
25800.000000 3.710241 206.241722 0.642735 -0.220457
25820.000000 3.701546 206.191078 0.661123 -0.215541
25840.000000 3.692655 206.141484 0.678728 -0.210359
25860.000000 3.683622 206.093004 0.695557 -0.204921
25880.000000 3.674496 206.045702 0.711621 -0.199238
25900.000000 3.665327 205.999639 0.726935 -0.193318
25920.000000 3.656163 205.954877 0.741518 -0.187174
25940.000000 3.647049 205.911473 0.755393 -0.180814
25960.000000 3.638029 205.869487 0.768585 -0.174249
25980.000000 3.629145 205.828975 0.781123 -0.167489
26000.000000 3.620435 205.789991 0.793036 -0.160542
26020.000000 3.611936 205.752589 0.804357 -0.153419
26040.000000 3.603682 205.716820 0.815118 -0.146129
26060.000000 3.595706 205.682733 0.825352 -0.138680
26080.000000 3.588037 205.650377 0.835093 -0.131081
26100.000000 3.580703 205.619796 0.844373 -0.123340
26120.000000 3.573731 205.591035 0.853227 -0.115466
26140.000000 3.567144 205.564135 0.861686 -0.107466
26160.000000 3.560965 205.539137 0.869781 -0.099347
26180.000000 3.555213 205.516078 0.877542 -0.091117
26200.000000 3.549907 205.494993 0.884996 -0.082783
26220.000000 3.545066 205.475915 0.892171 -0.074351
26240.000000 3.540706 205.458877 0.899090 -0.065827
26260.000000 3.536841 205.443907 0.905775 -0.057219
26280.000000 3.533485 205.431032 0.912246 -0.048532
26300.000000 3.530651 205.420276 0.918521 -0.039771
26320.000000 3.528352 205.411663 0.924613 -0.030944
26340.000000 3.526598 205.405211 0.930536 -0.022055
26360.000000 3.525400 205.400938 0.936298 -0.013109
26380.000000 3.524767 205.398861 0.941905 -0.004114
26400.000000 3.524707 205.398991 0.947361 0.004927
26420.000000 3.525230 205.401339 0.952666 0.014006
26440.000000 3.526343 205.405913 0.957817 0.023120
26460.000000 3.528052 205.412720 0.962808 0.032262
26480.000000 3.530363 205.421760 0.967630 0.041426
26500.000000 3.533282 205.433036 0.972271 0.050607
26520.000000 3.536814 205.446545 0.976714 0.059799
26540.000000 3.540961 205.462281 0.980941 0.068995
26560.000000 3.545726 205.480238 0.984929 0.078190
26580.000000 3.551112 205.500404 0.988654 0.087376
26600.000000 3.557119 205.522767 0.992086 0.096548
26620.000000 3.563747 205.547312 0.995194 0.105698
26640.000000 3.570993 205.574019 0.997942 0.114818
26660.000000 3.578854 205.602867 1.000293 0.123903
26680.000000 3.587325 205.633831 1.002205 0.132943
26700.000000 3.596399 205.666886 1.003635 0.141932
26720.000000 3.606068 205.702001 1.004536 0.150860
26740.000000 3.616321 205.739144 1.004858 0.159720
26760.000000 3.627146 205.778279 1.004551 0.168503
26780.000000 3.638525 205.819370 1.003561 0.177199
26800.000000 3.650442 205.862375 1.001832 0.185800
26820.000000 3.662876 205.907251 0.999307 0.194296
26840.000000 3.675801 205.953954 0.995928 0.202677
26860.000000 3.689192 206.002435 0.991636 0.210933
26880.000000 3.703017 206.052644 0.986370 0.219054
26900.000000 3.717242 206.104531 0.980072 0.227029
26920.000000 3.731829 206.158039 0.972683 0.234847
26940.000000 3.746734 206.213115 0.964143 0.242497
26960.000000 3.761911 206.269699 0.954397 0.249969
26980.000000 3.777309 206.327733 0.943391 0.257249
27000.000000 3.792872 206.387156 0.931074 0.264327
27020.000000 3.808540 206.447905 0.917399 0.271190
27040.000000 3.824247 206.509919 0.902322 0.277826
27060.000000 3.839925 206.573132 0.885807 0.284223
27080.000000 3.855498 206.637480 0.867822 0.290368
27100.000000 3.870890 206.702897 0.848343 0.296248
27120.000000 3.886017 206.769318 0.827354 0.301850
27140.000000 3.900794 206.836675 0.804848 0.307163
27160.000000 3.915133 206.904903 0.780827 0.312172
27180.000000 3.928943 206.973934 0.755302 0.316867
27200.000000 3.942135 207.043702 0.728297 0.321235
27220.000000 3.954615 207.114140 0.699848 0.325264
27240.000000 3.966295 207.185184 0.670000 0.328943
27260.000000 3.977087 207.256766 0.638814 0.332263
27280.000000 3.986908 207.328823 0.606360 0.335215
27300.000000 3.995678 207.401289 0.572723 0.337789
27320.000000 4.003327 207.474102 0.537999 0.339980
27340.000000 4.009790 207.547199 0.502296 0.341781
27360.000000 4.015012 207.620518 0.465732 0.343188
27380.000000 4.018948 207.693998 0.428437 0.344199
27400.000000 4.021565 207.767579 0.390548 0.344812
27420.000000 4.022841 207.841202 0.352209 0.345026
27440.000000 4.022766 207.914808 0.313569 0.344843
27460.000000 4.021341 207.988339 0.274781 0.344264
27480.000000 4.018581 208.061739 0.236001 0.343295
27500.000000 4.014513 208.134949 0.197382 0.341938
27520.000000 4.009173 208.207914 0.159076 0.340201
27540.000000 4.002611 208.280577 0.121230 0.338089
27560.000000 3.994882 208.352880 0.083983 0.335609
27580.000000 3.986056 208.424767 0.047469 0.332770
27600.000000 3.976204 208.496181 0.011811 0.329582
27620.000000 3.965406 208.567064 -0.022879 0.326052
27640.000000 3.953749 208.637358 -0.056500 0.322193
27660.000000 3.941319 208.707005 -0.088962 0.318015
27680.000000 3.928208 208.775946 -0.120189 0.313528
27700.000000 3.914507 208.844122 -0.150117 0.308745
27720.000000 3.900307 208.911474 -0.178695 0.303679
27740.000000 3.885699 208.977943 -0.205881 0.298341
27760.000000 3.870769 209.043469 -0.231649 0.292744
27780.000000 3.855602 209.107994 -0.255980 0.286900
27800.000000 3.840280 209.171459 -0.278868 0.280823
27820.000000 3.824878 209.233805 -0.300315 0.274524
27840.000000 3.809470 209.294976 -0.320330 0.268017
27860.000000 3.794121 209.354914 -0.338932 0.261312
27880.000000 3.778895 209.413563 -0.356147 0.254423
27900.000000 3.763847 209.470869 -0.372003 0.247360
27920.000000 3.749031 209.526778 -0.386538 0.240135
27940.000000 3.734493 209.581239 -0.399791 0.232758
27960.000000 3.720276 209.634200 -0.411805 0.225240
27980.000000 3.706417 209.685612 -0.422626 0.217591
28000.000000 3.692950 209.735429 -0.432302 0.209820
28020.000000 3.679906 209.783603 -0.440883 0.201937
28040.000000 3.667311 209.830093 -0.448418 0.193951
28060.000000 3.655186 209.874854 -0.454959 0.185870
28080.000000 3.643553 209.917849 -0.460557 0.177702
28100.000000 3.632427 209.959039 -0.465261 0.169455
28120.000000 3.621823 209.998388 -0.469122 0.161137
28140.000000 3.611753 210.035863 -0.472188 0.152754
28160.000000 3.602226 210.071433 -0.474506 0.144315
28180.000000 3.593252 210.105068 -0.476121 0.135824
28200.000000 3.584835 210.136741 -0.477077 0.127290
28220.000000 3.576981 210.166429 -0.477416 0.118717
28240.000000 3.569693 210.194107 -0.477177 0.110112
28260.000000 3.562972 210.219757 -0.476398 0.101480
28280.000000 3.556821 210.243360 -0.475112 0.092827
28300.000000 3.551239 210.264901 -0.473353 0.084159
28320.000000 3.546226 210.284366 -0.471151 0.075480
28340.000000 3.541778 210.301744 -0.468531 0.066795
28360.000000 3.537896 210.317026 -0.465519 0.058109
28380.000000 3.534575 210.330205 -0.462137 0.049427
28400.000000 3.531812 210.341276 -0.458402 0.040754
28420.000000 3.529602 210.350238 -0.454333 0.032093
28440.000000 3.527943 210.357089 -0.449941 0.023451
28460.000000 3.526827 210.361832 -0.445238 0.014830
28480.000000 3.526251 210.364470 -0.440232 0.006235
28500.000000 3.526208 210.365009 -0.434929 -0.002329
28520.000000 3.526691 210.363458 -0.429330 -0.010859
28540.000000 3.527694 210.359825 -0.423436 -0.019348
28560.000000 3.529210 210.354124 -0.417245 -0.027794
28580.000000 3.531230 210.346368 -0.410751 -0.036192
28600.000000 3.533746 210.336573 -0.403948 -0.044536
28620.000000 3.536748 210.324758 -0.396826 -0.052823
28640.000000 3.540228 210.310941 -0.389373 -0.061048
28660.000000 3.544173 210.295146 -0.381575 -0.069204
28680.000000 3.548573 210.277395 -0.373416 -0.077288
28700.000000 3.553415 210.257714 -0.364878 -0.085294
28720.000000 3.558685 210.236132 -0.355941 -0.093216
28740.000000 3.564368 210.212678 -0.346586 -0.101048
28760.000000 3.570449 210.187382 -0.336789 -0.108784
28780.000000 3.576908 210.160279 -0.326527 -0.116418
28800.000000 3.583728 210.131403 -0.315775 -0.123944
28820.000000 3.590887 210.100791 -0.304510 -0.131353
28840.000000 3.598362 210.068482 -0.292705 -0.138640
28860.000000 3.606129 210.034517 -0.280336 -0.145796
28880.000000 3.614161 209.998938 -0.267377 -0.152813
28900.000000 3.622429 209.961788 -0.253804 -0.159684
28920.000000 3.630902 209.923114 -0.239595 -0.166400
28940.000000 3.639545 209.882963 -0.224727 -0.172952
28960.000000 3.648325 209.841383 -0.209181 -0.179331
28980.000000 3.657201 209.798426 -0.192941 -0.185528
29000.000000 3.666135 209.754142 -0.175990 -0.191534
29020.000000 3.675082 209.708586 -0.158318 -0.197338
29040.000000 3.683999 209.661812 -0.139918 -0.202931
29060.000000 3.692838 209.613875 -0.120787 -0.208302
29080.000000 3.701551 209.564833 -0.100925 -0.213443
29100.000000 3.710088 209.514744 -0.080339 -0.218342
29120.000000 3.718398 209.463668 -0.059041 -0.222990
29140.000000 3.726428 209.411663 -0.037049 -0.227376
29160.000000 3.734127 209.358792 -0.014385 -0.231492
29180.000000 3.741444 209.305116 0.008921 -0.235326
29200.000000 3.748326 209.250698 0.032833 -0.238871
29220.000000 3.754725 209.195600 0.057310 -0.242117
29240.000000 3.760593 209.139888 0.082303 -0.245055
29260.000000 3.765885 209.083624 0.107761 -0.247678
29280.000000 3.770560 209.026874 0.133623 -0.249979
29300.000000 3.774579 208.969704 0.159827 -0.251950
29320.000000 3.777910 208.912178 0.186304 -0.253585
29340.000000 3.780525 208.854364 0.212983 -0.254880
29360.000000 3.782401 208.796327 0.239789 -0.255829
29380.000000 3.783521 208.738135 0.266647 -0.256430
29400.000000 3.783875 208.679855 0.293480 -0.256679
29420.000000 3.783458 208.621554 0.320208 -0.256576
29440.000000 3.782272 208.563301 0.346757 -0.256118
29460.000000 3.780326 208.505163 0.373051 -0.255307
29480.000000 3.777635 208.447208 0.399017 -0.254143
29500.000000 3.774221 208.389507 0.424587 -0.252629
29520.000000 3.770108 208.332126 0.449696 -0.250768
29540.000000 3.765330 208.275135 0.474284 -0.248565
29560.000000 3.759923 208.218603 0.498297 -0.246023
29580.000000 3.753927 208.162599 0.521687 -0.243150
29600.000000 3.747388 208.107190 0.544411 -0.239951
29620.000000 3.740352 208.052447 0.566433 -0.236434
29640.000000 3.732870 207.998436 0.587725 -0.232607
29660.000000 3.724993 207.945226 0.608264 -0.228478
29680.000000 3.716774 207.892883 0.628034 -0.224057
29700.000000 3.708265 207.841474 0.647025 -0.219353
29720.000000 3.699521 207.791066 0.665232 -0.214375
29740.000000 3.690593 207.741722 0.682659 -0.209133
29760.000000 3.681534 207.693507 0.699311 -0.203638
29780.000000 3.672393 207.646484 0.715201 -0.197900
29800.000000 3.663222 207.600714 0.730346 -0.191928
29820.000000 3.654065 207.556258 0.744764 -0.185733
29840.000000 3.644969 207.513175 0.758480 -0.179325
29860.000000 3.635977 207.471523 0.771519 -0.172714
29880.000000 3.627129 207.431356 0.783911 -0.165910
29900.000000 3.618464 207.392731 0.795686 -0.158923
29920.000000 3.610018 207.355699 0.806875 -0.151760
29940.000000 3.601825 207.320312 0.817512 -0.144433
29960.000000 3.593917 207.286618 0.827630 -0.136948
29980.000000 3.586323 207.254665 0.837262 -0.129316
30000.000000 3.579070 207.224498 0.846442 -0.121544
30020.000000 3.572185 207.196161 0.855202 -0.113640
30040.000000 3.565689 207.169694 0.863575 -0.105612
30060.000000 3.559606 207.145138 0.871591 -0.097468
30080.000000 3.553955 207.122528 0.879279 -0.089213
30100.000000 3.548755 207.101901 0.886667 -0.080856
30120.000000 3.544022 207.083289 0.893781 -0.072402
30140.000000 3.539774 207.066723 0.900644 -0.063859
30160.000000 3.536025 207.052232 0.907278 -0.055232
30180.000000 3.532788 207.039841 0.913703 -0.046527
30200.000000 3.530076 207.029575 0.919935 -0.037751
30220.000000 3.527901 207.021456 0.925987 -0.028909
30240.000000 3.526274 207.015502 0.931873 -0.020006
30260.000000 3.525204 207.011732 0.937598 -0.011049
30280.000000 3.524702 207.010160 0.943171 -0.002043
30300.000000 3.524776 207.010799 0.948592 0.007007
30320.000000 3.525433 207.013657 0.953862 0.016095
30340.000000 3.526682 207.018744 0.958977 0.025216
30360.000000 3.528529 207.026063 0.963930 0.034363
30380.000000 3.530979 207.035616 0.968712 0.043532
30400.000000 3.534038 207.047405 0.973309 0.052716
30420.000000 3.537711 207.061425 0.977704 0.061909
30440.000000 3.542000 207.077672 0.981878 0.071106
30460.000000 3.546908 207.096137 0.985809 0.080299
30480.000000 3.552436 207.116809 0.989469 0.089483
30500.000000 3.558586 207.139674 0.992829 0.098650
30520.000000 3.565355 207.164717 0.995858 0.107794
30540.000000 3.572743 207.191917 0.998518 0.116907
30560.000000 3.580744 207.221253 1.000772 0.125982
30580.000000 3.589354 207.252700 1.002578 0.135011
30600.000000 3.598566 207.286230 1.003890 0.143987
30620.000000 3.608370 207.321814 1.004663 0.152900
30640.000000 3.618756 207.359417 1.004846 0.161743
30660.000000 3.629709 207.399004 1.004387 0.170507
30680.000000 3.641214 207.440538 1.003232 0.179182
30700.000000 3.653251 207.483976 1.001325 0.187760
30720.000000 3.665800 207.529276 0.998609 0.196230
30740.000000 3.678835 207.576391 0.995026 0.204583
30760.000000 3.692328 207.625273 0.990516 0.212809
30780.000000 3.706248 207.675872 0.985018 0.220898
30800.000000 3.720560 207.728136 0.978475 0.228838
30820.000000 3.735223 207.782009 0.970826 0.236618
30840.000000 3.750195 207.837436 0.962015 0.244228
30860.000000 3.765427 207.894358 0.951985 0.251657
30880.000000 3.780868 207.952716 0.940682 0.258892
30900.000000 3.796461 208.012449 0.928057 0.265921
30920.000000 3.812144 208.073495 0.914064 0.272734
30940.000000 3.827851 208.135789 0.898660 0.279316
30960.000000 3.843511 208.199269 0.881810 0.285656
30980.000000 3.859050 208.263868 0.863484 0.291741
31000.000000 3.874388 208.329521 0.843660 0.297558
31020.000000 3.889442 208.396163 0.822323 0.303095
31040.000000 3.904127 208.463725 0.799469 0.308340
31060.000000 3.918352 208.532143 0.775101 0.313278
31080.000000 3.932029 208.601349 0.749234 0.317899
31100.000000 3.945065 208.671277 0.721894 0.322190
31120.000000 3.957370 208.741860 0.693119 0.326139
31140.000000 3.968854 208.813033 0.662958 0.329737
31160.000000 3.979430 208.884730 0.631474 0.332974
31180.000000 3.989016 208.956887 0.598741 0.335839
31200.000000 3.997536 209.029438 0.564845 0.338326
31220.000000 4.004917 209.102322 0.529887 0.340428
31240.000000 4.011100 209.175475 0.493975 0.342139
31260.000000 4.016030 209.248836 0.457232 0.343456
31280.000000 4.019667 209.322345 0.419789 0.344375
31300.000000 4.021977 209.395941 0.381783 0.344896
31320.000000 4.022944 209.469565 0.343361 0.345019
31340.000000 4.022558 209.543159 0.304674 0.344745
31360.000000 4.020825 209.616665 0.265875 0.344076
31380.000000 4.017762 209.690026 0.227118 0.343018
31400.000000 4.013398 209.763185 0.188558 0.341573
31420.000000 4.007773 209.836086 0.150344 0.339749
31440.000000 4.000938 209.908671 0.112623 0.337552
31460.000000 3.992951 209.980883 0.075533 0.334989
31480.000000 3.983882 210.052667 0.039205 0.332069
31500.000000 3.973806 210.123964 0.003759 0.328801
31520.000000 3.962804 210.194717 -0.030694 0.325196
31540.000000 3.950961 210.264868 -0.064056 0.321262
31560.000000 3.938367 210.334358 -0.096241 0.317012
31580.000000 3.925113 210.403129 -0.127175 0.312456
31600.000000 3.911289 210.471121 -0.156797 0.307607
31620.000000 3.896988 210.538276 -0.185059 0.302477
31640.000000 3.882297 210.604533 -0.211922 0.297079
31660.000000 3.867306 210.669835 -0.237361 0.291424
31680.000000 3.852096 210.734122 -0.261361 0.285525
31700.000000 3.836749 210.797335 -0.283918 0.279396
31720.000000 3.821340 210.859416 -0.305034 0.273049
31740.000000 3.805940 210.920309 -0.324723 0.266495
31760.000000 3.790614 210.979956 -0.343005 0.259747
31780.000000 3.775423 211.038302 -0.359905 0.252817
31800.000000 3.760425 211.095292 -0.375455 0.245715
31820.000000 3.745668 211.150874 -0.389692 0.238454
31840.000000 3.731200 211.204994 -0.402656 0.231044
31860.000000 3.717062 211.257604 -0.414392 0.223495
31880.000000 3.703290 211.308655 -0.424946 0.215818
31900.000000 3.689918 211.358098 -0.434366 0.208020
31920.000000 3.676975 211.405890 -0.442703 0.200113
31940.000000 3.664486 211.451986 -0.450005 0.192104
31960.000000 3.652472 211.496346 -0.456326 0.184002
31980.000000 3.640954 211.538929 -0.461714 0.175816
