0.000000 3.979799 196.004800 0.625893 0.511601
20.000000 3.993716 196.115277 0.573092 0.513838
40.000000 4.004863 196.225795 0.518162 0.515574
60.000000 4.013091 196.336327 0.461432 0.516802
80.000000 4.018287 196.446851 0.403263 0.517518
100.000000 4.020378 196.557346 0.344048 0.517722
120.000000 4.019337 196.667796 0.284200 0.517416
140.000000 4.015179 196.778184 0.224145 0.516605
160.000000 4.007963 196.888496 0.164313 0.515297
180.000000 3.997792 196.998715 0.105129 0.513502
200.000000 3.984806 197.108827 0.047002 0.511231
220.000000 3.969178 197.218811 -0.009684 0.508497
240.000000 3.951111 197.328646 -0.064575 0.505318
260.000000 3.930833 197.438304 -0.117355 0.501708
280.000000 3.908586 197.547757 -0.167749 0.497688
300.000000 3.884622 197.656968 -0.215525 0.493277
320.000000 3.859197 197.765899 -0.260498 0.488496
340.000000 3.832565 197.874503 -0.302520 0.483368
360.000000 3.804970 197.982733 -0.341491 0.477914
380.000000 3.776647 198.090535 -0.377344 0.472157
400.000000 3.747812 198.197852 -0.410049 0.466119
420.000000 3.718664 198.304624 -0.439609 0.459822
440.000000 3.689383 198.410788 -0.466050 0.453288
460.000000 3.660129 198.516279 -0.489425 0.446535
480.000000 3.631042 198.621031 -0.509806 0.439584
500.000000 3.602243 198.724975 -0.527280 0.432453
520.000000 3.573837 198.828044 -0.541950 0.425159
540.000000 3.545913 198.930168 -0.553927 0.417720
560.000000 3.518543 199.031280 -0.563329 0.410150
580.000000 3.491789 199.131313 -0.570283 0.402466
600.000000 3.465701 199.230202 -0.574917 0.394681
620.000000 3.440319 199.327882 -0.577361 0.386811
640.000000 3.415677 199.424292 -0.577749 0.378869
660.000000 3.391797 199.519371 -0.576210 0.370868
680.000000 3.368700 199.613065 -0.572876 0.362821
700.000000 3.346398 199.705318 -0.567874 0.354742
720.000000 3.324900 199.796081 -0.561329 0.346643
740.000000 3.304212 199.885307 -0.553365 0.338537
760.000000 3.284334 199.972952 -0.544099 0.330437
780.000000 3.265264 200.058979 -0.533646 0.322354
800.000000 3.246997 200.143351 -0.522117 0.314302
820.000000 3.229527 200.226039 -0.509616 0.306293
840.000000 3.212843 200.307017 -0.496246 0.298338
860.000000 3.196935 200.386262 -0.482101 0.290450
880.000000 3.181788 200.463757 -0.467273 0.282639
900.000000 3.167387 200.539491 -0.451848 0.274917
920.000000 3.153717 200.613455 -0.435906 0.267295
940.000000 3.140758 200.685646 -0.419523 0.259783
960.000000 3.128491 200.756065 -0.402770 0.252391
980.000000 3.116897 200.824717 -0.385712 0.245129
1000.000000 3.105954 200.891613 -0.368409 0.238005
1020.000000 3.095640 200.956766 -0.350916 0.231028
1040.000000 3.085932 201.020195 -0.333285 0.224206
1060.000000 3.076809 201.081920 -0.315561 0.217545
1080.000000 3.068246 201.141969 -0.297786 0.211054
1100.000000 3.060220 201.200368 -0.279997 0.204737
1120.000000 3.052708 201.257151 -0.262227 0.198601
1140.000000 3.045688 201.312353 -0.244505 0.192650
1160.000000 3.039135 201.366010 -0.226857 0.186889
1180.000000 3.033028 201.418164 -0.209305 0.181322
1200.000000 3.027344 201.468856 -0.191867 0.175953
1220.000000 3.022062 201.518133 -0.174559 0.170784
1240.000000 3.017161 201.566040 -0.157394 0.165818
1260.000000 3.012620 201.612626 -0.140382 0.161057
1280.000000 3.008421 201.657941 -0.123530 0.156503
1300.000000 3.004543 201.702037 -0.106843 0.152158
1320.000000 3.000969 201.744965 -0.090325 0.148022
1340.000000 2.997683 201.786781 -0.073976 0.144097
1360.000000 2.994667 201.827538 -0.057797 0.140383
1380.000000 2.991906 201.867292 -0.041785 0.136881
1400.000000 2.989386 201.906099 -0.025935 0.133591
1420.000000 2.987094 201.944017 -0.010244 0.130513
1440.000000 2.985016 201.981101 0.005296 0.127647
1460.000000 2.983140 202.017411 0.020692 0.124994
1480.000000 2.981457 202.053004 0.035951 0.122552
1500.000000 2.979956 202.087939 0.051085 0.120323
1520.000000 2.978628 202.122274 0.066102 0.118305
1540.000000 2.977465 202.156069 0.081013 0.116499
1560.000000 2.976459 202.189382 0.095830 0.114904
1580.000000 2.975605 202.222272 0.110566 0.113521
1600.000000 2.974898 202.254800 0.125231 0.112349
1620.000000 2.974331 202.287025 0.139840 0.111388
1640.000000 2.973903 202.319006 0.154406 0.110638
1660.000000 2.973609 202.350803 0.168943 0.110100
1680.000000 2.973448 202.382477 0.183464 0.109773
1700.000000 2.973420 202.414087 0.197983 0.109659
1720.000000 2.973523 202.445693 0.212516 0.109757
1740.000000 2.973760 202.477356 0.227075 0.110067
1760.000000 2.974130 202.509136 0.241677 0.110591
1780.000000 2.974637 202.541094 0.256335 0.111330
1800.000000 2.975285 202.573290 0.271065 0.112283
1820.000000 2.976077 202.605785 0.285880 0.113452
1840.000000 2.977019 202.638641 0.300795 0.114839
1860.000000 2.978117 202.671918 0.315825 0.116443
1880.000000 2.979379 202.705678 0.330983 0.118266
1900.000000 2.980813 202.739981 0.346283 0.120310
1920.000000 2.982428 202.774890 0.361738 0.122576
1940.000000 2.984235 202.810466 0.377362 0.125064
1960.000000 2.986245 202.846770 0.393166 0.127777
1980.000000 2.988470 202.883864 0.409163 0.130714
2000.000000 2.990925 202.921809 0.425363 0.133879
2020.000000 2.993623 202.960666 0.441776 0.137271
2040.000000 2.996582 203.000496 0.458412 0.140892
2060.000000 2.999818 203.041361 0.475278 0.144743
2080.000000 3.003350 203.083319 0.492381 0.148825
2100.000000 3.007197 203.126432 0.509727 0.153137
2120.000000 3.011380 203.170756 0.527318 0.157681
2140.000000 3.015921 203.216352 0.545157 0.162457
2160.000000 3.020842 203.263275 0.563244 0.167463
2180.000000 3.026169 203.311581 0.581575 0.172700
2200.000000 3.031927 203.361324 0.600145 0.178166
2220.000000 3.038141 203.412558 0.618947 0.183860
2240.000000 3.044840 203.465333 0.637969 0.189779
2260.000000 3.052050 203.519696 0.657198 0.195921
2280.000000 3.059802 203.575695 0.676614 0.202282
2300.000000 3.068125 203.633372 0.696197 0.208858
2320.000000 3.077048 203.692767 0.715920 0.215644
2340.000000 3.086601 203.753918 0.735751 0.222635
2360.000000 3.096816 203.816857 0.755657 0.229823
2380.000000 3.107722 203.881614 0.775594 0.237202
2400.000000 3.119349 203.948213 0.795518 0.244764
2420.000000 3.131725 204.016675 0.815376 0.252498
2440.000000 3.144878 204.087015 0.835110 0.260394
2460.000000 3.158834 204.159244 0.854655 0.268442
2480.000000 3.173619 204.233367 0.873940 0.276630
2500.000000 3.189254 204.309383 0.892889 0.284943
2520.000000 3.205760 204.387286 0.911416 0.293369
2540.000000 3.223153 204.467063 0.929432 0.301892
2560.000000 3.241446 204.548698 0.946837 0.310497
2580.000000 3.260649 204.632167 0.963528 0.319167
2600.000000 3.280768 204.717439 0.979394 0.327885
2620.000000 3.301802 204.804479 0.994317 0.336635
2640.000000 3.323747 204.893247 1.008173 0.345396
2660.000000 3.346592 204.983697 1.020834 0.354152
2680.000000 3.370321 205.075776 1.032165 0.362882
2700.000000 3.394910 205.169429 1.042025 0.371568
2720.000000 3.420328 205.264594 1.050273 0.380191
2740.000000 3.446536 205.361208 1.056762 0.388730
2760.000000 3.473488 205.459203 1.061341 0.397167
2780.000000 3.501127 205.558506 1.063861 0.405481
2800.000000 3.529389 205.659044 1.064171 0.413654
2820.000000 3.558197 205.760741 1.062122 0.421665
2840.000000 3.587464 205.863520 1.057566 0.429495
2860.000000 3.617090 205.967303 1.050362 0.437125
2880.000000 3.646963 206.072011 1.040374 0.444535
2900.000000 3.676957 206.177565 1.027477 0.451705
2920.000000 3.706931 206.283889 1.011554 0.458616
2940.000000 3.736728 206.390907 0.992506 0.465247
2960.000000 3.766175 206.498543 0.970250 0.471579
2980.000000 3.795084 206.606727 0.944722 0.477590
3000.000000 3.823251 206.715389 0.915884 0.483261
3020.000000 3.850457 206.824465 0.883723 0.488569
3040.000000 3.876471 206.933892 0.848259 0.493493
3060.000000 3.901053 207.043612 0.809542 0.498014
3080.000000 3.923960 207.153573 0.767662 0.502110
3100.000000 3.944944 207.263726 0.722744 0.505763
3120.000000 3.963769 207.374025 0.674955 0.508954
3140.000000 3.980207 207.484431 0.624504 0.511668
3160.000000 3.994052 207.594909 0.571642 0.513891
3180.000000 4.005123 207.705428 0.516659 0.515614
3200.000000 4.013271 207.815961 0.459885 0.516828
3220.000000 4.018384 207.926484 0.401683 0.517531
3240.000000 4.020391 208.036978 0.342446 0.517721
3260.000000 4.019266 208.147426 0.282586 0.517401
3280.000000 4.015024 208.257813 0.222532 0.516577
3300.000000 4.007728 208.368122 0.162712 0.515255
3320.000000 3.997479 208.478339 0.103551 0.513447
3340.000000 3.984419 208.588448 0.045458 0.511163
3360.000000 3.968723 208.698428 -0.011184 0.508418
3380.000000 3.950594 208.808258 -0.066022 0.505226
3400.000000 3.930260 208.917912 -0.118742 0.501605
3420.000000 3.907963 209.027359 -0.169068 0.497574
3440.000000 3.883956 209.136563 -0.216772 0.493153
3460.000000 3.858496 209.245485 -0.261666 0.488363
3480.000000 3.831834 209.354080 -0.303608 0.483225
3500.000000 3.804218 209.462299 -0.342496 0.477763
3520.000000 3.775878 209.570088 -0.378264 0.471998
3540.000000 3.747032 209.677392 -0.410885 0.465953
3560.000000 3.717878 209.784148 -0.440360 0.459650
3580.000000 3.688596 209.890295 -0.466718 0.453109
3600.000000 3.659344 209.995768 -0.490011 0.446351
3620.000000 3.630263 210.100499 -0.510313 0.439395
3640.000000 3.601474 210.204420 -0.527711 0.432259
3660.000000 3.573080 210.307464 -0.542307 0.424961
3680.000000 3.545169 210.409562 -0.554212 0.417518
3700.000000 3.517815 210.510646 -0.563548 0.409945
3720.000000 3.491079 210.610649 -0.570437 0.402258
3740.000000 3.465009 210.709506 -0.575010 0.394471
3760.000000 3.439647 210.807153 -0.577398 0.386599
3780.000000 3.415025 210.903528 -0.577732 0.378654
3800.000000 3.391166 210.998571 -0.576143 0.370652
3820.000000 3.368090 211.092226 -0.572763 0.362604
3840.000000 3.345810 211.184440 -0.567717 0.354524
3860.000000 3.324334 211.275162 -0.561133 0.346425
3880.000000 3.303667 211.364346 -0.553132 0.338319
3900.000000 3.283810 211.451949 -0.543833 0.330219
3920.000000 3.264762 211.537931 -0.533350 0.322137
3940.000000 3.246517 211.622259 -0.521793 0.314087
3960.000000 3.229068 211.704901 -0.509268 0.306079
3980.000000 3.212405 211.785832 -0.495875 0.298125
4000.000000 3.196517 211.865030 -0.481711 0.290239
4020.000000 3.181391 211.942479 -0.466866 0.282430
4040.000000 3.167010 212.018165 -0.451426 0.274711
4060.000000 3.153359 212.092081 -0.435471 0.267092
4080.000000 3.140419 212.164224 -0.419078 0.259583
4100.000000 3.128171 212.234595 -0.402315 0.252194
4120.000000 3.116594 212.303201 -0.385250 0.244936
4140.000000 3.105668 212.370049 -0.367941 0.237815
4160.000000 3.095371 212.435156 -0.350444 0.230842
4180.000000 3.085679 212.498539 -0.332810 0.224024
4200.000000 3.076571 212.560219 -0.315084 0.217369
4220.000000 3.068023 212.620223 -0.297308 0.210882
4240.000000 3.060011 212.678578 -0.279519 0.204570
4260.000000 3.052513 212.735318 -0.261749 0.198438
4280.000000 3.045506 212.790477 -0.244029 0.192493
4300.000000 3.038965 212.844094 -0.226384 0.186737
4320.000000 3.032870 212.896208 -0.208834 0.181175
4340.000000 3.027197 212.946862 -0.191400 0.175811
4360.000000 3.021926 212.996101 -0.174096 0.170648
4380.000000 3.017034 213.043972 -0.156935 0.165687
4400.000000 3.012503 213.090523 -0.139927 0.160932
4420.000000 3.008312 213.135805 -0.123079 0.156384
4440.000000 3.004443 213.179868 -0.106397 0.152044
4460.000000 3.000877 213.222766 -0.089883 0.147914
4480.000000 2.997598 213.264553 -0.073539 0.143994
4500.000000 2.994589 213.305282 -0.057365 0.140286
4520.000000 2.991835 213.345010 -0.041356 0.136790
4540.000000 2.989322 213.383793 -0.025511 0.133505
4560.000000 2.987035 213.421687 -0.009824 0.130433
4580.000000 2.984963 213.458750 0.005712 0.127573
4600.000000 2.983093 213.495040 0.021104 0.124925
4620.000000 2.981414 213.530614 0.036360 0.122490
4640.000000 2.979918 213.565532 0.051490 0.120266
4660.000000 2.978594 213.599852 0.066504 0.118254
4680.000000 2.977436 213.633633 0.081413 0.116453
4700.000000 2.976434 213.666933 0.096227 0.114864
4720.000000 2.975585 213.699814 0.110961 0.113487
4740.000000 2.974881 213.732333 0.125625 0.112320
4760.000000 2.974318 213.764550 0.140233 0.111365
4780.000000 2.973893 213.796525 0.154798 0.110621
4800.000000 2.973603 213.828319 0.169333 0.110088
4820.000000 2.973446 213.859990 0.183854 0.109768
4840.000000 2.973421 213.891599 0.198374 0.109659
4860.000000 2.973528 213.923206 0.212907 0.109762
4880.000000 2.973768 213.954871 0.227467 0.110079
4900.000000 2.974142 213.986655 0.242070 0.110608
4920.000000 2.974653 214.018618 0.256730 0.111353
4940.000000 2.975304 214.050822 0.271462 0.112312
4960.000000 2.976100 214.083326 0.286280 0.113487
4980.000000 2.977046 214.116192 0.301198 0.114879
5000.000000 2.978149 214.149482 0.316231 0.116489
5020.000000 2.979416 214.183255 0.331392 0.118319
5040.000000 2.980854 214.217574 0.346696 0.120368
5060.000000 2.982474 214.252500 0.362156 0.122640
5080.000000 2.984286 214.288095 0.377784 0.125134
5100.000000 2.986302 214.324419 0.393594 0.127853
5120.000000 2.988533 214.361535 0.409596 0.130797
5140.000000 2.990994 214.399503 0.425801 0.133967
5160.000000 2.993699 214.438386 0.442220 0.137366
5180.000000 2.996665 214.478244 0.458862 0.140993
5200.000000 2.999909 214.519137 0.475735 0.144850
5220.000000 3.003449 214.561125 0.492844 0.148938
5240.000000 3.007305 214.604269 0.510197 0.153257
5260.000000 3.011497 214.648628 0.527795 0.157807
5280.000000 3.016048 214.694258 0.545640 0.162588
5300.000000 3.020980 214.741217 0.563733 0.167601
5320.000000 3.026318 214.789562 0.582071 0.172844
5340.000000 3.032088 214.839345 0.600647 0.178316
5360.000000 3.038315 214.890619 0.619455 0.184016
5380.000000 3.045027 214.943436 0.638483 0.189941
5400.000000 3.052251 214.997842 0.657717 0.196089
5420.000000 3.060018 215.053886 0.677139 0.202456
5440.000000 3.068356 215.111608 0.696725 0.209038
5460.000000 3.077296 215.171050 0.716451 0.215829
5480.000000 3.086867 215.232249 0.736286 0.222825
5500.000000 3.097100 215.295237 0.756192 0.230019
5520.000000 3.108025 215.360043 0.776130 0.237403
5540.000000 3.119671 215.426692 0.796053 0.244969
5560.000000 3.132068 215.495204 0.815908 0.252708
5580.000000 3.145242 215.565595 0.835638 0.260609
5600.000000 3.159221 215.637875 0.855177 0.268661
5620.000000 3.174028 215.712048 0.874454 0.276852
5640.000000 3.189687 215.788115 0.893393 0.285168
5660.000000 3.206216 215.866068 0.911908 0.293597
5680.000000 3.223633 215.945896 0.929908 0.302122
5700.000000 3.241950 216.027581 0.947296 0.310729
5720.000000 3.261178 216.111098 0.963966 0.319401
5740.000000 3.281321 216.196418 0.979808 0.328120
5760.000000 3.302380 216.283506 0.994704 0.336870
5780.000000 3.324350 216.372320 1.008530 0.345632
5800.000000 3.347219 216.462814 1.021157 0.354387
5820.000000 3.370971 216.554936 1.032450 0.363116
5840.000000 3.395582 216.648630 1.042269 0.371801
5860.000000 3.421022 216.743836 1.050471 0.380421
5880.000000 3.447251 216.840488 1.056910 0.388958
5900.000000 3.474222 216.938518 1.061436 0.397392
5920.000000 3.501879 217.037855 1.063899 0.405703
5940.000000 3.530157 217.138426 1.064147 0.413871
5960.000000 3.558978 217.240153 1.062033 0.421878
5980.000000 3.588256 217.342960 1.057407 0.429703
6000.000000 3.617890 217.446769 1.050130 0.437327
6020.000000 3.647768 217.551500 1.040066 0.444731
6040.000000 3.677764 217.657077 1.027089 0.451894
6060.000000 3.707735 217.763420 1.011083 0.458798
6080.000000 3.737525 217.870455 0.991950 0.465422
6100.000000 3.766960 217.978107 0.969607 0.471745
6120.000000 3.795852 218.086304 0.943990 0.477747
6140.000000 3.823996 218.194979 0.915063 0.483408
6160.000000 3.851173 218.304065 0.882813 0.488706
6180.000000 3.877151 218.413500 0.847260 0.493620
6200.000000 3.901692 218.523228 0.808457 0.498130
6220.000000 3.924550 218.633195 0.766493 0.502214
6240.000000 3.945480 218.743352 0.721496 0.505855
6260.000000 3.964243 218.853655 0.673633 0.509033
6280.000000 3.980614 218.964063 0.623114 0.511734
6300.000000 3.994387 219.074543 0.570190 0.513944
6320.000000 4.005381 219.185062 0.515155 0.515653
6340.000000 4.013448 219.295595 0.458338 0.516854
6360.000000 4.018479 219.406117 0.400103 0.517542
6380.000000 4.020402 219.516611 0.340843 0.517719
6400.000000 4.019192 219.627057 0.280972 0.517385
6420.000000 4.014868 219.737442 0.220918 0.516548
6440.000000 4.007491 219.847749 0.161111 0.515213
6460.000000 3.997164 219.957963 0.101973 0.513392
6480.000000 3.984031 220.068069 0.043914 0.511095
6500.000000 3.968266 220.178045 -0.012684 0.508338
6520.000000 3.950075 220.287871 -0.067469 0.505134
6540.000000 3.929685 220.397520 -0.120127 0.501502
6560.000000 3.907339 220.506960 -0.170386 0.497461
6580.000000 3.883290 220.616157 -0.218016 0.493029
6600.000000 3.857793 220.725071 -0.262833 0.488229
6620.000000 3.831103 220.833657 -0.304694 0.483083
6640.000000 3.803464 220.941865 -0.343498 0.477612
6660.000000 3.775108 221.049642 -0.379183 0.471839
6680.000000 3.746251 221.156932 -0.411719 0.465787
6700.000000 3.717092 221.263673 -0.441109 0.459477
6720.000000 3.687808 221.369803 -0.467384 0.452930
6740.000000 3.658559 221.475256 -0.490596 0.446166
6760.000000 3.629485 221.579966 -0.510818 0.439205
6780.000000 3.600705 221.683865 -0.528139 0.432065
6800.000000 3.572323 221.786884 -0.542661 0.424763
6820.000000 3.544426 221.888956 -0.554496 0.417316
6840.000000 3.517088 221.990012 -0.563764 0.409740
6860.000000 3.490369 222.089985 -0.570590 0.402050
6880.000000 3.464318 222.188810 -0.575103 0.394260
6900.000000 3.438975 222.286423 -0.577433 0.386386
6920.000000 3.414373 222.382763 -0.577714 0.378440
6940.000000 3.390535 222.477770 -0.576075 0.370436
6960.000000 3.367480 222.571387 -0.572648 0.362387
6980.000000 3.345222 222.663561 -0.567560 0.354307
7000.000000 3.323768 222.754243 -0.560936 0.346207
7020.000000 3.303123 222.843385 -0.552899 0.338101
7040.000000 3.283288 222.930944 -0.543566 0.330002
7060.000000 3.264261 223.016883 -0.533053 0.321921
7080.000000 3.246038 223.101165 -0.521468 0.313871
7100.000000 3.228610 223.183762 -0.508919 0.305864
7120.000000 3.211968 223.264647 -0.495504 0.297912
7140.000000 3.196101 223.343798 -0.481320 0.290028
7160.000000 3.180995 223.421199 -0.466458 0.282222
7180.000000 3.166634 223.496838 -0.451003 0.274505
7200.000000 3.153002 223.570706 -0.435036 0.266888
7220.000000 3.140081 223.642802 -0.418631 0.259383
7240.000000 3.127851 223.713125 -0.401860 0.251997
7260.000000 3.116292 223.781683 -0.384787 0.244742
7280.000000 3.105383 223.848485 -0.367473 0.237626
7300.000000 3.095103 223.913545 -0.349971 0.230657
7320.000000 3.085427 223.976881 -0.332334 0.223843
7340.000000 3.076334 224.038516 -0.314606 0.217192
7360.000000 3.067801 224.098475 -0.296829 0.210710
7380.000000 3.059803 224.156787 -0.279040 0.204403
7400.000000 3.052319 224.213484 -0.261272 0.198276
7420.000000 3.045324 224.268601 -0.243554 0.192336
7440.000000 3.038796 224.322177 -0.225911 0.186585
7460.000000 3.032712 224.374251 -0.208364 0.181029
7480.000000 3.027050 224.424866 -0.190933 0.175670
7500.000000 3.021789 224.474068 -0.173632 0.170512
7520.000000 3.016908 224.521903 -0.156475 0.165557
7540.000000 3.012386 224.568419 -0.139471 0.160807
7560.000000 3.008204 224.613667 -0.122628 0.156264
7580.000000 3.004343 224.657699 -0.105950 0.151930
7600.000000 3.000786 224.700566 -0.089442 0.147806
7620.000000 2.997514 224.742324 -0.073102 0.143892
7640.000000 2.994512 224.783025 -0.056932 0.140189
7660.000000 2.991765 224.822727 -0.040928 0.136698
7680.000000 2.989257 224.861485 -0.025088 0.133420
7700.000000 2.986977 224.899356 -0.009404 0.130353
7720.000000 2.984910 224.936398 0.006127 0.127499
7740.000000 2.983045 224.972668 0.021516 0.124857
7760.000000 2.981372 225.008224 0.036768 0.122427
7780.000000 2.979880 225.043125 0.051895 0.120209
7800.000000 2.978561 225.077429 0.066906 0.118203
7820.000000 2.977407 225.111197 0.081812 0.116408
7840.000000 2.976410 225.144485 0.096625 0.114825
7860.000000 2.975564 225.177355 0.111356 0.113453
7880.000000 2.974864 225.209865 0.126018 0.112292
7900.000000 2.974305 225.242075 0.140625 0.111342
7920.000000 2.973883 225.274045 0.155189 0.110604
7940.000000 2.973597 225.305834 0.169724 0.110077
7960.000000 2.973444 225.337503 0.184244 0.109762
7980.000000 2.973422 225.369111 0.198764 0.109659
8000.000000 2.973533 225.400718 0.213298 0.109768
8020.000000 2.973776 225.432386 0.227859 0.110090
8040.000000 2.974154 225.464174 0.242464 0.110626
8060.000000 2.974668 225.496143 0.257125 0.111376
8080.000000 2.975324 225.528354 0.271859 0.112340
8100.000000 2.976124 225.560867 0.286679 0.113521
8120.000000 2.977074 225.593744 0.301600 0.114919
8140.000000 2.978181 225.627046 0.316637 0.116536
8160.000000 2.979452 225.660833 0.331802 0.118371
8180.000000 2.980895 225.695167 0.347110 0.120427
8200.000000 2.982521 225.730111 0.362574 0.122704
8220.000000 2.984338 225.765724 0.378207 0.125204
8240.000000 2.986359 225.802069 0.394021 0.127929
8260.000000 2.988596 225.839207 0.410029 0.130879
8280.000000 2.991063 225.877199 0.426240 0.134056
8300.000000 2.993776 225.916107 0.442665 0.137460
8320.000000 2.996749 225.955992 0.459313 0.141094
8340.000000 3.000001 225.996914 0.476192 0.144957
8360.000000 3.003549 226.038933 0.493308 0.149051
8380.000000 3.007413 226.082109 0.510666 0.153376
8400.000000 3.011615 226.126500 0.528271 0.157932
8420.000000 3.016175 226.172166 0.546124 0.162720
8440.000000 3.021118 226.219161 0.564223 0.167739
8460.000000 3.026468 226.267544 0.582567 0.172988
8480.000000 3.032249 226.317366 0.601150 0.178467
8500.000000 3.038489 226.368681 0.619964 0.184172
8520.000000 3.045214 226.421540 0.638998 0.190104
8540.000000 3.052453 226.475990 0.658237 0.196257
8560.000000 3.060235 226.532078 0.677663 0.202630
8580.000000 3.068589 226.589846 0.697254 0.209217
8600.000000 3.077545 226.649335 0.716983 0.216015
8620.000000 3.087134 226.710581 0.736820 0.223016
8640.000000 3.097385 226.773618 0.756728 0.230215
8660.000000 3.108329 226.838473 0.776666 0.237604
8680.000000 3.119995 226.905172 0.796588 0.245175
8700.000000 3.132412 226.973735 0.816441 0.252918
8720.000000 3.145608 227.044176 0.836166 0.260823
8740.000000 3.159608 227.116507 0.855699 0.268879
8760.000000 3.174438 227.190731 0.874968 0.277074
8780.000000 3.190120 227.266849 0.893897 0.285394
8800.000000 3.206672 227.344853 0.912399 0.293825
8820.000000 3.224113 227.424731 0.930384 0.302353
8840.000000 3.242455 227.506465 0.947754 0.310961
8860.000000 3.261708 227.590031 0.964404 0.319635
8880.000000 3.281876 227.675399 0.980222 0.328355
8900.000000 3.302959 227.762534 0.995090 0.337106
8920.000000 3.324953 227.851394 1.008886 0.345867
8940.000000 3.347846 227.941932 1.021478 0.354622
8960.000000 3.371622 228.034097 1.032733 0.363350
8980.000000 3.396256 228.127833 1.042511 0.372034
9000.000000 3.421717 228.223078 1.050668 0.380652
9020.000000 3.447967 228.319768 1.057058 0.389187
9040.000000 3.474957 228.417835 1.061530 0.397617
9060.000000 3.502632 228.517206 1.063935 0.405924
9080.000000 3.530925 228.617809 1.064122 0.414089
9100.000000 3.559760 228.719566 1.061942 0.422091
9120.000000 3.589048 228.822401 1.057247 0.429911
9140.000000 3.618691 228.926236 1.049897 0.437529
9160.000000 3.648574 229.030991 1.039756 0.444927
9180.000000 3.678571 229.136589 1.026698 0.452084
9200.000000 3.708539 229.242952 1.010610 0.458980
9220.000000 3.738322 229.350004 0.991392 0.465596
9240.000000 3.767745 229.457672 0.968961 0.471911
9260.000000 3.796619 229.565883 0.943256 0.477904
9280.000000 3.824740 229.674569 0.914239 0.483555
9300.000000 3.851888 229.783665 0.881900 0.488843
9320.000000 3.877831 229.893109 0.846259 0.493747
9340.000000 3.902330 230.002844 0.807370 0.498245
9360.000000 3.925139 230.112817 0.765323 0.502318
9380.000000 3.946014 230.222979 0.720245 0.505947
9400.000000 3.964716 230.333285 0.672308 0.509112
9420.000000 3.981020 230.443696 0.621721 0.511800
9440.000000 3.994720 230.554176 0.568737 0.513997
9460.000000 4.005637 230.664696 0.513649 0.515692
9480.000000 4.013624 230.775229 0.456789 0.516879
9500.000000 4.018571 230.885751 0.398521 0.517554
9520.000000 4.020410 230.996244 0.339239 0.517716
9540.000000 4.019117 231.106689 0.279358 0.517369
9560.000000 4.014709 231.217071 0.219305 0.516518
9580.000000 4.007251 231.327376 0.159510 0.515170
9600.000000 3.996847 231.437588 0.100397 0.513336
9620.000000 3.983641 231.547690 0.042372 0.511027
9640.000000 3.967808 231.657663 -0.014182 0.508257
9660.000000 3.949555 231.767484 -0.068914 0.505042
9680.000000 3.929108 231.877128 -0.121511 0.501399
9700.000000 3.906713 231.986562 -0.171702 0.497346
9720.000000 3.882622 232.095752 -0.219259 0.492905
9740.000000 3.857090 232.204658 -0.263998 0.488095
9760.000000 3.830372 232.313234 -0.305778 0.482940
9780.000000 3.802710 232.421431 -0.344499 0.477460
9800.000000 3.774338 232.529196 -0.380099 0.471680
9820.000000 3.745470 232.636472 -0.412550 0.465621
9840.000000 3.716305 232.743197 -0.441856 0.459304
9860.000000 3.687021 232.849310 -0.468048 0.452751
9880.000000 3.657775 232.954744 -0.491179 0.445982
9900.000000 3.628707 233.059433 -0.511322 0.439015
9920.000000 3.599936 233.163309 -0.528566 0.431870
9940.000000 3.571566 233.266304 -0.543014 0.424564
9960.000000 3.543684 233.368349 -0.554779 0.417114
9980.000000 3.516361 233.469377 -0.563979 0.409534
10000.000000 3.489659 233.569320 -0.570741 0.401841
10020.000000 3.463627 233.668113 -0.575193 0.394050
10040.000000 3.438304 233.765693 -0.577467 0.386173
10060.000000 3.413722 233.861998 -0.577694 0.378225
10080.000000 3.389905 233.956968 -0.576006 0.370220
10100.000000 3.366871 234.050547 -0.572533 0.362170
10120.000000 3.344634 234.142682 -0.567401 0.354089
10140.000000 3.323202 234.233322 -0.560738 0.345989
10160.000000 3.302579 234.322422 -0.552664 0.337883
10180.000000 3.282766 234.409939 -0.543299 0.329784
10200.000000 3.263761 234.495833 -0.532755 0.321704
10220.000000 3.245559 234.580071 -0.521143 0.313655
10240.000000 3.228152 234.662622 -0.508569 0.305649
10260.000000 3.211531 234.743460 -0.495132 0.297700
10280.000000 3.195685 234.822565 -0.480929 0.289817
10300.000000 3.180599 234.899918 -0.466050 0.282013
10320.000000 3.166258 234.975510 -0.450580 0.274299
10340.000000 3.152645 235.049331 -0.434600 0.266685
10360.000000 3.139743 235.121378 -0.418185 0.259182
10380.000000 3.127532 235.191654 -0.401405 0.251801
10400.000000 3.115991 235.260165 -0.384325 0.244549
10420.000000 3.105099 235.326920 -0.367004 0.237437
10440.000000 3.094835 235.391933 -0.349499 0.230472
10460.000000 3.085175 235.455223 -0.331858 0.223662
10480.000000 3.076097 235.516813 -0.314129 0.217015
10500.000000 3.067579 235.576727 -0.296351 0.210538
10520.000000 3.059595 235.634995 -0.278562 0.204235
10540.000000 3.052124 235.691649 -0.260795 0.198114
10560.000000 3.045142 235.746725 -0.243078 0.192178
10580.000000 3.038626 235.800259 -0.225437 0.186433
10600.000000 3.032554 235.852293 -0.207894 0.180882
10620.000000 3.026904 235.902870 -0.190466 0.175529
10640.000000 3.021653 235.952034 -0.173169 0.170376
10660.000000 3.016782 235.999833 -0.156016 0.165426
10680.000000 3.012269 236.046315 -0.139016 0.160682
10700.000000 3.008096 236.091530 -0.122178 0.156145
10720.000000 3.004244 236.135529 -0.105504 0.151816
10740.000000 3.000694 236.178366 -0.089000 0.147698
10760.000000 2.997430 236.220094 -0.072665 0.143789
10780.000000 2.994435 236.260768 -0.056500 0.140093
10800.000000 2.991694 236.300444 -0.040500 0.136608
10820.000000 2.989193 236.339177 -0.024664 0.133335
10840.000000 2.986918 236.377026 -0.008985 0.130274
10860.000000 2.984857 236.414046 0.006543 0.127425
10880.000000 2.982998 236.450295 0.021927 0.124789
10900.000000 2.981329 236.485833 0.037177 0.122365
10920.000000 2.979843 236.520717 0.052300 0.120152
10940.000000 2.978528 236.555007 0.067308 0.118152
10960.000000 2.977378 236.588760 0.082211 0.116362
10980.000000 2.976385 236.622037 0.097022 0.114785
11000.000000 2.975543 236.654896 0.111751 0.113419
11020.000000 2.974847 236.687397 0.126412 0.112263
11040.000000 2.974292 236.719600 0.141017 0.111320
11060.000000 2.973874 236.751564 0.155580 0.110587
11080.000000 2.973591 236.783349 0.170114 0.110066
11100.000000 2.973441 236.815016 0.184635 0.109756
11120.000000 2.973423 236.846623 0.199155 0.109659
11140.000000 2.973538 236.878232 0.213689 0.109774
11160.000000 2.973784 236.909902 0.228251 0.110102
11180.000000 2.974166 236.941694 0.242857 0.110643
11200.000000 2.974684 236.973669 0.257521 0.111399
11220.000000 2.975343 237.005887 0.272256 0.112369
11240.000000 2.976147 237.038409 0.287079 0.113556
11260.000000 2.977102 237.071296 0.302003 0.114960
11280.000000 2.978213 237.104610 0.317043 0.116582
11300.000000 2.979489 237.138411 0.332211 0.118423
11320.000000 2.980937 237.172761 0.347524 0.120485
11340.000000 2.982567 237.207722 0.362992 0.122768
11360.000000 2.984389 237.243354 0.378630 0.125275
11380.000000 2.986416 237.279719 0.394449 0.128005
11400.000000 2.988659 237.316880 0.410462 0.130961
11420.000000 2.991133 237.354896 0.426679 0.134144
11440.000000 2.993852 237.393829 0.443110 0.137555
11460.000000 2.996833 237.433741 0.459764 0.141195
11480.000000 3.000092 237.474691 0.476649 0.145064
11500.000000 3.003648 237.516741 0.493771 0.149164
11520.000000 3.007522 237.559949 0.511137 0.153495
11540.000000 3.011733 237.604374 0.528748 0.158058
11560.000000 3.016303 237.650074 0.546607 0.162852
11580.000000 3.021257 237.697107 0.564713 0.167877
11600.000000 3.026617 237.745527 0.583064 0.173133
11620.000000 3.032411 237.795389 0.601653 0.178617
11640.000000 3.038663 237.846745 0.620473 0.184329
11660.000000 3.045402 237.899646 0.639513 0.190266
11680.000000 3.052655 237.954139 0.658757 0.196426
11700.000000 3.060452 238.010272 0.678188 0.202804
11720.000000 3.068822 238.068086 0.697783 0.209398
11740.000000 3.077794 238.127622 0.717516 0.216200
11760.000000 3.087400 238.188916 0.737355 0.223207
11780.000000 3.097670 238.252000 0.757264 0.230412
11800.000000 3.108633 238.316905 0.777202 0.237806
11820.000000 3.120319 238.383654 0.797123 0.245381
11840.000000 3.132756 238.452267 0.816973 0.253129
11860.000000 3.145973 238.522759 0.836694 0.261038
11880.000000 3.159996 238.595141 0.856221 0.269098
11900.000000 3.174848 238.669416 0.875482 0.277296
11920.000000 3.190553 238.745585 0.894400 0.285619
11940.000000 3.207130 238.823639 0.912890 0.294053
11960.000000 3.224595 238.903567 0.930860 0.302583
11980.000000 3.242961 238.985351 0.948212 0.311194
12000.000000 3.262238 239.068966 0.964840 0.319869
12020.000000 3.282430 239.154382 0.980634 0.328590
12040.000000 3.303538 239.241564 0.995476 0.337341
12060.000000 3.325557 239.330469 1.009241 0.346103
12080.000000 3.348474 239.421052 1.021799 0.354857
12100.000000 3.372273 239.513260 1.033016 0.363585
12120.000000 3.396930 239.607037 1.042752 0.372266
12140.000000 3.422413 239.702322 1.050864 0.380883
12160.000000 3.448683 239.799050 1.057204 0.389415
12180.000000 3.475693 239.897153 1.061623 0.397842
12200.000000 3.503385 239.996558 1.063970 0.406146
12220.000000 3.531694 240.097193 1.064095 0.414306
12240.000000 3.560542 240.198980 1.061849 0.422303
12260.000000 3.589841 240.301843 1.057085 0.430118
12280.000000 3.619492 240.405703 1.049661 0.437731
12300.000000 3.649380 240.510482 1.039443 0.445122
12320.000000 3.679378 240.616102 1.026306 0.452272
12340.000000 3.709343 240.722485 1.010135 0.459161
12360.000000 3.739118 240.829554 0.990831 0.465769
12380.000000 3.768529 240.937238 0.968313 0.472076
12400.000000 3.797386 241.045462 0.942519 0.478061
12420.000000 3.825484 241.154160 0.913413 0.483702
12440.000000 3.852602 241.263267 0.880985 0.488980
12460.000000 3.878510 241.372719 0.845256 0.493873
12480.000000 3.902966 241.482461 0.806280 0.498360
12500.000000 3.925727 241.592440 0.764149 0.502422
12520.000000 3.946546 241.702606 0.718993 0.506038
12540.000000 3.965186 241.812915 0.670981 0.509191
12560.000000 3.981423 241.923328 0.620326 0.511866
12580.000000 3.995050 242.033811 0.567282 0.514049
12600.000000 4.005891 242.144331 0.512142 0.515730
12620.000000 4.013797 242.254864 0.455238 0.516904
12640.000000 4.018661 242.365386 0.396938 0.517565
12660.000000 4.020417 242.475877 0.337635 0.517714
12680.000000 4.019039 242.586321 0.277744 0.517353
12700.000000 4.014548 242.696701 0.217692 0.516488
12720.000000 4.007009 242.807004 0.157910 0.515127
12740.000000 3.996528 242.917213 0.098820 0.513280
12760.000000 3.983248 243.027312 0.040830 0.510959
12780.000000 3.967348 243.137281 -0.015679 0.508177
12800.000000 3.949032 243.247098 -0.070357 0.504950
12820.000000 3.928531 243.356736 -0.122893 0.501295
12840.000000 3.906086 243.466164 -0.173016 0.497232
12860.000000 3.881953 243.575347 -0.220499 0.492780
12880.000000 3.856386 243.684245 -0.265160 0.487961
12900.000000 3.829639 243.792811 -0.306859 0.482796
12920.000000 3.801956 243.900998 -0.345497 0.477309
12940.000000 3.773567 244.008750 -0.381012 0.471521
12960.000000 3.744689 244.116012 -0.413379 0.465454
12980.000000 3.715518 244.222722 -0.442601 0.459131
13000.000000 3.686233 244.328817 -0.468710 0.452572
13020.000000 3.656990 244.434232 -0.491759 0.445797
13040.000000 3.627929 244.538900 -0.511823 0.438825
13060.000000 3.599168 244.642753 -0.528991 0.431676
13080.000000 3.570810 244.745723 -0.543365 0.424366
13100.000000 3.542941 244.847742 -0.555059 0.416911
13120.000000 3.515635 244.948741 -0.564192 0.409329
13140.000000 3.488950 245.048655 -0.570890 0.401633
13160.000000 3.462937 245.147416 -0.575282 0.393839
13180.000000 3.437633 245.244962 -0.577499 0.385960
13200.000000 3.413071 245.341232 -0.577673 0.378011
13220.000000 3.389275 245.436165 -0.575936 0.370004
13240.000000 3.366263 245.529706 -0.572416 0.361953
13260.000000 3.344047 245.621802 -0.567242 0.353872
13280.000000 3.322637 245.712401 -0.560539 0.345771
13300.000000 3.302035 245.801459 -0.552429 0.337665
13320.000000 3.282244 245.888933 -0.543030 0.329566
13340.000000 3.263261 245.974783 -0.532456 0.321487
13360.000000 3.245080 246.058976 -0.520817 0.313439
13380.000000 3.227695 246.141481 -0.508218 0.305435
13400.000000 3.211095 246.222273 -0.494760 0.297487
13420.000000 3.195269 246.301330 -0.480537 0.289606
13440.000000 3.180203 246.378637 -0.465641 0.281804
13460.000000 3.165882 246.454181 -0.450157 0.274093
13480.000000 3.152289 246.527954 -0.434164 0.266482
13500.000000 3.139406 246.599954 -0.417738 0.258982
13520.000000 3.127213 246.670183 -0.400949 0.251604
13540.000000 3.115689 246.738646 -0.383862 0.244356
13560.000000 3.104815 246.805353 -0.366536 0.237247
13580.000000 3.094567 246.870320 -0.349026 0.230287
13600.000000 3.084923 246.933564 -0.331383 0.223481
13620.000000 3.075861 246.995109 -0.313651 0.216839
13640.000000 3.067357 247.054978 -0.295873 0.210366
13660.000000 3.059388 247.113202 -0.278084 0.204068
13680.000000 3.051930 247.169813 -0.260318 0.197952
13700.000000 3.044961 247.224847 -0.242603 0.192021
13720.000000 3.038457 247.278340 -0.224964 0.186281
13740.000000 3.032397 247.330335 -0.207423 0.180735
13760.000000 3.026757 247.380873 -0.189999 0.175387
13780.000000 3.021517 247.430000 -0.172706 0.170240
13800.000000 3.016656 247.477763 -0.155557 0.165296
13820.000000 3.012153 247.524210 -0.138561 0.160557
13840.000000 3.007989 247.569391 -0.121727 0.156026
13860.000000 3.004144 247.613359 -0.105058 0.151703
13880.000000 3.000603 247.656165 -0.088558 0.147590
13900.000000 2.997346 247.697864 -0.072228 0.143687
13920.000000 2.994358 247.738511 -0.056067 0.139996
13940.000000 2.991624 247.778160 -0.040072 0.136517
13960.000000 2.989129 247.816869 -0.024240 0.133249
13980.000000 2.986860 247.854694 -0.008565 0.130194
14000.000000 2.984804 247.891693 0.006959 0.127352
14020.000000 2.982950 247.927923 0.022339 0.124721
14040.000000 2.981287 247.963442 0.037585 0.122302
14060.000000 2.979805 247.998310 0.052705 0.120096
14080.000000 2.978495 248.032584 0.067710 0.118101
14100.000000 2.977349 248.066324 0.082611 0.116317
14120.000000 2.976360 248.099588 0.097419 0.114745
14140.000000 2.975522 248.132437 0.112146 0.113385
14160.000000 2.974830 248.164930 0.126805 0.112235
14180.000000 2.974279 248.197125 0.141409 0.111297
14200.000000 2.973865 248.229084 0.155971 0.110570
14220.000000 2.973585 248.260865 0.170505 0.110055
14240.000000 2.973439 248.292529 0.185025 0.109751
14260.000000 2.973425 248.324135 0.199545 0.109659
14280.000000 2.973542 248.355745 0.214080 0.109780
14300.000000 2.973793 248.387418 0.228643 0.110113
14320.000000 2.974178 248.419214 0.243251 0.110661
14340.000000 2.974700 248.451194 0.257916 0.111422
14360.000000 2.975363 248.483420 0.272654 0.112399
14380.000000 2.976171 248.515951 0.287479 0.113591
14400.000000 2.977129 248.548849 0.302406 0.115001
14420.000000 2.978245 248.582175 0.317449 0.116629
14440.000000 2.979525 248.615990 0.332621 0.118476
14460.000000 2.980978 248.650356 0.347937 0.120543
14480.000000 2.982613 248.685334 0.363410 0.122833
14500.000000 2.984441 248.720985 0.379053 0.125345
14520.000000 2.986473 248.757371 0.394877 0.128082
14540.000000 2.988723 248.794553 0.410895 0.131044
14560.000000 2.991203 248.832593 0.427118 0.134233
14580.000000 2.993929 248.871552 0.443554 0.137650
14600.000000 2.996917 248.911491 0.460215 0.141296
14620.000000 3.000184 248.952470 0.477106 0.145171
14640.000000 3.003748 248.994550 0.494235 0.149278
14660.000000 3.007630 249.037790 0.511607 0.153615
14680.000000 3.011851 249.082249 0.529225 0.158184
14700.000000 3.016431 249.127984 0.547091 0.162984
14720.000000 3.021395 249.175053 0.565203 0.168015
14740.000000 3.026767 249.223511 0.583560 0.173277
14760.000000 3.032573 249.273413 0.602156 0.178768
14780.000000 3.038838 249.324810 0.620982 0.184486
14800.000000 3.045590 249.377753 0.640028 0.190429
14820.000000 3.052857 249.432290 0.659277 0.196595
14840.000000 3.060669 249.488467 0.678713 0.202979
14860.000000 3.069055 249.546327 0.698312 0.209578
14880.000000 3.078044 249.605910 0.718048 0.216386
14900.000000 3.087668 249.667251 0.737889 0.223399
14920.000000 3.097956 249.730385 0.757800 0.230608
14940.000000 3.108938 249.795338 0.777739 0.238007
14960.000000 3.120643 249.862137 0.797658 0.245587
14980.000000 3.133102 249.930801 0.817505 0.253339
15000.000000 3.146340 250.001344 0.837222 0.261253
15020.000000 3.160384 250.073776 0.856743 0.269317
15040.000000 3.175260 250.148103 0.875996 0.277518
15060.000000 3.190988 250.224322 0.894903 0.285844
15080.000000 3.207588 250.302427 0.913380 0.294281
15100.000000 3.225077 250.382405 0.931335 0.302814
15120.000000 3.243467 250.464239 0.948669 0.311427
15140.000000 3.262769 250.547903 0.965277 0.320103
15160.000000 3.282986 250.633367 0.981047 0.328825
15180.000000 3.304119 250.720595 0.995861 0.337577
15200.000000 3.326161 250.809546 1.009595 0.346339
15220.000000 3.349103 250.900173 1.022119 0.355092
15240.000000 3.372925 250.992425 1.033298 0.363819
15260.000000 3.397604 251.086243 1.042993 0.372499
15280.000000 3.423109 251.181568 1.051058 0.381114
15300.000000 3.449400 251.278334 1.057348 0.389643
15320.000000 3.476429 251.376472 1.061714 0.398067
15340.000000 3.504138 251.475912 1.064003 0.406367
15360.000000 3.532463 251.576578 1.064067 0.414523
15380.000000 3.561324 251.678396 1.061754 0.422516
15400.000000 3.590635 251.781286 1.056921 0.430326
15420.000000 3.620293 251.885172 1.049424 0.437933
15440.000000 3.650186 251.989975 1.039129 0.445318
15460.000000 3.680185 252.095616 1.025911 0.452461
15480.000000 3.710147 252.202018 1.009657 0.459343
15500.000000 3.739915 252.309106 0.990268 0.465943
15520.000000 3.769314 252.416804 0.967662 0.472241
15540.000000 3.798153 252.525043 0.941780 0.478217
15560.000000 3.826227 252.633752 0.912584 0.483849
15580.000000 3.853316 252.742869 0.880067 0.489117
15600.000000 3.879188 252.852330 0.844250 0.493999
15620.000000 3.903602 252.962079 0.805188 0.498475
15640.000000 3.926313 253.072063 0.762974 0.502525
15660.000000 3.947077 253.182233 0.717738 0.506129
15680.000000 3.965656 253.292546 0.669652 0.509269
15700.000000 3.981824 253.402962 0.618930 0.511931
15720.000000 3.995379 253.513445 0.565825 0.514101
15740.000000 4.006142 253.623967 0.510633 0.515769
15760.000000 4.013968 253.734499 0.453687 0.516928
15780.000000 4.018750 253.845020 0.395355 0.517576
15800.000000 4.020420 253.955511 0.336030 0.517711
15820.000000 4.018958 254.065953 0.276129 0.517336
15840.000000 4.014385 254.176332 0.216079 0.516458
15860.000000 4.006765 254.286632 0.156310 0.515084
15880.000000 3.996207 254.396838 0.097244 0.513224
15900.000000 3.982854 254.506934 0.039289 0.510890
15920.000000 3.966886 254.616899 -0.017175 0.508096
15940.000000 3.948509 254.726712 -0.071800 0.504857
15960.000000 3.927951 254.836345 -0.124274 0.501191
15980.000000 3.905458 254.945767 -0.174328 0.497117
16000.000000 3.881283 255.054943 -0.221738 0.492655
16020.000000 3.855681 255.163832 -0.266321 0.487827
16040.000000 3.828906 255.272389 -0.307939 0.482653
16060.000000 3.801200 255.380564 -0.346493 0.477157
16080.000000 3.772796 255.488304 -0.381924 0.471361
16100.000000 3.743907 255.595552 -0.414206 0.465287
16120.000000 3.714732 255.702246 -0.443344 0.458957
16140.000000 3.685445 255.808324 -0.469369 0.452392
16160.000000 3.656206 255.913719 -0.492337 0.445612
16180.000000 3.627151 256.018367 -0.512322 0.438635
16200.000000 3.598399 256.122197 -0.529413 0.431481
16220.000000 3.570054 256.225142 -0.543714 0.424167
16240.000000 3.542199 256.327135 -0.555338 0.416709
16260.000000 3.514909 256.428106 -0.564404 0.409123
16280.000000 3.488242 256.527989 -0.571038 0.401425
16300.000000 3.462247 256.626719 -0.575370 0.393628
16320.000000 3.436963 256.724231 -0.577530 0.385747
16340.000000 3.412421 256.820465 -0.577651 0.377796
16360.000000 3.388646 256.915362 -0.575864 0.369788
16380.000000 3.365655 257.008865 -0.572298 0.361736
16400.000000 3.343461 257.100921 -0.567081 0.353654
16420.000000 3.322072 257.191480 -0.560339 0.345553
16440.000000 3.301492 257.280495 -0.552193 0.337447
16460.000000 3.281723 257.367926 -0.542760 0.329349
16480.000000 3.262761 257.453732 -0.532157 0.321270
16500.000000 3.244602 257.537879 -0.520490 0.313223
16520.000000 3.227238 257.620339 -0.507867 0.305220
16540.000000 3.210660 257.701084 -0.494387 0.297274
16560.000000 3.194854 257.780095 -0.480145 0.289395
16580.000000 3.179809 257.857354 -0.465232 0.281596
16600.000000 3.165507 257.932851 -0.449733 0.273887
16620.000000 3.151933 258.006576 -0.433728 0.266279
16640.000000 3.139069 258.078529 -0.417291 0.258782
16660.000000 3.126894 258.148710 -0.400493 0.251407
16680.000000 3.115388 258.217125 -0.383399 0.244163
16700.000000 3.104531 258.283786 -0.366067 0.237058
16720.000000 3.094300 258.348706 -0.348553 0.230102
16740.000000 3.084672 258.411905 -0.330907 0.223301
16760.000000 3.075625 258.473403 -0.313174 0.216663
16780.000000 3.067136 258.533228 -0.295394 0.210194
16800.000000 3.059181 258.591409 -0.277606 0.203902
16820.000000 3.051736 258.647977 -0.259841 0.197790
16840.000000 3.044780 258.702968 -0.242127 0.191865
16860.000000 3.038289 258.756421 -0.224491 0.186130
16880.000000 3.032240 258.808376 -0.206953 0.180589
16900.000000 3.026611 258.858875 -0.189532 0.175246
16920.000000 3.021382 258.907965 -0.172243 0.170104
16940.000000 3.016530 258.955692 -0.155098 0.165166
16960.000000 3.012036 259.002104 -0.138107 0.160433
16980.000000 3.007881 259.047252 -0.121276 0.155907
17000.000000 3.004045 259.091188 -0.104612 0.151589
17020.000000 3.000511 259.133964 -0.088117 0.147482
17040.000000 2.997262 259.175634 -0.071791 0.143585
17060.000000 2.994281 259.216253 -0.055635 0.139900
17080.000000 2.991554 259.255876 -0.039644 0.136426
17100.000000 2.989065 259.294561 -0.023817 0.133165
17120.000000 2.986802 259.332363 -0.008146 0.130115
17140.000000 2.984752 259.369340 0.007374 0.127278
17160.000000 2.982903 259.405550 0.022751 0.124653
17180.000000 2.981245 259.441051 0.037993 0.122240
17200.000000 2.979768 259.475902 0.053110 0.120039
17220.000000 2.978462 259.510161 0.068112 0.118050
17240.000000 2.977321 259.543887 0.083010 0.116272
17260.000000 2.976336 259.577140 0.097816 0.114706
17280.000000 2.975502 259.609978 0.112541 0.113351
17300.000000 2.974813 259.642462 0.127198 0.112207
17320.000000 2.974266 259.674650 0.141801 0.111275
17340.000000 2.973855 259.706603 0.156362 0.110554
17360.000000 2.973580 259.738381 0.170896 0.110044
17380.000000 2.973437 259.770042 0.185416 0.109746
17400.000000 2.973426 259.801648 0.199936 0.109660
17420.000000 2.973547 259.833258 0.214471 0.109786
17440.000000 2.973802 259.864934 0.229036 0.110125
17460.000000 2.974190 259.896734 0.243644 0.110678
17480.000000 2.974716 259.928720 0.258311 0.111445
17500.000000 2.975383 259.960953 0.273051 0.112428
17520.000000 2.976195 259.993494 0.287879 0.113626
17540.000000 2.977157 260.026402 0.302809 0.115042
17560.000000 2.978277 260.059741 0.317855 0.116675
17580.000000 2.979562 260.093570 0.333031 0.118528
17600.000000 2.981020 260.127951 0.348351 0.120602
17620.000000 2.982660 260.162946 0.363829 0.122897
17640.000000 2.984493 260.198616 0.379476 0.125416
17660.000000 2.986531 260.235023 0.395306 0.128158
17680.000000 2.988786 260.272228 0.411329 0.131127
17700.000000 2.991273 260.310292 0.427557 0.134322
17720.000000 2.994006 260.349276 0.444000 0.137745
17740.000000 2.997001 260.389242 0.460666 0.141397
17760.000000 3.000276 260.430250 0.477564 0.145279
17780.000000 3.003849 260.472360 0.494699 0.149391
17800.000000 3.007739 260.515632 0.512078 0.153735
17820.000000 3.011969 260.560125 0.529702 0.158310
17840.000000 3.016560 260.605895 0.547575 0.163117
17860.000000 3.021535 260.653001 0.565694 0.168154
17880.000000 3.026918 260.701497 0.584058 0.173422
17900.000000 3.032735 260.751438 0.602660 0.178919
17920.000000 3.039013 260.802876 0.621492 0.184643
17940.000000 3.045779 260.855861 0.640543 0.190592
17960.000000 3.053060 260.910442 0.659798 0.196763
17980.000000 3.060887 260.966664 0.679238 0.203154
18000.000000 3.069289 261.024570 0.698841 0.209758
18020.000000 3.078295 261.084199 0.718580 0.216572
18040.000000 3.087936 261.145589 0.738424 0.223590
18060.000000 3.098242 261.208771 0.758336 0.230805
18080.000000 3.109243 261.273774 0.778275 0.238209
18100.000000 3.120968 261.340622 0.798193 0.245794
18120.000000 3.133447 261.409336 0.818038 0.253550
18140.000000 3.146707 261.479930 0.837750 0.261468
18160.000000 3.160774 261.552413 0.857264 0.269535
18180.000000 3.175671 261.626791 0.876509 0.277740
18200.000000 3.191423 261.703061 0.895406 0.286070
18220.000000 3.208046 261.781216 0.913871 0.294510
18240.000000 3.225560 261.861245 0.931810 0.303045
18260.000000 3.243975 261.943128 0.949125 0.311659
18280.000000 3.263301 262.026841 0.965712 0.320337
18300.000000 3.283543 262.112353 0.981458 0.329060
18320.000000 3.304700 262.199628 0.996245 0.337812
18340.000000 3.326767 262.288625 1.009948 0.346574
18360.000000 3.349732 262.379297 1.022438 0.355327
18380.000000 3.373578 262.471591 1.033579 0.364053
18400.000000 3.398280 262.565450 1.043231 0.372732
18420.000000 3.423806 262.660815 1.051251 0.381344
18440.000000 3.450117 262.757619 1.057492 0.389871
18460.000000 3.477165 262.855793 1.061803 0.398292
18480.000000 3.504893 262.955266 1.064035 0.406589
18500.000000 3.533232 263.055965 1.064036 0.414741
18520.000000 3.562107 263.157812 1.061658 0.422729
18540.000000 3.591428 263.260731 1.056754 0.430533
18560.000000 3.621095 263.364642 1.049184 0.438134
18580.000000 3.650992 263.469469 1.038812 0.445513
18600.000000 3.680992 263.575131 1.025514 0.452650
18620.000000 3.710951 263.681553 1.009177 0.459524
18640.000000 3.740711 263.788657 0.989702 0.466117
18660.000000 3.770098 263.896371 0.967009 0.472406
18680.000000 3.798919 264.004624 0.941038 0.478373
18700.000000 3.826969 264.113345 0.911753 0.483996
18720.000000 3.854029 264.222471 0.879146 0.489253
18740.000000 3.879865 264.331941 0.843241 0.494125
18760.000000 3.904236 264.441697 0.804093 0.498590
18780.000000 3.926898 264.551687 0.761796 0.502628
18800.000000 3.947606 264.661862 0.716481 0.506219
18820.000000 3.966123 264.772178 0.668322 0.509347
18840.000000 3.982224 264.882595 0.617531 0.511996
18860.000000 3.995706 264.993081 0.564366 0.514152
18880.000000 4.006392 265.103603 0.509123 0.515807
18900.000000 4.014137 265.214135 0.452135 0.516952
18920.000000 4.018835 265.324656 0.393770 0.517586
18940.000000 4.020422 265.435145 0.334424 0.517707
18960.000000 4.018876 265.545585 0.274514 0.517319
18980.000000 4.014219 265.655962 0.214466 0.516428
19000.000000 4.006519 265.766260 0.154710 0.515040
19020.000000 3.995884 265.876464 0.095669 0.513167
19040.000000 3.982458 265.986556 0.037749 0.510820
19060.000000 3.966422 266.096518 -0.018670 0.508014
19080.000000 3.947983 266.206326 -0.073240 0.504764
19100.000000 3.927371 266.315953 -0.125653 0.501087
19120.000000 3.904829 266.425370 -0.175639 0.497002
19140.000000 3.880612 266.534538 -0.222975 0.492530
19160.000000 3.854975 266.643419 -0.267480 0.487692
19180.000000 3.828172 266.751967 -0.309016 0.482509
19200.000000 3.800444 266.860131 -0.347487 0.477005
19220.000000 3.772024 266.967859 -0.382834 0.471201
19240.000000 3.743126 267.075092 -0.415031 0.465120
19260.000000 3.713944 267.181770 -0.444084 0.458784
19280.000000 3.684657 267.287831 -0.470027 0.452212
19300.000000 3.655421 267.393207 -0.492913 0.445427
19320.000000 3.626373 267.497833 -0.512819 0.438445
19340.000000 3.597631 267.601641 -0.529834 0.431287
19360.000000 3.569298 267.704561 -0.544061 0.423968
19380.000000 3.541458 267.806527 -0.555614 0.416507
19400.000000 3.514183 267.907470 -0.564613 0.408918
19420.000000 3.487534 268.007323 -0.571184 0.401216
19440.000000 3.461557 268.106020 -0.575456 0.393417
19460.000000 3.436293 268.203500 -0.577560 0.385534
19480.000000 3.411772 268.299699 -0.577627 0.377582
19500.000000 3.388017 268.394558 -0.575790 0.369572
19520.000000 3.365048 268.488023 -0.572178 0.361519
19540.000000 3.342875 268.580039 -0.566919 0.353436
19560.000000 3.321508 268.670557 -0.560137 0.345335
19580.000000 3.300950 268.759531 -0.551955 0.337229
19600.000000 3.281202 268.846918 -0.542490 0.329131
19620.000000 3.262262 268.932680 -0.531856 0.321053
19640.000000 3.244125 269.016782 -0.520163 0.313007
19660.000000 3.226782 269.099196 -0.507515 0.305006
19680.000000 3.210224 269.179895 -0.494013 0.297061
19700.000000 3.194440 269.258859 -0.479752 0.289184
19720.000000 3.179414 269.336071 -0.464822 0.281387
19740.000000 3.165133 269.411520 -0.449309 0.273681
19760.000000 3.151578 269.485198 -0.433291 0.266076
19780.000000 3.138732 269.557102 -0.416844 0.258582
19800.000000 3.126576 269.627236 -0.400037 0.251211
19820.000000 3.115088 269.695604 -0.382935 0.243970
19840.000000 3.104248 269.762218 -0.365598 0.236869
19860.000000 3.094033 269.827091 -0.348080 0.229917
19880.000000 3.084421 269.890244 -0.330431 0.223120
19900.000000 3.075390 269.951697 -0.312696 0.216486
19920.000000 3.066915 270.011477 -0.294916 0.210023
19940.000000 3.058974 270.069614 -0.277128 0.203735
19960.000000 3.051543 270.126139 -0.259363 0.197628
19980.000000 3.044599 270.181089 -0.241652 0.191708
20000.000000 3.038120 270.234501 -0.224018 0.185978
20020.000000 3.032083 270.286416 -0.206483 0.180443
20040.000000 3.026465 270.336877 -0.189065 0.175105
20060.000000 3.021246 270.385929 -0.171780 0.169969
20080.000000 3.016405 270.433620 -0.154639 0.165036
20100.000000 3.011920 270.479997 -0.137652 0.160308
20120.000000 3.007774 270.525112 -0.120826 0.155788
20140.000000 3.003946 270.569016 -0.104166 0.151476
20160.000000 3.000420 270.611762 -0.087676 0.147374
20180.000000 2.997178 270.653403 -0.071355 0.143483
20200.000000 2.994205 270.693994 -0.055202 0.139804
20220.000000 2.991484 270.733592 -0.039217 0.136336
20240.000000 2.989001 270.772252 -0.023393 0.133080
20260.000000 2.986744 270.810031 -0.007726 0.130036
20280.000000 2.984700 270.846986 0.007790 0.127205
20300.000000 2.982856 270.883177 0.023163 0.124585
20320.000000 2.981203 270.918660 0.038401 0.122178
20340.000000 2.979730 270.953494 0.053515 0.119983
20360.000000 2.978429 270.987738 0.068514 0.117999
20380.000000 2.977292 271.021450 0.083410 0.116227
20400.000000 2.976312 271.054691 0.098213 0.114667
20420.000000 2.975482 271.087519 0.112936 0.113318
20440.000000 2.974797 271.119994 0.127592 0.112179
20460.000000 2.974253 271.152176 0.142193 0.111253
20480.000000 2.973846 271.184123 0.156753 0.110537
20500.000000 2.973574 271.215896 0.171286 0.110033
20520.000000 2.973435 271.247556 0.185806 0.109741
20540.000000 2.973428 271.279161 0.200327 0.109660
20560.000000 2.973553 271.310772 0.214862 0.109792
20580.000000 2.973810 271.342450 0.229428 0.110137
20600.000000 2.974203 271.374255 0.244038 0.110696
20620.000000 2.974732 271.406247 0.258707 0.111469
20640.000000 2.975403 271.438487 0.273449 0.112457
20660.000000 2.976219 271.471037 0.288279 0.113661
20680.000000 2.977185 271.503956 0.303212 0.115083
20700.000000 2.978310 271.537307 0.318262 0.116722
20720.000000 2.979599 271.571150 0.333441 0.118581
20740.000000 2.981061 271.605547 0.348766 0.120661
20760.000000 2.982707 271.640560 0.364247 0.122962
20780.000000 2.984545 271.676249 0.379899 0.125487
20800.000000 2.986589 271.712676 0.395734 0.128235
20820.000000 2.988850 271.749903 0.411763 0.131210
20840.000000 2.991343 271.787991 0.427996 0.134411
20860.000000 2.994083 271.827001 0.444445 0.137840
20880.000000 2.997085 271.866994 0.461117 0.141498
20900.000000 3.000368 271.908031 0.478021 0.145386
20920.000000 3.003949 271.950172 0.495163 0.149505
20940.000000 3.007849 271.993476 0.512548 0.153855
20960.000000 3.012088 272.038002 0.530180 0.158436
20980.000000 3.016688 272.083808 0.548059 0.163249
21000.000000 3.021674 272.130950 0.566185 0.168293
21020.000000 3.027069 272.179484 0.584555 0.173567
21040.000000 3.032898 272.229465 0.603163 0.179070
21060.000000 3.039188 272.280944 0.622001 0.184800
21080.000000 3.045968 272.333971 0.641058 0.190755
21100.000000 3.053264 272.388596 0.660318 0.196932
21120.000000 3.061105 272.444862 0.679763 0.203328
21140.000000 3.069523 272.502814 0.699371 0.209939
21160.000000 3.078546 272.562490 0.719113 0.216758
21180.000000 3.088204 272.623927 0.738959 0.223781
21200.000000 3.098528 272.687158 0.758872 0.231001
21220.000000 3.109549 272.752211 0.778811 0.238410
21240.000000 3.121294 272.819109 0.798728 0.246000
21260.000000 3.133794 272.887873 0.818570 0.253761
21280.000000 3.147075 272.958518 0.838278 0.261683
21300.000000 3.161163 273.031052 0.857786 0.269754
21320.000000 3.176084 273.105481 0.877023 0.277963
21340.000000 3.191858 273.181801 0.895909 0.286295
21360.000000 3.208506 273.260008 0.914360 0.294738
21380.000000 3.226043 273.340086 0.932284 0.303275
21400.000000 3.244483 273.422019 0.949582 0.311892
21420.000000 3.263833 273.505780 0.966147 0.320571
21440.000000 3.284100 273.591340 0.981869 0.329296
21460.000000 3.305282 273.678663 0.996628 0.338048
21480.000000 3.327373 273.767705 1.010301 0.346810
21500.000000 3.350362 273.858421 1.022756 0.355563
21520.000000 3.374231 273.950758 1.033859 0.364287
21540.000000 3.398956 274.044659 1.043469 0.372964
21560.000000 3.424504 274.140063 1.051443 0.381575
21580.000000 3.450836 274.236905 1.057634 0.390099
21600.000000 3.477903 274.335115 1.061891 0.398517
21620.000000 3.505647 274.434622 1.064065 0.406810
21640.000000 3.534003 274.535353 1.064004 0.414958
21660.000000 3.562891 274.637230 1.061560 0.422941
21680.000000 3.592222 274.740176 1.056586 0.430740
21700.000000 3.621896 274.844114 1.048942 0.438336
21720.000000 3.651798 274.948963 1.038493 0.445709
21740.000000 3.681799 275.054647 1.025115 0.452838
21760.000000 3.711755 275.161088 1.008695 0.459705
21780.000000 3.741508 275.268210 0.989134 0.466290
21800.000000 3.770881 275.375940 0.966353 0.472571
21820.000000 3.799685 275.484205 0.940293 0.478529
21840.000000 3.827711 275.592939 0.910919 0.484142
21860.000000 3.854741 275.702075 0.878224 0.489390
21880.000000 3.880540 275.811553 0.842230 0.494251
21900.000000 3.904869 275.921316 0.802996 0.498704
21920.000000 3.927482 276.031311 0.760616 0.502730
21940.000000 3.948134 276.141490 0.715222 0.506310
21960.000000 3.966589 276.251810 0.666989 0.509425
21980.000000 3.982622 276.362230 0.616131 0.512060
22000.000000 3.996031 276.472716 0.562906 0.514203
22020.000000 4.006639 276.583239 0.507611 0.515844
22040.000000 4.014304 276.693771 0.450581 0.516976
22060.000000 4.018919 276.804291 0.392185 0.517596
22080.000000 4.020422 276.914779 0.332818 0.517704
22100.000000 4.018791 277.025218 0.272898 0.517302
22120.000000 4.014052 277.135593 0.212852 0.516397
22140.000000 4.006271 277.245889 0.153110 0.514996
22160.000000 3.995558 277.356090 0.094095 0.513110
22180.000000 3.982060 277.466179 0.036210 0.510751
22200.000000 3.965957 277.576137 -0.020163 0.507932
22220.000000 3.947456 277.685940 -0.074680 0.504670
22240.000000 3.926788 277.795563 -0.127030 0.500982
22260.000000 3.904198 277.904973 -0.176948 0.496887
22280.000000 3.879940 278.014134 -0.224210 0.492405
22300.000000 3.854268 278.123007 -0.268637 0.487557
22320.000000 3.827437 278.231544 -0.310092 0.482365
22340.000000 3.799688 278.339698 -0.348479 0.476853
22360.000000 3.771252 278.447413 -0.383741 0.471041
22380.000000 3.742343 278.554632 -0.415853 0.464953
22400.000000 3.713157 278.661295 -0.444823 0.458610
22420.000000 3.683870 278.767337 -0.470682 0.452033
22440.000000 3.654637 278.872695 -0.493488 0.445241
22460.000000 3.625595 278.977299 -0.513314 0.438255
22480.000000 3.596863 279.081084 -0.530253 0.431092
22500.000000 3.568542 279.183980 -0.544407 0.423769
22520.000000 3.540716 279.285919 -0.555889 0.416304
22540.000000 3.513458 279.386833 -0.564821 0.408712
22560.000000 3.486826 279.486656 -0.571329 0.401008
22580.000000 3.460868 279.585322 -0.575540 0.393206
22600.000000 3.435623 279.682767 -0.577588 0.385321
22620.000000 3.411123 279.778931 -0.577602 0.377367
22640.000000 3.387389 279.873754 -0.575716 0.369356
22660.000000 3.364441 279.967180 -0.572058 0.361302
22680.000000 3.342290 280.059157 -0.566756 0.353218
22700.000000 3.320944 280.149634 -0.559935 0.345117
22720.000000 3.300408 280.238565 -0.551717 0.337011
22740.000000 3.280682 280.325909 -0.542219 0.328914
22760.000000 3.261764 280.411627 -0.531555 0.320836
22780.000000 3.243648 280.495685 -0.519835 0.312791
22800.000000 3.226326 280.578052 -0.507163 0.304791
22820.000000 3.209790 280.658705 -0.493639 0.296848
22840.000000 3.194026 280.737622 -0.479359 0.288973
22860.000000 3.179020 280.814787 -0.464412 0.281178
22880.000000 3.164759 280.890188 -0.448884 0.273475
22900.000000 3.151223 280.963818 -0.432854 0.265872
22920.000000 3.138396 281.035675 -0.416396 0.258382
22940.000000 3.126258 281.105761 -0.399581 0.251014
22960.000000 3.114788 281.174082 -0.382472 0.243777
22980.000000 3.103965 281.240648 -0.365129 0.236680
23000.000000 3.093767 281.305476 -0.347607 0.229732
23020.000000 3.084171 281.368582 -0.329955 0.222939
23040.000000 3.075155 281.429990 -0.312218 0.216310
23060.000000 3.066694 281.489726 -0.294437 0.209851
23080.000000 3.058767 281.547818 -0.276649 0.203568
23100.000000 3.051350 281.604301 -0.258886 0.197466
23120.000000 3.044419 281.659208 -0.241176 0.191551
23140.000000 3.037952 281.712580 -0.223545 0.185827
23160.000000 3.031926 281.764455 -0.206013 0.180297
23180.000000 3.026320 281.814878 -0.188598 0.174965
23200.000000 3.021111 281.863893 -0.171317 0.169834
23220.000000 3.016279 281.911547 -0.154180 0.164906
23240.000000 3.011804 281.957890 -0.137197 0.160184
23260.000000 3.007667 282.002972 -0.120376 0.155669
23280.000000 3.003848 282.046844 -0.103721 0.151363
23300.000000 3.000329 282.089559 -0.087234 0.147267
23320.000000 2.997095 282.131171 -0.070918 0.143382
23340.000000 2.994128 282.171735 -0.054770 0.139708
23360.000000 2.991414 282.211307 -0.038789 0.136245
23380.000000 2.988938 282.249942 -0.022970 0.132995
23400.000000 2.986686 282.287698 -0.007307 0.129957
23420.000000 2.984647 282.324633 0.008205 0.127131
23440.000000 2.982809 282.360803 0.023574 0.124518
23460.000000 2.981161 282.396268 0.038810 0.122116
23480.000000 2.979693 282.431085 0.053920 0.119927
23500.000000 2.978397 282.465314 0.068916 0.117949
23520.000000 2.977264 282.499013 0.083809 0.116183
23540.000000 2.976287 282.532242 0.098610 0.114628
23560.000000 2.975461 282.565060 0.113331 0.113284
23580.000000 2.974780 282.597527 0.127985 0.112152
23600.000000 2.974240 282.629701 0.142585 0.111231
23620.000000 2.973837 282.661643 0.157145 0.110521
23640.000000 2.973569 282.693412 0.171677 0.110022
23660.000000 2.973433 282.725069 0.186197 0.109736
23680.000000 2.973429 282.756674 0.200717 0.109661
23700.000000 2.973558 282.788286 0.215254 0.109799
23720.000000 2.973819 282.819967 0.229820 0.110150
23740.000000 2.974215 282.851775 0.244432 0.110714
23760.000000 2.974748 282.883774 0.259102 0.111493
23780.000000 2.975423 282.916021 0.273847 0.112487
23800.000000 2.976243 282.948580 0.288680 0.113697
23820.000000 2.977214 282.981510 0.303615 0.115124
23840.000000 2.978342 283.014874 0.318668 0.116770
23860.000000 2.979636 283.048731 0.333852 0.118634
23880.000000 2.981103 283.083144 0.349180 0.120720
23900.000000 2.982753 283.118173 0.364666 0.123027
23920.000000 2.984597 283.153882 0.380323 0.125558
23940.000000 2.986647 283.190330 0.396163 0.128312
23960.000000 2.988914 283.227579 0.412197 0.131293
23980.000000 2.991414 283.265691 0.428436 0.134500
24000.000000 2.994160 283.304727 0.444891 0.137936
24020.000000 2.997170 283.344747 0.461569 0.141600
24040.000000 3.000460 283.385813 0.478479 0.145494
24060.000000 3.004050 283.427984 0.495628 0.149619
24080.000000 3.007958 283.471320 0.513020 0.153975
24100.000000 3.012207 283.515880 0.530658 0.158563
24120.000000 3.016817 283.561721 0.548543 0.163382
24140.000000 3.021814 283.608900 0.566676 0.168432
24160.000000 3.027220 283.657473 0.585052 0.173712
24180.000000 3.033061 283.707493 0.603667 0.179221
24200.000000 3.039364 283.759013 0.622511 0.184957
24220.000000 3.046157 283.812083 0.641574 0.190918
24240.000000 3.053467 283.866751 0.660839 0.197102
24260.000000 3.061324 283.923062 0.680289 0.203504
24280.000000 3.069758 283.981060 0.699900 0.210120
24300.000000 3.078797 284.040783 0.719646 0.216945
24320.000000 3.088473 284.102268 0.739494 0.223973
24340.000000 3.098816 284.165547 0.759409 0.231198
24360.000000 3.109855 284.230649 0.779348 0.238612
24380.000000 3.121620 284.297598 0.799263 0.246207
24400.000000 3.134141 284.366412 0.819102 0.253972
24420.000000 3.147443 284.437108 0.838805 0.261898
24440.000000 3.161554 284.509693 0.858307 0.269973
24460.000000 3.176497 284.584172 0.877536 0.278186
24480.000000 3.192295 284.660544 0.896412 0.286521
24500.000000 3.208966 284.738801 0.914850 0.294966
24520.000000 3.226527 284.818930 0.932758 0.303506
24540.000000 3.244991 284.900912 0.950037 0.312125
24560.000000 3.264367 284.984722 0.966582 0.320805
24580.000000 3.284658 285.070330 0.982279 0.329531
24600.000000 3.305864 285.157699 0.997011 0.338284
24620.000000 3.327980 285.246787 1.010652 0.347046
24640.000000 3.350993 285.337547 1.023073 0.355798
24660.000000 3.374885 285.429927 1.034138 0.364521
24680.000000 3.399633 285.523870 1.043706 0.373197
24700.000000 3.425202 285.619313 1.051634 0.381805
24720.000000 3.451554 285.716192 1.057774 0.390327
24740.000000 3.478640 285.814438 1.061977 0.398742
24760.000000 3.506402 285.913980 1.064093 0.407031
24780.000000 3.534773 286.014742 1.063970 0.415175
24800.000000 3.563674 286.116649 1.061460 0.423153
24820.000000 3.593017 286.219623 1.056416 0.430947
24840.000000 3.622698 286.323586 1.048698 0.438537
24860.000000 3.652604 286.428459 1.038172 0.445904
24880.000000 3.682606 286.534164 1.024714 0.453027
24900.000000 3.712559 286.640625 1.008210 0.459886
24920.000000 3.742304 286.747764 0.988564 0.466463
24940.000000 3.771664 286.855509 0.965695 0.472736
24960.000000 3.800450 286.963788 0.939547 0.478684
24980.000000 3.828453 287.072533 0.910083 0.484288
25000.000000 3.855452 287.181679 0.877298 0.489526
25020.000000 3.881215 287.291166 0.841217 0.494376
25040.000000 3.905501 287.400936 0.801897 0.498818
25060.000000 3.928064 287.510936 0.759433 0.502833
25080.000000 3.948660 287.621120 0.713961 0.506400
25100.000000 3.967053 287.731442 0.665654 0.509502
25120.000000 3.983018 287.841864 0.614729 0.512124
25140.000000 3.996354 287.952352 0.561444 0.514254
25160.000000 4.006884 288.062875 0.506098 0.515881
25180.000000 4.014468 288.173408 0.449026 0.516999
25200.000000 4.019000 288.283927 0.390598 0.517605
25220.000000 4.020419 288.394414 0.331211 0.517699
25240.000000 4.018704 288.504852 0.271282 0.517284
25260.000000 4.013882 288.615225 0.211239 0.516366
25280.000000 4.006021 288.725518 0.151511 0.514952
25300.000000 3.995231 288.835716 0.092521 0.513053
25320.000000 3.981660 288.945802 0.034672 0.510681
25340.000000 3.965489 289.055756 -0.021656 0.507850
25360.000000 3.946927 289.165555 -0.076118 0.504577
25380.000000 3.926205 289.275172 -0.128406 0.500877
25400.000000 3.903566 289.384576 -0.178255 0.496771
25420.000000 3.879266 289.493730 -0.225443 0.492279
25440.000000 3.853561 289.602594 -0.269791 0.487422
25460.000000 3.826701 289.711122 -0.311165 0.482221
25480.000000 3.798931 289.819265 -0.349469 0.476700
25500.000000 3.770480 289.926967 -0.384646 0.470881
25520.000000 3.741561 290.034172 -0.416674 0.464786
25540.000000 3.712370 290.140819 -0.445559 0.458436
25560.000000 3.683082 290.246844 -0.471335 0.451853
25580.000000 3.653852 290.352182 -0.494060 0.445056
25600.000000 3.624818 290.456766 -0.513807 0.438064
25620.000000 3.596095 290.560527 -0.530670 0.430897
25640.000000 3.567786 290.663398 -0.544750 0.423570
25660.000000 3.539975 290.765311 -0.556163 0.416101
25680.000000 3.512733 290.866196 -0.565028 0.408506
25700.000000 3.486118 290.965989 -0.571471 0.400799
25720.000000 3.460179 291.064623 -0.575623 0.392995
25740.000000 3.434954 291.162035 -0.577614 0.385108
25760.000000 3.410474 291.258163 -0.577576 0.377152
25780.000000 3.386761 291.352949 -0.575640 0.369140
25800.000000 3.363834 291.446337 -0.571936 0.361085
25820.000000 3.341705 291.538274 -0.566592 0.353001
25840.000000 3.320381 291.628710 -0.559732 0.344899
25860.000000 3.299867 291.717599 -0.551477 0.336793
25880.000000 3.280163 291.804900 -0.541947 0.328696
25900.000000 3.261266 291.890573 -0.531253 0.320619
25920.000000 3.243171 291.974586 -0.519506 0.312575
25940.000000 3.225871 292.056908 -0.506810 0.304577
25960.000000 3.209355 292.137514 -0.493265 0.296635
25980.000000 3.193612 292.216384 -0.478965 0.288763
26000.000000 3.178627 292.293501 -0.464002 0.280970
26020.000000 3.164385 292.368855 -0.448459 0.273269
26040.000000 3.150869 292.442437 -0.432416 0.265669
26060.000000 3.138061 292.514247 -0.415948 0.258182
26080.000000 3.125941 292.584285 -0.399124 0.250818
26100.000000 3.114488 292.652559 -0.382008 0.243584
26120.000000 3.103682 292.719078 -0.364660 0.236491
26140.000000 3.093501 292.783859 -0.347133 0.229547
26160.000000 3.083921 292.846919 -0.329478 0.222759
26180.000000 3.074920 292.908282 -0.311740 0.216134
26200.000000 3.066474 292.967973 -0.293959 0.209680
26220.000000 3.058561 293.026022 -0.276171 0.203402
26240.000000 3.051157 293.082461 -0.258409 0.197305
26260.000000 3.044239 293.137327 -0.240701 0.191395
26280.000000 3.037784 293.190658 -0.223072 0.185675
26300.000000 3.031770 293.242493 -0.205543 0.180150
26320.000000 3.026175 293.292877 -0.188132 0.174824
26340.000000 3.020976 293.341855 -0.170854 0.169698
26360.000000 3.016154 293.389474 -0.153721 0.164776
26380.000000 3.011689 293.435782 -0.136742 0.160060
26400.000000 3.007560 293.480831 -0.119925 0.155551
26420.000000 3.003749 293.524671 -0.103275 0.151250
26440.000000 3.000239 293.567356 -0.086793 0.147160
26460.000000 2.997012 293.608939 -0.070481 0.143280
26480.000000 2.994052 293.649475 -0.054338 0.139612
26500.000000 2.991344 293.689021 -0.038361 0.136155
26520.000000 2.988874 293.727632 -0.022546 0.132911
26540.000000 2.986629 293.765365 -0.006888 0.129878
26560.000000 2.984595 293.802279 0.008620 0.127058
26580.000000 2.982762 293.838429 0.023986 0.124450
26600.000000 2.981119 293.873876 0.039218 0.122055
26620.000000 2.979656 293.908677 0.054325 0.119871
26640.000000 2.978364 293.942890 0.069318 0.117899
26660.000000 2.977235 293.976576 0.084209 0.116138
26680.000000 2.976263 294.009793 0.099007 0.114589
26700.000000 2.975441 294.042601 0.113726 0.113251
26720.000000 2.974764 294.075059 0.128379 0.112124
26740.000000 2.974227 294.107226 0.142978 0.111209
26760.000000 2.973828 294.139162 0.157536 0.110505
26780.000000 2.973563 294.170928 0.172068 0.110012
26800.000000 2.973431 294.202583 0.186587 0.109731
26820.000000 2.973431 294.234187 0.201108 0.109662
26840.000000 2.973563 294.265800 0.215645 0.109805
26860.000000 2.973828 294.297483 0.230213 0.110162
26880.000000 2.974227 294.329297 0.244826 0.110732
26900.000000 2.974765 294.361301 0.259498 0.111517
26920.000000 2.975443 294.393556 0.274245 0.112517
26940.000000 2.976267 294.426124 0.289080 0.113732
26960.000000 2.977242 294.459065 0.304019 0.115166
26980.000000 2.978375 294.492441 0.319075 0.116817
27000.000000 2.979673 294.526312 0.334262 0.118688
27020.000000 2.981145 294.560741 0.349595 0.120779
27040.000000 2.982800 294.595788 0.365085 0.123092
27060.000000 2.984650 294.631515 0.380747 0.125629
27080.000000 2.986705 294.667984 0.396591 0.128390
27100.000000 2.988978 294.705256 0.412631 0.131376
27120.000000 2.991484 294.743392 0.428876 0.134590
27140.000000 2.994237 294.782453 0.445336 0.138031
27160.000000 2.997254 294.822501 0.462021 0.141702
27180.000000 3.000553 294.863596 0.478938 0.145602
27200.000000 3.004150 294.905798 0.496093 0.149733
27220.000000 3.008068 294.949166 0.513491 0.154096
27240.000000 3.012326 294.993759 0.531136 0.158689
27260.000000 3.016947 295.039636 0.549028 0.163515
27280.000000 3.021954 295.086852 0.567167 0.168571
27300.000000 3.027371 295.135462 0.585550 0.173857
27320.000000 3.033224 295.185522 0.604171 0.179372
27340.000000 3.039540 295.237083 0.623021 0.185115
27360.000000 3.046347 295.290196 0.642090 0.191082
27380.000000 3.053671 295.344907 0.661360 0.197271
27400.000000 3.061544 295.401263 0.680815 0.203679
27420.000000 3.069993 295.459307 0.700430 0.210300
27440.000000 3.079049 295.519077 0.720179 0.217131
27460.000000 3.088742 295.580610 0.740029 0.224165
27480.000000 3.099103 295.643938 0.759945 0.231395
27500.000000 3.110162 295.709089 0.779884 0.238814
27520.000000 3.121947 295.776088 0.799798 0.246413
27540.000000 3.134488 295.844953 0.819634 0.254183
27560.000000 3.147812 295.915699 0.839333 0.262114
27580.000000 3.161945 295.988335 0.858829 0.270193
27600.000000 3.176911 296.062865 0.878049 0.278408
27620.000000 3.192732 296.139288 0.896914 0.286747
27640.000000 3.209427 296.217595 0.915339 0.295195
27660.000000 3.227012 296.297774 0.933232 0.303737
27680.000000 3.245501 296.379806 0.950493 0.312357
27700.000000 3.264901 296.463665 0.967016 0.321039
27720.000000 3.285216 296.549321 0.982689 0.329766
27740.000000 3.306447 296.636737 0.997393 0.338519
27760.000000 3.328587 296.725871 1.011003 0.347281
27780.000000 3.351624 296.816675 1.023389 0.356033
27800.000000 3.375540 296.909098 1.034415 0.364755
27820.000000 3.400310 297.003081 1.043941 0.373430
27840.000000 3.425901 297.098564 1.051823 0.382036
27860.000000 3.452274 297.195481 1.057913 0.390555
27880.000000 3.479379 297.293763 1.062062 0.398967
27900.000000 3.507158 297.393338 1.064120 0.407252
27920.000000 3.535544 297.494132 1.063934 0.415392
27940.000000 3.564459 297.596069 1.061358 0.423366
27960.000000 3.593811 297.699071 1.056244 0.431154
27980.000000 3.623501 297.803059 1.048452 0.438739
28000.000000 3.653411 297.907956 1.037849 0.446099
28020.000000 3.683413 298.013682 1.024310 0.453215
28040.000000 3.713363 298.120162 1.007723 0.460067
28060.000000 3.743099 298.227319 0.987991 0.466636
28080.000000 3.772447 298.335079 0.965035 0.472900
28100.000000 3.801214 298.443371 0.938797 0.478840
28120.000000 3.829193 298.552128 0.909244 0.484434
28140.000000 3.856163 298.661284 0.876370 0.489661
28160.000000 3.881889 298.770779 0.840201 0.494501
28180.000000 3.906132 298.880556 0.800795 0.498932
28200.000000 3.928645 298.990562 0.758248 0.502934
28220.000000 3.949185 299.100750 0.712697 0.506489
28240.000000 3.967515 299.211075 0.664317 0.509579
28260.000000 3.983412 299.321500 0.613325 0.512188
28280.000000 3.996674 299.431989 0.559980 0.514304
28300.000000 4.007128 299.542513 0.504583 0.515918
28320.000000 4.014630 299.653045 0.447470 0.517022
28340.000000 4.019079 299.763564 0.389011 0.517615
28360.000000 4.020414 299.874050 0.329604 0.517695
28380.000000 4.018615 299.984486 0.269666 0.517266
28400.000000 4.013710 300.094857 0.209626 0.516334
28420.000000 4.005768 300.205147 0.149912 0.514907
28440.000000 3.994901 300.315343 0.090948 0.512995
28460.000000 3.981258 300.425425 0.033135 0.510611
28480.000000 3.965020 300.535375 -0.023147 0.507768
28500.000000 3.946397 300.645170 -0.077555 0.504483
28520.000000 3.925619 300.754782 -0.129781 0.500772
28540.000000 3.902933 300.864179 -0.179561 0.496655
28560.000000 3.878592 300.973327 -0.226674 0.492153
28580.000000 3.852852 301.082182 -0.270944 0.487286
28600.000000 3.825965 301.190701 -0.312236 0.482077
28620.000000 3.798173 301.298832 -0.350457 0.476547
28640.000000 3.769707 301.406522 -0.385549 0.470720
28660.000000 3.740778 301.513713 -0.417492 0.464618
28680.000000 3.711582 301.620343 -0.446293 0.458262
28700.000000 3.682294 301.726351 -0.471986 0.451672
28720.000000 3.653068 301.831669 -0.494630 0.444870
28740.000000 3.624040 301.936232 -0.514298 0.437874
28760.000000 3.595328 302.039970 -0.531084 0.430702
28780.000000 3.567031 302.142816 -0.545092 0.423371
28800.000000 3.539234 302.244702 -0.556434 0.415899
28820.000000 3.512008 302.345559 -0.565232 0.408300
28840.000000 3.485411 302.445321 -0.571612 0.400590
28860.000000 3.459491 302.543923 -0.575704 0.392784
28880.000000 3.434286 302.641301 -0.577639 0.384895
28900.000000 3.409826 302.737394 -0.577548 0.376937
28920.000000 3.386134 302.832144 -0.575563 0.368924
28940.000000 3.363228 302.925493 -0.571813 0.360868
28960.000000 3.341121 303.017390 -0.566427 0.352783
28980.000000 3.319819 303.107785 -0.559527 0.344681
29000.000000 3.299326 303.196632 -0.551237 0.336575
29020.000000 3.279644 303.283889 -0.541674 0.328478
29040.000000 3.260769 303.369519 -0.530950 0.320402
29060.000000 3.242696 303.453486 -0.519176 0.312360
29080.000000 3.225417 303.535762 -0.506456 0.304362
29100.000000 3.208922 303.616322 -0.492889 0.296422
29120.000000 3.193199 303.695145 -0.478571 0.288552
29140.000000 3.178234 303.772215 -0.463591 0.280762
29160.000000 3.164012 303.847521 -0.448033 0.273063
29180.000000 3.150515 303.921056 -0.431978 0.265466
29200.000000 3.137726 303.992818 -0.415500 0.257983
29220.000000 3.125624 304.062808 -0.398667 0.250621
29240.000000 3.114189 304.131034 -0.381544 0.243392
29260.000000 3.103400 304.197507 -0.364190 0.236302
29280.000000 3.093235 304.262241 -0.346660 0.229362
29300.000000 3.083671 304.325255 -0.329002 0.222578
29320.000000 3.074685 304.386573 -0.311262 0.215958
29340.000000 3.066255 304.446219 -0.293480 0.209509
29360.000000 3.058355 304.504224 -0.275692 0.203235
29380.000000 3.050965 304.560621 -0.257932 0.197143
29400.000000 3.044060 304.615445 -0.240225 0.191238
29420.000000 3.037617 304.668735 -0.222599 0.185524
29440.000000 3.031614 304.720531 -0.205073 0.180005
29460.000000 3.026030 304.770877 -0.187665 0.174683
29480.000000 3.020842 304.819817 -0.170391 0.169563
29500.000000 3.016030 304.867400 -0.153262 0.164647
29520.000000 3.011573 304.913674 -0.136288 0.159936
29540.000000 3.007453 304.958689 -0.119475 0.155432
29560.000000 3.003651 305.002497 -0.102829 0.151137
29580.000000 3.000148 305.045152 -0.086352 0.147053
29600.000000 2.996929 305.086706 -0.070045 0.143178
29620.000000 2.993976 305.127215 -0.053906 0.139516
29640.000000 2.991275 305.166735 -0.037933 0.136065
29660.000000 2.988811 305.205322 -0.022123 0.132826
29680.000000 2.986571 305.243032 -0.006469 0.129800
29700.000000 2.984544 305.279924 0.009036 0.126985
29720.000000 2.982716 305.316055 0.024398 0.124383
29740.000000 2.981077 305.351483 0.039626 0.121993
29760.000000 2.979619 305.386268 0.054730 0.119815
29780.000000 2.978331 305.420467 0.069720 0.117849
29800.000000 2.977207 305.454139 0.084608 0.116094
29820.000000 2.976239 305.487344 0.099404 0.114550
29840.000000 2.975421 305.520142 0.114121 0.113218
29860.000000 2.974748 305.552591 0.128772 0.112097
29880.000000 2.974215 305.584751 0.143370 0.111187
29900.000000 2.973819 305.616682 0.157927 0.110489
29920.000000 2.973558 305.648444 0.172459 0.110002
29940.000000 2.973429 305.680097 0.186978 0.109726
29960.000000 2.973433 305.711700 0.201499 0.109663
29980.000000 2.973568 305.743315 0.216037 0.109812
30000.000000 2.973837 305.775001 0.230605 0.110175
30020.000000 2.974240 305.806818 0.245220 0.110750
30040.000000 2.974781 305.838828 0.259894 0.111541
30060.000000 2.975463 305.871091 0.274643 0.112546
30080.000000 2.976291 305.903668 0.289481 0.113768
30100.000000 2.977270 305.936620 0.304422 0.115207
30120.000000 2.978408 305.970009 0.319482 0.116864
30140.000000 2.979710 306.003894 0.334673 0.118741
30160.000000 2.981187 306.038339 0.350009 0.120838
30180.000000 2.982848 306.073403 0.365504 0.123158
30200.000000 2.984702 306.109150 0.381171 0.125700
30220.000000 2.986763 306.145639 0.397020 0.128467
30240.000000 2.989043 306.182933 0.413065 0.131460
30260.000000 2.991555 306.221094 0.429316 0.134679
30280.000000 2.994315 306.260181 0.445782 0.138127
30300.000000 2.997339 306.300256 0.462473 0.141804
30320.000000 3.000645 306.341380 0.479396 0.145710
30340.000000 3.004252 306.383612 0.496558 0.149848
30360.000000 3.008178 306.427013 0.513963 0.154216
30380.000000 3.012445 306.471640 0.531614 0.158816
30400.000000 3.017076 306.517552 0.549513 0.163648
30420.000000 3.022094 306.564804 0.567659 0.168710
30440.000000 3.027523 306.613453 0.586048 0.174002
30460.000000 3.033388 306.663553 0.604675 0.179524
30480.000000 3.039717 306.715155 0.623532 0.185272
30500.000000 3.046537 306.768310 0.642606 0.191246
30520.000000 3.053876 306.823065 0.661881 0.197441
30540.000000 3.061763 306.879466 0.681340 0.203854
30560.000000 3.070228 306.937556 0.700960 0.210482
30580.000000 3.079301 306.997373 0.720712 0.217318
30600.000000 3.089012 307.058954 0.740565 0.224357
30620.000000 3.099392 307.122330 0.760482 0.231592
30640.000000 3.110469 307.187531 0.780420 0.239016
30660.000000 3.122275 307.254579 0.800333 0.246620
30680.000000 3.134836 307.323495 0.820167 0.254395
30700.000000 3.148182 307.394292 0.839861 0.262329
30720.000000 3.162337 307.466979 0.859350 0.270412
30740.000000 3.177325 307.541560 0.878561 0.278631
30760.000000 3.193169 307.618034 0.897416 0.286973
30780.000000 3.209888 307.696392 0.915828 0.295424
30800.000000 3.227498 307.776621 0.933705 0.303968
30820.000000 3.246011 307.858702 0.950947 0.312590
30840.000000 3.265435 307.942610 0.967449 0.321274
30860.000000 3.285776 308.028313 0.983098 0.330001
30880.000000 3.307031 308.115776 0.997774 0.338755
30900.000000 3.329195 308.204956 1.011353 0.347517
30920.000000 3.352256 308.295804 1.023704 0.356268
30940.000000 3.376196 308.388270 1.034692 0.364990
30960.000000 3.400988 308.482295 1.044176 0.373662
30980.000000 3.426601 308.577817 1.052011 0.382266
31000.000000 3.452994 308.674772 1.058051 0.390783
31020.000000 3.480118 308.773089 1.062146 0.399191
31040.000000 3.507914 308.872698 1.064145 0.407473
31060.000000 3.536316 308.973524 1.063897 0.415609
31080.000000 3.565243 309.075490 1.061254 0.423578
31100.000000 3.594606 309.178520 1.056070 0.431361
31120.000000 3.624303 309.282534 1.048204 0.438940
31140.000000 3.654218 309.387454 1.037524 0.446293
31160.000000 3.684221 309.493201 1.023904 0.453403
31180.000000 3.714167 309.599700 1.007233 0.460248
31200.000000 3.743895 309.706874 0.987416 0.466808
31220.000000 3.773230 309.814649 0.964372 0.473064
31240.000000 3.801979 309.922955 0.938045 0.478995
31260.000000 3.829933 310.031723 0.908403 0.484580
31280.000000 3.856872 310.140889 0.875440 0.489797
31300.000000 3.882562 310.250393 0.839182 0.494626
31320.000000 3.906762 310.360176 0.799690 0.499045
31340.000000 3.929225 310.470188 0.757061 0.503036
31360.000000 3.949708 310.580380 0.711431 0.506579
31380.000000 3.967976 310.690709 0.662977 0.509655
31400.000000 3.983804 310.801135 0.611919 0.512252
31420.000000 3.996993 310.911626 0.558515 0.514355
31440.000000 4.007369 311.022150 0.503067 0.515954
31460.000000 4.014790 311.132683 0.445912 0.517045
31480.000000 4.019156 311.243201 0.387423 0.517624
31500.000000 4.020406 311.353685 0.327996 0.517690
31520.000000 4.018523 311.464120 0.268050 0.517247
31540.000000 4.013535 311.574489 0.208013 0.516302
31560.000000 4.005513 311.684777 0.148314 0.514862
31580.000000 3.994570 311.794970 0.089375 0.512937
31600.000000 3.980854 311.905049 0.031599 0.510540
31620.000000 3.964549 312.014995 -0.024638 0.507685
31640.000000 3.945865 312.124785 -0.078990 0.504388
31660.000000 3.925033 312.234392 -0.131153 0.500667
31680.000000 3.902299 312.343783 -0.180865 0.496539
31700.000000 3.877916 312.452923 -0.227904 0.492027
31720.000000 3.852142 312.561770 -0.272095 0.487150
31740.000000 3.825228 312.670279 -0.313305 0.481932
31760.000000 3.797415 312.778399 -0.351442 0.476394
31780.000000 3.768933 312.886076 -0.386450 0.470560
31800.000000 3.739995 312.993253 -0.418308 0.464450
31820.000000 3.710795 313.099868 -0.447025 0.458087
31840.000000 3.681506 313.205857 -0.472635 0.451492
31860.000000 3.652284 313.311157 -0.495197 0.444684
31880.000000 3.623263 313.415698 -0.514787 0.437683
31900.000000 3.594561 313.519413 -0.531497 0.430506
31920.000000 3.566276 313.622234 -0.545431 0.423172
31940.000000 3.538494 313.724093 -0.556703 0.415696
31960.000000 3.511284 313.824922 -0.565435 0.408094
31980.000000 3.484705 313.924653 -0.571752 0.400381
