0.000000 3.982485 196.004800 0.626526 0.135544
20.000000 3.986464 196.034490 0.615941 0.138780
40.000000 3.990378 196.064828 0.604852 0.141874
60.000000 3.994208 196.095784 0.593269 0.144821
80.000000 3.997937 196.127325 0.581206 0.147617
100.000000 4.001545 196.159417 0.568676 0.150256
120.000000 4.005017 196.192026 0.555694 0.152735
140.000000 4.008334 196.225117 0.542279 0.155049
160.000000 4.011479 196.258656 0.528450 0.157195
180.000000 4.014438 196.292607 0.514227 0.159168
200.000000 4.017194 196.326934 0.499634 0.160967
220.000000 4.019733 196.361600 0.484694 0.162588
240.000000 4.022043 196.396568 0.469432 0.164027
260.000000 4.024111 196.431803 0.453877 0.165284
280.000000 4.025926 196.467265 0.438057 0.166357
300.000000 4.027479 196.502919 0.422002 0.167242
320.000000 4.028763 196.538726 0.405742 0.167940
340.000000 4.029770 196.574649 0.389310 0.168450
360.000000 4.030495 196.610651 0.372739 0.168770
380.000000 4.030937 196.646693 0.356062 0.168901
400.000000 4.031091 196.682738 0.339315 0.168843
420.000000 4.030959 196.718750 0.322530 0.168596
440.000000 4.030543 196.754690 0.305744 0.168161
460.000000 4.029844 196.790521 0.288990 0.167539
480.000000 4.028868 196.826207 0.272305 0.166732
500.000000 4.027622 196.861711 0.255722 0.165742
520.000000 4.026112 196.896997 0.239275 0.164570
540.000000 4.024348 196.932028 0.222998 0.163219
560.000000 4.022340 196.966769 0.206923 0.161692
580.000000 4.020101 197.001184 0.191082 0.159990
600.000000 4.017642 197.035239 0.175505 0.158119
620.000000 4.014977 197.068900 0.160221 0.156080
640.000000 4.012122 197.102131 0.145259 0.153878
660.000000 4.009091 197.134901 0.130645 0.151517
680.000000 4.005902 197.167175 0.116404 0.149000
700.000000 4.002570 197.198922 0.102560 0.146332
720.000000 3.999112 197.230110 0.089135 0.143517
740.000000 3.995547 197.260708 0.076150 0.140559
760.000000 3.991891 197.290686 0.063623 0.137465
780.000000 3.988163 197.320014 0.051572 0.134237
800.000000 3.984380 197.348664 0.040011 0.130882
820.000000 3.980560 197.376608 0.028957 0.127405
840.000000 3.976720 197.403819 0.018420 0.123811
860.000000 3.972878 197.430270 0.008412 0.120105
880.000000 3.969049 197.455938 -0.001057 0.116293
900.000000 3.965250 197.480797 -0.009979 0.112380
920.000000 3.961496 197.504825 -0.018347 0.108372
940.000000 3.957803 197.528000 -0.026155 0.104275
960.000000 3.954185 197.550301 -0.033399 0.100094
980.000000 3.950655 197.571709 -0.040075 0.095836
1000.000000 3.947227 197.592204 -0.046181 0.091505
1020.000000 3.943911 197.611770 -0.051714 0.087109
1040.000000 3.940721 197.630390 -0.056674 0.082652
1060.000000 3.937665 197.648050 -0.061061 0.078141
1080.000000 3.934753 197.664737 -0.064875 0.073581
1100.000000 3.931994 197.680438 -0.068118 0.068980
1120.000000 3.929396 197.695144 -0.070792 0.064342
1140.000000 3.926965 197.708843 -0.072898 0.059673
1160.000000 3.924706 197.721529 -0.074439 0.054980
1180.000000 3.922626 197.733195 -0.075419 0.050269
1200.000000 3.920727 197.743836 -0.075840 0.045545
1220.000000 3.919013 197.753448 -0.075707 0.040816
1240.000000 3.917485 197.762030 -0.075023 0.036085
1260.000000 3.916146 197.769580 -0.073792 0.031361
1280.000000 3.914994 197.776099 -0.072019 0.026648
1300.000000 3.914030 197.781590 -0.069707 0.021953
1320.000000 3.913251 197.786056 -0.066863 0.017282
1340.000000 3.912656 197.789503 -0.063491 0.012640
1360.000000 3.912240 197.791937 -0.059595 0.008035
1380.000000 3.912000 197.793366 -0.055181 0.003471
1400.000000 3.911930 197.793800 -0.050255 -0.001045
1420.000000 3.912025 197.793251 -0.044823 -0.005508
1440.000000 3.912279 197.791730 -0.038890 -0.009910
1460.000000 3.912682 197.789251 -0.032464 -0.014247
1480.000000 3.913229 197.785830 -0.025550 -0.018513
1500.000000 3.913909 197.781483 -0.018156 -0.022701
1520.000000 3.914713 197.776230 -0.010289 -0.026806
1540.000000 3.915631 197.770088 -0.001959 -0.030822
1560.000000 3.916653 197.763079 0.006827 -0.034743
1580.000000 3.917767 197.755224 0.016060 -0.038564
1600.000000 3.918961 197.746548 0.025729 -0.042278
1620.000000 3.920224 197.737074 0.035824 -0.045881
1640.000000 3.921543 197.726828 0.046333 -0.049368
1660.000000 3.922905 197.715837 0.057245 -0.052731
1680.000000 3.924298 197.704128 0.068546 -0.055968
1700.000000 3.925708 197.691732 0.080223 -0.059071
1720.000000 3.927123 197.678677 0.092261 -0.062037
1740.000000 3.928529 197.664996 0.104645 -0.064860
1760.000000 3.929913 197.650719 0.117359 -0.067536
1780.000000 3.931264 197.635880 0.130384 -0.070061
1800.000000 3.932568 197.620512 0.143703 -0.072429
1820.000000 3.933813 197.604650 0.157296 -0.074638
1840.000000 3.934988 197.588329 0.171144 -0.076682
1860.000000 3.936083 197.571586 0.185227 -0.078559
1880.000000 3.937086 197.554456 0.199521 -0.080265
1900.000000 3.937988 197.536978 0.214006 -0.081796
1920.000000 3.938781 197.519189 0.228658 -0.083150
1940.000000 3.939456 197.501127 0.243454 -0.084325
1960.000000 3.940008 197.482832 0.258369 -0.085317
1980.000000 3.940429 197.464342 0.273380 -0.086125
2000.000000 3.940716 197.445697 0.288461 -0.086747
2020.000000 3.940865 197.426938 0.303588 -0.087182
2040.000000 3.940873 197.408103 0.318735 -0.087428
2060.000000 3.940740 197.389234 0.333878 -0.087485
2080.000000 3.940465 197.370372 0.348992 -0.087352
2100.000000 3.940049 197.351555 0.364051 -0.087030
2120.000000 3.939495 197.332826 0.379032 -0.086518
2140.000000 3.938806 197.314225 0.393910 -0.085817
2160.000000 3.937988 197.295792 0.408661 -0.084928
2180.000000 3.937046 197.277567 0.423264 -0.083853
2200.000000 3.935986 197.259590 0.437696 -0.082592
2220.000000 3.934818 197.241901 0.451935 -0.081149
2240.000000 3.933549 197.224540 0.465962 -0.079525
2260.000000 3.932190 197.207545 0.479755 -0.077723
2280.000000 3.930751 197.190955 0.493297 -0.075746
2300.000000 3.929243 197.174807 0.506569 -0.073597
2320.000000 3.927678 197.159140 0.519556 -0.071280
2340.000000 3.926069 197.143989 0.532240 -0.068798
2360.000000 3.924429 197.129391 0.544608 -0.066155
2380.000000 3.922770 197.115380 0.556646 -0.063357
2400.000000 3.921106 197.101992 0.568341 -0.060406
2420.000000 3.919451 197.089258 0.579681 -0.057309
2440.000000 3.917819 197.077212 0.590655 -0.054070
2460.000000 3.916222 197.065885 0.601253 -0.050695
2480.000000 3.914674 197.055307 0.611466 -0.047188
2500.000000 3.913190 197.045506 0.621287 -0.043555
2520.000000 3.911781 197.036512 0.630706 -0.039801
2540.000000 3.910461 197.028351 0.639717 -0.035934
2560.000000 3.909241 197.021048 0.648315 -0.031958
2580.000000 3.908135 197.014627 0.656491 -0.027879
2600.000000 3.907152 197.009110 0.664243 -0.023704
2620.000000 3.906304 197.004520 0.671563 -0.019438
2640.000000 3.905601 197.000875 0.678448 -0.015088
2660.000000 3.905051 196.998195 0.684894 -0.010661
2680.000000 3.904665 196.996496 0.690895 -0.006163
2700.000000 3.904449 196.995794 0.696448 -0.001599
2720.000000 3.904410 196.996101 0.701548 0.003022
2740.000000 3.904556 196.997431 0.706193 0.007696
2760.000000 3.904891 196.999794 0.710377 0.012415
2780.000000 3.905419 197.003200 0.714097 0.017173
2800.000000 3.906145 197.007654 0.717348 0.021963
2820.000000 3.907071 197.013164 0.720128 0.026778
2840.000000 3.908199 197.019733 0.722431 0.031613
2860.000000 3.909529 197.027364 0.724252 0.036459
2880.000000 3.911061 197.036057 0.725589 0.041312
2900.000000 3.912795 197.045812 0.726436 0.046164
2920.000000 3.914728 197.056627 0.726788 0.051008
2940.000000 3.916856 197.068497 0.726641 0.055838
2960.000000 3.919177 197.081417 0.725991 0.060647
2980.000000 3.921684 197.095380 0.724832 0.065429
3000.000000 3.924371 197.110376 0.723160 0.070177
3020.000000 3.927233 197.126395 0.720970 0.074884
3040.000000 3.930259 197.143427 0.718259 0.079545
3060.000000 3.933442 197.161456 0.715022 0.084152
3080.000000 3.936772 197.180469 0.711255 0.088699
3100.000000 3.940237 197.200449 0.706956 0.093179
3120.000000 3.943827 197.221378 0.702120 0.097587
3140.000000 3.947528 197.243237 0.696746 0.101916
3160.000000 3.951326 197.266006 0.690833 0.106158
3180.000000 3.955209 197.289664 0.684378 0.110310
3200.000000 3.959160 197.314187 0.677382 0.114363
3220.000000 3.963164 197.339550 0.669845 0.118312
3240.000000 3.967206 197.365729 0.661770 0.122151
3260.000000 3.971267 197.392698 0.653159 0.125875
3280.000000 3.975331 197.420428 0.644016 0.129477
3300.000000 3.979381 197.448892 0.634347 0.132952
3320.000000 3.983397 197.478059 0.624157 0.136294
3340.000000 3.987363 197.507899 0.613457 0.139498
3360.000000 3.991259 197.538381 0.602254 0.142559
3380.000000 3.995068 197.569474 0.590561 0.145472
3400.000000 3.998771 197.601143 0.578389 0.148232
3420.000000 4.002350 197.633355 0.565755 0.150835
3440.000000 4.005787 197.666078 0.552673 0.153277
3460.000000 4.009067 197.699274 0.539162 0.155553
3480.000000 4.012171 197.732910 0.525241 0.157660
3500.000000 4.015085 197.766950 0.510932 0.159594
3520.000000 4.017792 197.801357 0.496257 0.161352
3540.000000 4.020280 197.836096 0.481241 0.162932
3560.000000 4.022536 197.871128 0.465910 0.164330
3580.000000 4.024547 197.906418 0.450292 0.165545
3600.000000 4.026303 197.941927 0.434416 0.166575
3620.000000 4.027796 197.977619 0.418311 0.167418
3640.000000 4.029017 198.013456 0.402009 0.168073
3660.000000 4.029960 198.049400 0.385543 0.168539
3680.000000 4.030621 198.085414 0.368945 0.168816
3700.000000 4.030997 198.121461 0.352249 0.168904
3720.000000 4.031086 198.157502 0.335489 0.168803
3740.000000 4.030889 198.193500 0.318701 0.168513
3760.000000 4.030408 198.229418 0.301920 0.168036
3780.000000 4.029646 198.265220 0.285179 0.167372
3800.000000 4.028608 198.300868 0.268514 0.166523
3820.000000 4.027300 198.336325 0.251959 0.165491
3840.000000 4.025732 198.371556 0.235548 0.164278
3860.000000 4.023911 198.406524 0.219314 0.162886
3880.000000 4.021850 198.441194 0.203289 0.161319
3900.000000 4.019559 198.475530 0.187506 0.159579
3920.000000 4.017052 198.509498 0.171993 0.157669
3940.000000 4.014342 198.543064 0.156780 0.155593
3960.000000 4.011446 198.576193 0.141895 0.153354
3980.000000 4.008378 198.608852 0.127364 0.150957
4000.000000 4.005154 198.641009 0.113212 0.148405
4020.000000 4.001792 198.672631 0.099461 0.145703
4040.000000 3.998308 198.703687 0.086135 0.142855
4060.000000 3.994721 198.734147 0.073253 0.139866
4080.000000 3.991047 198.763979 0.060833 0.136740
4100.000000 3.987305 198.793155 0.048892 0.133483
4120.000000 3.983512 198.821647 0.037446 0.130100
4140.000000 3.979686 198.849426 0.026508 0.126596
4160.000000 3.975844 198.876466 0.016091 0.122976
4180.000000 3.972003 198.902741 0.006205 0.119245
4200.000000 3.968179 198.928226 -0.003140 0.115410
4220.000000 3.964389 198.952898 -0.011936 0.111475
4240.000000 3.960648 198.976733 -0.020177 0.107446
4260.000000 3.956971 198.999711 -0.027857 0.103329
4280.000000 3.953372 199.021810 -0.034972 0.099130
4300.000000 3.949864 199.043010 -0.041518 0.094855
4320.000000 3.946460 199.063295 -0.047493 0.090508
4340.000000 3.943173 199.082647 -0.052895 0.086098
4360.000000 3.940012 199.101050 -0.057724 0.081628
4380.000000 3.936988 199.118489 -0.061981 0.077105
4400.000000 3.934110 199.134952 -0.065665 0.072536
4420.000000 3.931387 199.150427 -0.068778 0.067925
4440.000000 3.928827 199.164904 -0.071322 0.063280
4460.000000 3.926434 199.178373 -0.073299 0.058605
4480.000000 3.924216 199.190827 -0.074712 0.053907
4500.000000 3.922177 199.202260 -0.075564 0.049193
4520.000000 3.920320 199.212666 -0.075859 0.044467
4540.000000 3.918648 199.222044 -0.075599 0.039737
4560.000000 3.917163 199.230390 -0.074790 0.035007
4580.000000 3.915867 199.237705 -0.073435 0.030285
4600.000000 3.914758 199.243990 -0.071539 0.025576
4620.000000 3.913836 199.249246 -0.069106 0.020886
4640.000000 3.913099 199.253480 -0.066140 0.016221
4660.000000 3.912545 199.256695 -0.062648 0.011587
4680.000000 3.912170 199.258899 -0.058634 0.006990
4700.000000 3.911969 199.260100 -0.054103 0.002437
4720.000000 3.911938 199.260309 -0.049061 -0.002068
4740.000000 3.912070 199.259537 -0.043514 -0.006517
4760.000000 3.912358 199.257796 -0.037468 -0.010905
4780.000000 3.912795 199.255101 -0.030930 -0.015226
4800.000000 3.913372 199.251468 -0.023906 -0.019475
4820.000000 3.914082 199.246913 -0.016403 -0.023645
4840.000000 3.914913 199.241455 -0.008431 -0.027730
4860.000000 3.915855 199.235113 0.000005 -0.031724
4880.000000 3.916899 199.227909 0.008894 -0.035623
4900.000000 3.918032 199.219865 0.018226 -0.039420
4920.000000 3.919243 199.211005 0.027993 -0.043110
4940.000000 3.920520 199.201352 0.038184 -0.046687
4960.000000 3.921850 199.190934 0.048786 -0.050145
4980.000000 3.923220 199.179777 0.059788 -0.053481
5000.000000 3.924618 199.167909 0.071176 -0.056687
5020.000000 3.926031 199.155360 0.082937 -0.059760
5040.000000 3.927445 199.142160 0.095055 -0.062693
5060.000000 3.928847 199.128339 0.107516 -0.065483
5080.000000 3.930225 199.113931 0.120302 -0.068125
5100.000000 3.931566 199.098969 0.133395 -0.070615
5120.000000 3.932857 199.083485 0.146779 -0.072947
5140.000000 3.934088 199.067515 0.160432 -0.075119
5160.000000 3.935245 199.051095 0.174336 -0.077125
5180.000000 3.936320 199.034261 0.188468 -0.078963
5200.000000 3.937301 199.017048 0.202808 -0.080629
5220.000000 3.938179 198.999496 0.217333 -0.082121
5240.000000 3.938945 198.981641 0.232020 -0.083434
5260.000000 3.939593 198.963523 0.246845 -0.084567
5280.000000 3.940115 198.945179 0.261784 -0.085518
5300.000000 3.940507 198.926651 0.276813 -0.086283
5320.000000 3.940762 198.907976 0.291907 -0.086863
5340.000000 3.940879 198.889196 0.307041 -0.087254
5360.000000 3.940855 198.870350 0.322189 -0.087457
5380.000000 3.940690 198.851479 0.337328 -0.087471
5400.000000 3.940382 198.832624 0.352431 -0.087295
5420.000000 3.939935 198.813824 0.367474 -0.086929
5440.000000 3.939350 198.795120 0.382434 -0.086374
5460.000000 3.938631 198.776554 0.397285 -0.085631
5480.000000 3.937784 198.758164 0.412005 -0.084699
5500.000000 3.936814 198.739992 0.426571 -0.083582
5520.000000 3.935729 198.722078 0.440961 -0.082279
5540.000000 3.934537 198.704460 0.455153 -0.080795
5560.000000 3.933247 198.687179 0.469128 -0.079130
5580.000000 3.931868 198.670273 0.482865 -0.077288
5600.000000 3.930412 198.653781 0.496347 -0.075271
5620.000000 3.928891 198.637739 0.509556 -0.073083
5640.000000 3.927315 198.622187 0.522475 -0.070728
5660.000000 3.925698 198.607159 0.535089 -0.068209
5680.000000 3.924052 198.592691 0.547383 -0.065531
5700.000000 3.922391 198.578820 0.559343 -0.062697
5720.000000 3.920728 198.565577 0.570958 -0.059713
5740.000000 3.919077 198.552998 0.582215 -0.056583
5760.000000 3.917451 198.541113 0.593105 -0.053313
5780.000000 3.915864 198.529954 0.603616 -0.049906
5800.000000 3.914330 198.519550 0.613740 -0.046370
5820.000000 3.912861 198.509932 0.623470 -0.042709
5840.000000 3.911472 198.501125 0.632797 -0.038929
5860.000000 3.910173 198.493157 0.641714 -0.035037
5880.000000 3.908979 198.486053 0.650216 -0.031036
5900.000000 3.907899 198.479836 0.658296 -0.026935
5920.000000 3.906946 198.474529 0.665950 -0.022739
5940.000000 3.906131 198.470153 0.673172 -0.018453
5960.000000 3.905461 198.466727 0.679957 -0.014086
5980.000000 3.904949 198.464269 0.686301 -0.009642
6000.000000 3.904600 198.462796 0.692200 -0.005128
6020.000000 3.904424 198.462322 0.697651 -0.000551
6040.000000 3.904427 198.462862 0.702647 0.004084
6060.000000 3.904615 198.464427 0.707187 0.008768
6080.000000 3.904994 198.467027 0.711266 0.013497
6100.000000 3.905567 198.470671 0.714879 0.018262
6120.000000 3.906339 198.475365 0.718024 0.023059
6140.000000 3.907310 198.481116 0.720695 0.027879
6160.000000 3.908484 198.487927 0.722888 0.032717
6180.000000 3.909861 198.495800 0.724600 0.037566
6200.000000 3.911439 198.504736 0.725825 0.042418
6220.000000 3.913218 198.514733 0.726560 0.047269
6240.000000 3.915196 198.525789 0.726798 0.052110
6260.000000 3.917369 198.537899 0.726537 0.056936
6280.000000 3.919732 198.551057 0.725771 0.061740
6300.000000 3.922281 198.565256 0.724496 0.066515
6320.000000 3.925009 198.580487 0.722706 0.071254
6340.000000 3.927908 198.596738 0.720398 0.075952
6360.000000 3.930972 198.613998 0.717567 0.080600
6380.000000 3.934189 198.632253 0.714210 0.085194
6400.000000 3.937551 198.651488 0.710322 0.089727
6420.000000 3.941045 198.671686 0.705901 0.094191
6440.000000 3.944661 198.692829 0.700942 0.098581
6460.000000 3.948386 198.714897 0.695446 0.102891
6480.000000 3.952205 198.737871 0.689408 0.107113
6500.000000 3.956104 198.761728 0.682830 0.111243
6520.000000 3.960069 198.786444 0.675711 0.115273
6540.000000 3.964083 198.811996 0.668051 0.119197
6560.000000 3.968131 198.838358 0.659853 0.123011
6580.000000 3.972194 198.865503 0.651121 0.126707
6600.000000 3.976257 198.893403 0.641857 0.130281
6620.000000 3.980300 198.922029 0.632069 0.133726
6640.000000 3.984307 198.951352 0.621762 0.137037
6660.000000 3.988258 198.981342 0.610946 0.140209
6680.000000 3.992136 199.011966 0.599631 0.143236
6700.000000 3.995922 199.043193 0.587827 0.146115
6720.000000 3.999598 199.074989 0.575549 0.148840
6740.000000 4.003147 199.107321 0.562811 0.151407
6760.000000 4.006550 199.140154 0.549629 0.153811
6780.000000 4.009791 199.173454 0.536023 0.156048
6800.000000 4.012853 199.207185 0.522012 0.158116
6820.000000 4.015721 199.241312 0.507617 0.160010
6840.000000 4.018379 199.275798 0.492862 0.161728
6860.000000 4.020816 199.310607 0.477772 0.163267
6880.000000 4.023016 199.345701 0.462374 0.164623
6900.000000 4.024970 199.381044 0.446694 0.165796
6920.000000 4.026667 199.416598 0.430763 0.166784
6940.000000 4.028098 199.452327 0.414610 0.167584
6960.000000 4.029257 199.488191 0.398268 0.168196
6980.000000 4.030136 199.524155 0.381769 0.168619
7000.000000 4.030732 199.560180 0.365145 0.168853
7020.000000 4.031043 199.596228 0.348432 0.168898
7040.000000 4.031067 199.632263 0.331663 0.168753
7060.000000 4.030805 199.668246 0.314873 0.168421
7080.000000 4.030259 199.704141 0.298098 0.167901
7100.000000 4.029433 199.739911 0.281371 0.167194
7120.000000 4.028333 199.775518 0.264728 0.166303
7140.000000 4.026965 199.810927 0.248203 0.165230
7160.000000 4.025338 199.846101 0.231830 0.163976
7180.000000 4.023462 199.881004 0.215641 0.162544
7200.000000 4.021347 199.915601 0.199668 0.160937
7220.000000 4.019006 199.949857 0.183944 0.159158
7240.000000 4.016451 199.983736 0.168497 0.157210
7260.000000 4.013698 200.017205 0.153356 0.155096
7280.000000 4.010761 200.050230 0.138550 0.152821
7300.000000 4.007656 200.082777 0.124103 0.150388
7320.000000 4.004399 200.114815 0.110040 0.147802
7340.000000 4.001007 200.146311 0.096385 0.145066
7360.000000 3.997499 200.177234 0.083158 0.142185
7380.000000 3.993890 200.207553 0.070379 0.139165
7400.000000 3.990199 200.237238 0.058067 0.136009
7420.000000 3.986444 200.266261 0.046238 0.132723
7440.000000 3.982642 200.294592 0.034907 0.129312
7460.000000 3.978811 200.322205 0.024087 0.125780
7480.000000 3.974967 200.349073 0.013790 0.122135
7500.000000 3.971129 200.375170 0.004027 0.118380
7520.000000 3.967312 200.400472 -0.005194 0.114521
7540.000000 3.963531 200.424955 -0.013864 0.110564
7560.000000 3.959804 200.448597 -0.021978 0.106515
7580.000000 3.956143 200.471375 -0.029529 0.102379
7600.000000 3.952564 200.493271 -0.036514 0.098162
7620.000000 3.949078 200.514265 -0.042930 0.093870
7640.000000 3.945700 200.534338 -0.048775 0.089508
7660.000000 3.942440 200.553475 -0.054047 0.085083
7680.000000 3.939310 200.571659 -0.058745 0.080601
7700.000000 3.936319 200.588877 -0.062871 0.076067
7720.000000 3.933476 200.605116 -0.066425 0.071488
7740.000000 3.930789 200.620364 -0.069408 0.066869
7760.000000 3.928266 200.634612 -0.071822 0.062216
7780.000000 3.925913 200.647850 -0.073671 0.057536
7800.000000 3.923735 200.660072 -0.074955 0.052834
7820.000000 3.921737 200.671271 -0.075680 0.048116
7840.000000 3.919922 200.681443 -0.075848 0.043389
7860.000000 3.918293 200.690585 -0.075463 0.038658
7880.000000 3.916851 200.698697 -0.074529 0.033930
7900.000000 3.915597 200.705776 -0.073050 0.029210
7920.000000 3.914531 200.711826 -0.071031 0.024505
7940.000000 3.913652 200.716849 -0.068476 0.019820
7960.000000 3.912957 200.720850 -0.065390 0.015161
7980.000000 3.912444 200.723834 -0.061779 0.010535
8000.000000 3.912109 200.725809 -0.057646 0.005948
8020.000000 3.911947 200.726783 -0.052998 0.001405
8040.000000 3.911954 200.726767 -0.047841 -0.003087
8060.000000 3.912122 200.725772 -0.042179 -0.007523
8080.000000 3.912445 200.723813 -0.036020 -0.011897
8100.000000 3.912914 200.720902 -0.029371 -0.016202
8120.000000 3.913523 200.717057 -0.022237 -0.020433
8140.000000 3.914261 200.712295 -0.014627 -0.024584
8160.000000 3.915118 200.706633 -0.006548 -0.028649
8180.000000 3.916085 200.700093 0.001992 -0.032622
8200.000000 3.917150 200.692696 0.010983 -0.036498
8220.000000 3.918302 200.684464 0.020416 -0.040271
8240.000000 3.919529 200.675420 0.030280 -0.043936
8260.000000 3.920819 200.665591 0.040565 -0.047486
8280.000000 3.922159 200.655002 0.051260 -0.050917
8300.000000 3.923537 200.643680 0.062351 -0.054223
8320.000000 3.924939 200.631655 0.073825 -0.057400
8340.000000 3.926353 200.618954 0.085669 -0.060441
8360.000000 3.927766 200.605610 0.097867 -0.063342
8380.000000 3.929164 200.591653 0.110403 -0.066099
8400.000000 3.930534 200.577115 0.123261 -0.068707
8420.000000 3.931865 200.562031 0.136422 -0.071161
8440.000000 3.933144 200.546433 0.149869 -0.073457
8460.000000 3.934358 200.530358 0.163581 -0.075591
8480.000000 3.935498 200.513840 0.177538 -0.077559
8500.000000 3.936552 200.496916 0.191720 -0.079358
8520.000000 3.937510 200.479623 0.206104 -0.080985
8540.000000 3.938364 200.461998 0.220668 -0.082436
8560.000000 3.939104 200.444080 0.235389 -0.083708
8580.000000 3.939723 200.425906 0.250242 -0.084800
8600.000000 3.940216 200.407518 0.265204 -0.085708
8620.000000 3.940577 200.388952 0.280250 -0.086432
8640.000000 3.940801 200.370250 0.295355 -0.086969
8660.000000 3.940886 200.351451 0.310494 -0.087317
8680.000000 3.940830 200.332596 0.325643 -0.087477
8700.000000 3.940632 200.313725 0.340775 -0.087448
8720.000000 3.940292 200.294879 0.355867 -0.087228
8740.000000 3.939813 200.276097 0.370894 -0.086820
8760.000000 3.939197 200.257421 0.385830 -0.086221
8780.000000 3.938449 200.238891 0.400654 -0.085435
8800.000000 3.937573 200.220548 0.415341 -0.084461
8820.000000 3.936576 200.202431 0.429868 -0.083301
8840.000000 3.935466 200.184581 0.444215 -0.081957
8860.000000 3.934251 200.167037 0.458359 -0.080431
8880.000000 3.932940 200.149838 0.472282 -0.078725
8900.000000 3.931543 200.133023 0.485963 -0.076843
8920.000000 3.930071 200.116630 0.499384 -0.074787
8940.000000 3.928536 200.100697 0.512528 -0.072561
8960.000000 3.926949 200.085260 0.525379 -0.070168
8980.000000 3.925324 200.070357 0.537921 -0.067612
9000.000000 3.923674 200.056023 0.550140 -0.064898
9020.000000 3.922011 200.042291 0.562022 -0.062030
9040.000000 3.920350 200.029197 0.573557 -0.059012
9060.000000 3.918703 200.016773 0.584731 -0.055850
9080.000000 3.917085 200.005051 0.595535 -0.052548
9100.000000 3.915509 199.994062 0.605959 -0.049111
9120.000000 3.913989 199.983835 0.615994 -0.045546
9140.000000 3.912537 199.974399 0.625632 -0.041858
9160.000000 3.911167 199.965782 0.634866 -0.038052
9180.000000 3.909892 199.958008 0.643690 -0.034134
9200.000000 3.908722 199.951105 0.652096 -0.030110
9220.000000 3.907671 199.945093 0.660079 -0.025986
9240.000000 3.906748 199.939997 0.667635 -0.021769
9260.000000 3.905965 199.935835 0.674757 -0.017465
9280.000000 3.905330 199.932628 0.681442 -0.013079
9300.000000 3.904854 199.930394 0.687686 -0.008618
9320.000000 3.904545 199.929147 0.693483 -0.004089
9340.000000 3.904409 199.928904 0.698830 0.000501
9360.000000 3.904454 199.929676 0.703723 0.005148
9380.000000 3.904685 199.931476 0.708158 0.009843
9400.000000 3.905107 199.934313 0.712131 0.014580
9420.000000 3.905726 199.938196 0.715638 0.019353
9440.000000 3.906542 199.943131 0.718675 0.024156
9460.000000 3.907560 199.949124 0.721237 0.028981
9480.000000 3.908780 199.956177 0.723321 0.033822
9500.000000 3.910203 199.964292 0.724922 0.038672
9520.000000 3.911827 199.973470 0.726036 0.043525
9540.000000 3.913652 199.983709 0.726658 0.048374
9560.000000 3.915674 199.995005 0.726783 0.053212
9580.000000 3.917891 200.007355 0.726407 0.058034
9600.000000 3.920297 200.020751 0.725525 0.062831
9620.000000 3.922887 200.035186 0.724133 0.067599
9640.000000 3.925655 200.050651 0.722226 0.072329
9660.000000 3.928593 200.067133 0.719799 0.077016
9680.000000 3.931692 200.084621 0.716848 0.081653
9700.000000 3.934943 200.103101 0.713370 0.086233
9720.000000 3.938336 200.122557 0.709361 0.090751
9740.000000 3.941860 200.142972 0.704817 0.095199
9760.000000 3.945501 200.164328 0.699737 0.099571
9780.000000 3.949249 200.186605 0.694117 0.103861
9800.000000 3.953087 200.209782 0.687956 0.108063
9820.000000 3.957003 200.233837 0.681254 0.112170
9840.000000 3.960980 200.258746 0.674012 0.116177
9860.000000 3.965004 200.284485 0.666229 0.120077
9880.000000 3.969056 200.311027 0.657909 0.123864
9900.000000 3.973121 200.338347 0.649055 0.127533
9920.000000 3.977181 200.366415 0.639671 0.131078
9940.000000 3.981218 200.395203 0.629764 0.134493
9960.000000 3.985213 200.424681 0.619341 0.137772
9980.000000 3.989149 200.454818 0.608410 0.140912
10000.000000 3.993008 200.485582 0.596982 0.143906
10020.000000 3.996771 200.516942 0.585069 0.146750
10040.000000 4.000419 200.548863 0.572684 0.149439
10060.000000 4.003936 200.581312 0.559844 0.151969
10080.000000 4.007304 200.614255 0.546564 0.154336
10100.000000 4.010505 200.647656 0.532863 0.156535
10120.000000 4.013524 200.681481 0.518762 0.158563
10140.000000 4.016346 200.715693 0.504284 0.160418
10160.000000 4.018955 200.750256 0.489450 0.162095
10180.000000 4.021339 200.785133 0.474287 0.163592
10200.000000 4.023484 200.820287 0.458822 0.164907
10220.000000 4.025380 200.855681 0.443083 0.166038
10240.000000 4.027017 200.891279 0.427098 0.166983
10260.000000 4.028387 200.927041 0.410900 0.167740
10280.000000 4.029482 200.962932 0.394519 0.168309
10300.000000 4.030297 200.998913 0.377988 0.168689
10320.000000 4.030828 201.034946 0.361341 0.168880
10340.000000 4.031073 201.070995 0.344612 0.168882
10360.000000 4.031032 201.107021 0.327835 0.168694
10380.000000 4.030705 201.142987 0.311046 0.168319
10400.000000 4.030095 201.178857 0.294278 0.167756
10420.000000 4.029206 201.214593 0.277568 0.167007
10440.000000 4.028044 201.250159 0.260949 0.166075
10460.000000 4.026617 201.285517 0.244455 0.164960
10480.000000 4.024932 201.320632 0.228121 0.163665
10500.000000 4.023000 201.355469 0.211978 0.162193
10520.000000 4.020833 201.389991 0.196060 0.160547
10540.000000 4.018441 201.424164 0.180396 0.158729
10560.000000 4.015840 201.457952 0.165017 0.156742
10580.000000 4.013044 201.491323 0.149950 0.154592
10600.000000 4.010067 201.524242 0.135223 0.152280
10620.000000 4.006926 201.556676 0.120862 0.149812
10640.000000 4.003637 201.588593 0.106890 0.147191
10660.000000 4.000217 201.619961 0.093331 0.144422
10680.000000 3.996684 201.650749 0.080204 0.141509
10700.000000 3.993055 201.680926 0.067530 0.138457
10720.000000 3.989348 201.710463 0.055327 0.135271
10740.000000 3.985581 201.739330 0.043610 0.131956
10760.000000 3.981770 201.767500 0.032394 0.128517
10780.000000 3.977935 201.794945 0.021692 0.124959
10800.000000 3.974091 201.821640 0.011516 0.121288
10820.000000 3.970256 201.847558 0.001876 0.117509
10840.000000 3.966446 201.872675 -0.007220 0.113627
10860.000000 3.962676 201.896968 -0.015763 0.109649
10880.000000 3.958963 201.920415 -0.023749 0.105579
10900.000000 3.955319 201.942994 -0.031172 0.101424
10920.000000 3.951760 201.964686 -0.038027 0.097190
10940.000000 3.948298 201.985471 -0.044313 0.092881
10960.000000 3.944946 202.005332 -0.050027 0.088505
10980.000000 3.941715 202.024253 -0.055168 0.084066
11000.000000 3.938615 202.042218 -0.059736 0.079572
11020.000000 3.935657 202.059214 -0.063732 0.075027
11040.000000 3.932849 202.075228 -0.067155 0.070438
11060.000000 3.930199 202.090249 -0.070008 0.065811
11080.000000 3.927714 202.104267 -0.072293 0.061151
11100.000000 3.925401 202.117274 -0.074013 0.056465
11120.000000 3.923264 202.129263 -0.075170 0.051759
11140.000000 3.921307 202.140229 -0.075767 0.047039
11160.000000 3.919534 202.150166 -0.075809 0.042310
11180.000000 3.917948 202.159074 -0.075298 0.037580
11200.000000 3.916549 202.166950 -0.074240 0.032853
11220.000000 3.915338 202.173794 -0.072637 0.028136
11240.000000 3.914314 202.179610 -0.070496 0.023434
11260.000000 3.913477 202.184399 -0.067819 0.018755
11280.000000 3.912824 202.188167 -0.064613 0.014103
11300.000000 3.912352 202.190921 -0.060882 0.009486
11320.000000 3.912057 202.192666 -0.056631 0.004908
11340.000000 3.911934 202.193414 -0.051867 0.000376
11360.000000 3.911978 202.193174 -0.046594 -0.004104
11380.000000 3.912182 202.191958 -0.040819 -0.008526
11400.000000 3.912539 202.189780 -0.034547 -0.012884
11420.000000 3.913041 202.186655 -0.027786 -0.017173
11440.000000 3.913680 202.182599 -0.020543 -0.021386
11460.000000 3.914446 202.177630 -0.012825 -0.025518
11480.000000 3.915329 202.171767 -0.004641 -0.029563
11500.000000 3.916319 202.165029 0.004002 -0.033515
11520.000000 3.917405 202.157439 0.013095 -0.037368
11540.000000 3.918576 202.149020 0.022627 -0.041116
11560.000000 3.919818 202.139795 0.032589 -0.044755
11580.000000 3.921121 202.129790 0.042968 -0.048279
11600.000000 3.922471 202.119032 0.053754 -0.051682
11620.000000 3.923855 202.107547 0.064934 -0.054959
11640.000000 3.925261 202.095365 0.076494 -0.058105
11660.000000 3.926676 202.082515 0.088420 -0.061115
11680.000000 3.928086 202.069028 0.100696 -0.063984
11700.000000 3.929479 202.054936 0.113307 -0.066707
11720.000000 3.930842 202.040271 0.126236 -0.069280
11740.000000 3.932162 202.025066 0.139464 -0.071698
11760.000000 3.933427 202.009357 0.152973 -0.073958
11780.000000 3.934625 201.993177 0.166743 -0.076054
11800.000000 3.935746 201.976563 0.180753 -0.077984
11820.000000 3.936779 201.959552 0.194983 -0.079744
11840.000000 3.937714 201.942180 0.209410 -0.081331
11860.000000 3.938543 201.924485 0.224012 -0.082742
11880.000000 3.939256 201.906505 0.238765 -0.083973
11900.000000 3.939847 201.888279 0.253645 -0.085023
11920.000000 3.940310 201.869846 0.268628 -0.085890
11940.000000 3.940640 201.851246 0.283690 -0.086571
11960.000000 3.940833 201.832519 0.298805 -0.087065
11980.000000 3.940886 201.813704 0.313948 -0.087370
12000.000000 3.940797 201.794841 0.329095 -0.087487
12020.000000 3.940567 201.775972 0.344221 -0.087414
12040.000000 3.940195 201.757137 0.359300 -0.087152
12060.000000 3.939685 201.738376 0.374308 -0.086700
12080.000000 3.939038 201.719730 0.389221 -0.086059
12100.000000 3.938260 201.701239 0.404015 -0.085229
12120.000000 3.937356 201.682944 0.418668 -0.084213
12140.000000 3.936333 201.664884 0.433156 -0.083010
12160.000000 3.935198 201.647100 0.447458 -0.081625
12180.000000 3.933960 201.629631 0.461554 -0.080058
12200.000000 3.932628 201.612516 0.475423 -0.078312
12220.000000 3.931213 201.595794 0.489046 -0.076389
12240.000000 3.929726 201.579503 0.502406 -0.074294
12260.000000 3.928178 201.563680 0.515484 -0.072030
12280.000000 3.926582 201.548362 0.528266 -0.069599
12300.000000 3.924950 201.533585 0.540736 -0.067007
12320.000000 3.923295 201.519385 0.552879 -0.064258
12340.000000 3.921632 201.505796 0.564683 -0.061355
12360.000000 3.919973 201.492852 0.576137 -0.058304
12380.000000 3.918331 201.480586 0.587227 -0.055109
12400.000000 3.916722 201.469028 0.597945 -0.051776
12420.000000 3.915157 201.458210 0.608281 -0.048310
12440.000000 3.913651 201.448161 0.618227 -0.044716
12460.000000 3.912217 201.438909 0.627774 -0.041000
12480.000000 3.910868 201.430482 0.636915 -0.037168
12500.000000 3.909615 201.422905 0.645643 -0.033225
12520.000000 3.908472 201.416202 0.653954 -0.029178
12540.000000 3.907449 201.410398 0.661840 -0.025033
12560.000000 3.906557 201.405513 0.669297 -0.020795
12580.000000 3.905807 201.401567 0.676320 -0.016472
12600.000000 3.905208 201.398580 0.682905 -0.012068
12620.000000 3.904769 201.396570 0.689047 -0.007591
12640.000000 3.904498 201.395551 0.694742 -0.003048
12660.000000 3.904403 201.395538 0.699986 0.001556
12680.000000 3.904490 201.396544 0.704775 0.006214
12700.000000 3.904764 201.398579 0.709105 0.010919
12720.000000 3.905231 201.401654 0.712972 0.015666
12740.000000 3.905894 201.405776 0.716372 0.020446
12760.000000 3.906757 201.410952 0.719301 0.025254
12780.000000 3.907821 201.417186 0.721755 0.030083
12800.000000 3.909087 201.424481 0.723729 0.034927
12820.000000 3.910555 201.432839 0.725219 0.039778
12840.000000 3.912226 201.442259 0.726221 0.044631
12860.000000 3.914096 201.452739 0.726730 0.049478
12880.000000 3.916163 201.464276 0.726742 0.054313
12900.000000 3.918423 201.476865 0.726251 0.059130
12920.000000 3.920872 201.490499 0.725253 0.063921
12940.000000 3.923503 201.505170 0.723744 0.068681
12960.000000 3.926310 201.520867 0.721718 0.073402
12980.000000 3.929286 201.537580 0.719172 0.078078
13000.000000 3.932420 201.555296 0.716102 0.082703
13020.000000 3.935705 201.574000 0.712503 0.087269
13040.000000 3.939128 201.593676 0.708372 0.091771
13060.000000 3.942680 201.614307 0.703706 0.096203
13080.000000 3.946347 201.635875 0.698503 0.100557
13100.000000 3.950116 201.658359 0.692760 0.104827
13120.000000 3.953974 201.681738 0.686476 0.109008
13140.000000 3.957905 201.705990 0.679651 0.113093
13160.000000 3.961894 201.731090 0.672285 0.117076
13180.000000 3.965926 201.757015 0.664379 0.120951
13200.000000 3.969983 201.783737 0.655937 0.124711
13220.000000 3.974048 201.811229 0.646962 0.128352
13240.000000 3.978104 201.839464 0.637458 0.131868
13260.000000 3.982133 201.868412 0.627433 0.135252
13280.000000 3.986117 201.898043 0.616893 0.138501
13300.000000 3.990037 201.928326 0.605847 0.141608
13320.000000 3.993875 201.959229 0.594308 0.144568
13340.000000 3.997613 201.990720 0.582286 0.147377
13360.000000 4.001233 202.022764 0.569796 0.150030
13380.000000 4.004718 202.055329 0.556854 0.152523
13400.000000 4.008049 202.088380 0.543476 0.154852
13420.000000 4.011210 202.121881 0.529682 0.157013
13440.000000 4.014185 202.155797 0.515494 0.159002
13460.000000 4.016960 202.190092 0.500932 0.160816
13480.000000 4.019519 202.224730 0.486021 0.162452
13500.000000 4.021849 202.259673 0.470787 0.163908
13520.000000 4.023939 202.294885 0.455257 0.165181
13540.000000 4.025777 202.330329 0.439459 0.166270
13560.000000 4.027353 202.365968 0.423423 0.167172
13580.000000 4.028661 202.401763 0.407180 0.167886
13600.000000 4.029692 202.437677 0.390761 0.168412
13620.000000 4.030443 202.473673 0.374201 0.168749
13640.000000 4.030909 202.509713 0.357533 0.168897
13660.000000 4.031089 202.545760 0.340790 0.168855
13680.000000 4.030983 202.581776 0.324007 0.168625
13700.000000 4.030591 202.617724 0.307219 0.168207
13720.000000 4.029917 202.653566 0.290462 0.167601
13740.000000 4.028965 202.689267 0.273769 0.166811
13760.000000 4.027742 202.724788 0.257176 0.165836
13780.000000 4.026255 202.760094 0.240716 0.164680
13800.000000 4.024513 202.795149 0.224422 0.163345
13820.000000 4.022526 202.829917 0.208328 0.161833
13840.000000 4.020307 202.864363 0.192465 0.160147
13860.000000 4.017866 202.898451 0.176863 0.158290
13880.000000 4.015219 202.932147 0.161553 0.156266
13900.000000 4.012380 202.965418 0.146561 0.154079
13920.000000 4.009365 202.998229 0.131915 0.151731
13940.000000 4.006188 203.030548 0.117641 0.149227
13960.000000 4.002868 203.062343 0.103761 0.146572
13980.000000 3.999421 203.093581 0.090299 0.143770
14000.000000 3.995864 203.124232 0.077274 0.140825
14020.000000 3.992216 203.154266 0.064706 0.137742
14040.000000 3.988494 203.183653 0.052612 0.134526
14060.000000 3.984715 203.212364 0.041008 0.131183
14080.000000 3.980897 203.240371 0.029908 0.127716
14100.000000 3.977059 203.267647 0.019326 0.124132
14120.000000 3.973215 203.294166 0.009271 0.120435
14140.000000 3.969385 203.319904 -0.000246 0.116632
14160.000000 3.965582 203.344835 -0.009216 0.112728
14180.000000 3.961824 203.368937 -0.017634 0.108729
14200.000000 3.958125 203.392188 -0.025491 0.104639
14220.000000 3.954500 203.414567 -0.032785 0.100465
14240.000000 3.950962 203.436053 -0.039511 0.096213
14260.000000 3.947524 203.456630 -0.045666 0.091889
14280.000000 3.944198 203.476278 -0.051250 0.087498
14300.000000 3.940996 203.494982 -0.056260 0.083046
14320.000000 3.937928 203.512727 -0.060698 0.078540
14340.000000 3.935003 203.529500 -0.064563 0.073984
14360.000000 3.932231 203.545289 -0.067856 0.069386
14380.000000 3.929618 203.560082 -0.070579 0.064751
14400.000000 3.927172 203.573870 -0.072735 0.060085
14420.000000 3.924898 203.586646 -0.074326 0.055394
14440.000000 3.922802 203.598402 -0.075355 0.050684
14460.000000 3.920887 203.609133 -0.075826 0.045961
14480.000000 3.919156 203.618836 -0.075741 0.041232
14500.000000 3.917612 203.627508 -0.075105 0.036501
14520.000000 3.916256 203.635149 -0.073922 0.031776
14540.000000 3.915088 203.641759 -0.072196 0.027062
14560.000000 3.914107 203.647340 -0.069932 0.022365
14580.000000 3.913312 203.651896 -0.067135 0.017692
14600.000000 3.912701 203.655432 -0.063808 0.013047
14620.000000 3.912269 203.657955 -0.059958 0.008438
14640.000000 3.912014 203.659472 -0.055590 0.003870
14660.000000 3.911930 203.659993 -0.050709 -0.000650
14680.000000 3.912011 203.659530 -0.045321 -0.005117
14700.000000 3.912250 203.658093 -0.039432 -0.009526
14720.000000 3.912641 203.655698 -0.033048 -0.013869
14740.000000 3.913175 203.652360 -0.026177 -0.018141
14760.000000 3.913844 203.648094 -0.018825 -0.022336
14780.000000 3.914637 203.642919 -0.011000 -0.026448
14800.000000 3.915546 203.636855 -0.002710 -0.030472
14820.000000 3.916559 203.629921 0.006036 -0.034402
14840.000000 3.917665 203.622140 0.015230 -0.038232
14860.000000 3.918853 203.613535 0.024861 -0.041956
14880.000000 3.920110 203.604130 0.034919 -0.045569
14900.000000 3.921425 203.593951 0.045392 -0.049066
14920.000000 3.922784 203.583024 0.056269 -0.052441
14940.000000 3.924174 203.571378 0.067537 -0.055688
14960.000000 3.925584 203.559041 0.079181 -0.058803
14980.000000 3.926998 203.546043 0.091188 -0.061782
15000.000000 3.928406 203.532415 0.103543 -0.064618
15020.000000 3.929793 203.518189 0.116228 -0.067307
15040.000000 3.931147 203.503398 0.129226 -0.069845
15060.000000 3.932455 203.488075 0.142520 -0.072227
15080.000000 3.933706 203.472255 0.156090 -0.074450
15100.000000 3.934888 203.455974 0.169917 -0.076509
15120.000000 3.935990 203.439266 0.183979 -0.078401
15140.000000 3.937001 203.422169 0.198256 -0.080122
15160.000000 3.937913 203.404720 0.212725 -0.081669
15180.000000 3.938716 203.386957 0.227363 -0.083038
15200.000000 3.939402 203.368917 0.242147 -0.084229
15220.000000 3.939964 203.350641 0.257053 -0.085237
15240.000000 3.940398 203.332167 0.272056 -0.086061
15260.000000 3.940696 203.313534 0.287132 -0.086700
15280.000000 3.940858 203.294783 0.302256 -0.087151
15300.000000 3.940878 203.275953 0.317403 -0.087414
15320.000000 3.940757 203.257086 0.332547 -0.087487
15340.000000 3.940494 203.238221 0.347664 -0.087371
15360.000000 3.940091 203.219399 0.362729 -0.087065
15380.000000 3.939549 203.200661 0.377718 -0.086570
15400.000000 3.938872 203.182046 0.392606 -0.085886
15420.000000 3.938065 203.163597 0.407370 -0.085014
15440.000000 3.937133 203.145352 0.421987 -0.083955
15460.000000 3.936084 203.127352 0.436434 -0.082711
15480.000000 3.934925 203.109636 0.450691 -0.081283
15500.000000 3.933664 203.092244 0.464737 -0.079675
15520.000000 3.932313 203.075216 0.478552 -0.077889
15540.000000 3.930880 203.058588 0.492116 -0.075927
15560.000000 3.929378 203.042400 0.505413 -0.073793
15580.000000 3.927818 203.026689 0.518425 -0.071490
15600.000000 3.926212 203.011492 0.531137 -0.069022
15620.000000 3.924574 202.996843 0.543534 -0.066394
15640.000000 3.922916 202.982780 0.555601 -0.063609
15660.000000 3.921253 202.969335 0.567326 -0.060672
15680.000000 3.919596 202.956542 0.578698 -0.057588
15700.000000 3.917961 202.944435 0.589704 -0.054361
15720.000000 3.916360 202.933043 0.600336 -0.050997
15740.000000 3.914808 202.922398 0.610584 -0.047501
15760.000000 3.913318 202.912528 0.620439 -0.043879
15780.000000 3.911902 202.903462 0.629894 -0.040136
15800.000000 3.910573 202.895226 0.638941 -0.036278
15820.000000 3.909344 202.887847 0.647575 -0.032312
15840.000000 3.908227 202.881347 0.655789 -0.028242
15860.000000 3.907233 202.875750 0.663578 -0.024075
15880.000000 3.906373 202.871077 0.670937 -0.019817
15900.000000 3.905656 202.867349 0.677860 -0.015474
15920.000000 3.905093 202.864583 0.684344 -0.011054
15940.000000 3.904692 202.862797 0.690385 -0.006561
15960.000000 3.904461 202.862007 0.695977 -0.002003
15980.000000 3.904406 202.862225 0.701118 0.002614
16000.000000 3.904536 202.863465 0.705802 0.007283
16020.000000 3.904854 202.865736 0.710027 0.011998
16040.000000 3.905365 202.869050 0.713788 0.016753
16060.000000 3.906073 202.873412 0.717081 0.021540
16080.000000 3.906982 202.878828 0.719902 0.026354
16100.000000 3.908091 202.885304 0.722247 0.031187
16120.000000 3.909404 202.892841 0.724112 0.036033
16140.000000 3.910919 202.901441 0.725491 0.040885
16160.000000 3.912635 202.911103 0.726381 0.045737
16180.000000 3.914550 202.921825 0.726777 0.050582
16200.000000 3.916661 202.933602 0.726674 0.055414
16220.000000 3.918965 202.946430 0.726068 0.060225
16240.000000 3.921456 202.960301 0.724954 0.065010
16260.000000 3.924128 202.975207 0.723327 0.069761
16280.000000 3.926974 202.991137 0.721184 0.074472
16300.000000 3.929987 203.008080 0.718519 0.079137
16320.000000 3.933156 203.026022 0.715328 0.083749
16340.000000 3.936474 203.044949 0.711608 0.088302
16360.000000 3.939927 203.064844 0.707355 0.092788
16380.000000 3.943506 203.085691 0.702567 0.097203
16400.000000 3.947198 203.107469 0.697241 0.101538
16420.000000 3.950989 203.130159 0.691374 0.105789
16440.000000 3.954864 203.153739 0.684967 0.109948
16460.000000 3.958810 203.178187 0.678019 0.114010
16480.000000 3.962810 203.203478 0.670530 0.117969
16500.000000 3.966849 203.229586 0.662502 0.121818
16520.000000 3.970910 203.256486 0.653938 0.125552
16540.000000 3.974974 203.284151 0.644841 0.129165
16560.000000 3.979026 203.312551 0.635218 0.132651
16580.000000 3.983046 203.341657 0.625074 0.136005
16600.000000 3.987017 203.371440 0.614418 0.139222
16620.000000 3.990920 203.401867 0.603259 0.142296
16640.000000 3.994737 203.432907 0.591609 0.145222
16660.000000 3.998450 203.464526 0.579479 0.147996
16680.000000 4.002040 203.496693 0.566884 0.150613
16700.000000 4.005491 203.529371 0.553841 0.153069
16720.000000 4.008785 203.562528 0.540367 0.155360
16740.000000 4.011905 203.596127 0.526481 0.157481
16760.000000 4.014836 203.630132 0.512205 0.159431
16780.000000 4.017563 203.664509 0.497562 0.161205
16800.000000 4.020071 203.699219 0.482575 0.162800
16820.000000 4.022347 203.734227 0.467271 0.164215
16840.000000 4.024380 203.769496 0.451677 0.165446
16860.000000 4.026159 203.804987 0.435822 0.166492
16880.000000 4.027675 203.840665 0.419736 0.167351
16900.000000 4.028920 203.876490 0.403450 0.168023
16920.000000 4.029888 203.912427 0.386997 0.168506
16940.000000 4.030574 203.948436 0.370409 0.168800
16960.000000 4.030975 203.984481 0.353720 0.168904
16980.000000 4.031090 204.020524 0.336965 0.168819
17000.000000 4.030918 204.056528 0.320178 0.168546
17020.000000 4.030462 204.092455 0.303395 0.168085
17040.000000 4.029724 204.128268 0.286649 0.167437
17060.000000 4.028710 204.163931 0.269976 0.166605
17080.000000 4.027426 204.199406 0.253410 0.165589
17100.000000 4.025880 204.234658 0.236985 0.164392
17120.000000 4.024081 204.269651 0.220734 0.163016
17140.000000 4.022040 204.304349 0.204690 0.161464
17160.000000 4.019769 204.338716 0.188883 0.159739
17180.000000 4.017281 204.372718 0.173346 0.157843
17200.000000 4.014588 204.406320 0.158105 0.155782
17220.000000 4.011708 204.439489 0.143190 0.153557
17240.000000 4.008654 204.472191 0.128627 0.151174
17260.000000 4.005443 204.504393 0.114441 0.148635
17280.000000 4.002093 204.536064 0.100654 0.145946
17300.000000 3.998619 204.567171 0.087290 0.143111
17320.000000 3.995040 204.597684 0.074367 0.140134
17340.000000 3.991373 204.627572 0.061906 0.137020
17360.000000 3.987636 204.656807 0.049923 0.133775
17380.000000 3.983847 204.685360 0.038432 0.130403
17400.000000 3.980023 204.713203 0.027449 0.126909
17420.000000 3.976182 204.740309 0.016986 0.123299
17440.000000 3.972340 204.766652 0.007053 0.119577
17460.000000 3.968514 204.792208 -0.002340 0.115751
17480.000000 3.964721 204.816953 -0.011185 0.111824
17500.000000 3.960975 204.840862 -0.019475 0.107804
17520.000000 3.957292 204.863916 -0.027204 0.103695
17540.000000 3.953685 204.886093 -0.034369 0.099503
17560.000000 3.950169 204.907374 -0.040965 0.095234
17580.000000 3.946755 204.927740 -0.046990 0.090893
17600.000000 3.943457 204.947174 -0.052443 0.086488
17620.000000 3.940284 204.965661 -0.057323 0.082023
17640.000000 3.937248 204.983186 -0.061629 0.077505
17660.000000 3.934357 204.999735 -0.065364 0.072939
17680.000000 3.931621 205.015298 -0.068527 0.068332
17700.000000 3.929045 205.029862 -0.071121 0.063689
17720.000000 3.926638 205.043420 -0.073148 0.059017
17740.000000 3.924404 205.055964 -0.074610 0.054321
17760.000000 3.922349 205.067487 -0.075512 0.049608
17780.000000 3.920476 205.077984 -0.075855 0.044883
17800.000000 3.918788 205.087452 -0.075644 0.040153
17820.000000 3.917287 205.095889 -0.074883 0.035423
17840.000000 3.915973 205.103294 -0.073576 0.030700
17860.000000 3.914848 205.109670 -0.071727 0.025989
17880.000000 3.913910 205.115017 -0.069341 0.021297
17900.000000 3.913157 205.119340 -0.066423 0.016630
17920.000000 3.912587 205.122644 -0.062976 0.011993
17940.000000 3.912196 205.124937 -0.059008 0.007393
17960.000000 3.911980 205.126226 -0.054522 0.002835
17980.000000 3.911934 205.126522 -0.049525 -0.001674
18000.000000 3.912052 205.125835 -0.044022 -0.006128
18020.000000 3.912326 205.124179 -0.038020 -0.010522
18040.000000 3.912751 205.121567 -0.031524 -0.014849
18060.000000 3.913316 205.118016 -0.024543 -0.019104
18080.000000 3.914014 205.113541 -0.017082 -0.023281
18100.000000 3.914835 205.108162 -0.009150 -0.027374
18120.000000 3.915768 205.101897 -0.000756 -0.031377
18140.000000 3.916803 205.094768 0.008094 -0.035284
18160.000000 3.917929 205.086797 0.017388 -0.039090
18180.000000 3.919134 205.078008 0.027117 -0.042790
18200.000000 3.920405 205.068424 0.037271 -0.046377
18220.000000 3.921731 205.058072 0.047837 -0.049846
18240.000000 3.923098 205.046979 0.058804 -0.053192
18260.000000 3.924494 205.035172 0.070159 -0.056410
18280.000000 3.925906 205.022682 0.081888 -0.059495
18300.000000 3.927320 205.009538 0.093975 -0.062441
18320.000000 3.928724 204.995771 0.106406 -0.065244
18340.000000 3.930105 204.981413 0.119164 -0.067899
18360.000000 3.931450 204.966498 0.132232 -0.070402
18380.000000 3.932746 204.951058 0.145590 -0.072748
18400.000000 3.933982 204.935130 0.159221 -0.074934
18420.000000 3.935147 204.918748 0.173103 -0.076955
18440.000000 3.936229 204.901948 0.187216 -0.078808
18460.000000 3.937218 204.884768 0.201539 -0.080490
18480.000000 3.938106 204.867244 0.216049 -0.081997
18500.000000 3.938883 204.849414 0.230722 -0.083326
18520.000000 3.939541 204.831317 0.245536 -0.084475
18540.000000 3.940075 204.812992 0.260466 -0.085441
18560.000000 3.940478 204.794478 0.275488 -0.086223
18580.000000 3.940745 204.775815 0.290577 -0.086819
18600.000000 3.940875 204.757043 0.305709 -0.087227
18620.000000 3.940863 204.738201 0.320857 -0.087447
18640.000000 3.940710 204.719331 0.335997 -0.087478
18660.000000 3.940415 204.700472 0.351105 -0.087318
18680.000000 3.939979 204.681666 0.366154 -0.086969
18700.000000 3.939406 204.662952 0.381122 -0.086431
18720.000000 3.938699 204.644372 0.395984 -0.085704
18740.000000 3.937863 204.625965 0.410716 -0.084789
18760.000000 3.936904 204.607772 0.425296 -0.083687
18780.000000 3.935829 204.589834 0.439703 -0.082401
18800.000000 3.934646 204.572188 0.453913 -0.080932
18820.000000 3.933364 204.554876 0.467908 -0.079283
18840.000000 3.931993 204.537936 0.481667 -0.077457
18860.000000 3.930543 204.521405 0.495172 -0.075455
18880.000000 3.929027 204.505323 0.508406 -0.073282
18900.000000 3.927455 204.489725 0.521351 -0.070942
18920.000000 3.925841 204.474650 0.533992 -0.068437
18940.000000 3.924197 204.460132 0.546314 -0.065773
18960.000000 3.922537 204.446206 0.558305 -0.062952
18980.000000 3.920874 204.432907 0.569951 -0.059981
19000.000000 3.919221 204.420268 0.581240 -0.056864
19020.000000 3.917592 204.408321 0.592162 -0.053606
19040.000000 3.916002 204.397097 0.602707 -0.050211
19060.000000 3.914462 204.386626 0.612866 -0.046686
19080.000000 3.912988 204.376937 0.622630 -0.043036
19100.000000 3.911591 204.368058 0.631993 -0.039267
19120.000000 3.910284 204.360015 0.640947 -0.035383
19140.000000 3.909079 204.352834 0.649485 -0.031392
19160.000000 3.907989 204.346538 0.657603 -0.027300
19180.000000 3.907025 204.341150 0.665294 -0.023111
19200.000000 3.906197 204.336691 0.672554 -0.018834
19220.000000 3.905514 204.333181 0.679378 -0.014473
19240.000000 3.904987 204.330637 0.685761 -0.010035
19260.000000 3.904624 204.329077 0.691700 -0.005527
19280.000000 3.904432 204.328515 0.697189 -0.000955
19300.000000 3.904420 204.328965 0.702226 0.003674
19320.000000 3.904591 204.330439 0.706806 0.008354
19340.000000 3.904953 204.332948 0.710926 0.013079
19360.000000 3.905509 204.336499 0.714580 0.017842
19380.000000 3.906263 204.341102 0.717766 0.022636
19400.000000 3.907217 204.346759 0.720479 0.027454
19420.000000 3.908373 204.353477 0.722715 0.032291
19440.000000 3.909731 204.361257 0.724469 0.037139
19460.000000 3.911292 204.370099 0.725737 0.041992
19480.000000 3.913054 204.380003 0.726515 0.046843
19500.000000 3.915014 204.390965 0.726797 0.051685
19520.000000 3.917170 204.402983 0.726580 0.056513
19540.000000 3.919517 204.416049 0.725859 0.061319
19560.000000 3.922050 204.430157 0.724628 0.066096
19580.000000 3.924762 204.445297 0.722884 0.070839
19600.000000 3.927647 204.461459 0.720622 0.075540
19620.000000 3.930696 204.478631 0.717837 0.080194
19640.000000 3.933900 204.496799 0.714527 0.084793
19660.000000 3.937249 204.515949 0.710685 0.089331
19680.000000 3.940733 204.536062 0.706311 0.093801
19700.000000 3.944339 204.557123 0.701400 0.098198
19720.000000 3.948054 204.579111 0.695951 0.102515
19740.000000 3.951865 204.602006 0.689961 0.106745
19760.000000 3.955758 204.625786 0.683431 0.110883
19780.000000 3.959718 204.650428 0.676359 0.114922
19800.000000 3.963729 204.675907 0.668747 0.118857
19820.000000 3.967774 204.702199 0.660596 0.122680
19840.000000 3.971837 204.729276 0.651910 0.126387
19860.000000 3.975900 204.757111 0.642693 0.129971
19880.000000 3.979946 204.785674 0.632951 0.133428
19900.000000 3.983956 204.814938 0.622689 0.136751
19920.000000 3.987913 204.844870 0.611918 0.139935
19940.000000 3.991798 204.875439 0.600646 0.142976
19960.000000 3.995593 204.906614 0.588885 0.145868
19980.000000 3.999280 204.938362 0.576647 0.148607
20000.000000 4.002840 204.970648 0.563949 0.151187
20020.000000 4.006257 205.003438 0.550806 0.153606
20040.000000 4.009512 205.036699 0.537236 0.155858
20060.000000 4.012591 205.070394 0.523260 0.157941
20080.000000 4.015476 205.104487 0.508898 0.159851
20100.000000 4.018154 205.138943 0.494174 0.161584
20120.000000 4.020611 205.173725 0.479112 0.163139
20140.000000 4.022833 205.208795 0.463740 0.164511
20160.000000 4.024809 205.244118 0.448084 0.165701
20180.000000 4.026528 205.279655 0.432173 0.166704
20200.000000 4.027983 205.315370 0.416039 0.167521
20220.000000 4.029166 205.351224 0.399712 0.168150
20240.000000 4.030070 205.387180 0.383225 0.168590
20260.000000 4.030691 205.423201 0.366611 0.168840
20280.000000 4.031027 205.459249 0.349905 0.168901
20300.000000 4.031076 205.495286 0.333139 0.168774
20320.000000 4.030839 205.531275 0.316350 0.168458
20340.000000 4.030318 205.567180 0.299572 0.167954
20360.000000 4.029517 205.602962 0.282839 0.167264
20380.000000 4.028441 205.638585 0.266188 0.166389
20400.000000 4.027096 205.674013 0.249651 0.165332
20420.000000 4.025492 205.709209 0.233263 0.164094
20440.000000 4.023637 205.744138 0.217056 0.162677
20460.000000 4.021542 205.778763 0.201064 0.161085
20480.000000 4.019220 205.813050 0.185316 0.159321
20500.000000 4.016684 205.846964 0.169843 0.157388
20520.000000 4.013948 205.880470 0.154675 0.155289
20540.000000 4.011026 205.913535 0.139838 0.153028
20560.000000 4.007935 205.946126 0.125358 0.150608
20580.000000 4.004691 205.978210 0.111261 0.148035
20600.000000 4.001311 206.009755 0.097569 0.145312
20620.000000 3.997812 206.040729 0.084304 0.142444
20640.000000 3.994211 206.071103 0.071485 0.139436
20660.000000 3.990527 206.100845 0.059131 0.136292
20680.000000 3.986776 206.129927 0.047259 0.133017
20700.000000 3.982978 206.158320 0.035883 0.129617
20720.000000 3.979148 206.185997 0.025018 0.126096
20740.000000 3.975306 206.212932 0.014674 0.122460
20760.000000 3.971466 206.239098 0.004864 0.118714
20780.000000 3.967646 206.264470 -0.004405 0.114864
20800.000000 3.963862 206.289026 -0.013124 0.110916
20820.000000 3.960129 206.312743 -0.021287 0.106874
20840.000000 3.956462 206.335599 -0.028888 0.102746
20860.000000 3.952875 206.357573 -0.035923 0.098536
20880.000000 3.949381 206.378646 -0.042389 0.094250
20900.000000 3.945993 206.398801 -0.048284 0.089894
20920.000000 3.942722 206.418021 -0.053606 0.085475
20940.000000 3.939580 206.436290 -0.058355 0.080998
20960.000000 3.936576 206.453593 -0.062531 0.076468
20980.000000 3.933720 206.469919 -0.066135 0.071892
21000.000000 3.931019 206.485254 -0.069168 0.067276
21020.000000 3.928481 206.499590 -0.071633 0.062626
21040.000000 3.926113 206.512918 -0.073531 0.057948
21060.000000 3.923920 206.525229 -0.074865 0.053248
21080.000000 3.921906 206.536518 -0.075639 0.048532
21100.000000 3.920075 206.546781 -0.075856 0.043805
21120.000000 3.918429 206.556014 -0.075519 0.039074
21140.000000 3.916971 206.564216 -0.074633 0.034345
21160.000000 3.915700 206.571387 -0.073202 0.029625
21180.000000 3.914617 206.577527 -0.071230 0.024918
21200.000000 3.913722 206.582640 -0.068722 0.020231
21220.000000 3.913011 206.586731 -0.065683 0.015570
21240.000000 3.912482 206.589804 -0.062117 0.010941
21260.000000 3.912131 206.591867 -0.058030 0.006350
21280.000000 3.911955 206.592928 -0.053428 0.001803
21300.000000 3.911947 206.592999 -0.048315 -0.002694
21320.000000 3.912101 206.592090 -0.042697 -0.007135
21340.000000 3.912410 206.590215 -0.036582 -0.011515
21360.000000 3.912867 206.587388 -0.029975 -0.015826
21380.000000 3.913464 206.583624 -0.022884 -0.020064
21400.000000 3.914191 206.578941 -0.015315 -0.024222
21420.000000 3.915038 206.573358 -0.007277 -0.028295
21440.000000 3.915996 206.566895 0.001223 -0.032276
21460.000000 3.917053 206.559572 0.010174 -0.036161
21480.000000 3.918197 206.551412 0.019568 -0.039944
21500.000000 3.919418 206.542439 0.029395 -0.043618
21520.000000 3.920703 206.532678 0.039644 -0.047178
21540.000000 3.922040 206.522155 0.050303 -0.050620
21560.000000 3.923415 206.510896 0.061360 -0.053938
21580.000000 3.924815 206.498931 0.072801 -0.057125
21600.000000 3.926229 206.486289 0.084613 -0.060179
21620.000000 3.927642 206.473000 0.096780 -0.063093
21640.000000 3.929042 206.459096 0.109287 -0.065863
21660.000000 3.930415 206.444608 0.122117 -0.068483
21680.000000 3.931750 206.429570 0.135253 -0.070951
21700.000000 3.933034 206.414016 0.148675 -0.073261
21720.000000 3.934254 206.397981 0.162365 -0.075410
21740.000000 3.935401 206.381501 0.176302 -0.077393
21760.000000 3.936463 206.364611 0.190464 -0.079207
21780.000000 3.937430 206.347349 0.204832 -0.080849
21800.000000 3.938293 206.329752 0.219381 -0.082315
21820.000000 3.939043 206.311858 0.234088 -0.083604
21840.000000 3.939674 206.293706 0.248931 -0.084711
21860.000000 3.940178 206.275334 0.263884 -0.085636
21880.000000 3.940551 206.256783 0.278924 -0.086376
21900.000000 3.940787 206.238091 0.294025 -0.086929
21920.000000 3.940885 206.219299 0.309162 -0.087294
21940.000000 3.940841 206.200447 0.324311 -0.087471
21960.000000 3.940655 206.181576 0.339446 -0.087458
21980.000000 3.940328 206.162726 0.354542 -0.087255
22000.000000 3.939861 206.143937 0.369575 -0.086863
22020.000000 3.939257 206.125250 0.384521 -0.086282
22040.000000 3.938520 206.106706 0.399355 -0.085511
22060.000000 3.937655 206.088344 0.414055 -0.084554
22080.000000 3.936669 206.070206 0.428597 -0.083410
22100.000000 3.935568 206.052331 0.442961 -0.082082
22120.000000 3.934362 206.034758 0.457124 -0.080572
22140.000000 3.933059 206.017527 0.471067 -0.078882
22160.000000 3.931669 206.000677 0.484769 -0.077016
22180.000000 3.930203 205.984245 0.498214 -0.074975
22200.000000 3.928673 205.968270 0.511383 -0.072763
22220.000000 3.927091 205.952789 0.524260 -0.070385
22240.000000 3.925469 205.937837 0.536830 -0.067844
22260.000000 3.923820 205.923451 0.549078 -0.065143
22280.000000 3.922158 205.909666 0.560991 -0.062288
22300.000000 3.920496 205.896514 0.572556 -0.059283
22320.000000 3.918847 205.884030 0.583763 -0.056133
22340.000000 3.917226 205.872245 0.594600 -0.052844
22360.000000 3.915646 205.861190 0.605057 -0.049419
22380.000000 3.914120 205.850895 0.615127 -0.045865
22400.000000 3.912662 205.841388 0.624801 -0.042187
22420.000000 3.911284 205.832697 0.634071 -0.038391
22440.000000 3.910000 205.824849 0.642930 -0.034483
22460.000000 3.908820 205.817868 0.651373 -0.030468
22480.000000 3.907758 205.811777 0.659394 -0.026353
22500.000000 3.906824 205.806599 0.666987 -0.022144
22520.000000 3.906028 205.802355 0.674148 -0.017847
22540.000000 3.905380 205.799063 0.680872 -0.013468
22560.000000 3.904890 205.796742 0.687154 -0.009014
22580.000000 3.904565 205.795408 0.692991 -0.004490
22600.000000 3.904414 205.795076 0.698378 0.000095
22620.000000 3.904442 205.795759 0.703311 0.004737
22640.000000 3.904657 205.797468 0.707786 0.009428
22660.000000 3.905063 205.800213 0.711800 0.014162
22680.000000 3.905663 205.804004 0.715348 0.018932
22700.000000 3.906463 205.808846 0.718427 0.023732
22720.000000 3.907463 205.814746 0.721031 0.028556
22740.000000 3.908665 205.821705 0.723157 0.033395
22760.000000 3.910070 205.829727 0.724801 0.038245
22780.000000 3.911676 205.838811 0.725958 0.043098
22800.000000 3.913484 205.848957 0.726623 0.047948
22820.000000 3.915489 205.860161 0.726792 0.052787
22840.000000 3.917688 205.872418 0.726460 0.057611
22860.000000 3.920078 205.885723 0.725623 0.062411
22880.000000 3.922652 205.900067 0.724276 0.067181
22900.000000 3.925405 205.915441 0.722414 0.071915
22920.000000 3.928328 205.931834 0.720033 0.076606
22940.000000 3.931413 205.949234 0.717129 0.081247
22960.000000 3.934651 205.967628 0.713698 0.085833
22980.000000 3.938032 205.986998 0.709735 0.090356
23000.000000 3.941545 206.007330 0.705239 0.094811
23020.000000 3.945177 206.028603 0.700205 0.099190
23040.000000 3.948915 206.050800 0.694633 0.103487
23060.000000 3.952746 206.073899 0.688520 0.107697
23080.000000 3.956656 206.097878 0.681866 0.111813
23100.000000 3.960629 206.122713 0.674671 0.115829
23120.000000 3.964648 206.148380 0.666935 0.119738
23140.000000 3.968699 206.174853 0.658663 0.123536
23160.000000 3.972764 206.202105 0.649855 0.127215
23180.000000 3.976825 206.230108 0.640518 0.130771
23200.000000 3.980864 206.258834 0.630656 0.134197
23220.000000 3.984864 206.288253 0.620278 0.137489
23240.000000 3.988806 206.318333 0.609391 0.140642
23260.000000 3.992672 206.349043 0.598007 0.143649
23280.000000 3.996444 206.380352 0.586136 0.146506
23300.000000 4.000103 206.412225 0.573792 0.149209
23320.000000 4.003632 206.444629 0.560991 0.151753
23340.000000 4.007014 206.477530 0.547749 0.154134
23360.000000 4.010230 206.510893 0.534085 0.156348
23380.000000 4.013266 206.544681 0.520018 0.158392
23400.000000 4.016106 206.578861 0.505572 0.160262
23420.000000 4.018734 206.613394 0.490768 0.161955
23440.000000 4.021138 206.648245 0.475634 0.163468
23460.000000 4.023305 206.683376 0.460194 0.164799
23480.000000 4.025224 206.718751 0.444477 0.165946
23500.000000 4.026884 206.754332 0.428513 0.166907
23520.000000 4.028277 206.790082 0.412332 0.167681
23540.000000 4.029397 206.825962 0.395966 0.168267
23560.000000 4.030236 206.861937 0.379447 0.168663
23580.000000 4.030793 206.897967 0.362809 0.168871
23600.000000 4.031063 206.934016 0.346086 0.168889
23620.000000 4.031047 206.970045 0.329312 0.168718
23640.000000 4.030745 207.006019 0.312522 0.168359
23660.000000 4.030160 207.041898 0.295751 0.167813
23680.000000 4.029295 207.077648 0.279034 0.167081
23700.000000 4.028157 207.113230 0.262406 0.166164
23720.000000 4.026753 207.148608 0.245900 0.165065
23740.000000 4.025090 207.183746 0.229550 0.163786
23760.000000 4.023180 207.218608 0.213390 0.162330
23780.000000 4.021032 207.253160 0.197450 0.160698
23800.000000 4.018660 207.287364 0.181763 0.158895
23820.000000 4.016077 207.321188 0.166357 0.156924
23840.000000 4.013297 207.354597 0.151262 0.154787
23860.000000 4.010336 207.387557 0.136504 0.152490
23880.000000 4.007208 207.420035 0.122110 0.150035
23900.000000 4.003932 207.451999 0.108103 0.147427
23920.000000 4.000523 207.483417 0.094506 0.144671
23940.000000 3.996999 207.514257 0.081341 0.141771
23960.000000 3.993378 207.544489 0.068627 0.138731
23980.000000 3.989677 207.574083 0.056381 0.135556
24000.000000 3.985914 207.603010 0.044621 0.132253
24020.000000 3.982107 207.631243 0.033360 0.128824
24040.000000 3.978273 207.658753 0.022613 0.125277
24060.000000 3.974429 207.685514 0.012390 0.121615
24080.000000 3.970593 207.711501 0.002702 0.117845
24100.000000 3.966780 207.736690 -0.006442 0.113972
24120.000000 3.963006 207.761057 -0.015034 0.110002
24140.000000 3.959287 207.784579 -0.023069 0.105941
24160.000000 3.955636 207.807235 -0.030542 0.101793
24180.000000 3.952069 207.829006 -0.037447 0.097565
24200.000000 3.948599 207.849871 -0.043783 0.093263
24220.000000 3.945236 207.869814 -0.049548 0.088892
24240.000000 3.941994 207.888819 -0.054739 0.084459
24260.000000 3.938882 207.906868 -0.059358 0.079969
24280.000000 3.935911 207.923950 -0.063403 0.075429
24300.000000 3.933090 207.940051 -0.066877 0.070843
24320.000000 3.930426 207.955159 -0.069780 0.066219
24340.000000 3.927926 207.969266 -0.072115 0.061562
24360.000000 3.925597 207.982362 -0.073884 0.056878
24380.000000 3.923445 207.994441 -0.075091 0.052174
24400.000000 3.921472 208.005497 -0.075737 0.047455
24420.000000 3.919683 208.015525 -0.075827 0.042726
24440.000000 3.918080 208.024523 -0.075365 0.037996
24460.000000 3.916664 208.032490 -0.074355 0.033268
24480.000000 3.915437 208.039425 -0.072800 0.028550
24500.000000 3.914397 208.045331 -0.070705 0.023847
24520.000000 3.913543 208.050211 -0.068076 0.019165
24540.000000 3.912874 208.054068 -0.064916 0.014511
24560.000000 3.912386 208.056910 -0.061231 0.009890
24580.000000 3.912076 208.058744 -0.057026 0.005309
24600.000000 3.911938 208.059579 -0.052306 0.000773
24620.000000 3.911968 208.059426 -0.047078 -0.003712
24640.000000 3.912158 208.058295 -0.041347 -0.008140
24660.000000 3.912502 208.056201 -0.035119 -0.012504
24680.000000 3.912992 208.053159 -0.028401 -0.016799
24700.000000 3.913619 208.049184 -0.021200 -0.021019
24720.000000 3.914374 208.044295 -0.013523 -0.025158
24740.000000 3.915247 208.038509 -0.005379 -0.029211
24760.000000 3.916228 208.031848 0.003224 -0.033171
24780.000000 3.917306 208.024332 0.012277 -0.037033
24800.000000 3.918470 208.015985 0.021771 -0.040791
24820.000000 3.919706 208.006830 0.031695 -0.044440
24840.000000 3.921004 207.996893 0.042039 -0.047974
24860.000000 3.922350 207.986199 0.052790 -0.051388
24880.000000 3.923732 207.974777 0.063935 -0.054676
24900.000000 3.925137 207.962655 0.075462 -0.057834
24920.000000 3.926552 207.949863 0.087356 -0.060856
24940.000000 3.927963 207.936431 0.099603 -0.063737
24960.000000 3.929358 207.922390 0.112185 -0.066473
24980.000000 3.930723 207.907774 0.125086 -0.069060
25000.000000 3.932047 207.892616 0.138289 -0.071492
25020.000000 3.933318 207.876949 0.151774 -0.073765
25040.000000 3.934523 207.860810 0.165521 -0.075876
25060.000000 3.935651 207.844232 0.179512 -0.077821
25080.000000 3.936692 207.827255 0.193723 -0.079597
25100.000000 3.937636 207.809913 0.208134 -0.081199
25120.000000 3.938474 207.792244 0.222721 -0.082625
25140.000000 3.939198 207.774288 0.237462 -0.083872
25160.000000 3.939800 207.756082 0.252332 -0.084938
25180.000000 3.940275 207.737666 0.267307 -0.085821
25200.000000 3.940617 207.719080 0.282362 -0.086518
25220.000000 3.940822 207.700362 0.297474 -0.087029
25240.000000 3.940887 207.681552 0.312616 -0.087351
25260.000000 3.940811 207.662693 0.327764 -0.087485
25280.000000 3.940593 207.643823 0.342892 -0.087428
25300.000000 3.940234 207.624983 0.357976 -0.087183
25320.000000 3.939735 207.606214 0.372991 -0.086747
25340.000000 3.939100 207.587556 0.387914 -0.086122
25360.000000 3.938334 207.569050 0.402719 -0.085310
25380.000000 3.937441 207.550736 0.417385 -0.084309
25400.000000 3.936428 207.532654 0.431889 -0.083124
25420.000000 3.935302 207.514844 0.446208 -0.081754
25440.000000 3.934073 207.497346 0.460323 -0.080203
25460.000000 3.932749 207.480198 0.474213 -0.078472
25480.000000 3.931341 207.463440 0.487858 -0.076565
25500.000000 3.929859 207.447109 0.501242 -0.074485
25520.000000 3.928316 207.431243 0.514346 -0.072236
25540.000000 3.926724 207.415880 0.527154 -0.069820
25560.000000 3.925095 207.401054 0.539652 -0.067242
25580.000000 3.923442 207.386802 0.551824 -0.064506
25600.000000 3.921778 207.373158 0.563659 -0.061616
25620.000000 3.920118 207.360156 0.575144 -0.058578
25640.000000 3.918475 207.347828 0.586267 -0.055395
25660.000000 3.916862 207.336207 0.597018 -0.052074
25680.000000 3.915293 207.325322 0.607388 -0.048620
25700.000000 3.913781 207.315205 0.617368 -0.045037
25720.000000 3.912340 207.305882 0.626950 -0.041332
25740.000000 3.910983 207.297381 0.636127 -0.037509
25760.000000 3.909721 207.289728 0.644892 -0.033576
25780.000000 3.908567 207.282948 0.653240 -0.029538
25800.000000 3.907533 207.277063 0.661163 -0.025401
25820.000000 3.906630 207.272096 0.668658 -0.021171
25840.000000 3.905867 207.268068 0.675720 -0.016855
25860.000000 3.905254 207.264996 0.682343 -0.012458
25880.000000 3.904801 207.262898 0.688524 -0.007988
25900.000000 3.904515 207.261792 0.694259 -0.003450
25920.000000 3.904404 207.261690 0.699543 0.001149
25940.000000 3.904475 207.262605 0.704372 0.005802
25960.000000 3.904732 207.264550 0.708742 0.010504
25980.000000 3.905182 207.267533 0.712650 0.015247
26000.000000 3.905828 207.271563 0.716092 0.020024
26020.000000 3.906673 207.276646 0.719062 0.024830
26040.000000 3.907719 207.282787 0.721558 0.029658
26060.000000 3.908967 207.289989 0.723575 0.034501
26080.000000 3.910418 207.298253 0.725108 0.039352
26100.000000 3.912071 207.307579 0.726153 0.044204
26120.000000 3.913923 207.317966 0.726705 0.049052
26140.000000 3.915973 207.329411 0.726761 0.053889
26160.000000 3.918217 207.341908 0.726314 0.058707
26180.000000 3.920649 207.355450 0.725361 0.063501
26200.000000 3.923265 207.370030 0.723897 0.068264
26220.000000 3.926057 207.385637 0.721917 0.072988
26240.000000 3.929017 207.402261 0.719417 0.077669
26260.000000 3.932138 207.419889 0.716393 0.082298
26280.000000 3.935410 207.438507 0.712841 0.086870
26300.000000 3.938822 207.458098 0.708757 0.091378
26320.000000 3.942363 207.478646 0.704138 0.095816
26340.000000 3.946020 207.500132 0.698982 0.100177
26360.000000 3.949781 207.522536 0.693286 0.104455
26380.000000 3.953631 207.545838 0.687050 0.108644
26400.000000 3.957557 207.570014 0.680273 0.112738
26420.000000 3.961542 207.595041 0.672954 0.116730
26440.000000 3.965570 207.620894 0.665096 0.120614
26460.000000 3.969625 207.647547 0.656701 0.124385
26480.000000 3.973691 207.674973 0.647773 0.128037
26500.000000 3.977748 207.703143 0.638315 0.131564
26520.000000 3.981780 207.732030 0.628335 0.134960
26540.000000 3.985768 207.761602 0.617840 0.138221
26560.000000 3.989695 207.791829 0.606839 0.141340
26580.000000 3.993541 207.822678 0.595342 0.144314
26600.000000 3.997289 207.854119 0.583362 0.147136
26620.000000 4.000920 207.886116 0.570913 0.149803
26640.000000 4.004417 207.918636 0.558010 0.152311
26660.000000 4.007762 207.951645 0.544670 0.154654
26680.000000 4.010939 207.985108 0.530912 0.156829
26700.000000 4.013932 208.018989 0.516757 0.158834
26720.000000 4.016724 208.053253 0.502227 0.160663
26740.000000 4.019303 208.087862 0.487346 0.162315
26760.000000 4.021654 208.122780 0.472139 0.163787
26780.000000 4.023765 208.157970 0.456634 0.165077
26800.000000 4.025625 208.193395 0.440858 0.166181
26820.000000 4.027225 208.229018 0.424842 0.167100
26840.000000 4.028557 208.264801 0.408616 0.167831
26860.000000 4.029613 208.300706 0.392212 0.168374
26880.000000 4.030388 208.336696 0.375663 0.168727
26900.000000 4.030880 208.372734 0.359002 0.168892
26920.000000 4.031085 208.408782 0.342264 0.168867
26940.000000 4.031003 208.444802 0.325484 0.168653
26960.000000 4.030637 208.480757 0.308695 0.168251
26980.000000 4.029987 208.516610 0.291934 0.167662
27000.000000 4.029060 208.552325 0.275234 0.166888
27020.000000 4.027860 208.587863 0.258630 0.165929
27040.000000 4.026396 208.623190 0.242157 0.164789
27060.000000 4.024676 208.658268 0.225848 0.163470
27080.000000 4.022711 208.693063 0.209735 0.161973
27100.000000 4.020511 208.727538 0.193850 0.160302
27120.000000 4.018090 208.761659 0.178224 0.158460
27140.000000 4.015460 208.795391 0.162887 0.156451
27160.000000 4.012637 208.828701 0.147866 0.154278
27180.000000 4.009637 208.861554 0.133189 0.151944
27200.000000 4.006474 208.893918 0.118881 0.149454
27220.000000 4.003165 208.925760 0.104966 0.146812
27240.000000 3.999729 208.957048 0.091466 0.144022
27260.000000 3.996181 208.987752 0.078402 0.141090
27280.000000 3.992540 209.017841 0.065793 0.138019
27300.000000 3.988824 209.047286 0.053656 0.134814
27320.000000 3.985049 209.076058 0.042009 0.131482
27340.000000 3.981234 209.104128 0.030864 0.128026
27360.000000 3.977397 209.131469 0.020235 0.124452
27380.000000 3.973553 209.158056 0.010134 0.120765
27400.000000 3.969721 209.183864 0.000569 0.116971
27420.000000 3.965915 209.208867 -0.008450 0.113076
27440.000000 3.962152 209.233043 -0.016916 0.109084
27460.000000 3.958448 209.256369 -0.024823 0.105002
27480.000000 3.954815 209.278825 -0.032166 0.100836
27500.000000 3.951269 209.300391 -0.038942 0.096590
27520.000000 3.947822 209.321048 -0.045148 0.092272
27540.000000 3.944486 209.340779 -0.050782 0.087887
27560.000000 3.941273 209.359567 -0.055843 0.083440
27580.000000 3.938192 209.377397 -0.060330 0.078938
27600.000000 3.935255 209.394256 -0.064246 0.074387
27620.000000 3.932468 209.410131 -0.067589 0.069792
27640.000000 3.929841 209.425012 -0.070363 0.065160
27660.000000 3.927380 209.438889 -0.072568 0.060496
27680.000000 3.925091 209.451754 -0.074209 0.055807
27700.000000 3.922979 209.463600 -0.075287 0.051099
27720.000000 3.921048 209.474422 -0.075807 0.046377
27740.000000 3.919301 209.484215 -0.075771 0.041648
27760.000000 3.917741 209.492978 -0.075183 0.036917
27780.000000 3.916368 209.500710 -0.074048 0.032191
27800.000000 3.915183 209.507410 -0.072370 0.027476
27820.000000 3.914186 209.513082 -0.070153 0.022777
27840.000000 3.913375 209.517728 -0.067402 0.018102
27860.000000 3.912747 209.521353 -0.064122 0.013455
27880.000000 3.912300 209.523965 -0.060318 0.008842
27900.000000 3.912030 209.525570 -0.055995 0.004270
27920.000000 3.911930 209.526179 -0.051159 -0.000255
27940.000000 3.911997 209.525801 -0.045815 -0.004727
27960.000000 3.912223 209.524450 -0.039970 -0.009140
27980.000000 3.912601 209.522139 -0.033630 -0.013489
28000.000000 3.913123 209.518882 -0.026801 -0.017768
28020.000000 3.913780 209.514697 -0.019491 -0.021970
28040.000000 3.914563 209.509602 -0.011707 -0.026090
28060.000000 3.915462 209.503615 -0.003458 -0.030122
28080.000000 3.916466 209.496757 0.005249 -0.034060
28100.000000 3.917564 209.489049 0.014404 -0.037899
28120.000000 3.918745 209.480516 0.023997 -0.041633
28140.000000 3.919997 209.471180 0.034017 -0.045256
28160.000000 3.921307 209.461068 0.044455 -0.048763
28180.000000 3.922663 209.450206 0.055297 -0.052149
28200.000000 3.924051 209.438622 0.066530 -0.055408
28220.000000 3.925459 209.426344 0.078142 -0.058535
28240.000000 3.926874 209.413403 0.090118 -0.061525
28260.000000 3.928283 209.399830 0.102442 -0.064374
28280.000000 3.929672 209.385655 0.115099 -0.067076
28300.000000 3.931029 209.370912 0.128071 -0.069628
28320.000000 3.932342 209.355635 0.141339 -0.072024
28340.000000 3.933599 209.339857 0.154886 -0.074261
28360.000000 3.934787 209.323615 0.168691 -0.076335
28380.000000 3.935896 209.306943 0.182733 -0.078241
28400.000000 3.936916 209.289879 0.196992 -0.079977
28420.000000 3.937837 209.272459 0.211445 -0.081540
28440.000000 3.938650 209.254722 0.226069 -0.082925
28460.000000 3.939346 209.236706 0.240842 -0.084131
28480.000000 3.939920 209.218448 0.255738 -0.085156
28500.000000 3.940365 209.199990 0.270733 -0.085996
28520.000000 3.940676 209.181370 0.285804 -0.086651
28540.000000 3.940849 209.162627 0.300925 -0.087119
28560.000000 3.940882 209.143803 0.316070 -0.087398
28580.000000 3.940774 209.124937 0.331216 -0.087488
28600.000000 3.940523 209.106071 0.346336 -0.087389
28620.000000 3.940132 209.087243 0.361407 -0.087100
28640.000000 3.939602 209.068496 0.376403 -0.086621
28660.000000 3.938937 209.049869 0.391301 -0.085954
28680.000000 3.938141 209.031403 0.406077 -0.085098
28700.000000 3.937220 209.013139 0.420707 -0.084055
28720.000000 3.936181 208.995115 0.435171 -0.082827
28740.000000 3.935031 208.977373 0.449445 -0.081416
28760.000000 3.933779 208.959951 0.463511 -0.079824
28780.000000 3.932435 208.942889 0.477346 -0.078053
28800.000000 3.931009 208.926225 0.490934 -0.076106
28820.000000 3.929513 208.909997 0.504255 -0.073987
28840.000000 3.927957 208.894243 0.517293 -0.071699
28860.000000 3.926355 208.878998 0.530031 -0.069246
28880.000000 3.924719 208.864300 0.542456 -0.066632
28900.000000 3.923063 208.850184 0.554553 -0.063860
28920.000000 3.921399 208.836683 0.566309 -0.060936
28940.000000 3.919741 208.823832 0.577712 -0.057865
28960.000000 3.918104 208.811663 0.588751 -0.054650
28980.000000 3.916499 208.800207 0.599416 -0.051298
29000.000000 3.914942 208.789495 0.609698 -0.047814
29020.000000 3.913446 208.779556 0.619588 -0.044203
29040.000000 3.912023 208.770418 0.629078 -0.040470
29060.000000 3.910686 208.762108 0.638162 -0.036622
29080.000000 3.909448 208.754652 0.646833 -0.032665
29100.000000 3.908321 208.748074 0.655084 -0.028603
29120.000000 3.907315 208.742397 0.662910 -0.024445
29140.000000 3.906443 208.737642 0.670307 -0.020195
29160.000000 3.905713 208.733830 0.677269 -0.015859
29180.000000 3.905136 208.730979 0.683792 -0.011445
29200.000000 3.904721 208.729106 0.689871 -0.006959
29220.000000 3.904474 208.728227 0.695503 -0.002407
29240.000000 3.904404 208.728356 0.700684 0.002205
29260.000000 3.904517 208.729506 0.705409 0.006870
29280.000000 3.904818 208.731686 0.709674 0.011582
29300.000000 3.905312 208.734908 0.713476 0.016333
29320.000000 3.906003 208.739177 0.716811 0.021118
29340.000000 3.906894 208.744501 0.719673 0.025929
29360.000000 3.907986 208.750883 0.722060 0.030761
29380.000000 3.909280 208.758327 0.723967 0.035606
29400.000000 3.910777 208.766834 0.725389 0.040458
29420.000000 3.912476 208.776402 0.726322 0.045310
29440.000000 3.914374 208.787031 0.726762 0.050156
29460.000000 3.916468 208.798716 0.726703 0.054989
29480.000000 3.918755 208.811451 0.726142 0.059803
29500.000000 3.921230 208.825231 0.725073 0.064590
29520.000000 3.923886 208.840046 0.723491 0.069344
29540.000000 3.926717 208.855887 0.721393 0.074060
29560.000000 3.929715 208.872741 0.718774 0.078729
29580.000000 3.932871 208.890596 0.715630 0.083346
29600.000000 3.936176 208.909437 0.711957 0.087904
29620.000000 3.939618 208.929247 0.707751 0.092396
29640.000000 3.943187 208.950011 0.703010 0.096817
29660.000000 3.946869 208.971708 0.697731 0.101160
29680.000000 3.950652 208.994319 0.691912 0.105419
29700.000000 3.954520 209.017822 0.685552 0.109586
29720.000000 3.958461 209.042194 0.678652 0.113657
29740.000000 3.962457 209.067411 0.671210 0.117625
29760.000000 3.966493 209.093449 0.663229 0.121484
29780.000000 3.970552 209.120281 0.654712 0.125229
29800.000000 3.974617 209.147879 0.645663 0.128852
29820.000000 3.978670 209.176216 0.636085 0.132350
29840.000000 3.982694 209.205261 0.625987 0.135716
29860.000000 3.986670 209.234985 0.615376 0.138945
29880.000000 3.990580 209.265357 0.604261 0.142031
29900.000000 3.994405 209.296344 0.592653 0.144971
29920.000000 3.998128 209.327914 0.580565 0.147758
29940.000000 4.001730 209.360034 0.568010 0.150389
29960.000000 4.005194 209.392669 0.555006 0.152859
29980.000000 4.008502 209.425785 0.541569 0.155165
30000.000000 4.011638 209.459346 0.527719 0.157302
30020.000000 4.014586 209.493317 0.513476 0.159266
30040.000000 4.017332 209.527663 0.498864 0.161056
30060.000000 4.019859 209.562345 0.483906 0.162667
30080.000000 4.022157 209.597329 0.468629 0.164097
30100.000000 4.024211 209.632576 0.453059 0.165345
30120.000000 4.026013 209.668049 0.437226 0.166407
30140.000000 4.027553 209.703712 0.421159 0.167283
30160.000000 4.028822 209.739526 0.404890 0.167971
30180.000000 4.029815 209.775454 0.388450 0.168471
30200.000000 4.030526 209.811458 0.371873 0.168781
30220.000000 4.030952 209.847502 0.355191 0.168903
30240.000000 4.031091 209.883546 0.338441 0.168834
30260.000000 4.030945 209.919555 0.321655 0.168578
30280.000000 4.030513 209.955490 0.304870 0.168133
30300.000000 4.029800 209.991315 0.288119 0.167502
30320.000000 4.028810 210.026992 0.271438 0.166685
30340.000000 4.027549 210.062486 0.254862 0.165685
30360.000000 4.026026 210.097759 0.238423 0.164504
30380.000000 4.024249 210.132776 0.222155 0.163144
30400.000000 4.022229 210.167501 0.206092 0.161607
30420.000000 4.019978 210.201898 0.190263 0.159897
30440.000000 4.017508 210.235934 0.174701 0.158017
30460.000000 4.014833 210.269573 0.159433 0.155970
30480.000000 4.011968 210.302781 0.144489 0.153759
30500.000000 4.008929 210.335525 0.129893 0.151390
30520.000000 4.005732 210.367773 0.115673 0.148865
30540.000000 4.002392 210.399491 0.101850 0.146189
30560.000000 3.998929 210.430650 0.088448 0.143366
30580.000000 3.995358 210.461216 0.075486 0.140401
30600.000000 3.991699 210.491161 0.062983 0.137300
30620.000000 3.987967 210.520454 0.050957 0.134066
30640.000000 3.984182 210.549068 0.039423 0.130704
30660.000000 3.980361 210.576975 0.028395 0.127221
30680.000000 3.976520 210.604147 0.017885 0.123621
30700.000000 3.972678 210.630558 0.007905 0.119909
30720.000000 3.968850 210.656184 -0.001535 0.116092
30740.000000 3.965053 210.681001 -0.010429 0.112174
30760.000000 3.961302 210.704985 -0.018768 0.108161
30780.000000 3.957613 210.728115 -0.026547 0.104059
30800.000000 3.953999 210.750370 -0.033761 0.099874
30820.000000 3.950474 210.771730 -0.040407 0.095612
30840.000000 3.947051 210.792177 -0.046483 0.091278
30860.000000 3.943742 210.811694 -0.051986 0.086878
30880.000000 3.940558 210.830265 -0.056916 0.082418
30900.000000 3.937509 210.847875 -0.061274 0.077904
30920.000000 3.934606 210.864510 -0.065058 0.073343
30940.000000 3.931855 210.880160 -0.068271 0.068739
30960.000000 3.929265 210.894813 -0.070915 0.064099
30980.000000 3.926843 210.908460 -0.072992 0.059429
31000.000000 3.924594 210.921093 -0.074504 0.054735
31020.000000 3.922522 210.932706 -0.075455 0.050023
31040.000000 3.920633 210.943293 -0.075847 0.045299
31060.000000 3.918929 210.952852 -0.075685 0.040569
31080.000000 3.917411 210.961380 -0.074972 0.035839
31100.000000 3.916081 210.968876 -0.073713 0.031115
31120.000000 3.914939 210.975342 -0.071912 0.026403
31140.000000 3.913985 210.980779 -0.069572 0.021709
31160.000000 3.913216 210.985192 -0.066700 0.017039
31180.000000 3.912630 210.988586 -0.063301 0.012400
31200.000000 3.912223 210.990967 -0.059378 0.007796
31220.000000 3.911992 210.992344 -0.054937 0.003234
31240.000000 3.911931 210.992727 -0.049985 -0.001279
31260.000000 3.912035 210.992126 -0.044526 -0.005739
31280.000000 3.912296 210.990555 -0.038568 -0.010138
31300.000000 3.912707 210.988027 -0.032115 -0.014471
31320.000000 3.913261 210.984557 -0.025176 -0.018733
31340.000000 3.913948 210.980163 -0.017758 -0.022917
31360.000000 3.914758 210.974862 -0.009867 -0.027017
31380.000000 3.915682 210.968675 -0.001512 -0.031029
31400.000000 3.916709 210.961621 0.007297 -0.034945
31420.000000 3.917827 210.953723 0.016553 -0.038760
31440.000000 3.919025 210.945004 0.026244 -0.042469
31460.000000 3.920291 210.935490 0.036361 -0.046066
31480.000000 3.921613 210.925204 0.046892 -0.049546
31500.000000 3.922977 210.914175 0.057824 -0.052903
31520.000000 3.924371 210.902430 0.069145 -0.056133
31540.000000 3.925782 210.889999 0.080841 -0.059229
31560.000000 3.927196 210.876911 0.092898 -0.062187
31580.000000 3.928602 210.863197 0.105300 -0.065003
31600.000000 3.929985 210.848890 0.118030 -0.067672
31620.000000 3.931333 210.834023 0.131070 -0.070188
31640.000000 3.932634 210.818628 0.144404 -0.072548
31660.000000 3.933876 210.802741 0.158011 -0.074748
31680.000000 3.935047 210.786398 0.171872 -0.076784
31700.000000 3.936137 210.769633 0.185966 -0.078652
31720.000000 3.937135 210.752485 0.200271 -0.080349
31740.000000 3.938032 210.734989 0.214765 -0.081871
31760.000000 3.938819 210.717185 0.229425 -0.083216
31780.000000 3.939488 210.699110 0.244228 -0.084381
31800.000000 3.940033 210.680804 0.259149 -0.085364
31820.000000 3.940448 210.662305 0.274164 -0.086162
31840.000000 3.940727 210.643653 0.289248 -0.086774
31860.000000 3.940869 210.624889 0.304377 -0.087199
31880.000000 3.940870 210.606052 0.319524 -0.087435
31900.000000 3.940729 210.587182 0.334666 -0.087483
31920.000000 3.940446 210.568321 0.349778 -0.087340
31940.000000 3.940023 210.549508 0.364833 -0.087008
31960.000000 3.939462 210.530785 0.379809 -0.086486
31980.000000 3.938767 210.512191 0.394681 -0.085775
