0.000000 3.376550 21.285700 -0.780411 0.013770
20.000000 3.376023 21.288019 -0.775089 0.004174
40.000000 3.376124 21.287883 -0.769643 -0.005431
60.000000 3.376853 21.285293 -0.764073 -0.015040
80.000000 3.378212 21.280247 -0.758379 -0.024652
100.000000 3.380202 21.272750 -0.752556 -0.034265
120.000000 3.382826 21.262806 -0.746598 -0.043876
140.000000 3.386085 21.250421 -0.740492 -0.053483
160.000000 3.389982 21.235604 -0.734225 -0.063082
180.000000 3.394518 21.218367 -0.727779 -0.072672
200.000000 3.399696 21.198722 -0.721133 -0.082249
220.000000 3.405519 21.176685 -0.714262 -0.091810
240.000000 3.411988 21.152272 -0.707139 -0.101352
260.000000 3.419105 21.125504 -0.699732 -0.110871
280.000000 3.426872 21.096401 -0.692006 -0.120364
300.000000 3.435289 21.064988 -0.683921 -0.129825
320.000000 3.444358 21.031291 -0.675436 -0.139251
340.000000 3.454076 20.995339 -0.666504 -0.148636
360.000000 3.464444 20.957162 -0.657075 -0.157976
380.000000 3.475457 20.916795 -0.647096 -0.167264
400.000000 3.487111 20.874272 -0.636511 -0.176494
420.000000 3.499398 20.829633 -0.625259 -0.185659
440.000000 3.512310 20.782918 -0.613278 -0.194753
460.000000 3.525835 20.734169 -0.600501 -0.203765
480.000000 3.539957 20.683435 -0.586859 -0.212689
500.000000 3.554656 20.630762 -0.572283 -0.221514
520.000000 3.569910 20.576201 -0.556699 -0.230231
540.000000 3.585690 20.519806 -0.540034 -0.238827
560.000000 3.601960 20.461633 -0.522213 -0.247291
580.000000 3.618681 20.401740 -0.503164 -0.255611
600.000000 3.635805 20.340188 -0.482813 -0.263772
620.000000 3.653277 20.277039 -0.461091 -0.271760
640.000000 3.671034 20.212358 -0.437931 -0.279559
660.000000 3.689003 20.146212 -0.413272 -0.287153
680.000000 3.707104 20.078669 -0.387060 -0.294525
700.000000 3.725245 20.009800 -0.359248 -0.301657
720.000000 3.743327 19.939675 -0.329799 -0.308529
740.000000 3.761240 19.868368 -0.298691 -0.315122
760.000000 3.778867 19.795951 -0.265912 -0.321417
780.000000 3.796081 19.722499 -0.231469 -0.327393
800.000000 3.812749 19.648086 -0.195382 -0.333031
820.000000 3.828734 19.572786 -0.157695 -0.338309
840.000000 3.843893 19.496673 -0.118470 -0.343207
860.000000 3.858085 19.419823 -0.077791 -0.347708
880.000000 3.871169 19.342307 -0.035761 -0.351791
900.000000 3.883008 19.264200 0.007490 -0.355438
920.000000 3.893472 19.185573 0.051816 -0.358634
940.000000 3.902444 19.106500 0.097049 -0.361363
960.000000 3.909817 19.027050 0.143003 -0.363612
980.000000 3.915503 18.947296 0.189480 -0.365367
1000.000000 3.919429 18.867309 0.236269 -0.366619
1020.000000 3.921545 18.787160 0.283150 -0.367360
1040.000000 3.921823 18.706921 0.329901 -0.367584
1060.000000 3.920256 18.626665 0.376302 -0.367286
1080.000000 3.916860 18.546465 0.422135 -0.366466
1100.000000 3.911676 18.466396 0.467195 -0.365125
1120.000000 3.904764 18.386534 0.511287 -0.363266
1140.000000 3.896203 18.306957 0.554231 -0.360898
1160.000000 3.886091 18.227744 0.595870 -0.358027
1180.000000 3.874540 18.148974 0.636064 -0.354667
1200.000000 3.861675 18.070729 0.674695 -0.350830
1220.000000 3.847628 17.993092 0.711668 -0.346532
1240.000000 3.832538 17.916147 0.746911 -0.341789
1260.000000 3.816545 17.839978 0.780374 -0.336621
1280.000000 3.799793 17.764670 0.812026 -0.331046
1300.000000 3.782419 17.690307 0.841858 -0.325083
1320.000000 3.764561 17.616976 0.869878 -0.318753
1340.000000 3.746346 17.544761 0.896110 -0.312076
1360.000000 3.727897 17.473747 0.920593 -0.305071
1380.000000 3.709330 17.404018 0.943377 -0.297758
1400.000000 3.690750 17.335655 0.964525 -0.290157
1420.000000 3.672255 17.268742 0.984105 -0.282285
1440.000000 3.653933 17.203359 1.002197 -0.274162
1460.000000 3.635865 17.139582 1.018881 -0.265802
1480.000000 3.618122 17.077490 1.034244 -0.257224
1500.000000 3.600767 17.017157 1.048375 -0.248443
1520.000000 3.583859 16.958656 1.061363 -0.239474
1540.000000 3.567445 16.902055 1.073298 -0.230330
1560.000000 3.551570 16.847423 1.084270 -0.221025
1580.000000 3.536271 16.794825 1.094365 -0.211572
1600.000000 3.521579 16.744323 1.103670 -0.201982
1620.000000 3.507523 16.695977 1.112267 -0.192266
1640.000000 3.494126 16.649842 1.120235 -0.182436
1660.000000 3.481407 16.605974 1.127650 -0.172499
1680.000000 3.469384 16.564423 1.134585 -0.162466
1700.000000 3.458070 16.525238 1.141107 -0.152345
1720.000000 3.447475 16.488462 1.147280 -0.142143
1740.000000 3.437610 16.454139 1.153164 -0.131869
1760.000000 3.428482 16.422308 1.158814 -0.121528
1780.000000 3.420097 16.393005 1.164280 -0.111128
1800.000000 3.412459 16.366264 1.169608 -0.100675
1820.000000 3.405573 16.342114 1.174840 -0.090173
1840.000000 3.399442 16.320584 1.180014 -0.079629
1860.000000 3.394067 16.301699 1.185161 -0.069047
1880.000000 3.389452 16.285479 1.190311 -0.058433
1900.000000 3.385598 16.271944 1.195488 -0.047790
1920.000000 3.382505 16.261110 1.200711 -0.037123
1940.000000 3.380177 16.252991 1.205995 -0.026437
1960.000000 3.378613 16.247595 1.211353 -0.015736
1980.000000 3.377816 16.244931 1.216791 -0.005023
2000.000000 3.377786 16.245004 1.222312 0.005697
2020.000000 3.378525 16.247813 1.227915 0.016419
2040.000000 3.380034 16.253360 1.233595 0.027141
2060.000000 3.382314 16.261638 1.239344 0.037858
2080.000000 3.385367 16.272641 1.245147 0.048565
2100.000000 3.389194 16.286359 1.250989 0.059258
2120.000000 3.393795 16.302778 1.256849 0.069933
2140.000000 3.399172 16.321882 1.262701 0.080586
2160.000000 3.405326 16.343653 1.268518 0.091210
2180.000000 3.412256 16.368068 1.274267 0.101803
2200.000000 3.419962 16.395103 1.279913 0.112357
2220.000000 3.428445 16.424729 1.285416 0.122870
2240.000000 3.437702 16.456916 1.290732 0.133334
2260.000000 3.447733 16.491630 1.295815 0.143745
2280.000000 3.458534 16.528835 1.300614 0.154097
2300.000000 3.470103 16.568492 1.305076 0.164385
2320.000000 3.482434 16.610558 1.309143 0.174601
2340.000000 3.495522 16.654989 1.312755 0.184742
2360.000000 3.509360 16.701737 1.315847 0.194799
2380.000000 3.523942 16.750755 1.318353 0.204767
2400.000000 3.539256 16.801988 1.320201 0.214640
2420.000000 3.555292 16.855384 1.321319 0.224411
2440.000000 3.572037 16.910886 1.321631 0.234074
2460.000000 3.589477 16.968435 1.321056 0.243621
2480.000000 3.607594 17.027972 1.319515 0.253047
2500.000000 3.626370 17.089435 1.316923 0.262344
2520.000000 3.645781 17.152761 1.313193 0.271506
2540.000000 3.665804 17.217884 1.308237 0.280524
2560.000000 3.686411 17.284739 1.301967 0.289392
2580.000000 3.707568 17.353258 1.294291 0.298103
2600.000000 3.729241 17.423374 1.285118 0.306647
2620.000000 3.751387 17.495017 1.274356 0.315017
2640.000000 3.773961 17.568119 1.261914 0.323204
2660.000000 3.796910 17.642608 1.247701 0.331199
2680.000000 3.820175 17.718415 1.231630 0.338992
2700.000000 3.843688 17.795469 1.213615 0.346572
2720.000000 3.867373 17.873699 1.193576 0.353929
2740.000000 3.891146 17.953035 1.171437 0.361049
2760.000000 3.914911 18.033406 1.147127 0.367921
2780.000000 3.938564 18.114744 1.120587 0.374529
2800.000000 3.961986 18.196977 1.091764 0.380860
2820.000000 3.985052 18.280038 1.060616 0.386896
2840.000000 4.007621 18.363859 1.027118 0.392620
2860.000000 4.029547 18.448372 0.991253 0.398016
2880.000000 4.050673 18.533511 0.953026 0.403063
2900.000000 4.070833 18.619211 0.912455 0.407744
2920.000000 4.089862 18.705408 0.869581 0.412040
2940.000000 4.107590 18.792038 0.824464 0.415932
2960.000000 4.123849 18.879042 0.777187 0.419403
2980.000000 4.138478 18.966359 0.727856 0.422438
3000.000000 4.151327 19.053931 0.676604 0.425022
3020.000000 4.162257 19.141702 0.623586 0.427146
3040.000000 4.171149 19.229618 0.568984 0.428801
3060.000000 4.177903 19.317628 0.513004 0.429982
3080.000000 4.182441 19.405682 0.455875 0.430687
3100.000000 4.184713 19.493734 0.397845 0.430917
3120.000000 4.184691 19.581738 0.339180 0.430674
3140.000000 4.182376 19.669651 0.280156 0.429964
3160.000000 4.177795 19.757432 0.221060 0.428794
3180.000000 4.170998 19.845038 0.162177 0.427171
3200.000000 4.162061 19.932430 0.103789 0.425104
3220.000000 4.151081 20.019566 0.046168 0.422603
3240.000000 4.138174 20.106403 -0.010428 0.419679
3260.000000 4.123475 20.192897 -0.065762 0.416343
3280.000000 4.107132 20.279001 -0.119619 0.412607
3300.000000 4.089305 20.364669 -0.171808 0.408486
3320.000000 4.070162 20.449848 -0.222168 0.403994
3340.000000 4.049875 20.534488 -0.270561 0.399147
3360.000000 4.028619 20.618532 -0.316880 0.393963
3380.000000 4.006564 20.701925 -0.361042 0.388460
3400.000000 3.983879 20.784608 -0.402989 0.382656
3420.000000 3.960724 20.866522 -0.442685 0.376571
3440.000000 3.937249 20.947607 -0.480115 0.370224
3460.000000 3.913594 21.027802 -0.515283 0.363632
3480.000000 3.889888 21.107045 -0.548209 0.356815
3500.000000 3.866246 21.185275 -0.578926 0.349790
3520.000000 3.842771 21.262430 -0.607479 0.342573
3540.000000 3.819551 21.338449 -0.633923 0.335179
3560.000000 3.796667 21.413272 -0.658322 0.327622
3580.000000 3.774184 21.486839 -0.680745 0.319916
3600.000000 3.752159 21.559091 -0.701265 0.312073
3620.000000 3.730638 21.629970 -0.719962 0.304102
3640.000000 3.709661 21.699420 -0.736914 0.296015
3660.000000 3.689259 21.767385 -0.752203 0.287820
3680.000000 3.669457 21.833810 -0.765912 0.279524
3700.000000 3.650274 21.898643 -0.778121 0.271135
3720.000000 3.631724 21.961833 -0.788912 0.262660
3740.000000 3.613820 22.023329 -0.798364 0.254104
3760.000000 3.596568 22.083082 -0.806556 0.245471
3780.000000 3.579974 22.141045 -0.813564 0.236768
3800.000000 3.564040 22.197172 -0.819462 0.227997
3820.000000 3.548769 22.251420 -0.824322 0.219163
3840.000000 3.534160 22.303745 -0.828214 0.210269
3860.000000 3.520213 22.354105 -0.831203 0.201318
3880.000000 3.506925 22.402462 -0.833355 0.192314
3900.000000 3.494294 22.448776 -0.834730 0.183259
3920.000000 3.482319 22.493011 -0.835388 0.174155
3940.000000 3.470997 22.535132 -0.835385 0.165006
3960.000000 3.460323 22.575105 -0.834775 0.155813
3980.000000 3.450297 22.612898 -0.833607 0.146579
4000.000000 3.440914 22.648481 -0.831931 0.137306
4020.000000 3.432173 22.681825 -0.829791 0.127996
4040.000000 3.424071 22.712903 -0.827230 0.118652
4060.000000 3.416605 22.741690 -0.824288 0.109275
4080.000000 3.409773 22.768163 -0.821001 0.099869
4100.000000 3.403573 22.792299 -0.817404 0.090433
4120.000000 3.398004 22.814078 -0.813528 0.080972
4140.000000 3.393064 22.833482 -0.809402 0.071487
4160.000000 3.388752 22.850496 -0.805052 0.061979
4180.000000 3.385066 22.865103 -0.800500 0.052452
4200.000000 3.382008 22.877292 -0.795767 0.042906
4220.000000 3.379575 22.887051 -0.790870 0.033345
4240.000000 3.377768 22.894371 -0.785823 0.023770
4260.000000 3.376587 22.899246 -0.780637 0.014183
4280.000000 3.376033 22.901671 -0.775321 0.004586
4300.000000 3.376107 22.901641 -0.769879 -0.005018
4320.000000 3.376809 22.899156 -0.764315 -0.014627
4340.000000 3.378140 22.894216 -0.758626 -0.024239
4360.000000 3.380104 22.886824 -0.752809 -0.033852
4380.000000 3.382700 22.876984 -0.746857 -0.043463
4400.000000 3.385932 22.864704 -0.740757 -0.053070
4420.000000 3.389801 22.849992 -0.734498 -0.062670
4440.000000 3.394310 22.832859 -0.728060 -0.072260
4460.000000 3.399461 22.813317 -0.721423 -0.081838
4480.000000 3.405255 22.791383 -0.714563 -0.091400
4500.000000 3.411696 22.767072 -0.707451 -0.100943
4520.000000 3.418786 22.740404 -0.700057 -0.110463
4540.000000 3.426524 22.711401 -0.692345 -0.119956
4560.000000 3.434914 22.680087 -0.684277 -0.129419
4580.000000 3.443954 22.646488 -0.675809 -0.138846
4600.000000 3.453645 22.610632 -0.666897 -0.148234
4620.000000 3.463985 22.572550 -0.657491 -0.157575
4640.000000 3.474970 22.532276 -0.647537 -0.166866
4660.000000 3.486596 22.489845 -0.636979 -0.176098
4680.000000 3.498857 22.445296 -0.625757 -0.185267
4700.000000 3.511742 22.398669 -0.613809 -0.194363
4720.000000 3.525241 22.350008 -0.601067 -0.203380
4740.000000 3.539338 22.299357 -0.587465 -0.212307
4760.000000 3.554013 22.246766 -0.572930 -0.221137
4780.000000 3.569243 22.192286 -0.557391 -0.229858
4800.000000 3.585001 22.135969 -0.540774 -0.238460
4820.000000 3.601251 22.077871 -0.523004 -0.246930
4840.000000 3.617954 22.018051 -0.504009 -0.255256
4860.000000 3.635062 21.956569 -0.483716 -0.263424
4880.000000 3.652520 21.893487 -0.462054 -0.271420
4900.000000 3.670266 21.828870 -0.438957 -0.279228
4920.000000 3.688227 21.762786 -0.414364 -0.286831
4940.000000 3.706324 21.695302 -0.388219 -0.294213
4960.000000 3.724466 21.626488 -0.360477 -0.301355
4980.000000 3.742552 21.556416 -0.331100 -0.308239
5000.000000 3.760475 21.485158 -0.300063 -0.314845
5020.000000 3.778117 21.412787 -0.267356 -0.321153
5040.000000 3.795351 21.339378 -0.232983 -0.327143
5060.000000 3.812046 21.265005 -0.196967 -0.332796
5080.000000 3.828063 21.189742 -0.159348 -0.338089
5100.000000 3.843261 21.113663 -0.120187 -0.343005
5120.000000 3.857497 21.036842 -0.079568 -0.347523
5140.000000 3.870631 20.959354 -0.037595 -0.351624
5160.000000 3.882526 20.881270 0.005607 -0.355291
5180.000000 3.893052 20.802665 0.049890 -0.358506
5200.000000 3.902090 20.723609 0.095088 -0.361256
5220.000000 3.909534 20.644174 0.141015 -0.363525
5240.000000 3.915294 20.564431 0.187474 -0.365302
5260.000000 3.919297 20.484453 0.234254 -0.366576
5280.000000 3.921492 20.404309 0.281135 -0.367339
5300.000000 3.921849 20.324073 0.327897 -0.367585
5320.000000 3.920361 20.243816 0.374317 -0.367309
5340.000000 3.917044 20.163612 0.420179 -0.366512
5360.000000 3.911935 20.083536 0.465276 -0.365193
5380.000000 3.905095 20.003664 0.509413 -0.363357
5400.000000 3.896603 19.924073 0.552411 -0.361010
5420.000000 3.886556 19.844842 0.594109 -0.358161
5440.000000 3.875065 19.766051 0.634367 -0.354821
5460.000000 3.862253 19.687782 0.673067 -0.351004
5480.000000 3.848254 19.610118 0.710113 -0.346726
5500.000000 3.833206 19.533141 0.745432 -0.342002
5520.000000 3.817250 19.456937 0.778972 -0.336852
5540.000000 3.800527 19.381590 0.810703 -0.331293
5560.000000 3.783177 19.307185 0.840613 -0.325347
5580.000000 3.765337 19.233808 0.868711 -0.319032
5600.000000 3.747134 19.161543 0.895019 -0.312370
5620.000000 3.728694 19.090475 0.919576 -0.305379
5640.000000 3.710129 19.020689 0.942432 -0.298079
5660.000000 3.691548 18.952266 0.963648 -0.290490
5680.000000 3.673047 18.885289 0.983295 -0.282629
5700.000000 3.654716 18.819838 1.001448 -0.274516
5720.000000 3.636635 18.755991 1.018191 -0.266166
5740.000000 3.618877 18.693825 1.033610 -0.257597
5760.000000 3.601505 18.633415 1.047792 -0.248825
5780.000000 3.584576 18.574833 1.060827 -0.239863
5800.000000 3.568140 18.518149 1.072806 -0.230726
5820.000000 3.552241 18.463432 1.083817 -0.221428
5840.000000 3.536916 18.410745 1.093948 -0.211981
5860.000000 3.522198 18.360152 1.103285 -0.202397
5880.000000 3.508114 18.311711 1.111910 -0.192687
5900.000000 3.494688 18.265481 1.119904 -0.182861
5920.000000 3.481940 18.221514 1.127342 -0.172928
5940.000000 3.469887 18.179863 1.134296 -0.162899
5960.000000 3.458541 18.140574 1.140834 -0.152782
5980.000000 3.447916 18.103694 1.147021 -0.142583
6000.000000 3.438019 18.069265 1.152916 -0.132312
6020.000000 3.428859 18.037326 1.158575 -0.121974
6040.000000 3.420442 18.007914 1.164048 -0.111577
6060.000000 3.412772 17.981061 1.169381 -0.101125
6080.000000 3.405854 17.956800 1.174617 -0.090626
6100.000000 3.399690 17.935157 1.179792 -0.080083
6120.000000 3.394283 17.916157 1.184940 -0.069503
6140.000000 3.389635 17.899822 1.190090 -0.058890
6160.000000 3.385748 17.886172 1.195265 -0.048248
6180.000000 3.382623 17.875221 1.200485 -0.037582
6200.000000 3.380261 17.866985 1.205767 -0.026897
6220.000000 3.378665 17.861472 1.211121 -0.016196
6240.000000 3.377835 17.858691 1.216555 -0.005484
6260.000000 3.377772 17.858645 1.222073 0.005236
6280.000000 3.378478 17.861337 1.227672 0.015958
6300.000000 3.379953 17.866766 1.233349 0.026680
6320.000000 3.382200 17.874927 1.239095 0.037397
6340.000000 3.385220 17.885813 1.244897 0.048105
6360.000000 3.389013 17.899414 1.250738 0.058799
6380.000000 3.393581 17.915717 1.256597 0.069475
6400.000000 3.398925 17.934707 1.262450 0.080128
6420.000000 3.405045 17.956364 1.268269 0.090754
6440.000000 3.411942 17.980666 1.274022 0.101348
6460.000000 3.419615 18.007588 1.279673 0.111904
6480.000000 3.428064 18.037104 1.285182 0.122419
6500.000000 3.437288 18.069181 1.290508 0.132885
6520.000000 3.447286 18.103788 1.295602 0.143299
6540.000000 3.458054 18.140886 1.300414 0.153654
6560.000000 3.469589 18.180438 1.304892 0.163944
6580.000000 3.481888 18.222401 1.308977 0.174164
6600.000000 3.494944 18.266731 1.312610 0.184307
6620.000000 3.508750 18.313382 1.315726 0.194368
6640.000000 3.523300 18.362302 1.318258 0.204340
6660.000000 3.538583 18.413442 1.320136 0.214218
6680.000000 3.554588 18.466745 1.321287 0.223993
6700.000000 3.571303 18.522158 1.321635 0.233661
6720.000000 3.588713 18.579620 1.321100 0.243213
6740.000000 3.606802 18.639073 1.319602 0.252645
6760.000000 3.625549 18.700455 1.317057 0.261947
6780.000000 3.644934 18.763702 1.313378 0.271115
6800.000000 3.664931 18.828749 1.308477 0.280139
6820.000000 3.685513 18.895531 1.302265 0.289014
6840.000000 3.706648 18.963980 1.294652 0.297731
6860.000000 3.728299 19.034028 1.285545 0.306283
6880.000000 3.750426 19.105608 1.274853 0.314661
6900.000000 3.772983 19.178648 1.262484 0.322856
6920.000000 3.795917 19.253079 1.248350 0.330859
6940.000000 3.819169 19.328830 1.232360 0.338661
6960.000000 3.842673 19.405832 1.214431 0.346251
6980.000000 3.866352 19.484013 1.194480 0.353617
7000.000000 3.890123 19.563303 1.172433 0.360748
7020.000000 3.913891 19.643632 1.148218 0.367631
7040.000000 3.937551 19.724929 1.121775 0.374251
7060.000000 3.960986 19.807125 1.093050 0.380593
7080.000000 3.984069 19.890152 1.062004 0.386643
7100.000000 4.006663 19.973942 1.028606 0.392381
7120.000000 4.028620 20.058426 0.992844 0.397791
7140.000000 4.049783 20.143540 0.954718 0.402854
7160.000000 4.069989 20.229217 0.914247 0.407551
7180.000000 4.089070 20.315393 0.871471 0.411863
7200.000000 4.106856 20.402007 0.826449 0.415773
7220.000000 4.123182 20.488996 0.779262 0.419263
7240.000000 4.137885 20.576300 0.730018 0.422316
7260.000000 4.150813 20.663862 0.678845 0.424921
7280.000000 4.161828 20.751626 0.625899 0.427065
7300.000000 4.170810 20.839537 0.571362 0.428740
7320.000000 4.177658 20.927544 0.515437 0.429941
7340.000000 4.182293 21.015597 0.458352 0.430667
7360.000000 4.184662 21.103650 0.400355 0.430917
7380.000000 4.184739 21.191657 0.341711 0.430694
7400.000000 4.182523 21.279575 0.282698 0.430004
7420.000000 4.178038 21.367362 0.223598 0.428853
7440.000000 4.171335 21.454977 0.164700 0.427249
7460.000000 4.162488 21.542379 0.106285 0.425202
7480.000000 4.151593 21.629527 0.048626 0.422719
7500.000000 4.138767 21.716377 -0.008019 0.419813
7520.000000 4.124142 21.802887 -0.063412 0.416495
7540.000000 4.107867 21.889009 -0.117336 0.412776
7560.000000 4.090100 21.974696 -0.169601 0.408671
7580.000000 4.071010 22.059898 -0.220042 0.404194
7600.000000 4.050769 22.144562 -0.268523 0.399362
7620.000000 4.029550 22.228633 -0.314933 0.394193
7640.000000 4.007526 22.312055 -0.359189 0.388703
7660.000000 3.984865 22.394770 -0.401232 0.382912
7680.000000 3.961727 22.476718 -0.441025 0.376838
7700.000000 3.938263 22.557840 -0.478553 0.370502
7720.000000 3.914613 22.638074 -0.513818 0.363920
7740.000000 3.890907 22.717360 -0.546839 0.357113
7760.000000 3.867260 22.795634 -0.577650 0.350096
7780.000000 3.843775 22.872837 -0.606295 0.342887
7800.000000 3.820543 22.948906 -0.632829 0.335500
7820.000000 3.797643 23.023781 -0.657314 0.327950
7840.000000 3.775141 23.097404 -0.679820 0.320250
7860.000000 3.753095 23.169713 -0.700421 0.312412
7880.000000 3.731553 23.240653 -0.719194 0.304447
7900.000000 3.710552 23.310165 -0.736220 0.296365
7920.000000 3.690124 23.378195 -0.751579 0.288174
7940.000000 3.670296 23.444688 -0.765354 0.279883
7960.000000 3.651086 23.509590 -0.777626 0.271498
7980.000000 3.632509 23.572852 -0.788476 0.263026
8000.000000 3.614576 23.634421 -0.797984 0.254473
8020.000000 3.597296 23.694250 -0.806229 0.245844
8040.000000 3.580674 23.752291 -0.813286 0.237143
8060.000000 3.564712 23.808499 -0.819231 0.228375
8080.000000 3.549412 23.862828 -0.824134 0.219544
8100.000000 3.534775 23.915236 -0.828065 0.210652
8120.000000 3.520799 23.965682 -0.831092 0.201704
8140.000000 3.507482 24.014125 -0.833278 0.192702
8160.000000 3.494824 24.060528 -0.834686 0.183649
8180.000000 3.482821 24.104853 -0.835374 0.174547
8200.000000 3.471470 24.147066 -0.835398 0.165400
8220.000000 3.460769 24.187132 -0.834813 0.156209
8240.000000 3.450715 24.225019 -0.833668 0.146976
8260.000000 3.441305 24.260698 -0.832013 0.137705
8280.000000 3.432536 24.294139 -0.829892 0.128397
8300.000000 3.424406 24.325315 -0.827348 0.119054
8320.000000 3.416913 24.354201 -0.824422 0.109679
8340.000000 3.410053 24.380774 -0.821149 0.100274
8360.000000 3.403826 24.405010 -0.817564 0.090840
8380.000000 3.398230 24.426891 -0.813700 0.081379
8400.000000 3.393263 24.446398 -0.809584 0.071895
8420.000000 3.388924 24.463515 -0.805243 0.062388
8440.000000 3.385212 24.478226 -0.800699 0.052862
8460.000000 3.382126 24.490519 -0.795974 0.043317
8480.000000 3.379666 24.500382 -0.791083 0.033756
8500.000000 3.377833 24.507808 -0.786043 0.024182
8520.000000 3.376625 24.512788 -0.780863 0.014595
8540.000000 3.376044 24.515318 -0.775552 0.004999
8560.000000 3.376090 24.515394 -0.770116 -0.004605
8580.000000 3.376765 24.513014 -0.764557 -0.014214
8600.000000 3.378070 24.508180 -0.758873 -0.023826
8620.000000 3.380006 24.500893 -0.753062 -0.033439
8640.000000 3.382575 24.491159 -0.747115 -0.043050
8660.000000 3.385780 24.478984 -0.741023 -0.052657
8680.000000 3.389622 24.464376 -0.734770 -0.062257
8700.000000 3.394103 24.447346 -0.728340 -0.071848
8720.000000 3.399226 24.427908 -0.721713 -0.081426
8740.000000 3.404993 24.406076 -0.714862 -0.090989
8760.000000 3.411406 24.381867 -0.707763 -0.100533
8780.000000 3.418467 24.355300 -0.700381 -0.110054
8800.000000 3.426178 24.326397 -0.692684 -0.119549
8820.000000 3.434540 24.295181 -0.684632 -0.129013
8840.000000 3.443552 24.261680 -0.676182 -0.138442
8860.000000 3.453215 24.225920 -0.667290 -0.147831
8880.000000 3.463527 24.187934 -0.657906 -0.157175
8900.000000 3.474485 24.147753 -0.647977 -0.166467
8920.000000 3.486083 24.105415 -0.637446 -0.175703
8940.000000 3.498317 24.060956 -0.626254 -0.184874
8960.000000 3.511176 24.014417 -0.614338 -0.193974
8980.000000 3.524648 23.965842 -0.601632 -0.202994
9000.000000 3.538720 23.915276 -0.588068 -0.211926
9020.000000 3.553370 23.862768 -0.573575 -0.220760
9040.000000 3.568578 23.808367 -0.558080 -0.229486
9060.000000 3.584313 23.752128 -0.541511 -0.238093
9080.000000 3.600543 23.694106 -0.523793 -0.246569
9100.000000 3.617227 23.634359 -0.504852 -0.254901
9120.000000 3.634318 23.572946 -0.484616 -0.263077
9140.000000 3.651763 23.509932 -0.463014 -0.271080
9160.000000 3.669498 23.445380 -0.439980 -0.278896
9180.000000 3.687452 23.379358 -0.415453 -0.286509
9200.000000 3.705544 23.311932 -0.389376 -0.293901
9220.000000 3.723686 23.243174 -0.361703 -0.301053
9240.000000 3.741777 23.173155 -0.332397 -0.307949
9260.000000 3.759710 23.101946 -0.301432 -0.314567
9280.000000 3.777366 23.029622 -0.268797 -0.320888
9300.000000 3.794620 22.956256 -0.234495 -0.326893
9320.000000 3.811341 22.881923 -0.198549 -0.332560
9340.000000 3.827390 22.806696 -0.160997 -0.337869
9360.000000 3.842626 22.730650 -0.121902 -0.342802
9380.000000 3.856907 22.653860 -0.081343 -0.347337
9400.000000 3.870091 22.576399 -0.039425 -0.351456
9420.000000 3.882042 22.498340 0.003726 -0.355142
9440.000000 3.892629 22.419755 0.047966 -0.358378
9460.000000 3.901734 22.340717 0.093128 -0.361147
9480.000000 3.909248 22.261297 0.139028 -0.363437
9500.000000 3.915082 22.181566 0.185469 -0.365236
9520.000000 3.919162 22.101596 0.232239 -0.366532
9540.000000 3.921435 22.021458 0.279120 -0.367317
9560.000000 3.921872 21.941224 0.325892 -0.367585
9580.000000 3.920463 21.860967 0.372331 -0.367332
9600.000000 3.917223 21.780759 0.418222 -0.366557
9620.000000 3.912191 21.700676 0.463356 -0.365260
9640.000000 3.905424 21.620793 0.507538 -0.363446
9660.000000 3.897001 21.541189 0.550588 -0.361121
9680.000000 3.887019 21.461941 0.592345 -0.358294
9700.000000 3.875587 21.383130 0.632667 -0.354975
9720.000000 3.862830 21.304837 0.671437 -0.351178
9740.000000 3.848879 21.227144 0.708556 -0.346919
9760.000000 3.833873 21.150137 0.743950 -0.342214
9780.000000 3.817952 21.073897 0.777567 -0.337082
9800.000000 3.801260 20.998511 0.809376 -0.331540
9820.000000 3.783934 20.924064 0.839365 -0.325610
9840.000000 3.766112 20.850641 0.867540 -0.319311
9860.000000 3.747923 20.778327 0.893924 -0.312663
9880.000000 3.729490 20.707206 0.918555 -0.305686
9900.000000 3.710929 20.637363 0.941483 -0.298399
9920.000000 3.692346 20.568880 0.962769 -0.290822
9940.000000 3.673840 20.501839 0.982481 -0.282972
9960.000000 3.655500 20.436321 1.000698 -0.274870
9980.000000 3.637407 20.372403 1.017500 -0.266530
10000.000000 3.619633 20.310164 1.032973 -0.257970
10020.000000 3.602243 20.249677 1.047206 -0.249206
10040.000000 3.585294 20.191014 1.060289 -0.240252
10060.000000 3.568836 20.134248 1.072311 -0.231123
10080.000000 3.552913 20.079444 1.083362 -0.221831
10100.000000 3.537563 20.026669 1.093529 -0.212390
10120.000000 3.522818 19.975984 1.102899 -0.202812
10140.000000 3.508706 19.927450 1.111553 -0.193107
10160.000000 3.495251 19.881123 1.119572 -0.183285
10180.000000 3.482474 19.837058 1.127032 -0.173357
10200.000000 3.470390 19.795306 1.134006 -0.163332
10220.000000 3.459014 19.755915 1.140561 -0.153218
10240.000000 3.448358 19.718931 1.146761 -0.143023
10260.000000 3.438430 19.684396 1.152668 -0.132755
10280.000000 3.429238 19.652349 1.158336 -0.122420
10300.000000 3.420789 19.622827 1.163816 -0.112025
10320.000000 3.413087 19.595864 1.169154 -0.101576
10340.000000 3.406136 19.571490 1.174393 -0.091078
10360.000000 3.399939 19.549734 1.179570 -0.080537
10380.000000 3.394500 19.530620 1.184719 -0.069959
10400.000000 3.389819 19.514170 1.189868 -0.059347
10420.000000 3.385899 19.500404 1.195041 -0.048706
10440.000000 3.382741 19.489338 1.200259 -0.038041
10460.000000 3.380347 19.480984 1.205538 -0.027357
10480.000000 3.378718 19.475354 1.210889 -0.016657
10500.000000 3.377855 19.472455 1.216320 -0.005945
10520.000000 3.377759 19.472292 1.221834 0.004775
10540.000000 3.378431 19.474866 1.227430 0.015497
10560.000000 3.379874 19.480178 1.233104 0.026219
10580.000000 3.382088 19.488221 1.238847 0.036937
10600.000000 3.385074 19.498990 1.244647 0.047645
10620.000000 3.388834 19.512475 1.250486 0.058339
10640.000000 3.393369 19.528662 1.256345 0.069016
10660.000000 3.398679 19.547537 1.262199 0.079671
10680.000000 3.404766 19.569079 1.268020 0.090298
10700.000000 3.411629 19.593268 1.273776 0.100893
10720.000000 3.419269 19.620078 1.279433 0.111451
10740.000000 3.427685 19.649483 1.284949 0.121968
10760.000000 3.436876 19.681451 1.290283 0.132436
10780.000000 3.446840 19.715949 1.295388 0.142852
10800.000000 3.457575 19.752942 1.300214 0.153210
10820.000000 3.469078 19.792389 1.304707 0.163503
10840.000000 3.481343 19.834249 1.308811 0.173726
10860.000000 3.494367 19.878479 1.312464 0.183873
10880.000000 3.508141 19.925030 1.315603 0.193937
10900.000000 3.522659 19.973854 1.318162 0.203914
10920.000000 3.537911 20.024899 1.320070 0.213795
10940.000000 3.553885 20.078111 1.321254 0.223575
10960.000000 3.570570 20.133434 1.321637 0.233247
10980.000000 3.587951 20.190810 1.321143 0.242805
11000.000000 3.606010 20.250178 1.319688 0.252242
11020.000000 3.624730 20.311478 1.317189 0.261550
11040.000000 3.644088 20.374646 1.313560 0.270723
11060.000000 3.664059 20.439617 1.308714 0.279755
11080.000000 3.684617 20.506326 1.302560 0.288636
11100.000000 3.705728 20.574705 1.295009 0.297360
11120.000000 3.727358 20.644686 1.285968 0.305919
11140.000000 3.749465 20.716201 1.275346 0.314304
11160.000000 3.772005 20.789179 1.263052 0.322507
11180.000000 3.794924 20.863552 1.248995 0.330519
11200.000000 3.818164 20.939248 1.233087 0.338330
11220.000000 3.841658 21.016198 1.215243 0.345929
11240.000000 3.865332 21.094330 1.195381 0.353305
11260.000000 3.889101 21.173573 1.173425 0.360446
11280.000000 3.912871 21.253859 1.149304 0.367340
11300.000000 3.936537 21.335116 1.122958 0.373972
11320.000000 3.959984 21.417275 1.094333 0.380327
11340.000000 3.983086 21.500267 1.063387 0.386389
11360.000000 4.005704 21.584025 1.030091 0.392141
11380.000000 4.027691 21.668481 0.994430 0.397565
11400.000000 4.048892 21.753569 0.956405 0.402643
11420.000000 4.069142 21.839223 0.916035 0.407357
11440.000000 4.088275 21.925380 0.873357 0.411686
11460.000000 4.106121 22.011976 0.828429 0.415613
11480.000000 4.122512 22.098950 0.781334 0.419121
11500.000000 4.137288 22.186242 0.732176 0.422194
11520.000000 4.150295 22.273794 0.681083 0.424818
11540.000000 4.161396 22.361550 0.628210 0.426982
11560.000000 4.170467 22.449456 0.573737 0.428678
11580.000000 4.177408 22.537460 0.517867 0.429900
11600.000000 4.182140 22.625512 0.460827 0.430645
11620.000000 4.184607 22.713566 0.402864 0.430916
11640.000000 4.184783 22.801575 0.344242 0.430713
11660.000000 4.182665 22.889498 0.285239 0.430043
11680.000000 4.178277 22.977292 0.226137 0.428912
11700.000000 4.171668 23.064915 0.167225 0.427328
11720.000000 4.162911 23.152327 0.108783 0.425299
11740.000000 4.152102 23.239487 0.051086 0.422835
11760.000000 4.139356 23.326351 -0.005608 0.419947
11780.000000 4.124806 23.412876 -0.061059 0.416646
11800.000000 4.108598 23.499016 -0.115051 0.412944
11820.000000 4.090892 23.584723 -0.167390 0.408855
11840.000000 4.071856 23.669947 -0.217913 0.404394
11860.000000 4.051660 23.754634 -0.266480 0.399577
11880.000000 4.030480 23.838732 -0.312981 0.394422
11900.000000 4.008488 23.922183 -0.357331 0.388945
11920.000000 3.985850 24.004930 -0.399470 0.383167
11940.000000 3.962729 24.086913 -0.439361 0.377105
11960.000000 3.939276 24.168071 -0.476986 0.370779
11980.000000 3.915632 24.248345 -0.512348 0.364208
12000.000000 3.891926 24.327672 -0.545465 0.357410
12020.000000 3.868274 24.405991 -0.576370 0.350402
12040.000000 3.844780 24.483241 -0.605107 0.343200
12060.000000 3.821536 24.559361 -0.631731 0.335821
12080.000000 3.798620 24.634289 -0.656303 0.328278
12100.000000 3.776100 24.707966 -0.678892 0.320584
12120.000000 3.754033 24.780333 -0.699574 0.312752
12140.000000 3.732468 24.851333 -0.718424 0.304792
12160.000000 3.711443 24.920908 -0.735523 0.296715
12180.000000 3.690990 24.989002 -0.750952 0.288528
12200.000000 3.671136 25.055562 -0.764793 0.280241
12220.000000 3.651899 25.120535 -0.777128 0.271860
12240.000000 3.633294 25.183867 -0.788038 0.263392
12260.000000 3.615334 25.245511 -0.797602 0.254842
12280.000000 3.598026 25.305415 -0.805899 0.246216
12300.000000 3.581375 25.363534 -0.813006 0.237519
12320.000000 3.565384 25.419822 -0.818997 0.228754
12340.000000 3.550056 25.474233 -0.823944 0.219925
12360.000000 3.535390 25.526724 -0.827915 0.211036
12380.000000 3.521386 25.577255 -0.830980 0.202090
12400.000000 3.508041 25.625785 -0.833201 0.193090
12420.000000 3.495355 25.672277 -0.834641 0.184039
12440.000000 3.483323 25.716692 -0.835358 0.174940
12460.000000 3.471945 25.758996 -0.835410 0.165794
12480.000000 3.461216 25.799155 -0.834850 0.156605
12500.000000 3.451134 25.837137 -0.833728 0.147374
12520.000000 3.441696 25.872911 -0.832094 0.138105
12540.000000 3.432900 25.906449 -0.829992 0.128798
12560.000000 3.424742 25.937723 -0.827466 0.119457
12580.000000 3.417222 25.966708 -0.824555 0.110083
12600.000000 3.410335 25.993380 -0.821296 0.100679
12620.000000 3.404081 26.017718 -0.817724 0.091246
12640.000000 3.398458 26.039700 -0.813871 0.081787
12660.000000 3.393464 26.059310 -0.809766 0.072303
12680.000000 3.389098 26.076529 -0.805434 0.062798
12700.000000 3.385359 26.091344 -0.800899 0.053272
12720.000000 3.382246 26.103741 -0.796181 0.043728
12740.000000 3.379759 26.113709 -0.791297 0.034168
12760.000000 3.377899 26.121240 -0.786262 0.024594
12780.000000 3.376664 26.126326 -0.781088 0.015008
12800.000000 3.376056 26.128961 -0.775783 0.005412
12820.000000 3.376076 26.129142 -0.770352 -0.004191
12840.000000 3.376723 26.126868 -0.764798 -0.013800
12860.000000 3.378001 26.122139 -0.759120 -0.023412
12880.000000 3.379910 26.114958 -0.753315 -0.033025
12900.000000 3.382452 26.105329 -0.747374 -0.042637
12920.000000 3.385629 26.093258 -0.741288 -0.052244
12940.000000 3.389443 26.078755 -0.735043 -0.061845
12960.000000 3.393897 26.061829 -0.728621 -0.071436
12980.000000 3.398992 26.042494 -0.722002 -0.081015
13000.000000 3.404732 26.020765 -0.715162 -0.090578
13020.000000 3.411117 25.996657 -0.708073 -0.100123
13040.000000 3.418151 25.970191 -0.700705 -0.109645
13060.000000 3.425833 25.941388 -0.693022 -0.119141
13080.000000 3.434167 25.910272 -0.684986 -0.128607
13100.000000 3.443151 25.876868 -0.676554 -0.138037
13120.000000 3.452786 25.841205 -0.667682 -0.147428
13140.000000 3.463070 25.803314 -0.658321 -0.156774
13160.000000 3.474000 25.763227 -0.648416 -0.166069
13180.000000 3.485572 25.720980 -0.637912 -0.175307
13200.000000 3.497778 25.676611 -0.626750 -0.184481
13220.000000 3.510610 25.630161 -0.614866 -0.193584
13240.000000 3.524057 25.581673 -0.602196 -0.202608
13260.000000 3.538102 25.531192 -0.588670 -0.211543
13280.000000 3.552729 25.478766 -0.574218 -0.220382
13300.000000 3.567913 25.424446 -0.558768 -0.229113
13320.000000 3.583626 25.368284 -0.542247 -0.237725
13340.000000 3.599835 25.310338 -0.524579 -0.246207
13360.000000 3.616501 25.250663 -0.505693 -0.254546
13380.000000 3.633576 25.189321 -0.485514 -0.262729
13400.000000 3.651006 25.126375 -0.463972 -0.270740
13420.000000 3.668730 25.061888 -0.441001 -0.278564
13440.000000 3.686676 24.995927 -0.416539 -0.286186
13460.000000 3.704765 24.928560 -0.390530 -0.293588
13480.000000 3.722906 24.859858 -0.362926 -0.300751
13500.000000 3.741002 24.789891 -0.333691 -0.307658
13520.000000 3.758943 24.718732 -0.302797 -0.314288
13540.000000 3.776614 24.646455 -0.270234 -0.320623
13560.000000 3.793888 24.573132 -0.236004 -0.326641
13580.000000 3.810635 24.498838 -0.200128 -0.332323
13600.000000 3.826716 24.423649 -0.162644 -0.337649
13620.000000 3.841989 24.347637 -0.123613 -0.342598
13640.000000 3.856314 24.270877 -0.083116 -0.347150
13660.000000 3.869549 24.193443 -0.041254 -0.351288
13680.000000 3.881555 24.115408 0.001848 -0.354993
13700.000000 3.892204 24.036845 0.046044 -0.358248
13720.000000 3.901374 23.957825 0.091170 -0.361038
13740.000000 3.908959 23.878420 0.137042 -0.363349
13760.000000 3.914867 23.798701 0.183464 -0.365169
13780.000000 3.919023 23.718740 0.230224 -0.366486
13800.000000 3.921375 23.638607 0.277105 -0.367293
13820.000000 3.921891 23.558376 0.323886 -0.367584
13840.000000 3.920561 23.478118 0.370344 -0.367354
13860.000000 3.917400 23.397907 0.416263 -0.366601
13880.000000 3.912444 23.317817 0.461434 -0.365327
13900.000000 3.905750 23.237924 0.505660 -0.363535
13920.000000 3.897396 23.158306 0.548763 -0.361232
13940.000000 3.887478 23.079041 0.590578 -0.358425
13960.000000 3.876107 23.000209 0.630965 -0.355127
13980.000000 3.863404 22.921892 0.669803 -0.351351
14000.000000 3.849501 22.844172 0.706995 -0.347111
14020.000000 3.834538 22.767133 0.742465 -0.342425
14040.000000 3.818654 22.690859 0.776159 -0.337311
14060.000000 3.801991 22.615435 0.808046 -0.331787
14080.000000 3.784690 22.540946 0.838113 -0.325873
14100.000000 3.766887 22.467477 0.866365 -0.319589
14120.000000 3.748711 22.395113 0.892826 -0.312956
14140.000000 3.730286 22.323939 0.917532 -0.305992
14160.000000 3.711728 22.254040 0.940532 -0.298718
14180.000000 3.693144 22.185497 0.961886 -0.291153
14200.000000 3.674632 22.118392 0.981665 -0.283315
14220.000000 3.656284 22.052807 0.999944 -0.275223
14240.000000 3.638178 21.988819 1.016805 -0.266893
14260.000000 3.620389 21.926505 1.032334 -0.258342
14280.000000 3.602982 21.865941 1.046619 -0.249587
14300.000000 3.586013 21.807199 1.059749 -0.240641
14320.000000 3.569533 21.750349 1.071815 -0.231519
14340.000000 3.553586 21.695460 1.082906 -0.222234
14360.000000 3.538210 21.642596 1.093109 -0.212799
14380.000000 3.523439 21.591820 1.102511 -0.203226
14400.000000 3.509299 21.543193 1.111195 -0.193526
14420.000000 3.495816 21.496770 1.119239 -0.183710
14440.000000 3.483009 21.452607 1.126722 -0.173786
14460.000000 3.470895 21.410754 1.133715 -0.163765
14480.000000 3.459489 21.371261 1.140286 -0.153655
14500.000000 3.448801 21.334172 1.146501 -0.143463
14520.000000 3.438841 21.299531 1.152419 -0.133198
14540.000000 3.429618 21.267376 1.158096 -0.122866
14560.000000 3.421137 21.237745 1.163583 -0.112473
14580.000000 3.413402 21.210671 1.168927 -0.102026
14600.000000 3.406419 21.186186 1.174169 -0.091530
14620.000000 3.400190 21.164316 1.179349 -0.080991
14640.000000 3.394718 21.145088 1.184498 -0.070414
14660.000000 3.390005 21.128524 1.189646 -0.059803
14680.000000 3.386052 21.114642 1.194818 -0.049164
14700.000000 3.382861 21.103459 1.200034 -0.038500
14720.000000 3.380434 21.094988 1.205310 -0.027817
14740.000000 3.378772 21.089241 1.210657 -0.017117
14760.000000 3.377876 21.086224 1.216085 -0.006406
14780.000000 3.377747 21.085944 1.221595 0.004314
14800.000000 3.378387 21.088401 1.227188 0.015036
14820.000000 3.379796 21.093594 1.232858 0.025758
14840.000000 3.381977 21.101520 1.238599 0.036476
14860.000000 3.384930 21.112172 1.244396 0.047185
14880.000000 3.388657 21.125540 1.250234 0.057880
14900.000000 3.393158 21.141612 1.256093 0.068558
14920.000000 3.398435 21.160371 1.261948 0.079213
14940.000000 3.404488 21.181799 1.267771 0.089842
14960.000000 3.411318 21.205875 1.273531 0.100438
14980.000000 3.418925 21.232573 1.279192 0.110998
15000.000000 3.427307 21.261867 1.284715 0.121516
15020.000000 3.436465 21.293725 1.290058 0.131987
15040.000000 3.446396 21.328116 1.295174 0.142406
15060.000000 3.457098 21.365001 1.300013 0.152766
15080.000000 3.468568 21.404344 1.304522 0.163062
15100.000000 3.480800 21.446101 1.308643 0.173288
15120.000000 3.493791 21.490230 1.312317 0.183438
15140.000000 3.507534 21.536683 1.315480 0.193507
15160.000000 3.522020 21.585410 1.318065 0.203487
15180.000000 3.537240 21.636361 1.320002 0.213372
15200.000000 3.553184 21.689480 1.321219 0.223157
15220.000000 3.569838 21.744714 1.321638 0.232834
15240.000000 3.587189 21.802002 1.321183 0.242397
15260.000000 3.605220 21.861287 1.319771 0.251839
15280.000000 3.623912 21.922505 1.317319 0.261153
15300.000000 3.643243 21.985594 1.313741 0.270332
15320.000000 3.663188 22.050489 1.308949 0.279369
15340.000000 3.683721 22.117124 1.302853 0.288257
15360.000000 3.704809 22.185432 1.295364 0.296988
15380.000000 3.726418 22.255346 1.286389 0.305554
15400.000000 3.748506 22.326796 1.275837 0.313947
15420.000000 3.771027 22.399714 1.263616 0.322158
15440.000000 3.793931 22.474028 1.249637 0.330179
15460.000000 3.817159 22.549669 1.233810 0.337998
15480.000000 3.840644 22.626566 1.216051 0.345607
15500.000000 3.864311 22.704648 1.196277 0.352993
15520.000000 3.888078 22.783845 1.174413 0.360144
15540.000000 3.911850 22.864087 1.150387 0.367049
15560.000000 3.935523 22.945304 1.124137 0.373692
15580.000000 3.958983 23.027426 1.095611 0.380059
15600.000000 3.982101 23.110384 1.064766 0.386134
15620.000000 4.004743 23.194111 1.031571 0.391900
15640.000000 4.026761 23.278538 0.996012 0.397339
15660.000000 4.047998 23.363600 0.958089 0.402433
15680.000000 4.068293 23.449231 0.917818 0.407162
15700.000000 4.087477 23.535367 0.875238 0.411508
15720.000000 4.105382 23.621946 0.830406 0.415453
15740.000000 4.121840 23.708905 0.783402 0.418979
15760.000000 4.136688 23.796184 0.734330 0.422071
15780.000000 4.149775 23.883726 0.683317 0.424715
15800.000000 4.160960 23.971475 0.630517 0.426899
15820.000000 4.170120 24.059375 0.576109 0.428614
15840.000000 4.177155 24.147376 0.520294 0.429857
15860.000000 4.181982 24.235427 0.463300 0.430623
15880.000000 4.184548 24.323481 0.405371 0.430914
15900.000000 4.184823 24.411494 0.346772 0.430732
15920.000000 4.182803 24.499422 0.287779 0.430082
15940.000000 4.178512 24.587222 0.228676 0.428970
15960.000000 4.171997 24.674853 0.169750 0.427405
15980.000000 4.163331 24.762275 0.111282 0.425395
16000.000000 4.152608 24.849446 0.053548 0.422950
16020.000000 4.139942 24.936324 -0.003194 0.420079
16040.000000 4.125467 25.022865 -0.058704 0.416796
16060.000000 4.109327 25.109022 -0.112762 0.413111
16080.000000 4.091682 25.194749 -0.165176 0.409039
16100.000000 4.072699 25.279994 -0.215780 0.404593
16120.000000 4.052550 25.364706 -0.264434 0.399791
16140.000000 4.031409 25.448830 -0.311026 0.394650
16160.000000 4.009448 25.532310 -0.355470 0.389187
16180.000000 3.986835 25.615089 -0.397705 0.383421
16200.000000 3.963731 25.697105 -0.437692 0.377371
16220.000000 3.940289 25.778301 -0.475415 0.371056
16240.000000 3.916651 25.858614 -0.510874 0.364495
16260.000000 3.892945 25.937983 -0.544087 0.357707
16280.000000 3.869288 26.016347 -0.575087 0.350707
16300.000000 3.845786 26.093644 -0.603916 0.343514
16320.000000 3.822529 26.169813 -0.630629 0.336142
16340.000000 3.799597 26.244794 -0.655287 0.328605
16360.000000 3.777059 26.318526 -0.677961 0.320918
16380.000000 3.754972 26.390951 -0.698723 0.313092
16400.000000 3.733384 26.462010 -0.717650 0.305137
16420.000000 3.712335 26.531648 -0.734823 0.297064
16440.000000 3.691858 26.599807 -0.750322 0.288882
16460.000000 3.671977 26.666434 -0.764229 0.280599
16480.000000 3.652713 26.731476 -0.776627 0.272222
16500.000000 3.634081 26.794880 -0.787597 0.263758
16520.000000 3.616093 26.856597 -0.797217 0.255212
16540.000000 3.598756 26.916577 -0.805568 0.246589
16560.000000 3.582077 26.974774 -0.812724 0.237894
16580.000000 3.566058 27.031141 -0.818762 0.229132
16600.000000 3.550702 27.085633 -0.823751 0.220306
16620.000000 3.536007 27.138209 -0.827764 0.211419
16640.000000 3.521974 27.188825 -0.830866 0.202476
16660.000000 3.508602 27.237442 -0.833122 0.193478
16680.000000 3.495887 27.284021 -0.834594 0.184429
16700.000000 3.483827 27.328527 -0.835342 0.175332
16720.000000 3.472420 27.370922 -0.835421 0.166188
16740.000000 3.461664 27.411174 -0.834886 0.157001
16760.000000 3.451554 27.449250 -0.833788 0.147772
16780.000000 3.442089 27.485120 -0.832174 0.138504
16800.000000 3.433265 27.518754 -0.830092 0.129199
16820.000000 3.425080 27.550126 -0.827583 0.119859
16840.000000 3.417532 27.579210 -0.824687 0.110487
16860.000000 3.410618 27.605982 -0.821443 0.101084
16880.000000 3.404337 27.630421 -0.817884 0.091652
16900.000000 3.398687 27.652505 -0.814042 0.082194
16920.000000 3.393666 27.672217 -0.809947 0.072711
16940.000000 3.389272 27.689539 -0.805624 0.063207
16960.000000 3.385507 27.704458 -0.801098 0.053682
16980.000000 3.382367 27.716959 -0.796387 0.044138
17000.000000 3.379853 27.727032 -0.791510 0.034579
17020.000000 3.377966 27.734668 -0.786482 0.025005
17040.000000 3.376704 27.739859 -0.781313 0.015420
17060.000000 3.376069 27.742599 -0.776014 0.005825
17080.000000 3.376062 27.742886 -0.770588 -0.003778
17100.000000 3.376683 27.740717 -0.765040 -0.013387
17120.000000 3.377933 27.736094 -0.759367 -0.022999
17140.000000 3.379815 27.729018 -0.753567 -0.032612
17160.000000 3.382330 27.719494 -0.747632 -0.042223
17180.000000 3.385479 27.707529 -0.741553 -0.051831
17200.000000 3.389266 27.693130 -0.735315 -0.061432
17220.000000 3.393692 27.676308 -0.728901 -0.071024
17240.000000 3.398760 27.657076 -0.722291 -0.080603
17260.000000 3.404472 27.635449 -0.715461 -0.090167
17280.000000 3.410829 27.611443 -0.708384 -0.099713
17300.000000 3.417835 27.585079 -0.701028 -0.109236
17320.000000 3.425490 27.556376 -0.693359 -0.118733
17340.000000 3.433795 27.525358 -0.685339 -0.128200
17360.000000 3.442752 27.492052 -0.676926 -0.137633
17380.000000 3.452359 27.456486 -0.668074 -0.147025
17400.000000 3.462615 27.418689 -0.658734 -0.156373
17420.000000 3.473517 27.378696 -0.648854 -0.165670
17440.000000 3.485061 27.336541 -0.638377 -0.174911
17460.000000 3.497240 27.292263 -0.627244 -0.184088
17480.000000 3.510046 27.245902 -0.615393 -0.193194
17500.000000 3.523466 27.197500 -0.602758 -0.202221
17520.000000 3.537486 27.147104 -0.589270 -0.211161
17540.000000 3.552088 27.094760 -0.574859 -0.220004
17560.000000 3.567249 27.040521 -0.559454 -0.228740
17580.000000 3.582940 26.984437 -0.542980 -0.237357
17600.000000 3.599129 26.926566 -0.525364 -0.245845
17620.000000 3.615775 26.866965 -0.506531 -0.254191
17640.000000 3.632834 26.805693 -0.486409 -0.262380
17660.000000 3.650251 26.742814 -0.464927 -0.270399
17680.000000 3.667963 26.678392 -0.442019 -0.278232
17700.000000 3.685901 26.612493 -0.417622 -0.285863
17720.000000 3.703985 26.545186 -0.391680 -0.293274
17740.000000 3.722126 26.476539 -0.364146 -0.300448
17760.000000 3.740226 26.406625 -0.334982 -0.307366
17780.000000 3.758177 26.335516 -0.304160 -0.314009
17800.000000 3.775861 26.263285 -0.271669 -0.320357
17820.000000 3.793156 26.190006 -0.237510 -0.326389
17840.000000 3.809928 26.115753 -0.201704 -0.332086
17860.000000 3.826040 26.040600 -0.164288 -0.337427
17880.000000 3.841351 25.964622 -0.125322 -0.342393
17900.000000 3.855720 25.887893 -0.084886 -0.346963
17920.000000 3.869004 25.810487 -0.043080 -0.351119
17940.000000 3.881066 25.732476 -0.000029 -0.354843
17960.000000 3.891776 25.653934 0.044123 -0.358118
17980.000000 3.901012 25.574932 0.089213 -0.360928
18000.000000 3.908667 25.495542 0.135057 -0.363260
18020.000000 3.914648 25.415835 0.181459 -0.365101
18040.000000 3.918881 25.335883 0.228209 -0.366440
18060.000000 3.921312 25.255756 0.275090 -0.367269
18080.000000 3.921907 25.175528 0.321880 -0.367582
18100.000000 3.920656 25.095269 0.368356 -0.367374
18120.000000 3.917573 25.015054 0.414303 -0.366644
18140.000000 3.912693 24.934958 0.459510 -0.365392
18160.000000 3.906072 24.855055 0.503781 -0.363623
18180.000000 3.897788 24.775423 0.546935 -0.361341
18200.000000 3.887936 24.696141 0.588809 -0.358556
18220.000000 3.876624 24.617290 0.629260 -0.355279
18240.000000 3.863976 24.538949 0.668167 -0.351523
18260.000000 3.850122 24.461202 0.705431 -0.347303
18280.000000 3.835201 24.384132 0.740976 -0.342636
18300.000000 3.819354 24.307823 0.774747 -0.337539
18320.000000 3.802722 24.232360 0.806712 -0.332033
18340.000000 3.785446 24.157829 0.836857 -0.326135
18360.000000 3.767661 24.084315 0.865188 -0.319867
18380.000000 3.749498 24.011902 0.891725 -0.313248
18400.000000 3.731082 23.940675 0.916505 -0.306298
18420.000000 3.712527 23.870719 0.939577 -0.299037
18440.000000 3.693942 23.802116 0.961001 -0.291484
18460.000000 3.675426 23.734948 0.980846 -0.283658
18480.000000 3.657068 23.669295 0.999188 -0.275576
18500.000000 3.638951 23.605237 1.016108 -0.267256
18520.000000 3.621147 23.542850 1.031692 -0.258714
18540.000000 3.603722 23.482209 1.046029 -0.249967
18560.000000 3.586733 23.423387 1.059207 -0.241029
18580.000000 3.570231 23.366455 1.071317 -0.231914
18600.000000 3.554260 23.311480 1.082448 -0.222636
18620.000000 3.538859 23.258528 1.092688 -0.213208
18640.000000 3.524061 23.207661 1.102122 -0.203641
18660.000000 3.509894 23.158939 1.110835 -0.193946
18680.000000 3.496382 23.112421 1.118906 -0.184134
18700.000000 3.483546 23.068159 1.126411 -0.174215
18720.000000 3.471402 23.026207 1.133423 -0.164198
18740.000000 3.459964 22.986611 1.140012 -0.154091
18760.000000 3.449246 22.949418 1.146241 -0.143903
18780.000000 3.439255 22.914670 1.152170 -0.133641
18800.000000 3.429999 22.882408 1.157856 -0.123311
18820.000000 3.421486 22.852668 1.163351 -0.112921
18840.000000 3.413719 22.825483 1.168699 -0.102476
18860.000000 3.406704 22.800886 1.173946 -0.091982
18880.000000 3.400442 22.778904 1.179127 -0.081445
18900.000000 3.394938 22.759562 1.184277 -0.070870
18920.000000 3.390192 22.742882 1.189425 -0.060260
18940.000000 3.386206 22.728884 1.194595 -0.049622
18960.000000 3.382983 22.717585 1.199809 -0.038959
18980.000000 3.380523 22.708998 1.205082 -0.028276
19000.000000 3.378828 22.703133 1.210426 -0.017577
19020.000000 3.377899 22.699999 1.215850 -0.006866
19040.000000 3.377737 22.699601 1.221356 0.003853
19060.000000 3.378343 22.701940 1.226946 0.014575
19080.000000 3.379720 22.707016 1.232613 0.025298
19100.000000 3.381867 22.714824 1.238351 0.036015
19120.000000 3.384787 22.725359 1.244146 0.046724
19140.000000 3.388481 22.738611 1.249983 0.057420
19160.000000 3.392949 22.754567 1.255841 0.068099
19180.000000 3.398192 22.773211 1.261696 0.078755
19200.000000 3.404212 22.794524 1.267522 0.089385
19220.000000 3.411008 22.818487 1.273285 0.099983
19240.000000 3.418582 22.845073 1.278951 0.110545
19260.000000 3.426931 22.874255 1.284481 0.121065
19280.000000 3.436055 22.906004 1.289833 0.131538
19300.000000 3.445953 22.940286 1.294959 0.141959
19320.000000 3.456622 22.977066 1.299811 0.152322
19340.000000 3.468059 23.016303 1.304335 0.162620
19360.000000 3.480259 23.057958 1.308475 0.172850
19380.000000 3.493217 23.101986 1.312169 0.183003
19400.000000 3.506927 23.148339 1.315355 0.193075
19420.000000 3.521382 23.196970 1.317966 0.203059
19440.000000 3.536570 23.247826 1.319933 0.212949
19460.000000 3.552483 23.300854 1.321182 0.222738
19480.000000 3.569108 23.355997 1.321638 0.232420
19500.000000 3.586429 23.413199 1.321222 0.241988
19520.000000 3.604431 23.472399 1.319853 0.251435
19540.000000 3.623095 23.533535 1.317447 0.260755
19560.000000 3.642399 23.596545 1.313919 0.269940
19580.000000 3.662318 23.661363 1.309181 0.278984
19600.000000 3.682827 23.727925 1.303143 0.287878
19620.000000 3.703892 23.796163 1.295716 0.296616
19640.000000 3.725478 23.866009 1.286806 0.305190
19660.000000 3.747547 23.937395 1.276324 0.313590
19680.000000 3.770051 24.010250 1.264177 0.321809
19700.000000 3.792939 24.084506 1.250275 0.329838
19720.000000 3.816154 24.160091 1.234530 0.337666
19740.000000 3.839630 24.236936 1.216855 0.345284
19760.000000 3.863291 24.314969 1.197170 0.352680
19780.000000 3.887055 24.394120 1.175397 0.359842
19800.000000 3.910829 24.474318 1.151465 0.366757
19820.000000 3.934509 24.555494 1.125312 0.373412
19840.000000 3.957980 24.637579 1.096885 0.379792
19860.000000 3.981116 24.720502 1.066140 0.385879
19880.000000 4.003782 24.804197 1.033047 0.391659
19900.000000 4.025829 24.888596 0.997590 0.397112
19920.000000 4.047104 24.973632 0.959768 0.402221
19940.000000 4.067442 25.059240 0.919598 0.406966
19960.000000 4.086678 25.145355 0.877116 0.411329
19980.000000 4.104641 25.231916 0.832379 0.415292
20000.000000 4.121164 25.318860 0.785467 0.418837
20020.000000 4.136085 25.406127 0.736481 0.421947
20040.000000 4.149250 25.493659 0.685549 0.424610
20060.000000 4.160519 25.581400 0.632822 0.426814
20080.000000 4.169770 25.669295 0.578479 0.428550
20100.000000 4.176897 25.757292 0.522720 0.429813
20120.000000 4.181821 25.845342 0.465771 0.430600
20140.000000 4.184485 25.933397 0.407878 0.430911
20160.000000 4.184858 26.021413 0.349302 0.430749
20180.000000 4.182937 26.109345 0.290320 0.430119
20200.000000 4.178742 26.197151 0.231216 0.429027
20220.000000 4.172322 26.284791 0.172276 0.427481
20240.000000 4.163746 26.372223 0.113783 0.425490
20260.000000 4.153110 26.459405 0.056012 0.423064
20280.000000 4.140525 26.546297 -0.000778 0.420211
20300.000000 4.126124 26.632853 -0.056346 0.416945
20320.000000 4.110053 26.719028 -0.110470 0.413277
20340.000000 4.092470 26.804774 -0.162959 0.409221
20360.000000 4.073541 26.890041 -0.213644 0.404792
20380.000000 4.053438 26.974777 -0.262384 0.400005
20400.000000 4.032336 27.058927 -0.309066 0.394878
20420.000000 4.010406 27.142436 -0.353604 0.389428
20440.000000 3.987818 27.225246 -0.395935 0.383675
20460.000000 3.964733 27.307297 -0.436019 0.377637
20480.000000 3.941302 27.388529 -0.473840 0.371333
20500.000000 3.917669 27.468881 -0.509396 0.364782
20520.000000 3.893964 27.548292 -0.542705 0.358003
20540.000000 3.870303 27.626700 -0.573799 0.351012
20560.000000 3.846792 27.704044 -0.602720 0.343827
20580.000000 3.823523 27.780263 -0.629523 0.336462
20600.000000 3.800576 27.855296 -0.654269 0.328933
20620.000000 3.778019 27.929083 -0.677026 0.321251
20640.000000 3.755912 28.001566 -0.697868 0.313431
20660.000000 3.734302 28.072685 -0.716873 0.305481
20680.000000 3.713229 28.142385 -0.734119 0.297414
20700.000000 3.692726 28.210609 -0.749689 0.289236
20720.000000 3.672819 28.277303 -0.763663 0.280957
20740.000000 3.653528 28.342414 -0.776124 0.272584
20760.000000 3.634869 28.405889 -0.787153 0.264123
20780.000000 3.616853 28.467680 -0.796830 0.255581
20800.000000 3.599488 28.527736 -0.805234 0.246961
20820.000000 3.582781 28.586010 -0.812440 0.238269
20840.000000 3.566733 28.642457 -0.818524 0.229510
20860.000000 3.551348 28.697031 -0.823558 0.220686
20880.000000 3.536625 28.749689 -0.827611 0.211802
20900.000000 3.522564 28.800390 -0.830750 0.202861
20920.000000 3.509163 28.849094 -0.833041 0.193866
20940.000000 3.496420 28.895762 -0.834546 0.184819
20960.000000 3.484332 28.940357 -0.835324 0.175724
20980.000000 3.472897 28.982844 -0.835431 0.166582
21000.000000 3.462113 29.023189 -0.834921 0.157397
21020.000000 3.451975 29.061359 -0.833846 0.148170
21040.000000 3.442482 29.097324 -0.832254 0.138903
21060.000000 3.433631 29.131055 -0.830190 0.129600
21080.000000 3.425419 29.162525 -0.827699 0.120261
21100.000000 3.417843 29.191708 -0.824819 0.110890
21120.000000 3.410902 29.218580 -0.821589 0.101488
21140.000000 3.404594 29.243119 -0.818043 0.092058
21160.000000 3.398917 29.265305 -0.814213 0.082601
21180.000000 3.393869 29.285120 -0.810128 0.073120
21200.000000 3.389448 29.302545 -0.805815 0.063616
21220.000000 3.385656 29.317567 -0.801296 0.054092
21240.000000 3.382489 29.330173 -0.796593 0.044549
21260.000000 3.379949 29.340350 -0.791723 0.034990
21280.000000 3.378034 29.348091 -0.786701 0.025417
21300.000000 3.376746 29.353387 -0.781538 0.015832
21320.000000 3.376084 29.356233 -0.776244 0.006237
21340.000000 3.376049 29.356625 -0.770824 -0.003365
21360.000000 3.376643 29.354562 -0.765281 -0.012974
21380.000000 3.377866 29.350044 -0.759614 -0.022586
21400.000000 3.379721 29.343074 -0.753819 -0.032199
21420.000000 3.382208 29.333655 -0.747890 -0.041810
21440.000000 3.385331 29.321794 -0.741817 -0.051418
21460.000000 3.389090 29.307500 -0.735586 -0.061019
21480.000000 3.393489 29.290782 -0.729180 -0.070612
21500.000000 3.398529 29.271654 -0.722579 -0.080192
21520.000000 3.404213 29.250129 -0.715759 -0.089757
21540.000000 3.410543 29.226225 -0.708693 -0.099303
21560.000000 3.417520 29.199961 -0.701350 -0.108827
21580.000000 3.425147 29.171359 -0.693696 -0.118326
21600.000000 3.433425 29.140440 -0.685692 -0.127794
21620.000000 3.442353 29.107232 -0.677296 -0.137228
21640.000000 3.451932 29.071762 -0.668464 -0.146622
21660.000000 3.462161 29.034061 -0.659146 -0.155972
21680.000000 3.473035 28.994161 -0.649290 -0.165272
21700.000000 3.484552 28.952099 -0.638840 -0.174515
21720.000000 3.496704 28.907911 -0.627737 -0.183695
21740.000000 3.509482 28.861639 -0.615918 -0.192804
21760.000000 3.522877 28.813324 -0.603318 -0.201835
21780.000000 3.536872 28.763012 -0.589868 -0.210779
21800.000000 3.551449 28.710751 -0.575499 -0.219626
21820.000000 3.566586 28.656592 -0.560138 -0.228367
21840.000000 3.582255 28.600587 -0.543711 -0.236990
21860.000000 3.598423 28.542791 -0.526146 -0.245483
21880.000000 3.615051 28.483263 -0.507366 -0.253835
21900.000000 3.632093 28.422062 -0.487301 -0.262032
21920.000000 3.649495 28.359251 -0.465880 -0.270058
21940.000000 3.667196 28.294894 -0.443034 -0.277899
21960.000000 3.685126 28.229057 -0.418702 -0.285539
21980.000000 3.703206 28.161809 -0.392828 -0.292960
22000.000000 3.721347 28.093218 -0.365363 -0.300145
22020.000000 3.739450 28.023358 -0.336269 -0.307074
22040.000000 3.757410 27.952298 -0.305519 -0.313729
22060.000000 3.775108 27.880114 -0.273100 -0.320090
22080.000000 3.792422 27.806878 -0.239013 -0.326137
22100.000000 3.809219 27.732665 -0.203276 -0.331848
22120.000000 3.825362 27.657550 -0.165929 -0.337205
22140.000000 3.840711 27.581606 -0.127028 -0.342187
22160.000000 3.855123 27.504908 -0.086653 -0.346775
22180.000000 3.868457 27.427529 -0.044904 -0.350949
22200.000000 3.880574 27.349543 -0.001904 -0.354692
22220.000000 3.891345 27.271022 0.042204 -0.357986
22240.000000 3.900647 27.192038 0.087257 -0.360817
22260.000000 3.908372 27.112663 0.133073 -0.363169
22280.000000 3.914427 27.032969 0.179455 -0.365032
22300.000000 3.918736 26.953025 0.226195 -0.366393
22320.000000 3.921245 26.872905 0.273075 -0.367244
22340.000000 3.921919 26.792679 0.319873 -0.367579
22360.000000 3.920748 26.712421 0.366368 -0.367394
22380.000000 3.917743 26.632202 0.412341 -0.366686
22400.000000 3.912939 26.552099 0.457584 -0.365457
22420.000000 3.906392 26.472186 0.501899 -0.363709
22440.000000 3.898177 26.392541 0.545105 -0.361449
22460.000000 3.888390 26.313243 0.587037 -0.358686
22480.000000 3.877139 26.234371 0.627551 -0.355430
22500.000000 3.864545 26.156007 0.666527 -0.351694
22520.000000 3.850741 26.078232 0.703863 -0.347494
22540.000000 3.835863 26.001131 0.739484 -0.342845
22560.000000 3.820052 25.924788 0.773332 -0.337767
22580.000000 3.803451 25.849287 0.805375 -0.332277
22600.000000 3.786200 25.774714 0.835599 -0.326396
22620.000000 3.768434 25.701154 0.864007 -0.320144
22640.000000 3.750285 25.628692 0.890620 -0.313539
22660.000000 3.731877 25.557413 0.915475 -0.306603
22680.000000 3.713326 25.487400 0.938619 -0.299355
22700.000000 3.694740 25.418737 0.960113 -0.291815
22720.000000 3.676219 25.351506 0.980024 -0.284000
22740.000000 3.657853 25.285787 0.998429 -0.275928
22760.000000 3.639724 25.221658 1.015409 -0.267618
22780.000000 3.621905 25.159198 1.031049 -0.259086
22800.000000 3.604462 25.098481 1.045437 -0.250347
22820.000000 3.587454 25.039579 1.058663 -0.241417
22840.000000 3.570930 24.982564 1.070817 -0.232310
22860.000000 3.554935 24.927503 1.081988 -0.223038
22880.000000 3.539509 24.874463 1.092265 -0.213616
22900.000000 3.524685 24.823505 1.101732 -0.204055
22920.000000 3.510490 24.774690 1.110474 -0.194365
22940.000000 3.496949 24.728076 1.118571 -0.184558
22960.000000 3.484083 24.683716 1.126099 -0.174644
22980.000000 3.471909 24.641663 1.133131 -0.164630
23000.000000 3.460441 24.601965 1.139736 -0.154528
23020.000000 3.449692 24.564668 1.145979 -0.144343
23040.000000 3.439669 24.529814 1.151921 -0.134083
23060.000000 3.430382 24.497444 1.157616 -0.123756
23080.000000 3.421837 24.467595 1.163118 -0.113369
23100.000000 3.414038 24.440300 1.168472 -0.102926
23120.000000 3.406990 24.415591 1.173722 -0.092434
23140.000000 3.400696 24.393496 1.178905 -0.081899
23160.000000 3.395159 24.374040 1.184056 -0.071325
23180.000000 3.390380 24.357245 1.189203 -0.060717
23200.000000 3.386362 24.343132 1.194372 -0.050080
23220.000000 3.383106 24.331716 1.199583 -0.039418
23240.000000 3.380613 24.323012 1.204853 -0.028736
23260.000000 3.378885 24.317030 1.210195 -0.018038
23280.000000 3.377923 24.313779 1.215615 -0.007327
23300.000000 3.377728 24.313262 1.221118 0.003392
23320.000000 3.378301 24.315484 1.226704 0.014114
23340.000000 3.379645 24.320442 1.232368 0.024837
23360.000000 3.381759 24.328134 1.238103 0.035555
23380.000000 3.384646 24.338552 1.243896 0.046264
23400.000000 3.388306 24.351687 1.249731 0.056961
23420.000000 3.392741 24.367526 1.255589 0.067640
23440.000000 3.397951 24.386055 1.261445 0.078298
23460.000000 3.403937 24.407254 1.267272 0.088929
23480.000000 3.410700 24.431103 1.273039 0.099528
23500.000000 3.418240 24.457577 1.278710 0.110092
23520.000000 3.426556 24.486649 1.284247 0.120614
23540.000000 3.435647 24.518288 1.289607 0.131089
23560.000000 3.445512 24.552462 1.294744 0.141512
23580.000000 3.456147 24.589135 1.299609 0.151877
23600.000000 3.467551 24.628268 1.304148 0.162179
23620.000000 3.479719 24.669819 1.308305 0.172411
23640.000000 3.492645 24.713746 1.312020 0.182568
23660.000000 3.506323 24.760000 1.315230 0.192644
23680.000000 3.520745 24.808534 1.317867 0.202632
23700.000000 3.535902 24.859295 1.319863 0.212526
23720.000000 3.551784 24.912231 1.321144 0.222319
23740.000000 3.568379 24.967285 1.321636 0.232006
23760.000000 3.585670 25.024399 1.321259 0.241579
23780.000000 3.603643 25.083514 1.319932 0.251032
23800.000000 3.622279 25.144568 1.317573 0.260357
23820.000000 3.641556 25.207499 1.314095 0.269548
23840.000000 3.661450 25.272241 1.309411 0.278598
23860.000000 3.681933 25.338729 1.303431 0.287499
23880.000000 3.702975 25.406897 1.296065 0.296244
23900.000000 3.724540 25.476675 1.287221 0.304824
23920.000000 3.746589 25.547996 1.276808 0.313233
23940.000000 3.769075 25.620790 1.264735 0.321460
23960.000000 3.791948 25.694987 1.250910 0.329497
23980.000000 3.815150 25.770516 1.235246 0.337334
24000.000000 3.838616 25.847308 1.217656 0.344961
24020.000000 3.862271 25.925291 1.198059 0.352367
24040.000000 3.886033 26.004396 1.176377 0.359539
24060.000000 3.909808 26.084550 1.152539 0.366465
24080.000000 3.933494 26.165686 1.126483 0.373132
24100.000000 3.956977 26.247733 1.098155 0.379523
24120.000000 3.980130 26.330622 1.067510 0.385624
24140.000000 4.002819 26.414285 1.034518 0.391417
24160.000000 4.024896 26.498654 0.999163 0.396885
24180.000000 4.046207 26.583664 0.961442 0.402009
24200.000000 4.066589 26.669249 0.921373 0.406770
24220.000000 4.085876 26.755344 0.878989 0.411150
24240.000000 4.103897 26.841887 0.834348 0.415130
24260.000000 4.120485 26.928816 0.787527 0.418693
24280.000000 4.135478 27.016070 0.738628 0.421823
24300.000000 4.148722 27.103592 0.687776 0.424505
24320.000000 4.160076 27.191325 0.635124 0.426729
24340.000000 4.169415 27.279214 0.580846 0.428485
24360.000000 4.176636 27.367208 0.525144 0.429769
24380.000000 4.181656 27.455257 0.468241 0.430576
24400.000000 4.184417 27.543313 0.410383 0.430907
24420.000000 4.184890 27.631331 0.351831 0.430766
24440.000000 4.183066 27.719267 0.292861 0.430156
24460.000000 4.178969 27.807080 0.233756 0.429084
24480.000000 4.172643 27.894728 0.174803 0.427557
24500.000000 4.164158 27.982169 0.116285 0.425585
24520.000000 4.153608 28.069364 0.058477 0.423177
24540.000000 4.141105 28.156268 0.001640 0.420343
24560.000000 4.126779 28.242840 -0.053985 0.417094
24580.000000 4.110776 28.329032 -0.108176 0.413443
24600.000000 4.093255 28.414798 -0.160738 0.409404
24620.000000 4.074380 28.500086 -0.211503 0.404990
24640.000000 4.054324 28.584846 -0.260330 0.400218
24660.000000 4.033261 28.669023 -0.307103 0.395105
24680.000000 4.011364 28.752561 -0.351734 0.389669
24700.000000 3.988801 28.835402 -0.394161 0.383928
24720.000000 3.965733 28.917486 -0.434342 0.377902
24740.000000 3.942315 28.998755 -0.472260 0.371609
24760.000000 3.918688 29.079146 -0.507913 0.365069
24780.000000 3.894983 29.158599 -0.541319 0.358299
24800.000000 3.871318 29.237052 -0.572507 0.351317
24820.000000 3.847798 29.314443 -0.601521 0.344140
24840.000000 3.824517 29.390711 -0.628413 0.336782
24860.000000 3.801555 29.465797 -0.653246 0.329260
24880.000000 3.778980 29.539639 -0.676087 0.321585
24900.000000 3.756852 29.612178 -0.697011 0.313770
24920.000000 3.735220 29.683357 -0.716093 0.305826
24940.000000 3.714123 29.753119 -0.733413 0.297763
24960.000000 3.693595 29.821408 -0.749053 0.289590
24980.000000 3.673662 29.888169 -0.763094 0.281315
25000.000000 3.654345 29.953349 -0.775619 0.272946
25020.000000 3.635658 30.016896 -0.786708 0.264489
25040.000000 3.617614 30.078760 -0.796441 0.255949
25060.000000 3.600221 30.138891 -0.804898 0.247333
25080.000000 3.583485 30.197243 -0.812154 0.238644
25100.000000 3.567410 30.253769 -0.818285 0.229888
25120.000000 3.551996 30.308425 -0.823362 0.221067
25140.000000 3.537245 30.361166 -0.827456 0.212186
25160.000000 3.523155 30.411952 -0.830633 0.203247
25180.000000 3.509726 30.460743 -0.832960 0.194254
25200.000000 3.496954 30.507499 -0.834497 0.185209
25220.000000 3.484838 30.552184 -0.835304 0.176116
25240.000000 3.473376 30.594763 -0.835439 0.166976
25260.000000 3.462563 30.635200 -0.834955 0.157792
25280.000000 3.452398 30.673464 -0.833903 0.148567
25300.000000 3.442877 30.709525 -0.832332 0.139302
25320.000000 3.433998 30.743353 -0.830288 0.130000
25340.000000 3.425759 30.774920 -0.827814 0.120664
25360.000000 3.418156 30.804202 -0.824950 0.111294
25380.000000 3.411188 30.831174 -0.821735 0.101893
25400.000000 3.404852 30.855814 -0.818202 0.092464
25420.000000 3.399148 30.878101 -0.814383 0.083008
25440.000000 3.394073 30.898018 -0.810309 0.073528
25460.000000 3.389626 30.915546 -0.806005 0.064025
25480.000000 3.385806 30.930672 -0.801494 0.054501
25500.000000 3.382612 30.943382 -0.796799 0.044960
25520.000000 3.380045 30.953664 -0.791936 0.035402
25540.000000 3.378103 30.961509 -0.786920 0.025829
25560.000000 3.376788 30.966911 -0.781763 0.016245
25580.000000 3.376099 30.969862 -0.776474 0.006650
25600.000000 3.376038 30.970360 -0.771060 -0.002952
25620.000000 3.376605 30.968403 -0.765522 -0.012561
25640.000000 3.377801 30.963990 -0.759860 -0.022172
25660.000000 3.379628 30.957125 -0.754071 -0.031785
25680.000000 3.382088 30.947811 -0.748148 -0.041397
25700.000000 3.385183 30.936055 -0.742082 -0.051005
25720.000000 3.388915 30.921865 -0.735858 -0.060607
25740.000000 3.393287 30.905252 -0.729460 -0.070199
25760.000000 3.398299 30.886226 -0.722867 -0.079780
25780.000000 3.403955 30.864805 -0.716058 -0.089346
25800.000000 3.410257 30.841003 -0.709003 -0.098893
25820.000000 3.417207 30.814840 -0.701672 -0.108418
25840.000000 3.424806 30.786337 -0.694032 -0.117918
25860.000000 3.433055 30.755518 -0.686043 -0.127387
25880.000000 3.441956 30.722407 -0.677666 -0.136823
25900.000000 3.451507 30.687034 -0.668853 -0.146219
25920.000000 3.461708 30.649428 -0.659557 -0.155571
25940.000000 3.472554 30.609623 -0.649726 -0.164873
25960.000000 3.484043 30.567653 -0.639303 -0.174119
25980.000000 3.496168 30.523555 -0.628229 -0.183302
26000.000000 3.508920 30.477371 -0.616442 -0.192414
26020.000000 3.522288 30.429144 -0.603877 -0.201449
26040.000000 3.536258 30.378917 -0.590465 -0.210396
26060.000000 3.550810 30.326739 -0.576137 -0.219248
26080.000000 3.565924 30.272660 -0.560820 -0.227993
26100.000000 3.581571 30.216733 -0.544441 -0.236621
26120.000000 3.597718 30.159013 -0.526925 -0.245121
26140.000000 3.614327 30.099559 -0.508200 -0.253479
26160.000000 3.631352 30.038428 -0.488191 -0.261683
26180.000000 3.648740 29.975685 -0.466829 -0.269717
26200.000000 3.666430 29.911393 -0.444046 -0.277566
26220.000000 3.684352 29.845618 -0.419780 -0.285215
26240.000000 3.702427 29.778429 -0.393973 -0.292646
26260.000000 3.720567 29.709895 -0.366577 -0.299841
26280.000000 3.738674 29.640088 -0.337554 -0.306782
26300.000000 3.756642 29.569078 -0.306876 -0.313449
26320.000000 3.774354 29.496941 -0.274528 -0.319823
26340.000000 3.791687 29.423749 -0.240512 -0.325883
26360.000000 3.808509 29.349576 -0.204846 -0.331610
26380.000000 3.824684 29.274498 -0.167567 -0.336983
26400.000000 3.840070 29.198588 -0.128732 -0.341981
26420.000000 3.854525 29.121921 -0.088418 -0.346586
26440.000000 3.867908 29.044570 -0.046726 -0.350778
26460.000000 3.880080 28.966608 -0.003777 -0.354540
26480.000000 3.890911 28.888109 0.040287 -0.357854
26500.000000 3.900279 28.809143 0.085303 -0.360705
26520.000000 3.908073 28.729784 0.131090 -0.363078
26540.000000 3.914202 28.650102 0.177452 -0.364962
26560.000000 3.918588 28.570168 0.224181 -0.366345
26580.000000 3.921174 28.490054 0.271059 -0.367218
26600.000000 3.921928 28.409831 0.317866 -0.367576
26620.000000 3.920836 28.329572 0.364378 -0.367413
26640.000000 3.917910 28.249351 0.410378 -0.366727
26660.000000 3.913182 28.169241 0.455656 -0.365520
26680.000000 3.906708 28.089318 0.500015 -0.363795
26700.000000 3.898564 28.009660 0.543272 -0.361557
26720.000000 3.888842 27.930345 0.585262 -0.358815
26740.000000 3.877651 27.851453 0.625840 -0.355580
26760.000000 3.865112 27.773065 0.664884 -0.351864
26780.000000 3.851357 27.695264 0.702293 -0.347684
26800.000000 3.836522 27.618132 0.737988 -0.343054
26820.000000 3.820749 27.541755 0.771914 -0.337994
26840.000000 3.804179 27.466216 0.804035 -0.332522
26860.000000 3.786953 27.391602 0.834337 -0.326657
26880.000000 3.769207 27.317996 0.862823 -0.320420
26900.000000 3.751072 27.245485 0.889513 -0.313830
26920.000000 3.732672 27.174153 0.914442 -0.306908
26940.000000 3.714125 27.104084 0.937659 -0.299673
26960.000000 3.695539 27.035362 0.959222 -0.292145
26980.000000 3.677013 26.968067 0.979200 -0.284341
27000.000000 3.658638 26.902281 0.997668 -0.276280
27020.000000 3.640497 26.838083 1.014707 -0.267980
27040.000000 3.622664 26.775549 1.030403 -0.259457
27060.000000 3.605204 26.714755 1.044843 -0.250727
27080.000000 3.588175 26.655774 1.058117 -0.241805
27100.000000 3.571630 26.598677 1.070315 -0.232705
27120.000000 3.555612 26.543531 1.081527 -0.223440
27140.000000 3.540160 26.490402 1.091840 -0.214024
27160.000000 3.525309 26.439354 1.101341 -0.204468
27180.000000 3.511087 26.390445 1.110112 -0.194784
27200.000000 3.497518 26.343735 1.118235 -0.184982
27220.000000 3.484622 26.299278 1.125786 -0.175072
27240.000000 3.472418 26.257124 1.132838 -0.165063
27260.000000 3.460920 26.217324 1.139460 -0.154964
27280.000000 3.450139 26.179923 1.145718 -0.144782
27300.000000 3.440085 26.144963 1.151671 -0.134526
27320.000000 3.430766 26.112486 1.157376 -0.124202
27340.000000 3.422189 26.082527 1.162884 -0.113817
27360.000000 3.414358 26.055122 1.168244 -0.103376
27380.000000 3.407277 26.030301 1.173497 -0.092886
27400.000000 3.400951 26.008093 1.178683 -0.082353
27420.000000 3.395381 25.988523 1.183834 -0.071780
27440.000000 3.390570 25.971613 1.188981 -0.061174
27460.000000 3.386519 25.957384 1.194149 -0.050538
27480.000000 3.383230 25.945852 1.199358 -0.039877
27500.000000 3.380704 25.937031 1.204625 -0.029196
27520.000000 3.378943 25.930932 1.209963 -0.018498
27540.000000 3.377948 25.927563 1.215380 -0.007788
27560.000000 3.377720 25.926929 1.220879 0.002931
27580.000000 3.378261 25.929033 1.226462 0.013653
27600.000000 3.379571 25.933874 1.232123 0.024376
27620.000000 3.381652 25.941448 1.237855 0.035094
27640.000000 3.384506 25.951749 1.243646 0.045804
27660.000000 3.388132 25.964767 1.249480 0.056501
27680.000000 3.392534 25.980491 1.255337 0.067181
27700.000000 3.397711 25.998904 1.261194 0.077840
27720.000000 3.403664 26.019989 1.267023 0.088472
27740.000000 3.410394 26.043725 1.272793 0.099073
27760.000000 3.417900 26.070086 1.278469 0.109638
27780.000000 3.426182 26.099047 1.284012 0.120162
27800.000000 3.435240 26.130576 1.289381 0.130640
27820.000000 3.445072 26.164642 1.294529 0.141065
27840.000000 3.455674 26.201208 1.299406 0.151433
27860.000000 3.467045 26.240236 1.303961 0.161737
27880.000000 3.479180 26.281685 1.308135 0.171973
27900.000000 3.492073 26.325510 1.311870 0.182133
27920.000000 3.505719 26.371665 1.315103 0.192213
27940.000000 3.520110 26.420102 1.317766 0.202205
27960.000000 3.535236 26.470769 1.319791 0.212103
27980.000000 3.551087 26.523612 1.321105 0.221901
28000.000000 3.567651 26.578576 1.321632 0.231592
28020.000000 3.584913 26.635603 1.321294 0.241170
28040.000000 3.602857 26.694633 1.320010 0.250628
28060.000000 3.621464 26.755605 1.317697 0.259959
28080.000000 3.640714 26.818457 1.314269 0.269156
28100.000000 3.660582 26.883122 1.309638 0.278212
28120.000000 3.681041 26.949537 1.303716 0.287119
28140.000000 3.702059 27.017633 1.296411 0.295871
28160.000000 3.723603 27.087344 1.287633 0.304459
28180.000000 3.745631 27.158600 1.277290 0.312875
28200.000000 3.768100 27.231332 1.265289 0.321110
28220.000000 3.790958 27.305470 1.251542 0.329155
28240.000000 3.814147 27.380944 1.235958 0.337001
28260.000000 3.837603 27.457682 1.218453 0.344637
28280.000000 3.861251 27.535616 1.198944 0.352053
28300.000000 3.885010 27.614673 1.177353 0.359236
28320.000000 3.908787 27.694785 1.153609 0.366173
28340.000000 3.932479 27.775879 1.127650 0.372851
28360.000000 3.955973 27.857888 1.099420 0.379254
28380.000000 3.979143 27.940743 1.068876 0.385368
28400.000000 4.001855 28.024374 1.035985 0.391174
28420.000000 4.023961 28.108714 1.000732 0.396657
28440.000000 4.045309 28.193698 0.963112 0.401796
28460.000000 4.065734 28.279260 0.923143 0.406573
28480.000000 4.085071 28.365334 0.880858 0.410970
28500.000000 4.103150 28.451859 0.836313 0.414967
28520.000000 4.119804 28.538772 0.789584 0.418549
28540.000000 4.134869 28.626014 0.740772 0.421697
28560.000000 4.148191 28.713525 0.690001 0.424399
28580.000000 4.159628 28.801250 0.637422 0.426643
28600.000000 4.169056 28.889134 0.583210 0.428420
28620.000000 4.176370 28.977125 0.527565 0.429723
28640.000000 4.181486 29.065172 0.470709 0.430551
28660.000000 4.184346 29.153229 0.412887 0.430903
28680.000000 4.184917 29.241249 0.354359 0.430782
28700.000000 4.183192 29.329190 0.295401 0.430192
28720.000000 4.179191 29.417009 0.236296 0.429139
28740.000000 4.172960 29.504664 0.177331 0.427632
28760.000000 4.164566 29.592116 0.118788 0.425679
28780.000000 4.154103 29.679322 0.060944 0.423289
28800.000000 4.141681 29.766240 0.004060 0.420473
28820.000000 4.127430 29.852826 -0.051621 0.417242
28840.000000 4.111497 29.939036 -0.105878 0.413608
28860.000000 4.094037 30.024821 -0.158514 0.409585
28880.000000 4.075217 30.110131 -0.209360 0.405187
28900.000000 4.055209 30.194915 -0.258272 0.400430
28920.000000 4.034185 30.279118 -0.305135 0.395332
28940.000000 4.012320 30.362684 -0.349860 0.389909
28960.000000 3.989782 30.445556 -0.392383 0.384181
28980.000000 3.966733 30.527675 -0.432661 0.378167
29000.000000 3.943327 30.608980 -0.470676 0.371885
29020.000000 3.919706 30.689410 -0.506427 0.365355
29040.000000 3.896002 30.768904 -0.539928 0.358594
29060.000000 3.872333 30.847401 -0.571211 0.351621
29080.000000 3.848805 30.924839 -0.600317 0.344452
29100.000000 3.825512 31.001157 -0.627300 0.337102
29120.000000 3.802534 31.076295 -0.652220 0.329586
29140.000000 3.779942 31.150191 -0.675145 0.321918
29160.000000 3.757794 31.222788 -0.696149 0.314108
29180.000000 3.736139 31.294027 -0.715309 0.306170
29200.000000 3.715019 31.363851 -0.732703 0.298112
29220.000000 3.694466 31.432204 -0.748414 0.289944
29240.000000 3.674507 31.499031 -0.762522 0.281673
29260.000000 3.655162 31.564280 -0.775110 0.273308
29280.000000 3.636448 31.627899 -0.786259 0.264854
29300.000000 3.618376 31.689836 -0.796049 0.256318
29320.000000 3.600956 31.750043 -0.804559 0.247705
29340.000000 3.584191 31.808473 -0.811866 0.239019
29360.000000 3.568087 31.865078 -0.818043 0.230266
29380.000000 3.552645 31.919815 -0.823164 0.221448
29400.000000 3.537865 31.972640 -0.827299 0.212569
29420.000000 3.523747 32.023511 -0.830515 0.203632
29440.000000 3.510289 32.072388 -0.832876 0.194642
29460.000000 3.497490 32.119232 -0.834446 0.185599
29480.000000 3.485346 32.164007 -0.835284 0.176508
29500.000000 3.473855 32.206677 -0.835446 0.167370
29520.000000 3.463015 32.247207 -0.834988 0.158188
29540.000000 3.452822 32.285565 -0.833959 0.148965
29560.000000 3.443273 32.321721 -0.832410 0.139701
29580.000000 3.434367 32.355646 -0.830385 0.130401
29600.000000 3.426100 32.387311 -0.827929 0.121066
29620.000000 3.418470 32.416691 -0.825081 0.111697
29640.000000 3.411474 32.443763 -0.821880 0.102298
29660.000000 3.405112 32.468504 -0.818360 0.092870
29680.000000 3.399380 32.490893 -0.814553 0.083415
29700.000000 3.394278 32.510912 -0.810489 0.073936
29720.000000 3.389804 32.528543 -0.806194 0.064434
29740.000000 3.385957 32.543772 -0.801692 0.054911
29760.000000 3.382737 32.556586 -0.797004 0.045370
29780.000000 3.380142 32.566973 -0.792148 0.035813
29800.000000 3.378174 32.574923 -0.787138 0.026241
29820.000000 3.376832 32.580430 -0.781987 0.016657
29840.000000 3.376116 32.583487 -0.776704 0.007063
29860.000000 3.376028 32.584090 -0.771295 -0.002539
29880.000000 3.376567 32.582238 -0.765762 -0.012148
29900.000000 3.377736 32.577932 -0.760106 -0.021759
29920.000000 3.379537 32.571172 -0.754323 -0.031372
29940.000000 3.381970 32.561963 -0.748406 -0.040984
29960.000000 3.385037 32.550312 -0.742346 -0.050592
29980.000000 3.388742 32.536227 -0.736129 -0.060194
30000.000000 3.393085 32.519717 -0.729739 -0.069787
30020.000000 3.398070 32.500795 -0.723155 -0.079368
30040.000000 3.403699 32.479476 -0.716355 -0.088935
30060.000000 3.409973 32.455776 -0.709311 -0.098483
30080.000000 3.416895 32.429714 -0.701993 -0.108009
30100.000000 3.424466 32.401312 -0.694367 -0.117510
30120.000000 3.432687 32.370591 -0.686395 -0.126981
30140.000000 3.441560 32.337579 -0.678034 -0.136418
30160.000000 3.451083 32.302302 -0.669242 -0.145816
30180.000000 3.461256 32.264792 -0.659968 -0.155170
30200.000000 3.472075 32.225080 -0.650160 -0.164474
30220.000000 3.483536 32.183202 -0.639764 -0.173723
30240.000000 3.495634 32.139196 -0.628719 -0.182908
30260.000000 3.508359 32.093101 -0.616964 -0.192024
30280.000000 3.521701 32.044960 -0.604434 -0.201062
30300.000000 3.535645 31.994818 -0.591060 -0.210013
30320.000000 3.550173 31.942723 -0.576773 -0.218869
30340.000000 3.565263 31.888725 -0.561500 -0.227619
30360.000000 3.580887 31.832876 -0.545168 -0.236253
30380.000000 3.597014 31.775232 -0.527703 -0.244758
30400.000000 3.613604 31.715851 -0.509031 -0.253123
30420.000000 3.630612 31.654791 -0.489079 -0.261333
30440.000000 3.647986 31.592116 -0.467777 -0.269375
30460.000000 3.665664 31.527889 -0.445056 -0.277233
30480.000000 3.683578 31.462177 -0.420854 -0.284890
30500.000000 3.701648 31.395047 -0.395115 -0.292331
30520.000000 3.719787 31.326570 -0.367789 -0.299537
30540.000000 3.737898 31.256815 -0.338836 -0.306489
30560.000000 3.755874 31.185856 -0.308229 -0.313168
30580.000000 3.773600 31.113766 -0.275953 -0.319555
30600.000000 3.790951 31.040617 -0.242009 -0.325630
30620.000000 3.807798 30.966486 -0.206413 -0.331371
30640.000000 3.824003 30.891445 -0.169203 -0.336759
30660.000000 3.839426 30.815569 -0.130433 -0.341774
30680.000000 3.853924 30.738933 -0.090181 -0.346396
30700.000000 3.867356 30.661610 -0.048545 -0.350607
30720.000000 3.879583 30.583673 -0.005647 -0.354387
30740.000000 3.890475 30.505195 0.038372 -0.357721
30760.000000 3.899907 30.426248 0.083351 -0.360592
30780.000000 3.907772 30.346904 0.129108 -0.362986
30800.000000 3.913974 30.267234 0.175450 -0.364891
30820.000000 3.918436 30.187310 0.222167 -0.366296
30840.000000 3.921101 30.107202 0.269044 -0.367191
30860.000000 3.921934 30.026982 0.315858 -0.367571
30880.000000 3.920921 29.946724 0.362387 -0.367430
30900.000000 3.918073 29.866499 0.408413 -0.366768
30920.000000 3.913421 29.786383 0.453727 -0.365583
30940.000000 3.907021 29.706451 0.498130 -0.363880
30960.000000 3.898947 29.626780 0.541437 -0.361664
30980.000000 3.889291 29.547448 0.583485 -0.358943
31000.000000 3.878161 29.468537 0.624126 -0.355729
31020.000000 3.865678 29.390125 0.663239 -0.352034
31040.000000 3.851972 29.312297 0.700719 -0.347873
31060.000000 3.837181 29.235135 0.736490 -0.343262
31080.000000 3.821445 29.158723 0.770492 -0.338220
31100.000000 3.804906 29.083147 0.802691 -0.332765
31120.000000 3.787705 29.008491 0.833071 -0.326917
31140.000000 3.769979 28.934840 0.861635 -0.320695
31160.000000 3.751858 28.862280 0.888402 -0.314121
31180.000000 3.733467 28.790896 0.913406 -0.307212
31200.000000 3.714924 28.720771 0.936695 -0.299990
31220.000000 3.696337 28.651989 0.958328 -0.292474
31240.000000 3.677807 28.584631 0.978373 -0.284682
31260.000000 3.659424 28.518779 0.996904 -0.276632
31280.000000 3.641271 28.454510 1.014003 -0.268342
31300.000000 3.623423 28.391904 1.029754 -0.259828
31320.000000 3.605946 28.331034 1.044247 -0.251106
31340.000000 3.588898 28.271973 1.057569 -0.242192
31360.000000 3.572330 28.214793 1.069812 -0.233099
31380.000000 3.556289 28.159562 1.081064 -0.223842
31400.000000 3.540813 28.106345 1.091414 -0.214432
31420.000000 3.525935 28.055206 1.100948 -0.204882
31440.000000 3.511685 28.006205 1.109749 -0.195203
31460.000000 3.498087 27.959399 1.117898 -0.185406
31480.000000 3.485163 27.914843 1.125472 -0.175500
31500.000000 3.472929 27.872590 1.132544 -0.165495
31520.000000 3.461400 27.832687 1.139183 -0.155400
31540.000000 3.450587 27.795182 1.145455 -0.145221
31560.000000 3.440502 27.760117 1.151420 -0.134968
31580.000000 3.431151 27.727532 1.157135 -0.124647
31600.000000 3.422542 27.697464 1.162651 -0.114264
31620.000000 3.414679 27.669948 1.168016 -0.103826
31640.000000 3.407566 27.645016 1.173273 -0.093338
31660.000000 3.401207 27.622694 1.178461 -0.082807
31680.000000 3.395605 27.603011 1.183613 -0.072236
31700.000000 3.390761 27.585986 1.188760 -0.061630
31720.000000 3.386677 27.571642 1.193926 -0.050996
31740.000000 3.383356 27.559994 1.199133 -0.040336
31760.000000 3.380797 27.551056 1.204398 -0.029655
31780.000000 3.379003 27.544840 1.209732 -0.018958
31800.000000 3.377975 27.541353 1.215145 -0.008248
31820.000000 3.377714 27.540602 1.220641 0.002470
31840.000000 3.378222 27.542588 1.226220 0.013192
31860.000000 3.379499 27.547311 1.231878 0.023915
31880.000000 3.381547 27.554767 1.237607 0.034633
31900.000000 3.384367 27.564951 1.243396 0.045344
31920.000000 3.387961 27.577853 1.249228 0.056042
31940.000000 3.392329 27.593461 1.255085 0.066723
31960.000000 3.397472 27.611759 1.260942 0.077382
31980.000000 3.403392 27.632729 1.266773 0.088016
