0.000000 4.009678 196.003801 0.625860 0.615301
20.000000 4.025384 196.135426 0.558434 0.617015
40.000000 4.036863 196.266860 0.488232 0.618214
60.000000 4.043910 196.398140 0.415831 0.618891
80.000000 4.046398 196.529313 0.341865 0.619047
100.000000 4.044281 196.660426 0.267010 0.618683
120.000000 4.037596 196.791532 0.191972 0.617808
140.000000 4.026463 196.922684 0.117459 0.616432
160.000000 4.011079 197.053933 0.044165 0.614568
180.000000 3.991710 197.185324 -0.027253 0.612230
200.000000 3.968681 197.316899 -0.096190 0.609437
220.000000 3.942367 197.448690 -0.162110 0.606209
240.000000 3.913173 197.580719 -0.224553 0.602568
260.000000 3.881523 197.712999 -0.283139 0.598540
280.000000 3.847844 197.845533 -0.337570 0.594151
300.000000 3.812556 197.978312 -0.387625 0.589427
320.000000 3.776055 198.111317 -0.433155 0.584396
340.000000 3.738709 198.244519 -0.474078 0.579085
360.000000 3.700847 198.377883 -0.510366 0.573520
380.000000 3.662762 198.511361 -0.542044 0.567726
400.000000 3.624706 198.644903 -0.569177 0.561727
420.000000 3.586892 198.778450 -0.591863 0.555545
440.000000 3.549499 198.911941 -0.610226 0.549201
460.000000 3.512673 199.045309 -0.624412 0.542714
480.000000 3.476534 199.178487 -0.634580 0.536102
500.000000 3.441179 199.311406 -0.640901 0.529383
520.000000 3.406685 199.443996 -0.643553 0.522573
540.000000 3.373115 199.576186 -0.642716 0.515691
560.000000 3.340519 199.707908 -0.638574 0.508751
580.000000 3.308937 199.839095 -0.631309 0.501772
600.000000 3.278404 199.969681 -0.621103 0.494770
620.000000 3.248947 200.099605 -0.608135 0.487763
640.000000 3.220590 200.228807 -0.592581 0.480770
660.000000 3.193354 200.357234 -0.574612 0.473811
680.000000 3.167256 200.484834 -0.554397 0.466906
700.000000 3.142312 200.611565 -0.532097 0.460077
720.000000 3.118533 200.737387 -0.507871 0.453346
740.000000 3.095930 200.862268 -0.481871 0.446736
760.000000 3.074513 200.986183 -0.454242 0.440271
780.000000 3.054288 201.109115 -0.425123 0.433975
800.000000 3.035259 201.231054 -0.394648 0.427872
820.000000 3.017428 201.351999 -0.362942 0.421988
840.000000 3.000797 201.471955 -0.330124 0.416347
860.000000 2.985364 201.590940 -0.296305 0.410973
880.000000 2.971125 201.708976 -0.261587 0.405891
900.000000 2.958078 201.826098 -0.226068 0.401122
920.000000 2.946216 201.942346 -0.189836 0.396690
940.000000 2.935533 202.057769 -0.152973 0.392615
960.000000 2.926024 202.172426 -0.115552 0.388917
980.000000 2.917682 202.286380 -0.077643 0.385615
1000.000000 2.910500 202.399705 -0.039306 0.382725
1020.000000 2.904475 202.512477 -0.000598 0.380263
1040.000000 2.899602 202.624781 0.038429 0.378242
1060.000000 2.895879 202.736706 0.077729 0.376675
1080.000000 2.893306 202.848344 0.117259 0.375570
1100.000000 2.891885 202.959791 0.156978 0.374935
1120.000000 2.891620 203.071145 0.196848 0.374777
1140.000000 2.892518 203.182507 0.236831 0.375100
1160.000000 2.894588 203.293976 0.276890 0.375905
1180.000000 2.897841 203.405653 0.316988 0.377191
1200.000000 2.902293 203.517636 0.357084 0.378957
1220.000000 2.907959 203.630020 0.397136 0.381197
1240.000000 2.914858 203.742899 0.437099 0.383904
1260.000000 2.923010 203.856360 0.476923 0.387070
1280.000000 2.932438 203.970487 0.516551 0.390682
1300.000000 2.943162 204.085356 0.555921 0.394727
1320.000000 2.955207 204.201037 0.594965 0.399189
1340.000000 2.968595 204.317592 0.633605 0.404050
1360.000000 2.983346 204.435074 0.671755 0.409289
1380.000000 2.999481 204.553530 0.709321 0.414884
1400.000000 3.017017 204.672993 0.746198 0.420812
1420.000000 3.035969 204.793490 0.782271 0.427046
1440.000000 3.056346 204.915037 0.817416 0.433560
1460.000000 3.078154 205.037638 0.851499 0.440324
1480.000000 3.101394 205.161289 0.884374 0.447309
1500.000000 3.126059 205.285977 0.915887 0.454485
1520.000000 3.152137 205.411678 0.945873 0.461819
1540.000000 3.179607 205.538358 0.974160 0.469282
1560.000000 3.208442 205.665977 1.000565 0.476842
1580.000000 3.238605 205.794487 1.024899 0.484467
1600.000000 3.270050 205.923832 1.046967 0.492127
1620.000000 3.302722 206.053950 1.066566 0.499792
1640.000000 3.336555 206.184775 1.083491 0.507431
1660.000000 3.371473 206.316236 1.097530 0.515018
1680.000000 3.407388 206.448260 1.108472 0.522524
1700.000000 3.444199 206.580771 1.116103 0.529922
1720.000000 3.481793 206.713692 1.120211 0.537188
1740.000000 3.520040 206.846945 1.120587 0.544296
1760.000000 3.558795 206.980456 1.117028 0.551223
1780.000000 3.597894 207.114148 1.109342 0.557945
1800.000000 3.637152 207.247952 1.097345 0.564440
1820.000000 3.676360 207.381798 1.080876 0.570685
1840.000000 3.715283 207.515624 1.059792 0.576658
1860.000000 3.753660 207.649371 1.033979 0.582336
1880.000000 3.791197 207.782990 1.003358 0.587695
1900.000000 3.827573 207.916435 0.967888 0.592712
1920.000000 3.862436 208.049671 0.927576 0.597363
1940.000000 3.895413 208.182670 0.882482 0.601624
1960.000000 3.926110 208.315415 0.832723 0.605468
1980.000000 3.954127 208.447897 0.778482 0.608874
2000.000000 3.979066 208.580116 0.720011 0.611817
2020.000000 4.000547 208.712081 0.657636 0.614279
2040.000000 4.018224 208.843811 0.591754 0.616242
2060.000000 4.031798 208.975334 0.522841 0.617693
2080.000000 4.041031 209.106684 0.451438 0.618626
2100.000000 4.045757 209.237903 0.378155 0.619036
2120.000000 4.045890 209.369039 0.303647 0.618925
2140.000000 4.041427 209.500142 0.228610 0.618299
2160.000000 4.032447 209.631265 0.153752 0.617166
2180.000000 4.019111 209.762461 0.079778 0.615539
2200.000000 4.001651 209.893777 0.007364 0.613430
2220.000000 3.980366 210.025258 -0.062856 0.610857
2240.000000 3.955609 210.156939 -0.130312 0.607839
2260.000000 3.927769 210.288850 -0.194507 0.604397
2280.000000 3.897265 210.421006 -0.255019 0.600555
2300.000000 3.864524 210.553417 -0.311513 0.596339
2320.000000 3.829972 210.686077 -0.363729 0.591775
2340.000000 3.794015 210.818975 -0.411484 0.586890
2360.000000 3.757038 210.952085 -0.454664 0.581713
2380.000000 3.719389 211.085375 -0.493216 0.576269
2400.000000 3.681379 211.218803 -0.527141 0.570584
2420.000000 3.643280 211.352321 -0.556484 0.564682
2440.000000 3.605323 211.485873 -0.581328 0.558587
2460.000000 3.567704 211.619399 -0.601786 0.552320
2480.000000 3.530585 211.752836 -0.617994 0.545900
2500.000000 3.494097 211.886116 -0.630104 0.539346
2520.000000 3.458349 212.019170 -0.638283 0.532677
2540.000000 3.423426 212.151929 -0.642704 0.525910
2560.000000 3.389397 212.284323 -0.643549 0.519061
2580.000000 3.356319 212.416283 -0.640999 0.512147
2600.000000 3.324237 212.547739 -0.635237 0.505185
2620.000000 3.293188 212.678627 -0.626445 0.498192
2640.000000 3.263202 212.808882 -0.614805 0.491185
2660.000000 3.234305 212.938443 -0.600492 0.484183
2680.000000 3.206519 213.067255 -0.583682 0.477206
2700.000000 3.179863 213.195265 -0.564543 0.470272
2720.000000 3.154353 213.322426 -0.543242 0.463403
2740.000000 3.130003 213.448697 -0.519938 0.456621
2760.000000 3.106825 213.574041 -0.494786 0.449949
2780.000000 3.084828 213.698431 -0.467934 0.443410
2800.000000 3.064020 213.821845 -0.439526 0.437028
2820.000000 3.044406 213.944270 -0.409698 0.430828
2840.000000 3.025990 214.065700 -0.378578 0.424834
2860.000000 3.008772 214.186137 -0.346289 0.419071
2880.000000 2.992754 214.305594 -0.312945 0.413564
2900.000000 2.977932 214.424090 -0.278654 0.408336
2920.000000 2.964304 214.541654 -0.243515 0.403411
2940.000000 2.951863 214.658323 -0.207621 0.398812
2960.000000 2.940605 214.774143 -0.171056 0.394560
2980.000000 2.930524 214.889166 -0.133899 0.390676
3000.000000 2.921612 215.003455 -0.096220 0.387178
3020.000000 2.913864 215.117078 -0.058085 0.384085
3040.000000 2.907274 215.230110 -0.019552 0.381412
3060.000000 2.901839 215.342633 0.019326 0.379174
3080.000000 2.897554 215.454731 0.058498 0.377383
3100.000000 2.894419 215.566497 0.097921 0.376051
3120.000000 2.892435 215.678025 0.137553 0.375186
3140.000000 2.891605 215.789412 0.177353 0.374795
3160.000000 2.891934 215.900758 0.217286 0.374882
3180.000000 2.893430 216.012162 0.257312 0.375451
3200.000000 2.896103 216.123726 0.297396 0.376503
3220.000000 2.899967 216.235547 0.337498 0.378035
3240.000000 2.905038 216.347723 0.377577 0.380044
3260.000000 2.911332 216.460349 0.417590 0.382524
3280.000000 2.918870 216.573515 0.457488 0.385467
3300.000000 2.927671 216.687307 0.497219 0.388862
3320.000000 2.937759 216.801804 0.536724 0.392698
3340.000000 2.949156 216.917080 0.575936 0.396958
3360.000000 2.961885 217.033200 0.614783 0.401626
3380.000000 2.975967 217.150223 0.653184 0.406683
3400.000000 2.991424 217.268199 0.691048 0.412108
3420.000000 3.008274 217.387166 0.728275 0.417876
3440.000000 3.026532 217.507155 0.764756 0.423964
3460.000000 3.046212 217.628188 0.800370 0.430345
3480.000000 3.067321 217.750274 0.834990 0.436990
3500.000000 3.089861 217.873413 0.868474 0.443871
3520.000000 3.113831 217.997597 0.900672 0.450957
3540.000000 3.139221 218.122806 0.931425 0.458218
3560.000000 3.166014 218.249013 0.960564 0.465622
3580.000000 3.194187 218.376179 0.987911 0.473139
3600.000000 3.223706 218.504260 1.013281 0.480736
3620.000000 3.254531 218.633204 1.036482 0.488383
3640.000000 3.286611 218.762952 1.057312 0.496049
3660.000000 3.319886 218.893441 1.075570 0.503704
3680.000000 3.354284 219.024600 1.091045 0.511320
3700.000000 3.389723 219.156358 1.103527 0.518869
3720.000000 3.426110 219.288641 1.112802 0.526323
3740.000000 3.463336 219.421371 1.118657 0.533656
3760.000000 3.501282 219.554472 1.120882 0.540844
3780.000000 3.539808 219.687866 1.119271 0.547863
3800.000000 3.578761 219.821479 1.113624 0.554688
3820.000000 3.617966 219.955237 1.103755 0.561297
3840.000000 3.657225 220.089071 1.089490 0.567667
3860.000000 3.696319 220.222914 1.070677 0.573775
3880.000000 3.734997 220.356706 1.047187 0.579600
3900.000000 3.772983 220.490394 1.018922 0.585118
3920.000000 3.809968 220.623928 0.985823 0.590305
3940.000000 3.845616 220.757271 0.947873 0.595138
3960.000000 3.879563 220.890389 0.905104 0.599593
3980.000000 3.911423 221.023260 0.857605 0.603643
4000.000000 3.940800 221.155871 0.805527 0.607266
4020.000000 3.967291 221.288217 0.749087 0.610438
4040.000000 3.990507 221.420304 0.688574 0.613138
4060.000000 4.010083 221.552146 0.624350 0.615346
4080.000000 4.025695 221.683767 0.556854 0.617049
4100.000000 4.037075 221.815196 0.486596 0.618235
4120.000000 4.044019 221.946474 0.414152 0.618901
4140.000000 4.046401 222.077644 0.340157 0.619044
4160.000000 4.044179 222.208757 0.265291 0.618669
4180.000000 4.037390 222.339864 0.190256 0.617782
4200.000000 4.026157 222.471017 0.115764 0.616395
4220.000000 4.010679 222.602269 0.042505 0.614519
4240.000000 3.991222 222.733664 -0.028862 0.612171
4260.000000 3.968114 222.865243 -0.097735 0.609368
4280.000000 3.941729 222.997039 -0.163581 0.606130
4300.000000 3.912474 223.129074 -0.225939 0.602480
4320.000000 3.880772 223.261360 -0.284434 0.598444
4340.000000 3.847052 223.393900 -0.338767 0.594046
4360.000000 3.811732 223.526684 -0.388719 0.589315
4380.000000 3.775208 223.659694 -0.434145 0.584277
4400.000000 3.737846 223.792901 -0.474961 0.578960
4420.000000 3.699976 223.926267 -0.511143 0.573390
4440.000000 3.661889 224.059747 -0.542717 0.567591
4460.000000 3.623836 224.193290 -0.569746 0.561588
4480.000000 3.586030 224.326836 -0.592331 0.555402
4500.000000 3.548648 224.460325 -0.610597 0.549054
4520.000000 3.511837 224.593690 -0.624689 0.542563
4540.000000 3.475715 224.726863 -0.634767 0.535949
4560.000000 3.440379 224.859775 -0.641002 0.529228
4580.000000 3.405906 224.992357 -0.643572 0.522416
4600.000000 3.372357 225.124537 -0.642657 0.515532
4620.000000 3.339784 225.256248 -0.638442 0.508592
4640.000000 3.308226 225.387421 -0.631108 0.501611
4660.000000 3.277717 225.517993 -0.620836 0.494609
4680.000000 3.248285 225.647901 -0.607807 0.487602
4700.000000 3.219954 225.777086 -0.592196 0.480610
4720.000000 3.192744 225.905494 -0.574174 0.473652
4740.000000 3.166672 226.033075 -0.553908 0.466749
4760.000000 3.141754 226.159785 -0.531563 0.459922
4780.000000 3.118002 226.285586 -0.507295 0.453193
4800.000000 3.095426 226.410445 -0.481256 0.446586
4820.000000 3.074037 226.534338 -0.453591 0.440125
4840.000000 3.053839 226.657248 -0.424440 0.433833
4860.000000 3.034837 226.779164 -0.393935 0.427735
4880.000000 3.017034 226.900085 -0.362203 0.421856
4900.000000 3.000430 227.020020 -0.329360 0.416221
4920.000000 2.985024 227.138982 -0.295519 0.410854
4940.000000 2.970813 227.256997 -0.260782 0.405778
4960.000000 2.957793 227.374098 -0.225246 0.401017
4980.000000 2.945958 227.490326 -0.188998 0.396592
5000.000000 2.935302 227.605732 -0.152121 0.392526
5020.000000 2.925820 227.720371 -0.114689 0.388837
5040.000000 2.917504 227.834311 -0.076769 0.385544
5060.000000 2.910349 227.947622 -0.038423 0.382664
5080.000000 2.904350 228.060383 0.000292 0.380212
5100.000000 2.899504 228.172677 0.039327 0.378201
5120.000000 2.895807 228.284594 0.078633 0.376644
5140.000000 2.893261 228.396226 0.118167 0.375550
5160.000000 2.891866 228.507670 0.157890 0.374926
5180.000000 2.891628 228.619023 0.197763 0.374779
5200.000000 2.892552 228.730387 0.237748 0.375113
5220.000000 2.894649 228.841860 0.277809 0.375929
5240.000000 2.897930 228.953542 0.317906 0.377226
5260.000000 2.902409 229.065533 0.358002 0.379003
5280.000000 2.908103 229.177928 0.398053 0.381254
5300.000000 2.915031 229.290819 0.438014 0.383972
5320.000000 2.923212 229.404295 0.477833 0.387148
5340.000000 2.932669 229.518438 0.517456 0.390770
5360.000000 2.943423 229.633324 0.556820 0.394825
5380.000000 2.955499 229.749024 0.595855 0.399296
5400.000000 2.968917 229.865600 0.634485 0.404166
5420.000000 2.983700 229.983105 0.672623 0.409413
5440.000000 2.999867 230.101583 0.710174 0.415017
5460.000000 3.017435 230.221070 0.747034 0.420952
5480.000000 3.036419 230.341591 0.783087 0.427193
5500.000000 3.056829 230.463161 0.818210 0.433712
5520.000000 3.078670 230.585787 0.852266 0.440482
5540.000000 3.101943 230.709462 0.885112 0.447471
5560.000000 3.126640 230.834173 0.916592 0.454651
5580.000000 3.152750 230.959897 0.946541 0.461989
5600.000000 3.180253 231.086599 0.974786 0.469455
5620.000000 3.209118 231.214239 1.001146 0.477016
5640.000000 3.239311 231.342769 1.025431 0.484642
5660.000000 3.270785 231.472132 1.047444 0.492303
5680.000000 3.303484 231.602267 1.066985 0.499967
5700.000000 3.337343 231.733107 1.083846 0.507606
5720.000000 3.372285 231.864582 1.097817 0.515191
5740.000000 3.408221 231.996618 1.108685 0.522694
5760.000000 3.445052 232.129139 1.116237 0.530090
5780.000000 3.482662 232.262069 1.120262 0.537352
5800.000000 3.520923 232.395329 1.120550 0.544457
5820.000000 3.559688 232.528844 1.116899 0.551379
5840.000000 3.598793 232.662540 1.109116 0.558096
5860.000000 3.638052 232.796346 1.097019 0.564586
5880.000000 3.677256 232.930192 1.080445 0.570825
5900.000000 3.716170 233.064017 1.059254 0.576791
5920.000000 3.754530 233.197762 1.033332 0.582462
5940.000000 3.792045 233.331376 1.002600 0.587814
5960.000000 3.828390 233.464817 0.967019 0.592823
5980.000000 3.863214 233.598048 0.926596 0.597465
6000.000000 3.896143 233.731042 0.881393 0.601716
6020.000000 3.926784 233.863781 0.831529 0.605551
6040.000000 3.954734 233.996257 0.777188 0.608947
6060.000000 3.979598 234.128469 0.718625 0.611879
6080.000000 4.000996 234.260429 0.656164 0.614329
6100.000000 4.018582 234.392154 0.590208 0.616281
6120.000000 4.032059 234.523672 0.521230 0.617720
6140.000000 4.041190 234.655019 0.449778 0.618641
6160.000000 4.045812 234.786236 0.376459 0.619039
6180.000000 4.045840 234.917370 0.301931 0.618917
6200.000000 4.041272 235.048473 0.226890 0.618279
6220.000000 4.032190 235.179598 0.152045 0.617135
6240.000000 4.018756 235.310795 0.078099 0.615496
6260.000000 4.001205 235.442115 0.005729 0.613376
6280.000000 3.979837 235.573600 -0.064434 0.610793
6300.000000 3.955004 235.705286 -0.131821 0.607765
6320.000000 3.927098 235.837202 -0.195936 0.604313
6340.000000 3.896538 235.969364 -0.256360 0.600463
6360.000000 3.863751 236.101781 -0.312758 0.596238
6380.000000 3.829162 236.234447 -0.364873 0.591666
6400.000000 3.793178 236.367350 -0.412525 0.586775
6420.000000 3.756182 236.500464 -0.455599 0.581591
6440.000000 3.718521 236.633758 -0.494045 0.576141
6460.000000 3.680506 236.767189 -0.527864 0.570451
6480.000000 3.642408 236.900708 -0.557103 0.564545
6500.000000 3.604457 237.034260 -0.581846 0.558445
6520.000000 3.566848 237.167785 -0.602204 0.552174
6540.000000 3.529742 237.301219 -0.618316 0.545751
6560.000000 3.493270 237.434494 -0.630334 0.539195
6580.000000 3.457539 237.567543 -0.638425 0.532523
6600.000000 3.422636 237.700294 -0.642763 0.525754
6620.000000 3.388628 237.832679 -0.643528 0.518904
6640.000000 3.355573 237.964628 -0.640902 0.511988
6660.000000 3.323514 238.096072 -0.635069 0.505025
6680.000000 3.292489 238.226946 -0.626210 0.498032
6700.000000 3.262527 238.357185 -0.614506 0.491025
6720.000000 3.233656 238.486731 -0.600134 0.484023
6740.000000 3.205896 238.615525 -0.583269 0.477046
6760.000000 3.179266 238.743516 -0.564079 0.470113
6780.000000 3.153783 238.870657 -0.542730 0.463246
6800.000000 3.129459 238.996906 -0.519382 0.456467
6820.000000 3.106308 239.122229 -0.494189 0.449797
6840.000000 3.084338 239.246597 -0.467300 0.443262
6860.000000 3.063557 239.369988 -0.438858 0.436884
6880.000000 3.043970 239.492391 -0.408999 0.430688
6900.000000 3.025582 239.613798 -0.377851 0.424699
6920.000000 3.008392 239.734213 -0.345537 0.418942
6940.000000 2.992401 239.853647 -0.312170 0.413441
6960.000000 2.977607 239.972122 -0.277858 0.408220
6980.000000 2.964006 240.089665 -0.242701 0.403302
7000.000000 2.951592 240.206314 -0.206790 0.398711
7020.000000 2.940361 240.322114 -0.170211 0.394467
7040.000000 2.930306 240.437120 -0.133041 0.390591
7060.000000 2.921421 240.551393 -0.095351 0.387102
7080.000000 2.913700 240.665002 -0.057206 0.384019
7100.000000 2.907137 240.778021 -0.018665 0.381356
7120.000000 2.901728 240.890533 0.020220 0.379128
7140.000000 2.897469 241.002623 0.059399 0.377348
7160.000000 2.894361 241.114382 0.098827 0.376026
7180.000000 2.892403 241.225906 0.138463 0.375172
7200.000000 2.891599 241.337291 0.178267 0.374791
7220.000000 2.891955 241.448637 0.218202 0.374890
7240.000000 2.893478 241.560044 0.258230 0.375470
7260.000000 2.896178 241.671612 0.298315 0.376532
7280.000000 2.900070 241.783440 0.338416 0.378075
7300.000000 2.905168 241.895626 0.378495 0.380095
7320.000000 2.911491 242.008263 0.418505 0.382586
7340.000000 2.919057 242.121442 0.458401 0.385540
7360.000000 2.927888 242.235249 0.498127 0.388945
7380.000000 2.938006 242.349763 0.537625 0.392791
7400.000000 2.949433 242.465058 0.576830 0.397061
7420.000000 2.962192 242.581199 0.615668 0.401738
7440.000000 2.976306 242.698243 0.654058 0.406804
7460.000000 2.991795 242.816241 0.691908 0.412236
7480.000000 3.008676 242.935231 0.729119 0.418012
7500.000000 3.026967 243.055244 0.765582 0.424107
7520.000000 3.046680 243.176301 0.801175 0.430494
7540.000000 3.067821 243.298411 0.835770 0.437145
7560.000000 3.090395 243.421574 0.869226 0.444031
7580.000000 3.114397 243.545782 0.901393 0.451122
7600.000000 3.139819 243.671014 0.932111 0.458386
7620.000000 3.166644 243.797243 0.961211 0.465794
7640.000000 3.194848 243.924431 0.988515 0.473312
7660.000000 3.224398 244.052532 1.013838 0.480911
7680.000000 3.255252 244.181496 1.036986 0.488558
7700.000000 3.287360 244.311262 1.057760 0.496224
7720.000000 3.320661 244.441766 1.075956 0.503879
7740.000000 3.355084 244.572940 1.091366 0.511494
7760.000000 3.390547 244.704711 1.103776 0.519040
7780.000000 3.426954 244.837005 1.112975 0.526492
7800.000000 3.464198 244.969744 1.118750 0.533823
7820.000000 3.502158 245.102853 1.120889 0.541007
7840.000000 3.540696 245.236253 1.119188 0.548021
7860.000000 3.579657 245.369870 1.113446 0.554842
7880.000000 3.618865 245.503630 1.103478 0.561445
7900.000000 3.658124 245.637465 1.089111 0.567810
7920.000000 3.697211 245.771308 1.070191 0.573912
7940.000000 3.735876 245.905098 1.046593 0.579730
7960.000000 3.773843 246.038783 1.018218 0.585241
7980.000000 3.810801 246.172313 0.985008 0.590420
8000.000000 3.846414 246.305651 0.946947 0.595245
8020.000000 3.880317 246.438763 0.904068 0.599690
8040.000000 3.912126 246.571628 0.856462 0.603731
8060.000000 3.941441 246.704233 0.804281 0.607344
8080.000000 3.967861 246.836574 0.747744 0.610506
8100.000000 3.990998 246.968655 0.687142 0.613194
8120.000000 4.010486 247.100492 0.622839 0.615391
8140.000000 4.026004 247.232108 0.555274 0.617082
8160.000000 4.037284 247.363533 0.484958 0.618256
8180.000000 4.044124 247.494808 0.412471 0.618910
8200.000000 4.046402 247.625976 0.338449 0.619041
8220.000000 4.044074 247.757088 0.263571 0.618654
8240.000000 4.037182 247.888195 0.188541 0.617756
8260.000000 4.025849 248.019351 0.114069 0.616357
8280.000000 4.010276 248.150605 0.040847 0.614471
8300.000000 3.990732 248.282004 -0.030470 0.612112
8320.000000 3.967545 248.413588 -0.099280 0.609298
8340.000000 3.941089 248.545389 -0.165050 0.606051
8360.000000 3.911773 248.677430 -0.227324 0.602392
8380.000000 3.880021 248.809722 -0.285726 0.598347
8400.000000 3.846260 248.942267 -0.339961 0.593941
8420.000000 3.810907 249.075056 -0.389811 0.589203
8440.000000 3.774360 249.208071 -0.435132 0.584158
8460.000000 3.736983 249.341282 -0.475842 0.578835
8480.000000 3.699105 249.474652 -0.511918 0.573259
8500.000000 3.661016 249.608134 -0.543386 0.567456
8520.000000 3.622966 249.741677 -0.570313 0.561448
8540.000000 3.585168 249.875223 -0.592798 0.555258
8560.000000 3.547798 250.008710 -0.610966 0.548907
8580.000000 3.511001 250.142071 -0.624964 0.542413
8600.000000 3.474897 250.275239 -0.634952 0.535796
8620.000000 3.439580 250.408145 -0.641102 0.529072
8640.000000 3.405127 250.540717 -0.643589 0.522259
8660.000000 3.371600 250.672888 -0.642597 0.515374
8680.000000 3.339049 250.804587 -0.638308 0.508432
8700.000000 3.307515 250.935747 -0.630904 0.501451
8720.000000 3.277030 251.066305 -0.620568 0.494449
8740.000000 3.247623 251.196196 -0.607478 0.487442
8760.000000 3.219318 251.325364 -0.591809 0.480450
8780.000000 3.192134 251.453754 -0.573734 0.473494
8800.000000 3.166088 251.581316 -0.553419 0.466592
8820.000000 3.141197 251.708005 -0.531028 0.459767
8840.000000 3.117471 251.833785 -0.506718 0.453040
8860.000000 3.094923 251.958622 -0.480639 0.446436
8880.000000 3.073560 252.082493 -0.452939 0.439978
8900.000000 3.053390 252.205380 -0.423756 0.433691
8920.000000 3.034416 252.327273 -0.393221 0.427598
8940.000000 3.016640 252.448172 -0.361462 0.421724
8960.000000 3.000064 252.568084 -0.328596 0.416095
8980.000000 2.984685 252.687024 -0.294733 0.410734
9000.000000 2.970502 252.805018 -0.259977 0.405665
9020.000000 2.957509 252.922098 -0.224423 0.400912
9040.000000 2.945701 253.038307 -0.188160 0.396495
9060.000000 2.935072 253.153694 -0.151270 0.392437
9080.000000 2.925616 253.268317 -0.113825 0.388757
9100.000000 2.917327 253.382241 -0.075895 0.385474
9120.000000 2.910199 253.495539 -0.037540 0.382603
9140.000000 2.904226 253.608288 0.001183 0.380161
9160.000000 2.899406 253.720573 0.040224 0.378161
9180.000000 2.895736 253.832482 0.079536 0.376614
9200.000000 2.893216 253.944109 0.119075 0.375530
9220.000000 2.891848 254.055549 0.158802 0.374917
9240.000000 2.891636 254.166902 0.198678 0.374782
9260.000000 2.892587 254.278267 0.238665 0.375126
9280.000000 2.894711 254.389743 0.278727 0.375953
9300.000000 2.898019 254.501432 0.318825 0.377262
9320.000000 2.902526 254.613431 0.358920 0.379049
9340.000000 2.908248 254.725836 0.398970 0.381311
9360.000000 2.915204 254.838740 0.438928 0.384039
9380.000000 2.923414 254.952230 0.478743 0.387226
9400.000000 2.932901 255.066389 0.518361 0.390858
9420.000000 2.943685 255.181293 0.557718 0.394923
9440.000000 2.955791 255.297013 0.596745 0.399403
9460.000000 2.969240 255.413609 0.635364 0.404282
9480.000000 2.984055 255.531136 0.673490 0.409538
9500.000000 3.000254 255.649637 0.711027 0.415149
9520.000000 3.017854 255.769147 0.747869 0.421091
9540.000000 3.036871 255.889692 0.783903 0.427339
9560.000000 3.057314 256.011287 0.819002 0.433865
9580.000000 3.079188 256.133936 0.853033 0.440639
9600.000000 3.102493 256.257636 0.885849 0.447634
9620.000000 3.127223 256.382370 0.917296 0.454817
9640.000000 3.153365 256.508116 0.947208 0.462159
9660.000000 3.180899 256.634841 0.975412 0.469627
9680.000000 3.209795 256.762502 1.001726 0.477190
9700.000000 3.240018 256.891051 1.025961 0.484818
9720.000000 3.271521 257.020433 1.047921 0.492479
9740.000000 3.304247 257.150585 1.067402 0.500143
9760.000000 3.338132 257.281440 1.084199 0.507780
9780.000000 3.373098 257.412929 1.098101 0.515364
9800.000000 3.409056 257.544977 1.108896 0.522865
9820.000000 3.445905 257.677508 1.116370 0.530258
9840.000000 3.483532 257.810446 1.120311 0.537517
9860.000000 3.521806 257.943713 1.120512 0.544617
9880.000000 3.560581 258.077234 1.116768 0.551535
9900.000000 3.599691 258.210933 1.108887 0.558248
9920.000000 3.638951 258.344740 1.096690 0.564732
9940.000000 3.678152 258.478586 1.080012 0.570965
9960.000000 3.717056 258.612410 1.058713 0.576925
9980.000000 3.755401 258.746152 1.032682 0.582588
10000.000000 3.792892 258.879764 1.001839 0.587932
10020.000000 3.829206 259.013200 0.966147 0.592934
10040.000000 3.863991 259.146425 0.925614 0.597567
10060.000000 3.896873 259.279414 0.880303 0.601809
10080.000000 3.927456 259.412147 0.830334 0.605634
10100.000000 3.955340 259.544616 0.775893 0.609019
10120.000000 3.980128 259.676823 0.717236 0.611941
10140.000000 4.001443 259.808777 0.654690 0.614380
10160.000000 4.018938 259.940497 0.588659 0.616319
10180.000000 4.032317 260.072011 0.519619 0.617747
10200.000000 4.041347 260.203354 0.448117 0.618656
10220.000000 4.045864 260.334569 0.374762 0.619042
10240.000000 4.045786 260.465702 0.300215 0.618908
10260.000000 4.041114 260.596805 0.225171 0.618258
10280.000000 4.031930 260.727930 0.150338 0.617103
10300.000000 4.018399 260.859130 0.076420 0.615452
10320.000000 4.000757 260.990453 0.004094 0.613322
10340.000000 3.979305 261.121942 -0.066011 0.610728
10360.000000 3.954397 261.253634 -0.133329 0.607690
10380.000000 3.926426 261.385555 -0.197363 0.604230
10400.000000 3.895810 261.517723 -0.257698 0.600370
10420.000000 3.862978 261.650145 -0.314001 0.596137
10440.000000 3.828352 261.782817 -0.366016 0.591558
10460.000000 3.792341 261.915725 -0.413563 0.586659
10480.000000 3.755325 262.048844 -0.456532 0.581469
10500.000000 3.717653 262.182142 -0.494871 0.576013
10520.000000 3.679634 262.315575 -0.528585 0.570318
10540.000000 3.641536 262.449095 -0.557720 0.564407
10560.000000 3.603591 262.582648 -0.582361 0.558304
10580.000000 3.565991 262.716171 -0.602621 0.552029
10600.000000 3.528898 262.849602 -0.618637 0.545602
10620.000000 3.492442 262.982873 -0.630563 0.539043
10640.000000 3.456730 263.115916 -0.638566 0.532369
10660.000000 3.421846 263.248660 -0.642820 0.525598
10680.000000 3.387860 263.381035 -0.643505 0.518746
10700.000000 3.354827 263.512973 -0.640804 0.511829
10720.000000 3.322791 263.644405 -0.634899 0.504865
10740.000000 3.291790 263.775265 -0.625973 0.497871
10760.000000 3.261854 263.905489 -0.614206 0.490864
10780.000000 3.233007 264.035018 -0.599775 0.483863
10800.000000 3.205273 264.163794 -0.582854 0.476887
10820.000000 3.178669 264.291766 -0.563613 0.469955
10840.000000 3.153212 264.418887 -0.542217 0.463090
10860.000000 3.128916 264.545116 -0.518824 0.456313
10880.000000 3.105791 264.670417 -0.493591 0.449646
10900.000000 3.083849 264.794763 -0.466666 0.443114
10920.000000 3.063095 264.918132 -0.438190 0.436740
10940.000000 3.043536 265.040511 -0.408299 0.430548
10960.000000 3.025174 265.161895 -0.377123 0.424565
10980.000000 3.008012 265.282288 -0.344783 0.418813
11000.000000 2.992049 265.401700 -0.311394 0.413318
11020.000000 2.977282 265.520153 -0.277062 0.408103
11040.000000 2.963708 265.637675 -0.241886 0.403193
11060.000000 2.951322 265.754304 -0.205960 0.398609
11080.000000 2.940118 265.870086 -0.169366 0.394374
11100.000000 2.930090 265.985074 -0.132183 0.390507
11120.000000 2.921231 266.099331 -0.094482 0.387027
11140.000000 2.913537 266.212925 -0.056328 0.383953
11160.000000 2.907000 266.325932 -0.017778 0.381300
11180.000000 2.901617 266.438433 0.021114 0.379082
11200.000000 2.897385 266.550515 0.060299 0.377312
11220.000000 2.894303 266.662268 0.099733 0.376001
11240.000000 2.892372 266.773787 0.139373 0.375158
11260.000000 2.891595 266.885170 0.179181 0.374788
11280.000000 2.891977 266.996516 0.219118 0.374898
11300.000000 2.893526 267.107926 0.259148 0.375489
11320.000000 2.896254 267.219498 0.299233 0.376562
11340.000000 2.900173 267.331334 0.339335 0.378116
11360.000000 2.905299 267.443529 0.379412 0.380147
11380.000000 2.911650 267.556178 0.419421 0.382649
11400.000000 2.919245 267.669370 0.459313 0.385613
11420.000000 2.928105 267.783193 0.499035 0.389029
11440.000000 2.938253 267.897724 0.538527 0.392884
11460.000000 2.949710 268.013037 0.577725 0.397163
11480.000000 2.962501 268.129198 0.616553 0.401850
11500.000000 2.976646 268.246264 0.654931 0.406924
11520.000000 2.992166 268.364284 0.692768 0.412365
11540.000000 3.009080 268.483297 0.729964 0.418148
11560.000000 3.027403 268.603334 0.766407 0.424250
11580.000000 3.047148 268.724414 0.801980 0.430644
11600.000000 3.068322 268.846549 0.836550 0.437300
11620.000000 3.090929 268.969736 0.869978 0.444191
11640.000000 3.114964 269.093968 0.902114 0.451286
11660.000000 3.140418 269.219223 0.932797 0.458554
11680.000000 3.167275 269.345474 0.961858 0.465965
11700.000000 3.195510 269.472684 0.989119 0.473485
11720.000000 3.225090 269.600806 1.014393 0.481085
11740.000000 3.255974 269.729788 1.037489 0.488734
11760.000000 3.288110 269.859571 1.058207 0.496400
11780.000000 3.321438 269.990092 1.076342 0.504054
11800.000000 3.355886 270.121280 1.091684 0.511668
11820.000000 3.391371 270.253065 1.104024 0.519212
11840.000000 3.427798 270.385369 1.113147 0.526662
11860.000000 3.465060 270.518118 1.118840 0.533989
11880.000000 3.503035 270.651234 1.120894 0.541170
11900.000000 3.541585 270.784640 1.119102 0.548180
11920.000000 3.580553 270.918261 1.113266 0.554996
11940.000000 3.619765 271.052024 1.103199 0.561594
11960.000000 3.659022 271.185859 1.088729 0.567953
11980.000000 3.698102 271.319702 1.069704 0.574049
12000.000000 3.736755 271.453491 1.045996 0.579860
12020.000000 3.774702 271.587172 1.017512 0.585363
12040.000000 3.811633 271.720699 0.984190 0.590535
12060.000000 3.847211 271.854031 0.946018 0.595351
12080.000000 3.881071 271.987138 0.903030 0.599787
12100.000000 3.912827 272.119997 0.855317 0.603819
12120.000000 3.942080 272.252596 0.803034 0.607422
12140.000000 3.968429 272.384931 0.746400 0.610573
12160.000000 3.991486 272.517006 0.685709 0.613250
12180.000000 4.010888 272.648838 0.621325 0.615435
12200.000000 4.026311 272.780449 0.553691 0.617114
12220.000000 4.037491 272.911870 0.483319 0.618277
12240.000000 4.044228 273.043142 0.410790 0.618919
12260.000000 4.046400 273.174309 0.336740 0.619038
12280.000000 4.043967 273.305420 0.261851 0.618639
12300.000000 4.036972 273.436528 0.186826 0.617730
12320.000000 4.025539 273.567685 0.112375 0.616320
12340.000000 4.009872 273.698942 0.039189 0.614422
12360.000000 3.990240 273.830344 -0.032077 0.612052
12380.000000 3.966974 273.961933 -0.100823 0.609229
12400.000000 3.940448 274.093740 -0.166518 0.605972
12420.000000 3.911071 274.225786 -0.228707 0.602304
12440.000000 3.879268 274.358083 -0.287016 0.598250
12460.000000 3.845466 274.490634 -0.341153 0.593836
12480.000000 3.810082 274.623429 -0.390901 0.589090
12500.000000 3.773512 274.756449 -0.436116 0.584039
12520.000000 3.736119 274.889664 -0.476720 0.578710
12540.000000 3.698233 275.023037 -0.512690 0.573129
12560.000000 3.660143 275.156521 -0.544054 0.567320
12580.000000 3.622097 275.290065 -0.570878 0.561308
12600.000000 3.584306 275.423611 -0.593262 0.555114
12620.000000 3.546948 275.557095 -0.611333 0.548759
12640.000000 3.510166 275.690453 -0.625237 0.542263
12660.000000 3.474078 275.823615 -0.635136 0.535643
12680.000000 3.438780 275.956514 -0.641199 0.528917
12700.000000 3.404348 276.089078 -0.643605 0.522102
12720.000000 3.370843 276.221239 -0.642535 0.515215
12740.000000 3.338315 276.352926 -0.638172 0.508272
12760.000000 3.306804 276.484074 -0.630700 0.501291
12780.000000 3.276344 276.614616 -0.620298 0.494288
12800.000000 3.246962 276.744492 -0.607147 0.487282
12820.000000 3.218682 276.873643 -0.591421 0.480291
12840.000000 3.191524 277.002014 -0.573293 0.473335
12860.000000 3.165505 277.129556 -0.552929 0.466434
12880.000000 3.140640 277.256225 -0.530492 0.459611
12900.000000 3.116941 277.381984 -0.506139 0.452888
12920.000000 3.094420 277.506799 -0.480022 0.446287
12940.000000 3.073085 277.630648 -0.452286 0.439832
12960.000000 3.052942 277.753512 -0.423071 0.433549
12980.000000 3.033995 277.875382 -0.392507 0.427460
13000.000000 3.016247 277.996258 -0.360721 0.421592
13020.000000 2.999698 278.116147 -0.327830 0.415969
13040.000000 2.984347 278.235066 -0.293946 0.410614
13060.000000 2.970191 278.353038 -0.259170 0.405553
13080.000000 2.957225 278.470098 -0.223600 0.400807
13100.000000 2.945444 278.586288 -0.187322 0.396398
13120.000000 2.934842 278.701657 -0.150418 0.392349
13140.000000 2.925413 278.816263 -0.112961 0.388677
13160.000000 2.917151 278.930172 -0.075021 0.385403
13180.000000 2.910049 279.043456 -0.036657 0.382542
13200.000000 2.904103 279.156193 0.002074 0.380110
13220.000000 2.899309 279.268469 0.041122 0.378120
13240.000000 2.895665 279.380370 0.080440 0.376584
13260.000000 2.893172 279.491992 0.119984 0.375511
13280.000000 2.891830 279.603429 0.159714 0.374909
13300.000000 2.891645 279.714781 0.199593 0.374784
13320.000000 2.892623 279.826147 0.239583 0.375140
13340.000000 2.894773 279.937627 0.279646 0.375978
13360.000000 2.898109 280.049322 0.319744 0.377297
13380.000000 2.902643 280.161330 0.359839 0.379096
13400.000000 2.908393 280.273745 0.399887 0.381368
13420.000000 2.915378 280.386661 0.439842 0.384107
13440.000000 2.923617 280.500166 0.479654 0.387304
13460.000000 2.933133 280.614341 0.519266 0.390946
13480.000000 2.943948 280.729263 0.558616 0.395021
13500.000000 2.956084 280.845002 0.597635 0.399511
13520.000000 2.969565 280.961619 0.636244 0.404398
13540.000000 2.984410 281.079168 0.674357 0.409662
13560.000000 3.000641 281.197691 0.711879 0.415281
13580.000000 3.018274 281.317225 0.748704 0.421231
13600.000000 3.037324 281.437794 0.784718 0.427485
13620.000000 3.057799 281.559413 0.819795 0.434017
13640.000000 3.079706 281.682086 0.853799 0.440797
13660.000000 3.103043 281.805810 0.886586 0.447797
13680.000000 3.127806 281.930568 0.917999 0.454984
13700.000000 3.153980 282.056337 0.947874 0.462329
13720.000000 3.181546 282.183083 0.976037 0.469799
13740.000000 3.210473 282.310765 1.002306 0.477365
13760.000000 3.240726 282.439334 1.026491 0.484993
13780.000000 3.272257 282.568734 1.048395 0.492654
13800.000000 3.305011 282.698903 1.067818 0.500318
13820.000000 3.338921 282.829774 1.084551 0.507955
13840.000000 3.373911 282.961277 1.098384 0.515537
13860.000000 3.409891 283.093336 1.109105 0.523036
13880.000000 3.446759 283.225878 1.116501 0.530426
13900.000000 3.484402 283.358824 1.120359 0.537682
13920.000000 3.522689 283.492098 1.120471 0.544778
13940.000000 3.561474 283.625623 1.116634 0.551692
13960.000000 3.600590 283.759326 1.108657 0.558399
13980.000000 3.639851 283.893134 1.096358 0.564878
14000.000000 3.679047 284.026981 1.079576 0.571105
14020.000000 3.717942 284.160803 1.058170 0.577058
14040.000000 3.756270 284.294543 1.032029 0.582714
14060.000000 3.793738 284.428151 1.001076 0.588051
14080.000000 3.830021 284.561583 0.965272 0.593044
14100.000000 3.864768 284.694803 0.924629 0.597669
14120.000000 3.897601 284.827786 0.879209 0.601901
14140.000000 3.928127 284.960513 0.829135 0.605717
14160.000000 3.955944 285.092976 0.774595 0.609091
14180.000000 3.980657 285.225177 0.715845 0.612002
14200.000000 4.001887 285.357126 0.653215 0.614430
14220.000000 4.019291 285.488841 0.587109 0.616358
14240.000000 4.032574 285.620350 0.518006 0.617774
14260.000000 4.041501 285.751690 0.446454 0.618671
14280.000000 4.045914 285.882902 0.373065 0.619045
14300.000000 4.045730 286.014034 0.298499 0.618899
14320.000000 4.040953 286.145137 0.223451 0.618237
14340.000000 4.031668 286.276263 0.148631 0.617070
14360.000000 4.018039 286.407465 0.074743 0.615409
14380.000000 4.000307 286.538791 0.002461 0.613268
14400.000000 3.978771 286.670285 -0.067587 0.610664
14420.000000 3.953789 286.801982 -0.134834 0.607616
14440.000000 3.925753 286.933908 -0.198788 0.604145
14460.000000 3.895081 287.066082 -0.259035 0.600277
14480.000000 3.862203 287.198510 -0.315241 0.596036
14500.000000 3.827541 287.331188 -0.367156 0.591449
14520.000000 3.791502 287.464101 -0.414599 0.586543
14540.000000 3.754468 287.597225 -0.457462 0.581347
14560.000000 3.716785 287.730525 -0.495696 0.575885
14580.000000 3.678761 287.863961 -0.529304 0.570185
14600.000000 3.640664 287.997483 -0.558335 0.564269
14620.000000 3.602725 288.131035 -0.582873 0.558162
14640.000000 3.565135 288.264558 -0.603035 0.551883
14660.000000 3.528055 288.397986 -0.618955 0.545453
14680.000000 3.491615 288.531252 -0.630790 0.538891
14700.000000 3.455921 288.664289 -0.638705 0.532215
14720.000000 3.421057 288.797025 -0.642875 0.525442
14740.000000 3.387092 288.929391 -0.643480 0.518588
14760.000000 3.354082 289.061318 -0.640704 0.511670
14780.000000 3.322069 289.192738 -0.634728 0.504705
14800.000000 3.291092 289.323584 -0.625734 0.497711
14820.000000 3.261180 289.453793 -0.613904 0.490704
14840.000000 3.232359 289.583305 -0.599415 0.483703
14860.000000 3.204651 289.712064 -0.582439 0.476727
14880.000000 3.178073 289.840017 -0.563146 0.469797
14900.000000 3.152642 289.967118 -0.541702 0.462934
14920.000000 3.128373 290.093325 -0.518266 0.456159
14940.000000 3.105275 290.218605 -0.492993 0.449495
14960.000000 3.083360 290.342928 -0.466030 0.442966
14980.000000 3.062633 290.466275 -0.437520 0.436596
15000.000000 3.043102 290.588631 -0.407599 0.430409
15020.000000 3.024768 290.709993 -0.376395 0.424430
15040.000000 3.007633 290.830363 -0.344030 0.418684
15060.000000 2.991697 290.949753 -0.310617 0.413195
15080.000000 2.976958 291.068184 -0.276265 0.407987
15100.000000 2.963411 291.185685 -0.241071 0.403084
15120.000000 2.951052 291.302294 -0.205128 0.398508
15140.000000 2.939875 291.418057 -0.168520 0.394281
15160.000000 2.929874 291.533028 -0.131325 0.390423
15180.000000 2.921042 291.647269 -0.093613 0.386952
15200.000000 2.913374 291.760849 -0.055448 0.383887
15220.000000 2.906864 291.873843 -0.016890 0.381244
15240.000000 2.901507 291.986333 0.022009 0.379036
15260.000000 2.897302 292.098406 0.061200 0.377277
15280.000000 2.894246 292.210153 0.100639 0.375977
15300.000000 2.892341 292.321668 0.140283 0.375144
15320.000000 2.891590 292.433049 0.180094 0.374785
15340.000000 2.891999 292.544396 0.220034 0.374906
15360.000000 2.893575 292.655808 0.260066 0.375508
15380.000000 2.896330 292.767386 0.300152 0.376593
15400.000000 2.900277 292.879228 0.340254 0.378157
15420.000000 2.905431 292.991432 0.380330 0.380199
15440.000000 2.911810 293.104093 0.420337 0.382711
15460.000000 2.919434 293.217299 0.460225 0.385686
15480.000000 2.928323 293.331136 0.499942 0.389112
15500.000000 2.938501 293.445685 0.539429 0.392977
15520.000000 2.949988 293.561017 0.578619 0.397266
15540.000000 2.962810 293.677198 0.617438 0.401962
15560.000000 2.976986 293.794285 0.655805 0.407045
15580.000000 2.992538 293.912327 0.693628 0.412493
15600.000000 3.009484 294.031364 0.730807 0.418285
15620.000000 3.027840 294.151424 0.767233 0.424394
15640.000000 3.047617 294.272529 0.802784 0.430793
15660.000000 3.068824 294.394687 0.837329 0.437456
15680.000000 3.091463 294.517899 0.870730 0.444352
15700.000000 3.115531 294.642154 0.902834 0.451451
15720.000000 3.141018 294.767433 0.933482 0.458723
15740.000000 3.167907 294.893707 0.962503 0.466136
15760.000000 3.196173 295.020937 0.989721 0.473659
15780.000000 3.225783 295.149080 1.014948 0.481260
15800.000000 3.256696 295.278081 1.037992 0.488909
15820.000000 3.288861 295.407882 1.058652 0.496575
15840.000000 3.322215 295.538419 1.076725 0.504229
15860.000000 3.356687 295.669622 1.092002 0.511841
15880.000000 3.392195 295.801419 1.104270 0.519384
15900.000000 3.428643 295.933734 1.113316 0.526831
15920.000000 3.465923 296.066492 1.118929 0.534155
15940.000000 3.503913 296.199616 1.120897 0.541333
15960.000000 3.542474 296.333028 1.119014 0.548338
15980.000000 3.581450 296.466653 1.113083 0.555149
16000.000000 3.620665 296.600418 1.102917 0.561743
16020.000000 3.659921 296.734254 1.088344 0.568095
16040.000000 3.698994 296.868096 1.069213 0.574185
16060.000000 3.737634 297.001883 1.045397 0.579989
16080.000000 3.775561 297.135561 1.016802 0.585485
16100.000000 3.812465 297.269084 0.983370 0.590649
16120.000000 3.848008 297.402411 0.945087 0.595457
16140.000000 3.881824 297.535513 0.901989 0.599884
16160.000000 3.913527 297.668367 0.854170 0.603906
16180.000000 3.942718 297.800959 0.801784 0.607499
16200.000000 3.968996 297.933288 0.745054 0.610639
16220.000000 3.991973 298.065358 0.684273 0.613305
16240.000000 4.011287 298.197184 0.619810 0.615479
16260.000000 4.026616 298.328790 0.552107 0.617147
16280.000000 4.037696 298.460208 0.481679 0.618298
16300.000000 4.044329 298.591476 0.409108 0.618927
16320.000000 4.046396 298.722641 0.335031 0.619035
16340.000000 4.043857 298.853752 0.260130 0.618624
16360.000000 4.036759 298.984860 0.185111 0.617703
16380.000000 4.025227 299.116019 0.110681 0.616281
16400.000000 4.009465 299.247279 0.037532 0.614373
16420.000000 3.989746 299.378685 -0.033682 0.611993
16440.000000 3.966401 299.510279 -0.102364 0.609159
16460.000000 3.939805 299.642090 -0.167983 0.605892
16480.000000 3.910368 299.774142 -0.230088 0.602215
16500.000000 3.878514 299.906446 -0.288304 0.598153
16520.000000 3.844671 300.039002 -0.342343 0.593731
16540.000000 3.809256 300.171803 -0.391988 0.588978
16560.000000 3.772663 300.304827 -0.437098 0.583920
16580.000000 3.735255 300.438047 -0.477596 0.578585
16600.000000 3.697362 300.571422 -0.513460 0.572998
16620.000000 3.659269 300.704909 -0.544719 0.567185
16640.000000 3.621227 300.838453 -0.571440 0.561168
16660.000000 3.583445 300.971998 -0.593724 0.554970
16680.000000 3.546098 301.105480 -0.611698 0.548612
16700.000000 3.509331 301.238834 -0.625508 0.542113
16720.000000 3.473260 301.371992 -0.635317 0.535490
16740.000000 3.437981 301.504883 -0.641294 0.528762
16760.000000 3.403570 301.637439 -0.643619 0.521945
16780.000000 3.370087 301.769590 -0.642471 0.515057
16800.000000 3.337581 301.901265 -0.638035 0.508113
16820.000000 3.306095 302.032400 -0.630494 0.501131
16840.000000 3.275659 302.162928 -0.620027 0.494127
16860.000000 3.246302 302.292788 -0.606815 0.487121
16880.000000 3.218047 302.421921 -0.591032 0.480131
16900.000000 3.190915 302.550274 -0.572850 0.473176
16920.000000 3.164922 302.677796 -0.552437 0.466277
16940.000000 3.140084 302.804445 -0.529955 0.459456
16960.000000 3.116412 302.930182 -0.505560 0.452735
16980.000000 3.093918 303.054976 -0.479404 0.446137
17000.000000 3.072610 303.178802 -0.451633 0.439686
17020.000000 3.052494 303.301643 -0.422385 0.433407
17040.000000 3.033575 303.423491 -0.391792 0.427323
17060.000000 3.015854 303.544344 -0.359979 0.421461
17080.000000 2.999333 303.664211 -0.327065 0.415843
17100.000000 2.984009 303.783107 -0.293159 0.410495
17120.000000 2.969880 303.901059 -0.258364 0.405440
17140.000000 2.956942 304.018098 -0.222776 0.400702
17160.000000 2.945188 304.134268 -0.186483 0.396301
17180.000000 2.934613 304.249619 -0.149565 0.392260
17200.000000 2.925211 304.364208 -0.112097 0.388598
17220.000000 2.916975 304.478102 -0.074146 0.385333
17240.000000 2.909900 304.591373 -0.035773 0.382482
17260.000000 2.903980 304.704099 0.002966 0.380060
17280.000000 2.899213 304.816364 0.042020 0.378080
17300.000000 2.895595 304.928259 0.081343 0.376554
17320.000000 2.893128 305.039875 0.120892 0.375492
17340.000000 2.891813 305.151309 0.160627 0.374901
17360.000000 2.891654 305.262660 0.200508 0.374787
17380.000000 2.892659 305.374028 0.240500 0.375154
17400.000000 2.894837 305.485512 0.280564 0.376003
17420.000000 2.898199 305.597213 0.320663 0.377333
17440.000000 2.902761 305.709228 0.360757 0.379142
17460.000000 2.908540 305.821654 0.400803 0.381426
17480.000000 2.915553 305.934583 0.440756 0.384176
17500.000000 2.923821 306.048102 0.480564 0.387383
17520.000000 2.933366 306.162293 0.520171 0.391035
17540.000000 2.944211 306.277234 0.559515 0.395119
17560.000000 2.956378 306.392992 0.598525 0.399618
17580.000000 2.969889 306.509630 0.637123 0.404514
17600.000000 2.984767 306.627200 0.675224 0.409787
17620.000000 3.001030 306.745747 0.712731 0.415414
17640.000000 3.018695 306.865304 0.749539 0.421371
17660.000000 3.037777 306.985897 0.785533 0.427632
17680.000000 3.058285 307.107540 0.820586 0.434170
17700.000000 3.080224 307.230238 0.854565 0.440955
17720.000000 3.103595 307.353985 0.887322 0.447959
17740.000000 3.128390 307.478767 0.918701 0.455151
17760.000000 3.154597 307.604558 0.948539 0.462499
17780.000000 3.182193 307.731327 0.976661 0.469972
17800.000000 3.211152 307.859030 1.002884 0.477539
17820.000000 3.241434 307.987618 1.027019 0.485168
17840.000000 3.272994 308.117037 1.048869 0.492830
17860.000000 3.305776 308.247222 1.068232 0.500493
17880.000000 3.339711 308.378109 1.084901 0.508129
17900.000000 3.374725 308.509625 1.098665 0.515710
17920.000000 3.410726 308.641696 1.109313 0.523207
17940.000000 3.447614 308.774248 1.116629 0.530594
17960.000000 3.485273 308.907203 1.120404 0.537846
17980.000000 3.523573 309.040483 1.120428 0.544939
18000.000000 3.562367 309.174013 1.116499 0.551848
18020.000000 3.601489 309.307719 1.108424 0.558550
18040.000000 3.640751 309.441529 1.096024 0.565023
18060.000000 3.679943 309.575376 1.079138 0.571244
18080.000000 3.718828 309.709197 1.057624 0.577191
18100.000000 3.757140 309.842934 1.031374 0.582840
18120.000000 3.794584 309.976539 1.000309 0.588169
18140.000000 3.830836 310.109966 0.964395 0.593154
18160.000000 3.865543 310.243181 0.923641 0.597770
18180.000000 3.898327 310.376158 0.878113 0.601994
18200.000000 3.928796 310.508879 0.827935 0.605799
18220.000000 3.956547 310.641337 0.773295 0.609163
18240.000000 3.981184 310.773531 0.714452 0.612063
18260.000000 4.002330 310.905474 0.651737 0.614480
18280.000000 4.019643 311.037184 0.585557 0.616396
18300.000000 4.032828 311.168690 0.516391 0.617800
18320.000000 4.041653 311.300026 0.444791 0.618685
18340.000000 4.045961 311.431236 0.371367 0.619047
18360.000000 4.045672 311.562366 0.296781 0.618889
18380.000000 4.040790 311.693469 0.221731 0.618216
18400.000000 4.031403 311.824597 0.146925 0.617038
18420.000000 4.017678 311.955801 0.073066 0.615365
18440.000000 3.999854 312.087131 0.000828 0.613213
18460.000000 3.978236 312.218628 -0.069162 0.610599
18480.000000 3.953179 312.350330 -0.136339 0.607541
18500.000000 3.925078 312.482262 -0.200212 0.604061
18520.000000 3.894351 312.614442 -0.260369 0.600184
18540.000000 3.861427 312.746876 -0.316480 0.595935
18560.000000 3.826729 312.879559 -0.368293 0.591340
18580.000000 3.790663 313.012477 -0.415633 0.586428
18600.000000 3.753611 313.145605 -0.458390 0.581224
18620.000000 3.715916 313.278910 -0.496517 0.575757
18640.000000 3.677887 313.412348 -0.530020 0.570052
18660.000000 3.639792 313.545871 -0.558947 0.564131
18680.000000 3.601859 313.679424 -0.583384 0.558020
18700.000000 3.564279 313.812944 -0.603446 0.551737
18720.000000 3.527213 313.946369 -0.619272 0.545304
18740.000000 3.490789 314.079632 -0.631014 0.538740
18760.000000 3.455112 314.212662 -0.638842 0.532061
18780.000000 3.420269 314.345391 -0.642928 0.525286
18800.000000 3.386325 314.477748 -0.643454 0.518430
18820.000000 3.353337 314.609664 -0.640602 0.511511
18840.000000 3.321348 314.741071 -0.634555 0.504545
18860.000000 3.290395 314.871903 -0.625494 0.497550
18880.000000 3.260508 315.002097 -0.613601 0.490543
18900.000000 3.231712 315.131592 -0.599053 0.483543
18920.000000 3.204029 315.260333 -0.582022 0.476568
18940.000000 3.177477 315.388267 -0.562678 0.469639
18960.000000 3.152073 315.515348 -0.541187 0.462777
18980.000000 3.127830 315.641534 -0.517707 0.456005
19000.000000 3.104760 315.766792 -0.492393 0.449344
19020.000000 3.082871 315.891094 -0.465393 0.442818
19040.000000 3.062172 316.014418 -0.436850 0.436452
19060.000000 3.042668 316.136751 -0.406898 0.430269
19080.000000 3.024362 316.258090 -0.375666 0.424296
19100.000000 3.007254 316.378437 -0.343275 0.418555
19120.000000 2.991346 316.497805 -0.309840 0.413073
19140.000000 2.976634 316.616215 -0.275467 0.407872
19160.000000 2.963114 316.733695 -0.240256 0.402976
19180.000000 2.950782 316.850284 -0.204296 0.398407
19200.000000 2.939632 316.966028 -0.167674 0.394188
19220.000000 2.929658 317.080982 -0.130466 0.390339
19240.000000 2.920853 317.195207 -0.092743 0.386877
19260.000000 2.913212 317.308772 -0.054569 0.383822
19280.000000 2.906728 317.421754 -0.016002 0.381188
19300.000000 2.901398 317.534234 0.022904 0.378991
19320.000000 2.897219 317.646298 0.062102 0.377242
19340.000000 2.894190 317.758039 0.101545 0.375952
19360.000000 2.892311 317.869549 0.141194 0.375130
19380.000000 2.891587 317.980929 0.181008 0.374783
19400.000000 2.892022 318.092276 0.220951 0.374914
19420.000000 2.893625 318.203690 0.260984 0.375528
19440.000000 2.896407 318.315273 0.301071 0.376623
19460.000000 2.900382 318.427123 0.341173 0.378199
19480.000000 2.905564 318.539336 0.381248 0.380251
19500.000000 2.911971 318.652008 0.421252 0.382774
19520.000000 2.919623 318.765228 0.461137 0.385759
19540.000000 2.928542 318.879081 0.500850 0.389196
19560.000000 2.938749 318.993647 0.540331 0.393071
19580.000000 2.950267 319.108997 0.579513 0.397369
19600.000000 2.963119 319.225198 0.618323 0.402074
19620.000000 2.977327 319.342307 0.656678 0.407166
19640.000000 2.992910 319.460372 0.694488 0.412622
19660.000000 3.009888 319.579431 0.731651 0.418421
19680.000000 3.028277 319.699516 0.768058 0.424537
19700.000000 3.048087 319.820645 0.803587 0.430943
19720.000000 3.069327 319.942827 0.838108 0.437611
19740.000000 3.091999 320.066063 0.871481 0.444512
19760.000000 3.116099 320.190342 0.903553 0.451616
19780.000000 3.141619 320.315644 0.934166 0.458891
19800.000000 3.168539 320.441940 0.963148 0.466307
19820.000000 3.196837 320.569192 0.990322 0.473832
19840.000000 3.226477 320.697354 1.015501 0.481435
19860.000000 3.257420 320.826375 1.038492 0.489085
19880.000000 3.289612 320.956193 1.059096 0.496751
19900.000000 3.322993 321.086746 1.077107 0.504404
19920.000000 3.357490 321.217963 1.092317 0.512015
19940.000000 3.393020 321.349773 1.104514 0.519556
19960.000000 3.429489 321.482100 1.113484 0.527000
19980.000000 3.466786 321.614867 1.119016 0.534322
20000.000000 3.504791 321.747998 1.120898 0.541495
20020.000000 3.543363 321.881415 1.118924 0.548497
20040.000000 3.582346 322.015045 1.112898 0.555303
20060.000000 3.621565 322.148812 1.102633 0.561891
20080.000000 3.660819 322.282650 1.087957 0.568238
20100.000000 3.699885 322.416491 1.068720 0.574321
20120.000000 3.738512 322.550276 1.044796 0.580119
20140.000000 3.776419 322.683951 1.016090 0.585607
20160.000000 3.813296 322.817469 0.982547 0.590763
20180.000000 3.848804 322.950792 0.944153 0.595563
20200.000000 3.882576 323.083888 0.900946 0.599981
20220.000000 3.914225 323.216736 0.853020 0.603994
20240.000000 3.943354 323.349323 0.800531 0.607576
20260.000000 3.969561 323.481645 0.743705 0.610706
20280.000000 3.992458 323.613709 0.682836 0.613361
20300.000000 4.011684 323.745530 0.618293 0.615523
20320.000000 4.026918 323.877131 0.550522 0.617179
20340.000000 4.037898 324.008545 0.480038 0.618318
20360.000000 4.044428 324.139811 0.407424 0.618936
20380.000000 4.046389 324.270974 0.333321 0.619031
20400.000000 4.043745 324.402084 0.258410 0.618609
20420.000000 4.036543 324.533193 0.183396 0.617676
20440.000000 4.024912 324.664353 0.108988 0.616243
20460.000000 4.009056 324.795616 0.035876 0.614323
20480.000000 3.989250 324.927027 -0.035287 0.611933
20500.000000 3.965826 325.058625 -0.103904 0.609089
20520.000000 3.939161 325.190442 -0.169448 0.605812
20540.000000 3.909663 325.322499 -0.231466 0.602126
20560.000000 3.877759 325.454809 -0.289591 0.598055
20580.000000 3.843876 325.587371 -0.343530 0.593626
20600.000000 3.808429 325.720177 -0.393073 0.588865
20620.000000 3.771813 325.853206 -0.438078 0.583801
20640.000000 3.734391 325.986429 -0.478470 0.578460
20660.000000 3.696490 326.119808 -0.514228 0.572867
20680.000000 3.658396 326.253297 -0.545382 0.567049
20700.000000 3.620358 326.386842 -0.572000 0.561028
20720.000000 3.582583 326.520386 -0.594183 0.554826
20740.000000 3.545248 326.653866 -0.612060 0.548465
20760.000000 3.508496 326.787216 -0.625777 0.541962
20780.000000 3.472443 326.920368 -0.635496 0.535337
20800.000000 3.437183 327.053253 -0.641388 0.528607
20820.000000 3.402792 327.185800 -0.643630 0.521788
20840.000000 3.369331 327.317941 -0.642406 0.514898
20860.000000 3.336848 327.449605 -0.637897 0.507953
20880.000000 3.305385 327.580726 -0.630286 0.500970
20900.000000 3.274974 327.711239 -0.619754 0.493967
20920.000000 3.245642 327.841083 -0.606481 0.486961
20940.000000 3.217413 327.970199 -0.590642 0.479971
20960.000000 3.190306 328.098533 -0.572407 0.473017
20980.000000 3.164340 328.226037 -0.551945 0.466120
21000.000000 3.139528 328.352665 -0.529417 0.459301
21020.000000 3.115883 328.478381 -0.504980 0.452582
21040.000000 3.093417 328.603152 -0.478785 0.445988
21060.000000 3.072136 328.726956 -0.450979 0.439540
21080.000000 3.052047 328.849774 -0.421698 0.433265
21100.000000 3.033155 328.971599 -0.391076 0.427187
21120.000000 3.015462 329.092430 -0.359237 0.421329
21140.000000 2.998968 329.212274 -0.326298 0.415717
21160.000000 2.983672 329.331149 -0.292371 0.410376
21180.000000 2.969570 329.449079 -0.257557 0.405328
21200.000000 2.956659 329.566098 -0.221952 0.400597
21220.000000 2.944932 329.682249 -0.185643 0.396205
21240.000000 2.934385 329.797581 -0.148712 0.392172
21260.000000 2.925009 329.912154 -0.111233 0.388519
21280.000000 2.916800 330.026033 -0.073271 0.385263
21300.000000 2.909751 330.139290 -0.034889 0.382421
21320.000000 2.903858 330.252004 0.003858 0.380009
21340.000000 2.899117 330.364260 0.042919 0.378040
21360.000000 2.895526 330.476147 0.082247 0.376524
21380.000000 2.893085 330.587758 0.121801 0.375473
21400.000000 2.891796 330.699190 0.161539 0.374893
21420.000000 2.891664 330.810540 0.201424 0.374790
21440.000000 2.892695 330.921909 0.241417 0.375168
21460.000000 2.894900 331.033397 0.281483 0.376028
21480.000000 2.898290 331.145104 0.321582 0.377369
21500.000000 2.902880 331.257128 0.361675 0.379190
21520.000000 2.908686 331.369564 0.401720 0.381484
21540.000000 2.915728 331.482506 0.441670 0.384244
21560.000000 2.924025 331.596039 0.481474 0.387461
21580.000000 2.933600 331.710247 0.521076 0.391124
21600.000000 2.944475 331.825205 0.560413 0.395217
21620.000000 2.956672 331.940983 0.599414 0.399726
21640.000000 2.970215 332.057642 0.638002 0.404631
21660.000000 2.985124 332.175234 0.676090 0.409912
21680.000000 3.001419 332.293803 0.713583 0.415547
21700.000000 3.019116 332.413384 0.750373 0.421511
21720.000000 3.038231 332.534001 0.786347 0.427779
21740.000000 3.058772 332.655668 0.821378 0.434323
21760.000000 3.080744 332.778390 0.855330 0.441114
21780.000000 3.104147 332.902161 0.888057 0.448122
21800.000000 3.128975 333.026966 0.919403 0.455317
21820.000000 3.155214 333.152781 0.949204 0.462669
21840.000000 3.182842 333.279571 0.977284 0.470144
21860.000000 3.211831 333.407295 1.003461 0.477713
21880.000000 3.242144 333.535903 1.027546 0.485344
21900.000000 3.273732 333.665340 1.049341 0.493006
21920.000000 3.306541 333.795542 1.068645 0.500669
21940.000000 3.340502 333.926444 1.085250 0.508304
21960.000000 3.375539 334.057973 1.098945 0.515882
21980.000000 3.411562 334.190057 1.109518 0.523377
22000.000000 3.448469 334.322619 1.116756 0.530762
22020.000000 3.486144 334.455581 1.120447 0.538011
22040.000000 3.524457 334.588868 1.120383 0.545099
22060.000000 3.563261 334.722403 1.116361 0.552004
22080.000000 3.602388 334.856112 1.108189 0.558701
22100.000000 3.641651 334.989924 1.095688 0.565169
22120.000000 3.680838 335.123771 1.078697 0.571384
22140.000000 3.719713 335.257591 1.057076 0.577324
22160.000000 3.758009 335.391326 1.030716 0.582966
22180.000000 3.795430 335.524926 0.999541 0.588288
22200.000000 3.831650 335.658349 0.963515 0.593264
22220.000000 3.866317 335.791559 0.922651 0.597872
22240.000000 3.899053 335.924530 0.877015 0.602086
22260.000000 3.929464 336.057246 0.826732 0.605881
22280.000000 3.957148 336.189697 0.771992 0.609235
22300.000000 3.981709 336.321886 0.713056 0.612124
22320.000000 4.002771 336.453823 0.650257 0.614529
22340.000000 4.019992 336.585528 0.584003 0.616434
22360.000000 4.033079 336.717029 0.514776 0.617826
22380.000000 4.041803 336.848362 0.443126 0.618699
22400.000000 4.046006 336.979569 0.369668 0.619049
22420.000000 4.045611 337.110699 0.295064 0.618879
22440.000000 4.040625 337.241801 0.220011 0.618195
22460.000000 4.031137 337.372930 0.145219 0.617005
22480.000000 4.017314 337.504137 0.071390 0.615321
22500.000000 3.999400 337.635470 -0.000803 0.613158
22520.000000 3.977699 337.766972 -0.070735 0.610533
22540.000000 3.952568 337.898679 -0.137841 0.607466
22560.000000 3.924401 338.030617 -0.201633 0.603977
22580.000000 3.893619 338.162802 -0.261701 0.600091
22600.000000 3.860650 338.295242 -0.317716 0.595833
22620.000000 3.825916 338.427930 -0.369429 0.591231
22640.000000 3.789824 338.560854 -0.416664 0.586311
22660.000000 3.752753 338.693986 -0.459316 0.581102
22680.000000 3.715047 338.827294 -0.497337 0.575629
22700.000000 3.677014 338.960735 -0.530734 0.569918
22720.000000 3.638920 339.094260 -0.559557 0.563993
22740.000000 3.600993 339.227812 -0.583892 0.557877
22760.000000 3.563424 339.361331 -0.603856 0.551591
22780.000000 3.526370 339.494753 -0.619586 0.545155
22800.000000 3.489962 339.628011 -0.631237 0.538588
22820.000000 3.454304 339.761035 -0.638976 0.531907
22840.000000 3.419480 339.893756 -0.642979 0.525129
22860.000000 3.385558 340.026104 -0.643426 0.518272
22880.000000 3.352592 340.158009 -0.640498 0.511352
22900.000000 3.320627 340.289404 -0.634380 0.504385
22920.000000 3.289698 340.420222 -0.625253 0.497390
22940.000000 3.259835 340.550400 -0.613297 0.490383
22960.000000 3.231065 340.679879 -0.598690 0.483382
22980.000000 3.203408 340.808602 -0.581604 0.476409
23000.000000 3.176882 340.936517 -0.562209 0.469481
23020.000000 3.151505 341.063578 -0.540670 0.462621
23040.000000 3.127288 341.189744 -0.517147 0.455851
23060.000000 3.104245 341.314980 -0.491793 0.449192
23080.000000 3.082384 341.439259 -0.464756 0.442670
23100.000000 3.061712 341.562560 -0.436179 0.436308
23120.000000 3.042235 341.684871 -0.406196 0.430130
23140.000000 3.023956 341.806187 -0.374936 0.424162
23160.000000 3.006876 341.926512 -0.342520 0.418427
23180.000000 2.990995 342.045858 -0.309063 0.412950
23200.000000 2.976311 342.164245 -0.274669 0.407756
23220.000000 2.962818 342.281705 -0.239439 0.402867
23240.000000 2.950514 342.398274 -0.203464 0.398307
23260.000000 2.939391 342.513999 -0.166828 0.394096
23280.000000 2.929443 342.628935 -0.129607 0.390255
23300.000000 2.920665 342.743144 -0.091873 0.386803
23320.000000 2.913050 342.856696 -0.053689 0.383757
23340.000000 2.906593 342.969665 -0.015114 0.381133
23360.000000 2.901289 343.082134 0.023799 0.378946
23380.000000 2.897137 343.194190 0.063003 0.377207
23400.000000 2.894134 343.305924 0.102452 0.375928
23420.000000 2.892281 343.417431 0.142105 0.375117
23440.000000 2.891584 343.528808 0.181923 0.374780
23460.000000 2.892046 343.640156 0.221868 0.374923
23480.000000 2.893676 343.751573 0.261903 0.375547
23500.000000 2.896485 343.863161 0.301990 0.376654
23520.000000 2.900487 343.975018 0.342092 0.378241
23540.000000 2.905697 344.087241 0.382166 0.380304
23560.000000 2.912132 344.199924 0.422168 0.382838
23580.000000 2.919814 344.313158 0.462050 0.385833
23600.000000 2.928761 344.427026 0.501758 0.389280
23620.000000 2.938998 344.541609 0.541232 0.393165
23640.000000 2.950547 344.656979 0.580407 0.397473
23660.000000 2.963429 344.773200 0.619207 0.402186
23680.000000 2.977668 344.890330 0.657551 0.407287
23700.000000 2.993284 345.008417 0.695347 0.412752
23720.000000 3.010294 345.127500 0.732494 0.418558
23740.000000 3.028715 345.247608 0.768882 0.424681
23760.000000 3.048558 345.368761 0.804390 0.431093
23780.000000 3.069831 345.490968 0.838887 0.437767
23800.000000 3.092535 345.614227 0.872231 0.444673
23820.000000 3.116668 345.738530 0.904272 0.451781
23840.000000 3.142220 345.863855 0.934849 0.459060
23860.000000 3.169172 345.990173 0.963792 0.466479
23880.000000 3.197501 346.117447 0.990922 0.474006
23900.000000 3.227172 346.245630 1.016053 0.481610
23920.000000 3.258144 346.374669 1.038992 0.489260
23940.000000 3.290364 346.504505 1.059539 0.496927
23960.000000 3.323771 346.635074 1.077488 0.504579
23980.000000 3.358293 346.766306 1.092631 0.512189
24000.000000 3.393846 346.898128 1.104756 0.519728
24020.000000 3.430335 347.030466 1.113650 0.527170
24040.000000 3.467650 347.163242 1.119100 0.534488
24060.000000 3.505669 347.296381 1.120896 0.541658
24080.000000 3.544252 347.429804 1.118832 0.548655
24100.000000 3.583243 347.563437 1.112711 0.555456
24120.000000 3.622465 347.697207 1.102347 0.562039
24140.000000 3.661717 347.831045 1.087568 0.568380
24160.000000 3.700776 347.964885 1.068225 0.574458
24180.000000 3.739390 348.098669 1.044192 0.580248
24200.000000 3.777277 348.232341 1.015376 0.585729
24220.000000 3.814127 348.365855 0.981721 0.590877
24240.000000 3.849599 348.499173 0.943216 0.595668
24260.000000 3.883326 348.632264 0.899900 0.600078
24280.000000 3.914923 348.765106 0.851867 0.604081
24300.000000 3.943989 348.897686 0.799277 0.607653
24320.000000 3.970124 349.030003 0.742354 0.610772
24340.000000 3.992941 349.162061 0.681396 0.613416
24360.000000 4.012079 349.293876 0.616774 0.615567
24380.000000 4.027218 349.425473 0.548934 0.617211
24400.000000 4.038098 349.556883 0.478395 0.618338
24420.000000 4.044524 349.688146 0.405740 0.618944
24440.000000 4.046380 349.819307 0.331611 0.619027
24460.000000 4.043631 349.950416 0.256689 0.618593
24480.000000 4.036326 350.081526 0.181681 0.617649
24500.000000 4.024595 350.212688 0.107295 0.616205
24520.000000 4.008645 350.343954 0.034221 0.614274
24540.000000 3.988753 350.475368 -0.036890 0.611872
24560.000000 3.965250 350.606971 -0.105442 0.609018
24580.000000 3.938515 350.738793 -0.170910 0.605732
24600.000000 3.908958 350.870856 -0.232843 0.602037
24620.000000 3.877003 351.003172 -0.290875 0.597958
24640.000000 3.843079 351.135740 -0.344715 0.593521
24660.000000 3.807601 351.268551 -0.394156 0.588753
24680.000000 3.770963 351.401585 -0.439056 0.583682
24700.000000 3.733527 351.534813 -0.479341 0.578334
24720.000000 3.695618 351.668194 -0.514994 0.572736
24740.000000 3.657523 351.801685 -0.546042 0.566913
24760.000000 3.619488 351.935231 -0.572557 0.560888
24780.000000 3.581722 352.068774 -0.594641 0.554682
24800.000000 3.544399 352.202252 -0.612421 0.548317
24820.000000 3.507661 352.335598 -0.626044 0.541812
24840.000000 3.471625 352.468745 -0.635673 0.535184
24860.000000 3.436384 352.601623 -0.641479 0.528451
24880.000000 3.402014 352.734162 -0.643641 0.521631
24900.000000 3.368575 352.866292 -0.642338 0.514740
24920.000000 3.336116 352.997944 -0.637756 0.507794
24940.000000 3.304676 353.129052 -0.630076 0.500810
24960.000000 3.274289 353.259551 -0.619480 0.493806
24980.000000 3.244983 353.389379 -0.606146 0.486800
25000.000000 3.216779 353.518477 -0.590250 0.479811
25020.000000 3.189698 353.646793 -0.571962 0.472858
25040.000000 3.163758 353.774277 -0.551451 0.465963
25060.000000 3.138973 353.900885 -0.528877 0.459146
25080.000000 3.115355 354.026579 -0.504398 0.452430
25100.000000 3.092915 354.151329 -0.478166 0.445838
25120.000000 3.071662 354.275110 -0.450324 0.439395
25140.000000 3.051601 354.397906 -0.421011 0.433124
25160.000000 3.032736 354.519708 -0.390359 0.427050
25180.000000 3.015071 354.640516 -0.358494 0.421198
25200.000000 2.998604 354.760338 -0.325531 0.415592
25220.000000 2.983335 354.879190 -0.291582 0.410257
25240.000000 2.969261 354.997099 -0.256749 0.405216
25260.000000 2.956377 355.114097 -0.221127 0.400492
25280.000000 2.944677 355.230229 -0.184804 0.396108
25300.000000 2.934157 355.345543 -0.147859 0.392084
25320.000000 2.924808 355.460099 -0.110368 0.388439
25340.000000 2.916625 355.573963 -0.072396 0.385193
25360.000000 2.909603 355.687207 -0.034005 0.382361
25380.000000 2.903736 355.799910 0.004749 0.379959
25400.000000 2.899022 355.912156 0.043817 0.378000
25420.000000 2.895457 356.024036 0.083151 0.376495
25440.000000 2.893042 356.135642 0.122710 0.375454
25460.000000 2.891780 356.247070 0.162452 0.374885
25480.000000 2.891674 356.358420 0.202339 0.374793
25500.000000 2.892733 356.469790 0.242335 0.375182
25520.000000 2.894965 356.581282 0.282402 0.376053
25540.000000 2.898382 356.692995 0.322501 0.377406
25560.000000 2.902999 356.805028 0.362594 0.379237
25580.000000 2.908834 356.917475 0.402637 0.381542
25600.000000 2.915904 357.030429 0.442584 0.384313
25620.000000 2.924230 357.143977 0.482384 0.387540
25640.000000 2.933835 357.258201 0.521981 0.391213
25660.000000 2.944740 357.373177 0.561310 0.395316
25680.000000 2.956968 357.488975 0.600303 0.399834
25700.000000 2.970541 357.605654 0.638881 0.404748
25720.000000 2.985482 357.723268 0.676957 0.410038
25740.000000 3.001808 357.841861 0.714434 0.415680
25760.000000 3.019539 357.961465 0.751208 0.421652
25780.000000 3.038686 358.082105 0.787161 0.427926
25800.000000 3.059259 358.203797 0.822169 0.434476
25820.000000 3.081264 358.326543 0.856094 0.441272
25840.000000 3.104700 358.450338 0.888791 0.448285
25860.000000 3.129561 358.575167 0.920104 0.455484
25880.000000 3.155831 358.701004 0.949867 0.462839
25900.000000 3.183491 358.827816 0.977906 0.470317
25920.000000 3.212511 358.955561 1.004037 0.477887
25940.000000 3.242853 359.084189 1.028072 0.485519
25960.000000 3.274471 359.213643 1.049813 0.493181
25980.000000 3.307306 359.343863 1.069057 0.500844
26000.000000 3.341293 359.474779 1.085597 0.508478
26020.000000 3.376354 359.606323 1.099223 0.516055
26040.000000 3.412398 359.738418 1.109722 0.523548
26060.000000 3.449324 359.870990 1.116881 0.530930
26080.000000 3.487016 360.003961 1.120489 0.538175
26100.000000 3.525342 360.137254 1.120336 0.545260
26120.000000 3.564154 360.270794 1.116221 0.552160
26140.000000 3.603287 360.404506 1.107952 0.558852
26160.000000 3.642551 360.538320 1.095350 0.565314
26180.000000 3.681734 360.672167 1.078254 0.571523
26200.000000 3.720598 360.805985 1.056526 0.577457
26220.000000 3.758877 360.939718 1.030056 0.583092
26240.000000 3.796275 361.073314 0.998769 0.588406
26260.000000 3.832464 361.206733 0.962632 0.593374
26280.000000 3.867091 361.339938 0.921658 0.597973
26300.000000 3.899778 361.472903 0.875914 0.602177
26320.000000 3.930130 361.605612 0.825526 0.605963
26340.000000 3.957747 361.738058 0.770687 0.609306
26360.000000 3.982232 361.870241 0.711659 0.612185
26380.000000 4.003210 362.002172 0.648776 0.614579
26400.000000 4.020339 362.133872 0.582448 0.616472
26420.000000 4.033329 362.265369 0.513158 0.617852
26440.000000 4.041951 362.396699 0.441460 0.618713
26460.000000 4.046049 362.527903 0.367968 0.619051
26480.000000 4.045548 362.659032 0.293346 0.618869
26500.000000 4.040458 362.790134 0.218291 0.618173
26520.000000 4.030867 362.921264 0.143514 0.616972
26540.000000 4.016949 363.052473 0.069714 0.615277
26560.000000 3.998944 363.183810 -0.002434 0.613103
26580.000000 3.977160 363.315316 -0.072306 0.610468
26600.000000 3.951954 363.447028 -0.139342 0.607390
26620.000000 3.923724 363.578971 -0.203053 0.603892
26640.000000 3.892887 363.711163 -0.263032 0.599997
26660.000000 3.859872 363.843608 -0.318951 0.595731
26680.000000 3.825102 363.976302 -0.370562 0.591122
26700.000000 3.788984 364.109231 -0.417694 0.586195
26720.000000 3.751894 364.242368 -0.460239 0.580979
26740.000000 3.714178 364.375679 -0.498154 0.575501
26760.000000 3.676141 364.509123 -0.531445 0.569785
26780.000000 3.638048 364.642649 -0.560164 0.563855
26800.000000 3.600127 364.776201 -0.584398 0.557735
26820.000000 3.562568 364.909719 -0.604263 0.551446
26840.000000 3.525528 365.043138 -0.619898 0.545006
26860.000000 3.489136 365.176391 -0.631457 0.538436
26880.000000 3.453497 365.309409 -0.639109 0.531752
26900.000000 3.418693 365.442122 -0.643029 0.524973
26920.000000 3.384792 365.574460 -0.643396 0.518114
26940.000000 3.351848 365.706355 -0.640393 0.511193
26960.000000 3.319906 365.837737 -0.634204 0.504225
26980.000000 3.289001 365.968541 -0.625010 0.497229
27000.000000 3.259164 366.098704 -0.612991 0.490222
27020.000000 3.230418 366.228166 -0.598325 0.483222
27040.000000 3.202787 366.356871 -0.581185 0.476249
27060.000000 3.176288 366.484767 -0.561739 0.469323
27080.000000 3.150936 366.611807 -0.540153 0.462465
27100.000000 3.126747 366.737952 -0.516586 0.455697
27120.000000 3.103730 366.863167 -0.491191 0.449041
27140.000000 3.081896 366.987424 -0.464118 0.442522
27160.000000 3.061252 367.110703 -0.435507 0.436164
27180.000000 3.041803 367.232991 -0.405493 0.429991
27200.000000 3.023551 367.354284 -0.374206 0.424027
27220.000000 3.006499 367.474586 -0.341765 0.418298
27240.000000 2.990645 367.593910 -0.308285 0.412828
27260.000000 2.975988 367.712276 -0.273871 0.407640
27280.000000 2.962523 367.829714 -0.238623 0.402759
27300.000000 2.950245 367.946263 -0.202632 0.398206
27320.000000 2.939150 368.061970 -0.165981 0.394004
27340.000000 2.929229 368.176889 -0.128748 0.390171
27360.000000 2.920478 368.291082 -0.091003 0.386728
27380.000000 2.912889 368.404619 -0.052809 0.383692
27400.000000 2.906458 368.517576 -0.014226 0.381078
27420.000000 2.901181 368.630035 0.024695 0.378901
27440.000000 2.897055 368.742082 0.063905 0.377173
27460.000000 2.894078 368.853810 0.103359 0.375904
27480.000000 2.892253 368.965313 0.143016 0.375104
27500.000000 2.891581 369.076688 0.182837 0.374778
27520.000000 2.892070 369.188036 0.222784 0.374932
27540.000000 2.893727 369.299457 0.262821 0.375567
27560.000000 2.896563 369.411049 0.302909 0.376685
27580.000000 2.900593 369.522914 0.343011 0.378283
27600.000000 2.905830 369.635146 0.383083 0.380357
27620.000000 2.912294 369.747841 0.423083 0.382901
27640.000000 2.920004 369.861088 0.462962 0.385907
27660.000000 2.928982 369.974972 0.502665 0.389364
27680.000000 2.939248 370.089572 0.542134 0.393259
27700.000000 2.950827 370.204961 0.581301 0.397576
27720.000000 2.963741 370.321202 0.620092 0.402299
27740.000000 2.978011 370.438354 0.658424 0.407408
27760.000000 2.993658 370.556463 0.696206 0.412881
27780.000000 3.010700 370.675569 0.733337 0.418695
27800.000000 3.029154 370.795701 0.769706 0.424825
27820.000000 3.049029 370.916878 0.805192 0.431243
27840.000000 3.070335 371.039109 0.839664 0.437923
27860.000000 3.093073 371.162393 0.872980 0.444834
27880.000000 3.117238 371.286719 0.904990 0.451946
27900.000000 3.142822 371.412067 0.935531 0.459228
27920.000000 3.169806 371.538408 0.964434 0.466650
27940.000000 3.198166 371.665703 0.991521 0.474179
27960.000000 3.227868 371.793906 1.016604 0.481785
27980.000000 3.258868 371.922964 1.039491 0.489436
28000.000000 3.291117 372.052818 1.059980 0.497102
28020.000000 3.324550 372.183403 1.077867 0.504754
28040.000000 3.359097 372.314649 1.092944 0.512363
28060.000000 3.394672 372.446484 1.104997 0.519900
28080.000000 3.431181 372.578833 1.113815 0.527339
28100.000000 3.468514 372.711618 1.119183 0.534654
28120.000000 3.506547 372.844764 1.120893 0.541820
28140.000000 3.545142 372.978193 1.118738 0.548813
28160.000000 3.584140 373.111830 1.112522 0.555610
28180.000000 3.623365 373.245602 1.102058 0.562187
28200.000000 3.662616 373.379441 1.087176 0.568523
28220.000000 3.701667 373.513281 1.067727 0.574594
28240.000000 3.740268 373.647062 1.043585 0.580377
28260.000000 3.778135 373.780731 1.014659 0.585851
28280.000000 3.814957 373.914241 0.980893 0.590991
28300.000000 3.850393 374.047554 0.942277 0.595774
28320.000000 3.884076 374.180639 0.898851 0.600174
28340.000000 3.915619 374.313475 0.850712 0.604168
28360.000000 3.944622 374.446050 0.798019 0.607730
28380.000000 3.970686 374.578360 0.741000 0.610838
28400.000000 3.993422 374.710413 0.679954 0.613471
28420.000000 4.012472 374.842223 0.615253 0.615610
28440.000000 4.027516 374.973815 0.547346 0.617243
28460.000000 4.038296 375.105221 0.476751 0.618358
28480.000000 4.044618 375.236481 0.404055 0.618951
28500.000000 4.046369 375.367641 0.329900 0.619023
28520.000000 4.043514 375.498749 0.254968 0.618577
28540.000000 4.036106 375.629859 0.179966 0.617621
28560.000000 4.024276 375.761024 0.105603 0.616166
28580.000000 4.008232 375.892292 0.032566 0.614224
28600.000000 3.988253 376.023711 -0.038492 0.611812
28620.000000 3.964672 376.155318 -0.106979 0.608948
28640.000000 3.937867 376.287146 -0.172371 0.605652
28660.000000 3.908250 376.419214 -0.234219 0.601948
28680.000000 3.876246 376.551536 -0.292157 0.597860
28700.000000 3.842282 376.684109 -0.345899 0.593415
28720.000000 3.806773 376.816926 -0.395236 0.588640
28740.000000 3.770113 376.949965 -0.440031 0.583562
28760.000000 3.732662 377.083196 -0.480210 0.578209
28780.000000 3.694746 377.216581 -0.515757 0.572605
28800.000000 3.656650 377.350073 -0.546701 0.566777
28820.000000 3.618619 377.483620 -0.573113 0.560748
28840.000000 3.580861 377.617162 -0.595096 0.554538
28860.000000 3.543550 377.750638 -0.612779 0.548170
28880.000000 3.506827 377.883980 -0.626309 0.541661
28900.000000 3.470808 378.017122 -0.635848 0.535031
28920.000000 3.435587 378.149993 -0.641569 0.528296
28940.000000 3.401237 378.282523 -0.643649 0.521474
28960.000000 3.367820 378.414643 -0.642269 0.514581
28980.000000 3.335384 378.546284 -0.637614 0.507634
29000.000000 3.303968 378.677378 -0.629865 0.500650
29020.000000 3.273605 378.807862 -0.619205 0.493646
29040.000000 3.244324 378.937674 -0.605810 0.486640
29060.000000 3.216146 379.066755 -0.589857 0.479651
29080.000000 3.189091 379.195053 -0.571516 0.472700
29100.000000 3.163177 379.322517 -0.550956 0.465805
29120.000000 3.138419 379.449104 -0.528337 0.458990
29140.000000 3.114828 379.574777 -0.503816 0.452277
29160.000000 3.092415 379.699505 -0.477545 0.445689
29180.000000 3.071189 379.823263 -0.449668 0.439249
29200.000000 3.051155 379.946037 -0.420323 0.432982
29220.000000 3.032318 380.067816 -0.389642 0.426913
29240.000000 3.014680 380.188601 -0.357750 0.421066
29260.000000 2.998241 380.308401 -0.324764 0.415466
29280.000000 2.982999 380.427231 -0.290794 0.410138
29300.000000 2.968953 380.545118 -0.255941 0.405104
29320.000000 2.956096 380.662097 -0.220302 0.400388
29340.000000 2.944423 380.778209 -0.183964 0.396012
29360.000000 2.933929 380.893505 -0.147006 0.391996
29380.000000 2.924607 381.008045 -0.109503 0.388361
29400.000000 2.916452 381.121893 -0.071520 0.385123
29420.000000 2.909456 381.235124 -0.033121 0.382301
29440.000000 2.903616 381.347815 0.005642 0.379909
29460.000000 2.898927 381.460053 0.044716 0.377960
29480.000000 2.895389 381.571925 0.084056 0.376466
29500.000000 2.893001 381.683525 0.123619 0.375436
29520.000000 2.891765 381.794951 0.163365 0.374878
29540.000000 2.891686 381.906300 0.203255 0.374797
29560.000000 2.892771 382.017672 0.243253 0.375197
29580.000000 2.895030 382.129168 0.283321 0.376079
29600.000000 2.898474 382.240887 0.323421 0.377442
29620.000000 2.903119 382.352928 0.363513 0.379284
29640.000000 2.908982 382.465386 0.403554 0.381600
29660.000000 2.916081 382.578352 0.443498 0.384382
29680.000000 2.924436 382.691915 0.483294 0.387620
29700.000000 2.934070 382.806156 0.522885 0.391302
29720.000000 2.945005 382.921150 0.562208 0.395415
29740.000000 2.957264 383.036967 0.601193 0.399942
29760.000000 2.970868 383.153668 0.639760 0.404865
29780.000000 2.985840 383.271304 0.677823 0.410163
29800.000000 3.002199 383.389919 0.715285 0.415814
29820.000000 3.019961 383.509546 0.752041 0.421792
29840.000000 3.039141 383.630211 0.787975 0.428073
29860.000000 3.059748 383.751926 0.822959 0.434629
29880.000000 3.081786 383.874697 0.856858 0.441430
29900.000000 3.105254 383.998516 0.889525 0.448448
29920.000000 3.130147 384.123368 0.920804 0.455651
29940.000000 3.156450 384.249228 0.950530 0.463009
29960.000000 3.184141 384.376062 0.978527 0.470489
29980.000000 3.213192 384.503827 1.004613 0.478062
30000.000000 3.243564 384.632475 1.028597 0.485694
30020.000000 3.275210 384.761948 1.050282 0.493357
30040.000000 3.308073 384.892184 1.069467 0.501020
30060.000000 3.342085 385.023116 1.085943 0.508653
30080.000000 3.377169 385.154673 1.099500 0.516228
30100.000000 3.413235 385.286780 1.109925 0.523718
30120.000000 3.450180 385.419362 1.117005 0.531097
30140.000000 3.487887 385.552341 1.120528 0.538339
30160.000000 3.526226 385.685641 1.120286 0.545420
30180.000000 3.565048 385.819186 1.116078 0.552315
30200.000000 3.604186 385.952901 1.107712 0.559003
30220.000000 3.643450 386.086715 1.095009 0.565459
30240.000000 3.682629 386.220563 1.077808 0.571662
30260.000000 3.721483 386.354379 1.055972 0.577589
30280.000000 3.759746 386.488110 1.029393 0.583217
30300.000000 3.797119 386.621703 0.997995 0.588523
30320.000000 3.833276 386.755116 0.961747 0.593484
30340.000000 3.867863 386.888316 0.920663 0.598074
30360.000000 3.900501 387.021276 0.874810 0.602269
30380.000000 3.930796 387.153979 0.824318 0.606045
30400.000000 3.958345 387.286418 0.769380 0.609378
30420.000000 3.982754 387.418595 0.710259 0.612245
30440.000000 4.003647 387.550521 0.647292 0.614628
30460.000000 4.020685 387.682216 0.580891 0.616509
30480.000000 4.033576 387.813709 0.511539 0.617878
30500.000000 4.042096 387.945035 0.439793 0.618727
30520.000000 4.046089 388.076238 0.366267 0.619053
30540.000000 4.045483 388.207365 0.291628 0.618859
30560.000000 4.040288 388.338468 0.216571 0.618151
30580.000000 4.030596 388.469599 0.141808 0.616938
30600.000000 4.016581 388.600810 0.068040 0.615232
30620.000000 3.998486 388.732150 -0.004063 0.613048
30640.000000 3.976619 388.863661 -0.073877 0.610402
30660.000000 3.951340 388.995378 -0.140841 0.607315
30680.000000 3.923044 389.127327 -0.204471 0.603807
30700.000000 3.892153 389.259524 -0.264360 0.599903
30720.000000 3.859093 389.391975 -0.320183 0.595629
30740.000000 3.824288 389.524675 -0.371693 0.591012
30760.000000 3.788143 389.657608 -0.418720 0.586079
30780.000000 3.751036 389.790750 -0.461160 0.580857
30800.000000 3.713309 389.924065 -0.498969 0.575372
30820.000000 3.675267 390.057511 -0.532155 0.569651
30840.000000 3.637176 390.191038 -0.560770 0.563717
30860.000000 3.599261 390.324590 -0.584902 0.557593
30880.000000 3.561713 390.458106 -0.604668 0.551300
30900.000000 3.524686 390.591522 -0.620208 0.544857
30920.000000 3.488311 390.724771 -0.631676 0.538284
30940.000000 3.452689 390.857782 -0.639240 0.531598
30960.000000 3.417905 390.990488 -0.643076 0.524817
30980.000000 3.384026 391.122817 -0.643364 0.517956
31000.000000 3.351105 391.254700 -0.640286 0.511033
31020.000000 3.319186 391.386070 -0.634026 0.504065
31040.000000 3.288305 391.516860 -0.624765 0.497069
31060.000000 3.258492 391.647008 -0.612684 0.490061
31080.000000 3.229772 391.776453 -0.597959 0.483062
31100.000000 3.202167 391.905140 -0.580764 0.476090
31120.000000 3.175694 392.033016 -0.561268 0.469165
31140.000000 3.150369 392.160037 -0.539634 0.462309
31160.000000 3.126206 392.286161 -0.516024 0.455543
31180.000000 3.103217 392.411354 -0.490589 0.448890
31200.000000 3.081410 392.535589 -0.463479 0.442375
31220.000000 3.060793 392.658845 -0.434834 0.436020
31240.000000 3.041371 392.781110 -0.404790 0.429852
31260.000000 3.023147 392.902381 -0.373474 0.423893
31280.000000 3.006122 393.022660 -0.341009 0.418170
31300.000000 2.990296 393.141961 -0.307506 0.412706
31320.000000 2.975666 393.260306 -0.273072 0.407525
31340.000000 2.962228 393.377723 -0.237806 0.402651
31360.000000 2.949978 393.494253 -0.201799 0.398106
31380.000000 2.938909 393.609941 -0.165134 0.393912
31400.000000 2.929015 393.724842 -0.127888 0.390088
31420.000000 2.920291 393.839020 -0.090132 0.386654
31440.000000 2.912729 393.952543 -0.051929 0.383627
31460.000000 2.906325 394.065487 -0.013337 0.381023
31480.000000 2.901074 394.177936 0.025591 0.378856
31500.000000 2.896974 394.289975 0.064806 0.377139
31520.000000 2.894023 394.401696 0.104265 0.375881
31540.000000 2.892224 394.513195 0.143927 0.375091
31560.000000 2.891579 394.624569 0.183751 0.374776
31580.000000 2.892095 394.735917 0.223701 0.374941
31600.000000 2.893779 394.847340 0.263740 0.375587
31620.000000 2.896642 394.958938 0.303829 0.376716
31640.000000 2.900699 395.070810 0.343930 0.378325
31660.000000 2.905965 395.183052 0.384001 0.380410
31680.000000 2.912457 395.295759 0.423999 0.382965
31700.000000 2.920196 395.409019 0.463874 0.385981
31720.000000 2.929202 395.522919 0.503573 0.389448
31740.000000 2.939499 395.637536 0.543035 0.393353
31760.000000 2.951108 395.752943 0.582194 0.397680
31780.000000 2.964052 395.869205 0.620976 0.402412
31800.000000 2.978354 395.986378 0.659297 0.407529
31820.000000 2.994033 396.104510 0.697065 0.413010
31840.000000 3.011108 396.223639 0.734180 0.418832
31860.000000 3.029593 396.343795 0.770530 0.424969
31880.000000 3.049502 396.464996 0.805995 0.431394
31900.000000 3.070840 396.587251 0.840441 0.438079
31920.000000 3.093610 396.710559 0.873729 0.444995
31940.000000 3.117809 396.834909 0.905707 0.452111
31960.000000 3.143425 396.960280 0.936213 0.459397
31980.000000 3.170441 397.086643 0.965076 0.466821
