0.000000 3.985911 196.004800 0.627333 -0.343869
20.000000 3.974753 195.931259 0.671929 -0.340649
40.000000 3.962265 195.858218 0.714973 -0.336944
60.000000 3.948581 195.785759 0.756366 -0.332771
80.000000 3.933840 195.713968 0.796031 -0.328146
100.000000 3.918186 195.642927 0.833911 -0.323089
120.000000 3.901764 195.572721 0.869973 -0.317621
140.000000 3.884714 195.503434 0.904201 -0.311761
160.000000 3.867177 195.435150 0.936597 -0.305532
180.000000 3.849283 195.367953 0.967180 -0.298954
200.000000 3.831159 195.301924 0.995983 -0.292049
220.000000 3.812921 195.237145 1.023048 -0.284837
240.000000 3.794678 195.173696 1.048433 -0.277338
260.000000 3.776528 195.111655 1.072199 -0.269572
280.000000 3.758561 195.051099 1.094418 -0.261556
300.000000 3.740860 194.992103 1.115164 -0.253309
320.000000 3.723495 194.934739 1.134515 -0.244848
340.000000 3.706532 194.879079 1.152554 -0.236189
360.000000 3.690027 194.825190 1.169363 -0.227346
380.000000 3.674030 194.773138 1.185024 -0.218334
400.000000 3.658584 194.722987 1.199619 -0.209167
420.000000 3.643727 194.674796 1.213228 -0.199858
440.000000 3.629491 194.628623 1.225930 -0.190418
460.000000 3.615903 194.584524 1.237799 -0.180859
480.000000 3.602986 194.542551 1.248909 -0.171192
500.000000 3.590759 194.502751 1.259328 -0.161426
520.000000 3.579240 194.465172 1.269121 -0.151572
540.000000 3.568441 194.429855 1.278351 -0.141639
560.000000 3.558373 194.396842 1.287074 -0.131634
580.000000 3.549044 194.366169 1.295344 -0.121566
600.000000 3.540461 194.337870 1.303210 -0.111443
620.000000 3.532630 194.311975 1.310716 -0.101272
640.000000 3.525554 194.288513 1.317905 -0.091059
660.000000 3.519235 194.267508 1.324811 -0.080812
680.000000 3.513675 194.248980 1.331467 -0.070536
700.000000 3.508875 194.232950 1.337902 -0.060238
720.000000 3.504834 194.219433 1.344139 -0.049923
740.000000 3.501551 194.208440 1.350200 -0.039598
760.000000 3.499026 194.199982 1.356099 -0.029266
780.000000 3.497257 194.194065 1.361850 -0.018934
800.000000 3.496241 194.190693 1.367461 -0.008607
820.000000 3.495977 194.189866 1.372938 0.001711
840.000000 3.496460 194.191583 1.378281 0.012015
860.000000 3.497689 194.195838 1.383488 0.022300
880.000000 3.499660 194.202624 1.388555 0.032561
900.000000 3.502370 194.211930 1.393471 0.042794
920.000000 3.505814 194.223744 1.398226 0.052994
940.000000 3.509990 194.238048 1.402803 0.063157
960.000000 3.514892 194.254826 1.407184 0.073279
980.000000 3.520516 194.274055 1.411348 0.083355
1000.000000 3.526858 194.295713 1.415269 0.093381
1020.000000 3.533913 194.319774 1.418921 0.103353
1040.000000 3.541675 194.346209 1.422273 0.113266
1060.000000 3.550138 194.374989 1.425291 0.123116
1080.000000 3.559297 194.406080 1.427941 0.132899
1100.000000 3.569145 194.439447 1.430182 0.142612
1120.000000 3.579675 194.475055 1.431974 0.152249
1140.000000 3.590881 194.512864 1.433273 0.161808
1160.000000 3.602753 194.552833 1.434032 0.171283
1180.000000 3.615285 194.594921 1.434203 0.180671
1200.000000 3.628466 194.639084 1.433734 0.189968
1220.000000 3.642288 194.685276 1.432571 0.199170
1240.000000 3.656738 194.733449 1.430658 0.208272
1260.000000 3.671808 194.783556 1.427938 0.217272
1280.000000 3.687482 194.835547 1.424348 0.226164
1300.000000 3.703749 194.889371 1.419827 0.234944
1320.000000 3.720593 194.944977 1.414310 0.243609
1340.000000 3.737997 195.002310 1.407731 0.252154
1360.000000 3.755943 195.061318 1.400021 0.260574
1380.000000 3.774410 195.121945 1.391111 0.268865
1400.000000 3.793374 195.184136 1.380931 0.277021
1420.000000 3.812809 195.247834 1.369408 0.285037
1440.000000 3.832685 195.312984 1.356470 0.292907
1460.000000 3.852967 195.379527 1.342046 0.300624
1480.000000 3.873617 195.447405 1.326063 0.308182
1500.000000 3.894590 195.516560 1.308451 0.315573
1520.000000 3.915835 195.586933 1.289140 0.322789
1540.000000 3.937295 195.658466 1.268064 0.329820
1560.000000 3.958903 195.731098 1.245158 0.336656
1580.000000 3.980587 195.804771 1.220364 0.343286
1600.000000 4.002264 195.879424 1.193627 0.349697
1620.000000 4.023841 195.954998 1.164899 0.355877
1640.000000 4.045216 196.031432 1.134140 0.361809
1660.000000 4.066277 196.108667 1.101318 0.367479
1680.000000 4.086903 196.186643 1.066411 0.372870
1700.000000 4.106965 196.265299 1.029408 0.377963
1720.000000 4.126325 196.344576 0.990309 0.382742
1740.000000 4.144841 196.424414 0.949131 0.387186
1760.000000 4.162365 196.504754 0.905904 0.391278
1780.000000 4.178751 196.585537 0.860674 0.395000
1800.000000 4.193852 196.666704 0.813506 0.398334
1820.000000 4.207529 196.748197 0.764483 0.401266
1840.000000 4.219648 196.829960 0.713709 0.403782
1860.000000 4.230088 196.911937 0.661308 0.405871
1880.000000 4.238743 196.994075 0.607424 0.407526
1900.000000 4.245522 197.076320 0.552224 0.408740
1920.000000 4.250353 197.158623 0.495895 0.409513
1940.000000 4.253186 197.240936 0.438641 0.409845
1960.000000 4.253991 197.323212 0.380683 0.409738
1980.000000 4.252758 197.405406 0.322255 0.409198
2000.000000 4.249501 197.487476 0.263601 0.408231
2020.000000 4.244253 197.569380 0.204969 0.406845
2040.000000 4.237067 197.651077 0.146606 0.405046
2060.000000 4.228014 197.732526 0.088757 0.402844
2080.000000 4.217184 197.813686 0.031656 0.400248
2100.000000 4.204679 197.894513 -0.024479 0.397266
2120.000000 4.190618 197.974965 -0.079442 0.393909
2140.000000 4.175127 198.054995 -0.133050 0.390187
2160.000000 4.158346 198.134558 -0.185142 0.386112
2180.000000 4.140419 198.213603 -0.235578 0.381696
2200.000000 4.121492 198.292081 -0.284241 0.376955
2220.000000 4.101717 198.369939 -0.331039 0.371902
2240.000000 4.081241 198.447124 -0.375899 0.366555
2260.000000 4.060211 198.523582 -0.418770 0.360930
2280.000000 4.038766 198.599257 -0.459619 0.355046
2300.000000 4.017039 198.674094 -0.498432 0.348919
2320.000000 3.995154 198.748038 -0.535209 0.342568
2340.000000 3.973226 198.821033 -0.569962 0.336010
2360.000000 3.951358 198.893024 -0.602717 0.329262
2380.000000 3.929644 198.963958 -0.633510 0.322339
2400.000000 3.908166 199.033780 -0.662383 0.315257
2420.000000 3.886995 199.102437 -0.689387 0.308030
2440.000000 3.866195 199.169879 -0.714578 0.300670
2460.000000 3.845817 199.236055 -0.738014 0.293190
2480.000000 3.825906 199.300915 -0.759760 0.285600
2500.000000 3.806497 199.364411 -0.779879 0.277909
2520.000000 3.787620 199.426498 -0.798438 0.270127
2540.000000 3.769299 199.487130 -0.815503 0.262261
2560.000000 3.751551 199.546262 -0.831140 0.254317
2580.000000 3.734390 199.603853 -0.845416 0.246303
2600.000000 3.717826 199.659861 -0.858395 0.238222
2620.000000 3.701865 199.714246 -0.870141 0.230079
2640.000000 3.686511 199.766969 -0.880716 0.221878
2660.000000 3.671767 199.817994 -0.890178 0.213624
2680.000000 3.657633 199.867283 -0.898587 0.205317
2700.000000 3.644108 199.914803 -0.905999 0.196962
2720.000000 3.631191 199.960518 -0.912466 0.188559
2740.000000 3.618879 200.004396 -0.918040 0.180112
2760.000000 3.607169 200.046406 -0.922771 0.171621
2780.000000 3.596060 200.086517 -0.926705 0.163087
2800.000000 3.585548 200.124700 -0.929887 0.154513
2820.000000 3.575630 200.160927 -0.932359 0.145899
2840.000000 3.566303 200.195169 -0.934161 0.137246
2860.000000 3.557566 200.227402 -0.935331 0.128555
2880.000000 3.549416 200.257601 -0.935903 0.119827
2900.000000 3.541852 200.285741 -0.935912 0.111062
2920.000000 3.534872 200.311799 -0.935388 0.102261
2940.000000 3.528476 200.335755 -0.934359 0.093426
2960.000000 3.522663 200.357588 -0.932853 0.084557
2980.000000 3.517434 200.377278 -0.930893 0.075655
3000.000000 3.512788 200.394809 -0.928501 0.066721
3020.000000 3.508728 200.410162 -0.925696 0.057755
3040.000000 3.505254 200.423324 -0.922497 0.048760
3060.000000 3.502368 200.434280 -0.918918 0.039735
3080.000000 3.500072 200.443018 -0.914971 0.030683
3100.000000 3.498370 200.449527 -0.910667 0.021604
3120.000000 3.497263 200.453797 -0.906014 0.012501
3140.000000 3.496757 200.455820 -0.901016 0.003374
3160.000000 3.496854 200.455590 -0.895676 -0.005775
3180.000000 3.497558 200.453102 -0.889995 -0.014944
3200.000000 3.498874 200.448353 -0.883970 -0.024131
3220.000000 3.500806 200.441342 -0.877595 -0.033334
3240.000000 3.503359 200.432069 -0.870863 -0.042550
3260.000000 3.506539 200.420536 -0.863761 -0.051778
3280.000000 3.510349 200.406748 -0.856277 -0.061014
3300.000000 3.514796 200.390711 -0.848392 -0.070255
3320.000000 3.519884 200.372433 -0.840088 -0.079499
3340.000000 3.525617 200.351924 -0.831340 -0.088743
3360.000000 3.532001 200.329196 -0.822121 -0.097981
3380.000000 3.539039 200.304265 -0.812403 -0.107211
3400.000000 3.546735 200.277147 -0.802151 -0.116429
3420.000000 3.555092 200.247861 -0.791329 -0.125628
3440.000000 3.564112 200.216429 -0.779897 -0.134805
3460.000000 3.573795 200.182874 -0.767811 -0.143953
3480.000000 3.584141 200.147223 -0.755025 -0.153066
3500.000000 3.595146 200.109505 -0.741488 -0.162138
3520.000000 3.606807 200.069752 -0.727148 -0.171162
3540.000000 3.619115 200.027997 -0.711946 -0.180130
3560.000000 3.632061 199.984278 -0.695825 -0.189032
3580.000000 3.645630 199.938634 -0.678723 -0.197860
3600.000000 3.659805 199.891108 -0.660574 -0.206603
3620.000000 3.674562 199.841744 -0.641315 -0.215252
3640.000000 3.689875 199.790591 -0.620876 -0.223793
3660.000000 3.705708 199.737699 -0.599192 -0.232213
3680.000000 3.722022 199.683120 -0.576195 -0.240500
3700.000000 3.738768 199.626912 -0.551818 -0.248639
3720.000000 3.755889 199.569131 -0.525999 -0.256613
3740.000000 3.773321 199.509840 -0.498677 -0.264407
3760.000000 3.790990 199.449100 -0.469797 -0.272002
3780.000000 3.808811 199.386977 -0.439312 -0.279380
3800.000000 3.826692 199.323538 -0.407180 -0.286522
3820.000000 3.844529 199.258851 -0.373372 -0.293408
3840.000000 3.862208 199.192986 -0.337870 -0.300016
3860.000000 3.879608 199.126015 -0.300670 -0.306327
3880.000000 3.896599 199.058010 -0.261784 -0.312318
3900.000000 3.913044 198.989044 -0.221242 -0.317969
3920.000000 3.928802 198.919189 -0.179091 -0.323258
3940.000000 3.943728 198.848519 -0.135402 -0.328166
3960.000000 3.957677 198.777108 -0.090264 -0.332671
3980.000000 3.970507 198.705027 -0.043791 -0.336756
4000.000000 3.982080 198.632351 0.003884 -0.340403
4020.000000 3.992268 198.559151 0.052607 -0.343594
4040.000000 4.000951 198.485498 0.102202 -0.346314
4060.000000 4.008027 198.411466 0.152480 -0.348550
4080.000000 4.013407 198.337124 0.203236 -0.350290
4100.000000 4.017024 198.262545 0.254253 -0.351523
4120.000000 4.018829 198.187800 0.305311 -0.352240
4140.000000 4.018798 198.112964 0.356184 -0.352435
4160.000000 4.016929 198.038108 0.406652 -0.352105
4180.000000 4.013243 197.963309 0.456497 -0.351247
4200.000000 4.007783 197.888643 0.505515 -0.349863
4220.000000 4.000615 197.814187 0.553515 -0.347957
4240.000000 3.991823 197.740019 0.600321 -0.345536
4260.000000 3.981510 197.666222 0.645778 -0.342609
4280.000000 3.969792 197.592876 0.689752 -0.339189
4300.000000 3.956798 197.520063 0.732131 -0.335291
4320.000000 3.942663 197.447867 0.772824 -0.330930
4340.000000 3.927531 197.376373 0.811763 -0.326126
4360.000000 3.911545 197.305664 0.848902 -0.320898
4380.000000 3.894849 197.235824 0.884214 -0.315267
4400.000000 3.877583 197.166938 0.917690 -0.309253
4420.000000 3.859884 197.099089 0.949341 -0.302879
4440.000000 3.841882 197.032361 0.979190 -0.296165
4460.000000 3.823697 196.966834 1.007275 -0.289131
4480.000000 3.805444 196.902590 1.033645 -0.281799
4500.000000 3.787228 196.839708 1.058358 -0.274188
4520.000000 3.769142 196.778266 1.081482 -0.266318
4540.000000 3.751275 196.718340 1.103088 -0.258206
4560.000000 3.733703 196.660004 1.123253 -0.249869
4580.000000 3.716496 196.603330 1.142057 -0.241325
4600.000000 3.699714 196.548387 1.159583 -0.232588
4620.000000 3.683411 196.495242 1.175911 -0.223675
4640.000000 3.667635 196.443961 1.191126 -0.214598
4660.000000 3.652426 196.394606 1.205307 -0.205371
4680.000000 3.637820 196.347235 1.218535 -0.196007
4700.000000 3.623846 196.301905 1.230887 -0.186517
4720.000000 3.610530 196.258670 1.242437 -0.176912
4740.000000 3.597894 196.217581 1.253255 -0.167204
4760.000000 3.585955 196.178685 1.263411 -0.157401
4780.000000 3.574729 196.142028 1.272966 -0.147513
4800.000000 3.564228 196.107650 1.281982 -0.137549
4820.000000 3.554462 196.075591 1.290513 -0.127518
4840.000000 3.545438 196.045886 1.298612 -0.117427
4860.000000 3.537163 196.018568 1.306325 -0.107283
4880.000000 3.529641 195.993667 1.313697 -0.097094
4900.000000 3.522874 195.971208 1.320765 -0.086866
4920.000000 3.516866 195.951215 1.327565 -0.076607
4940.000000 3.511617 195.933709 1.334128 -0.066321
4960.000000 3.507128 195.918706 1.340479 -0.056015
4980.000000 3.503398 195.906221 1.346642 -0.045695
5000.000000 3.500426 195.896265 1.352634 -0.035367
5020.000000 3.498211 195.888848 1.358472 -0.025034
5040.000000 3.496750 195.883972 1.364165 -0.014704
5060.000000 3.496042 195.881643 1.369720 -0.004379
5080.000000 3.496084 195.881858 1.375142 0.005933
5100.000000 3.496874 195.884615 1.380430 0.016230
5120.000000 3.498407 195.889908 1.385581 0.026505
5140.000000 3.500681 195.897728 1.390587 0.036755
5160.000000 3.503692 195.908062 1.395439 0.046976
5180.000000 3.507436 195.920898 1.400123 0.057161
5200.000000 3.511910 195.936218 1.404622 0.067308
5220.000000 3.517108 195.954002 1.408917 0.077412
5240.000000 3.523027 195.974229 1.412985 0.087468
5260.000000 3.529662 195.996875 1.416799 0.097472
5280.000000 3.537007 196.021911 1.420332 0.107420
5300.000000 3.545056 196.049311 1.423551 0.117308
5320.000000 3.553805 196.079041 1.426423 0.127131
5340.000000 3.563247 196.111068 1.428910 0.136886
5360.000000 3.573376 196.145358 1.430973 0.146568
5380.000000 3.584183 196.181872 1.432568 0.156174
5400.000000 3.595663 196.220571 1.433652 0.165699
5420.000000 3.607807 196.261413 1.434176 0.175139
5440.000000 3.620605 196.304357 1.434091 0.184490
5460.000000 3.634050 196.349356 1.433345 0.193748
5480.000000 3.648131 196.396365 1.431882 0.202910
5500.000000 3.662836 196.445336 1.429645 0.211971
5520.000000 3.678155 196.496221 1.426576 0.220927
5540.000000 3.694074 196.548969 1.422613 0.229774
5560.000000 3.710579 196.603529 1.417692 0.238507
5580.000000 3.727654 196.659848 1.411748 0.247124
5600.000000 3.745283 196.717874 1.404714 0.255618
5620.000000 3.763445 196.777551 1.396521 0.263986
5640.000000 3.782118 196.838826 1.387099 0.272222
5660.000000 3.801278 196.901641 1.376378 0.280321
5680.000000 3.820898 196.965941 1.364284 0.288278
5700.000000 3.840945 197.031668 1.350747 0.296086
5720.000000 3.861383 197.098765 1.335693 0.303739
5740.000000 3.882170 197.167173 1.319051 0.311230
5760.000000 3.903261 197.236834 1.300751 0.318550
5780.000000 3.924601 197.307689 1.280725 0.325692
5800.000000 3.946131 197.379680 1.258907 0.332644
5820.000000 3.967780 197.452745 1.235235 0.339397
5840.000000 3.989471 197.526827 1.209651 0.345939
5860.000000 4.011118 197.601864 1.182104 0.352257
5880.000000 4.032625 197.677798 1.152549 0.358337
5900.000000 4.053886 197.754567 1.120949 0.364164
5920.000000 4.074784 197.832113 1.087275 0.369722
5940.000000 4.095195 197.910374 1.051510 0.374993
5960.000000 4.114987 197.989292 1.013647 0.379959
5980.000000 4.134019 198.068806 0.973695 0.384603
6000.000000 4.152146 198.148857 0.931673 0.388906
6020.000000 4.169222 198.229385 0.887618 0.392848
6040.000000 4.185099 198.310332 0.841586 0.396413
6060.000000 4.199634 198.391640 0.793647 0.399585
6080.000000 4.212688 198.473250 0.743893 0.402348
6100.000000 4.224133 198.555108 0.692437 0.404690
6120.000000 4.233854 198.637157 0.639409 0.406602
6140.000000 4.241750 198.719345 0.584966 0.408076
6160.000000 4.247739 198.801620 0.529280 0.409110
6180.000000 4.251757 198.883933 0.472546 0.409702
6200.000000 4.253762 198.966236 0.414976 0.409854
6220.000000 4.253732 199.048483 0.356796 0.409569
6240.000000 4.251667 199.130632 0.298246 0.408853
6260.000000 4.247590 199.212639 0.239571 0.407714
6280.000000 4.241540 199.294464 0.181019 0.406157
6300.000000 4.233580 199.376064 0.122838 0.404193
6320.000000 4.223788 199.457399 0.065268 0.401828
6340.000000 4.212258 199.538428 0.008536 0.399073
6360.000000 4.199101 199.619107 -0.047142 0.395936
6380.000000 4.184439 199.699392 -0.101571 0.392428
6400.000000 4.168403 199.779236 -0.154577 0.388560
6420.000000 4.151134 199.858593 -0.206006 0.384344
6440.000000 4.132779 199.937412 -0.255728 0.379793
6460.000000 4.113487 200.015643 -0.303638 0.374922
6480.000000 4.093407 200.093231 -0.349649 0.369747
6500.000000 4.072687 200.170125 -0.393700 0.364284
6520.000000 4.051470 200.246269 -0.435746 0.358551
6540.000000 4.029894 200.321608 -0.475762 0.352565
6560.000000 4.008088 200.396086 -0.513740 0.346344
6580.000000 3.986173 200.469648 -0.549685 0.339906
6600.000000 3.964257 200.542238 -0.583617 0.333268
6620.000000 3.942441 200.613803 -0.615563 0.326447
6640.000000 3.920814 200.684288 -0.645564 0.319457
6660.000000 3.899454 200.753639 -0.673666 0.312314
6680.000000 3.878429 200.821805 -0.699920 0.305031
6700.000000 3.857795 200.888734 -0.724385 0.297621
6720.000000 3.837604 200.954376 -0.747121 0.290094
6740.000000 3.817894 201.018684 -0.768193 0.282462
6760.000000 3.798700 201.081609 -0.787665 0.274733
6780.000000 3.780049 201.143105 -0.805604 0.266915
6800.000000 3.761960 201.203128 -0.822076 0.259017
6820.000000 3.744451 201.261634 -0.837148 0.251043
6840.000000 3.727533 201.318581 -0.850885 0.243001
6860.000000 3.711216 201.373929 -0.863352 0.234894
6880.000000 3.695503 201.427639 -0.874610 0.226727
6900.000000 3.680399 201.479671 -0.884722 0.218504
6920.000000 3.665904 201.529989 -0.893746 0.210228
6940.000000 3.652020 201.578557 -0.901740 0.201901
6960.000000 3.638744 201.625342 -0.908759 0.193526
6980.000000 3.626075 201.670309 -0.914854 0.185105
7000.000000 3.614010 201.713425 -0.920077 0.176639
7020.000000 3.602547 201.754661 -0.924476 0.168131
7040.000000 3.591683 201.793986 -0.928097 0.159581
7060.000000 3.581414 201.831371 -0.930983 0.150990
7080.000000 3.571738 201.866789 -0.933176 0.142360
7100.000000 3.562654 201.900211 -0.934715 0.133691
7120.000000 3.554157 201.931614 -0.935635 0.124985
7140.000000 3.546247 201.960972 -0.935973 0.116241
7160.000000 3.538923 201.988262 -0.935760 0.107462
7180.000000 3.532182 202.013462 -0.935026 0.098647
7200.000000 3.526025 202.036551 -0.933799 0.089798
7220.000000 3.520451 202.057508 -0.932104 0.080915
7240.000000 3.515461 202.076316 -0.929964 0.072000
7260.000000 3.511054 202.092957 -0.927401 0.063053
7280.000000 3.507234 202.107415 -0.924433 0.054075
7300.000000 3.504000 202.119675 -0.921076 0.045067
7320.000000 3.501356 202.129724 -0.917345 0.036031
7340.000000 3.499303 202.137550 -0.913251 0.026968
7360.000000 3.497844 202.143143 -0.908803 0.017879
7380.000000 3.496983 202.146494 -0.904008 0.008765
7400.000000 3.496723 202.147595 -0.898870 -0.000371
7420.000000 3.497068 202.146440 -0.893391 -0.009528
7440.000000 3.498022 202.143027 -0.887570 -0.018705
7460.000000 3.499590 202.137351 -0.881402 -0.027898
7480.000000 3.501776 202.129414 -0.874882 -0.037107
7500.000000 3.504586 202.119215 -0.868000 -0.046328
7520.000000 3.508023 202.106758 -0.860743 -0.055559
7540.000000 3.512093 202.092048 -0.853097 -0.064798
7560.000000 3.516802 202.075092 -0.845043 -0.074041
7580.000000 3.522153 202.055898 -0.836560 -0.083285
7600.000000 3.528153 202.034479 -0.827623 -0.092527
7620.000000 3.534804 202.010847 -0.818203 -0.101763
7640.000000 3.542111 201.985018 -0.808270 -0.110988
7660.000000 3.550078 201.957010 -0.797790 -0.120199
7680.000000 3.558706 201.926842 -0.786723 -0.129389
7700.000000 3.567998 201.894537 -0.775029 -0.138555
7720.000000 3.577952 201.860121 -0.762662 -0.147690
7740.000000 3.588569 201.823620 -0.749575 -0.156787
7760.000000 3.599843 201.785064 -0.735715 -0.165840
7780.000000 3.611770 201.744487 -0.721029 -0.174842
7800.000000 3.624341 201.701923 -0.705459 -0.183784
7820.000000 3.637544 201.657411 -0.688943 -0.192657
7840.000000 3.651363 201.610991 -0.671420 -0.201452
7860.000000 3.665780 201.562706 -0.652825 -0.210158
7880.000000 3.680768 201.512604 -0.633090 -0.218763
7900.000000 3.696299 201.460732 -0.612150 -0.227257
7920.000000 3.712334 201.407143 -0.589936 -0.235624
7940.000000 3.728831 201.351890 -0.566382 -0.243852
7960.000000 3.745738 201.295030 -0.541422 -0.251926
7980.000000 3.762995 201.236624 -0.514994 -0.259828
8000.000000 3.780533 201.176731 -0.487040 -0.267543
8020.000000 3.798275 201.115417 -0.457508 -0.275051
8040.000000 3.816133 201.052747 -0.426353 -0.282335
8060.000000 3.834009 200.988788 -0.393538 -0.289374
8080.000000 3.851795 200.923610 -0.359037 -0.296149
8100.000000 3.869376 200.857284 -0.322840 -0.302638
8120.000000 3.886624 200.789880 -0.284947 -0.308820
8140.000000 3.903408 200.721473 -0.245378 -0.314675
8160.000000 3.919589 200.652134 -0.204170 -0.320180
8180.000000 3.935024 200.581936 -0.161379 -0.325315
8200.000000 3.949567 200.510954 -0.117085 -0.330061
8220.000000 3.963075 200.439260 -0.071385 -0.334396
8240.000000 3.975406 200.366926 -0.024402 -0.338304
8260.000000 3.986427 200.294027 0.023722 -0.341765
8280.000000 3.996012 200.220633 0.072824 -0.344765
8300.000000 4.004049 200.146816 0.122723 -0.347289
8320.000000 4.010440 200.072648 0.173222 -0.349323
8340.000000 4.015105 199.998200 0.224111 -0.350857
8360.000000 4.017984 199.923545 0.275172 -0.351879
8380.000000 4.019039 199.848754 0.326181 -0.352383
8400.000000 4.018254 199.773900 0.376915 -0.352364
8420.000000 4.015637 199.699059 0.427153 -0.351817
8440.000000 4.011218 199.624305 0.476684 -0.350744
8460.000000 4.005049 199.549715 0.525307 -0.349146
8480.000000 3.997205 199.475368 0.572838 -0.347028
8500.000000 3.987777 199.401342 0.619109 -0.344398
8520.000000 3.976874 199.327719 0.663974 -0.341268
8540.000000 3.964617 199.254582 0.707307 -0.337650
8560.000000 3.951139 199.182012 0.749005 -0.333560
8580.000000 3.936578 199.110093 0.788987 -0.329015
8600.000000 3.921079 199.038910 0.827193 -0.324035
8620.000000 3.904785 198.968547 0.863586 -0.318639
8640.000000 3.887838 198.899088 0.898146 -0.312849
8660.000000 3.870379 198.830616 0.930873 -0.306685
8680.000000 3.852541 198.763216 0.961782 -0.300169
8700.000000 3.834449 198.696970 0.990903 -0.293321
8720.000000 3.816224 198.631959 1.018279 -0.286163
8740.000000 3.797974 198.568263 1.043963 -0.278715
8760.000000 3.779800 198.505962 1.068017 -0.270995
8780.000000 3.761794 198.445132 1.090510 -0.263024
8800.000000 3.744039 198.385848 1.111517 -0.254817
8820.000000 3.726608 198.328184 1.131115 -0.246394
8840.000000 3.709568 198.272210 1.149385 -0.237769
8860.000000 3.692976 198.217996 1.166410 -0.228958
8880.000000 3.676884 198.165607 1.182273 -0.219976
8900.000000 3.661336 198.115107 1.197054 -0.210836
8920.000000 3.646370 198.066557 1.210836 -0.201552
8940.000000 3.632019 198.020016 1.223696 -0.192135
8960.000000 3.618311 197.975538 1.235710 -0.182596
8980.000000 3.605271 197.933176 1.246952 -0.172948
9000.000000 3.592919 197.892979 1.257491 -0.163200
9020.000000 3.581271 197.854995 1.267393 -0.153361
9040.000000 3.570340 197.819266 1.276720 -0.143441
9060.000000 3.560139 197.785834 1.285531 -0.133449
9080.000000 3.550676 197.754735 1.293879 -0.123392
9100.000000 3.541958 197.726004 1.301815 -0.113278
9120.000000 3.533991 197.699672 1.309383 -0.103115
9140.000000 3.526778 197.675768 1.316626 -0.092909
9160.000000 3.520322 197.654316 1.323581 -0.082668
9180.000000 3.514625 197.635340 1.330280 -0.072397
9200.000000 3.509687 197.618857 1.336753 -0.062102
9220.000000 3.505509 197.604884 1.343025 -0.051790
9240.000000 3.502089 197.593434 1.349116 -0.041466
9260.000000 3.499427 197.584516 1.355043 -0.031135
9280.000000 3.497521 197.578139 1.360820 -0.020803
9300.000000 3.496369 197.574307 1.366456 -0.010474
9320.000000 3.495969 197.573020 1.371957 -0.000154
9340.000000 3.496317 197.574277 1.377324 0.010152
9360.000000 3.497412 197.578073 1.382556 0.020441
9380.000000 3.499249 197.584402 1.387649 0.030707
9400.000000 3.501825 197.593253 1.392594 0.040945
9420.000000 3.505137 197.604614 1.397379 0.051152
9440.000000 3.509180 197.618469 1.401989 0.061322
9460.000000 3.513952 197.634801 1.406407 0.071451
9480.000000 3.519446 197.653589 1.410612 0.081536
9500.000000 3.525658 197.674809 1.414579 0.091571
9520.000000 3.532584 197.698437 1.418282 0.101553
9540.000000 3.540219 197.724445 1.421690 0.111477
9560.000000 3.548555 197.752803 1.424772 0.121339
9580.000000 3.557589 197.783478 1.427490 0.131135
9600.000000 3.567313 197.816437 1.429808 0.140861
9620.000000 3.577720 197.851642 1.431685 0.150512
9640.000000 3.588804 197.889056 1.433077 0.160085
9660.000000 3.600557 197.928638 1.433937 0.169575
9680.000000 3.612970 197.970346 1.434218 0.178980
9700.000000 3.626034 198.014136 1.433869 0.188293
9720.000000 3.639740 198.059964 1.432835 0.197512
9740.000000 3.654078 198.107783 1.431063 0.206633
9760.000000 3.669037 198.157544 1.428492 0.215652
9780.000000 3.684603 198.209198 1.425064 0.224563
9800.000000 3.700764 198.262694 1.420717 0.233365
9820.000000 3.717504 198.317981 1.415385 0.242051
9840.000000 3.734808 198.375006 1.409003 0.250618
9860.000000 3.752658 198.433715 1.401502 0.259061
9880.000000 3.771032 198.494053 1.392815 0.267375
9900.000000 3.789908 198.555965 1.382869 0.275556
9920.000000 3.809260 198.619395 1.371595 0.283597
9940.000000 3.829058 198.684287 1.358919 0.291494
9960.000000 3.849270 198.750582 1.344769 0.299240
9980.000000 3.869857 198.818223 1.329073 0.306827
10000.000000 3.890775 198.887151 1.311761 0.314249
10020.000000 3.911974 198.957309 1.292762 0.321497
10040.000000 3.933400 199.028636 1.272010 0.328563
10060.000000 3.954987 199.101074 1.249439 0.335435
10080.000000 3.976663 199.174563 1.224991 0.342103
10100.000000 3.998348 199.249043 1.198609 0.348555
10120.000000 4.019950 199.324455 1.170245 0.354777
10140.000000 4.041369 199.400738 1.139856 0.360755
10160.000000 4.062496 199.477832 1.107409 0.366474
10180.000000 4.083210 199.555678 1.072880 0.371916
10200.000000 4.103384 199.634216 1.036256 0.377065
10220.000000 4.122881 199.713385 0.997536 0.381901
10240.000000 4.141560 199.793126 0.956733 0.386408
10260.000000 4.159275 199.873380 0.913873 0.390565
10280.000000 4.175878 199.954087 0.869001 0.394355
10300.000000 4.191222 200.035188 0.822178 0.397761
10320.000000 4.205167 200.116627 0.773484 0.400766
10340.000000 4.217577 200.198345 0.723018 0.403358
10360.000000 4.228329 200.280288 0.670901 0.405525
10380.000000 4.237314 200.362400 0.617273 0.407259
10400.000000 4.244438 200.444630 0.562299 0.408553
10420.000000 4.249626 200.526926 0.506159 0.409406
10440.000000 4.252823 200.609241 0.449056 0.409817
10460.000000 4.253996 200.691526 0.391208 0.409790
10480.000000 4.253132 200.773739 0.332848 0.409328
10500.000000 4.250239 200.855834 0.274216 0.408437
10520.000000 4.245348 200.937772 0.215562 0.407126
10540.000000 4.238507 201.019509 0.157132 0.405402
10560.000000 4.229786 201.101006 0.099173 0.403272
10580.000000 4.219270 201.182221 0.041919 0.400747
10600.000000 4.207060 201.263112 -0.014406 0.397834
10620.000000 4.193271 201.343635 -0.069595 0.394544
10640.000000 4.178029 201.423745 -0.123461 0.390887
10660.000000 4.161471 201.503395 -0.175838 0.386875
10680.000000 4.143740 201.582538 -0.226583 0.382520
10700.000000 4.124983 201.661122 -0.275575 0.377836
10720.000000 4.105350 201.739096 -0.322716 0.372838
10740.000000 4.084990 201.816407 -0.367931 0.367543
10760.000000 4.064050 201.893000 -0.411164 0.361967
10780.000000 4.042670 201.968821 -0.452381 0.356129
10800.000000 4.020984 202.043814 -0.491563 0.350044
10820.000000 3.999119 202.117924 -0.528707 0.343733
10840.000000 3.977191 202.191094 -0.563824 0.337211
10860.000000 3.955305 202.263271 -0.596939 0.330496
10880.000000 3.933556 202.334400 -0.628083 0.323604
10900.000000 3.912030 202.404427 -0.657300 0.316549
10920.000000 3.890799 202.473299 -0.684638 0.309347
10940.000000 3.869928 202.540965 -0.710153 0.302011
10960.000000 3.849470 202.607373 -0.733902 0.294551
10980.000000 3.829471 202.672474 -0.755949 0.286980
11000.000000 3.809969 202.736221 -0.776357 0.279307
11020.000000 3.790994 202.798566 -0.795193 0.271541
11040.000000 3.772571 202.859464 -0.812523 0.263690
11060.000000 3.754718 202.918871 -0.828414 0.255760
11080.000000 3.737450 202.976744 -0.842932 0.247757
11100.000000 3.720777 203.033041 -0.856141 0.239688
11120.000000 3.704707 203.087723 -0.868105 0.231556
11140.000000 3.689243 203.140750 -0.878887 0.223366
11160.000000 3.674389 203.192084 -0.888546 0.215121
11180.000000 3.660144 203.241690 -0.897142 0.206823
11200.000000 3.646509 203.289532 -0.904730 0.198477
11220.000000 3.633482 203.335576 -0.911364 0.190082
11240.000000 3.621061 203.379789 -0.917096 0.181643
11260.000000 3.609243 203.422139 -0.921976 0.173160
11280.000000 3.598025 203.462596 -0.926051 0.164634
11300.000000 3.587405 203.501130 -0.929366 0.156067
11320.000000 3.577380 203.537712 -0.931963 0.147460
11340.000000 3.567946 203.572316 -0.933883 0.138814
11360.000000 3.559103 203.604914 -0.935164 0.130130
11380.000000 3.550847 203.635483 -0.935842 0.121408
11400.000000 3.543177 203.663996 -0.935951 0.112650
11420.000000 3.536091 203.690433 -0.935521 0.103856
11440.000000 3.529590 203.714771 -0.934581 0.095027
11460.000000 3.523671 203.736989 -0.933160 0.086164
11480.000000 3.518336 203.757068 -0.931280 0.077268
11500.000000 3.513585 203.774991 -0.928964 0.068339
11520.000000 3.509419 203.790739 -0.926233 0.059379
11540.000000 3.505838 203.804299 -0.923104 0.050389
11560.000000 3.502846 203.815655 -0.919593 0.041370
11580.000000 3.500443 203.824795 -0.915712 0.032322
11600.000000 3.498633 203.831708 -0.911472 0.023248
11620.000000 3.497419 203.836383 -0.906881 0.014149
11640.000000 3.496804 203.838813 -0.901945 0.005026
11660.000000 3.496791 203.838991 -0.896668 -0.004119
11680.000000 3.497385 203.836912 -0.891048 -0.013284
11700.000000 3.498590 203.832572 -0.885086 -0.022468
11720.000000 3.500411 203.825970 -0.878775 -0.031668
11740.000000 3.502851 203.817106 -0.872108 -0.040882
11760.000000 3.505917 203.805982 -0.865074 -0.050108
11780.000000 3.509613 203.792601 -0.857660 -0.059342
11800.000000 3.513944 203.776970 -0.849849 -0.068583
11820.000000 3.518916 203.759097 -0.841622 -0.077827
11840.000000 3.524532 203.738991 -0.832956 -0.087071
11860.000000 3.530798 203.716664 -0.823825 -0.096311
11880.000000 3.537717 203.692130 -0.814199 -0.105543
11900.000000 3.545294 203.665406 -0.804046 -0.114762
11920.000000 3.553532 203.636511 -0.793330 -0.123965
11940.000000 3.562431 203.605465 -0.782012 -0.133147
11960.000000 3.571995 203.572292 -0.770048 -0.142300
11980.000000 3.582220 203.537018 -0.757392 -0.151420
12000.000000 3.593107 203.499672 -0.743995 -0.160501
12020.000000 3.604649 203.460284 -0.729804 -0.169534
12040.000000 3.616841 203.418889 -0.714762 -0.178512
12060.000000 3.629672 203.375522 -0.698812 -0.187427
12080.000000 3.643130 203.330224 -0.681892 -0.196269
12100.000000 3.657197 203.283035 -0.663938 -0.205029
12120.000000 3.671851 203.234000 -0.644884 -0.213695
12140.000000 3.687065 203.183167 -0.624664 -0.222256
12160.000000 3.702808 203.130585 -0.603210 -0.230700
12180.000000 3.719038 203.076308 -0.580455 -0.239012
12200.000000 3.735709 203.020390 -0.556333 -0.247179
12220.000000 3.752767 202.962889 -0.530779 -0.255184
12240.000000 3.770148 202.903866 -0.503733 -0.263012
12260.000000 3.787780 202.843384 -0.475139 -0.270644
12280.000000 3.805580 202.781506 -0.444947 -0.278063
12300.000000 3.823458 202.718300 -0.413115 -0.285249
12320.000000 3.841311 202.653833 -0.379612 -0.292182
12340.000000 3.859027 202.588177 -0.344418 -0.298842
12360.000000 3.876487 202.521401 -0.307525 -0.305208
12380.000000 3.893562 202.453577 -0.268942 -0.311259
12400.000000 3.910116 202.384779 -0.228696 -0.316973
12420.000000 3.926009 202.315079 -0.186832 -0.322329
12440.000000 3.941096 202.244552 -0.143415 -0.327307
12460.000000 3.955232 202.173269 -0.098532 -0.331887
12480.000000 3.968275 202.101304 -0.052291 -0.336049
12500.000000 3.980086 202.028730 -0.004822 -0.339776
12520.000000 3.990533 201.955620 0.043724 -0.343051
12540.000000 3.999497 201.882044 0.093175 -0.345857
12560.000000 4.006870 201.808074 0.143344 -0.348182
12580.000000 4.012563 201.733783 0.194029 -0.350012
12600.000000 4.016502 201.659242 0.245015 -0.351338
12620.000000 4.018638 201.584522 0.296082 -0.352149
12640.000000 4.018940 201.509697 0.347006 -0.352439
12660.000000 4.017403 201.434839 0.397563 -0.352204
12680.000000 4.014043 201.360024 0.447536 -0.351441
12700.000000 4.008899 201.285328 0.496719 -0.350153
12720.000000 4.002034 201.210828 0.544916 -0.348341
12740.000000 3.993529 201.136603 0.591950 -0.346012
12760.000000 3.983483 201.062732 0.637662 -0.343176
12780.000000 3.972010 200.989298 0.681913 -0.339844
12800.000000 3.959237 200.916383 0.724588 -0.336031
12820.000000 3.945298 200.844069 0.765591 -0.331752
12840.000000 3.930336 200.772442 0.804852 -0.327027
12860.000000 3.914493 200.701584 0.842319 -0.321874
12880.000000 3.897915 200.631581 0.877962 -0.316315
12900.000000 3.880742 200.562517 0.911770 -0.310369
12920.000000 3.863112 200.494474 0.943750 -0.304058
12940.000000 3.845155 200.427537 0.973922 -0.297403
12960.000000 3.826995 200.361787 1.002323 -0.290426
12980.000000 3.808746 200.297305 1.028999 -0.283147
13000.000000 3.790516 200.234171 1.054008 -0.275585
13020.000000 3.772400 200.172463 1.077414 -0.267760
13040.000000 3.754487 200.112257 1.099289 -0.259690
13060.000000 3.736857 200.053628 1.119709 -0.251393
13080.000000 3.719578 199.996647 1.138753 -0.242885
13100.000000 3.702715 199.941386 1.156504 -0.234182
13120.000000 3.686322 199.887911 1.173043 -0.225299
13140.000000 3.670448 199.836289 1.188453 -0.216251
13160.000000 3.655134 199.786580 1.202815 -0.207051
13180.000000 3.640416 199.738846 1.216210 -0.197710
13200.000000 3.626326 199.693143 1.228714 -0.188242
13220.000000 3.612889 199.649525 1.240404 -0.178658
13240.000000 3.600128 199.608045 1.251350 -0.168967
13260.000000 3.588062 199.568749 1.261620 -0.159181
13280.000000 3.576707 199.531683 1.271279 -0.149308
13300.000000 3.566074 199.496890 1.280388 -0.139357
13320.000000 3.556174 199.464409 1.289003 -0.129337
13340.000000 3.547015 199.434276 1.297177 -0.119256
13360.000000 3.538604 199.406524 1.304956 -0.109121
13380.000000 3.530945 199.381183 1.312387 -0.098940
13400.000000 3.524042 199.358281 1.319507 -0.088719
13420.000000 3.517897 199.337840 1.326354 -0.078464
13440.000000 3.512511 199.319883 1.332957 -0.068183
13460.000000 3.507884 199.304426 1.339345 -0.057881
13480.000000 3.504016 199.291485 1.345540 -0.047563
13500.000000 3.500907 199.281071 1.351562 -0.037235
13520.000000 3.498555 199.273193 1.357427 -0.026903
13540.000000 3.496958 199.267858 1.363145 -0.016572
13560.000000 3.496115 199.265068 1.368725 -0.006246
13580.000000 3.496021 199.264823 1.374171 0.004069
13600.000000 3.496676 199.267121 1.379483 0.014369
13620.000000 3.498074 199.271956 1.384659 0.024648
13640.000000 3.500215 199.279319 1.389693 0.034903
13660.000000 3.503093 199.289200 1.394573 0.045129
13680.000000 3.506705 199.301584 1.399289 0.055322
13700.000000 3.511047 199.316456 1.403823 0.065476
13720.000000 3.516115 199.333796 1.408157 0.075587
13740.000000 3.521903 199.353583 1.412267 0.085652
13760.000000 3.528409 199.375793 1.416129 0.095666
13780.000000 3.535626 199.400399 1.419715 0.105625
13800.000000 3.543548 199.427373 1.422994 0.115524
13820.000000 3.552171 199.456684 1.425931 0.125359
13840.000000 3.561488 199.488299 1.428491 0.135127
13860.000000 3.571493 199.522182 1.430633 0.144823
13880.000000 3.582178 199.558297 1.432316 0.154442
13900.000000 3.593537 199.596603 1.433496 0.163982
13920.000000 3.605561 199.637061 1.434125 0.173438
13940.000000 3.618242 199.679627 1.434154 0.182805
13960.000000 3.631571 199.724258 1.433531 0.192081
13980.000000 3.645537 199.770907 1.432202 0.201260
14000.000000 3.660130 199.819527 1.430110 0.210339
14020.000000 3.675339 199.870069 1.427196 0.219315
14040.000000 3.691151 199.922484 1.423399 0.228182
14060.000000 3.707551 199.976720 1.418656 0.236936
14080.000000 3.724524 200.032725 1.412902 0.245574
14100.000000 3.742054 200.090446 1.406070 0.254091
14120.000000 3.760121 200.149829 1.398092 0.262482
14140.000000 3.778703 200.210819 1.388898 0.270742
14160.000000 3.797778 200.273359 1.378417 0.278866
14180.000000 3.817316 200.337395 1.366577 0.286849
14200.000000 3.837288 200.402868 1.353306 0.294685
14220.000000 3.857658 200.469721 1.338531 0.302367
14240.000000 3.878386 200.537897 1.322182 0.309887
14260.000000 3.899426 200.607336 1.304188 0.317239
14280.000000 3.920725 200.677979 1.284479 0.324414
14300.000000 3.942225 200.749769 1.262989 0.331401
14320.000000 3.963858 200.822644 1.239657 0.338191
14340.000000 3.985548 200.896546 1.214423 0.344772
14360.000000 4.007210 200.971415 1.187235 0.351131
14380.000000 4.028750 201.047191 1.158046 0.357256
14400.000000 4.050064 201.123814 1.126818 0.363129
14420.000000 4.071036 201.201223 1.093521 0.368737
14440.000000 4.091545 201.279360 1.058135 0.374061
14460.000000 4.111459 201.358163 1.020651 0.379084
14480.000000 4.130639 201.437574 0.981076 0.383788
14500.000000 4.148941 201.517532 0.939426 0.388154
14520.000000 4.166218 201.597979 0.895736 0.392163
14540.000000 4.182322 201.678854 0.850056 0.395797
14560.000000 4.197110 201.760101 0.802456 0.399041
14580.000000 4.210442 201.841661 0.753023 0.401879
14600.000000 4.222187 201.923477 0.701865 0.404298
14620.000000 4.232228 202.005496 0.649111 0.406288
14640.000000 4.240461 202.087663 0.594911 0.407842
14660.000000 4.246800 202.169926 0.539436 0.408956
14680.000000 4.251179 202.252235 0.482876 0.409628
14700.000000 4.253550 202.334544 0.425441 0.409859
14720.000000 4.253888 202.416805 0.367355 0.409653
14740.000000 4.252191 202.498974 0.308853 0.409015
14760.000000 4.248475 202.581010 0.250182 0.407951
14780.000000 4.242778 202.662870 0.191590 0.406469
14800.000000 4.235158 202.744514 0.133324 0.404578
14820.000000 4.225691 202.825901 0.075626 0.402285
14840.000000 4.214468 202.906988 0.018726 0.399600
14860.000000 4.201596 202.987734 -0.037157 0.396531
14880.000000 4.187197 203.068093 -0.091826 0.393090
14900.000000 4.171399 203.148021 -0.145101 0.389286
14920.000000 4.154343 203.227469 -0.196826 0.385132
14940.000000 4.136173 203.306389 -0.246866 0.380640
14960.000000 4.117040 203.384730 -0.295110 0.375826
14980.000000 4.097091 203.462439 -0.341470 0.370705
15000.000000 4.076476 203.539462 -0.385879 0.365293
15020.000000 4.055339 203.615746 -0.428290 0.359607
15040.000000 4.033818 203.691234 -0.468675 0.353665
15060.000000 4.012044 203.765872 -0.507021 0.347486
15080.000000 3.990140 203.839604 -0.543333 0.341086
15100.000000 3.968217 203.912375 -0.577627 0.334483
15120.000000 3.946376 203.984129 -0.609930 0.327694
15140.000000 3.924709 204.054813 -0.640280 0.320733
15160.000000 3.903295 204.124373 -0.668721 0.313617
15180.000000 3.882204 204.192757 -0.695305 0.306358
15200.000000 3.861496 204.259914 -0.720089 0.298970
15220.000000 3.841221 204.325793 -0.743134 0.291464
15240.000000 3.821422 204.390345 -0.764502 0.283850
15260.000000 3.802133 204.453523 -0.784258 0.276138
15280.000000 3.783381 204.515281 -0.802469 0.268336
15300.000000 3.765190 204.575574 -0.819202 0.260451
15320.000000 3.747575 204.634358 -0.834522 0.252491
15340.000000 3.730549 204.691590 -0.848496 0.244460
15360.000000 3.714122 204.747230 -0.861188 0.236365
15380.000000 3.698300 204.801239 -0.872660 0.228209
15400.000000 3.683086 204.853577 -0.882975 0.219996
15420.000000 3.668481 204.904208 -0.892192 0.211729
15440.000000 3.654486 204.953096 -0.900368 0.203411
15460.000000 3.641101 205.000205 -0.907559 0.195044
15480.000000 3.628322 205.045503 -0.913818 0.186631
15500.000000 3.616148 205.088957 -0.919195 0.178174
15520.000000 3.604576 205.130535 -0.923740 0.169673
15540.000000 3.593604 205.170208 -0.927498 0.161130
15560.000000 3.583227 205.207946 -0.930514 0.152547
15580.000000 3.573445 205.243722 -0.932829 0.143924
15600.000000 3.564253 205.277507 -0.934483 0.135262
15620.000000 3.555651 205.309277 -0.935513 0.126562
15640.000000 3.547635 205.339007 -0.935954 0.117825
15660.000000 3.540204 205.366672 -0.935838 0.109053
15680.000000 3.533358 205.392252 -0.935196 0.100244
15700.000000 3.527095 205.415724 -0.934056 0.091401
15720.000000 3.521416 205.437069 -0.932444 0.082524
15740.000000 3.516320 205.456267 -0.930383 0.073615
15760.000000 3.511808 205.473301 -0.927895 0.064673
15780.000000 3.507882 205.488154 -0.924999 0.055701
15800.000000 3.504542 205.500813 -0.921712 0.046699
15820.000000 3.501790 205.511263 -0.918047 0.037668
15840.000000 3.499630 205.519492 -0.914018 0.028609
15860.000000 3.498064 205.525490 -0.909634 0.019525
15880.000000 3.497094 205.529246 -0.904901 0.010416
15900.000000 3.496726 205.530755 -0.899825 0.001283
15920.000000 3.496961 205.530009 -0.894408 -0.007870
15940.000000 3.497805 205.527004 -0.888648 -0.017043
15960.000000 3.499261 205.521738 -0.882544 -0.026234
15980.000000 3.501335 205.514209 -0.876088 -0.035440
16000.000000 3.504031 205.504419 -0.869272 -0.044659
16020.000000 3.507354 205.492370 -0.862084 -0.053889
16040.000000 3.511310 205.478068 -0.854510 -0.063127
16060.000000 3.515903 205.461517 -0.846531 -0.072369
16080.000000 3.521138 205.442728 -0.838127 -0.081613
16100.000000 3.527019 205.421710 -0.829274 -0.090856
16120.000000 3.533552 205.398478 -0.819944 -0.100093
16140.000000 3.540741 205.373045 -0.810107 -0.109320
16160.000000 3.548588 205.345429 -0.799728 -0.118534
16180.000000 3.557096 205.315650 -0.788770 -0.127729
16200.000000 3.566268 205.283731 -0.777192 -0.136899
16220.000000 3.576103 205.249694 -0.764951 -0.146040
16240.000000 3.586599 205.213568 -0.751998 -0.155145
16260.000000 3.597755 205.175382 -0.738282 -0.164206
16280.000000 3.609564 205.135167 -0.723749 -0.173218
16300.000000 3.622020 205.092960 -0.708343 -0.182171
16320.000000 3.635109 205.048798 -0.692003 -0.191058
16340.000000 3.648819 205.002719 -0.674667 -0.199867
16360.000000 3.663129 204.954769 -0.656271 -0.208590
16380.000000 3.678016 204.904992 -0.636747 -0.217215
16400.000000 3.693451 204.853436 -0.616030 -0.225729
16420.000000 3.709398 204.800153 -0.594052 -0.234121
16440.000000 3.725815 204.745197 -0.570745 -0.242375
16460.000000 3.742652 204.688624 -0.546044 -0.250478
16480.000000 3.759850 204.630493 -0.519886 -0.258412
16500.000000 3.777343 204.570864 -0.492212 -0.266162
16520.000000 3.795055 204.509803 -0.462969 -0.273709
16540.000000 3.812899 204.447373 -0.432110 -0.281035
16560.000000 3.830779 204.383642 -0.399598 -0.288120
16580.000000 3.848590 204.318679 -0.365403 -0.294944
16600.000000 3.866216 204.252556 -0.329513 -0.301486
16620.000000 3.883535 204.185342 -0.291926 -0.307726
16640.000000 3.900413 204.117110 -0.252658 -0.313641
16660.000000 3.916713 204.047934 -0.211743 -0.319211
16680.000000 3.932294 203.977886 -0.169234 -0.324415
16700.000000 3.947009 203.907041 -0.125204 -0.329232
16720.000000 3.960714 203.835470 -0.079751 -0.333643
16740.000000 3.973269 203.763247 -0.032990 -0.337629
16760.000000 3.984536 203.690444 0.014940 -0.341173
16780.000000 3.994390 203.617134 0.063878 -0.344258
16800.000000 4.002714 203.543389 0.113647 -0.346869
16820.000000 4.009409 203.469279 0.164052 -0.348992
16840.000000 4.014392 203.394877 0.214887 -0.350617
16860.000000 4.017597 203.320253 0.265933 -0.351732
16880.000000 4.018984 203.245482 0.316968 -0.352331
16900.000000 4.018533 203.170634 0.367769 -0.352406
16920.000000 4.016245 203.095785 0.418112 -0.351955
16940.000000 4.012149 203.021009 0.467786 -0.350977
16960.000000 4.006292 202.946384 0.516588 -0.349473
16980.000000 3.998744 202.871987 0.564329 -0.347449
17000.000000 3.989595 202.797897 0.610840 -0.344911
17020.000000 3.978950 202.724196 0.655969 -0.341870
17040.000000 3.966928 202.650964 0.699587 -0.338340
17060.000000 3.953661 202.578285 0.741588 -0.334334
17080.000000 3.939286 202.506242 0.781885 -0.329870
17100.000000 3.923946 202.434920 0.820416 -0.324967
17120.000000 3.907784 202.364402 0.857138 -0.319645
17140.000000 3.890946 202.294773 0.892030 -0.313925
17160.000000 3.873569 202.226117 0.925088 -0.307827
17180.000000 3.855790 202.158517 0.956324 -0.301373
17200.000000 3.837735 202.092056 0.985766 -0.294584
17220.000000 3.819525 202.026816 1.013454 -0.287480
17240.000000 3.801272 201.962876 1.039440 -0.280083
17260.000000 3.783077 201.900317 1.063784 -0.272411
17280.000000 3.765035 201.839215 1.086554 -0.264483
17300.000000 3.747228 201.779646 1.107823 -0.256318
17320.000000 3.729734 201.721684 1.127670 -0.247933
17340.000000 3.712618 201.665399 1.146175 -0.239343
17360.000000 3.695942 201.610862 1.163419 -0.230565
17380.000000 3.679756 201.558138 1.179486 -0.221613
17400.000000 3.664106 201.507292 1.194457 -0.212501
17420.000000 3.649032 201.458385 1.208414 -0.203241
17440.000000 3.634568 201.411476 1.221435 -0.193847
17460.000000 3.620742 201.366620 1.233596 -0.184330
17480.000000 3.607580 201.323872 1.244973 -0.174701
17500.000000 3.595102 201.283280 1.255634 -0.164970
17520.000000 3.583325 201.244892 1.265646 -0.155147
17540.000000 3.572264 201.208753 1.275073 -0.145241
17560.000000 3.561930 201.174902 1.283973 -0.135261
17580.000000 3.552333 201.143378 1.292401 -0.125215
17600.000000 3.543480 201.114217 1.300408 -0.115111
17620.000000 3.535376 201.087449 1.308040 -0.104957
17640.000000 3.528027 201.063103 1.315338 -0.094758
17660.000000 3.521434 201.041206 1.322343 -0.084523
17680.000000 3.515599 201.021780 1.329086 -0.074257
17700.000000 3.510524 201.004845 1.335598 -0.063966
17720.000000 3.506208 200.990417 1.341904 -0.053657
17740.000000 3.502651 200.978510 1.348026 -0.043334
17760.000000 3.499853 200.969134 1.353982 -0.033004
17780.000000 3.497810 200.962297 1.359786 -0.022672
17800.000000 3.496522 200.958004 1.365447 -0.012342
17820.000000 3.495986 200.956256 1.370972 -0.002020
17840.000000 3.496199 200.957053 1.376363 0.008289
17860.000000 3.497159 200.960391 1.381620 0.018581
17880.000000 3.498862 200.966262 1.386739 0.028852
17900.000000 3.501304 200.974658 1.391711 0.039095
17920.000000 3.504484 200.985566 1.396526 0.049308
17940.000000 3.508395 200.998971 1.401169 0.059485
17960.000000 3.513035 201.014857 1.405623 0.069622
17980.000000 3.518399 201.033202 1.409868 0.079715
18000.000000 3.524481 201.053984 1.413880 0.089760
18020.000000 3.531279 201.077179 1.417633 0.099752
18040.000000 3.538785 201.102758 1.421097 0.109686
18060.000000 3.546996 201.130693 1.424240 0.119560
18080.000000 3.555904 201.160952 1.427027 0.129368
18100.000000 3.565503 201.193500 1.429421 0.139107
18120.000000 3.575787 201.228302 1.431380 0.148772
18140.000000 3.586750 201.265319 1.432863 0.158359
18160.000000 3.598382 201.304511 1.433823 0.167865
18180.000000 3.610676 201.345838 1.434212 0.177285
18200.000000 3.623623 201.389255 1.433981 0.186615
18220.000000 3.637214 201.434718 1.433075 0.195852
18240.000000 3.651439 201.482180 1.431441 0.204991
18260.000000 3.666285 201.531594 1.429019 0.214028
18280.000000 3.681743 201.582909 1.425751 0.222959
18300.000000 3.697797 201.636076 1.421574 0.231781
18320.000000 3.714434 201.691043 1.416425 0.240488
18340.000000 3.731637 201.747757 1.410238 0.249077
18360.000000 3.749390 201.806165 1.402945 0.257543
18380.000000 3.767670 201.866213 1.394477 0.265881
18400.000000 3.786458 201.927845 1.384765 0.274086
18420.000000 3.805725 201.991004 1.373736 0.282153
18440.000000 3.825446 202.055636 1.361319 0.290077
18460.000000 3.845585 202.121681 1.347441 0.297850
18480.000000 3.866107 202.189083 1.332030 0.305467
18500.000000 3.886968 202.257783 1.315015 0.312919
18520.000000 3.908121 202.327722 1.296327 0.320200
18540.000000 3.929510 202.398842 1.275896 0.327299
18560.000000 3.951073 202.471084 1.253659 0.334206
18580.000000 3.972739 202.544387 1.229555 0.340912
18600.000000 3.994428 202.618692 1.203527 0.347404
18620.000000 4.016053 202.693940 1.175525 0.353669
18640.000000 4.037513 202.770070 1.145505 0.359692
18660.000000 4.058701 202.847022 1.113432 0.365459
18680.000000 4.079499 202.924737 1.079281 0.370953
18700.000000 4.099781 203.003153 1.043037 0.376156
18720.000000 4.119411 203.082213 1.004695 0.381051
18740.000000 4.138249 203.161855 0.964267 0.385618
18760.000000 4.156149 203.242020 0.921776 0.389840
18780.000000 4.172964 203.322649 0.877264 0.393697
18800.000000 4.188546 203.403684 0.830789 0.397174
18820.000000 4.202754 203.485066 0.782426 0.400253
18840.000000 4.215451 203.566738 0.732272 0.402921
18860.000000 4.226512 203.648644 0.680444 0.405165
18880.000000 4.235824 203.730729 0.627079 0.406978
18900.000000 4.243291 203.812942 0.572335 0.408352
18920.000000 4.248834 203.895230 0.516391 0.409285
18940.000000 4.252394 203.977544 0.459447 0.409776
18960.000000 4.253935 204.059839 0.401717 0.409827
18980.000000 4.253439 204.142067 0.343431 0.409443
19000.000000 4.250911 204.224187 0.284831 0.408630
19020.000000 4.246378 204.306156 0.226162 0.407394
19040.000000 4.239886 204.387933 0.167674 0.405744
19060.000000 4.231499 204.469477 0.109611 0.403687
19080.000000 4.221301 204.550745 0.052213 0.401232
19100.000000 4.209389 204.631698 -0.004296 0.398389
19120.000000 4.195876 204.712291 -0.059705 0.395166
19140.000000 4.180888 204.792479 -0.113823 0.391575
19160.000000 4.164557 204.872216 -0.166481 0.387626
19180.000000 4.147027 204.951455 -0.217531 0.383332
19200.000000 4.128445 205.030144 -0.266847 0.378707
19220.000000 4.108960 205.108232 -0.314329 0.373765
19240.000000 4.088720 205.185667 -0.359897 0.368522
19260.000000 4.067874 205.262394 -0.403493 0.362996
19280.000000 4.046564 205.338358 -0.445076 0.357203
19300.000000 4.024924 205.413505 -0.484626 0.351162
19320.000000 4.003082 205.487779 -0.522138 0.344891
19340.000000 3.981157 205.561123 -0.557621 0.338405
19360.000000 3.959256 205.633484 -0.591096 0.331724
19380.000000 3.937476 205.704807 -0.622594 0.324863
19400.000000 3.915904 205.775037 -0.652156 0.317837
19420.000000 3.894615 205.844121 -0.679830 0.310660
19440.000000 3.873674 205.912009 -0.705670 0.303347
19460.000000 3.853138 205.978648 -0.729734 0.295909
19480.000000 3.833053 206.043990 -0.752084 0.288358
19500.000000 3.813459 206.107985 -0.772784 0.280702
19520.000000 3.794386 206.170587 -0.791900 0.272953
19540.000000 3.775862 206.231751 -0.809497 0.265116
19560.000000 3.757905 206.291430 -0.825644 0.257200
19580.000000 3.740530 206.349584 -0.840405 0.249210
19600.000000 3.723749 206.406169 -0.853846 0.241152
19620.000000 3.707569 206.461146 -0.866030 0.233032
19640.000000 3.691995 206.514475 -0.877022 0.224852
19660.000000 3.677031 206.566118 -0.886880 0.216616
19680.000000 3.662676 206.616039 -0.895663 0.208328
19700.000000 3.648931 206.664203 -0.903429 0.199990
19720.000000 3.635794 206.710574 -0.910232 0.191604
19740.000000 3.623263 206.755121 -0.916124 0.183173
19760.000000 3.611336 206.797811 -0.921154 0.174697
19780.000000 3.600010 206.838612 -0.925371 0.166179
19800.000000 3.589282 206.877496 -0.928820 0.157620
19820.000000 3.579149 206.914433 -0.931544 0.149020
19840.000000 3.569609 206.949397 -0.933584 0.140381
19860.000000 3.560659 206.982360 -0.934978 0.131703
19880.000000 3.552297 207.013297 -0.935763 0.122988
19900.000000 3.544521 207.042184 -0.935972 0.114237
19920.000000 3.537330 207.068998 -0.935637 0.105449
19940.000000 3.530723 207.093717 -0.934788 0.096627
19960.000000 3.524699 207.116320 -0.933451 0.087770
19980.000000 3.519258 207.136788 -0.931653 0.078879
20000.000000 3.514401 207.155102 -0.929415 0.069957
20020.000000 3.510129 207.171245 -0.926757 0.061002
20040.000000 3.506443 207.185201 -0.923699 0.052017
20060.000000 3.503344 207.196957 -0.920256 0.043003
20080.000000 3.500834 207.206499 -0.916441 0.033961
20100.000000 3.498917 207.213815 -0.912265 0.024892
20120.000000 3.497594 207.218896 -0.907737 0.015797
20140.000000 3.496871 207.221733 -0.902863 0.006678
20160.000000 3.496749 207.222318 -0.897648 -0.002463
20180.000000 3.497233 207.220648 -0.892090 -0.011625
20200.000000 3.498327 207.216717 -0.886190 -0.020805
20220.000000 3.500035 207.210524 -0.879942 -0.030003
20240.000000 3.502364 207.202069 -0.873340 -0.039214
20260.000000 3.505316 207.191354 -0.866374 -0.048438
20280.000000 3.508898 207.178381 -0.859030 -0.057671
20300.000000 3.513114 207.163157 -0.851292 -0.066911
20320.000000 3.517969 207.145688 -0.843142 -0.076155
20340.000000 3.523468 207.125985 -0.834557 -0.085399
20360.000000 3.529616 207.104059 -0.825512 -0.094640
20380.000000 3.536417 207.079923 -0.815978 -0.103873
20400.000000 3.543875 207.053594 -0.805923 -0.113096
20420.000000 3.551993 207.025090 -0.795312 -0.122302
20440.000000 3.560772 206.994431 -0.784106 -0.131488
20460.000000 3.570216 206.961641 -0.772262 -0.140647
20480.000000 3.580322 206.926745 -0.759735 -0.149774
20500.000000 3.591089 206.889772 -0.746476 -0.158862
20520.000000 3.602513 206.850751 -0.732432 -0.167904
20540.000000 3.614588 206.809716 -0.717549 -0.176892
20560.000000 3.627305 206.766704 -0.701768 -0.185819
20580.000000 3.640650 206.721751 -0.685027 -0.194675
20600.000000 3.654608 206.674901 -0.667265 -0.203451
20620.000000 3.669158 206.626197 -0.648415 -0.212135
20640.000000 3.684273 206.575685 -0.628411 -0.220716
20660.000000 3.699923 206.523416 -0.607185 -0.229182
20680.000000 3.716068 206.469441 -0.584670 -0.237519
20700.000000 3.732663 206.413816 -0.560800 -0.245713
20720.000000 3.749655 206.356597 -0.535510 -0.253749
20740.000000 3.766983 206.297845 -0.508738 -0.261610
20760.000000 3.784575 206.237622 -0.480428 -0.269279
20780.000000 3.802352 206.175992 -0.450529 -0.276737
20800.000000 3.820223 206.113021 -0.418996 -0.283967
20820.000000 3.838088 206.048777 -0.385798 -0.290948
20840.000000 3.855838 205.983330 -0.350910 -0.297659
20860.000000 3.873354 205.916751 -0.314324 -0.304080
20880.000000 3.890508 205.849112 -0.276045 -0.310189
20900.000000 3.907167 205.780485 -0.236098 -0.315965
20920.000000 3.923190 205.710943 -0.194522 -0.321388
20940.000000 3.938433 205.640560 -0.151380 -0.326436
20960.000000 3.952752 205.569408 -0.106754 -0.331089
20980.000000 3.966003 205.497561 -0.060750 -0.335328
21000.000000 3.978047 205.425092 -0.013493 -0.339135
21020.000000 3.988750 205.352073 0.034870 -0.342493
21040.000000 3.997990 205.278576 0.084171 -0.345385
21060.000000 4.005659 205.204673 0.134225 -0.347798
21080.000000 4.011661 205.130434 0.184832 -0.349719
21100.000000 4.015922 205.055933 0.235780 -0.351136
21120.000000 4.018387 204.981240 0.286849 -0.352040
21140.000000 4.019022 204.906428 0.337815 -0.352425
21160.000000 4.017817 204.831571 0.388455 -0.352285
21180.000000 4.014784 204.756743 0.438550 -0.351618
21200.000000 4.009959 204.682020 0.487890 -0.350425
21220.000000 4.003400 204.607478 0.536279 -0.348707
21240.000000 3.995185 204.533197 0.583536 -0.346471
21260.000000 3.985410 204.459257 0.629497 -0.343726
21280.000000 3.974186 204.385738 0.674022 -0.340483
21300.000000 3.961638 204.312722 0.716990 -0.336755
21320.000000 3.947900 204.240294 0.758302 -0.332560
21340.000000 3.933112 204.168536 0.797882 -0.327914
21360.000000 3.917418 204.097533 0.835676 -0.322837
21380.000000 3.900962 204.027369 0.871651 -0.317349
21400.000000 3.883886 203.958129 0.905791 -0.311472
21420.000000 3.866329 203.889895 0.938100 -0.305225
21440.000000 3.848422 203.822752 0.968597 -0.298631
21460.000000 3.830289 203.756781 0.997315 -0.291711
21480.000000 3.812049 203.692063 1.024299 -0.284485
21500.000000 3.793808 203.628680 1.049605 -0.276973
21520.000000 3.775664 203.566708 1.073296 -0.269194
21540.000000 3.757709 203.506225 1.095442 -0.261167
21560.000000 3.740021 203.447305 1.116119 -0.252910
21580.000000 3.722675 203.390021 1.135407 -0.244439
21600.000000 3.705732 203.334444 1.153385 -0.235770
21620.000000 3.689251 203.280641 1.170137 -0.226919
21640.000000 3.673279 203.228679 1.185745 -0.217900
21660.000000 3.657861 203.178620 1.200291 -0.208725
21680.000000 3.643033 203.130524 1.213855 -0.199410
21700.000000 3.628827 203.084450 1.226515 -0.189964
21720.000000 3.615270 203.040451 1.238347 -0.180399
21740.000000 3.602386 202.998580 1.249422 -0.170727
21760.000000 3.590193 202.958885 1.259809 -0.160957
21780.000000 3.578708 202.921413 1.269575 -0.151099
21800.000000 3.567943 202.886206 1.278779 -0.141162
21820.000000 3.557910 202.853304 1.287479 -0.131154
21840.000000 3.548617 202.822744 1.295729 -0.121084
21860.000000 3.540070 202.794559 1.303576 -0.110958
21880.000000 3.532275 202.768780 1.311067 -0.100785
21900.000000 3.525235 202.745434 1.318241 -0.090570
21920.000000 3.518952 202.724547 1.325134 -0.080321
21940.000000 3.513429 202.706139 1.331779 -0.070045
21960.000000 3.508664 202.690228 1.338204 -0.059746
21980.000000 3.504660 202.676831 1.344433 -0.049430
22000.000000 3.501414 202.665959 1.350485 -0.039104
22020.000000 3.498925 202.657623 1.356377 -0.028772
22040.000000 3.497191 202.651827 1.362121 -0.018441
22060.000000 3.496212 202.648577 1.367726 -0.008113
22080.000000 3.495983 202.647871 1.373196 0.002204
22100.000000 3.496502 202.649710 1.378533 0.012507
22120.000000 3.497766 202.654086 1.383734 0.022791
22140.000000 3.499773 202.660992 1.388793 0.033050
22160.000000 3.502518 202.670419 1.393702 0.043282
22180.000000 3.505997 202.682352 1.398449 0.053481
22200.000000 3.510207 202.696775 1.403017 0.063642
22220.000000 3.515144 202.713670 1.407388 0.073762
22240.000000 3.520803 202.733016 1.411541 0.083835
22260.000000 3.527179 202.754790 1.415450 0.093859
22280.000000 3.534268 202.778964 1.419088 0.103828
22300.000000 3.542063 202.805512 1.422425 0.113738
22320.000000 3.550560 202.834403 1.425427 0.123585
22340.000000 3.559752 202.865604 1.428057 0.133365
22360.000000 3.569633 202.899079 1.430278 0.143074
22380.000000 3.580196 202.934793 1.432048 0.152708
22400.000000 3.591433 202.972706 1.433322 0.162262
22420.000000 3.603337 203.012778 1.434054 0.171734
22440.000000 3.615900 203.054966 1.434196 0.181117
22460.000000 3.629112 203.099227 1.433695 0.190410
22480.000000 3.642964 203.145514 1.432497 0.199607
22500.000000 3.657445 203.193781 1.430547 0.208705
22520.000000 3.672543 203.243979 1.427786 0.217699
22540.000000 3.688246 203.296059 1.424154 0.226586
22560.000000 3.704541 203.349970 1.419587 0.235361
22580.000000 3.721412 203.405659 1.414020 0.244020
22600.000000 3.738843 203.463073 1.407389 0.252559
22620.000000 3.756814 203.522159 1.399623 0.260973
22640.000000 3.775305 203.582862 1.390654 0.269258
22660.000000 3.794292 203.645127 1.380411 0.277407
22680.000000 3.813749 203.708896 1.368822 0.285416
22700.000000 3.833645 203.774113 1.355815 0.293279
22720.000000 3.853946 203.840721 1.341318 0.300989
22740.000000 3.874612 203.908662 1.325259 0.308539
22760.000000 3.895599 203.977877 1.307568 0.315922
22780.000000 3.916856 204.048307 1.288174 0.323129
22800.000000 3.938324 204.119893 1.267011 0.330151
22820.000000 3.959938 204.192577 1.244016 0.336978
22840.000000 3.981624 204.266298 1.219131 0.343598
22860.000000 4.003298 204.340996 1.192300 0.349998
22880.000000 4.024868 204.416612 1.163476 0.356166
22900.000000 4.046230 204.493086 1.132619 0.362086
22920.000000 4.067273 204.570358 1.099698 0.367743
22940.000000 4.087876 204.648367 1.064691 0.373120
22960.000000 4.107907 204.727055 1.027587 0.378199
22980.000000 4.127230 204.806360 0.988389 0.382962
23000.000000 4.145702 204.886224 0.947112 0.387390
23020.000000 4.163175 204.966586 0.903788 0.391465
23040.000000 4.179503 205.047388 0.858463 0.395168
23060.000000 4.194539 205.128572 0.811205 0.398484
23080.000000 4.208144 205.210079 0.762096 0.401396
23100.000000 4.220186 205.291854 0.711241 0.403892
23120.000000 4.230543 205.373840 0.658765 0.405960
23140.000000 4.239110 205.455984 0.604815 0.407594
23160.000000 4.245797 205.538233 0.549557 0.408787
23180.000000 4.250534 205.620538 0.493178 0.409539
23200.000000 4.253271 205.702850 0.435885 0.409850
23220.000000 4.253978 205.785123 0.377899 0.409722
23240.000000 4.252648 205.867312 0.319455 0.409162
23260.000000 4.249295 205.949375 0.260797 0.408174
23280.000000 4.243953 206.031270 0.202172 0.406768
23300.000000 4.236676 206.112956 0.143828 0.404950
23320.000000 4.227536 206.194393 0.086010 0.402729
23340.000000 4.216623 206.275537 0.028949 0.400114
23360.000000 4.204042 206.356348 -0.027133 0.397114
23380.000000 4.189909 206.436780 -0.082036 0.393740
23400.000000 4.174354 206.516789 -0.135575 0.390000
23420.000000 4.157515 206.596328 -0.187591 0.385908
23440.000000 4.139536 206.675348 -0.237944 0.381477
23460.000000 4.120565 206.753797 -0.286521 0.376720
23480.000000 4.100753 206.831624 -0.333227 0.371653
23500.000000 4.080248 206.908776 -0.377993 0.366292
23520.000000 4.059195 206.985197 -0.420768 0.360655
23540.000000 4.037733 207.060833 -0.461521 0.354758
23560.000000 4.015996 207.135629 -0.500236 0.348621
23580.000000 3.994107 207.209529 -0.536915 0.342259
23600.000000 3.972179 207.282477 -0.571572 0.335692
23620.000000 3.950316 207.354420 -0.604233 0.328935
23640.000000 3.928612 207.425301 -0.634933 0.322004
23660.000000 3.907146 207.495069 -0.663715 0.314915
23680.000000 3.885993 207.563669 -0.690632 0.307681
23700.000000 3.865211 207.631052 -0.715737 0.300315
23720.000000 3.844855 207.697165 -0.739091 0.292830
23740.000000 3.824967 207.761961 -0.760758 0.285234
23760.000000 3.805583 207.825392 -0.780801 0.277539
23780.000000 3.786732 207.887410 -0.799287 0.269753
23800.000000 3.768438 207.947971 -0.816282 0.261883
23820.000000 3.750718 208.007031 -0.831853 0.253936
23840.000000 3.733585 208.064547 -0.846065 0.245918
23860.000000 3.717049 208.120478 -0.858984 0.237834
23880.000000 3.701117 208.174785 -0.870673 0.229688
23900.000000 3.685793 208.227428 -0.881193 0.221485
23920.000000 3.671078 208.278370 -0.890604 0.213228
23940.000000 3.656973 208.327576 -0.898964 0.204919
23960.000000 3.643477 208.375009 -0.906329 0.196561
23980.000000 3.630589 208.420638 -0.912752 0.188157
24000.000000 3.618305 208.464427 -0.918285 0.179707
24020.000000 3.606625 208.506347 -0.922977 0.171214
24040.000000 3.595544 208.546367 -0.926874 0.162679
24060.000000 3.585060 208.584457 -0.930021 0.154102
24080.000000 3.575170 208.620589 -0.932460 0.145486
24100.000000 3.565872 208.654737 -0.934231 0.136832
24120.000000 3.557163 208.686873 -0.935371 0.128139
24140.000000 3.549041 208.716974 -0.935916 0.119409
24160.000000 3.541505 208.745014 -0.935899 0.110642
24180.000000 3.534553 208.770973 -0.935350 0.101840
24200.000000 3.528185 208.794828 -0.934298 0.093003
24220.000000 3.522400 208.816559 -0.932769 0.084133
24240.000000 3.517198 208.836146 -0.930788 0.075229
24260.000000 3.512581 208.853573 -0.928376 0.066293
24280.000000 3.508548 208.868822 -0.925552 0.057326
24300.000000 3.505102 208.881879 -0.922335 0.048329
24320.000000 3.502244 208.892729 -0.918738 0.039303
24340.000000 3.499977 208.901361 -0.914774 0.030250
24360.000000 3.498303 208.907763 -0.910453 0.021170
24380.000000 3.497225 208.911926 -0.905783 0.012065
24400.000000 3.496748 208.913841 -0.900769 0.002937
24420.000000 3.496873 208.913503 -0.895413 -0.006213
24440.000000 3.497607 208.910907 -0.889715 -0.015383
24460.000000 3.498952 208.906050 -0.883674 -0.024570
24480.000000 3.500914 208.898931 -0.877282 -0.033774
24500.000000 3.503497 208.889550 -0.870532 -0.042991
24520.000000 3.506707 208.877909 -0.863412 -0.052219
24540.000000 3.510547 208.864014 -0.855909 -0.061455
24560.000000 3.515024 208.847869 -0.848005 -0.070697
24580.000000 3.520143 208.829484 -0.839680 -0.079941
24600.000000 3.525907 208.808869 -0.830910 -0.089184
24620.000000 3.532322 208.786036 -0.821668 -0.098423
24640.000000 3.539392 208.761000 -0.811925 -0.107652
24660.000000 3.547120 208.733778 -0.801647 -0.116869
24680.000000 3.555508 208.704389 -0.790797 -0.126067
24700.000000 3.564560 208.672854 -0.779335 -0.135242
24720.000000 3.574275 208.639199 -0.767217 -0.144389
24740.000000 3.584652 208.603448 -0.754396 -0.153501
24760.000000 3.595689 208.565633 -0.740822 -0.162571
24780.000000 3.607380 208.525783 -0.726441 -0.171592
24800.000000 3.619719 208.483933 -0.711197 -0.180556
24820.000000 3.632695 208.440121 -0.695031 -0.189456
24840.000000 3.646294 208.394387 -0.677880 -0.198280
24860.000000 3.660497 208.346772 -0.659680 -0.207019
24880.000000 3.675282 208.297321 -0.640365 -0.215662
24900.000000 3.690620 208.246084 -0.619869 -0.224198
24920.000000 3.706477 208.193109 -0.598124 -0.232613
24940.000000 3.722813 208.138452 -0.575062 -0.240893
24960.000000 3.739578 208.082167 -0.550618 -0.249024
24980.000000 3.756715 208.024313 -0.524728 -0.256990
25000.000000 3.774161 207.964951 -0.497333 -0.264775
25020.000000 3.791839 207.904143 -0.468377 -0.272360
25040.000000 3.809665 207.841956 -0.437814 -0.279727
25060.000000 3.827547 207.778456 -0.405603 -0.286857
25080.000000 3.845378 207.713711 -0.371714 -0.293730
25100.000000 3.863047 207.647792 -0.336131 -0.300325
25120.000000 3.880431 207.580770 -0.298850 -0.306620
25140.000000 3.897399 207.512717 -0.259884 -0.312596
25160.000000 3.913814 207.443706 -0.219264 -0.318230
25180.000000 3.929535 207.373811 -0.177038 -0.323502
25200.000000 3.944418 207.303104 -0.133277 -0.328390
25220.000000 3.958317 207.231659 -0.088073 -0.332876
25240.000000 3.971089 207.159548 -0.041539 -0.336941
25260.000000 3.982599 207.086845 0.006190 -0.340566
25280.000000 3.992718 207.013622 0.054958 -0.343734
25300.000000 4.001327 206.939950 0.104591 -0.346432
25320.000000 4.008323 206.865901 0.154897 -0.348645
25340.000000 4.013620 206.791546 0.205670 -0.350360
25360.000000 4.017151 206.716957 0.256694 -0.351569
25380.000000 4.018869 206.642207 0.307748 -0.352261
25400.000000 4.018751 206.567368 0.358607 -0.352432
25420.000000 4.016794 206.492513 0.409049 -0.352076
25440.000000 4.013022 206.417719 0.458860 -0.351193
25460.000000 4.007479 206.343061 0.507834 -0.349784
25480.000000 4.000231 206.268616 0.555780 -0.347853
25500.000000 3.991364 206.194465 0.602525 -0.345408
25520.000000 3.980981 206.120687 0.647914 -0.342457
25540.000000 3.969199 206.047364 0.691814 -0.339014
25560.000000 3.956147 205.974579 0.734114 -0.335093
25580.000000 3.941962 205.902415 0.774725 -0.330711
25600.000000 3.926786 205.830956 0.813579 -0.325886
25620.000000 3.910762 205.760287 0.850631 -0.320638
25640.000000 3.894035 205.690491 0.885855 -0.314988
25660.000000 3.876746 205.621653 0.919244 -0.308957
25680.000000 3.859030 205.553856 0.950808 -0.302566
25700.000000 3.841016 205.487182 0.980571 -0.295836
25720.000000 3.822826 205.421715 1.008573 -0.288787
25740.000000 3.804572 205.357535 1.034863 -0.281442
25760.000000 3.786360 205.294720 1.059499 -0.273818
25780.000000 3.768283 205.233349 1.082548 -0.265936
25800.000000 3.750428 205.173497 1.104084 -0.257812
25820.000000 3.732872 205.115238 1.124182 -0.249465
25840.000000 3.715683 205.058645 1.142923 -0.240911
25860.000000 3.698923 205.003787 1.160390 -0.232166
25880.000000 3.682645 204.950730 1.176663 -0.223245
25900.000000 3.666895 204.899539 1.191826 -0.214160
25920.000000 3.651714 204.850277 1.205961 -0.204927
25940.000000 3.637138 204.803003 1.219145 -0.195556
25960.000000 3.623194 204.757772 1.231457 -0.186060
25980.000000 3.609911 204.714638 1.242970 -0.176451
26000.000000 3.597307 204.673653 1.253755 -0.166737
26020.000000 3.585403 204.634863 1.263880 -0.156930
26040.000000 3.574211 204.598314 1.273409 -0.147039
26060.000000 3.563745 204.564046 1.282400 -0.137071
26080.000000 3.554014 204.532099 1.290909 -0.127037
26100.000000 3.545026 204.502507 1.298989 -0.116943
26120.000000 3.536786 204.475304 1.306685 -0.106797
26140.000000 3.529300 204.450519 1.314041 -0.096606
26160.000000 3.522570 204.428177 1.321096 -0.086377
26180.000000 3.516598 204.408303 1.327884 -0.076116
26200.000000 3.511386 204.390916 1.334436 -0.065829
26220.000000 3.506933 204.376033 1.340778 -0.055523
26240.000000 3.503239 204.363669 1.346932 -0.045202
26260.000000 3.500303 204.353834 1.352917 -0.034873
26280.000000 3.498124 204.346538 1.358747 -0.024541
26300.000000 3.496699 204.341784 1.364433 -0.014210
26320.000000 3.496027 204.339576 1.369982 -0.003886
26340.000000 3.496105 204.339913 1.375398 0.006426
26360.000000 3.496930 204.342792 1.380679 0.016721
26380.000000 3.498499 204.348205 1.385823 0.026996
26400.000000 3.500808 204.356145 1.390823 0.037245
26420.000000 3.503854 204.366600 1.395667 0.047463
26440.000000 3.507633 204.379555 1.400342 0.057647
26460.000000 3.512142 204.394993 1.404832 0.067792
26480.000000 3.517375 204.412894 1.409117 0.077893
26500.000000 3.523328 204.433238 1.413173 0.087947
26520.000000 3.529997 204.455998 1.416975 0.097948
26540.000000 3.537375 204.481148 1.420493 0.107894
26560.000000 3.545459 204.508660 1.423697 0.117779
26580.000000 3.554241 204.538500 1.426551 0.127599
26600.000000 3.563716 204.570637 1.429019 0.137350
26620.000000 3.573877 204.605034 1.431060 0.147029
26640.000000 3.584717 204.641653 1.432632 0.156631
26660.000000 3.596228 204.680455 1.433690 0.166152
26680.000000 3.608403 204.721399 1.434186 0.175588
26700.000000 3.621233 204.764441 1.434071 0.184934
26720.000000 3.634708 204.809538 1.433292 0.194188
26740.000000 3.648819 204.856642 1.431793 0.203345
26760.000000 3.663554 204.905706 1.429518 0.212401
26780.000000 3.678902 204.956681 1.426407 0.221352
26800.000000 3.694849 205.009516 1.422400 0.230194
26820.000000 3.711382 205.064161 1.417431 0.238922
26840.000000 3.728484 205.120564 1.411437 0.247532
26860.000000 3.746139 205.178670 1.404349 0.256021
26880.000000 3.764326 205.238425 1.396099 0.264382
26900.000000 3.783023 205.299774 1.386617 0.272612
26920.000000 3.802206 205.362661 1.375832 0.280705
26940.000000 3.821846 205.427031 1.363671 0.288654
26960.000000 3.841913 205.492824 1.350062 0.296455
26980.000000 3.862368 205.559985 1.334934 0.304101
27000.000000 3.883172 205.628455 1.318215 0.311584
27020.000000 3.904276 205.698174 1.299834 0.318896
27040.000000 3.925627 205.769085 1.279724 0.326028
27060.000000 3.947163 205.841128 1.257818 0.332972
27080.000000 3.968816 205.914244 1.234056 0.339715
27100.000000 3.990507 205.988372 1.208380 0.346246
27120.000000 4.012150 206.063454 1.180738 0.352553
27140.000000 4.033648 206.139429 1.151086 0.358621
27160.000000 4.054894 206.216237 1.119387 0.364436
27180.000000 4.075772 206.293818 1.085614 0.369980
27200.000000 4.096156 206.372112 1.049748 0.375237
27220.000000 4.115915 206.451060 1.011786 0.380189
27240.000000 4.134907 206.530601 0.971733 0.384817
27260.000000 4.152987 206.610676 0.929613 0.389102
27280.000000 4.170009 206.691225 0.885463 0.393027
27300.000000 4.185825 206.772191 0.839338 0.396574
27320.000000 4.200292 206.853514 0.791310 0.399726
27340.000000 4.213272 206.935138 0.741472 0.402469
27360.000000 4.224638 207.017006 0.689937 0.404791
27380.000000 4.234274 207.099063 0.636839 0.406682
27400.000000 4.242081 207.181256 0.582331 0.408136
27420.000000 4.247976 207.263534 0.526591 0.409149
27440.000000 4.251899 207.345847 0.469812 0.409719
27460.000000 4.253807 207.428149 0.412207 0.409850
27480.000000 4.253679 207.510393 0.354005 0.409545
27500.000000 4.251518 207.592535 0.295443 0.408809
27520.000000 4.247345 207.674535 0.236768 0.407649
27540.000000 4.241203 207.756349 0.178229 0.406073
27560.000000 4.233153 207.837938 0.120072 0.404089
27580.000000 4.223276 207.919260 0.062536 0.401705
27600.000000 4.211666 208.000273 0.005850 0.398932
27620.000000 4.198434 208.080934 -0.049773 0.395777
27640.000000 4.183702 208.161199 -0.104138 0.392252
27660.000000 4.167604 208.241021 -0.157071 0.388366
27680.000000 4.150281 208.320353 -0.208422 0.384134
27700.000000 4.131878 208.399145 -0.258060 0.379567
27720.000000 4.112544 208.477346 -0.305880 0.374681
27740.000000 4.092430 208.554903 -0.351800 0.369492
27760.000000 4.071683 208.631762 -0.395755 0.364016
27780.000000 4.050447 208.707869 -0.437704 0.358270
27800.000000 4.028857 208.783168 -0.477623 0.352273
27820.000000 4.007043 208.857603 -0.515504 0.346041
27840.000000 3.985124 208.931120 -0.551352 0.339593
27860.000000 3.963212 209.003663 -0.585188 0.332946
27880.000000 3.941403 209.075177 -0.617041 0.326116
27900.000000 3.919787 209.145609 -0.646950 0.319119
27920.000000 3.898441 209.214905 -0.674962 0.311969
27940.000000 3.877433 209.283013 -0.701129 0.304680
27960.000000 3.856820 209.349881 -0.725510 0.297263
27980.000000 3.836651 209.415461 -0.748165 0.289732
28000.000000 3.816965 209.479704 -0.769159 0.282094
28020.000000 3.797796 209.542561 -0.788556 0.274361
28040.000000 3.779171 209.603988 -0.806424 0.266540
28060.000000 3.761110 209.663939 -0.822827 0.258637
28080.000000 3.743629 209.722372 -0.837834 0.250660
28100.000000 3.726740 209.779244 -0.851509 0.242615
28120.000000 3.710451 209.834515 -0.863917 0.234505
28140.000000 3.694767 209.888144 -0.875119 0.226335
28160.000000 3.679692 209.940095 -0.885178 0.218110
28180.000000 3.665227 209.990331 -0.894151 0.209831
28200.000000 3.651372 210.038815 -0.902097 0.201502
28220.000000 3.638125 210.085513 -0.909070 0.193125
28240.000000 3.625485 210.130392 -0.915123 0.184701
28260.000000 3.613449 210.173420 -0.920306 0.176234
28280.000000 3.602014 210.214565 -0.924667 0.167723
28300.000000 3.591178 210.253798 -0.928251 0.159171
28320.000000 3.580938 210.291090 -0.931104 0.150578
28340.000000 3.571291 210.326412 -0.933264 0.141946
28360.000000 3.562234 210.359739 -0.934772 0.133276
28380.000000 3.553766 210.391045 -0.935665 0.124568
28400.000000 3.545884 210.420304 -0.935975 0.115823
28420.000000 3.538587 210.447495 -0.935737 0.107041
28440.000000 3.531874 210.472595 -0.934978 0.098225
28460.000000 3.525745 210.495582 -0.933728 0.089374
28480.000000 3.520199 210.516437 -0.932011 0.080490
28500.000000 3.515237 210.535142 -0.929851 0.071573
28520.000000 3.510859 210.551679 -0.927268 0.062624
28540.000000 3.507066 210.566032 -0.924281 0.053645
28560.000000 3.503860 210.578187 -0.920907 0.044636
28580.000000 3.501244 210.588130 -0.917158 0.035599
28600.000000 3.499220 210.595849 -0.913047 0.026534
28620.000000 3.497789 210.601335 -0.908582 0.017444
28640.000000 3.496957 210.604578 -0.903771 0.008329
28660.000000 3.496726 210.605572 -0.898616 -0.000808
28680.000000 3.497100 210.604310 -0.893121 -0.009966
28700.000000 3.498083 210.600788 -0.887283 -0.019144
28720.000000 3.499681 210.595004 -0.881099 -0.028338
28740.000000 3.501896 210.586959 -0.874561 -0.037547
28760.000000 3.504736 210.576652 -0.867661 -0.046769
28780.000000 3.508203 210.564087 -0.860387 -0.056001
28800.000000 3.512304 210.549269 -0.852722 -0.065240
28820.000000 3.517043 210.532206 -0.844648 -0.074483
28840.000000 3.522425 210.512906 -0.836143 -0.083727
28860.000000 3.528456 210.491381 -0.827184 -0.092969
28880.000000 3.535138 210.467644 -0.817740 -0.102204
28900.000000 3.542477 210.441711 -0.807782 -0.111429
28920.000000 3.550475 210.413598 -0.797275 -0.120638
28940.000000 3.559135 210.383328 -0.786179 -0.129828
28960.000000 3.568458 210.350922 -0.774453 -0.138992
28980.000000 3.578445 210.316405 -0.762053 -0.148125
29000.000000 3.589092 210.279805 -0.748930 -0.157221
29020.000000 3.600398 210.241152 -0.735033 -0.166272
29040.000000 3.612356 210.200479 -0.720306 -0.175271
29060.000000 3.624957 210.157821 -0.704691 -0.184210
29080.000000 3.638190 210.113217 -0.688129 -0.193079
29100.000000 3.652039 210.066707 -0.670556 -0.201870
29120.000000 3.666483 210.018334 -0.651908 -0.210571
29140.000000 3.681499 209.968146 -0.632118 -0.219172
29160.000000 3.697054 209.916191 -0.611118 -0.227659
29180.000000 3.713112 209.862521 -0.588841 -0.236021
29200.000000 3.729630 209.807190 -0.565221 -0.244242
29220.000000 3.746555 209.750255 -0.540193 -0.252307
29240.000000 3.763827 209.691776 -0.513693 -0.260201
29260.000000 3.781377 209.631814 -0.485665 -0.267906
29280.000000 3.799127 209.570433 -0.456057 -0.275405
29300.000000 3.816988 209.507700 -0.424823 -0.282677
29320.000000 3.834862 209.443682 -0.391927 -0.289704
29340.000000 3.852641 209.378447 -0.357346 -0.296466
29360.000000 3.870208 209.312068 -0.321067 -0.302941
29380.000000 3.887438 209.244615 -0.283094 -0.309108
29400.000000 3.904196 209.176161 -0.243446 -0.314946
29420.000000 3.920345 209.106779 -0.202160 -0.320434
29440.000000 3.935740 209.036542 -0.159296 -0.325551
29460.000000 3.950237 208.965524 -0.114932 -0.330277
29480.000000 3.963692 208.893798 -0.069168 -0.334593
29500.000000 3.975964 208.821436 -0.022127 -0.338479
29520.000000 3.986919 208.748511 0.026047 -0.341919
29540.000000 3.996432 208.675095 0.075192 -0.344897
29560.000000 4.004392 208.601260 0.125124 -0.347398
29580.000000 4.010702 208.527077 0.175647 -0.349408
29600.000000 4.015283 208.452618 0.226549 -0.350917
29620.000000 4.018076 208.377954 0.277613 -0.351915
29640.000000 4.019043 208.303159 0.328614 -0.352394
29660.000000 4.018171 208.228304 0.379329 -0.352350
29680.000000 4.015467 208.153465 0.429538 -0.351778
29700.000000 4.010962 208.078717 0.479030 -0.350679
29720.000000 4.004712 208.004137 0.527605 -0.349056
29740.000000 3.996790 207.929803 0.575079 -0.346914
29760.000000 3.987289 207.855795 0.621286 -0.344260
29780.000000 3.976318 207.782194 0.666080 -0.341106
29800.000000 3.964000 207.709081 0.709338 -0.337465
29820.000000 3.950467 207.636540 0.750955 -0.333353
29840.000000 3.935858 207.564655 0.790853 -0.328787
29860.000000 3.920317 207.493509 0.828974 -0.323787
29880.000000 3.903989 207.423187 0.865279 -0.318372
29900.000000 3.887015 207.353773 0.899751 -0.312563
29920.000000 3.869534 207.285352 0.932391 -0.306382
29940.000000 3.851681 207.218005 0.963213 -0.299849
29960.000000 3.833581 207.151816 0.992250 -0.292986
29980.000000 3.815351 207.086866 1.019544 -0.285814
30000.000000 3.797103 207.023235 1.045149 -0.278352
30020.000000 3.778935 206.961002 1.069127 -0.270620
30040.000000 3.760939 206.900244 1.091547 -0.262637
30060.000000 3.743198 206.841036 1.112484 -0.254420
30080.000000 3.725784 206.783451 1.132017 -0.245986
30100.000000 3.708764 206.727560 1.150226 -0.237352
30120.000000 3.692195 206.673431 1.167194 -0.228533
30140.000000 3.676128 206.621131 1.183003 -0.219543
30160.000000 3.660607 206.570723 1.197735 -0.210396
30180.000000 3.645670 206.522268 1.211471 -0.201105
30200.000000 3.631349 206.475824 1.224289 -0.191681
30220.000000 3.617673 206.431446 1.236264 -0.182138
30240.000000 3.604665 206.389186 1.247471 -0.172484
30260.000000 3.592346 206.349095 1.257978 -0.162732
30280.000000 3.580732 206.311217 1.267851 -0.152889
30300.000000 3.569836 206.275597 1.277153 -0.142965
30320.000000 3.559670 206.242275 1.285940 -0.132969
30340.000000 3.550243 206.211289 1.294268 -0.122910
30360.000000 3.541560 206.182672 1.302184 -0.112793
30380.000000 3.533629 206.156456 1.309737 -0.102628
30400.000000 3.526452 206.132668 1.316965 -0.092421
30420.000000 3.520032 206.111334 1.323906 -0.082178
30440.000000 3.514371 206.092476 1.330594 -0.071905
30460.000000 3.509470 206.076113 1.337057 -0.061610
30480.000000 3.505328 206.062260 1.343320 -0.051297
30500.000000 3.501945 206.050931 1.349403 -0.040972
30520.000000 3.499319 206.042135 1.355323 -0.030641
30540.000000 3.497449 206.035879 1.361093 -0.020309
30560.000000 3.496333 206.032168 1.366722 -0.009981
30580.000000 3.495969 206.031003 1.372216 0.000339
30600.000000 3.496353 206.032381 1.377577 0.010645
30620.000000 3.497483 206.036299 1.382803 0.020932
30640.000000 3.499355 206.042749 1.387889 0.031197
30660.000000 3.501967 206.051720 1.392826 0.041434
30680.000000 3.505314 206.063200 1.397603 0.051638
30700.000000 3.509392 206.077175 1.402205 0.061807
30720.000000 3.514198 206.093624 1.406613 0.071934
30740.000000 3.519726 206.112528 1.410807 0.082017
30760.000000 3.525973 206.133865 1.414762 0.092050
30780.000000 3.532933 206.157607 1.418452 0.102029
30800.000000 3.540601 206.183728 1.421845 0.111950
30820.000000 3.548971 206.212197 1.424910 0.121809
30840.000000 3.558038 206.242983 1.427611 0.131601
30860.000000 3.567795 206.276049 1.429909 0.141323
30880.000000 3.578235 206.311361 1.431763 0.150971
30900.000000 3.589351 206.348879 1.433130 0.160540
30920.000000 3.601135 206.388564 1.433964 0.170027
30940.000000 3.613579 206.430372 1.434216 0.179427
30960.000000 3.626675 206.474261 1.433835 0.188736
30980.000000 3.640411 206.520186 1.432768 0.197951
31000.000000 3.654779 206.568098 1.430958 0.207067
31020.000000 3.669767 206.617951 1.428349 0.216080
31040.000000 3.685362 206.669694 1.424878 0.224987
31060.000000 3.701551 206.723277 1.420485 0.233782
31080.000000 3.718319 206.778648 1.415104 0.242463
31100.000000 3.735649 206.835755 1.408670 0.251024
31120.000000 3.753524 206.894543 1.401115 0.259461
31140.000000 3.771923 206.954957 1.392369 0.267769
31160.000000 3.790822 207.016943 1.382362 0.275943
31180.000000 3.810196 207.080445 1.371021 0.283978
31200.000000 3.830015 207.145404 1.358277 0.291868
31220.000000 3.850246 207.211765 1.344054 0.299606
31240.000000 3.870849 207.279469 1.328283 0.307186
31260.000000 3.891782 207.348457 1.310892 0.314600
31280.000000 3.912994 207.418672 1.291811 0.321839
31300.000000 3.934428 207.490054 1.270973 0.328895
31320.000000 3.956021 207.562543 1.248314 0.335758
31340.000000 3.977700 207.636081 1.223775 0.342416
31360.000000 3.999382 207.710607 1.197299 0.348857
31380.000000 4.020978 207.786061 1.168839 0.355068
31400.000000 4.042386 207.862385 1.138353 0.361034
31420.000000 4.063496 207.939517 1.105807 0.366740
31440.000000 4.084187 208.017397 1.071178 0.372169
31460.000000 4.104332 208.095966 1.034454 0.377303
31480.000000 4.123794 208.175164 0.995634 0.382124
31500.000000 4.142430 208.254931 0.954731 0.386614
31520.000000 4.160095 208.335208 0.911774 0.390755
31540.000000 4.176641 208.415935 0.866807 0.394527
31560.000000 4.191921 208.497054 0.819893 0.397914
31580.000000 4.205796 208.578507 0.771112 0.400900
31600.000000 4.218129 208.660237 0.720564 0.403472
31620.000000 4.228799 208.742189 0.668371 0.405618
31640.000000 4.237697 208.824308 0.614676 0.407331
31660.000000 4.244730 208.906542 0.559641 0.408604
31680.000000 4.249824 208.988841 0.503450 0.409436
31700.000000 4.252926 209.071155 0.446307 0.409826
31720.000000 4.254001 209.153438 0.388429 0.409778
31740.000000 4.253039 209.235646 0.330050 0.409295
31760.000000 4.250050 209.317735 0.271412 0.408384
31780.000000 4.245065 209.399663 0.212762 0.407053
31800.000000 4.238133 209.481390 0.154350 0.405309
31820.000000 4.229324 209.562875 0.096419 0.403160
31840.000000 4.218724 209.644075 0.039205 0.400616
31860.000000 4.206436 209.724949 -0.017070 0.397685
31880.000000 4.192574 209.805453 -0.072201 0.394377
31900.000000 4.177267 209.885543 -0.125999 0.390703
31920.000000 4.160649 209.965170 -0.178301 0.386674
31940.000000 4.142866 210.044287 -0.228965 0.382303
31960.000000 4.124064 210.122844 -0.277870 0.377604
31980.000000 4.104393 210.200787 -0.324921 0.372592
