0.000000 3.989664 196.004467 0.625860 0.559363
20.000000 4.004528 196.124857 0.566791 0.561376
40.000000 4.016004 196.245180 0.505295 0.562875
60.000000 4.023916 196.365435 0.441801 0.563854
80.000000 4.028142 196.485625 0.376781 0.564310
100.000000 4.028614 196.605758 0.310744 0.564244
120.000000 4.025327 196.725843 0.244223 0.563660
140.000000 4.018332 196.845892 0.177763 0.562566
160.000000 4.007740 196.965915 0.111907 0.560972
180.000000 3.993715 197.085923 0.047181 0.558890
200.000000 3.976470 197.205922 -0.015917 0.556335
220.000000 3.956257 197.325914 -0.076931 0.553323
240.000000 3.933363 197.445895 -0.135453 0.549873
260.000000 3.908096 197.565856 -0.191129 0.546006
280.000000 3.880777 197.685780 -0.243664 0.541744
300.000000 3.851734 197.805643 -0.292823 0.537110
320.000000 3.821288 197.925416 -0.338425 0.532130
340.000000 3.789746 198.045060 -0.380346 0.526828
360.000000 3.757400 198.164532 -0.418510 0.521228
380.000000 3.724516 198.283782 -0.452886 0.515356
400.000000 3.691335 198.402756 -0.483481 0.509234
420.000000 3.658070 198.521395 -0.510339 0.502886
440.000000 3.624908 198.639637 -0.533528 0.496333
460.000000 3.592008 198.757415 -0.553143 0.489596
480.000000 3.559507 198.874663 -0.569295 0.482693
500.000000 3.527519 198.991312 -0.582111 0.475644
520.000000 3.496137 199.107292 -0.591728 0.468466
540.000000 3.465439 199.222535 -0.598293 0.461176
560.000000 3.435489 199.336971 -0.601956 0.453789
580.000000 3.406337 199.450534 -0.602871 0.446322
600.000000 3.378024 199.563158 -0.601193 0.438791
620.000000 3.350581 199.674780 -0.597077 0.431210
640.000000 3.324035 199.785338 -0.590677 0.423596
660.000000 3.298404 199.894776 -0.582145 0.415964
680.000000 3.273701 200.003039 -0.571628 0.408330
700.000000 3.249938 200.110079 -0.559272 0.400710
720.000000 3.227119 200.215849 -0.545218 0.393120
740.000000 3.205249 200.320309 -0.529601 0.385576
760.000000 3.184326 200.423424 -0.512553 0.378097
780.000000 3.164348 200.525165 -0.494199 0.370697
800.000000 3.145309 200.625506 -0.474659 0.363395
820.000000 3.127202 200.724430 -0.454046 0.356208
840.000000 3.110018 200.821925 -0.432470 0.349152
860.000000 3.093744 200.917986 -0.410032 0.342246
880.000000 3.078368 201.012613 -0.386826 0.335504
900.000000 3.063873 201.105814 -0.362941 0.328945
920.000000 3.050244 201.197603 -0.338460 0.322583
940.000000 3.037462 201.288000 -0.313458 0.316434
960.000000 3.025508 201.377033 -0.288004 0.310513
980.000000 3.014364 201.464734 -0.262161 0.304835
1000.000000 3.004008 201.551143 -0.235985 0.299413
1020.000000 2.994420 201.636304 -0.209527 0.294260
1040.000000 2.985580 201.720268 -0.182832 0.289389
1060.000000 2.977467 201.803092 -0.155938 0.284809
1080.000000 2.970061 201.884836 -0.128879 0.280533
1100.000000 2.963343 201.965567 -0.101684 0.276570
1120.000000 2.957295 202.045354 -0.074376 0.272929
1140.000000 2.951899 202.124272 -0.046975 0.269618
1160.000000 2.947139 202.202398 -0.019496 0.266645
1180.000000 2.943001 202.279815 0.008049 0.264017
1200.000000 2.939472 202.356607 0.035651 0.261740
1220.000000 2.936541 202.432862 0.063305 0.259820
1240.000000 2.934198 202.508668 0.091009 0.258261
1260.000000 2.932437 202.584117 0.118761 0.257067
1280.000000 2.931253 202.659304 0.146563 0.256243
1300.000000 2.930643 202.734322 0.174418 0.255791
1320.000000 2.930607 202.809267 0.202328 0.255714
1340.000000 2.931147 202.884237 0.230299 0.256013
1360.000000 2.932267 202.959326 0.258334 0.256689
1380.000000 2.933974 203.034632 0.286438 0.257744
1400.000000 2.936278 203.110252 0.314616 0.259176
1420.000000 2.939190 203.186280 0.342868 0.260986
1440.000000 2.942724 203.262811 0.371198 0.263172
1460.000000 2.946897 203.339937 0.399603 0.265731
1480.000000 2.951727 203.417750 0.428082 0.268661
1500.000000 2.957236 203.496339 0.456628 0.271959
1520.000000 2.963446 203.575788 0.485232 0.275618
1540.000000 2.970381 203.656181 0.513882 0.279634
1560.000000 2.978068 203.737596 0.542560 0.284001
1580.000000 2.986535 203.820108 0.571244 0.288710
1600.000000 2.995811 203.903788 0.599907 0.293754
1620.000000 3.005925 203.988702 0.628517 0.299121
1640.000000 3.016907 204.074908 0.657034 0.304802
1660.000000 3.028789 204.162461 0.685412 0.310785
1680.000000 3.041600 204.251410 0.713600 0.317054
1700.000000 3.055369 204.341794 0.741536 0.323598
1720.000000 3.070124 204.433649 0.769153 0.330398
1740.000000 3.085893 204.527001 0.796375 0.337438
1760.000000 3.102699 204.621869 0.823116 0.344701
1780.000000 3.120564 204.718266 0.849286 0.352166
1800.000000 3.139506 204.816195 0.874780 0.359814
1820.000000 3.159540 204.915651 0.899491 0.367622
1840.000000 3.180674 205.016622 0.923298 0.375569
1860.000000 3.202914 205.119089 0.946075 0.383632
1880.000000 3.226258 205.223024 0.967686 0.391788
1900.000000 3.250700 205.328392 0.987990 0.400013
1920.000000 3.276225 205.435151 1.006834 0.408282
1940.000000 3.302813 205.543254 1.024064 0.416571
1960.000000 3.330434 205.652645 1.039515 0.424857
1980.000000 3.359050 205.763265 1.053020 0.433114
2000.000000 3.388616 205.875050 1.064405 0.441318
2020.000000 3.419074 205.987931 1.073495 0.449447
2040.000000 3.450360 206.101835 1.080113 0.457476
2060.000000 3.482394 206.216688 1.084078 0.465382
2080.000000 3.515088 206.332412 1.085212 0.473143
2100.000000 3.548338 206.448931 1.083342 0.480737
2120.000000 3.582029 206.566164 1.078296 0.488141
2140.000000 3.616026 206.684035 1.069912 0.495334
2160.000000 3.650181 206.802465 1.058036 0.502294
2180.000000 3.684326 206.921380 1.042531 0.508999
2200.000000 3.718273 207.040707 1.023274 0.515429
2220.000000 3.751814 207.160375 1.000166 0.521561
2240.000000 3.784719 207.280320 0.973131 0.527373
2260.000000 3.816737 207.400481 0.942124 0.532842
2280.000000 3.847597 207.520801 0.907136 0.537946
2300.000000 3.877012 207.641231 0.868194 0.542662
2320.000000 3.904679 207.761727 0.825370 0.546967
2340.000000 3.930291 207.882249 0.778784 0.550838
2360.000000 3.953538 208.002768 0.728604 0.554255
2380.000000 3.974121 208.123257 0.675055 0.557198
2400.000000 3.991759 208.243698 0.618412 0.559650
2420.000000 4.006198 208.364080 0.559009 0.561598
2440.000000 4.017224 208.484394 0.497231 0.563031
2460.000000 4.024668 208.604641 0.433513 0.563942
2480.000000 4.028414 208.724823 0.368333 0.564331
2500.000000 4.028402 208.844949 0.302203 0.564198
2520.000000 4.024633 208.965029 0.235660 0.563548
2540.000000 4.017168 209.085074 0.169247 0.562389
2560.000000 4.006124 209.205095 0.103508 0.560731
2580.000000 3.991672 209.325101 0.038964 0.558587
2600.000000 3.974031 209.445099 -0.023891 0.555972
2620.000000 3.953456 209.565090 -0.084606 0.552903
2640.000000 3.930239 209.685069 -0.142780 0.549398
2660.000000 3.904690 209.805026 -0.198068 0.545479
2680.000000 3.877131 209.924944 -0.250181 0.541168
2700.000000 3.847890 210.044798 -0.298891 0.536489
2720.000000 3.817286 210.164556 -0.344025 0.531466
2740.000000 3.785625 210.284180 -0.385466 0.526124
2760.000000 3.753195 210.403627 -0.423144 0.520488
2780.000000 3.720260 210.522845 -0.457032 0.514582
2800.000000 3.687057 210.641779 -0.487144 0.508430
2820.000000 3.653795 210.760370 -0.513525 0.502054
2840.000000 3.620658 210.878556 -0.536249 0.495477
2860.000000 3.587803 210.996270 -0.555412 0.488717
2880.000000 3.555362 211.113444 -0.571127 0.481794
2900.000000 3.523446 211.230011 -0.583524 0.474728
2920.000000 3.492148 211.345901 -0.592741 0.467534
2940.000000 3.461544 211.461044 -0.598924 0.460230
2960.000000 3.431694 211.575372 -0.602225 0.452833
2980.000000 3.402647 211.688817 -0.602797 0.445357
3000.000000 3.374445 211.801316 -0.600797 0.437818
3020.000000 3.347116 211.912804 -0.596379 0.430233
3040.000000 3.320687 212.023221 -0.589696 0.422615
3060.000000 3.295174 212.132511 -0.580900 0.414982
3080.000000 3.270592 212.240619 -0.570139 0.407349
3100.000000 3.246950 212.347498 -0.557557 0.399732
3120.000000 3.224253 212.453102 -0.543294 0.392147
3140.000000 3.202504 212.557391 -0.527486 0.384610
3160.000000 3.181703 212.660331 -0.510263 0.377140
3180.000000 3.161846 212.761893 -0.491749 0.369752
3200.000000 3.142928 212.862052 -0.472065 0.362464
3220.000000 3.124941 212.960793 -0.451323 0.355293
3240.000000 3.107874 213.058104 -0.429630 0.348255
3260.000000 3.091717 213.153980 -0.407088 0.341369
3280.000000 3.076454 213.248423 -0.383790 0.334650
3300.000000 3.062072 213.341442 -0.359824 0.328115
3320.000000 3.048552 213.433051 -0.335272 0.321780
3340.000000 3.035878 213.523271 -0.310208 0.315659
3360.000000 3.024030 213.612130 -0.284700 0.309769
3380.000000 3.012988 213.699663 -0.258812 0.304123
3400.000000 3.002732 213.785908 -0.232597 0.298735
3420.000000 2.993242 213.870912 -0.206106 0.293618
3440.000000 2.984496 213.954727 -0.179383 0.288783
3460.000000 2.976475 214.037408 -0.152466 0.284242
3480.000000 2.969159 214.119018 -0.125388 0.280006
3500.000000 2.962528 214.199624 -0.098177 0.276083
3520.000000 2.956565 214.279294 -0.070856 0.272484
3540.000000 2.951251 214.358106 -0.043444 0.269216
3560.000000 2.946572 214.436137 -0.015956 0.266288
3580.000000 2.942513 214.513469 0.011596 0.263704
3600.000000 2.939061 214.590187 0.039205 0.261473
3620.000000 2.936206 214.666378 0.066866 0.259599
3640.000000 2.933939 214.742133 0.094576 0.258087
3660.000000 2.932253 214.817544 0.122334 0.256941
3680.000000 2.931143 214.892703 0.150143 0.256164
3700.000000 2.930606 214.967707 0.178004 0.255760
3720.000000 2.930644 215.042650 0.205922 0.255731
3740.000000 2.931258 215.117629 0.233901 0.256078
3760.000000 2.932454 215.192741 0.261945 0.256804
3780.000000 2.934237 215.268082 0.290058 0.257907
3800.000000 2.936618 215.343749 0.318245 0.259388
3820.000000 2.939609 215.419836 0.346508 0.261246
3840.000000 2.943225 215.496438 0.374847 0.263480
3860.000000 2.947481 215.573648 0.403263 0.266087
3880.000000 2.952397 215.651556 0.431750 0.269065
3900.000000 2.957995 215.730251 0.460304 0.272409
3920.000000 2.964296 215.809817 0.488915 0.276115
3940.000000 2.971327 215.890337 0.517570 0.280177
3960.000000 2.979113 215.971889 0.546249 0.284588
3980.000000 2.987682 216.054548 0.574932 0.289340
4000.000000 2.997064 216.138383 0.603591 0.294426
4020.000000 3.007288 216.223459 0.632191 0.299835
4040.000000 3.018385 216.309836 0.660693 0.305555
4060.000000 3.030384 216.397566 0.689050 0.311575
4080.000000 3.043316 216.486697 0.717208 0.317881
4100.000000 3.057211 216.577269 0.745108 0.324458
4120.000000 3.072095 216.669315 0.772678 0.331290
4140.000000 3.087996 216.762861 0.799843 0.338361
4160.000000 3.104937 216.857926 0.826517 0.345650
4180.000000 3.122940 216.954519 0.852605 0.353140
4200.000000 3.142022 217.052645 0.878005 0.360809
4220.000000 3.162196 217.152296 0.902606 0.368637
4240.000000 3.183472 217.253461 0.926288 0.376600
4260.000000 3.205855 217.356119 0.948923 0.384677
4280.000000 3.229341 217.460240 0.970374 0.392843
4300.000000 3.253923 217.565790 0.990499 0.401074
4320.000000 3.279586 217.672725 1.009145 0.409348
4340.000000 3.306308 217.780996 1.026155 0.417638
4360.000000 3.334059 217.890549 1.041365 0.425921
4380.000000 3.362801 218.001323 1.054607 0.434172
4400.000000 3.392485 218.113252 1.065707 0.442369
4420.000000 3.423054 218.226268 1.074489 0.450486
4440.000000 3.454440 218.340299 1.080775 0.458500
4460.000000 3.486565 218.455268 1.084386 0.466389
4480.000000 3.519336 218.571099 1.085144 0.474130
4500.000000 3.552650 218.687714 1.082874 0.481700
4520.000000 3.586387 218.805034 1.077408 0.489078
4540.000000 3.620414 218.922981 1.068583 0.496242
4560.000000 3.654577 219.041478 1.056248 0.503171
4580.000000 3.688708 219.160450 1.040267 0.509842
4600.000000 3.722615 219.279824 1.020520 0.516235
4620.000000 3.756087 219.399532 0.996910 0.522327
4640.000000 3.788893 219.519508 0.969366 0.528096
4660.000000 3.820777 219.639692 0.937847 0.533520
4680.000000 3.851468 219.760029 0.902347 0.538575
4700.000000 3.880675 219.880470 0.862901 0.543239
4720.000000 3.908095 220.000971 0.819586 0.547490
4740.000000 3.933420 220.121495 0.772527 0.551304
4760.000000 3.956341 220.242011 0.721900 0.554661
4780.000000 3.976560 220.362495 0.667936 0.557541
4800.000000 3.993800 220.482929 0.610918 0.559929
4820.000000 4.007812 220.603302 0.551187 0.561811
4840.000000 4.018385 220.723607 0.489134 0.563177
4860.000000 4.025359 220.843845 0.425200 0.564022
4880.000000 4.028623 220.964020 0.359869 0.564343
4900.000000 4.028127 221.084140 0.293656 0.564143
4920.000000 4.023878 221.204214 0.227099 0.563427
4940.000000 4.015945 221.324255 0.160743 0.562203
4960.000000 4.004452 221.444274 0.095128 0.560482
4980.000000 3.989577 221.564279 0.030774 0.558277
5000.000000 3.971543 221.684276 -0.031830 0.555603
5020.000000 3.950612 221.804266 -0.092239 0.552476
5040.000000 3.927077 221.924243 -0.150060 0.548917
5060.000000 3.901251 222.044196 -0.204954 0.544946
5080.000000 3.873458 222.164107 -0.256641 0.540586
5100.000000 3.844023 222.283951 -0.304900 0.535861
5120.000000 3.813266 222.403694 -0.349565 0.530796
5140.000000 3.781491 222.523298 -0.390525 0.525415
5160.000000 3.748982 222.642718 -0.427715 0.519743
5180.000000 3.715999 222.761903 -0.461116 0.513804
5200.000000 3.682777 222.880796 -0.490745 0.507622
5220.000000 3.649522 222.999339 -0.516651 0.501219
5240.000000 3.616413 223.117467 -0.538911 0.494617
5260.000000 3.583604 223.235116 -0.557624 0.487835
5280.000000 3.551225 223.352216 -0.572905 0.480893
5300.000000 3.519384 223.468700 -0.584885 0.473809
5320.000000 3.488172 223.584497 -0.593703 0.466601
5340.000000 3.457661 223.699539 -0.599507 0.459284
5360.000000 3.427912 223.813757 -0.602448 0.451875
5380.000000 3.398972 223.927085 -0.602681 0.444390
5400.000000 3.370880 224.039457 -0.600361 0.436845
5420.000000 3.343666 224.150810 -0.595643 0.429254
5440.000000 3.317353 224.261086 -0.588680 0.421634
5460.000000 3.291960 224.370226 -0.579623 0.414000
5480.000000 3.267498 224.478180 -0.568619 0.406368
5500.000000 3.243977 224.584897 -0.555813 0.398754
5520.000000 3.221403 224.690333 -0.541344 0.391174
5540.000000 3.199776 224.794451 -0.525347 0.383646
5560.000000 3.179096 224.897215 -0.507951 0.376185
5580.000000 3.159360 224.998597 -0.489281 0.368809
5600.000000 3.140562 225.098576 -0.469454 0.361535
5620.000000 3.122694 225.197133 -0.448584 0.354380
5640.000000 3.105745 225.294259 -0.426776 0.347361
5660.000000 3.089704 225.389951 -0.404132 0.340495
5680.000000 3.074555 225.484210 -0.380743 0.333799
5700.000000 3.060285 225.577046 -0.356697 0.327288
5720.000000 3.046875 225.668475 -0.332075 0.320980
5740.000000 3.034308 225.758519 -0.306950 0.314889
5760.000000 3.022565 225.847205 -0.281391 0.309029
5780.000000 3.011625 225.934570 -0.255457 0.303416
5800.000000 3.001469 226.020653 -0.229204 0.298062
5820.000000 2.992075 226.105501 -0.202681 0.292980
5840.000000 2.983424 226.189167 -0.175931 0.288182
5860.000000 2.975495 226.271707 -0.148992 0.283680
5880.000000 2.968268 226.353184 -0.121895 0.279483
5900.000000 2.961724 226.433665 -0.094668 0.275602
5920.000000 2.955845 226.513221 -0.067335 0.272045
5940.000000 2.950614 226.591928 -0.039913 0.268821
5960.000000 2.946016 226.669864 -0.012416 0.265936
5980.000000 2.942035 226.747112 0.015144 0.263398
6000.000000 2.938661 226.823757 0.042760 0.261212
6020.000000 2.935882 226.899887 0.070428 0.259384
6040.000000 2.933690 226.975593 0.098144 0.257919
6060.000000 2.932078 227.050966 0.125908 0.256820
6080.000000 2.931041 227.126100 0.153724 0.256091
6100.000000 2.930579 227.201090 0.181592 0.255735
6120.000000 2.930691 227.276033 0.209517 0.255755
6140.000000 2.931379 227.351024 0.237504 0.256151
6160.000000 2.932650 227.426159 0.265557 0.256924
6180.000000 2.934510 227.501537 0.293680 0.258076
6200.000000 2.936968 227.577253 0.321876 0.259606
6220.000000 2.940039 227.653401 0.350149 0.261513
6240.000000 2.943736 227.730077 0.378498 0.263795
6260.000000 2.948076 227.807371 0.406923 0.266450
6280.000000 2.953079 227.885375 0.435420 0.269475
6300.000000 2.958765 227.964177 0.463982 0.272866
6320.000000 2.965159 228.043861 0.492599 0.276617
6340.000000 2.972286 228.124510 0.521258 0.280725
6360.000000 2.980171 228.206200 0.549939 0.285180
6380.000000 2.988843 228.289006 0.578621 0.289976
6400.000000 2.998331 228.372998 0.607274 0.295104
6420.000000 3.008666 228.458238 0.635863 0.300553
6440.000000 3.019877 228.544786 0.664349 0.306313
6460.000000 3.031995 228.632694 0.692684 0.312371
6480.000000 3.045049 228.722008 0.720813 0.318712
6500.000000 3.059069 228.812768 0.748674 0.325323
6520.000000 3.074083 228.905005 0.776197 0.332187
6540.000000 3.090116 228.998746 0.803303 0.339286
6560.000000 3.107193 229.094007 0.829907 0.346603
6580.000000 3.125334 229.190798 0.855913 0.354117
6600.000000 3.144555 229.289120 0.881217 0.361808
6620.000000 3.164871 229.388967 0.905706 0.369654
6640.000000 3.186289 229.490326 0.929261 0.377633
6660.000000 3.208814 229.593173 0.951751 0.385723
6680.000000 3.232441 229.697480 0.973040 0.393898
6700.000000 3.257164 229.803210 0.992983 0.402137
6720.000000 3.282964 229.910320 1.011428 0.410413
6740.000000 3.309821 230.018760 1.028215 0.418704
6760.000000 3.337702 230.128473 1.043182 0.426984
6780.000000 3.366567 230.239399 1.056158 0.435230
6800.000000 3.396368 230.351472 1.066970 0.443418
6820.000000 3.427047 230.464623 1.075441 0.451523
6840.000000 3.458533 230.578779 1.081393 0.459522
6860.000000 3.490746 230.693863 1.084647 0.467393
6880.000000 3.523593 230.809800 1.085025 0.475114
6900.000000 3.556968 230.926510 1.082354 0.482660
6920.000000 3.590751 231.043915 1.076464 0.490012
6940.000000 3.624804 231.161937 1.067196 0.497147
6960.000000 3.658973 231.280499 1.054399 0.504044
6980.000000 3.693086 231.399526 1.037940 0.510681
7000.000000 3.726949 231.518947 1.017701 0.517036
7020.000000 3.760349 231.638693 0.993588 0.523087
7040.000000 3.793051 231.758699 0.965535 0.528813
7060.000000 3.824798 231.878906 0.933503 0.534191
7080.000000 3.855314 231.999259 0.897493 0.539197
7100.000000 3.884309 232.119710 0.857544 0.543810
7120.000000 3.911477 232.240216 0.813739 0.548005
7140.000000 3.936509 232.360740 0.766210 0.551762
7160.000000 3.959099 232.481253 0.715140 0.555058
7180.000000 3.978950 232.601732 0.660766 0.557877
7200.000000 3.995788 232.722159 0.603380 0.560200
7220.000000 4.009368 232.842523 0.543327 0.562016
7240.000000 4.019487 232.962820 0.481006 0.563315
7260.000000 4.025988 233.083049 0.416865 0.564092
7280.000000 4.028770 233.203217 0.351390 0.564346
7300.000000 4.027790 233.323330 0.285103 0.564080
7320.000000 4.023062 233.443399 0.218541 0.563298
7340.000000 4.014663 233.563437 0.152250 0.562010
7360.000000 4.002724 233.683453 0.086769 0.560226
7380.000000 3.987429 233.803457 0.022614 0.557959
7400.000000 3.969007 233.923453 -0.039732 0.555225
7420.000000 3.947724 234.043442 -0.099829 0.552042
7440.000000 3.923877 234.163417 -0.157291 0.548429
7460.000000 3.897779 234.283366 -0.211787 0.544407
7480.000000 3.869757 234.403270 -0.263044 0.539999
7500.000000 3.840135 234.523102 -0.310849 0.535228
7520.000000 3.809230 234.642830 -0.355043 0.530121
7540.000000 3.777345 234.762413 -0.395520 0.524701
7560.000000 3.744761 234.881805 -0.432224 0.518993
7580.000000 3.711735 235.000956 -0.465138 0.513022
7600.000000 3.678498 235.119808 -0.494285 0.506810
7620.000000 3.645252 235.238301 -0.519717 0.500381
7640.000000 3.612173 235.356371 -0.541515 0.493754
7660.000000 3.579413 235.473953 -0.559779 0.486951
7680.000000 3.547097 235.590978 -0.574628 0.479990
7700.000000 3.515333 235.707377 -0.586193 0.472889
7720.000000 3.484206 235.823081 -0.594615 0.465665
7740.000000 3.453790 235.938021 -0.600042 0.458336
7760.000000 3.424143 236.052128 -0.602627 0.450916
7780.000000 3.395310 236.165337 -0.602522 0.443423
7800.000000 3.367330 236.277581 -0.599885 0.435871
7820.000000 3.340230 236.388799 -0.594870 0.428276
7840.000000 3.314035 236.498932 -0.587629 0.420653
7860.000000 3.288761 236.607922 -0.578314 0.413018
7880.000000 3.264420 236.715719 -0.567070 0.405387
7900.000000 3.241021 236.822274 -0.554043 0.397777
7920.000000 3.218568 236.927543 -0.539370 0.390203
7940.000000 3.197063 237.031488 -0.523185 0.382682
7960.000000 3.176505 237.134076 -0.505618 0.375231
7980.000000 3.156890 237.235279 -0.486793 0.367867
8000.000000 3.138212 237.335075 -0.466826 0.360607
8020.000000 3.120463 237.433449 -0.445829 0.353469
8040.000000 3.103631 237.530391 -0.423909 0.346469
8060.000000 3.087705 237.625898 -0.401163 0.339624
8080.000000 3.072671 237.719974 -0.377685 0.332951
8100.000000 3.058512 237.812628 -0.353561 0.326465
8120.000000 3.045212 237.903877 -0.328870 0.320184
8140.000000 3.032752 237.993744 -0.303686 0.314122
8160.000000 3.021113 238.082259 -0.278075 0.308293
8180.000000 3.010275 238.169456 -0.252097 0.302712
8200.000000 3.000218 238.255378 -0.225807 0.297392
8220.000000 2.990921 238.340071 -0.199252 0.292347
8240.000000 2.982364 238.423589 -0.172476 0.287586
8260.000000 2.974526 238.505988 -0.145514 0.283123
8280.000000 2.967388 238.587333 -0.118400 0.278966
8300.000000 2.960931 238.667691 -0.091158 0.275126
8320.000000 2.955136 238.747134 -0.063812 0.271612
8340.000000 2.949988 238.825737 -0.036380 0.268430
8360.000000 2.945469 238.903580 -0.008874 0.265590
8380.000000 2.941568 238.980745 0.018693 0.263097
8400.000000 2.938270 239.057319 0.046316 0.260957
8420.000000 2.935567 239.133390 0.073990 0.259175
8440.000000 2.933450 239.209048 0.101712 0.257757
8460.000000 2.931912 239.284385 0.129483 0.256705
8480.000000 2.930950 239.359495 0.157305 0.256025
8500.000000 2.930561 239.434474 0.185181 0.255717
8520.000000 2.930747 239.509417 0.213114 0.255784
8540.000000 2.931510 239.584421 0.241109 0.256229
8560.000000 2.932856 239.659582 0.269170 0.257051
8580.000000 2.934792 239.734998 0.297303 0.258252
8600.000000 2.937329 239.810764 0.325509 0.259830
8620.000000 2.940479 239.886975 0.353791 0.261785
8640.000000 2.944258 239.963725 0.382150 0.264115
8660.000000 2.948682 240.041106 0.410584 0.266818
8680.000000 2.953771 240.119208 0.439090 0.269890
8700.000000 2.959548 240.198118 0.467660 0.273328
8720.000000 2.966034 240.277922 0.496283 0.277126
8740.000000 2.973257 240.358700 0.524946 0.281278
8760.000000 2.981241 240.440530 0.553629 0.285778
8780.000000 2.990017 240.523485 0.582309 0.290617
8800.000000 2.999613 240.607634 0.610955 0.295787
8820.000000 3.010058 240.693039 0.639534 0.301277
8840.000000 3.021384 240.779759 0.668003 0.307076
8860.000000 3.033621 240.867845 0.696315 0.313171
8880.000000 3.046798 240.957343 0.724413 0.319548
8900.000000 3.060944 241.048291 0.752235 0.326192
8920.000000 3.076088 241.140721 0.779709 0.333087
8940.000000 3.092254 241.234657 0.806756 0.340216
8960.000000 3.109466 241.330114 0.833288 0.347559
8980.000000 3.127745 241.427102 0.859209 0.355097
9000.000000 3.147107 241.525621 0.884415 0.362809
9020.000000 3.167564 241.625663 0.908791 0.370673
9040.000000 3.189125 241.727214 0.932216 0.378668
9060.000000 3.211791 241.830251 0.954560 0.386770
9080.000000 3.235560 241.934744 0.975684 0.394955
9100.000000 3.260422 242.040654 0.995443 0.403200
9120.000000 3.286360 242.147938 1.013683 0.411480
9140.000000 3.313350 242.256544 1.030246 0.419770
9160.000000 3.341360 242.366417 1.044966 0.428048
9180.000000 3.370349 242.477495 1.057674 0.436287
9200.000000 3.400267 242.589711 1.068195 0.444465
9220.000000 3.431053 242.702995 1.076352 0.452558
9240.000000 3.462637 242.817274 1.081967 0.460542
9260.000000 3.494937 242.932473 1.084860 0.468395
9280.000000 3.527859 243.048513 1.084856 0.476094
9300.000000 3.561294 243.165317 1.081780 0.483617
9320.000000 3.595119 243.282805 1.075465 0.490943
9340.000000 3.629196 243.400901 1.065751 0.498048
9360.000000 3.663368 243.519527 1.052490 0.504913
9380.000000 3.697460 243.638609 1.035551 0.511514
9400.000000 3.731276 243.758076 1.014818 0.517832
9420.000000 3.764600 243.877859 0.990202 0.523843
9440.000000 3.797194 243.997894 0.961638 0.529525
9460.000000 3.828798 244.118123 0.929094 0.534856
9480.000000 3.859136 244.238491 0.892574 0.539813
9500.000000 3.887912 244.358951 0.852123 0.544373
9520.000000 3.914823 244.479461 0.807831 0.548513
9540.000000 3.939558 244.599985 0.759835 0.552212
9560.000000 3.961812 244.720495 0.708326 0.555448
9580.000000 3.981290 244.840968 0.653547 0.558203
9600.000000 3.997722 244.961387 0.595797 0.560462
9620.000000 4.010868 245.081743 0.535429 0.562212
9640.000000 4.020529 245.202031 0.472848 0.563444
9660.000000 4.026556 245.322252 0.408507 0.564154
9680.000000 4.028855 245.442412 0.342898 0.564341
9700.000000 4.027391 245.562519 0.276545 0.564008
9720.000000 4.022185 245.682584 0.209987 0.563161
9740.000000 4.013322 245.802618 0.143771 0.561808
9760.000000 4.000941 245.922633 0.078432 0.559961
9780.000000 3.985229 246.042635 0.014483 0.557633
9800.000000 3.966424 246.162630 -0.047597 0.554841
9820.000000 3.944794 246.282617 -0.107376 0.551601
9840.000000 3.920639 246.402590 -0.164474 0.547934
9860.000000 3.894276 246.522534 -0.218567 0.543861
9880.000000 3.866029 246.642431 -0.269391 0.539405
9900.000000 3.836225 246.762252 -0.316739 0.534590
9920.000000 3.805177 246.881963 -0.360459 0.529441
9940.000000 3.773187 247.001525 -0.400454 0.523982
9960.000000 3.740532 247.120889 -0.436670 0.518239
9980.000000 3.707467 247.240004 -0.469097 0.512236
10000.000000 3.674218 247.358813 -0.497763 0.505995
10020.000000 3.640984 247.477256 -0.522722 0.499539
10040.000000 3.607939 247.595267 -0.544060 0.492889
10060.000000 3.575229 247.712781 -0.561878 0.486064
10080.000000 3.542978 247.829730 -0.576297 0.479084
10100.000000 3.511291 247.946043 -0.587449 0.471966
10120.000000 3.480253 248.061653 -0.595478 0.464728
10140.000000 3.449933 248.176489 -0.600531 0.457386
10160.000000 3.420388 248.290485 -0.602761 0.449956
10180.000000 3.391663 248.403573 -0.602322 0.442454
10200.000000 3.363794 248.515688 -0.599370 0.434896
10220.000000 3.336810 248.626770 -0.594060 0.427296
10240.000000 3.310732 248.736759 -0.586544 0.419671
10260.000000 3.285577 248.845599 -0.576972 0.412036
10280.000000 3.261357 248.953239 -0.565492 0.404407
10300.000000 3.238079 249.059630 -0.552245 0.396800
10320.000000 3.215748 249.164731 -0.537370 0.389232
10340.000000 3.194365 249.268504 -0.521000 0.381719
10360.000000 3.173929 249.370915 -0.503265 0.374278
10380.000000 3.154435 249.471938 -0.484286 0.366927
10400.000000 3.135877 249.571552 -0.464180 0.359682
10420.000000 3.118246 249.669742 -0.443059 0.352560
10440.000000 3.101532 249.766499 -0.421027 0.345579
10460.000000 3.085722 249.861822 -0.398182 0.338755
10480.000000 3.070801 249.955714 -0.374616 0.332106
10500.000000 3.056754 250.048186 -0.350415 0.325646
10520.000000 3.043562 250.139256 -0.325657 0.319392
10540.000000 3.031209 250.228948 -0.300414 0.313358
10560.000000 3.019674 250.317291 -0.274752 0.307561
10580.000000 3.008938 250.404322 -0.248732 0.302013
10600.000000 2.998980 250.490082 -0.222405 0.296728
10620.000000 2.989780 250.574621 -0.195820 0.291718
10640.000000 2.981316 250.657992 -0.169017 0.286995
10660.000000 2.973570 250.740252 -0.142035 0.282571
10680.000000 2.966520 250.821466 -0.114902 0.278454
10700.000000 2.960149 250.901702 -0.087646 0.274656
10720.000000 2.954438 250.981032 -0.060288 0.271183
10740.000000 2.949371 251.059533 -0.032845 0.268046
10760.000000 2.944933 251.137284 -0.005332 0.265250
10780.000000 2.941110 251.214369 0.022244 0.262801
10800.000000 2.937890 251.290873 0.049873 0.260707
10820.000000 2.935262 251.366886 0.077553 0.258972
10840.000000 2.933220 251.442497 0.105282 0.257601
10860.000000 2.931756 251.517799 0.133059 0.256597
10880.000000 2.930868 251.592887 0.160888 0.255964
10900.000000 2.930553 251.667856 0.188770 0.255704
10920.000000 2.930813 251.742802 0.216711 0.255820
10940.000000 2.931650 251.817821 0.244715 0.256313
10960.000000 2.933072 251.893009 0.272785 0.257184
10980.000000 2.935084 251.968465 0.300926 0.258434
11000.000000 2.937699 252.044283 0.329142 0.260060
11020.000000 2.940930 252.120558 0.357434 0.262064
11040.000000 2.944790 252.197384 0.385803 0.264442
11060.000000 2.949299 252.274853 0.414247 0.267193
11080.000000 2.954476 252.353054 0.442761 0.270312
11100.000000 2.960342 252.432074 0.471339 0.273796
11120.000000 2.966922 252.511999 0.499968 0.277640
11140.000000 2.974240 252.592908 0.528635 0.281838
11160.000000 2.982325 252.674879 0.557319 0.286382
11180.000000 2.991205 252.757984 0.585996 0.291264
11200.000000 3.000908 252.842290 0.614636 0.296476
11220.000000 3.011465 252.927862 0.643203 0.302006
11240.000000 3.022906 253.014755 0.671655 0.307843
11260.000000 3.035262 253.103020 0.699942 0.313975
11280.000000 3.048562 253.192703 0.728009 0.320388
11300.000000 3.062836 253.283840 0.755790 0.327065
11320.000000 3.078109 253.376462 0.783213 0.333991
11340.000000 3.094409 253.470592 0.810199 0.341149
11360.000000 3.111758 253.566246 0.836658 0.348518
11380.000000 3.130175 253.663431 0.862494 0.356079
11400.000000 3.149677 253.762147 0.887599 0.363812
11420.000000 3.170276 253.862384 0.911860 0.371695
11440.000000 3.191978 253.964128 0.935154 0.379705
11460.000000 3.214787 254.067354 0.957349 0.387819
11480.000000 3.238697 254.172031 0.978305 0.396013
11500.000000 3.263699 254.278121 0.997877 0.404263
11520.000000 3.289774 254.385578 1.015911 0.412546
11540.000000 3.316897 254.494350 1.032246 0.420836
11560.000000 3.345035 254.604382 1.046717 0.429110
11580.000000 3.374147 254.715609 1.059153 0.437343
11600.000000 3.404179 254.827967 1.069380 0.445511
11620.000000 3.435072 254.941383 1.077220 0.453592
11640.000000 3.466754 255.055785 1.082495 0.461560
11660.000000 3.499139 255.171096 1.085026 0.469395
11680.000000 3.532133 255.287239 1.084636 0.477072
11700.000000 3.565625 255.404135 1.081153 0.484571
11720.000000 3.599491 255.521706 1.074409 0.491869
11740.000000 3.633589 255.639875 1.064247 0.498945
11760.000000 3.667761 255.758564 1.050520 0.505777
11780.000000 3.701829 255.877699 1.033099 0.512343
11800.000000 3.735595 255.997210 1.011871 0.518623
11820.000000 3.768839 256.117029 0.986750 0.524593
11840.000000 3.801320 256.237092 0.957675 0.530231
11860.000000 3.832777 256.357341 0.924619 0.535515
11880.000000 3.862931 256.477724 0.887590 0.540423
11900.000000 3.891485 256.598193 0.846639 0.544930
11920.000000 3.918133 256.718707 0.801861 0.549014
11940.000000 3.942566 256.839231 0.753402 0.552654
11960.000000 3.964479 256.959737 0.701457 0.555830
11980.000000 3.983580 257.080203 0.646278 0.558522
12000.000000 3.999602 257.200615 0.588170 0.560716
12020.000000 4.012309 257.320962 0.527494 0.562400
12040.000000 4.021510 257.441242 0.464660 0.563565
12060.000000 4.027062 257.561455 0.400128 0.564208
12080.000000 4.028878 257.681607 0.334394 0.564327
12100.000000 4.026929 257.801708 0.267983 0.563928
12120.000000 4.021248 257.921768 0.201439 0.563015
12140.000000 4.011923 258.041799 0.135306 0.561598
12160.000000 3.999102 258.161812 0.070118 0.559688
12180.000000 3.982979 258.281813 0.006384 0.557300
12200.000000 3.963794 258.401808 -0.055424 0.554449
12220.000000 3.941822 258.521793 -0.114878 0.551153
12240.000000 3.917365 258.641763 -0.171606 0.547432
12260.000000 3.890741 258.761703 -0.225293 0.543309
12280.000000 3.862276 258.881591 -0.275680 0.538805
12300.000000 3.832294 259.001400 -0.322568 0.533946
12320.000000 3.801109 259.121094 -0.365814 0.528755
12340.000000 3.769018 259.240633 -0.405324 0.523259
12360.000000 3.736297 259.359969 -0.441053 0.517481
12380.000000 3.703196 259.479048 -0.472995 0.511446
12400.000000 3.669938 259.597813 -0.501179 0.505176
12420.000000 3.636720 259.716204 -0.525668 0.498694
12440.000000 3.603710 259.834155 -0.546546 0.492020
12460.000000 3.571052 259.951600 -0.563920 0.485174
12480.000000 3.538869 260.068471 -0.577911 0.478176
12500.000000 3.507261 260.184698 -0.588654 0.471041
12520.000000 3.476311 260.300212 -0.596292 0.463789
12540.000000 3.446088 260.414944 -0.600973 0.456435
12560.000000 3.416646 260.528826 -0.602850 0.448995
12580.000000 3.388029 260.641793 -0.602080 0.441485
12600.000000 3.360273 260.753779 -0.598816 0.433920
12620.000000 3.333404 260.864723 -0.593214 0.426317
12640.000000 3.307445 260.974567 -0.585425 0.418689
12660.000000 3.282409 261.083256 -0.575600 0.411054
12680.000000 3.258310 261.190737 -0.563884 0.403427
12700.000000 3.235154 261.296965 -0.550420 0.395824
12720.000000 3.212945 261.401897 -0.535345 0.388262
12740.000000 3.191684 261.505496 -0.518793 0.380758
12760.000000 3.171369 261.607730 -0.500891 0.373327
12780.000000 3.151996 261.708573 -0.481761 0.365989
12800.000000 3.133558 261.808005 -0.461518 0.358759
12820.000000 3.116045 261.906011 -0.440274 0.351654
12840.000000 3.099448 262.002584 -0.418132 0.344692
12860.000000 3.083753 262.097722 -0.395189 0.337890
12880.000000 3.068945 262.191431 -0.371537 0.331264
12900.000000 3.055009 262.283722 -0.347260 0.324829
12920.000000 3.041927 262.374613 -0.322435 0.318603
12940.000000 3.029680 262.464129 -0.297135 0.312599
12960.000000 3.018249 262.552301 -0.271424 0.306833
12980.000000 3.007614 262.639166 -0.245361 0.301318
13000.000000 2.997755 262.724767 -0.218999 0.296068
13020.000000 2.988650 262.809152 -0.192383 0.291094
13040.000000 2.980280 262.892376 -0.165556 0.286409
13060.000000 2.972624 262.974499 -0.138552 0.282024
13080.000000 2.965663 263.055583 -0.111403 0.277948
13100.000000 2.959378 263.135698 -0.084132 0.274191
13120.000000 2.953751 263.214918 -0.056763 0.270761
13140.000000 2.948766 263.293317 -0.029310 0.267667
13160.000000 2.944407 263.370978 -0.001788 0.264915
13180.000000 2.940662 263.447983 0.025795 0.262512
13200.000000 2.937519 263.524419 0.053431 0.260464
13220.000000 2.934967 263.600375 0.081117 0.258775
13240.000000 2.932999 263.675941 0.108852 0.257451
13260.000000 2.931610 263.751211 0.136636 0.256495
13280.000000 2.930795 263.826278 0.164471 0.255910
13300.000000 2.930554 263.901238 0.192361 0.255698
13320.000000 2.930888 263.976188 0.220310 0.255863
13340.000000 2.931800 264.051223 0.248321 0.256404
13360.000000 2.933297 264.126441 0.276401 0.257324
13380.000000 2.935387 264.201938 0.304552 0.258622
13400.000000 2.938080 264.277809 0.332777 0.260297
13420.000000 2.941391 264.354150 0.361079 0.262349
13440.000000 2.945333 264.431054 0.389458 0.264775
13460.000000 2.949927 264.508611 0.417911 0.267573
13480.000000 2.955191 264.586913 0.446434 0.270740
13500.000000 2.961148 264.666046 0.475019 0.274271
13520.000000 2.967821 264.746092 0.503654 0.278161
13540.000000 2.975237 264.827134 0.532324 0.282403
13560.000000 2.983422 264.909246 0.561008 0.286991
13580.000000 2.992406 264.992502 0.589683 0.291916
13600.000000 3.002217 265.076968 0.618316 0.297169
13620.000000 3.012887 265.162706 0.646870 0.302740
13640.000000 3.024444 265.249773 0.675304 0.308616
13660.000000 3.036919 265.338219 0.703566 0.314785
13680.000000 3.050343 265.428086 0.731600 0.321232
13700.000000 3.064744 265.519413 0.759339 0.327943
13720.000000 3.080148 265.612228 0.786711 0.334899
13740.000000 3.096581 265.706554 0.813634 0.342085
13760.000000 3.114066 265.802404 0.840019 0.349480
13780.000000 3.132622 265.899786 0.865766 0.357065
13800.000000 3.152265 265.998698 0.890770 0.364818
13820.000000 3.173005 266.099130 0.914913 0.372719
13840.000000 3.194850 266.201066 0.938073 0.380743
13860.000000 3.217801 266.304481 0.960117 0.388869
13880.000000 3.241852 266.409342 0.980904 0.397071
13900.000000 3.266993 266.515610 1.000287 0.405327
13920.000000 3.293204 266.623239 1.018111 0.413612
13940.000000 3.320460 266.732177 1.034216 0.421902
13960.000000 3.348726 266.842366 1.048435 0.430172
13980.000000 3.377959 266.953743 1.060596 0.438398
14000.000000 3.408106 267.066241 1.070526 0.446556
14020.000000 3.439105 267.179788 1.078046 0.454623
14040.000000 3.470882 267.294311 1.082978 0.462576
14060.000000 3.503351 267.409733 1.085143 0.470392
14080.000000 3.536416 267.525978 1.084365 0.478048
14100.000000 3.569963 267.642965 1.080472 0.485522
14120.000000 3.603867 267.760617 1.073297 0.492792
14140.000000 3.637984 267.878857 1.062684 0.499838
14160.000000 3.672153 267.997607 1.048489 0.506637
14180.000000 3.706194 268.116795 1.030583 0.513168
14200.000000 3.739905 268.236349 1.008860 0.519408
14220.000000 3.773065 268.356203 0.983233 0.525337
14240.000000 3.805429 268.476293 0.953646 0.530931
14260.000000 3.836735 268.596563 0.920078 0.536168
14280.000000 3.866700 268.716959 0.882541 0.541025
14300.000000 3.895026 268.837436 0.841091 0.545479
14320.000000 3.921406 268.957953 0.795831 0.549508
14340.000000 3.945532 269.078476 0.746911 0.553089
14360.000000 3.967100 269.198978 0.694535 0.556204
14380.000000 3.985819 269.319438 0.638961 0.558833
14400.000000 4.001427 269.439842 0.580501 0.560961
14420.000000 4.013693 269.560180 0.519523 0.562579
14440.000000 4.022431 269.680451 0.456445 0.563677
14460.000000 4.027506 269.800656 0.391729 0.564252
14480.000000 4.028838 269.920801 0.325878 0.564305
14500.000000 4.026407 270.040896 0.259420 0.563839
14520.000000 4.020250 270.160952 0.192898 0.562860
14540.000000 4.010466 270.280980 0.126857 0.561379
14560.000000 3.997208 270.400991 0.061828 0.559407
14580.000000 3.980677 270.520991 -0.001684 0.556959
14600.000000 3.961117 270.640985 -0.063211 0.554049
14620.000000 3.938809 270.760969 -0.122335 0.550698
14640.000000 3.914055 270.880936 -0.178688 0.546924
14660.000000 3.887176 271.000870 -0.231963 0.542750
14680.000000 3.858498 271.120750 -0.281911 0.538199
14700.000000 3.828344 271.240546 -0.328337 0.533296
14720.000000 3.797026 271.360223 -0.371107 0.528065
14740.000000 3.764839 271.479739 -0.410133 0.522531
14760.000000 3.732056 271.599044 -0.445374 0.516719
14780.000000 3.698922 271.718086 -0.476829 0.510652
14800.000000 3.665659 271.836807 -0.504535 0.504354
14820.000000 3.632459 271.955145 -0.528554 0.497846
14840.000000 3.599486 272.073035 -0.548975 0.491149
14860.000000 3.566884 272.190410 -0.565907 0.484282
14880.000000 3.534769 272.307201 -0.579472 0.477265
14900.000000 3.503241 272.423340 -0.589807 0.470115
14920.000000 3.472382 272.538758 -0.597056 0.462849
14940.000000 3.442256 272.653384 -0.601368 0.455482
14960.000000 3.412918 272.767153 -0.602896 0.448033
14980.000000 3.384410 272.879996 -0.601796 0.440515
15000.000000 3.356767 272.991852 -0.598223 0.432944
15020.000000 3.330014 273.102658 -0.592331 0.425336
15040.000000 3.304172 273.212357 -0.584272 0.417707
15060.000000 3.279257 273.320893 -0.574195 0.410072
15080.000000 3.255279 273.428216 -0.562247 0.402447
15100.000000 3.232244 273.534279 -0.548568 0.394849
15120.000000 3.210157 273.639042 -0.533296 0.387293
15140.000000 3.189018 273.742467 -0.516563 0.379797
15160.000000 3.168824 273.844523 -0.498496 0.372378
15180.000000 3.149572 273.945186 -0.479217 0.365052
15200.000000 3.131253 274.044434 -0.458840 0.357837
15220.000000 3.113859 274.142256 -0.437474 0.350750
15240.000000 3.097379 274.238645 -0.415224 0.343808
15260.000000 3.081799 274.333598 -0.392185 0.337027
15280.000000 3.067104 274.427124 -0.368448 0.330425
15300.000000 3.053279 274.519234 -0.344096 0.324016
15320.000000 3.040305 274.609947 -0.319206 0.317818
15340.000000 3.028164 274.699288 -0.293850 0.311844
15360.000000 3.016837 274.787290 -0.268090 0.306109
15380.000000 3.006303 274.873990 -0.241986 0.300628
15400.000000 2.996542 274.959431 -0.215588 0.295412
15420.000000 2.987533 275.043664 -0.188944 0.290475
15440.000000 2.979256 275.126743 -0.162092 0.285828
15460.000000 2.971690 275.208728 -0.135068 0.281482
15480.000000 2.964817 275.289684 -0.107901 0.277446
15500.000000 2.958617 275.369680 -0.080617 0.273731
15520.000000 2.953074 275.448789 -0.053236 0.270344
15540.000000 2.948170 275.527089 -0.025774 0.267293
15560.000000 2.943891 275.604661 0.001757 0.264586
15580.000000 2.940224 275.681588 0.029347 0.262229
15600.000000 2.937157 275.757957 0.056989 0.260226
15620.000000 2.934681 275.833858 0.084682 0.258585
15640.000000 2.932788 275.909381 0.112423 0.257307
15660.000000 2.931473 275.984619 0.140213 0.256399
15680.000000 2.930732 276.059667 0.168056 0.255861
15700.000000 2.930565 276.134621 0.195953 0.255698
15720.000000 2.930973 276.209576 0.223909 0.255911
15740.000000 2.931960 276.284629 0.251929 0.256501
15760.000000 2.933532 276.359878 0.280018 0.257470
15780.000000 2.935699 276.435417 0.308178 0.258816
15800.000000 2.938471 276.511344 0.336413 0.260540
15820.000000 2.941862 276.587751 0.364725 0.262640
15840.000000 2.945887 276.664734 0.393114 0.265114
15860.000000 2.950566 276.742383 0.421576 0.267960
15880.000000 2.955918 276.820787 0.450108 0.271174
15900.000000 2.961965 276.900032 0.478700 0.274751
15920.000000 2.968733 276.980202 0.507340 0.278687
15940.000000 2.976246 277.061377 0.536013 0.282974
15960.000000 2.984533 277.143633 0.564698 0.287606
15980.000000 2.993621 277.227041 0.593369 0.292574
16000.000000 3.003541 277.311667 0.621994 0.297868
16020.000000 3.014323 277.397573 0.650536 0.303479
16040.000000 3.025996 277.484815 0.678950 0.309393
16060.000000 3.038592 277.573441 0.707186 0.315599
16080.000000 3.052140 277.663494 0.735186 0.322081
16100.000000 3.066668 277.755011 0.762882 0.328824
16120.000000 3.082204 277.848019 0.790201 0.335811
16140.000000 3.098771 277.942540 0.817060 0.343025
16160.000000 3.116393 278.038587 0.843369 0.350446
16180.000000 3.135088 278.136166 0.869027 0.358053
16200.000000 3.154871 278.235275 0.893926 0.365827
16220.000000 3.175753 278.335902 0.917950 0.373744
16240.000000 3.197740 278.438029 0.940974 0.381783
16260.000000 3.220833 278.541632 0.962864 0.389920
16280.000000 3.245025 278.646676 0.983479 0.398131
16300.000000 3.270305 278.753122 1.002670 0.406392
16320.000000 3.296652 278.860923 1.020282 0.414679
16340.000000 3.324040 278.970025 1.036154 0.422967
16360.000000 3.352433 279.080370 1.050118 0.431233
16380.000000 3.381787 279.191895 1.062002 0.439452
16400.000000 3.412048 279.304532 1.071632 0.447600
16420.000000 3.443151 279.418209 1.078829 0.455653
16440.000000 3.475022 279.532852 1.083415 0.463590
16460.000000 3.507573 279.648385 1.085212 0.471386
16480.000000 3.540707 279.764729 1.084043 0.479020
16500.000000 3.574307 279.881806 1.079736 0.486469
16520.000000 3.608247 279.999538 1.072127 0.493712
16540.000000 3.642380 280.117848 1.061061 0.500727
16560.000000 3.676543 280.236658 1.046396 0.507492
16580.000000 3.710553 280.355897 1.028005 0.513987
16600.000000 3.744206 280.475494 1.005783 0.520189
16620.000000 3.777278 280.595381 0.979650 0.526076
16640.000000 3.809522 280.715498 0.949552 0.531625
16660.000000 3.840671 280.835786 0.915471 0.536815
16680.000000 3.870442 280.956195 0.877426 0.541621
16700.000000 3.898535 281.076679 0.835480 0.546022
16720.000000 3.924643 281.197199 0.789739 0.549994
16740.000000 3.948456 281.317721 0.740363 0.553516
16760.000000 3.969673 281.438218 0.687560 0.556569
16780.000000 3.988006 281.558672 0.631596 0.559135
16800.000000 4.003196 281.679068 0.572790 0.561198
16820.000000 4.015018 281.799398 0.511518 0.562749
16840.000000 4.023292 281.919660 0.448202 0.563780
16860.000000 4.027888 282.039856 0.383311 0.564288
16880.000000 4.028736 282.159994 0.317352 0.564274
16900.000000 4.025822 282.280084 0.250855 0.563741
16920.000000 4.019192 282.400135 0.184365 0.562698
16940.000000 4.008952 282.520161 0.118424 0.561153
16960.000000 3.995260 282.640170 0.053563 0.559119
16980.000000 3.978325 282.760169 -0.009719 0.556610
17000.000000 3.958396 282.880162 -0.070960 0.553643
17020.000000 3.935755 283.000145 -0.129746 0.550236
17040.000000 3.910710 283.120108 -0.185720 0.546409
17060.000000 3.883581 283.240037 -0.238579 0.542185
17080.000000 3.854695 283.359908 -0.288083 0.537588
17100.000000 3.824374 283.479691 -0.334046 0.532641
17120.000000 3.792929 283.599350 -0.376338 0.527370
17140.000000 3.760650 283.718841 -0.414878 0.521799
17160.000000 3.727808 283.838115 -0.449632 0.515952
17180.000000 3.694647 283.957120 -0.480602 0.509854
17200.000000 3.661381 284.075795 -0.507829 0.503528
17220.000000 3.628201 284.194079 -0.531380 0.496995
17240.000000 3.595269 284.311906 -0.551346 0.490275
17260.000000 3.562723 284.429210 -0.567837 0.483388
17280.000000 3.530679 284.545921 -0.580980 0.476352
17300.000000 3.499233 284.661971 -0.590910 0.469186
17320.000000 3.468464 284.777291 -0.597772 0.461906
17340.000000 3.438437 284.891811 -0.601717 0.454529
17360.000000 3.409204 285.005464 -0.602899 0.447069
17380.000000 3.380805 285.118184 -0.601472 0.439544
17400.000000 3.353275 285.229908 -0.597592 0.431967
17420.000000 3.326638 285.340575 -0.591413 0.424356
17440.000000 3.300915 285.450127 -0.583086 0.416725
17460.000000 3.276120 285.558510 -0.572760 0.409090
17480.000000 3.252263 285.665673 -0.560581 0.401468
17500.000000 3.229350 285.771571 -0.546690 0.393874
17520.000000 3.207385 285.876164 -0.531223 0.386325
17540.000000 3.186367 285.979415 -0.514312 0.378838
17560.000000 3.166295 286.081293 -0.496082 0.371430
17580.000000 3.147163 286.181774 -0.476655 0.364118
17600.000000 3.128964 286.280840 -0.456144 0.356918
17620.000000 3.111689 286.378478 -0.434660 0.349849
17640.000000 3.095325 286.474682 -0.412303 0.342926
17660.000000 3.079859 286.569452 -0.389169 0.336168
17680.000000 3.065278 286.662794 -0.365348 0.329589
17700.000000 3.051563 286.754723 -0.340923 0.323207
17720.000000 3.038697 286.845258 -0.315969 0.317036
17740.000000 3.026662 286.934425 -0.290558 0.311093
17760.000000 3.015438 287.022257 -0.264751 0.305390
17780.000000 3.005004 287.108792 -0.238606 0.299942
17800.000000 2.995341 287.194076 -0.212174 0.294761
17820.000000 2.986427 287.278157 -0.185501 0.289861
17840.000000 2.978243 287.361092 -0.158625 0.285252
17860.000000 2.970768 287.442941 -0.131581 0.280945
17880.000000 2.963982 287.523769 -0.104398 0.276950
17900.000000 2.957868 287.603647 -0.077100 0.273277
17920.000000 2.952408 287.682648 -0.049707 0.269933
17940.000000 2.947585 287.760850 -0.022236 0.266926
17960.000000 2.943386 287.838334 0.005303 0.264263
17980.000000 2.939796 287.915184 0.032899 0.261951
18000.000000 2.936806 287.991488 0.060549 0.259995
18020.000000 2.934405 288.067334 0.088248 0.258400
18040.000000 2.932587 288.142815 0.115995 0.257170
18060.000000 2.931345 288.218024 0.143792 0.256309
18080.000000 2.930678 288.293055 0.171641 0.255819
18100.000000 2.930585 288.368003 0.199545 0.255705
18120.000000 2.931067 288.442965 0.227510 0.255966
18140.000000 2.932129 288.518038 0.255539 0.256605
18160.000000 2.933778 288.593319 0.283636 0.257622
18180.000000 2.936021 288.668903 0.311806 0.259017
18200.000000 2.938872 288.744886 0.340051 0.260789
18220.000000 2.942344 288.821363 0.368373 0.262937
18240.000000 2.946452 288.898426 0.396771 0.265460
18260.000000 2.951216 288.976167 0.425243 0.268353
18280.000000 2.956656 289.054674 0.453782 0.271614
18300.000000 2.962795 289.134034 0.482381 0.275237
18320.000000 2.969657 289.214329 0.511027 0.279219
18340.000000 2.977268 289.295639 0.539703 0.283551
18360.000000 2.985656 289.378039 0.568387 0.288226
18380.000000 2.994850 289.461599 0.597054 0.293237
18400.000000 3.004879 289.546387 0.625671 0.298573
18420.000000 3.015774 289.632462 0.654199 0.304223
18440.000000 3.027564 289.719879 0.682593 0.310176
18460.000000 3.040281 289.808686 0.710803 0.316418
18480.000000 3.053953 289.898926 0.738767 0.322934
18500.000000 3.068610 289.990633 0.766419 0.329710
18520.000000 3.084276 290.083835 0.793683 0.336727
18540.000000 3.100978 290.178552 0.820477 0.343968
18560.000000 3.118737 290.274796 0.846708 0.351414
18580.000000 3.137571 290.372572 0.872274 0.359044
18600.000000 3.157495 290.471876 0.897068 0.366838
18620.000000 3.178519 290.572698 0.920971 0.374772
18640.000000 3.200649 290.675017 0.943856 0.382825
18660.000000 3.223884 290.778807 0.965590 0.390973
18680.000000 3.248217 290.884034 0.986030 0.399191
18700.000000 3.273635 290.990657 1.005027 0.407457
18720.000000 3.300118 291.098628 1.022425 0.415746
18740.000000 3.327637 291.207893 1.038061 0.424032
18760.000000 3.356156 291.318394 1.051767 0.432293
18780.000000 3.385630 291.430066 1.063371 0.440504
18800.000000 3.416003 291.542841 1.072698 0.448641
18820.000000 3.447209 291.656646 1.079570 0.456681
18840.000000 3.479173 291.771408 1.083807 0.464601
18860.000000 3.511805 291.887049 1.085231 0.472377
18880.000000 3.545005 292.003492 1.083668 0.479989
18900.000000 3.578657 292.120658 1.078946 0.487413
18920.000000 3.612630 292.238469 1.070901 0.494627
18940.000000 3.646777 292.356847 1.059379 0.501612
18960.000000 3.680931 292.475717 1.044242 0.508344
18980.000000 3.714907 292.595005 1.025363 0.514802
19000.000000 3.748498 292.714643 1.002642 0.520964
19020.000000 3.781477 292.834563 0.976001 0.526809
19040.000000 3.813595 292.954705 0.945391 0.532313
19060.000000 3.844584 293.075012 0.910798 0.537455
19080.000000 3.874156 293.195433 0.872248 0.542210
19100.000000 3.902011 293.315924 0.829806 0.546557
19120.000000 3.927841 293.436445 0.783588 0.550473
19140.000000 3.951337 293.556965 0.733757 0.553936
19160.000000 3.972199 293.677458 0.680532 0.556927
19180.000000 3.990141 293.797905 0.624183 0.559429
19200.000000 4.004910 293.918293 0.565039 0.561427
19220.000000 4.016284 294.038614 0.503478 0.562911
19240.000000 4.024091 294.158867 0.439933 0.563875
19260.000000 4.028209 294.279056 0.374876 0.564316
19280.000000 4.028572 294.399187 0.308817 0.564234
19300.000000 4.025176 294.519271 0.242290 0.563636
19320.000000 4.018074 294.639319 0.175840 0.562527
19340.000000 4.007380 294.759342 0.110010 0.560918
19360.000000 3.993259 294.879349 0.045324 0.558822
19380.000000 3.975924 294.999348 -0.017720 0.556254
19400.000000 3.955629 295.119339 -0.078667 0.553229
19420.000000 3.932661 295.239320 -0.137111 0.549766
19440.000000 3.907330 295.359280 -0.192699 0.545888
19460.000000 3.879957 295.479203 -0.245140 0.541614
19480.000000 3.850869 295.599064 -0.294197 0.536971
19500.000000 3.820386 295.718834 -0.339694 0.531981
19520.000000 3.788817 295.838473 -0.381507 0.526669
19540.000000 3.756452 295.957939 -0.419561 0.521061
19560.000000 3.723556 296.077182 -0.453827 0.515181
19580.000000 3.690369 296.196148 -0.484313 0.509053
19600.000000 3.657105 296.314776 -0.511063 0.502699
19620.000000 3.623948 296.433005 -0.534147 0.496140
19640.000000 3.591058 296.550769 -0.553660 0.489398
19660.000000 3.558571 296.668000 -0.569713 0.482491
19680.000000 3.526599 296.784631 -0.582434 0.475438
19700.000000 3.495236 296.900591 -0.591961 0.468256
19720.000000 3.464559 297.015811 -0.598440 0.460962
19740.000000 3.434631 297.130223 -0.602021 0.453573
19760.000000 3.405503 297.243760 -0.602858 0.446104
19780.000000 3.377215 297.356356 -0.601107 0.438572
19800.000000 3.349798 297.467947 -0.596923 0.430990
19820.000000 3.323278 297.578473 -0.590459 0.423375
19840.000000 3.297673 297.687878 -0.581867 0.415743
19860.000000 3.272998 297.796106 -0.571295 0.408109
19880.000000 3.249262 297.903110 -0.558888 0.400489
19900.000000 3.226471 298.008842 -0.544786 0.392900
19920.000000 3.204628 298.113264 -0.529126 0.385358
19940.000000 3.183732 298.216340 -0.512038 0.377881
19960.000000 3.163782 298.318040 -0.493648 0.370484
19980.000000 3.144770 298.418340 -0.474075 0.363185
20000.000000 3.126691 298.517223 -0.453433 0.356001
20020.000000 3.109533 298.614676 -0.431831 0.348950
20040.000000 3.093285 298.710695 -0.409368 0.342048
20060.000000 3.077935 298.805281 -0.386141 0.335311
20080.000000 3.063465 298.898441 -0.362238 0.328757
20100.000000 3.049861 298.990189 -0.337741 0.322401
20120.000000 3.037103 299.080547 -0.312725 0.316259
20140.000000 3.025173 299.169540 -0.287259 0.310345
20160.000000 3.014052 299.257203 -0.261405 0.304674
20180.000000 3.003719 299.343575 -0.235221 0.299260
20200.000000 2.994153 299.428701 -0.208756 0.294115
20220.000000 2.985334 299.512631 -0.182054 0.289251
20240.000000 2.977242 299.595423 -0.155155 0.284681
20260.000000 2.969857 299.677137 -0.128091 0.280414
20280.000000 2.963158 299.757839 -0.100892 0.276460
20300.000000 2.957129 299.837599 -0.073581 0.272828
20320.000000 2.951752 299.916493 -0.046178 0.269527
20340.000000 2.947010 299.994598 -0.018697 0.266564
20360.000000 2.942890 300.071996 0.008849 0.263946
20380.000000 2.939378 300.148771 0.036453 0.261679
20400.000000 2.936464 300.225011 0.064109 0.259769
20420.000000 2.934139 300.300805 0.091814 0.258221
20440.000000 2.932395 300.376246 0.119568 0.257038
20460.000000 2.931227 300.451426 0.147371 0.256225
20480.000000 2.930634 300.526441 0.175227 0.255784
20500.000000 2.930615 300.601386 0.203139 0.255717
20520.000000 2.931171 300.676357 0.231112 0.256027
20540.000000 2.932308 300.751451 0.259149 0.256714
20560.000000 2.934033 300.826765 0.287255 0.257780
20580.000000 2.936354 300.902395 0.315435 0.259223
20600.000000 2.939284 300.978437 0.343690 0.261044
20620.000000 2.942836 301.054984 0.372021 0.263241
20640.000000 2.947028 301.132129 0.400429 0.265811
20660.000000 2.951878 301.209963 0.428910 0.268752
20680.000000 2.957406 301.288576 0.457458 0.272060
20700.000000 2.963637 301.368051 0.486064 0.275730
20720.000000 2.970593 301.448472 0.514714 0.279756
20740.000000 2.978303 301.529918 0.543393 0.284133
20760.000000 2.986793 301.612464 0.572077 0.288852
20780.000000 2.996093 301.696179 0.600739 0.293905
20800.000000 3.006231 301.781129 0.629346 0.299282
20820.000000 3.017240 301.867373 0.657860 0.304972
20840.000000 3.029148 301.954967 0.686234 0.310963
20860.000000 3.041986 302.043956 0.714415 0.317241
20880.000000 3.055783 302.134383 0.742343 0.323791
20900.000000 3.070568 302.226281 0.769949 0.330599
20920.000000 3.086366 302.319677 0.797158 0.337646
20940.000000 3.103203 302.414589 0.823885 0.344915
20960.000000 3.121099 302.511031 0.850036 0.352386
20980.000000 3.140073 302.609003 0.875509 0.360038
21000.000000 3.160138 302.708504 0.900195 0.367851
21020.000000 3.181304 302.809519 0.923974 0.375802
21040.000000 3.203576 302.912029 0.946719 0.383868
21060.000000 3.226952 303.016006 0.968295 0.392026
21080.000000 3.251426 303.121415 0.988558 0.400252
21100.000000 3.276982 303.228214 1.007358 0.408522
21120.000000 3.303600 303.336355 1.024538 0.416812
21140.000000 3.331251 303.445782 1.039935 0.425097
21160.000000 3.359895 303.556437 1.053381 0.433353
21180.000000 3.389488 303.668255 1.064702 0.441555
21200.000000 3.419972 303.781166 1.073723 0.449681
21220.000000 3.451280 303.895099 1.080266 0.457707
21240.000000 3.483335 304.009978 1.084151 0.465610
21260.000000 3.516046 304.125727 1.085201 0.473366
21280.000000 3.549311 304.242268 1.083241 0.480955
21300.000000 3.583012 304.359521 1.078100 0.488353
21320.000000 3.617016 304.477409 1.069617 0.495539
21340.000000 3.651173 304.595854 1.057638 0.502492
21360.000000 3.685315 304.714782 1.042025 0.509190
21380.000000 3.719254 304.834120 1.022658 0.515611
21400.000000 3.752780 304.953797 0.999436 0.521734
21420.000000 3.785662 305.073749 0.972287 0.527537
21440.000000 3.817651 305.193915 0.941164 0.532996
21460.000000 3.848473 305.314240 0.906060 0.538089
21480.000000 3.877841 305.434672 0.867004 0.542793
21500.000000 3.905453 305.555169 0.824070 0.547086
21520.000000 3.931001 305.675692 0.777376 0.550944
21540.000000 3.954174 305.796210 0.727096 0.554347
21560.000000 3.974676 305.916698 0.673452 0.557276
21580.000000 3.992224 306.037137 0.616724 0.559714
21600.000000 4.006567 306.157517 0.557247 0.561647
21620.000000 4.017492 306.277829 0.495406 0.563064
21640.000000 4.024829 306.398074 0.431638 0.563961
21660.000000 4.028466 306.518255 0.366424 0.564334
21680.000000 4.028345 306.638379 0.300274 0.564186
21700.000000 4.024468 306.758458 0.233727 0.563521
21720.000000 4.016897 306.878502 0.167326 0.562348
21740.000000 4.005752 306.998522 0.101614 0.560676
21760.000000 3.991204 307.118528 0.037113 0.558518
21780.000000 3.973473 307.238526 -0.025686 0.555890
21800.000000 3.952818 307.358516 -0.086333 0.552807
21820.000000 3.929529 307.478495 -0.144428 0.549290
21840.000000 3.903916 307.598452 -0.199627 0.545360
21860.000000 3.876305 307.718368 -0.251644 0.541037
21880.000000 3.847019 307.838219 -0.300252 0.536348
21900.000000 3.816380 307.957974 -0.345281 0.531315
21920.000000 3.784693 308.077594 -0.386614 0.525964
21940.000000 3.752245 308.197035 -0.424181 0.520320
21960.000000 3.719298 308.316245 -0.457960 0.514407
21980.000000 3.686091 308.435170 -0.487962 0.508248
22000.000000 3.652830 308.553751 -0.514236 0.501866
22020.000000 3.619699 308.671924 -0.536855 0.495283
22040.000000 3.586854 308.789623 -0.555916 0.488518
22060.000000 3.554427 308.906781 -0.571533 0.481591
22080.000000 3.522528 309.023329 -0.583836 0.474521
22100.000000 3.491250 309.139198 -0.592962 0.467324
22120.000000 3.460666 309.254318 -0.599060 0.460017
22140.000000 3.430839 309.368621 -0.602279 0.452617
22160.000000 3.401816 309.482040 -0.602775 0.445139
22180.000000 3.373639 309.594510 -0.600702 0.437599
22200.000000 3.346336 309.705968 -0.596216 0.430012
22220.000000 3.319933 309.816353 -0.589470 0.422394
22240.000000 3.294447 309.925610 -0.580615 0.414761
22260.000000 3.269892 310.033683 -0.569798 0.407128
22280.000000 3.246277 310.140525 -0.557166 0.399511
22300.000000 3.223608 310.246092 -0.542856 0.391927
22320.000000 3.201887 310.350342 -0.527005 0.384393
22340.000000 3.181113 310.453242 -0.509743 0.376924
22360.000000 3.161284 310.554764 -0.491194 0.369539
22380.000000 3.142393 310.654882 -0.471477 0.362254
22400.000000 3.124432 310.753582 -0.450706 0.355086
22420.000000 3.107392 310.850851 -0.428987 0.348053
22440.000000 3.091261 310.946685 -0.406422 0.341171
22460.000000 3.076024 311.041087 -0.383103 0.334458
22480.000000 3.061667 311.134064 -0.359119 0.327928
22500.000000 3.048172 311.225633 -0.334551 0.321599
22520.000000 3.035522 311.315813 -0.309473 0.315485
22540.000000 3.023698 311.404633 -0.283954 0.309602
22560.000000 3.012679 311.492128 -0.258055 0.303963
22580.000000 3.002446 311.578337 -0.231831 0.298583
22600.000000 2.992977 311.663306 -0.205333 0.293473
22620.000000 2.984253 311.747086 -0.178604 0.288647
22640.000000 2.976253 311.829736 -0.151682 0.284115
22660.000000 2.968957 311.911316 -0.124600 0.279887
22680.000000 2.962346 311.991893 -0.097385 0.275974
22700.000000 2.956401 312.071538 -0.070061 0.272385
22720.000000 2.951107 312.150325 -0.042647 0.269127
22740.000000 2.946446 312.228335 -0.015157 0.266208
22760.000000 2.942404 312.305647 0.012397 0.263635
22780.000000 2.938970 312.382349 0.040008 0.261414
22800.000000 2.936132 312.458526 0.067670 0.259550
22820.000000 2.933882 312.534270 0.095381 0.258048
22840.000000 2.932212 312.609672 0.123141 0.256913
22860.000000 2.931119 312.684826 0.150951 0.256147
22880.000000 2.930599 312.759826 0.178814 0.255754
22900.000000 2.930654 312.834769 0.206734 0.255736
22920.000000 2.931285 312.909751 0.234714 0.256094
22940.000000 2.932497 312.984868 0.262760 0.256830
22960.000000 2.934298 313.060217 0.290876 0.257944
22980.000000 2.936696 313.135895 0.319065 0.259437
23000.000000 2.939705 313.211996 0.347330 0.261306
23020.000000 2.943339 313.288615 0.375671 0.263551
23040.000000 2.947614 313.365843 0.404089 0.266169
23060.000000 2.952550 313.443773 0.432579 0.269157
23080.000000 2.958168 313.522492 0.461135 0.272512
23100.000000 2.964490 313.602084 0.489747 0.276228
23120.000000 2.971542 313.682633 0.518402 0.280300
23140.000000 2.979351 313.764216 0.547083 0.284721
23160.000000 2.987943 313.846908 0.575765 0.289484
23180.000000 2.997349 313.930779 0.604422 0.294579
23200.000000 3.007598 314.015892 0.633020 0.299997
23220.000000 3.018720 314.102307 0.661519 0.305726
23240.000000 3.030746 314.190077 0.689871 0.311754
23260.000000 3.043706 314.279250 0.718023 0.318068
23280.000000 3.057629 314.369864 0.745913 0.324653
23300.000000 3.072543 314.461953 0.773473 0.331492
23320.000000 3.088473 314.555543 0.800625 0.338569
23340.000000 3.105445 314.650652 0.827283 0.345865
23360.000000 3.123479 314.747290 0.853353 0.353360
23380.000000 3.142592 314.845460 0.878731 0.361035
23400.000000 3.162799 314.945156 0.903307 0.368866
23420.000000 3.184107 315.046365 0.926961 0.376833
23440.000000 3.206521 315.149065 0.949563 0.384913
23460.000000 3.230039 315.253228 0.970978 0.393081
23480.000000 3.254653 315.358819 0.991062 0.401314
23500.000000 3.280347 315.465793 1.009662 0.409588
23520.000000 3.307100 315.574103 1.026622 0.417879
23540.000000 3.334880 315.683692 1.041778 0.426161
23560.000000 3.363650 315.794500 1.054960 0.434411
23580.000000 3.393360 315.906462 1.065995 0.442606
23600.000000 3.423954 316.019509 1.074708 0.450720
23620.000000 3.455363 316.133568 1.080918 0.458731
23640.000000 3.487508 316.248563 1.084449 0.466616
23660.000000 3.520296 316.364419 1.085122 0.474352
23680.000000 3.553624 316.481055 1.082762 0.481917
23700.000000 3.587372 316.598394 1.077200 0.489290
23720.000000 3.621405 316.716358 1.068275 0.496447
23740.000000 3.655570 316.834870 1.055836 0.503368
23760.000000 3.689697 316.953855 1.039747 0.510032
23780.000000 3.723594 317.073239 1.019889 0.516416
23800.000000 3.757050 317.192956 0.996165 0.522499
23820.000000 3.789833 317.312939 0.968506 0.528258
23840.000000 3.821687 317.433128 0.936872 0.533672
23860.000000 3.852339 317.553469 0.901257 0.538716
23880.000000 3.881498 317.673912 0.861697 0.543369
23900.000000 3.908862 317.794414 0.818271 0.547607
23920.000000 3.934121 317.914938 0.771105 0.551408
23940.000000 3.956968 318.035453 0.720379 0.554751
23960.000000 3.977104 318.155936 0.666321 0.557618
23980.000000 3.994254 318.276369 0.609220 0.559991
24000.000000 4.008168 318.396740 0.549415 0.561858
24020.000000 4.018639 318.517043 0.487301 0.563209
24040.000000 4.025506 318.637280 0.423320 0.564038
24060.000000 4.028662 318.757453 0.357956 0.564345
24080.000000 4.028056 318.877571 0.291725 0.564130
24100.000000 4.023699 318.997644 0.225166 0.563399
24120.000000 4.015661 319.117685 0.158824 0.562160
24140.000000 4.004067 319.237703 0.093238 0.560425
24160.000000 3.989097 319.357707 0.028929 0.558206
24180.000000 3.970974 319.477704 -0.033617 0.555518
24200.000000 3.949963 319.597693 -0.093957 0.552379
24220.000000 3.926357 319.717670 -0.151697 0.548808
24240.000000 3.900470 319.837623 -0.206502 0.544825
24260.000000 3.872624 319.957532 -0.258092 0.540454
24280.000000 3.843147 320.077373 -0.306248 0.535719
24300.000000 3.812356 320.197113 -0.350807 0.530644
24320.000000 3.780556 320.316712 -0.391658 0.525254
24340.000000 3.748029 320.436126 -0.428739 0.519574
24360.000000 3.715037 320.555303 -0.462030 0.513628
24380.000000 3.681811 320.674187 -0.491550 0.507439
24400.000000 3.648558 320.792719 -0.517349 0.501030
24420.000000 3.615455 320.910835 -0.539504 0.494422
24440.000000 3.582657 321.028468 -0.558115 0.487636
24460.000000 3.550292 321.145551 -0.573299 0.480689
24480.000000 3.518468 321.262016 -0.585185 0.473602
24500.000000 3.487275 321.377792 -0.593913 0.466390
24520.000000 3.456786 321.492811 -0.599632 0.459070
24540.000000 3.427059 321.607005 -0.602492 0.451659
24560.000000 3.398144 321.720305 -0.602649 0.444172
24580.000000 3.370077 321.832649 -0.600257 0.436625
24600.000000 3.342889 321.943972 -0.595472 0.429033
24620.000000 3.316603 322.054215 -0.588446 0.421413
24640.000000 3.291236 322.163322 -0.579330 0.413778
24660.000000 3.266802 322.271240 -0.568272 0.406147
24680.000000 3.243308 322.377920 -0.555416 0.398533
24700.000000 3.220761 322.483319 -0.540901 0.390955
24720.000000 3.199162 322.587398 -0.524861 0.383428
24740.000000 3.178510 322.690122 -0.507426 0.375969
24760.000000 3.158801 322.791464 -0.488720 0.368596
24780.000000 3.140030 322.891401 -0.468862 0.361325
24800.000000 3.122189 322.989917 -0.447963 0.354174
24820.000000 3.105266 323.087002 -0.426130 0.347159
24840.000000 3.089251 323.182652 -0.403462 0.340298
24860.000000 3.074128 323.276870 -0.380053 0.333607
24880.000000 3.059883 323.369665 -0.355990 0.327102
24900.000000 3.046498 323.461053 -0.331352 0.320800
24920.000000 3.033956 323.551057 -0.306214 0.314715
24940.000000 3.022236 323.639704 -0.280642 0.308863
24960.000000 3.011319 323.727031 -0.254699 0.303256
24980.000000 3.001185 323.813078 -0.228437 0.297910
25000.000000 2.991814 323.897891 -0.201907 0.292836
25020.000000 2.983184 323.981523 -0.175151 0.288047
25040.000000 2.975275 324.064031 -0.148207 0.283554
25060.000000 2.968068 324.145478 -0.121106 0.279366
25080.000000 2.961544 324.225931 -0.093876 0.275494
25100.000000 2.955684 324.305462 -0.066539 0.271947
25120.000000 2.950472 324.384145 -0.039115 0.268732
25140.000000 2.945891 324.462060 -0.011616 0.265857
25160.000000 2.941929 324.539289 0.015946 0.263329
25180.000000 2.938572 324.615918 0.043563 0.261154
25200.000000 2.935810 324.692035 0.071232 0.259336
25220.000000 2.933635 324.767730 0.098949 0.257882
25240.000000 2.932039 324.843094 0.126716 0.256794
25260.000000 2.931020 324.918223 0.154532 0.256076
25280.000000 2.930574 324.993211 0.182402 0.255731
25300.000000 2.930703 325.068153 0.210330 0.255761
25320.000000 2.931408 325.143147 0.238318 0.256168
25340.000000 2.932695 325.218288 0.266373 0.256952
25360.000000 2.934572 325.293674 0.294498 0.258115
25380.000000 2.937049 325.369401 0.322697 0.259656
25400.000000 2.940138 325.445564 0.350971 0.261574
25420.000000 2.943853 325.522256 0.379323 0.263867
25440.000000 2.948212 325.599570 0.407750 0.266532
25460.000000 2.953234 325.677596 0.436248 0.269568
25480.000000 2.958941 325.756422 0.464812 0.272969
25500.000000 2.965356 325.836133 0.493431 0.276732
25520.000000 2.972504 325.916811 0.522091 0.280849
25540.000000 2.980411 325.998533 0.550773 0.285315
25560.000000 2.989107 326.081372 0.579454 0.290121
25580.000000 2.998620 326.165399 0.608105 0.295258
25600.000000 3.008979 326.250677 0.636693 0.300716
25620.000000 3.020216 326.337263 0.665175 0.306485
25640.000000 3.032360 326.425212 0.693504 0.312551
25660.000000 3.045442 326.514567 0.721627 0.318901
25680.000000 3.059491 326.605369 0.749479 0.325519
25700.000000 3.074534 326.697650 0.776991 0.332390
25720.000000 3.090598 326.791435 0.804084 0.339496
25740.000000 3.107705 326.886740 0.830672 0.346818
25760.000000 3.125877 326.983575 0.856658 0.354338
25780.000000 3.145130 327.081942 0.881940 0.362034
25800.000000 3.165478 327.181834 0.906404 0.369884
25820.000000 3.186928 327.283236 0.929930 0.377867
25840.000000 3.209485 327.386126 0.952387 0.385959
25860.000000 3.233144 327.490475 0.973639 0.394137
25880.000000 3.257898 327.596246 0.993541 0.402377
25900.000000 3.283730 327.703395 1.011939 0.410654
25920.000000 3.310617 327.811872 1.028677 0.418945
25940.000000 3.338527 327.921622 1.043588 0.427225
25960.000000 3.367420 328.032582 1.056504 0.435469
25980.000000 3.397248 328.144688 1.067250 0.443654
26000.000000 3.427950 328.257869 1.075651 0.451757
26020.000000 3.459459 328.372053 1.081527 0.459753
26040.000000 3.491692 328.487163 1.084699 0.467620
26060.000000 3.524556 328.603123 1.084992 0.475335
26080.000000 3.557945 328.719854 1.082229 0.482877
26100.000000 3.591737 328.837278 1.076243 0.490223
26120.000000 3.625796 328.955317 1.066875 0.497351
26140.000000 3.659966 329.073894 1.053973 0.504241
26160.000000 3.694074 329.192934 1.037406 0.510869
26180.000000 3.727927 329.312365 1.017056 0.517216
26200.000000 3.761310 329.432119 0.992829 0.523259
26220.000000 3.793988 329.552132 0.964660 0.528975
26240.000000 3.825703 329.672344 0.932513 0.534342
26260.000000 3.856180 329.792701 0.896388 0.539337
26280.000000 3.885125 329.913153 0.856325 0.543938
26300.000000 3.912236 330.033660 0.812410 0.548121
26320.000000 3.937201 330.154185 0.764775 0.551864
26340.000000 3.959716 330.274697 0.713606 0.555147
26360.000000 3.979483 330.395174 0.659140 0.557951
26380.000000 3.996230 330.515599 0.601671 0.560260
26400.000000 4.009712 330.635962 0.541546 0.562061
26420.000000 4.019728 330.756257 0.479166 0.563345
26440.000000 4.026122 330.876484 0.414979 0.564107
26460.000000 4.028795 330.996650 0.349473 0.564346
26480.000000 4.027705 331.116762 0.283170 0.564064
26500.000000 4.022869 331.236830 0.216608 0.563268
26520.000000 4.014365 331.356867 0.150334 0.561965
26540.000000 4.002326 331.476883 0.084884 0.560166
26560.000000 3.986937 331.596887 0.020775 0.557886
26580.000000 3.968427 331.716882 -0.041512 0.555139
26600.000000 3.947066 331.836871 -0.101538 0.551943
26620.000000 3.923148 331.956845 -0.158918 0.548318
26640.000000 3.896991 332.076793 -0.213323 0.544284
26660.000000 3.868917 332.196695 -0.264483 0.539865
26680.000000 3.839253 332.316525 -0.312184 0.535085
26700.000000 3.808316 332.436249 -0.356272 0.529968
26720.000000 3.776407 332.555828 -0.396640 0.524539
26740.000000 3.743806 332.675214 -0.433234 0.518823
26760.000000 3.710771 332.794356 -0.466038 0.512845
26780.000000 3.677531 332.913199 -0.495076 0.506626
26800.000000 3.644288 333.031681 -0.520401 0.500191
26820.000000 3.611216 333.149738 -0.542095 0.493559
26840.000000 3.578467 333.267304 -0.560258 0.486751
26860.000000 3.546166 333.384312 -0.575010 0.479785
26880.000000 3.514419 333.500692 -0.586481 0.472680
26900.000000 3.483312 333.616375 -0.594814 0.465454
26920.000000 3.452918 333.731291 -0.600157 0.458121
26940.000000 3.423293 333.845374 -0.602661 0.450700
26960.000000 3.394485 333.958555 -0.602481 0.443204
26980.000000 3.366530 334.070770 -0.599772 0.435651
27000.000000 3.339456 334.181958 -0.594690 0.428054
27020.000000 3.313288 334.292058 -0.587387 0.420431
27040.000000 3.288040 334.401015 -0.578013 0.412796
27060.000000 3.263727 334.508776 -0.566716 0.405166
27080.000000 3.240355 334.615294 -0.553639 0.397556
27100.000000 3.217929 334.720525 -0.538920 0.389983
27120.000000 3.196452 334.824431 -0.522694 0.382464
27140.000000 3.175922 334.926979 -0.505089 0.375016
27160.000000 3.156334 335.028142 -0.486228 0.367655
27180.000000 3.137683 335.127897 -0.466230 0.360398
27200.000000 3.119961 335.226229 -0.445205 0.353264
27220.000000 3.103156 335.323129 -0.423259 0.346268
27240.000000 3.087256 335.418595 -0.400491 0.339427
27260.000000 3.072247 335.512629 -0.376993 0.332759
27280.000000 3.058114 335.605242 -0.352851 0.326280
27300.000000 3.044838 335.696451 -0.328145 0.320005
27320.000000 3.032402 335.786278 -0.302947 0.313949
27340.000000 3.020787 335.874754 -0.277325 0.308127
27360.000000 3.009972 335.961914 -0.251337 0.302554
27380.000000 2.999937 336.047799 -0.225039 0.297242
27400.000000 2.990662 336.132457 -0.198477 0.292204
27420.000000 2.982126 336.215941 -0.171695 0.287452
27440.000000 2.974309 336.298309 -0.144729 0.282998
27460.000000 2.967191 336.379625 -0.117610 0.278850
27480.000000 2.960753 336.459955 -0.090365 0.275019
27500.000000 2.954978 336.539372 -0.063016 0.271514
27520.000000 2.949847 336.617952 -0.035581 0.268343
27540.000000 2.945347 336.695774 -0.008074 0.265512
27560.000000 2.941463 336.772921 0.019495 0.263029
27580.000000 2.938183 336.849479 0.047120 0.260900
27600.000000 2.935497 336.925537 0.074795 0.259129
27620.000000 2.933397 337.001184 0.102518 0.257721
27640.000000 2.931876 337.076513 0.130291 0.256680
27660.000000 2.930930 337.151618 0.158114 0.256010
27680.000000 2.930559 337.226594 0.185992 0.255713
27700.000000 2.930761 337.301538 0.213926 0.255792
27720.000000 2.931541 337.376545 0.241923 0.256247
27740.000000 2.932904 337.451713 0.269987 0.257081
27760.000000 2.934857 337.527137 0.298121 0.258292
27780.000000 2.937412 337.602915 0.326329 0.259882
27800.000000 2.940580 337.679140 0.354614 0.261848
27820.000000 2.944377 337.755907 0.382975 0.264189
27840.000000 2.948820 337.833308 0.411412 0.266902
27860.000000 2.953930 337.911432 0.439919 0.269985
27880.000000 2.959726 337.990367 0.468491 0.273433
27900.000000 2.966234 338.070198 0.497116 0.277242
27920.000000 2.973478 338.151006 0.525779 0.281404
27940.000000 2.981485 338.232868 0.554463 0.285914
27960.000000 2.990284 338.315856 0.583142 0.290763
27980.000000 2.999904 338.400040 0.611787 0.295942
28000.000000 3.010375 338.485483 0.640363 0.301441
28020.000000 3.021727 338.572242 0.668829 0.307249
28040.000000 3.033990 338.660369 0.697135 0.313352
28060.000000 3.047195 338.749909 0.725226 0.319737
28080.000000 3.061370 338.840900 0.753038 0.326389
28100.000000 3.076543 338.933373 0.780501 0.333291
28120.000000 3.092739 339.027352 0.807534 0.340426
28140.000000 3.109983 339.122854 0.834050 0.347775
28160.000000 3.128293 339.219886 0.859952 0.355318
28180.000000 3.147686 339.318449 0.885135 0.363035
28200.000000 3.168175 339.418536 0.909486 0.370904
28220.000000 3.189768 339.520131 0.932882 0.378902
28240.000000 3.212466 339.623211 0.955192 0.387007
28260.000000 3.236267 339.727745 0.976278 0.395194
28280.000000 3.261161 339.833696 0.995995 0.403440
28300.000000 3.287130 339.941019 1.014189 0.411721
28320.000000 3.314150 340.049663 1.030701 0.420011
28340.000000 3.342189 340.159572 1.045365 0.428288
28360.000000 3.371206 340.270683 1.058011 0.436526
28380.000000 3.401149 340.382931 1.068466 0.444702
28400.000000 3.431960 340.496245 1.076552 0.452792
28420.000000 3.463566 340.610553 1.082090 0.460773
28440.000000 3.495886 340.725777 1.084902 0.468621
28460.000000 3.528824 340.841840 1.084811 0.476316
28480.000000 3.562272 340.958665 1.081643 0.483833
28500.000000 3.596106 341.076172 1.075231 0.491152
28520.000000 3.630188 341.194285 1.065416 0.498251
28540.000000 3.664361 341.312925 1.052050 0.505108
28560.000000 3.698447 341.432019 1.035002 0.511702
28580.000000 3.732253 341.551496 1.014158 0.518011
28600.000000 3.765559 341.671287 0.989428 0.524013
28620.000000 3.798127 341.791329 0.960748 0.529685
28640.000000 3.829699 341.911562 0.928089 0.535006
28660.000000 3.859995 342.031934 0.891454 0.539952
28680.000000 3.888722 342.152396 0.850890 0.544500
28700.000000 3.915574 342.272907 0.806488 0.548627
28720.000000 3.940241 342.393431 0.758387 0.552313
28740.000000 3.962419 342.513940 0.706779 0.555535
28760.000000 3.981812 342.634411 0.651909 0.558276
28780.000000 3.998152 342.754829 0.594077 0.560520
28800.000000 4.011198 342.875183 0.533639 0.562255
28820.000000 4.020756 342.995469 0.471001 0.563472
28840.000000 4.026676 343.115688 0.406616 0.564167
28860.000000 4.028866 343.235847 0.340978 0.564339
28880.000000 4.027292 343.355952 0.274611 0.563991
28900.000000 4.021979 343.476016 0.208055 0.563128
28920.000000 4.013011 343.596049 0.141857 0.561761
28940.000000 4.000530 343.716063 0.076551 0.559900
28960.000000 3.984725 343.836066 0.012651 0.557559
28980.000000 3.965833 343.956061 -0.049368 0.554753
29000.000000 3.944126 344.076048 -0.109075 0.551501
29020.000000 3.919902 344.196019 -0.166090 0.547821
29040.000000 3.893480 344.315963 -0.220091 0.543737
29060.000000 3.865184 344.435857 -0.270817 0.539270
29080.000000 3.835338 344.555676 -0.318061 0.534445
29100.000000 3.804260 344.675383 -0.361675 0.529286
29120.000000 3.772246 344.794940 -0.401560 0.523819
29140.000000 3.739576 344.914298 -0.437666 0.518068
29160.000000 3.706502 345.033405 -0.469983 0.512058
29180.000000 3.673251 345.152204 -0.498540 0.505810
29200.000000 3.640020 345.270635 -0.523393 0.499348
29220.000000 3.606983 345.388633 -0.544627 0.492693
29240.000000 3.574284 345.506131 -0.562344 0.485863
29260.000000 3.542049 345.623062 -0.576666 0.478879
29280.000000 3.510380 345.739356 -0.587726 0.471757
29300.000000 3.479361 345.854945 -0.595666 0.464516
29320.000000 3.449063 345.969758 -0.600635 0.457171
29340.000000 3.419541 346.083728 -0.602785 0.449739
29360.000000 3.390840 346.196788 -0.602271 0.442236
29380.000000 3.362997 346.308875 -0.599248 0.434676
29400.000000 3.336039 346.419926 -0.593872 0.427075
29420.000000 3.309988 346.529882 -0.586294 0.419449
29440.000000 3.284860 346.638688 -0.576665 0.411814
29460.000000 3.260667 346.746292 -0.565131 0.404185
29480.000000 3.237417 346.852646 -0.551835 0.396580
29500.000000 3.215114 346.957709 -0.536915 0.389013
29520.000000 3.193758 347.061443 -0.520504 0.381502
29540.000000 3.173349 347.163814 -0.502730 0.374063
29560.000000 3.153883 347.264796 -0.483717 0.366715
29580.000000 3.135352 347.364369 -0.463580 0.359473
29600.000000 3.117748 347.462517 -0.442431 0.352355
29620.000000 3.101060 347.559233 -0.420374 0.345379
29640.000000 3.085276 347.654514 -0.397507 0.338560
29660.000000 3.070380 347.748365 -0.373922 0.331915
29680.000000 3.056358 347.840796 -0.349703 0.325461
29700.000000 3.043192 347.931826 -0.324930 0.319213
29720.000000 3.030862 348.021477 -0.299674 0.313187
29740.000000 3.019351 348.109782 -0.274001 0.307396
29760.000000 3.008638 348.196775 -0.247971 0.301856
29780.000000 2.998702 348.282500 -0.221636 0.296578
29800.000000 2.989523 348.367004 -0.195044 0.291577
29820.000000 2.981081 348.450341 -0.168236 0.286862
29840.000000 2.973355 348.532570 -0.141248 0.282447
29860.000000 2.966325 348.613755 -0.114112 0.278339
29880.000000 2.959974 348.693963 -0.086852 0.274550
29900.000000 2.954282 348.773269 -0.059492 0.271088
29920.000000 2.949234 348.851746 -0.032047 0.267960
29940.000000 2.944813 348.929477 -0.004531 0.265173
29960.000000 2.941008 349.006544 0.023046 0.262736
29980.000000 2.937805 349.083032 0.050677 0.260652
30000.000000 2.935195 349.159032 0.078358 0.258927
30020.000000 2.933169 349.234633 0.106088 0.257567
30040.000000 2.931722 349.309928 0.133867 0.256573
30060.000000 2.930850 349.385011 0.161697 0.255951
30080.000000 2.930552 349.459978 0.189582 0.255703
30100.000000 2.930829 349.534924 0.217524 0.255829
30120.000000 2.931683 349.609946 0.245530 0.256333
30140.000000 2.933122 349.685142 0.273602 0.257215
30160.000000 2.935152 349.760606 0.301746 0.258476
30180.000000 2.937785 349.836436 0.329964 0.260113
30200.000000 2.941033 349.912726 0.358258 0.262128
30220.000000 2.944912 349.989569 0.386629 0.264517
30240.000000 2.949440 350.067058 0.415075 0.267278
30260.000000 2.954636 350.145282 0.443591 0.270408
30280.000000 2.960523 350.224328 0.472170 0.273903
30300.000000 2.967124 350.304280 0.500801 0.277757
30320.000000 2.974464 350.385219 0.529468 0.281965
30340.000000 2.982572 350.467221 0.558153 0.286519
30360.000000 2.991475 350.550360 0.586829 0.291411
30380.000000 3.001203 350.634703 0.615468 0.296632
30400.000000 3.011785 350.720312 0.644032 0.302171
30420.000000 3.023252 350.807244 0.672480 0.308018
30440.000000 3.035635 350.895550 0.700762 0.314158
30460.000000 3.048963 350.985274 0.728821 0.320578
30480.000000 3.063265 351.076454 0.756592 0.327263
30500.000000 3.078568 351.169120 0.784004 0.334196
30520.000000 3.094898 351.263295 0.810976 0.341360
30540.000000 3.112278 351.358993 0.837419 0.348735
30560.000000 3.130726 351.456222 0.863234 0.356302
30580.000000 3.150260 351.554982 0.888317 0.364040
30600.000000 3.170891 351.655264 0.912552 0.371926
30620.000000 3.192626 351.757051 0.935815 0.379939
30640.000000 3.215466 351.860320 0.957976 0.388056
30660.000000 3.239409 351.965039 0.978895 0.396252
30680.000000 3.264442 352.071169 0.998424 0.404504
30700.000000 3.290547 352.178665 1.016411 0.412787
30720.000000 3.317701 352.287475 1.032694 0.421077
30740.000000 3.345868 352.397542 1.047108 0.429350
30760.000000 3.375007 352.508803 1.059483 0.437582
30780.000000 3.405066 352.621192 1.069643 0.445748
30800.000000 3.435983 352.734639 1.077411 0.453825
30820.000000 3.467686 352.849068 1.082608 0.461790
30840.000000 3.500090 352.964404 1.085057 0.469620
30860.000000 3.533100 353.080570 1.084580 0.477293
30880.000000 3.566605 353.197487 1.081004 0.484786
30900.000000 3.600480 353.315077 1.074163 0.492078
30920.000000 3.634583 353.433261 1.063899 0.499147
30940.000000 3.668754 353.551964 1.050066 0.505972
30960.000000 3.702816 353.671112 1.032536 0.512530
30980.000000 3.736570 353.790632 1.011196 0.518801
31000.000000 3.769795 353.910459 0.985961 0.524761
31020.000000 3.802250 354.030529 0.956770 0.530390
31040.000000 3.833674 354.150783 0.923598 0.535663
31060.000000 3.863785 354.271168 0.886454 0.540559
31080.000000 3.892288 354.391639 0.845391 0.545055
31100.000000 3.918876 354.512154 0.800504 0.549127
31120.000000 3.943240 354.632677 0.751940 0.552753
31140.000000 3.965075 354.753183 0.699898 0.555915
31160.000000 3.984091 354.873648 0.644629 0.558593
31180.000000 4.000019 354.994058 0.586441 0.560772
31200.000000 4.012627 355.114403 0.525696 0.562441
31220.000000 4.021724 355.234680 0.462806 0.563591
31240.000000 4.027168 355.354892 0.398232 0.564219
31260.000000 4.028875 355.475042 0.332470 0.564323
31280.000000 4.026817 355.595142 0.266048 0.563908
31300.000000 4.021028 355.715201 0.199508 0.562981
31320.000000 4.011599 355.835232 0.133395 0.561549
31340.000000 3.998678 355.955244 0.068242 0.559625
31360.000000 3.982463 356.075245 0.004558 0.557223
31380.000000 3.963193 356.195239 -0.057187 0.554359
31400.000000 3.941144 356.315224 -0.116567 0.551051
31420.000000 3.916620 356.435194 -0.173211 0.547318
31440.000000 3.889938 356.555132 -0.226805 0.543183
31460.000000 3.861425 356.675018 -0.277093 0.538669
31480.000000 3.831403 356.794825 -0.323877 0.533799
31500.000000 3.800188 356.914515 -0.367016 0.528600
31520.000000 3.768075 357.034049 -0.406417 0.523095
31540.000000 3.735339 357.153377 -0.442035 0.517309
31560.000000 3.702230 357.272448 -0.473867 0.511267
31580.000000 3.668971 357.391204 -0.501943 0.504991
31600.000000 3.635756 357.509583 -0.526325 0.498503
31620.000000 3.602755 357.627520 -0.547100 0.491823
31640.000000 3.570109 357.744949 -0.564374 0.484973
31660.000000 3.537942 357.861802 -0.578269 0.477970
31680.000000 3.506352 357.978009 -0.588919 0.470832
31700.000000 3.475422 358.093502 -0.596469 0.463577
31720.000000 3.445221 358.208210 -0.601066 0.456220
31740.000000 3.415802 358.322067 -0.602865 0.448778
31760.000000 3.387210 358.435006 -0.602019 0.441266
31780.000000 3.359479 358.546962 -0.598686 0.433700
31800.000000 3.332637 358.657876 -0.593017 0.426095
31820.000000 3.306704 358.767687 -0.585167 0.418467
31840.000000 3.281696 358.876341 -0.575285 0.410832
31860.000000 3.257624 358.983787 -0.563516 0.403205
31880.000000 3.234495 359.089978 -0.550004 0.395604
31900.000000 3.212313 359.194872 -0.534884 0.388043
31920.000000 3.191080 359.298431 -0.518291 0.380540
31940.000000 3.170792 359.400625 -0.500351 0.373113
31960.000000 3.151447 359.501427 -0.481187 0.365777
31980.000000 3.133035 359.600818 -0.460914 0.358550
