0.000000 3.998604 196.004467 0.627965 -0.691929
20.000000 3.974859 195.856169 0.714618 -0.689920
40.000000 3.945676 195.707256 0.795998 -0.687361
60.000000 3.911760 195.557638 0.871523 -0.684284
80.000000 3.873861 195.407247 0.940779 -0.680725
100.000000 3.832734 195.256034 1.003508 -0.676725
120.000000 3.789099 195.103968 1.059594 -0.672323
140.000000 3.743621 194.951040 1.109041 -0.667560
160.000000 3.696890 194.797255 1.151958 -0.662472
180.000000 3.649417 194.642633 1.188531 -0.657094
200.000000 3.601634 194.487208 1.219010 -0.651458
220.000000 3.553899 194.331024 1.243687 -0.645594
240.000000 3.506506 194.174135 1.262884 -0.639529
260.000000 3.459692 194.016601 1.276937 -0.633288
280.000000 3.413647 193.858487 1.286186 -0.626894
300.000000 3.368525 193.699861 1.290972 -0.620369
320.000000 3.324444 193.540797 1.291623 -0.613733
340.000000 3.281501 193.381369 1.288457 -0.607007
360.000000 3.239769 193.221652 1.281778 -0.600208
380.000000 3.199305 193.061723 1.271872 -0.593354
400.000000 3.160151 192.901657 1.259010 -0.586464
420.000000 3.122339 192.741529 1.243446 -0.579554
440.000000 3.085890 192.581413 1.225417 -0.572642
460.000000 3.050817 192.421383 1.205148 -0.565743
480.000000 3.017127 192.261506 1.182845 -0.558876
500.000000 2.984820 192.101850 1.158704 -0.552056
520.000000 2.953892 191.942479 1.132904 -0.545299
540.000000 2.924335 191.783453 1.105615 -0.538622
560.000000 2.896137 191.624826 1.076993 -0.532042
580.000000 2.869283 191.466650 1.047184 -0.525573
600.000000 2.843757 191.308969 1.016321 -0.519232
620.000000 2.819540 191.151826 0.984529 -0.513034
640.000000 2.796610 190.995254 0.951922 -0.506994
660.000000 2.774945 190.839283 0.918604 -0.501126
680.000000 2.754522 190.683936 0.884670 -0.495445
700.000000 2.735314 190.529230 0.850208 -0.489963
720.000000 2.717298 190.375177 0.815294 -0.484694
740.000000 2.700447 190.221782 0.780001 -0.479649
760.000000 2.684733 190.069044 0.744389 -0.474839
780.000000 2.670132 189.916956 0.708517 -0.470274
800.000000 2.656615 189.765507 0.672433 -0.465965
820.000000 2.644156 189.614680 0.636182 -0.461919
840.000000 2.632730 189.464452 0.599802 -0.458144
860.000000 2.622311 189.314795 0.563327 -0.454648
880.000000 2.612874 189.165678 0.526786 -0.451435
900.000000 2.604396 189.017064 0.490205 -0.448511
920.000000 2.596854 188.868915 0.453606 -0.445880
940.000000 2.590228 188.721188 0.417009 -0.443546
960.000000 2.584496 188.573835 0.380430 -0.441511
980.000000 2.579642 188.426810 0.343884 -0.439776
1000.000000 2.575646 188.280061 0.307385 -0.438344
1020.000000 2.572496 188.133535 0.270943 -0.437213
1040.000000 2.570175 187.987180 0.234571 -0.436385
1060.000000 2.568673 187.840941 0.198277 -0.435857
1080.000000 2.567979 187.694764 0.162072 -0.435629
1100.000000 2.568085 187.548592 0.125966 -0.435697
1120.000000 2.568982 187.402373 0.089969 -0.436060
1140.000000 2.570665 187.256051 0.054090 -0.436713
1160.000000 2.573130 187.109575 0.018342 -0.437652
1180.000000 2.576375 186.962894 -0.017263 -0.438874
1200.000000 2.580397 186.815958 -0.052713 -0.440372
1220.000000 2.585196 186.668720 -0.087993 -0.442142
1240.000000 2.590773 186.521136 -0.123085 -0.444176
1260.000000 2.597130 186.373163 -0.157973 -0.446469
1280.000000 2.604269 186.224764 -0.192635 -0.449012
1300.000000 2.612194 186.075902 -0.227049 -0.451799
1320.000000 2.620908 185.926546 -0.261190 -0.454822
1340.000000 2.630416 185.776667 -0.295031 -0.458070
1360.000000 2.640721 185.626242 -0.328541 -0.461537
1380.000000 2.651830 185.475249 -0.361686 -0.465212
1400.000000 2.663746 185.323672 -0.394429 -0.469085
1420.000000 2.676475 185.171500 -0.426730 -0.473146
1440.000000 2.690021 185.018725 -0.458544 -0.477386
1460.000000 2.704388 184.865343 -0.489825 -0.481793
1480.000000 2.719582 184.711355 -0.520519 -0.486356
1500.000000 2.735606 184.556766 -0.550571 -0.491066
1520.000000 2.752466 184.401586 -0.579922 -0.495911
1540.000000 2.770166 184.245827 -0.608505 -0.500881
1560.000000 2.788711 184.089506 -0.636252 -0.505965
1580.000000 2.808106 183.932645 -0.663090 -0.511152
1600.000000 2.828357 183.775267 -0.688940 -0.516434
1620.000000 2.849473 183.617401 -0.713718 -0.521799
1640.000000 2.871461 183.459078 -0.737337 -0.527240
1660.000000 2.894332 183.300332 -0.759701 -0.532748
1680.000000 2.918099 183.141200 -0.780711 -0.538315
1700.000000 2.942775 182.981722 -0.800262 -0.543933
1720.000000 2.968380 182.821941 -0.818242 -0.549595
1740.000000 2.994932 182.661901 -0.834530 -0.555296
1760.000000 3.022456 182.501650 -0.849001 -0.561030
1780.000000 3.050979 182.341237 -0.861518 -0.566792
1800.000000 3.080530 182.180713 -0.871936 -0.572577
1820.000000 3.111143 182.020134 -0.880099 -0.578381
1840.000000 3.142853 181.859553 -0.885839 -0.584200
1860.000000 3.175699 181.699030 -0.888977 -0.590030
1880.000000 3.209717 181.538623 -0.889318 -0.595866
1900.000000 3.244945 181.378396 -0.886652 -0.601703
1920.000000 3.281416 181.218412 -0.880754 -0.607537
1940.000000 3.319158 181.058737 -0.871381 -0.613359
1960.000000 3.358187 180.899437 -0.858275 -0.619162
1980.000000 3.398500 180.740583 -0.841161 -0.624936
2000.000000 3.440073 180.582242 -0.819752 -0.630667
2020.000000 3.482849 180.424483 -0.793750 -0.636342
2040.000000 3.526727 180.267374 -0.762853 -0.641941
2060.000000 3.571554 180.110978 -0.726763 -0.647441
2080.000000 3.617106 179.955355 -0.685197 -0.652818
2100.000000 3.663084 179.800554 -0.637901 -0.658041
2120.000000 3.709095 179.646617 -0.584666 -0.663076
2140.000000 3.754651 179.493570 -0.525353 -0.667884
2160.000000 3.799165 179.341423 -0.459909 -0.672426
2180.000000 3.841959 179.190167 -0.388401 -0.676657
2200.000000 3.882280 179.039772 -0.311029 -0.680532
2220.000000 3.919329 178.890183 -0.228157 -0.684009
2240.000000 3.952293 178.741323 -0.140327 -0.687044
2260.000000 3.980390 178.593092 -0.048261 -0.689601
2280.000000 4.002908 178.445370 0.047141 -0.691646
2300.000000 4.019250 178.298019 0.144828 -0.693151
2320.000000 4.028969 178.150889 0.243632 -0.694091
2340.000000 4.031794 178.003824 0.342327 -0.694451
2360.000000 4.027647 177.856668 0.439683 -0.694218
2380.000000 4.016649 177.709271 0.534530 -0.693390
2400.000000 3.999108 177.561492 0.625800 -0.691970
2420.000000 3.975503 177.413208 0.712573 -0.689976
2440.000000 3.946444 177.264311 0.794088 -0.687430
2460.000000 3.912635 177.114711 0.869761 -0.684364
2480.000000 3.874824 176.964340 0.939173 -0.680817
2500.000000 3.833766 176.813147 1.002062 -0.676827
2520.000000 3.790183 176.661102 1.058310 -0.672434
2540.000000 3.744743 176.508195 1.107918 -0.667679
2560.000000 3.698036 176.354430 1.150991 -0.662599
2580.000000 3.650575 176.199828 1.187715 -0.657228
2600.000000 3.602795 176.044422 1.218339 -0.651598
2620.000000 3.555056 175.888257 1.243154 -0.645739
2640.000000 3.507651 175.731384 1.262480 -0.639679
2660.000000 3.460821 175.573865 1.276653 -0.633442
2680.000000 3.414756 175.415764 1.286016 -0.627051
2700.000000 3.369609 175.257150 1.290906 -0.620529
2720.000000 3.325502 175.098096 1.291654 -0.613896
2740.000000 3.282530 174.938676 1.288577 -0.607171
2760.000000 3.240768 174.778965 1.281980 -0.600374
2780.000000 3.200272 174.619040 1.272149 -0.593521
2800.000000 3.161087 174.458976 1.259355 -0.586632
2820.000000 3.123242 174.298849 1.243854 -0.579722
2840.000000 3.086759 174.138732 1.225883 -0.572809
2860.000000 3.051653 173.978698 1.205665 -0.565911
2880.000000 3.017929 173.818817 1.183410 -0.559042
2900.000000 2.985588 173.659155 1.159311 -0.552221
2920.000000 2.954627 173.499777 1.133549 -0.545462
2940.000000 2.925037 173.340741 1.106295 -0.538783
2960.000000 2.896806 173.182104 1.077704 -0.532200
2980.000000 2.869920 173.023916 1.047921 -0.525729
3000.000000 2.844362 172.866223 1.017083 -0.519385
3020.000000 2.820113 172.709066 0.985312 -0.513183
3040.000000 2.797152 172.552480 0.952723 -0.507139
3060.000000 2.775457 172.396494 0.919421 -0.501267
3080.000000 2.755003 172.241132 0.885502 -0.495581
3100.000000 2.735767 172.086411 0.851051 -0.490094
3120.000000 2.717722 171.932341 0.816148 -0.484819
3140.000000 2.700842 171.778930 0.780862 -0.479769
3160.000000 2.685102 171.626176 0.745258 -0.474953
3180.000000 2.670473 171.474073 0.709391 -0.470382
3200.000000 2.656930 171.322609 0.673312 -0.466067
3220.000000 2.644446 171.171766 0.637065 -0.462014
3240.000000 2.632995 171.021524 0.600687 -0.458233
3260.000000 2.622552 170.871853 0.564214 -0.454729
3280.000000 2.613092 170.722723 0.527675 -0.451510
3300.000000 2.604591 170.574098 0.491094 -0.448579
3320.000000 2.597027 170.425939 0.454496 -0.445941
3340.000000 2.590378 170.278201 0.417898 -0.443599
3360.000000 2.584625 170.130840 0.381319 -0.441557
3380.000000 2.579749 169.983808 0.344772 -0.439815
3400.000000 2.575733 169.837052 0.308271 -0.438375
3420.000000 2.572562 169.690522 0.271828 -0.437237
3440.000000 2.570222 169.544164 0.235454 -0.436401
3460.000000 2.568700 169.397922 0.199158 -0.435867
3480.000000 2.567987 169.251744 0.162951 -0.435631
3500.000000 2.568073 169.105573 0.126842 -0.435692
3520.000000 2.568951 168.959355 0.090842 -0.436048
3540.000000 2.570615 168.813037 0.054961 -0.436694
3560.000000 2.573061 168.666565 0.019209 -0.437626
3580.000000 2.576287 168.519890 -0.016400 -0.438841
3600.000000 2.580290 168.372960 -0.051854 -0.440333
3620.000000 2.585070 168.225730 -0.087137 -0.442096
3640.000000 2.590628 168.078155 -0.122235 -0.444124
3660.000000 2.596966 167.930192 -0.157127 -0.446410
3680.000000 2.604086 167.781804 -0.191795 -0.448948
3700.000000 2.611992 167.632954 -0.226216 -0.451729
3720.000000 2.620687 167.483610 -0.260364 -0.454745
3740.000000 2.630175 167.333744 -0.294213 -0.457989
3760.000000 2.640462 167.183332 -0.327731 -0.461450
3780.000000 2.651551 167.032353 -0.360885 -0.465120
3800.000000 2.663447 166.880791 -0.393638 -0.468988
3820.000000 2.676156 166.728634 -0.425950 -0.473045
3840.000000 2.689682 166.575873 -0.457777 -0.477281
3860.000000 2.704029 166.422506 -0.489071 -0.481684
3880.000000 2.719203 166.268533 -0.519781 -0.486244
3900.000000 2.735207 166.113959 -0.549849 -0.490950
3920.000000 2.752047 165.958792 -0.579217 -0.495792
3940.000000 2.769726 165.803047 -0.607820 -0.500759
3960.000000 2.788250 165.646740 -0.635589 -0.505840
3980.000000 2.807624 165.489891 -0.662450 -0.511025
4000.000000 2.827855 165.332526 -0.688324 -0.516304
4020.000000 2.848949 165.174671 -0.713130 -0.521668
4040.000000 2.870916 165.016359 -0.736777 -0.527107
4060.000000 2.893766 164.857623 -0.759173 -0.532614
4080.000000 2.917510 164.698500 -0.780217 -0.538179
4100.000000 2.942165 164.539030 -0.799805 -0.543796
4120.000000 2.967746 164.379255 -0.817824 -0.549457
4140.000000 2.994276 164.219221 -0.834156 -0.555157
4160.000000 3.021776 164.058975 -0.848672 -0.560890
4180.000000 3.050274 163.898565 -0.861238 -0.566652
4200.000000 3.079800 163.738044 -0.871709 -0.572436
4220.000000 3.110386 163.577464 -0.879928 -0.578240
4240.000000 3.142070 163.416883 -0.885730 -0.584059
4260.000000 3.174887 163.256358 -0.888933 -0.589888
4280.000000 3.208876 163.095948 -0.889345 -0.595724
4300.000000 3.244074 162.935715 -0.886754 -0.601561
4320.000000 3.280515 162.775725 -0.880937 -0.607395
4340.000000 3.318226 162.616041 -0.871652 -0.613218
4360.000000 3.357223 162.456732 -0.858640 -0.619021
4380.000000 3.397505 162.297866 -0.841627 -0.624796
4400.000000 3.439048 162.139511 -0.820326 -0.630529
4420.000000 3.481796 161.981738 -0.794439 -0.636205
4440.000000 3.525649 161.824612 -0.763665 -0.641806
4460.000000 3.570455 161.668198 -0.727704 -0.647309
4480.000000 3.615993 161.512555 -0.686274 -0.652689
4500.000000 3.661964 161.357734 -0.639120 -0.657916
4520.000000 3.707980 161.203776 -0.586031 -0.662956
4540.000000 3.753553 161.050707 -0.526867 -0.667770
4560.000000 3.798100 160.898538 -0.461572 -0.672319
4580.000000 3.840945 160.747261 -0.390209 -0.676558
4600.000000 3.881336 160.596845 -0.312976 -0.680443
4620.000000 3.918474 160.447237 -0.230233 -0.683929
4640.000000 3.951547 160.298361 -0.142515 -0.686976
4660.000000 3.979771 160.150116 -0.050542 -0.689545
4680.000000 4.002432 160.002383 0.044792 -0.691603
4700.000000 4.018930 159.855025 0.142436 -0.693121
4720.000000 4.028814 159.707891 0.241227 -0.694075
4740.000000 4.031808 159.560827 0.339939 -0.694449
4760.000000 4.027830 159.413675 0.437343 -0.694231
4780.000000 4.016995 159.266285 0.532263 -0.693417
4800.000000 3.999608 159.118517 0.623632 -0.692012
4820.000000 3.976144 158.970247 0.710524 -0.690031
4840.000000 3.947210 158.821366 0.792175 -0.687498
4860.000000 3.913507 158.671784 0.867995 -0.684445
4880.000000 3.875784 158.521432 0.937563 -0.680908
4900.000000 3.834796 158.370259 1.000613 -0.676929
4920.000000 3.791267 158.218236 1.057022 -0.672546
4940.000000 3.745864 158.065349 1.106790 -0.667799
4960.000000 3.699182 157.911605 1.150021 -0.662726
4980.000000 3.651734 157.757023 1.186897 -0.657361
5000.000000 3.603957 157.601636 1.217665 -0.651738
5020.000000 3.556213 157.445489 1.242617 -0.645884
5040.000000 3.508797 157.288633 1.262072 -0.639828
5060.000000 3.461950 157.131128 1.276367 -0.633595
5080.000000 3.415865 156.973040 1.285843 -0.627208
5100.000000 3.370694 156.814438 1.290838 -0.620689
5120.000000 3.326561 156.655394 1.291682 -0.614058
5140.000000 3.283560 156.495982 1.288695 -0.607335
5160.000000 3.241768 156.336277 1.282180 -0.600539
5180.000000 3.201241 156.176356 1.272424 -0.593688
5200.000000 3.162023 156.016295 1.259699 -0.586799
5220.000000 3.124145 155.856168 1.244261 -0.579890
5240.000000 3.087630 155.696051 1.226347 -0.572977
5260.000000 3.052490 155.536014 1.206182 -0.566078
5280.000000 3.018732 155.376128 1.183973 -0.559209
5300.000000 2.986358 155.216461 1.159917 -0.552386
5320.000000 2.955363 155.057074 1.134194 -0.545626
5340.000000 2.925739 154.898030 1.106974 -0.538945
5360.000000 2.897476 154.739382 1.078413 -0.532359
5380.000000 2.870557 154.581183 1.048658 -0.525885
5400.000000 2.844968 154.423478 1.017844 -0.519537
5420.000000 2.820687 154.266307 0.986094 -0.513332
5440.000000 2.797695 154.109707 0.953524 -0.507284
5460.000000 2.775969 153.953706 0.920238 -0.501407
5480.000000 2.755486 153.798328 0.886332 -0.495717
5500.000000 2.736220 153.643591 0.851894 -0.490225
5520.000000 2.718147 153.489506 0.817000 -0.484945
5540.000000 2.701239 153.336079 0.781724 -0.479888
5560.000000 2.685471 153.183309 0.746126 -0.475067
5580.000000 2.670816 153.031190 0.710266 -0.470490
5600.000000 2.657247 152.879710 0.674191 -0.466168
5620.000000 2.644737 152.728853 0.637947 -0.462110
5640.000000 2.633262 152.578596 0.601572 -0.458322
5660.000000 2.622794 152.428912 0.565101 -0.454811
5680.000000 2.613310 152.279770 0.528563 -0.451584
5700.000000 2.604786 152.131133 0.491984 -0.448646
5720.000000 2.597200 151.982962 0.455385 -0.446001
5740.000000 2.590529 151.835215 0.418787 -0.443653
5760.000000 2.584755 151.687846 0.382207 -0.441603
5780.000000 2.579858 151.540806 0.345660 -0.439854
5800.000000 2.575821 151.394044 0.309158 -0.438406
5820.000000 2.572629 151.247509 0.272713 -0.437261
5840.000000 2.570269 151.101147 0.236337 -0.436418
5860.000000 2.568728 150.954904 0.200039 -0.435876
5880.000000 2.567995 150.808724 0.163830 -0.435633
5900.000000 2.568061 150.662554 0.127718 -0.435687
5920.000000 2.568920 150.516338 0.091715 -0.436035
5940.000000 2.570565 150.370023 0.055831 -0.436674
5960.000000 2.572993 150.223555 0.020076 -0.437600
5980.000000 2.576199 150.076885 -0.015536 -0.438808
6000.000000 2.580183 149.929963 -0.050994 -0.440293
6020.000000 2.584945 149.782741 -0.086282 -0.442050
6040.000000 2.590484 149.635174 -0.121384 -0.444071
6060.000000 2.596803 149.487221 -0.156282 -0.446351
6080.000000 2.603904 149.338844 -0.190956 -0.448883
6100.000000 2.611791 149.190005 -0.225383 -0.451658
6120.000000 2.620466 149.040674 -0.259538 -0.454669
6140.000000 2.629935 148.890821 -0.293394 -0.457907
6160.000000 2.640202 148.740422 -0.326921 -0.461364
6180.000000 2.651272 148.589457 -0.360084 -0.465028
6200.000000 2.663148 148.437910 -0.392847 -0.468892
6220.000000 2.675837 148.285767 -0.425171 -0.472945
6240.000000 2.689343 148.133021 -0.457010 -0.477176
6260.000000 2.703671 147.979669 -0.488318 -0.481575
6280.000000 2.718824 147.825710 -0.519042 -0.486131
6300.000000 2.734808 147.671150 -0.549127 -0.490834
6320.000000 2.751628 147.515998 -0.578512 -0.495673
6340.000000 2.769286 147.360267 -0.607135 -0.500637
6360.000000 2.787790 147.203973 -0.634924 -0.505715
6380.000000 2.807143 147.047137 -0.661808 -0.510898
6400.000000 2.827353 146.889784 -0.687708 -0.516175
6420.000000 2.848426 146.731941 -0.712540 -0.521537
6440.000000 2.870372 146.573639 -0.736217 -0.526974
6460.000000 2.893200 146.414913 -0.758644 -0.532479
6480.000000 2.916923 146.255799 -0.779723 -0.538043
6500.000000 2.941555 146.096337 -0.799347 -0.543658
6520.000000 2.967114 145.936570 -0.817406 -0.549319
6540.000000 2.993620 145.776541 -0.833780 -0.555018
6560.000000 3.021096 145.616299 -0.848342 -0.560751
6580.000000 3.049569 145.455893 -0.860957 -0.566511
6600.000000 3.079070 145.295374 -0.871480 -0.572295
6620.000000 3.109630 145.134795 -0.879757 -0.578099
6640.000000 3.141286 144.974213 -0.885619 -0.583917
6660.000000 3.174075 144.813686 -0.888888 -0.589746
6680.000000 3.208036 144.653272 -0.889369 -0.595582
6700.000000 3.243204 144.493035 -0.886855 -0.601420
6720.000000 3.279615 144.333038 -0.881119 -0.607253
6740.000000 3.317295 144.173346 -0.871921 -0.613076
6760.000000 3.356260 144.014027 -0.859002 -0.618881
6780.000000 3.396511 143.855149 -0.842090 -0.624656
6800.000000 3.438024 143.696781 -0.820897 -0.630390
6820.000000 3.480743 143.538993 -0.795125 -0.636068
6840.000000 3.524571 143.381851 -0.764473 -0.641670
6860.000000 3.569356 143.225419 -0.728642 -0.647177
6880.000000 3.614880 143.069756 -0.687348 -0.652560
6900.000000 3.660845 142.914915 -0.640335 -0.657791
6920.000000 3.706865 142.760935 -0.587393 -0.662836
6940.000000 3.752456 142.607844 -0.528377 -0.667656
6960.000000 3.797035 142.455654 -0.463231 -0.672212
6980.000000 3.839930 142.304355 -0.392014 -0.676459
7000.000000 3.880390 142.153919 -0.314920 -0.680353
7020.000000 3.917617 142.004292 -0.232305 -0.683850
7040.000000 3.950798 141.855399 -0.144700 -0.686908
7060.000000 3.979148 141.707141 -0.052820 -0.689489
7080.000000 4.001952 141.559397 0.042443 -0.691559
7100.000000 4.018606 141.412031 0.140045 -0.693090
7120.000000 4.028655 141.264894 0.238823 -0.694059
7140.000000 4.031818 141.117830 0.337551 -0.694447
7160.000000 4.028009 140.970681 0.435001 -0.694243
7180.000000 4.017338 140.823299 0.529995 -0.693444
7200.000000 4.000105 140.675542 0.621462 -0.692053
7220.000000 3.976782 140.527286 0.708471 -0.690085
7240.000000 3.947972 140.378420 0.790258 -0.687566
7260.000000 3.914376 140.228856 0.866226 -0.684525
7280.000000 3.876742 140.078523 0.935949 -0.681000
7300.000000 3.835825 139.927371 0.999159 -0.677030
7320.000000 3.792350 139.775369 1.055730 -0.672657
7340.000000 3.746985 139.622503 1.105659 -0.667918
7360.000000 3.700327 139.468780 1.149046 -0.662853
7380.000000 3.652893 139.314218 1.186074 -0.657495
7400.000000 3.605119 139.158850 1.216987 -0.651877
7420.000000 3.557370 139.002720 1.242077 -0.646029
7440.000000 3.509944 138.845881 1.261662 -0.639978
7460.000000 3.463080 138.688391 1.276079 -0.633748
7480.000000 3.416974 138.530317 1.285667 -0.627365
7500.000000 3.371780 138.371726 1.290767 -0.620849
7520.000000 3.327620 138.212692 1.291708 -0.614220
7540.000000 3.284591 138.053288 1.288810 -0.607500
7560.000000 3.242769 137.893589 1.282377 -0.600705
7580.000000 3.202211 137.733673 1.272697 -0.593855
7600.000000 3.162960 137.573614 1.260042 -0.586967
7620.000000 3.125050 137.413488 1.244666 -0.580058
7640.000000 3.088501 137.253369 1.226810 -0.573145
7660.000000 3.053327 137.093330 1.206697 -0.566245
7680.000000 3.019536 136.933440 1.184535 -0.559375
7700.000000 2.987128 136.773766 1.160522 -0.552551
7720.000000 2.956100 136.614372 1.134837 -0.545789
7740.000000 2.926443 136.455319 1.107651 -0.539106
7760.000000 2.898146 136.296661 1.079122 -0.532518
7780.000000 2.871196 136.138450 1.049394 -0.526041
7800.000000 2.845574 135.980732 1.018604 -0.519690
7820.000000 2.821262 135.823548 0.986876 -0.513481
7840.000000 2.798239 135.666934 0.954324 -0.507429
7860.000000 2.776482 135.510918 0.921055 -0.501548
7880.000000 2.755969 135.355525 0.887163 -0.495853
7900.000000 2.736674 135.200772 0.852736 -0.490356
7920.000000 2.718572 135.046671 0.817853 -0.485071
7940.000000 2.701636 134.893228 0.782585 -0.480009
7960.000000 2.685841 134.740442 0.746995 -0.475181
7980.000000 2.671159 134.588307 0.711140 -0.470599
8000.000000 2.657564 134.436812 0.675070 -0.466270
8020.000000 2.645029 134.285940 0.638830 -0.462205
8040.000000 2.633528 134.135669 0.602458 -0.458410
8060.000000 2.623037 133.985972 0.565988 -0.454893
8080.000000 2.613529 133.836816 0.529451 -0.451659
8100.000000 2.604982 133.688168 0.492873 -0.448714
8120.000000 2.597373 133.539986 0.456275 -0.446062
8140.000000 2.590680 133.392229 0.419677 -0.443706
8160.000000 2.584884 133.244851 0.383096 -0.441649
8180.000000 2.579966 133.097804 0.346547 -0.439893
8200.000000 2.575909 132.951036 0.310044 -0.438438
8220.000000 2.572697 132.804496 0.273598 -0.437286
8240.000000 2.570317 132.658131 0.237220 -0.436435
8260.000000 2.568755 132.511885 0.200920 -0.435886
8280.000000 2.568003 132.365705 0.164708 -0.435635
8300.000000 2.568050 132.219535 0.128595 -0.435682
8320.000000 2.568890 132.073320 0.092589 -0.436023
8340.000000 2.570516 131.927008 0.056702 -0.436655
8360.000000 2.572924 131.780545 0.020944 -0.437574
8380.000000 2.576112 131.633881 -0.014673 -0.438775
8400.000000 2.580077 131.486965 -0.050135 -0.440254
8420.000000 2.584820 131.339751 -0.085427 -0.442004
8440.000000 2.590340 131.192193 -0.120534 -0.444019
8460.000000 2.596640 131.044250 -0.155437 -0.446293
8480.000000 2.603722 130.895883 -0.190116 -0.448819
8500.000000 2.611590 130.747056 -0.224549 -0.451588
8520.000000 2.620246 130.597737 -0.258711 -0.454594
8540.000000 2.629696 130.447897 -0.292575 -0.457826
8560.000000 2.639943 130.297512 -0.326110 -0.461277
8580.000000 2.650993 130.146561 -0.359283 -0.464937
8600.000000 2.662850 129.995028 -0.392056 -0.468796
8620.000000 2.675519 129.842900 -0.424391 -0.472844
8640.000000 2.689005 129.690169 -0.456242 -0.477071
8660.000000 2.703313 129.536831 -0.487564 -0.481466
8680.000000 2.718446 129.382887 -0.518302 -0.486019
8700.000000 2.734410 129.228342 -0.548404 -0.490718
8720.000000 2.751209 129.073204 -0.577807 -0.495554
8740.000000 2.768847 128.917486 -0.606449 -0.500515
8760.000000 2.787330 128.761206 -0.634259 -0.505590
8780.000000 2.806663 128.604383 -0.661166 -0.510771
8800.000000 2.826852 128.447042 -0.687091 -0.516046
8820.000000 2.847904 128.289211 -0.711950 -0.521406
8840.000000 2.869828 128.130920 -0.735656 -0.526841
8860.000000 2.892635 127.972204 -0.758115 -0.532345
8880.000000 2.916335 127.813099 -0.779227 -0.537907
8900.000000 2.940945 127.653645 -0.798889 -0.543521
8920.000000 2.966481 127.493884 -0.816987 -0.549181
8940.000000 2.992964 127.333861 -0.833403 -0.554879
8960.000000 3.020417 127.173624 -0.848010 -0.560611
8980.000000 3.048865 127.013221 -0.860675 -0.566371
9000.000000 3.078341 126.852704 -0.871251 -0.572155
9020.000000 3.108875 126.692126 -0.879583 -0.577958
9040.000000 3.140504 126.531544 -0.885507 -0.583776
9060.000000 3.173265 126.371014 -0.888841 -0.589605
9080.000000 3.207196 126.210597 -0.889392 -0.595440
9100.000000 3.242335 126.050355 -0.886953 -0.601278
9120.000000 3.278715 125.890351 -0.881298 -0.607112
9140.000000 3.316364 125.730651 -0.872187 -0.612935
9160.000000 3.355298 125.571322 -0.859362 -0.618740
9180.000000 3.395518 125.412432 -0.842551 -0.624516
9200.000000 3.437001 125.254052 -0.821465 -0.630251
9220.000000 3.479692 125.096248 -0.795808 -0.635931
9240.000000 3.523494 124.939090 -0.765278 -0.641535
9260.000000 3.568258 124.782640 -0.729576 -0.647044
9280.000000 3.613767 124.626958 -0.688418 -0.652431
9300.000000 3.659726 124.472096 -0.641547 -0.657666
9320.000000 3.705749 124.318095 -0.588751 -0.662716
9340.000000 3.751357 124.164982 -0.529884 -0.667542
9360.000000 3.795969 124.012770 -0.464887 -0.672105
9380.000000 3.838913 123.861450 -0.393815 -0.676360
9400.000000 3.879441 123.710993 -0.316860 -0.680263
9420.000000 3.916757 123.561348 -0.234374 -0.683770
9440.000000 3.950046 123.412438 -0.146883 -0.686839
9460.000000 3.978522 123.264165 -0.055097 -0.689432
9480.000000 4.001469 123.116411 0.040096 -0.691515
9500.000000 4.018278 122.969037 0.137654 -0.693060
9520.000000 4.028492 122.821897 0.236418 -0.694042
9540.000000 4.031824 122.674832 0.335162 -0.694445
9560.000000 4.028184 122.527688 0.432657 -0.694255
9580.000000 4.017676 122.380313 0.527724 -0.693470
9600.000000 4.000598 122.232567 0.619288 -0.692093
9620.000000 3.977416 122.084324 0.706416 -0.690140
9640.000000 3.948732 121.935474 0.788337 -0.687633
9660.000000 3.915244 121.785928 0.864452 -0.684605
9680.000000 3.877699 121.635615 0.934331 -0.681091
9700.000000 3.836853 121.484483 0.997701 -0.677132
9720.000000 3.793431 121.332501 1.054434 -0.672767
9740.000000 3.748105 121.179657 1.104524 -0.668038
9760.000000 3.701472 121.025954 1.148068 -0.662980
9780.000000 3.654051 120.871412 1.185248 -0.657628
9800.000000 3.606281 120.716063 1.216307 -0.652016
9820.000000 3.558528 120.559951 1.241534 -0.646173
9840.000000 3.511090 120.403129 1.261249 -0.640127
9860.000000 3.464211 120.245654 1.275787 -0.633902
9880.000000 3.418085 120.087593 1.285489 -0.627522
9900.000000 3.372866 119.929014 1.290693 -0.621008
9920.000000 3.328680 119.769990 1.291732 -0.614383
9940.000000 3.285623 119.610594 1.288924 -0.607664
9960.000000 3.243770 119.450902 1.282573 -0.600871
9980.000000 3.203181 119.290990 1.272969 -0.594022
10000.000000 3.163898 119.130933 1.260382 -0.587135
10020.000000 3.125955 118.970808 1.245070 -0.580226
10040.000000 3.089373 118.810688 1.227271 -0.573313
10060.000000 3.054166 118.650646 1.207210 -0.566413
10080.000000 3.020341 118.490752 1.185097 -0.559541
10100.000000 2.987899 118.331072 1.161126 -0.552716
10120.000000 2.956838 118.171670 1.135480 -0.545952
10140.000000 2.927148 118.012608 1.108329 -0.539267
10160.000000 2.898818 117.853940 1.079830 -0.532677
10180.000000 2.871835 117.695718 1.050130 -0.526197
10200.000000 2.846181 117.537987 1.019364 -0.519842
10220.000000 2.821837 117.380790 0.987657 -0.513630
10240.000000 2.798783 117.224161 0.955124 -0.507574
10260.000000 2.776996 117.068131 0.921871 -0.501689
10280.000000 2.756453 116.912722 0.887993 -0.495989
10300.000000 2.737129 116.757954 0.853579 -0.490487
10320.000000 2.718998 116.603837 0.818706 -0.485196
10340.000000 2.702034 116.450377 0.783446 -0.480129
10360.000000 2.686211 116.297575 0.747863 -0.475296
10380.000000 2.671503 116.145425 0.712014 -0.470707
10400.000000 2.657882 115.993915 0.675949 -0.466372
10420.000000 2.645321 115.843028 0.639712 -0.462301
10440.000000 2.633796 115.692743 0.603343 -0.458499
10460.000000 2.623280 115.543031 0.566876 -0.454975
10480.000000 2.613749 115.393863 0.530340 -0.451735
10500.000000 2.605179 115.245203 0.493762 -0.448783
10520.000000 2.597547 115.097011 0.457164 -0.446123
10540.000000 2.590832 114.949244 0.420566 -0.443760
10560.000000 2.585015 114.801857 0.383985 -0.441695
10580.000000 2.580076 114.654802 0.347435 -0.439932
10600.000000 2.575997 114.508028 0.310930 -0.438470
10620.000000 2.572765 114.361483 0.274483 -0.437310
10640.000000 2.570365 114.215114 0.238103 -0.436452
10660.000000 2.568784 114.068866 0.201801 -0.435895
10680.000000 2.568012 113.922685 0.165587 -0.435638
10700.000000 2.568040 113.776516 0.129471 -0.435678
10720.000000 2.568860 113.630303 0.093463 -0.436012
10740.000000 2.570467 113.483994 0.057572 -0.436637
10760.000000 2.572857 113.337535 0.021811 -0.437549
10780.000000 2.576025 113.190876 -0.013809 -0.438743
10800.000000 2.579972 113.043967 -0.049275 -0.440215
10820.000000 2.584695 112.896760 -0.084571 -0.441958
10840.000000 2.590197 112.749212 -0.119683 -0.443967
10860.000000 2.596478 112.601279 -0.154591 -0.446235
10880.000000 2.603541 112.452923 -0.189276 -0.448754
10900.000000 2.611389 112.304107 -0.223715 -0.451518
10920.000000 2.620026 112.154800 -0.257885 -0.454518
10940.000000 2.629457 112.004974 -0.291756 -0.457745
10960.000000 2.639685 111.854602 -0.325299 -0.461191
10980.000000 2.650715 111.703665 -0.358481 -0.464846
11000.000000 2.662552 111.552146 -0.391265 -0.468700
11020.000000 2.675202 111.400032 -0.423611 -0.472743
11040.000000 2.688668 111.247316 -0.455475 -0.476966
11060.000000 2.702955 111.093993 -0.486809 -0.481357
11080.000000 2.718069 110.940064 -0.517563 -0.485906
11100.000000 2.734012 110.785533 -0.547680 -0.490602
11120.000000 2.750791 110.630410 -0.577101 -0.495435
11140.000000 2.768409 110.474706 -0.605762 -0.500393
11160.000000 2.786871 110.318439 -0.633594 -0.505466
11180.000000 2.806183 110.161629 -0.660524 -0.510644
11200.000000 2.826351 110.004300 -0.686473 -0.515916
11220.000000 2.847382 109.846481 -0.711359 -0.521274
11240.000000 2.869285 109.688200 -0.735094 -0.526709
11260.000000 2.892070 109.529494 -0.757585 -0.532210
11280.000000 2.915749 109.370398 -0.778731 -0.537771
11300.000000 2.940336 109.210952 -0.798429 -0.543384
11320.000000 2.965850 109.051198 -0.816566 -0.549043
11340.000000 2.992309 108.891181 -0.833025 -0.554740
11360.000000 3.019738 108.730949 -0.847678 -0.560471
11380.000000 3.048162 108.570549 -0.860391 -0.566231
11400.000000 3.077612 108.410034 -0.871019 -0.572014
11420.000000 3.108120 108.249457 -0.879409 -0.577816
11440.000000 3.139722 108.088874 -0.885393 -0.583634
11460.000000 3.172455 107.928343 -0.888792 -0.589463
11480.000000 3.206357 107.767922 -0.889413 -0.595298
11500.000000 3.241466 107.607675 -0.887049 -0.601136
11520.000000 3.277816 107.447664 -0.881476 -0.606970
11540.000000 3.315434 107.287956 -0.872452 -0.612794
11560.000000 3.354336 107.128617 -0.859720 -0.618599
11580.000000 3.394525 106.969716 -0.843009 -0.624376
11600.000000 3.435978 106.811322 -0.822030 -0.630113
11620.000000 3.478640 106.653504 -0.796488 -0.635793
11640.000000 3.522418 106.496329 -0.766080 -0.641400
11660.000000 3.567160 106.339861 -0.730507 -0.646912
11680.000000 3.612654 106.184160 -0.689485 -0.652302
11700.000000 3.658606 106.029278 -0.642756 -0.657541
11720.000000 3.704634 105.875255 -0.590106 -0.662595
11740.000000 3.750258 105.722121 -0.531387 -0.667428
11760.000000 3.794902 105.569887 -0.466539 -0.671997
11780.000000 3.837895 105.418545 -0.395613 -0.676260
11800.000000 3.878491 105.268068 -0.318798 -0.680172
11820.000000 3.915894 105.118404 -0.236440 -0.683690
11840.000000 3.949291 104.969477 -0.149063 -0.686770
11860.000000 3.977893 104.821190 -0.057372 -0.689375
11880.000000 4.000981 104.673425 0.037750 -0.691471
11900.000000 4.017946 104.526044 0.135264 -0.693029
11920.000000 4.028324 104.378899 0.234013 -0.694025
11940.000000 4.031826 104.231835 0.332773 -0.694442
11960.000000 4.028354 104.084694 0.430312 -0.694267
11980.000000 4.018011 103.937327 0.525451 -0.693496
12000.000000 4.001088 103.789591 0.617112 -0.692134
12020.000000 3.978047 103.641361 0.704358 -0.690194
12040.000000 3.949489 103.492528 0.786413 -0.687700
12060.000000 3.916109 103.343000 0.862675 -0.684684
12080.000000 3.878653 103.192706 0.932709 -0.681182
12100.000000 3.837879 103.041594 0.996240 -0.677233
12120.000000 3.794511 102.889633 1.053135 -0.672878
12140.000000 3.749224 102.736810 1.103385 -0.668157
12160.000000 3.702616 102.583128 1.147086 -0.663106
12180.000000 3.655209 102.428606 1.184418 -0.657762
12200.000000 3.607443 102.273276 1.215622 -0.652156
12220.000000 3.559686 102.117182 1.240988 -0.646318
12240.000000 3.512237 101.960376 1.260833 -0.640276
12260.000000 3.465342 101.802917 1.275492 -0.634055
12280.000000 3.419195 101.644869 1.285308 -0.627678
12300.000000 3.373954 101.486302 1.290618 -0.621168
12320.000000 3.329741 101.327288 1.291754 -0.614545
12340.000000 3.286655 101.167900 1.289035 -0.607828
12360.000000 3.244773 101.008214 1.282767 -0.601037
12380.000000 3.204152 100.848306 1.273239 -0.594189
12400.000000 3.164837 100.688252 1.260722 -0.587302
12420.000000 3.126861 100.528128 1.245473 -0.580394
12440.000000 3.090245 100.368007 1.227732 -0.573481
12460.000000 3.055005 100.207962 1.207723 -0.566580
12480.000000 3.021146 100.048063 1.185657 -0.559708
12500.000000 2.988671 99.888378 1.161729 -0.552881
12520.000000 2.957576 99.728969 1.136122 -0.546116
12540.000000 2.927853 99.569897 1.109005 -0.539429
12560.000000 2.899491 99.411219 1.080537 -0.532836
12580.000000 2.872475 99.252985 1.050865 -0.526353
12600.000000 2.846789 99.095243 1.020123 -0.519995
12620.000000 2.822413 98.938032 0.988438 -0.513779
12640.000000 2.799328 98.781389 0.955924 -0.507719
12660.000000 2.777511 98.625344 0.922687 -0.501830
12680.000000 2.756938 98.469920 0.888823 -0.496125
12700.000000 2.737584 98.315136 0.854421 -0.490618
12720.000000 2.719424 98.161003 0.819558 -0.485322
12740.000000 2.702433 98.007527 0.784307 -0.480249
12760.000000 2.686583 97.854709 0.748731 -0.475410
12780.000000 2.671847 97.702543 0.712888 -0.470815
12800.000000 2.658200 97.551018 0.676827 -0.466475
12820.000000 2.645614 97.400116 0.640594 -0.462396
12840.000000 2.634064 97.249816 0.604228 -0.458588
12860.000000 2.623524 97.100092 0.567763 -0.455058
12880.000000 2.613969 96.950911 0.531228 -0.451810
12900.000000 2.605376 96.802238 0.494651 -0.448851
12920.000000 2.597722 96.654035 0.458053 -0.446184
12940.000000 2.590985 96.506259 0.421455 -0.443814
12960.000000 2.585146 96.358863 0.384873 -0.441742
12980.000000 2.580185 96.211801 0.348323 -0.439971
13000.000000 2.576086 96.065021 0.311817 -0.438502
13020.000000 2.572834 95.918471 0.275368 -0.437335
13040.000000 2.570413 95.772098 0.238986 -0.436469
13060.000000 2.568813 95.625848 0.202682 -0.435905
13080.000000 2.568021 95.479666 0.166466 -0.435641
13100.000000 2.568030 95.333497 0.130348 -0.435673
13120.000000 2.568831 95.187286 0.094336 -0.436000
13140.000000 2.570419 95.040980 0.058443 -0.436618
13160.000000 2.572789 94.894525 0.022678 -0.437523
13180.000000 2.575939 94.747872 -0.012945 -0.438711
13200.000000 2.579866 94.600969 -0.048415 -0.440176
13220.000000 2.584571 94.453770 -0.083716 -0.441912
13240.000000 2.590054 94.306230 -0.118832 -0.443915
13260.000000 2.596316 94.158307 -0.153745 -0.446177
13280.000000 2.603360 94.009962 -0.188436 -0.448690
13300.000000 2.611189 93.861158 -0.222882 -0.451448
13320.000000 2.619807 93.711863 -0.257058 -0.454442
13340.000000 2.629218 93.562050 -0.290937 -0.457664
13360.000000 2.639427 93.411691 -0.324488 -0.461104
13380.000000 2.650437 93.260768 -0.357679 -0.464754
13400.000000 2.662255 93.109264 -0.390473 -0.468604
13420.000000 2.674885 92.957164 -0.422830 -0.472643
13440.000000 2.688331 92.804463 -0.454706 -0.476861
13460.000000 2.702598 92.651155 -0.486054 -0.481249
13480.000000 2.717692 92.497240 -0.516823 -0.485794
13500.000000 2.733615 92.342724 -0.546956 -0.490486
13520.000000 2.750373 92.187615 -0.576395 -0.495316
13540.000000 2.767970 92.031925 -0.605075 -0.500271
13560.000000 2.786412 91.875671 -0.632928 -0.505341
13580.000000 2.805703 91.718875 -0.659881 -0.510517
13600.000000 2.825851 91.561558 -0.685855 -0.515787
13620.000000 2.846861 91.403750 -0.710768 -0.521143
13640.000000 2.868742 91.245481 -0.734532 -0.526576
13660.000000 2.891506 91.086784 -0.757054 -0.532076
13680.000000 2.915163 90.927697 -0.778234 -0.537635
13700.000000 2.939728 90.768259 -0.797968 -0.543247
13720.000000 2.965219 90.608512 -0.816145 -0.548905
13740.000000 2.991655 90.448501 -0.832646 -0.554602
13760.000000 3.019060 90.288273 -0.847344 -0.560332
13780.000000 3.047459 90.127877 -0.860106 -0.566091
13800.000000 3.076884 89.967364 -0.870787 -0.571873
13820.000000 3.107366 89.806789 -0.879233 -0.577675
13840.000000 3.138941 89.646205 -0.885277 -0.583492
13860.000000 3.171646 89.485671 -0.888741 -0.589321
13880.000000 3.205519 89.325248 -0.889433 -0.595157
13900.000000 3.240599 89.164995 -0.887144 -0.600994
13920.000000 3.276918 89.004978 -0.881651 -0.606828
13940.000000 3.314504 88.845262 -0.872714 -0.612652
13960.000000 3.353376 88.685913 -0.860076 -0.618458
13980.000000 3.393533 88.527001 -0.843464 -0.624236
14000.000000 3.434956 88.368594 -0.822593 -0.629974
14020.000000 3.477590 88.210761 -0.797165 -0.635656
14040.000000 3.521342 88.053569 -0.766879 -0.641265
14060.000000 3.566063 87.897083 -0.731435 -0.646779
14080.000000 3.611542 87.741363 -0.690549 -0.652172
14100.000000 3.657487 87.586460 -0.643961 -0.657416
14120.000000 3.703518 87.432416 -0.591457 -0.662475
14140.000000 3.749158 87.279260 -0.532886 -0.667313
14160.000000 3.793834 87.127004 -0.468187 -0.671890
14180.000000 3.836875 86.975641 -0.397407 -0.676161
14200.000000 3.877539 86.825144 -0.320732 -0.680082
14220.000000 3.915030 86.675460 -0.238504 -0.683609
14240.000000 3.948533 86.526517 -0.151241 -0.686700
14260.000000 3.977261 86.378216 -0.059645 -0.689317
14280.000000 4.000491 86.230439 0.035406 -0.691426
14300.000000 4.017611 86.083051 0.132875 -0.692997
14320.000000 4.028153 85.935902 0.231608 -0.694008
14340.000000 4.031824 85.788838 0.330382 -0.694439
14360.000000 4.028521 85.641701 0.427966 -0.694278
14380.000000 4.018342 85.494340 0.523176 -0.693522
14400.000000 4.001574 85.346615 0.614934 -0.692174
14420.000000 3.978675 85.198399 0.702296 -0.690248
14440.000000 3.950243 85.049581 0.784486 -0.687767
14460.000000 3.916971 84.900071 0.860894 -0.684763
14480.000000 3.879606 84.749796 0.931083 -0.681272
14500.000000 3.838903 84.598705 0.994774 -0.677334
14520.000000 3.795591 84.446765 1.051831 -0.672988
14540.000000 3.750343 84.293963 1.102242 -0.668275
14560.000000 3.703760 84.140301 1.146101 -0.663232
14580.000000 3.656367 83.985799 1.183584 -0.657895
14600.000000 3.608605 83.830489 1.214934 -0.652295
14620.000000 3.560844 83.674413 1.240438 -0.646462
14640.000000 3.513385 83.517623 1.260413 -0.640425
14660.000000 3.466473 83.360179 1.275195 -0.634208
14680.000000 3.420306 83.202145 1.285124 -0.627835
14700.000000 3.375041 83.043590 1.290539 -0.621328
14720.000000 3.330802 82.884585 1.291773 -0.614707
14740.000000 3.287688 82.725205 1.289145 -0.607992
14760.000000 3.245776 82.565526 1.282959 -0.601203
14780.000000 3.205124 82.405623 1.273507 -0.594356
14800.000000 3.165777 82.245572 1.261059 -0.587470
14820.000000 3.127768 82.085448 1.245874 -0.580562
14840.000000 3.091119 81.925327 1.228191 -0.573649
14860.000000 3.055845 81.765279 1.208235 -0.566748
14880.000000 3.021953 81.605376 1.186216 -0.559874
14900.000000 2.989444 81.445684 1.162331 -0.553046
14920.000000 2.958315 81.286268 1.136762 -0.546279
14940.000000 2.928559 81.127187 1.109681 -0.539590
14960.000000 2.900164 80.968499 1.081244 -0.532995
14980.000000 2.873115 80.810254 1.051599 -0.526509
15000.000000 2.847397 80.652499 1.020882 -0.520148
15020.000000 2.822990 80.495275 0.989218 -0.513928
15040.000000 2.799874 80.338618 0.956723 -0.507864
15060.000000 2.778026 80.182557 0.923502 -0.501971
15080.000000 2.757423 80.027118 0.889653 -0.496261
15100.000000 2.738040 79.872318 0.855262 -0.490750
15120.000000 2.719852 79.718169 0.820410 -0.485448
15140.000000 2.702832 79.564678 0.785168 -0.480370
15160.000000 2.686955 79.411844 0.749599 -0.475525
15180.000000 2.672192 79.259662 0.713762 -0.470924
15200.000000 2.658519 79.108121 0.677706 -0.466577
15220.000000 2.645908 78.957205 0.641476 -0.462492
15240.000000 2.634332 78.806890 0.605113 -0.458678
15260.000000 2.623768 78.657152 0.568650 -0.455140
15280.000000 2.614190 78.507958 0.532117 -0.451886
15300.000000 2.605573 78.359274 0.495540 -0.448919
15320.000000 2.597897 78.211060 0.458943 -0.446246
15340.000000 2.591138 78.063274 0.422344 -0.443868
15360.000000 2.585277 77.915870 0.385762 -0.441789
15380.000000 2.580296 77.768800 0.349210 -0.440010
15400.000000 2.576176 77.622013 0.312703 -0.438534
15420.000000 2.572903 77.475459 0.276253 -0.437359
15440.000000 2.570462 77.329082 0.239869 -0.436487
15460.000000 2.568842 77.182830 0.203564 -0.435916
15480.000000 2.568031 77.036646 0.167345 -0.435644
15500.000000 2.568020 76.890478 0.131224 -0.435669
15520.000000 2.568802 76.744268 0.095210 -0.435989
15540.000000 2.570371 76.597965 0.059314 -0.436600
15560.000000 2.572722 76.451515 0.023546 -0.437498
15580.000000 2.575853 76.304867 -0.012081 -0.438678
15600.000000 2.579762 76.157971 -0.047555 -0.440137
15620.000000 2.584448 76.010780 -0.082860 -0.441867
15640.000000 2.589911 75.863249 -0.117981 -0.443863
15660.000000 2.596154 75.715335 -0.152899 -0.446119
15680.000000 2.603179 75.567001 -0.187596 -0.448626
15700.000000 2.610989 75.418208 -0.222048 -0.451378
15720.000000 2.619588 75.268926 -0.256230 -0.454367
15740.000000 2.628980 75.119125 -0.290117 -0.457583
15760.000000 2.639169 74.968781 -0.323677 -0.461018
15780.000000 2.650160 74.817872 -0.356877 -0.464663
15800.000000 2.661958 74.666381 -0.389681 -0.468508
15820.000000 2.674568 74.514296 -0.422049 -0.472543
15840.000000 2.687995 74.361609 -0.453938 -0.476757
15860.000000 2.702242 74.208316 -0.485299 -0.481140
15880.000000 2.717315 74.054416 -0.516082 -0.485682
15900.000000 2.733218 73.899915 -0.546232 -0.490371
15920.000000 2.749956 73.744820 -0.575688 -0.495197
15940.000000 2.767533 73.589144 -0.604388 -0.500149
15960.000000 2.785954 73.432904 -0.632262 -0.505217
15980.000000 2.805224 73.276120 -0.659237 -0.510390
16000.000000 2.825351 73.118816 -0.685236 -0.515658
16020.000000 2.846340 72.961019 -0.710176 -0.521012
16040.000000 2.868200 72.802761 -0.733969 -0.526443
16060.000000 2.890942 72.644074 -0.756522 -0.531941
16080.000000 2.914577 72.484996 -0.777736 -0.537500
16100.000000 2.939120 72.325566 -0.797507 -0.543111
16120.000000 2.964588 72.165826 -0.815723 -0.548767
16140.000000 2.991001 72.005821 -0.832266 -0.554463
16160.000000 3.018382 71.845598 -0.847009 -0.560192
16180.000000 3.046757 71.685205 -0.859820 -0.565950
16200.000000 3.076156 71.524695 -0.870553 -0.571732
16220.000000 3.106612 71.364120 -0.879055 -0.577534
16240.000000 3.138160 71.203536 -0.885160 -0.583351
16260.000000 3.170837 71.043000 -0.888689 -0.589179
16280.000000 3.204682 70.882573 -0.889451 -0.595015
16300.000000 3.239732 70.722316 -0.887237 -0.600852
16320.000000 3.276020 70.562292 -0.881824 -0.606687
16340.000000 3.313576 70.402568 -0.872974 -0.612511
16360.000000 3.352416 70.243209 -0.860429 -0.618317
16380.000000 3.392542 70.084286 -0.843917 -0.624096
16400.000000 3.433934 69.925865 -0.823153 -0.629835
16420.000000 3.476540 69.768018 -0.797839 -0.635519
16440.000000 3.520266 69.610810 -0.767675 -0.641130
16460.000000 3.564966 69.454306 -0.732360 -0.646646
16480.000000 3.610430 69.298567 -0.691609 -0.652043
16500.000000 3.656368 69.143643 -0.645162 -0.657290
16520.000000 3.702402 68.989578 -0.592804 -0.662355
16540.000000 3.748058 68.836400 -0.534382 -0.667199
16560.000000 3.792764 68.684122 -0.469832 -0.671782
16580.000000 3.835854 68.532738 -0.399199 -0.676061
16600.000000 3.876586 68.382220 -0.322663 -0.679991
16620.000000 3.914162 68.232518 -0.240564 -0.683528
16640.000000 3.947772 68.083557 -0.153416 -0.686631
16660.000000 3.976625 67.935242 -0.061916 -0.689260
16680.000000 3.999996 67.787454 0.033063 -0.691381
16700.000000 4.017271 67.640058 0.130486 -0.692966
16720.000000 4.027977 67.492905 0.229203 -0.693990
16740.000000 4.031817 67.345840 0.327991 -0.694435
16760.000000 4.028684 67.198707 0.425618 -0.694289
16780.000000 4.018669 67.051354 0.520899 -0.693547
16800.000000 4.002056 66.903639 0.612752 -0.692213
16820.000000 3.979300 66.755436 0.700232 -0.690301
16840.000000 3.950994 66.606634 0.782555 -0.687834
16860.000000 3.917831 66.457142 0.859110 -0.684842
16880.000000 3.880557 66.306886 0.929454 -0.681363
16900.000000 3.839926 66.155815 0.993305 -0.677434
16920.000000 3.796669 66.003896 1.050523 -0.673098
16940.000000 3.751460 65.851115 1.101095 -0.668394
16960.000000 3.704904 65.697474 1.145111 -0.663359
16980.000000 3.657525 65.542992 1.182747 -0.658028
17000.000000 3.609767 65.387701 1.214243 -0.652434
17020.000000 3.562002 65.231643 1.239885 -0.646607
17040.000000 3.514533 65.074870 1.259991 -0.640574
17060.000000 3.467605 64.917441 1.274895 -0.634361
17080.000000 3.421418 64.759421 1.284937 -0.627992
17100.000000 3.376130 64.600877 1.290459 -0.621487
17120.000000 3.331865 64.441883 1.291790 -0.614869
17140.000000 3.288722 64.282511 1.289252 -0.608157
17160.000000 3.246780 64.122838 1.283150 -0.601368
17180.000000 3.206096 63.962939 1.273773 -0.594523
17200.000000 3.166717 63.802891 1.261395 -0.587638
17220.000000 3.128675 63.642768 1.246273 -0.580730
17240.000000 3.091993 63.482646 1.228648 -0.573817
17260.000000 3.056686 63.322596 1.208745 -0.566915
17280.000000 3.022760 63.162688 1.186774 -0.560041
17300.000000 2.990218 63.002990 1.162932 -0.553212
17320.000000 2.959056 62.843567 1.137402 -0.546443
17340.000000 2.929266 62.684477 1.110355 -0.539752
17360.000000 2.900838 62.525779 1.081950 -0.533154
17380.000000 2.873757 62.367522 1.052333 -0.526665
17400.000000 2.848007 62.209755 1.021640 -0.520301
17420.000000 2.823568 62.052517 0.989998 -0.514078
17440.000000 2.800421 61.895846 0.957522 -0.508010
17460.000000 2.778542 61.739771 0.924318 -0.502112
17480.000000 2.757909 61.584317 0.890482 -0.496398
17500.000000 2.738497 61.429501 0.856104 -0.490881
17520.000000 2.720280 61.275336 0.821262 -0.485575
17540.000000 2.703232 61.121829 0.786028 -0.480491
17560.000000 2.687327 60.968979 0.750467 -0.475640
17580.000000 2.672538 60.816782 0.714635 -0.471033
17600.000000 2.658838 60.665225 0.678584 -0.466680
17620.000000 2.646202 60.514294 0.642359 -0.462588
17640.000000 2.634602 60.363965 0.605998 -0.458767
17660.000000 2.624013 60.214213 0.569537 -0.455223
17680.000000 2.614411 60.065007 0.533005 -0.451961
17700.000000 2.605771 59.916310 0.496430 -0.448988
17720.000000 2.598072 59.768085 0.459832 -0.446307
17740.000000 2.591291 59.620289 0.423234 -0.443922
17760.000000 2.585409 59.472876 0.386651 -0.441836
17780.000000 2.580406 59.325799 0.350098 -0.440050
17800.000000 2.576266 59.179006 0.313590 -0.438566
17820.000000 2.572973 59.032446 0.277138 -0.437384
17840.000000 2.570512 58.886066 0.240753 -0.436505
17860.000000 2.568872 58.739812 0.204445 -0.435926
17880.000000 2.568041 58.593627 0.168224 -0.435647
17900.000000 2.568011 58.447459 0.132101 -0.435665
17920.000000 2.568774 58.301251 0.096084 -0.435978
17940.000000 2.570324 58.154951 0.060185 -0.436581
17960.000000 2.572656 58.008505 0.024414 -0.437473
17980.000000 2.575768 57.861862 -0.011217 -0.438646
18000.000000 2.579658 57.714973 -0.046695 -0.440098
18020.000000 2.584325 57.567789 -0.082004 -0.441822
18040.000000 2.589769 57.420267 -0.117130 -0.443812
18060.000000 2.595993 57.272363 -0.152053 -0.446061
18080.000000 2.602999 57.124039 -0.186755 -0.448562
18100.000000 2.610790 56.975259 -0.221213 -0.451308
18120.000000 2.619370 56.825989 -0.255403 -0.454291
18140.000000 2.628742 56.676201 -0.289297 -0.457502
18160.000000 2.638912 56.525870 -0.322866 -0.460932
18180.000000 2.649884 56.374974 -0.356075 -0.464572
18200.000000 2.661662 56.223498 -0.388889 -0.468412
18220.000000 2.674252 56.071428 -0.421268 -0.472442
18240.000000 2.687659 55.918756 -0.453169 -0.476652
18260.000000 2.701886 55.765477 -0.484544 -0.481032
18280.000000 2.716939 55.611592 -0.515341 -0.485569
18300.000000 2.732822 55.457105 -0.545507 -0.490255
18320.000000 2.749539 55.302024 -0.574981 -0.495078
18340.000000 2.767096 55.146363 -0.603700 -0.500027
18360.000000 2.785496 54.990136 -0.631595 -0.505092
18380.000000 2.804746 54.833365 -0.658593 -0.510263
18400.000000 2.824851 54.676073 -0.684616 -0.515529
18420.000000 2.845819 54.518288 -0.709583 -0.520881
18440.000000 2.867658 54.360041 -0.733405 -0.526310
18460.000000 2.890379 54.201364 -0.755989 -0.531807
18480.000000 2.913992 54.042295 -0.777237 -0.537364
18500.000000 2.938513 53.882873 -0.797044 -0.542974
18520.000000 2.963958 53.723140 -0.815299 -0.548629
18540.000000 2.990348 53.563141 -0.831884 -0.554324
18560.000000 3.017705 53.402923 -0.846674 -0.560053
18580.000000 3.046055 53.242533 -0.859533 -0.565810
18600.000000 3.075429 53.082025 -0.870318 -0.571592
18620.000000 3.105859 52.921451 -0.878876 -0.577393
18640.000000 3.137380 52.760866 -0.885041 -0.583209
18660.000000 3.170030 52.600329 -0.888635 -0.589038
18680.000000 3.203845 52.439899 -0.889466 -0.594873
18700.000000 3.238865 52.279637 -0.887327 -0.600710
18720.000000 3.275123 52.119606 -0.881996 -0.606545
18740.000000 3.312648 51.959874 -0.873232 -0.612370
18760.000000 3.351457 51.800506 -0.860780 -0.618177
18780.000000 3.391552 51.641571 -0.844368 -0.623956
18800.000000 3.432914 51.483137 -0.823710 -0.629696
18820.000000 3.475491 51.325275 -0.798511 -0.635381
18840.000000 3.519191 51.168051 -0.768468 -0.640994
18860.000000 3.563870 51.011529 -0.733282 -0.646514
18880.000000 3.609318 50.855771 -0.692666 -0.651913
18900.000000 3.655248 50.700827 -0.646360 -0.657165
18920.000000 3.701285 50.546740 -0.594148 -0.662234
18940.000000 3.746957 50.393541 -0.535875 -0.667084
18960.000000 3.791694 50.241241 -0.471473 -0.671674
18980.000000 3.834832 50.089835 -0.400986 -0.675961
19000.000000 3.875630 49.939296 -0.324591 -0.679900
19020.000000 3.913293 49.789575 -0.242622 -0.683447
19040.000000 3.947009 49.640598 -0.155589 -0.686561
19060.000000 3.975986 49.492268 -0.064185 -0.689202
19080.000000 3.999499 49.344469 0.030721 -0.691336
19100.000000 4.016928 49.197065 0.128098 -0.692934
19120.000000 4.027798 49.049908 0.226798 -0.693972
19140.000000 4.031806 48.902843 0.325599 -0.694431
19160.000000 4.028842 48.755714 0.423268 -0.694300
19180.000000 4.018992 48.608367 0.518620 -0.693572
19200.000000 4.002535 48.460663 0.610568 -0.692253
19220.000000 3.979921 48.312473 0.698164 -0.690354
19240.000000 3.951743 48.163687 0.780620 -0.687900
19260.000000 3.918689 48.014212 0.857321 -0.684921
19280.000000 3.881505 47.863976 0.927820 -0.681453
19300.000000 3.840947 47.712925 0.991831 -0.677535
19320.000000 3.797746 47.561027 1.049212 -0.673208
19340.000000 3.752577 47.408267 1.099944 -0.668512
19360.000000 3.706047 47.254647 1.144118 -0.663485
19380.000000 3.658682 47.100185 1.181906 -0.658161
19400.000000 3.610929 46.944913 1.213548 -0.652573
19420.000000 3.563160 46.788873 1.239329 -0.646751
19440.000000 3.515681 46.632117 1.259565 -0.640723
19460.000000 3.468738 46.474703 1.274591 -0.634514
19480.000000 3.422531 46.316696 1.284748 -0.628148
19500.000000 3.377219 46.158164 1.290375 -0.621647
19520.000000 3.332927 45.999180 1.291805 -0.615031
19540.000000 3.289757 45.839817 1.289357 -0.608321
19560.000000 3.247784 45.680150 1.283338 -0.601534
19580.000000 3.207070 45.520256 1.274038 -0.594690
19600.000000 3.167659 45.360210 1.261730 -0.587805
19620.000000 3.129584 45.200089 1.246671 -0.580898
19640.000000 3.092869 45.039965 1.229104 -0.573985
19660.000000 3.057527 44.879912 1.209254 -0.567082
19680.000000 3.023568 44.720000 1.187331 -0.560208
19700.000000 2.990992 44.560297 1.163532 -0.553377
19720.000000 2.959797 44.400866 1.138042 -0.546607
19740.000000 2.929974 44.241768 1.111030 -0.539913
19760.000000 2.901513 44.083059 1.082655 -0.533313
19780.000000 2.874399 43.924791 1.053066 -0.526821
19800.000000 2.848617 43.767011 1.022398 -0.520454
19820.000000 2.824147 43.609761 0.990777 -0.514227
19840.000000 2.800968 43.453075 0.958320 -0.508155
19860.000000 2.779059 43.296986 0.925132 -0.502253
19880.000000 2.758396 43.141516 0.891311 -0.496534
19900.000000 2.738954 42.986684 0.856945 -0.491013
19920.000000 2.720709 42.832504 0.822114 -0.485701
19940.000000 2.703633 42.678980 0.786889 -0.480611
19960.000000 2.687700 42.526114 0.751335 -0.475755
19980.000000 2.672884 42.373901 0.715509 -0.471142
20000.000000 2.659159 42.222330 0.679463 -0.466782
20020.000000 2.646496 42.071383 0.643241 -0.462685
20040.000000 2.634871 41.921040 0.606883 -0.458857
20060.000000 2.624259 41.771274 0.570424 -0.455305
20080.000000 2.614633 41.622055 0.533894 -0.452037
20100.000000 2.605970 41.473347 0.497319 -0.449057
20120.000000 2.598248 41.325111 0.460722 -0.446369
20140.000000 2.591445 41.177305 0.424123 -0.443976
20160.000000 2.585541 41.029883 0.387539 -0.441883
20180.000000 2.580518 40.882798 0.350986 -0.440090
20200.000000 2.576357 40.735999 0.314477 -0.438599
20220.000000 2.573043 40.589434 0.278023 -0.437409
20240.000000 2.570562 40.443051 0.241636 -0.436522
20260.000000 2.568902 40.296793 0.205326 -0.435936
20280.000000 2.568052 40.150608 0.169103 -0.435650
20300.000000 2.568002 40.004440 0.132977 -0.435661
20320.000000 2.568746 39.858234 0.096958 -0.435966
20340.000000 2.570277 39.711936 0.061056 -0.436563
20360.000000 2.572590 39.565495 0.025281 -0.437448
20380.000000 2.575683 39.418857 -0.010353 -0.438615
20400.000000 2.579554 39.271974 -0.045834 -0.440060
20420.000000 2.584202 39.124799 -0.081148 -0.441777
20440.000000 2.589628 38.977285 -0.116278 -0.443760
20460.000000 2.595833 38.829391 -0.151207 -0.446003
20480.000000 2.602820 38.681078 -0.185915 -0.448499
20500.000000 2.610592 38.532309 -0.220379 -0.451239
20520.000000 2.619152 38.383051 -0.254576 -0.454216
20540.000000 2.628505 38.233276 -0.288477 -0.457422
20560.000000 2.638655 38.082958 -0.322054 -0.460846
20580.000000 2.649607 37.932077 -0.355272 -0.464481
20600.000000 2.661366 37.780615 -0.388097 -0.468317
20620.000000 2.673937 37.628560 -0.420487 -0.472342
20640.000000 2.687323 37.475902 -0.452400 -0.476548
20660.000000 2.701530 37.322638 -0.483788 -0.480923
20680.000000 2.716563 37.168768 -0.514600 -0.485457
20700.000000 2.732426 37.014295 -0.544782 -0.490140
20720.000000 2.749123 36.859229 -0.574274 -0.494959
20740.000000 2.766659 36.703581 -0.603011 -0.499905
20760.000000 2.785039 36.547368 -0.630927 -0.504968
20780.000000 2.804268 36.390610 -0.657948 -0.510136
20800.000000 2.824353 36.233330 -0.683996 -0.515400
20820.000000 2.845300 36.075557 -0.708989 -0.520750
20840.000000 2.867117 35.917320 -0.732840 -0.526177
20860.000000 2.889816 35.758654 -0.755456 -0.531673
20880.000000 2.913407 35.599594 -0.776737 -0.537228
20900.000000 2.937906 35.440180 -0.796581 -0.542837
20920.000000 2.963328 35.280454 -0.814875 -0.548491
20940.000000 2.989695 35.120461 -0.831502 -0.554185
20960.000000 3.017028 34.960247 -0.846336 -0.559913
20980.000000 3.045354 34.799862 -0.859244 -0.565670
21000.000000 3.074703 34.639356 -0.870082 -0.571451
21020.000000 3.105107 34.478782 -0.878696 -0.577252
21040.000000 3.136601 34.318197 -0.884921 -0.583068
21060.000000 3.169222 34.157658 -0.888580 -0.588896
21080.000000 3.203009 33.997224 -0.889481 -0.594731
21100.000000 3.238000 33.836957 -0.887416 -0.600569
21120.000000 3.274227 33.676921 -0.882165 -0.606403
21140.000000 3.311721 33.517180 -0.873487 -0.612228
21160.000000 3.350498 33.357803 -0.861128 -0.618036
21180.000000 3.390562 33.198856 -0.844816 -0.623816
21200.000000 3.431894 33.040410 -0.824265 -0.629557
21220.000000 3.474442 32.882533 -0.799179 -0.635244
21240.000000 3.518117 32.725292 -0.769258 -0.640859
21260.000000 3.562774 32.568753 -0.734200 -0.646381
21280.000000 3.608206 32.412975 -0.693719 -0.651784
21300.000000 3.654129 32.258011 -0.647555 -0.657039
21320.000000 3.700169 32.103903 -0.595488 -0.662113
21340.000000 3.745856 31.950682 -0.537364 -0.666969
21360.000000 3.790623 31.798360 -0.473111 -0.671566
21380.000000 3.833808 31.646933 -0.402770 -0.675860
21400.000000 3.874672 31.496374 -0.326515 -0.679809
21420.000000 3.912421 31.346633 -0.244676 -0.683366
21440.000000 3.946242 31.197639 -0.157759 -0.686491
21460.000000 3.975344 31.049295 -0.066451 -0.689143
21480.000000 3.998997 30.901484 0.028381 -0.691290
21500.000000 4.016580 30.754072 0.125711 -0.692902
21520.000000 4.027614 30.606911 0.224393 -0.693954
21540.000000 4.031791 30.459846 0.323206 -0.694427
21560.000000 4.028997 30.312720 0.420917 -0.694310
21580.000000 4.019311 30.165381 0.516339 -0.693597
21600.000000 4.003010 30.017687 0.608382 -0.692292
21620.000000 3.980540 29.869510 0.696093 -0.690407
21640.000000 3.952488 29.720739 0.778682 -0.687966
21660.000000 3.919545 29.571282 0.855529 -0.684999
21680.000000 3.882452 29.421065 0.926183 -0.681542
21700.000000 3.841967 29.270035 0.990354 -0.677635
21720.000000 3.798822 29.118157 1.047896 -0.673318
21740.000000 3.753693 28.965418 1.098790 -0.668630
21760.000000 3.707190 28.811819 1.143121 -0.663610
21780.000000 3.659840 28.657377 1.181062 -0.658293
21800.000000 3.612092 28.502124 1.212850 -0.652711
21820.000000 3.564319 28.346103 1.238769 -0.646895
21840.000000 3.516829 28.189363 1.259137 -0.640872
21860.000000 3.469871 28.031964 1.274285 -0.634667
21880.000000 3.423644 27.873971 1.284556 -0.628304
21900.000000 3.378308 27.715451 1.290290 -0.621806
21920.000000 3.333991 27.556477 1.291818 -0.615193
21940.000000 3.290792 27.397122 1.289460 -0.608485
21960.000000 3.248789 27.237462 1.283524 -0.601700
21980.000000 3.208044 27.077573 1.274300 -0.594857
22000.000000 3.168601 26.917530 1.262062 -0.587973
22020.000000 3.130493 26.757409 1.247068 -0.581066
22040.000000 3.093745 26.597285 1.229559 -0.574153
22060.000000 3.058370 26.437229 1.209762 -0.567250
22080.000000 3.024377 26.277313 1.187887 -0.560374
22100.000000 2.991768 26.117604 1.164131 -0.553542
22120.000000 2.960539 25.958165 1.138680 -0.546770
22140.000000 2.930682 25.799059 1.111703 -0.540075
22160.000000 2.902188 25.640340 1.083360 -0.533472
22180.000000 2.875042 25.482061 1.053798 -0.526978
22200.000000 2.849228 25.324268 1.023155 -0.520607
22220.000000 2.824726 25.167004 0.991556 -0.514377
22240.000000 2.801516 25.010305 0.959118 -0.508301
22260.000000 2.779577 24.854200 0.925947 -0.502394
22280.000000 2.758884 24.698715 0.892140 -0.496671
22300.000000 2.739413 24.543868 0.857786 -0.491144
22320.000000 2.721138 24.389671 0.822965 -0.485828
22340.000000 2.704034 24.236132 0.787749 -0.480732
22360.000000 2.688074 24.083250 0.752202 -0.475870
22380.000000 2.673231 23.931021 0.716382 -0.471251
22400.000000 2.659480 23.779434 0.680341 -0.466885
22420.000000 2.646792 23.628473 0.644123 -0.462781
22440.000000 2.635142 23.478115 0.607768 -0.458946
22460.000000 2.624505 23.328336 0.571311 -0.455388
22480.000000 2.614855 23.179104 0.534782 -0.452113
22500.000000 2.606170 23.030384 0.498208 -0.449126
22520.000000 2.598425 22.882137 0.461611 -0.446430
22540.000000 2.591600 22.734321 0.425012 -0.444031
22560.000000 2.585674 22.586891 0.388428 -0.441930
22580.000000 2.580629 22.439798 0.351874 -0.440130
22600.000000 2.576448 22.292992 0.315363 -0.438631
22620.000000 2.573113 22.146423 0.278908 -0.437435
22640.000000 2.570612 22.000035 0.242519 -0.436540
22660.000000 2.568932 21.853775 0.206208 -0.435947
22680.000000 2.568063 21.707589 0.169983 -0.435653
22700.000000 2.567994 21.561421 0.133854 -0.435657
22720.000000 2.568718 21.415216 0.097832 -0.435956
22740.000000 2.570230 21.268922 0.061927 -0.436545
22760.000000 2.572525 21.122484 0.026149 -0.437423
22780.000000 2.575599 20.975852 -0.009489 -0.438583
22800.000000 2.579451 20.828976 -0.044974 -0.440021
22820.000000 2.584080 20.681808 -0.080292 -0.441732
22840.000000 2.589487 20.534303 -0.115427 -0.443709
22860.000000 2.595673 20.386419 -0.150361 -0.445946
22880.000000 2.602641 20.238116 -0.185074 -0.448435
22900.000000 2.610393 20.089358 -0.219545 -0.451169
22920.000000 2.618934 19.940113 -0.253748 -0.454141
22940.000000 2.628268 19.790351 -0.287657 -0.457341
22960.000000 2.638399 19.640047 -0.321242 -0.460761
22980.000000 2.649332 19.489179 -0.354470 -0.464391
23000.000000 2.661071 19.337732 -0.387304 -0.468221
23020.000000 2.673621 19.185691 -0.419705 -0.472242
23040.000000 2.686988 19.033048 -0.451630 -0.476444
23060.000000 2.701175 18.879799 -0.483031 -0.480815
23080.000000 2.716188 18.725943 -0.513859 -0.485345
23100.000000 2.732030 18.571485 -0.544056 -0.490024
23120.000000 2.748707 18.416433 -0.573566 -0.494841
23140.000000 2.766223 18.260799 -0.602322 -0.499784
23160.000000 2.784582 18.104599 -0.630259 -0.504844
23180.000000 2.803791 17.947854 -0.657302 -0.510009
23200.000000 2.823854 17.790587 -0.683375 -0.515271
23220.000000 2.844780 17.632826 -0.708395 -0.520619
23240.000000 2.866577 17.474600 -0.732275 -0.526044
23260.000000 2.889254 17.315943 -0.754921 -0.531538
23280.000000 2.912823 17.156892 -0.776237 -0.537093
23300.000000 2.937300 16.997487 -0.796116 -0.542700
23320.000000 2.962699 16.837768 -0.814450 -0.548353
23340.000000 2.989043 16.677781 -0.831119 -0.554046
23360.000000 3.016352 16.517572 -0.845998 -0.559773
23380.000000 3.044654 16.357190 -0.858954 -0.565530
23400.000000 3.073978 16.196686 -0.869844 -0.571310
23420.000000 3.104355 16.036114 -0.878514 -0.577110
23440.000000 3.135822 15.875528 -0.884800 -0.582926
23460.000000 3.168416 15.714987 -0.888523 -0.588754
23480.000000 3.202174 15.554550 -0.889493 -0.594589
23500.000000 3.237135 15.394279 -0.887503 -0.600427
23520.000000 3.273332 15.234236 -0.882332 -0.606261
23540.000000 3.310794 15.074487 -0.873741 -0.612087
23560.000000 3.349540 14.915100 -0.861474 -0.617895
23580.000000 3.389574 14.756142 -0.845261 -0.623676
23600.000000 3.430875 14.597683 -0.824817 -0.629418
23620.000000 3.473395 14.439791 -0.799845 -0.635107
23640.000000 3.517043 14.282534 -0.770044 -0.640724
23660.000000 3.561679 14.125977 -0.735115 -0.646248
23680.000000 3.607095 13.970180 -0.694770 -0.651654
23700.000000 3.653010 13.815196 -0.648746 -0.656913
23720.000000 3.699052 13.661067 -0.596825 -0.661992
23740.000000 3.744754 13.507824 -0.538849 -0.666854
23760.000000 3.789551 13.355480 -0.474745 -0.671457
23780.000000 3.832783 13.204031 -0.404551 -0.675760
23800.000000 3.873713 13.053451 -0.328436 -0.679717
23820.000000 3.911547 12.903692 -0.246728 -0.683285
23840.000000 3.945473 12.754680 -0.159927 -0.686420
23860.000000 3.974698 12.606322 -0.068716 -0.689085
23880.000000 3.998492 12.458499 0.026042 -0.691244
23900.000000 4.016229 12.311080 0.123325 -0.692869
23920.000000 4.027426 12.163915 0.221988 -0.693935
23940.000000 4.031773 12.016849 0.320813 -0.694423
23960.000000 4.029147 11.869726 0.418565 -0.694320
23980.000000 4.019627 11.722394 0.514056 -0.693622
24000.000000 4.003481 11.574710 0.606193 -0.692331
24020.000000 3.981155 11.426546 0.694020 -0.690460
24040.000000 3.953231 11.277791 0.776741 -0.688032
24060.000000 3.920397 11.128352 0.853733 -0.685077
24080.000000 3.883397 10.978154 0.924542 -0.681632
24100.000000 3.842986 10.827144 0.988873 -0.677735
24120.000000 3.799896 10.675287 1.046577 -0.673427
24140.000000 3.754809 10.522569 1.097631 -0.668749
24160.000000 3.708332 10.368990 1.142120 -0.663736
24180.000000 3.660997 10.214569 1.180214 -0.658426
24200.000000 3.613254 10.059335 1.212148 -0.652850
24220.000000 3.565478 9.903332 1.238207 -0.647039
24240.000000 3.517978 9.746609 1.258705 -0.641020
24260.000000 3.471004 9.589226 1.273976 -0.634820
24280.000000 3.424757 9.431246 1.284362 -0.628461
24300.000000 3.379398 9.272738 1.290202 -0.621966
24320.000000 3.335055 9.113774 1.291828 -0.615355
24340.000000 3.291828 8.954428 1.289561 -0.608649
24360.000000 3.249796 8.794774 1.283709 -0.601866
24380.000000 3.209019 8.634889 1.274561 -0.595024
24400.000000 3.169544 8.474849 1.262393 -0.588141
24420.000000 3.131403 8.314729 1.247463 -0.581234
24440.000000 3.094621 8.154604 1.230013 -0.574321
24460.000000 3.059213 7.994546 1.210268 -0.567417
24480.000000 3.025187 7.834626 1.188441 -0.560541
24500.000000 2.992544 7.674911 1.164730 -0.553708
24520.000000 2.961281 7.515465 1.139317 -0.546934
24540.000000 2.931392 7.356350 1.112375 -0.540237
24560.000000 2.902865 7.197621 1.084064 -0.533631
24580.000000 2.875686 7.039330 1.054530 -0.527134
24600.000000 2.849839 6.881526 1.023911 -0.520761
24620.000000 2.825306 6.724249 0.992334 -0.514526
24640.000000 2.802065 6.567535 0.959915 -0.508447
24660.000000 2.780095 6.411416 0.926761 -0.502536
24680.000000 2.759372 6.255915 0.892969 -0.496808
24700.000000 2.739872 6.101052 0.858627 -0.491276
24720.000000 2.721568 5.946840 0.823816 -0.485954
24740.000000 2.704436 5.793284 0.788609 -0.480853
24760.000000 2.688449 5.640387 0.753069 -0.475985
24780.000000 2.673579 5.488142 0.717256 -0.471360
24800.000000 2.659801 5.336539 0.681219 -0.466988
24820.000000 2.647088 5.185563 0.645005 -0.462878
24840.000000 2.635413 5.035191 0.608653 -0.459036
24860.000000 2.624751 4.885398 0.572198 -0.455472
24880.000000 2.615078 4.736153 0.535671 -0.452189
24900.000000 2.606369 4.587421 0.499097 -0.449195
24920.000000 2.598602 4.439163 0.462501 -0.446492
24940.000000 2.591755 4.291337 0.425902 -0.444086
24960.000000 2.585808 4.143898 0.389317 -0.441978
24980.000000 2.580742 3.996798 0.352762 -0.440170
25000.000000 2.576539 3.849986 0.316250 -0.438664
25020.000000 2.573184 3.703411 0.279793 -0.437460
25040.000000 2.570663 3.557020 0.243403 -0.436558
25060.000000 2.568964 3.410758 0.207089 -0.435958
25080.000000 2.568074 3.264570 0.170862 -0.435657
25100.000000 2.567986 3.118402 0.134731 -0.435653
25120.000000 2.568691 2.972199 0.098706 -0.435945
25140.000000 2.570184 2.825907 0.062798 -0.436528
25160.000000 2.572460 2.679474 0.027017 -0.437398
25180.000000 2.575515 2.532847 -0.008624 -0.438551
25200.000000 2.579348 2.385977 -0.044113 -0.439983
25220.000000 2.583958 2.238817 -0.079436 -0.441687
25240.000000 2.589346 2.091321 -0.114575 -0.443658
25260.000000 2.595513 1.943447 -0.149514 -0.445888
25280.000000 2.602462 1.795154 -0.184233 -0.448371
25300.000000 2.610196 1.646408 -0.218710 -0.451100
25320.000000 2.618718 1.497175 -0.252920 -0.454066
25340.000000 2.628032 1.347425 -0.286837 -0.457261
25360.000000 2.638143 1.197135 -0.320430 -0.460675
25380.000000 2.649056 1.046281 -0.353667 -0.464300
25400.000000 2.660776 0.894848 -0.386511 -0.468126
25420.000000 2.673307 0.742822 -0.418923 -0.472142
25440.000000 2.686653 0.590193 -0.450860 -0.476340
25460.000000 2.700821 0.436959 -0.482275 -0.480707
25480.000000 2.715813 0.283118 -0.513117 -0.485233
25500.000000 2.731636 0.128675 -0.543330 -0.489909
25520.000000 2.748292 -0.026363 -0.572857 -0.494722
25540.000000 2.765787 -0.181983 -0.601633 -0.499662
25560.000000 2.784126 -0.338169 -0.629590 -0.504719
25580.000000 2.803314 -0.494901 -0.656656 -0.509883
25600.000000 2.823356 -0.652156 -0.682753 -0.515142
25620.000000 2.844261 -0.809906 -0.707800 -0.520488
25640.000000 2.866036 -0.968121 -0.731709 -0.525912
25660.000000 2.888692 -1.126768 -0.754386 -0.531404
25680.000000 2.912240 -1.285809 -0.775735 -0.536957
25700.000000 2.936694 -1.445207 -0.795651 -0.542563
25720.000000 2.962071 -1.604918 -0.814023 -0.548215
25740.000000 2.988391 -1.764899 -0.830734 -0.553907
25760.000000 3.015677 -1.925104 -0.845659 -0.559634
25780.000000 3.043954 -2.085482 -0.858663 -0.565389
25800.000000 3.073252 -2.245984 -0.869605 -0.571169
25820.000000 3.103604 -2.406555 -0.878331 -0.576969
25840.000000 3.135044 -2.567140 -0.884677 -0.582785
25860.000000 3.167610 -2.727683 -0.888464 -0.588612
25880.000000 3.201340 -2.888124 -0.889504 -0.594447
25900.000000 3.236270 -3.048400 -0.887589 -0.600285
25920.000000 3.272437 -3.208449 -0.882497 -0.606120
25940.000000 3.309868 -3.368206 -0.873992 -0.611945
25960.000000 3.348583 -3.527603 -0.861818 -0.617754
25980.000000 3.388585 -3.686572 -0.845704 -0.623536
26000.000000 3.429856 -3.845044 -0.825366 -0.629279
26020.000000 3.472347 -4.002950 -0.800508 -0.634969
26040.000000 3.515970 -4.160223 -0.770828 -0.640588
26060.000000 3.560583 -4.316798 -0.736027 -0.646115
26080.000000 3.605984 -4.472614 -0.695817 -0.651524
26100.000000 3.651891 -4.627619 -0.649934 -0.656788
26120.000000 3.697935 -4.781769 -0.598158 -0.661871
26140.000000 3.743652 -4.935034 -0.540330 -0.666739
26160.000000 3.788478 -5.087400 -0.476376 -0.671349
26180.000000 3.831757 -5.238870 -0.406328 -0.675659
26200.000000 3.872751 -5.389470 -0.330354 -0.679625
26220.000000 3.910671 -5.539249 -0.248777 -0.683203
26240.000000 3.944701 -5.688278 -0.162092 -0.686349
26260.000000 3.974050 -5.836651 -0.070979 -0.689026
26280.000000 3.997983 -5.984485 0.023704 -0.691198
26300.000000 4.015874 -6.131912 0.120939 -0.692836
26320.000000 4.027234 -6.279082 0.219583 -0.693916
26340.000000 4.031749 -6.426148 0.318419 -0.694418
26360.000000 4.029293 -6.573268 0.416211 -0.694330
26380.000000 4.019938 -6.720593 0.511771 -0.693646
26400.000000 4.003949 -6.868267 0.604001 -0.692369
26420.000000 3.981766 -7.016418 0.691943 -0.690512
26440.000000 3.953971 -7.165157 0.774796 -0.688097
26460.000000 3.921248 -7.314579 0.851934 -0.685155
26480.000000 3.884340 -7.464758 0.922897 -0.681721
26500.000000 3.844003 -7.615748 0.987387 -0.677835
26520.000000 3.800970 -7.767583 1.045253 -0.673537
26540.000000 3.755923 -7.920281 1.096469 -0.668866
26560.000000 3.709474 -8.073838 1.141116 -0.663862
26580.000000 3.662154 -8.228240 1.179362 -0.658558
26600.000000 3.614416 -8.383454 1.211443 -0.652988
26620.000000 3.566637 -8.539439 1.237641 -0.647183
26640.000000 3.519127 -8.696145 1.258270 -0.641169
26660.000000 3.472138 -8.853513 1.273664 -0.634972
26680.000000 3.425871 -9.011479 1.284165 -0.628617
26700.000000 3.380489 -9.169975 1.290111 -0.622125
26720.000000 3.336120 -9.328929 1.291836 -0.615517
26740.000000 3.292865 -9.488267 1.289660 -0.608813
26760.000000 3.250803 -9.647914 1.283891 -0.602031
26780.000000 3.209995 -9.807794 1.274820 -0.595190
26800.000000 3.170487 -9.967831 1.262723 -0.588308
26820.000000 3.132314 -10.127950 1.247857 -0.581402
26840.000000 3.095499 -10.288076 1.230465 -0.574489
26860.000000 3.060058 -10.448136 1.210774 -0.567585
26880.000000 3.025997 -10.608061 1.188995 -0.560708
26900.000000 2.993321 -10.767782 1.165327 -0.553873
26920.000000 2.962025 -10.927235 1.139954 -0.547098
26940.000000 2.932102 -11.086359 1.113047 -0.540398
26960.000000 2.903542 -11.245098 1.084767 -0.533791
26980.000000 2.876331 -11.403399 1.055261 -0.527290
27000.000000 2.850452 -11.561216 1.024667 -0.520914
27020.000000 2.825887 -11.718507 0.993112 -0.514676
27040.000000 2.802615 -11.875235 0.960712 -0.508592
27060.000000 2.780614 -12.031369 0.927575 -0.502677
27080.000000 2.759861 -12.186885 0.893797 -0.496945
27100.000000 2.740331 -12.341763 0.859468 -0.491408
27120.000000 2.721999 -12.495992 0.824667 -0.486081
27140.000000 2.704839 -12.649563 0.789469 -0.480975
27160.000000 2.688824 -12.802476 0.753937 -0.476101
27180.000000 2.673928 -12.954737 0.718129 -0.471470
27200.000000 2.660123 -13.106355 0.682097 -0.467091
27220.000000 2.647384 -13.257346 0.645887 -0.462974
27240.000000 2.635685 -13.407732 0.609538 -0.459127
27260.000000 2.624999 -13.557539 0.573085 -0.455555
27280.000000 2.615302 -13.706797 0.536559 -0.452266
27300.000000 2.606570 -13.855541 0.499987 -0.449264
27320.000000 2.598780 -14.003810 0.463391 -0.446555
27340.000000 2.591911 -14.151646 0.426791 -0.444141
27360.000000 2.585942 -14.299094 0.390206 -0.442025
27380.000000 2.580855 -14.446202 0.353650 -0.440210
27400.000000 2.576631 -14.593020 0.317137 -0.438697
27420.000000 2.573256 -14.739600 0.280679 -0.437486
27440.000000 2.570715 -14.885996 0.244287 -0.436577
27460.000000 2.568995 -15.032260 0.207971 -0.435969
27480.000000 2.568086 -15.178449 0.171741 -0.435661
27500.000000 2.567979 -15.324617 0.135608 -0.435650
27520.000000 2.568665 -15.470818 0.099580 -0.435934
27540.000000 2.570138 -15.617107 0.063669 -0.436510
27560.000000 2.572395 -15.763536 0.027885 -0.437373
27580.000000 2.575431 -15.910158 -0.007760 -0.438520
27600.000000 2.579245 -16.057021 -0.043253 -0.439945
27620.000000 2.583837 -16.204174 -0.078579 -0.441642
27640.000000 2.589206 -16.351661 -0.113723 -0.443607
27660.000000 2.595354 -16.499526 -0.148668 -0.445831
27680.000000 2.602284 -16.647808 -0.183392 -0.448308
27700.000000 2.609998 -16.796543 -0.217875 -0.451031
27720.000000 2.618501 -16.945764 -0.252092 -0.453991
27740.000000 2.627796 -17.095500 -0.286016 -0.457180
27760.000000 2.637888 -17.245777 -0.319617 -0.460589
27780.000000 2.648782 -17.396617 -0.352863 -0.464209
27800.000000 2.660481 -17.548036 -0.385718 -0.468030
27820.000000 2.672992 -17.700048 -0.418141 -0.472043
27840.000000 2.686319 -17.852661 -0.450090 -0.476235
27860.000000 2.700467 -18.005881 -0.481518 -0.480599
27880.000000 2.715439 -18.159707 -0.512374 -0.485122
27900.000000 2.731241 -18.314136 -0.542604 -0.489793
27920.000000 2.747877 -18.469159 -0.572148 -0.494603
27940.000000 2.765352 -18.624766 -0.600943 -0.499541
27960.000000 2.783670 -18.780938 -0.628921 -0.504595
27980.000000 2.802837 -18.937657 -0.656009 -0.509756
28000.000000 2.822859 -19.094899 -0.682131 -0.515013
28020.000000 2.843743 -19.252638 -0.707204 -0.520357
28040.000000 2.865497 -19.410842 -0.731142 -0.525779
28060.000000 2.888131 -19.569478 -0.753851 -0.531270
28080.000000 2.911657 -19.728511 -0.775233 -0.536821
28100.000000 2.936089 -19.887900 -0.795185 -0.542426
28120.000000 2.961443 -20.047605 -0.813596 -0.548077
28140.000000 2.987740 -20.207580 -0.830349 -0.553769
28160.000000 3.015002 -20.367779 -0.845318 -0.559494
28180.000000 3.043255 -20.528154 -0.858371 -0.565249
28200.000000 3.072528 -20.688653 -0.869365 -0.571029
28220.000000 3.102854 -20.849223 -0.878147 -0.576828
28240.000000 3.134267 -21.009809 -0.884552 -0.582643
28260.000000 3.166805 -21.170354 -0.888404 -0.588471
28280.000000 3.200506 -21.330797 -0.889513 -0.594305
28300.000000 3.235407 -21.491079 -0.887672 -0.600143
28320.000000 3.271543 -21.651134 -0.882661 -0.605978
28340.000000 3.308944 -21.810898 -0.874241 -0.611804
28360.000000 3.347627 -21.970305 -0.862159 -0.617613
28380.000000 3.387598 -22.129285 -0.846145 -0.623396
28400.000000 3.428838 -22.287770 -0.825913 -0.629140
28420.000000 3.471301 -22.445691 -0.801168 -0.634832
28440.000000 3.514897 -22.602980 -0.771609 -0.640452
28460.000000 3.559489 -22.759573 -0.736936 -0.645982
28480.000000 3.604873 -22.915408 -0.696860 -0.651394
28500.000000 3.650772 -23.070433 -0.651118 -0.656662
28520.000000 3.696817 -23.224604 -0.599488 -0.661750
28540.000000 3.742549 -23.377891 -0.541809 -0.666623
28560.000000 3.787404 -23.530278 -0.478003 -0.671240
28580.000000 3.830729 -23.681770 -0.408102 -0.675559
28600.000000 3.871788 -23.832391 -0.332269 -0.679533
28620.000000 3.909792 -23.982189 -0.250822 -0.683121
28640.000000 3.943927 -24.131235 -0.164254 -0.686278
28660.000000 3.973398 -24.279623 -0.073239 -0.688967
28680.000000 3.997471 -24.427468 0.021368 -0.691151
28700.000000 4.015515 -24.574904 0.118555 -0.692803
28720.000000 4.027039 -24.722078 0.217179 -0.693896
28740.000000 4.031722 -24.869145 0.316024 -0.694413
28760.000000 4.029435 -25.016262 0.413856 -0.694339
28780.000000 4.020245 -25.163581 0.509483 -0.693669
28800.000000 4.004413 -25.311244 0.601806 -0.692407
28820.000000 3.982374 -25.459382 0.689863 -0.690564
28840.000000 3.954708 -25.608106 0.772848 -0.688162
28860.000000 3.922096 -25.757510 0.850131 -0.685233
28880.000000 3.885280 -25.907670 0.921248 -0.681810
28900.000000 3.845018 -26.058639 0.985898 -0.677934
28920.000000 3.802042 -26.210454 1.043926 -0.673646
28940.000000 3.757037 -26.363131 1.095302 -0.668984
28960.000000 3.710615 -26.516668 1.140107 -0.663987
28980.000000 3.663311 -26.671049 1.178507 -0.658690
29000.000000 3.615578 -26.826244 1.210734 -0.653127
29020.000000 3.567796 -26.982211 1.237071 -0.647326
29040.000000 3.520277 -27.138900 1.257832 -0.641317
29060.000000 3.473272 -27.296253 1.273350 -0.635125
29080.000000 3.426986 -27.454205 1.283965 -0.628773
29100.000000 3.381581 -27.612689 1.290018 -0.622284
29120.000000 3.337185 -27.771632 1.291841 -0.615679
29140.000000 3.293902 -27.930962 1.289757 -0.608977
29160.000000 3.251810 -28.090602 1.284072 -0.602197
29180.000000 3.210971 -28.250478 1.275078 -0.595357
29200.000000 3.171432 -28.410512 1.263051 -0.588476
29220.000000 3.133226 -28.570629 1.248249 -0.581570
29240.000000 3.096378 -28.730756 1.230916 -0.574657
29260.000000 3.060903 -28.890819 1.211278 -0.567753
29280.000000 3.026809 -29.050748 1.189548 -0.560874
29300.000000 2.994099 -29.210474 1.165923 -0.554039
29320.000000 2.962769 -29.369934 1.140589 -0.547262
29340.000000 2.932813 -29.529067 1.113718 -0.540560
29360.000000 2.904220 -29.687816 1.085469 -0.533950
29380.000000 2.876976 -29.846129 1.055992 -0.527447
29400.000000 2.851065 -30.003958 1.025423 -0.521067
29420.000000 2.826469 -30.161262 0.993890 -0.514826
29440.000000 2.803165 -30.318004 0.961509 -0.508738
29460.000000 2.781134 -30.474153 0.928388 -0.502819
29480.000000 2.760351 -30.629684 0.894625 -0.497082
29500.000000 2.740792 -30.784578 0.860308 -0.491541
29520.000000 2.722431 -30.938822 0.825518 -0.486208
29540.000000 2.705242 -31.092410 0.790329 -0.481096
29560.000000 2.689200 -31.245339 0.754804 -0.476216
29580.000000 2.674277 -31.397615 0.719002 -0.471579
29600.000000 2.660446 -31.549249 0.682975 -0.467195
29620.000000 2.647681 -31.700255 0.646769 -0.463071
29640.000000 2.635957 -31.850656 0.610423 -0.459217
29660.000000 2.625247 -32.000476 0.573972 -0.455638
29680.000000 2.615526 -32.149747 0.537447 -0.452342
29700.000000 2.606771 -32.298503 0.500876 -0.449334
29720.000000 2.598958 -32.446783 0.464280 -0.446617
29740.000000 2.592067 -32.594629 0.427681 -0.444196
29760.000000 2.586077 -32.742086 0.391095 -0.442073
29780.000000 2.580968 -32.889202 0.354538 -0.440251
29800.000000 2.576724 -33.036026 0.318024 -0.438730
29820.000000 2.573328 -33.182612 0.281564 -0.437512
29840.000000 2.570767 -33.329011 0.245170 -0.436595
29860.000000 2.569027 -33.475278 0.208853 -0.435980
29880.000000 2.568099 -33.621468 0.172621 -0.435665
29900.000000 2.567972 -33.767635 0.136485 -0.435647
29920.000000 2.568639 -33.913835 0.100455 -0.435924
29940.000000 2.570093 -34.060121 0.064540 -0.436493
29960.000000 2.572331 -34.206547 0.028753 -0.437349
29980.000000 2.575348 -34.353163 -0.006895 -0.438489
30000.000000 2.579143 -34.500020 -0.042392 -0.439907
30020.000000 2.583716 -34.647165 -0.077723 -0.441598
30040.000000 2.589066 -34.794644 -0.112872 -0.443556
30060.000000 2.595195 -34.942499 -0.147821 -0.445774
30080.000000 2.602106 -35.090770 -0.182551 -0.448245
30100.000000 2.609801 -35.239493 -0.217040 -0.450962
30120.000000 2.618285 -35.388702 -0.251264 -0.453916
30140.000000 2.627561 -35.538426 -0.285195 -0.457100
30160.000000 2.637633 -35.688690 -0.318805 -0.460504
30180.000000 2.648507 -35.839515 -0.352060 -0.464119
30200.000000 2.660187 -35.990920 -0.384924 -0.467935
30220.000000 2.672679 -36.142918 -0.417358 -0.471943
30240.000000 2.685986 -36.295516 -0.449319 -0.476132
30260.000000 2.700113 -36.448721 -0.480761 -0.480491
30280.000000 2.715065 -36.602533 -0.511631 -0.485010
30300.000000 2.730847 -36.756947 -0.541877 -0.489678
30320.000000 2.747463 -36.911956 -0.571439 -0.494485
30340.000000 2.764917 -37.067548 -0.600252 -0.499419
30360.000000 2.783215 -37.223707 -0.628251 -0.504471
30380.000000 2.802361 -37.380413 -0.655362 -0.509629
30400.000000 2.822362 -37.537643 -0.681508 -0.514884
30420.000000 2.843225 -37.695370 -0.706608 -0.520226
30440.000000 2.864958 -37.853563 -0.730574 -0.525646
30460.000000 2.887570 -38.012189 -0.753314 -0.531136
30480.000000 2.911074 -38.171213 -0.774730 -0.536686
30500.000000 2.935484 -38.330594 -0.794718 -0.542289
30520.000000 2.960816 -38.490291 -0.813168 -0.547940
30540.000000 2.987090 -38.650260 -0.829962 -0.553630
30560.000000 3.014328 -38.810455 -0.844977 -0.559355
30580.000000 3.042556 -38.970826 -0.858078 -0.565109
30600.000000 3.071804 -39.131322 -0.869123 -0.570888
30620.000000 3.102104 -39.291892 -0.877961 -0.576687
30640.000000 3.133490 -39.452478 -0.884426 -0.582502
30660.000000 3.166000 -39.613024 -0.888342 -0.588329
30680.000000 3.199673 -39.773471 -0.889520 -0.594163
30700.000000 3.234544 -39.933757 -0.887753 -0.600001
30720.000000 3.270650 -40.093818 -0.882822 -0.605836
30740.000000 3.308019 -40.253591 -0.874488 -0.611662
30760.000000 3.346672 -40.413007 -0.862499 -0.617472
30780.000000 3.386611 -40.571998 -0.846583 -0.623256
30800.000000 3.427821 -40.730496 -0.826457 -0.629001
30820.000000 3.470255 -40.888432 -0.801825 -0.634694
30840.000000 3.513825 -41.045737 -0.772387 -0.640317
30860.000000 3.558395 -41.202347 -0.737842 -0.645849
30880.000000 3.603763 -41.358201 -0.697900 -0.651264
30900.000000 3.649653 -41.513247 -0.652299 -0.656536
30920.000000 3.695700 -41.667439 -0.600814 -0.661629
30940.000000 3.741445 -41.820748 -0.543283 -0.666508
30960.000000 3.786329 -41.973157 -0.479626 -0.671131
30980.000000 3.829699 -42.124670 -0.409872 -0.675457
31000.000000 3.870823 -42.275312 -0.334180 -0.679441
31020.000000 3.908911 -42.425129 -0.252865 -0.683039
31040.000000 3.943149 -42.574193 -0.166414 -0.686207
31060.000000 3.972743 -42.722595 -0.075498 -0.688907
31080.000000 3.996955 -42.870452 0.019034 -0.691105
31100.000000 4.015152 -43.017896 0.116171 -0.692769
31120.000000 4.026839 -43.165075 0.214774 -0.693876
31140.000000 4.031691 -43.312142 0.313628 -0.694407
31160.000000 4.029573 -43.459256 0.411500 -0.694348
31180.000000 4.020549 -43.606568 0.507194 -0.693693
31200.000000 4.004874 -43.754222 0.599609 -0.692444
31220.000000 3.982979 -43.902346 0.687780 -0.690615
31240.000000 3.955442 -44.051055 0.770897 -0.688227
31260.000000 3.922941 -44.200442 0.848324 -0.685310
31280.000000 3.886219 -44.350582 0.919595 -0.681899
31300.000000 3.846031 -44.501532 0.984405 -0.678034
31320.000000 3.803114 -44.653326 1.042594 -0.673755
31340.000000 3.758150 -44.805981 1.094132 -0.669101
31360.000000 3.711756 -44.959497 1.139095 -0.664112
31380.000000 3.664467 -45.113858 1.177648 -0.658822
31400.000000 3.616740 -45.269034 1.210022 -0.653265
31420.000000 3.568956 -45.424983 1.236498 -0.647470
31440.000000 3.521426 -45.581655 1.257391 -0.641465
31460.000000 3.474407 -45.738992 1.273032 -0.635277
31480.000000 3.428101 -45.896931 1.283762 -0.628929
31500.000000 3.382673 -46.055402 1.289922 -0.622443
31520.000000 3.338252 -46.214336 1.291845 -0.615841
31540.000000 3.294940 -46.373657 1.289851 -0.609141
31560.000000 3.252819 -46.533291 1.284250 -0.602362
31580.000000 3.211949 -46.693161 1.275334 -0.595524
31600.000000 3.172377 -46.853192 1.263377 -0.588644
31620.000000 3.134139 -47.013309 1.248640 -0.581738
31640.000000 3.097257 -47.173436 1.231365 -0.574825
31660.000000 3.061749 -47.333501 1.211781 -0.567920
31680.000000 3.027621 -47.493434 1.190099 -0.561041
31700.000000 2.994877 -47.653166 1.166518 -0.554204
31720.000000 2.963514 -47.812634 1.141224 -0.547426
31740.000000 2.933525 -47.971775 1.114388 -0.540722
31760.000000 2.904899 -48.130534 1.086171 -0.534109
31780.000000 2.877623 -48.288858 1.056722 -0.527604
31800.000000 2.851679 -48.446700 1.026178 -0.521221
31820.000000 2.827051 -48.604017 0.994667 -0.514976
31840.000000 2.803717 -48.760773 0.962305 -0.508884
31860.000000 2.781655 -48.916936 0.929201 -0.502961
31880.000000 2.760841 -49.072483 0.895452 -0.497219
31900.000000 2.741253 -49.227392 0.861148 -0.491673
31920.000000 2.722863 -49.381653 0.826369 -0.486335
31940.000000 2.705646 -49.535256 0.791188 -0.481218
31960.000000 2.689576 -49.688201 0.755671 -0.476332
31980.000000 2.674626 -49.840493 0.719875 -0.471689
