0.000000 3.376341 21.285700 -0.779746 0.213122
20.000000 3.362853 21.339133 -0.776534 0.203955
40.000000 3.350038 21.390412 -0.772738 0.194753
60.000000 3.337890 21.439502 -0.768422 0.185518
80.000000 3.326402 21.486368 -0.763650 0.176255
100.000000 3.315568 21.530978 -0.758480 0.166966
120.000000 3.305381 21.573303 -0.752970 0.157654
140.000000 3.295836 21.613313 -0.747172 0.148323
160.000000 3.286925 21.650983 -0.741137 0.138975
180.000000 3.278642 21.686290 -0.734911 0.129613
200.000000 3.270980 21.719210 -0.728541 0.120240
220.000000 3.263933 21.749724 -0.722065 0.110858
240.000000 3.257496 21.777814 -0.715524 0.101470
260.000000 3.251660 21.803464 -0.708952 0.092077
280.000000 3.246421 21.826659 -0.702382 0.082682
300.000000 3.241774 21.847387 -0.695843 0.073287
320.000000 3.237711 21.865638 -0.689362 0.063893
340.000000 3.234229 21.881403 -0.682963 0.054502
360.000000 3.231323 21.894675 -0.676666 0.045116
380.000000 3.228987 21.905448 -0.670490 0.035735
400.000000 3.227219 21.913720 -0.664450 0.026361
420.000000 3.226014 21.919487 -0.658558 0.016994
440.000000 3.225369 21.922749 -0.652823 0.007636
460.000000 3.225283 21.923508 -0.647253 -0.001712
480.000000 3.225752 21.921766 -0.641850 -0.011051
500.000000 3.226775 21.917527 -0.636617 -0.020379
520.000000 3.228351 21.910796 -0.631551 -0.029696
540.000000 3.230480 21.901579 -0.626648 -0.039001
560.000000 3.233162 21.889887 -0.621900 -0.048295
580.000000 3.236397 21.875727 -0.617297 -0.057575
600.000000 3.240187 21.859110 -0.612824 -0.066842
620.000000 3.244533 21.840050 -0.608467 -0.076096
640.000000 3.249437 21.818560 -0.604206 -0.085335
660.000000 3.254903 21.794655 -0.600017 -0.094558
680.000000 3.260932 21.768352 -0.595877 -0.103765
700.000000 3.267529 21.739669 -0.591755 -0.112954
720.000000 3.274696 21.708625 -0.587621 -0.122125
740.000000 3.282437 21.675242 -0.583440 -0.131274
760.000000 3.290757 21.639543 -0.579172 -0.140401
780.000000 3.299658 21.601551 -0.574776 -0.149502
800.000000 3.309143 21.561295 -0.570207 -0.158576
820.000000 3.319217 21.518800 -0.565416 -0.167620
840.000000 3.329880 21.474098 -0.560352 -0.176629
860.000000 3.341135 21.427220 -0.554958 -0.185601
880.000000 3.352982 21.378200 -0.549176 -0.194530
900.000000 3.365419 21.327074 -0.542944 -0.203412
920.000000 3.378445 21.273880 -0.536195 -0.212241
940.000000 3.392055 21.218657 -0.528861 -0.221011
960.000000 3.406241 21.161449 -0.520870 -0.229716
980.000000 3.420995 21.102299 -0.512147 -0.238349
1000.000000 3.436303 21.041255 -0.502615 -0.246900
1020.000000 3.452148 20.978365 -0.492194 -0.255361
1040.000000 3.468509 20.913681 -0.480804 -0.263723
1060.000000 3.485360 20.847256 -0.468362 -0.271975
1080.000000 3.502669 20.779146 -0.454785 -0.280106
1100.000000 3.520398 20.709409 -0.439992 -0.288103
1120.000000 3.538503 20.638105 -0.423902 -0.295954
1140.000000 3.556931 20.565296 -0.406436 -0.303644
1160.000000 3.575620 20.491045 -0.387520 -0.311158
1180.000000 3.594503 20.415418 -0.367084 -0.318481
1200.000000 3.613499 20.338482 -0.345066 -0.325596
1220.000000 3.632521 20.260304 -0.321412 -0.332486
1240.000000 3.651471 20.180955 -0.296077 -0.339132
1260.000000 3.670241 20.100503 -0.269031 -0.345516
1280.000000 3.688714 20.019020 -0.240255 -0.351618
1300.000000 3.706764 19.936576 -0.209748 -0.357418
1320.000000 3.724258 19.853243 -0.177527 -0.362897
1340.000000 3.741057 19.769089 -0.143629 -0.368035
1360.000000 3.757017 19.684187 -0.108112 -0.372811
1380.000000 3.771994 19.598605 -0.071054 -0.377207
1400.000000 3.785842 19.512411 -0.032560 -0.381204
1420.000000 3.798420 19.425675 0.007244 -0.384783
1440.000000 3.809593 19.338462 0.048212 -0.387929
1460.000000 3.819237 19.250838 0.090173 -0.390625
1480.000000 3.827239 19.162870 0.132938 -0.392857
1500.000000 3.833503 19.074621 0.176304 -0.394614
1520.000000 3.837952 18.986157 0.220053 -0.395884
1540.000000 3.840527 18.897541 0.263957 -0.396660
1560.000000 3.841196 18.808838 0.307785 -0.396935
1580.000000 3.839947 18.720113 0.351306 -0.396706
1600.000000 3.836791 18.631432 0.394291 -0.395971
1620.000000 3.831766 18.542862 0.436521 -0.394732
1640.000000 3.824928 18.454472 0.477790 -0.392993
1660.000000 3.816358 18.366331 0.517906 -0.390759
1680.000000 3.806152 18.278510 0.556698 -0.388041
1700.000000 3.794423 18.191082 0.594015 -0.384848
1720.000000 3.781296 18.104122 0.629730 -0.381194
1740.000000 3.766905 18.017706 0.663738 -0.377094
1760.000000 3.751392 17.931911 0.695960 -0.372565
1780.000000 3.734901 17.846816 0.726337 -0.367624
1800.000000 3.717576 17.762499 0.754836 -0.362290
1820.000000 3.699561 17.679042 0.781443 -0.356582
1840.000000 3.680993 17.596525 0.806166 -0.350520
1860.000000 3.662007 17.515029 0.829027 -0.344124
1880.000000 3.642727 17.434634 0.850066 -0.337413
1900.000000 3.623272 17.355422 0.869338 -0.330408
1920.000000 3.603751 17.277472 0.886907 -0.323127
1940.000000 3.584263 17.200863 0.902848 -0.315589
1960.000000 3.564899 17.125672 0.917244 -0.307812
1980.000000 3.545740 17.051976 0.930183 -0.299814
2000.000000 3.526861 16.979850 0.941759 -0.291612
2020.000000 3.508324 16.909365 0.952067 -0.283221
2040.000000 3.490187 16.840594 0.961205 -0.274657
2060.000000 3.472499 16.773604 0.969272 -0.265933
2080.000000 3.455303 16.708462 0.976364 -0.257065
2100.000000 3.438633 16.645231 0.982578 -0.248063
2120.000000 3.422521 16.583973 0.988008 -0.238940
2140.000000 3.406992 16.524746 0.992746 -0.229707
2160.000000 3.392066 16.467607 0.996881 -0.220373
2180.000000 3.377761 16.412608 1.000498 -0.210949
2200.000000 3.364089 16.359802 1.003678 -0.201442
2220.000000 3.351061 16.309235 1.006498 -0.191861
2240.000000 3.338684 16.260955 1.009033 -0.182212
2260.000000 3.326963 16.215004 1.011351 -0.172502
2280.000000 3.315902 16.171424 1.013517 -0.162736
2300.000000 3.305502 16.130252 1.015593 -0.152918
2320.000000 3.295765 16.091525 1.017635 -0.143055
2340.000000 3.286691 16.055277 1.019695 -0.133148
2360.000000 3.278278 16.021541 1.021823 -0.123201
2380.000000 3.270527 15.990345 1.024062 -0.113218
2400.000000 3.263434 15.961717 1.026452 -0.103200
2420.000000 3.257000 15.935684 1.029031 -0.093149
2440.000000 3.251223 15.912270 1.031832 -0.083068
2460.000000 3.246102 15.891495 1.034882 -0.072956
2480.000000 3.241636 15.873382 1.038208 -0.062816
2500.000000 3.237827 15.857948 1.041832 -0.052648
2520.000000 3.234675 15.845210 1.045771 -0.042453
2540.000000 3.232180 15.835184 1.050041 -0.032231
2560.000000 3.230346 15.827882 1.054652 -0.021983
2580.000000 3.229174 15.823316 1.059614 -0.011710
2600.000000 3.228670 15.821496 1.064930 -0.001412
2620.000000 3.228836 15.822431 1.070601 0.008911
2640.000000 3.229678 15.826125 1.076626 0.019256
2660.000000 3.231202 15.832583 1.082998 0.029624
2680.000000 3.233414 15.841807 1.089708 0.040014
2700.000000 3.236321 15.853797 1.096743 0.050422
2720.000000 3.239931 15.868551 1.104087 0.060849
2740.000000 3.244253 15.886065 1.111720 0.071292
2760.000000 3.249293 15.906330 1.119619 0.081748
2780.000000 3.255062 15.929338 1.127755 0.092215
2800.000000 3.261568 15.955076 1.136099 0.102690
2820.000000 3.268820 15.983530 1.144614 0.113168
2840.000000 3.276826 16.014683 1.153263 0.123647
2860.000000 3.285595 16.048512 1.162002 0.134121
2880.000000 3.295135 16.084995 1.170784 0.144586
2900.000000 3.305454 16.124106 1.179559 0.155037
2920.000000 3.316559 16.165814 1.188272 0.165467
2940.000000 3.328455 16.210085 1.196864 0.175871
2960.000000 3.341146 16.256886 1.205271 0.186243
2980.000000 3.354638 16.306174 1.213427 0.196575
3000.000000 3.368931 16.357909 1.221260 0.206860
3020.000000 3.384026 16.412044 1.228695 0.217091
3040.000000 3.399923 16.468530 1.235653 0.227261
3060.000000 3.416617 16.527315 1.242050 0.237360
3080.000000 3.434104 16.588344 1.247800 0.247380
3100.000000 3.452375 16.651559 1.252812 0.257314
3120.000000 3.471420 16.716900 1.256991 0.267151
3140.000000 3.491227 16.784304 1.260240 0.276884
3160.000000 3.511779 16.853704 1.262458 0.286504
3180.000000 3.533056 16.925034 1.263541 0.296000
3200.000000 3.555037 16.998223 1.263382 0.305364
3220.000000 3.577693 17.073200 1.261873 0.314587
3240.000000 3.600993 17.149892 1.258902 0.323658
3260.000000 3.624902 17.228224 1.254357 0.332568
3280.000000 3.649378 17.308120 1.248125 0.341307
3300.000000 3.674374 17.389505 1.240092 0.349864
3320.000000 3.699835 17.472301 1.230144 0.358229
3340.000000 3.725700 17.556429 1.218171 0.366391
3360.000000 3.751899 17.641814 1.204063 0.374338
3380.000000 3.778353 17.728376 1.187715 0.382058
3400.000000 3.804972 17.816039 1.169027 0.389539
3420.000000 3.831654 17.904727 1.147906 0.396767
3440.000000 3.858287 17.994362 1.124266 0.403727
3460.000000 3.884743 18.084871 1.098035 0.410404
3480.000000 3.910884 18.176180 1.069150 0.416782
3500.000000 3.936555 18.268217 1.037564 0.422843
3520.000000 3.961589 18.360912 1.003248 0.428569
3540.000000 3.985808 18.454196 0.966190 0.433941
3560.000000 4.009021 18.548002 0.926400 0.438938
3580.000000 4.031032 18.642267 0.883913 0.443541
3600.000000 4.051639 18.736928 0.838788 0.447730
3620.000000 4.070639 18.831926 0.791112 0.451485
3640.000000 4.087835 18.927204 0.741002 0.454790
3660.000000 4.103037 19.022706 0.688606 0.457628
3680.000000 4.116072 19.118382 0.634101 0.459986
3700.000000 4.126785 19.214182 0.577698 0.461853
3720.000000 4.135046 19.310061 0.519640 0.463223
3740.000000 4.140751 19.405976 0.460196 0.464091
3760.000000 4.143830 19.501887 0.399663 0.464458
3780.000000 4.144244 19.597757 0.338359 0.464325
3800.000000 4.141986 19.693549 0.276617 0.463698
3820.000000 4.137085 19.789231 0.214782 0.462583
3840.000000 4.129601 19.884768 0.153197 0.460988
3860.000000 4.119626 19.980128 0.092204 0.458924
3880.000000 4.107278 20.075276 0.032127 0.456401
3900.000000 4.092704 20.170177 -0.026726 0.453432
3920.000000 4.076067 20.264793 -0.084073 0.450029
3940.000000 4.057554 20.359081 -0.139662 0.446208
3960.000000 4.037360 20.453000 -0.193274 0.441985
3980.000000 4.015692 20.546502 -0.244722 0.437376
4000.000000 3.992760 20.639536 -0.293855 0.432402
4020.000000 3.968774 20.732051 -0.340555 0.427082
4040.000000 3.943937 20.823990 -0.384737 0.421436
4060.000000 3.918449 20.915295 -0.426343 0.415485
4080.000000 3.892493 21.005905 -0.465347 0.409251
4100.000000 3.866242 21.095760 -0.501742 0.402754
4120.000000 3.839854 21.184796 -0.535547 0.396014
4140.000000 3.813469 21.272948 -0.566797 0.389050
4160.000000 3.787212 21.360152 -0.595543 0.381880
4180.000000 3.761192 21.446341 -0.621849 0.374520
4200.000000 3.735503 21.531451 -0.645792 0.366987
4220.000000 3.710224 21.615417 -0.667454 0.359293
4240.000000 3.685422 21.698173 -0.686926 0.351453
4260.000000 3.661151 21.779656 -0.704301 0.343478
4280.000000 3.637456 21.859803 -0.719679 0.335378
4300.000000 3.614372 21.938550 -0.733157 0.327164
4320.000000 3.591927 22.015837 -0.744839 0.318843
4340.000000 3.570143 22.091605 -0.754822 0.310425
4360.000000 3.549035 22.165794 -0.763208 0.301916
4380.000000 3.528614 22.238348 -0.770095 0.293322
4400.000000 3.508887 22.309211 -0.775578 0.284650
4420.000000 3.489860 22.378329 -0.779754 0.275906
4440.000000 3.471535 22.445650 -0.782713 0.267093
4460.000000 3.453911 22.511122 -0.784544 0.258217
4480.000000 3.436986 22.574696 -0.785335 0.249283
4500.000000 3.420759 22.636326 -0.785169 0.240294
4520.000000 3.405226 22.695966 -0.784127 0.231255
4540.000000 3.390381 22.753572 -0.782286 0.222170
4560.000000 3.376220 22.809102 -0.779721 0.213042
4580.000000 3.362738 22.862516 -0.776503 0.203875
4600.000000 3.349929 22.913777 -0.772702 0.194672
4620.000000 3.337786 22.962847 -0.768382 0.185437
4640.000000 3.326304 23.009694 -0.763606 0.176174
4660.000000 3.315476 23.054284 -0.758433 0.166884
4680.000000 3.305295 23.096588 -0.752920 0.157572
4700.000000 3.295755 23.136578 -0.747120 0.148241
4720.000000 3.286849 23.174228 -0.741083 0.138893
4740.000000 3.278572 23.209513 -0.734856 0.129531
4760.000000 3.270916 23.242413 -0.728484 0.120158
4780.000000 3.263874 23.272905 -0.722008 0.110776
4800.000000 3.257442 23.300974 -0.715466 0.101387
4820.000000 3.251612 23.326602 -0.708894 0.091995
4840.000000 3.246378 23.349776 -0.702324 0.082600
4860.000000 3.241735 23.370483 -0.695786 0.073205
4880.000000 3.237678 23.388712 -0.689306 0.063811
4900.000000 3.234201 23.404455 -0.682907 0.054420
4920.000000 3.231300 23.417705 -0.676612 0.045033
4940.000000 3.228969 23.428456 -0.670437 0.035653
4960.000000 3.227206 23.436706 -0.664398 0.026278
4980.000000 3.226006 23.442451 -0.658507 0.016912
5000.000000 3.225366 23.445691 -0.652774 0.007554
5020.000000 3.225284 23.446428 -0.647205 -0.001794
5040.000000 3.225758 23.444664 -0.641804 -0.011133
5060.000000 3.226786 23.440403 -0.636572 -0.020461
5080.000000 3.228367 23.433650 -0.631508 -0.029778
5100.000000 3.230501 23.424412 -0.626606 -0.039083
5120.000000 3.233188 23.412698 -0.621859 -0.048376
5140.000000 3.236428 23.398516 -0.617257 -0.057656
5160.000000 3.240222 23.381879 -0.612786 -0.066924
5180.000000 3.244573 23.362797 -0.608429 -0.076177
5200.000000 3.249483 23.341286 -0.604169 -0.085416
5220.000000 3.254953 23.317360 -0.599981 -0.094639
5240.000000 3.260987 23.291036 -0.595841 -0.103846
5260.000000 3.267589 23.262332 -0.591719 -0.113035
5280.000000 3.274761 23.231267 -0.587585 -0.122205
5300.000000 3.282508 23.197864 -0.583403 -0.131354
5320.000000 3.290832 23.162144 -0.579134 -0.140481
5340.000000 3.299738 23.124133 -0.574737 -0.149582
5360.000000 3.309229 23.083857 -0.570166 -0.158656
5380.000000 3.319308 23.041343 -0.565373 -0.167699
5400.000000 3.329976 22.996621 -0.560306 -0.176708
5420.000000 3.341236 22.949725 -0.554909 -0.185679
5440.000000 3.353088 22.900686 -0.549124 -0.194608
5460.000000 3.365531 22.849542 -0.542887 -0.203489
5480.000000 3.378562 22.796329 -0.536133 -0.212318
5500.000000 3.392177 22.741089 -0.528794 -0.221088
5520.000000 3.406368 22.683863 -0.520797 -0.229792
5540.000000 3.421127 22.624697 -0.512067 -0.238424
5560.000000 3.436439 22.563636 -0.502527 -0.246974
5580.000000 3.452289 22.500730 -0.492099 -0.255435
5600.000000 3.468654 22.436031 -0.480699 -0.263796
5620.000000 3.485510 22.369591 -0.468248 -0.272047
5640.000000 3.502823 22.301466 -0.454661 -0.280177
5660.000000 3.520555 22.231715 -0.439857 -0.288173
5680.000000 3.538663 22.160398 -0.423755 -0.296022
5700.000000 3.557093 22.087576 -0.406277 -0.303710
5720.000000 3.575785 22.013313 -0.387348 -0.311223
5740.000000 3.594669 21.937674 -0.366898 -0.318544
5760.000000 3.613666 21.860726 -0.344866 -0.325658
5780.000000 3.632688 21.782538 -0.321197 -0.332545
5800.000000 3.651637 21.703179 -0.295848 -0.339189
5820.000000 3.670404 21.622718 -0.268786 -0.345570
5840.000000 3.688874 21.541226 -0.239995 -0.351670
5860.000000 3.706919 21.458775 -0.209473 -0.357468
5880.000000 3.724408 21.375433 -0.177237 -0.362944
5900.000000 3.741200 21.291273 -0.143325 -0.368078
5920.000000 3.757153 21.206365 -0.107793 -0.372852
5940.000000 3.772121 21.120777 -0.070723 -0.377244
5960.000000 3.785958 21.034578 -0.032217 -0.381237
5980.000000 3.798524 20.947837 0.007599 -0.384813
6000.000000 3.809685 20.860620 0.048576 -0.387955
6020.000000 3.819314 20.772993 0.090544 -0.390646
6040.000000 3.827302 20.685022 0.133316 -0.392875
6060.000000 3.833550 20.596771 0.176686 -0.394627
6080.000000 3.837982 20.508305 0.220437 -0.395893
6100.000000 3.840542 20.419688 0.264342 -0.396665
6120.000000 3.841194 20.330985 0.308168 -0.396936
6140.000000 3.839927 20.242260 0.351685 -0.396702
6160.000000 3.836755 20.153580 0.394665 -0.395963
6180.000000 3.831713 20.065012 0.436887 -0.394719
6200.000000 3.824861 19.976623 0.478147 -0.392976
6220.000000 3.816276 19.888484 0.518252 -0.390738
6240.000000 3.806056 19.800667 0.557031 -0.388015
6260.000000 3.794314 19.713243 0.594335 -0.384818
6280.000000 3.781175 19.626287 0.630035 -0.381160
6300.000000 3.766774 19.539876 0.664028 -0.377056
6320.000000 3.751252 19.454087 0.696234 -0.372524
6340.000000 3.734752 19.368998 0.726595 -0.367579
6360.000000 3.717421 19.284689 0.755077 -0.362241
6380.000000 3.699400 19.201240 0.781668 -0.356530
6400.000000 3.680828 19.118731 0.806374 -0.350465
6420.000000 3.661839 19.037244 0.829219 -0.344066
6440.000000 3.642558 18.956860 0.850243 -0.337353
6460.000000 3.623101 18.877658 0.869499 -0.330345
6480.000000 3.603580 18.799719 0.887054 -0.323062
6500.000000 3.584092 18.723122 0.902981 -0.315522
6520.000000 3.564730 18.647944 0.917364 -0.307743
6540.000000 3.545573 18.574262 0.930290 -0.299743
6560.000000 3.526697 18.502149 0.941855 -0.291539
6580.000000 3.508163 18.431680 0.952152 -0.283147
6600.000000 3.490030 18.362924 0.961280 -0.274581
6620.000000 3.472347 18.295950 0.969338 -0.265856
6640.000000 3.455154 18.230824 0.976422 -0.256986
6660.000000 3.438489 18.167610 0.982628 -0.247983
6680.000000 3.422382 18.106370 0.988052 -0.238859
6700.000000 3.406859 18.047161 0.992785 -0.229625
6720.000000 3.391938 17.990040 0.996915 -0.220291
6740.000000 3.377639 17.935061 1.000527 -0.210866
6760.000000 3.363972 17.882273 1.003704 -0.201359
6780.000000 3.350950 17.831727 1.006521 -0.191777
6800.000000 3.338578 17.783467 1.009054 -0.182127
6820.000000 3.326863 17.737537 1.011370 -0.172417
6840.000000 3.315808 17.693977 1.013536 -0.162650
6860.000000 3.305414 17.652826 1.015611 -0.152832
6880.000000 3.295683 17.614121 1.017653 -0.142968
6900.000000 3.286614 17.577895 1.019714 -0.133061
6920.000000 3.278208 17.544181 1.021842 -0.123114
6940.000000 3.270462 17.513007 1.024082 -0.113130
6960.000000 3.263375 17.484402 1.026474 -0.103112
6980.000000 3.256946 17.458392 1.029055 -0.093061
7000.000000 3.251175 17.435001 1.031857 -0.082979
7020.000000 3.246060 17.414250 1.034910 -0.072868
7040.000000 3.241600 17.396160 1.038238 -0.062727
7060.000000 3.237797 17.380749 1.041865 -0.052559
7080.000000 3.234650 17.368035 1.045807 -0.042363
7100.000000 3.232161 17.358032 1.050080 -0.032141
7120.000000 3.230333 17.350755 1.054694 -0.021893
7140.000000 3.229167 17.346213 1.059659 -0.011620
7160.000000 3.228668 17.344417 1.064978 -0.001321
7180.000000 3.228840 17.345376 1.070653 0.009001
7200.000000 3.229688 17.349094 1.076680 0.019347
7220.000000 3.231218 17.355576 1.083055 0.029715
7240.000000 3.233436 17.364825 1.089768 0.040105
7260.000000 3.236350 17.376839 1.096806 0.050514
7280.000000 3.239966 17.391618 1.104153 0.060941
7300.000000 3.244294 17.409155 1.111788 0.071384
7320.000000 3.249341 17.429444 1.119689 0.081840
7340.000000 3.255116 17.452476 1.127827 0.092307
7360.000000 3.261628 17.478238 1.136172 0.102782
7380.000000 3.268886 17.506716 1.144689 0.113260
7400.000000 3.276899 17.537892 1.153339 0.123739
7420.000000 3.285675 17.571745 1.162078 0.134213
7440.000000 3.295222 17.608251 1.170861 0.144678
7460.000000 3.305548 17.647385 1.179636 0.155128
7480.000000 3.316660 17.689115 1.188348 0.165558
7500.000000 3.328562 17.733409 1.196938 0.175962
7520.000000 3.341261 17.780231 1.205344 0.186334
7540.000000 3.354760 17.829542 1.213497 0.196665
7560.000000 3.369060 17.881297 1.221327 0.206950
7580.000000 3.384162 17.935453 1.228758 0.217181
7600.000000 3.400066 17.991959 1.235712 0.227349
7620.000000 3.416767 18.050764 1.242104 0.237448
7640.000000 3.434260 18.111813 1.247847 0.247467
7660.000000 3.452538 18.175047 1.252852 0.257400
7680.000000 3.471591 18.240406 1.257024 0.267237
7700.000000 3.491404 18.307828 1.260264 0.276969
7720.000000 3.511962 18.377245 1.262472 0.286588
7740.000000 3.533246 18.448592 1.263545 0.296083
7760.000000 3.555232 18.521797 1.263375 0.305446
7780.000000 3.577894 18.596789 1.261853 0.314667
7800.000000 3.601200 18.673496 1.258869 0.323737
7820.000000 3.625114 18.751842 1.254310 0.332645
7840.000000 3.649595 18.831752 1.248063 0.341382
7860.000000 3.674595 18.913149 1.240013 0.349938
7880.000000 3.700060 18.995957 1.230048 0.358301
7900.000000 3.725928 19.080097 1.218057 0.366461
7920.000000 3.752130 19.165492 1.203930 0.374407
7940.000000 3.778586 19.252064 1.187562 0.382125
7960.000000 3.805205 19.339737 1.168853 0.389604
7980.000000 3.831888 19.428433 1.147709 0.396829
8000.000000 3.858519 19.518076 1.124048 0.403787
8020.000000 3.884974 19.608593 1.097793 0.410462
8040.000000 3.911111 19.699908 1.068885 0.416837
8060.000000 3.936777 19.791951 1.037276 0.422895
8080.000000 3.961805 19.884651 1.002935 0.428618
8100.000000 3.986016 19.977940 0.965853 0.433986
8120.000000 4.009220 20.071751 0.926040 0.438980
8140.000000 4.031219 20.166019 0.883529 0.443579
8160.000000 4.051813 20.260684 0.838381 0.447764
8180.000000 4.070798 20.355684 0.790684 0.451516
8200.000000 4.087977 20.450964 0.740553 0.454817
8220.000000 4.103161 20.546468 0.688137 0.457651
8240.000000 4.116176 20.642145 0.633614 0.460004
8260.000000 4.126868 20.737946 0.577196 0.461867
8280.000000 4.135107 20.833826 0.519125 0.463232
8300.000000 4.140790 20.929741 0.459670 0.464096
8320.000000 4.143846 21.025652 0.399128 0.464459
8340.000000 4.144236 21.121521 0.337819 0.464322
8360.000000 4.141954 21.217313 0.276075 0.463690
8380.000000 4.137030 21.312993 0.214241 0.462571
8400.000000 4.129524 21.408529 0.152660 0.460972
8420.000000 4.119528 21.503887 0.091673 0.458904
8440.000000 4.107160 21.599034 0.031605 0.456377
8460.000000 4.092566 21.693932 -0.027235 0.453404
8480.000000 4.075913 21.788545 -0.084568 0.449998
8500.000000 4.057384 21.882831 -0.140141 0.446173
8520.000000 4.037176 21.976746 -0.193734 0.441946
8540.000000 4.015497 22.070244 -0.245163 0.437334
8560.000000 3.992554 22.163274 -0.294275 0.432357
8580.000000 3.968559 22.255784 -0.340953 0.427034
8600.000000 3.943717 22.347717 -0.385112 0.421385
8620.000000 3.918223 22.439016 -0.426697 0.415432
8640.000000 3.892264 22.529621 -0.465677 0.409196
8660.000000 3.866011 22.619469 -0.502050 0.402696
8680.000000 3.839622 22.708497 -0.535832 0.395954
8700.000000 3.813238 22.796641 -0.567059 0.388988
8720.000000 3.786983 22.883836 -0.595784 0.381816
8740.000000 3.760966 22.970016 -0.622069 0.374455
8760.000000 3.735280 23.055117 -0.645992 0.366920
8780.000000 3.710005 23.139072 -0.667634 0.359225
8800.000000 3.685207 23.221818 -0.687087 0.351384
8820.000000 3.660941 23.303289 -0.704444 0.343407
8840.000000 3.637251 23.383423 -0.719805 0.335306
8860.000000 3.614173 23.462158 -0.733268 0.327091
8880.000000 3.591734 23.539433 -0.744933 0.318770
8900.000000 3.569955 23.615187 -0.754902 0.310351
8920.000000 3.548853 23.689362 -0.763275 0.301841
8940.000000 3.528438 23.761901 -0.770149 0.293247
8960.000000 3.508718 23.832749 -0.775621 0.284574
8980.000000 3.489697 23.901852 -0.779785 0.275829
9000.000000 3.471377 23.969156 -0.782734 0.267015
9020.000000 3.453759 24.034612 -0.784556 0.258139
9040.000000 3.436841 24.098170 -0.785338 0.249204
9060.000000 3.420620 24.159782 -0.785164 0.240215
9080.000000 3.405093 24.219405 -0.784114 0.231176
9100.000000 3.390254 24.276992 -0.782267 0.222090
9120.000000 3.376099 24.332504 -0.779696 0.212962
9140.000000 3.362623 24.385899 -0.776473 0.203794
9160.000000 3.349820 24.437141 -0.772666 0.194591
9180.000000 3.337683 24.486192 -0.768342 0.185356
9200.000000 3.326206 24.533019 -0.763562 0.176092
9220.000000 3.315383 24.577589 -0.758386 0.166803
9240.000000 3.305208 24.619873 -0.752870 0.157491
9260.000000 3.295674 24.659843 -0.747068 0.148159
9280.000000 3.286774 24.697472 -0.741029 0.138811
9300.000000 3.278502 24.732737 -0.734801 0.129449
9320.000000 3.270851 24.765615 -0.728428 0.120076
9340.000000 3.263815 24.796087 -0.721951 0.110693
9360.000000 3.257388 24.824134 -0.715409 0.101305
9380.000000 3.251563 24.849741 -0.708837 0.091912
9400.000000 3.246335 24.872893 -0.702267 0.082517
9420.000000 3.241697 24.893578 -0.695729 0.073122
9440.000000 3.237645 24.911785 -0.689249 0.063728
9460.000000 3.234173 24.927507 -0.682852 0.054338
9480.000000 3.231277 24.940735 -0.676557 0.044951
9500.000000 3.228951 24.951464 -0.670383 0.035570
9520.000000 3.227193 24.959692 -0.664345 0.026196
9540.000000 3.225998 24.965415 -0.658456 0.016830
9560.000000 3.225363 24.968633 -0.652724 0.007472
9580.000000 3.225286 24.969348 -0.647157 -0.001876
9600.000000 3.225765 24.967562 -0.641757 -0.011215
9620.000000 3.226798 24.963279 -0.636527 -0.020542
9640.000000 3.228384 24.956505 -0.631464 -0.029859
9660.000000 3.230522 24.947245 -0.626564 -0.039164
9680.000000 3.233214 24.935509 -0.621818 -0.048457
9700.000000 3.236459 24.921306 -0.617217 -0.057738
9720.000000 3.240258 24.904647 -0.612747 -0.067005
9740.000000 3.244614 24.885544 -0.608392 -0.076258
9760.000000 3.249528 24.864011 -0.604132 -0.085497
9780.000000 3.255003 24.840064 -0.599944 -0.094720
9800.000000 3.261043 24.813719 -0.595804 -0.103926
9820.000000 3.267649 24.784994 -0.591683 -0.113115
9840.000000 3.274827 24.753909 -0.587549 -0.122285
9860.000000 3.282578 24.720486 -0.583366 -0.131434
9880.000000 3.290908 24.684746 -0.579096 -0.140560
9900.000000 3.299819 24.646715 -0.574697 -0.149662
9920.000000 3.309315 24.606418 -0.570125 -0.158735
9940.000000 3.319399 24.563885 -0.565330 -0.167778
9960.000000 3.330072 24.519144 -0.560260 -0.176787
9980.000000 3.341338 24.472229 -0.554860 -0.185757
10000.000000 3.353195 24.423172 -0.549071 -0.194686
10020.000000 3.365642 24.372009 -0.542830 -0.203567
10040.000000 3.378679 24.318779 -0.536072 -0.212395
10060.000000 3.392299 24.263521 -0.528727 -0.221165
10080.000000 3.406495 24.206278 -0.520724 -0.229868
10100.000000 3.421259 24.147095 -0.511987 -0.238499
10120.000000 3.436576 24.086018 -0.502440 -0.247049
10140.000000 3.452430 24.023096 -0.492003 -0.255509
10160.000000 3.468800 23.958381 -0.480595 -0.263869
10180.000000 3.485659 23.891926 -0.468134 -0.272119
10200.000000 3.502976 23.823787 -0.454537 -0.280247
10220.000000 3.520713 23.754022 -0.439722 -0.288242
10240.000000 3.538823 23.682691 -0.423608 -0.296090
10260.000000 3.557256 23.609856 -0.406117 -0.303777
10280.000000 3.575950 23.535580 -0.387175 -0.311288
10300.000000 3.594835 23.459930 -0.366712 -0.318608
10320.000000 3.613833 23.382971 -0.344666 -0.325719
10340.000000 3.632854 23.304773 -0.320983 -0.332604
10360.000000 3.651802 23.225403 -0.295618 -0.339246
10380.000000 3.670568 23.144933 -0.268541 -0.345625
10400.000000 3.689034 23.063433 -0.239735 -0.351722
10420.000000 3.707075 22.980973 -0.209198 -0.357517
10440.000000 3.724559 22.897624 -0.176948 -0.362990
10460.000000 3.741344 22.813457 -0.143021 -0.368122
10480.000000 3.757289 22.728542 -0.107475 -0.372892
10500.000000 3.772247 22.642948 -0.070392 -0.377281
10520.000000 3.786074 22.556745 -0.031874 -0.381270
10540.000000 3.798628 22.469999 0.007953 -0.384842
10560.000000 3.809776 22.382778 0.048939 -0.387980
10580.000000 3.819392 22.295148 0.090916 -0.390668
10600.000000 3.827364 22.207175 0.133694 -0.392892
10620.000000 3.833597 22.118922 0.177068 -0.394640
10640.000000 3.838013 22.030454 0.220821 -0.395902
10660.000000 3.840556 21.941836 0.264726 -0.396669
10680.000000 3.841191 21.853132 0.308551 -0.396936
10700.000000 3.839908 21.764407 0.352065 -0.396698
10720.000000 3.836719 21.675728 0.395038 -0.395954
10740.000000 3.831661 21.587161 0.437253 -0.394706
10760.000000 3.824793 21.498774 0.478503 -0.392958
10780.000000 3.816193 21.410638 0.518598 -0.390716
10800.000000 3.805960 21.322823 0.557365 -0.387989
10820.000000 3.794205 21.235403 0.594655 -0.384788
10840.000000 3.781054 21.148452 0.630341 -0.381126
10860.000000 3.766643 21.062046 0.664318 -0.377019
10880.000000 3.751111 20.976263 0.696508 -0.372482
10900.000000 3.734604 20.891180 0.726853 -0.367534
10920.000000 3.717266 20.806878 0.755319 -0.362193
10940.000000 3.699240 20.723437 0.781893 -0.356479
10960.000000 3.680664 20.640937 0.806582 -0.350411
10980.000000 3.661671 20.559459 0.829411 -0.344009
11000.000000 3.642388 20.479085 0.850419 -0.337293
11020.000000 3.622931 20.399894 0.869660 -0.330282
11040.000000 3.603409 20.321967 0.887200 -0.322997
11060.000000 3.583922 20.245382 0.903113 -0.315454
11080.000000 3.564561 20.170216 0.917483 -0.307674
11100.000000 3.545407 20.096547 0.930398 -0.299672
11120.000000 3.526533 20.024449 0.941950 -0.291466
11140.000000 3.508003 19.953994 0.952237 -0.283072
11160.000000 3.489873 19.885254 0.961356 -0.274505
11180.000000 3.472194 19.818296 0.969404 -0.265779
11200.000000 3.455006 19.753187 0.976480 -0.256908
11220.000000 3.438346 19.689990 0.982679 -0.247904
11240.000000 3.422244 19.628767 0.988097 -0.238779
11260.000000 3.406725 19.569576 0.992824 -0.229544
11280.000000 3.391810 19.512474 0.996949 -0.220209
11300.000000 3.377516 19.457513 1.000557 -0.210783
11320.000000 3.363855 19.404745 1.003730 -0.201275
11340.000000 3.350839 19.354219 1.006545 -0.191693
11360.000000 3.338473 19.305979 1.009075 -0.182043
11380.000000 3.326763 19.260069 1.011390 -0.172331
11400.000000 3.315714 19.216530 1.013554 -0.162564
11420.000000 3.305326 19.175401 1.015629 -0.152746
11440.000000 3.295601 19.136718 1.017671 -0.142881
11460.000000 3.286538 19.100514 1.019732 -0.132974
11480.000000 3.278137 19.066821 1.021861 -0.123027
11500.000000 3.270397 19.035670 1.024102 -0.113043
11520.000000 3.263316 19.007088 1.026496 -0.103024
11540.000000 3.256893 18.981100 1.029078 -0.092973
11560.000000 3.251127 18.957732 1.031883 -0.082891
11580.000000 3.246018 18.937004 1.034938 -0.072779
11600.000000 3.241564 18.918938 1.038269 -0.062638
11620.000000 3.237766 18.903551 1.041898 -0.052470
11640.000000 3.234625 18.890860 1.045843 -0.042274
11660.000000 3.232142 18.880881 1.050119 -0.032051
11680.000000 3.230319 18.873627 1.054736 -0.021803
11700.000000 3.229160 18.869110 1.059704 -0.011529
11720.000000 3.228667 18.867338 1.065026 -0.001231
11740.000000 3.228845 18.868321 1.070704 0.009092
11760.000000 3.229698 18.872063 1.076735 0.019438
11780.000000 3.231234 18.878570 1.083112 0.029806
11800.000000 3.233459 18.887843 1.089828 0.040196
11820.000000 3.236378 18.899881 1.096869 0.050605
11840.000000 3.240001 18.914684 1.104218 0.061032
11860.000000 3.244335 18.932245 1.111856 0.071475
11880.000000 3.249388 18.952559 1.119759 0.081932
11900.000000 3.255170 18.975615 1.127900 0.092399
11920.000000 3.261689 19.001401 1.136246 0.102873
11940.000000 3.268953 19.029902 1.144765 0.113352
11960.000000 3.276973 19.061102 1.153415 0.123830
11980.000000 3.285756 19.094978 1.162155 0.134305
12000.000000 3.295309 19.131507 1.170938 0.144769
12020.000000 3.305642 19.170664 1.179713 0.155220
12040.000000 3.316760 19.212417 1.188424 0.165650
12060.000000 3.328670 19.256733 1.197013 0.176053
12080.000000 3.341376 19.303577 1.205416 0.186424
12100.000000 3.354881 19.352909 1.213567 0.196756
12120.000000 3.369189 19.404686 1.221394 0.207040
12140.000000 3.384298 19.458863 1.228821 0.217270
12160.000000 3.400209 19.515389 1.235770 0.227438
12180.000000 3.416917 19.574214 1.242157 0.237536
12200.000000 3.434417 19.635282 1.247894 0.247555
12220.000000 3.452702 19.698535 1.252892 0.257487
12240.000000 3.471761 19.763913 1.257056 0.267323
12260.000000 3.491581 19.831352 1.260288 0.277054
12280.000000 3.512146 19.900787 1.262487 0.286671
12300.000000 3.533436 19.972150 1.263549 0.296166
12320.000000 3.555428 20.045371 1.263368 0.305527
12340.000000 3.578095 20.120379 1.261834 0.314747
12360.000000 3.601407 20.197100 1.258836 0.323816
12380.000000 3.625326 20.275460 1.254263 0.332723
12400.000000 3.649812 20.355383 1.248000 0.341458
12420.000000 3.674816 20.436793 1.239934 0.350012
12440.000000 3.700285 20.519613 1.229952 0.358374
12460.000000 3.726156 20.603764 1.217943 0.366532
12480.000000 3.752361 20.689170 1.203796 0.374475
12500.000000 3.778818 20.775753 1.187408 0.382192
12520.000000 3.805439 20.863434 1.168678 0.389668
12540.000000 3.832121 20.952139 1.147513 0.396891
12560.000000 3.858752 21.041790 1.123829 0.403847
12580.000000 3.885205 21.132314 1.097552 0.410519
12600.000000 3.911338 21.223636 1.068620 0.416891
12620.000000 3.936999 21.315685 1.036987 0.422947
12640.000000 3.962021 21.408391 1.002622 0.428666
12660.000000 3.986224 21.501684 0.965516 0.434031
12680.000000 4.009418 21.595500 0.925679 0.439022
12700.000000 4.031406 21.689772 0.883145 0.443618
12720.000000 4.051987 21.784440 0.837974 0.447799
12740.000000 4.070957 21.879443 0.790255 0.451547
12760.000000 4.088119 21.974725 0.740103 0.454844
12780.000000 4.103285 22.070230 0.687668 0.457673
12800.000000 4.116280 22.165909 0.633128 0.460023
12820.000000 4.126951 22.261711 0.576694 0.461881
12840.000000 4.135168 22.357591 0.518609 0.463242
12860.000000 4.140828 22.453506 0.459143 0.464102
12880.000000 4.143861 22.549417 0.398594 0.464460
12900.000000 4.144227 22.645285 0.337279 0.464318
12920.000000 4.141923 22.741076 0.275533 0.463682
12940.000000 4.136976 22.836755 0.213699 0.462559
12960.000000 4.129448 22.932290 0.152122 0.460956
12980.000000 4.119430 23.027647 0.091142 0.458884
13000.000000 4.107042 23.122791 0.031084 0.456353
13020.000000 4.092429 23.217687 -0.027745 0.453376
13040.000000 4.075759 23.312297 -0.085063 0.449966
13060.000000 4.057214 23.406580 -0.140620 0.446138
13080.000000 4.036993 23.500492 -0.194195 0.441907
13100.000000 4.015301 23.593986 -0.245603 0.437292
13120.000000 3.992348 23.687012 -0.294695 0.432312
13140.000000 3.968345 23.779516 -0.341351 0.426985
13160.000000 3.943496 23.871445 -0.385488 0.421334
13180.000000 3.917997 23.962738 -0.427049 0.415379
13200.000000 3.892035 24.053336 -0.466007 0.409140
13220.000000 3.865780 24.143177 -0.502357 0.402638
13240.000000 3.839391 24.232198 -0.536116 0.395894
13260.000000 3.813007 24.320334 -0.567322 0.388926
13280.000000 3.786754 24.407520 -0.596024 0.381753
13300.000000 3.760739 24.493691 -0.622289 0.374390
13320.000000 3.735056 24.578782 -0.646191 0.366853
13340.000000 3.709785 24.662727 -0.667814 0.359157
13360.000000 3.684992 24.745462 -0.687248 0.351314
13380.000000 3.660731 24.826922 -0.704588 0.343337
13400.000000 3.637046 24.907044 -0.719931 0.335235
13420.000000 3.613973 24.985766 -0.733377 0.327019
13440.000000 3.591540 25.063028 -0.745028 0.318697
13460.000000 3.569767 25.138768 -0.754983 0.310277
13480.000000 3.548671 25.212929 -0.763341 0.301766
13500.000000 3.528262 25.285454 -0.770203 0.293171
13520.000000 3.508548 25.356287 -0.775663 0.284498
13540.000000 3.489533 25.425374 -0.779816 0.275752
13560.000000 3.471220 25.492662 -0.782754 0.266938
13580.000000 3.453608 25.558101 -0.784567 0.258061
13600.000000 3.436696 25.621643 -0.785341 0.249126
13620.000000 3.420481 25.683238 -0.785159 0.240136
13640.000000 3.404960 25.742843 -0.784102 0.231097
13660.000000 3.390127 25.800412 -0.782247 0.222010
13680.000000 3.375978 25.855906 -0.779670 0.212882
13700.000000 3.362508 25.909282 -0.776442 0.203714
13720.000000 3.349710 25.960505 -0.772631 0.194511
13740.000000 3.337579 26.009537 -0.768302 0.185275
13760.000000 3.326108 26.056344 -0.763519 0.176011
13780.000000 3.315292 26.100894 -0.758339 0.166721
13800.000000 3.305122 26.143158 -0.752821 0.157409
13820.000000 3.295593 26.183107 -0.747016 0.148077
13840.000000 3.286699 26.220716 -0.740975 0.138729
13860.000000 3.278432 26.255960 -0.734746 0.129367
13880.000000 3.270787 26.288817 -0.728371 0.119993
13900.000000 3.263756 26.319268 -0.721894 0.110611
13920.000000 3.257334 26.347294 -0.715351 0.101223
13940.000000 3.251515 26.372879 -0.708779 0.091830
13960.000000 3.246292 26.396009 -0.702209 0.082435
13980.000000 3.241659 26.416673 -0.695672 0.073040
14000.000000 3.237612 26.434859 -0.689193 0.063646
14020.000000 3.234145 26.450558 -0.682796 0.054255
14040.000000 3.231254 26.463764 -0.676502 0.044869
14060.000000 3.228933 26.474472 -0.670330 0.035488
14080.000000 3.227180 26.482677 -0.664293 0.026114
14100.000000 3.225990 26.488378 -0.658405 0.016748
14120.000000 3.225360 26.491575 -0.652675 0.007390
14140.000000 3.225288 26.492268 -0.647109 -0.001958
14160.000000 3.225771 26.490460 -0.641711 -0.011296
14180.000000 3.226809 26.486155 -0.636482 -0.020624
14200.000000 3.228400 26.479359 -0.631420 -0.029941
14220.000000 3.230543 26.470078 -0.626521 -0.039246
14240.000000 3.233240 26.458320 -0.621777 -0.048539
14260.000000 3.236489 26.444095 -0.617177 -0.057819
14280.000000 3.240294 26.427415 -0.612708 -0.067086
14300.000000 3.244654 26.408290 -0.608354 -0.076339
14320.000000 3.249574 26.386737 -0.604095 -0.085578
14340.000000 3.255054 26.362768 -0.599908 -0.094801
14360.000000 3.261098 26.336402 -0.595768 -0.104007
14380.000000 3.267710 26.307657 -0.591647 -0.113196
14400.000000 3.274892 26.276551 -0.587512 -0.122365
14420.000000 3.282649 26.243107 -0.583329 -0.131514
14440.000000 3.290983 26.207347 -0.579058 -0.140640
14460.000000 3.299900 26.169296 -0.574658 -0.149741
14480.000000 3.309401 26.128980 -0.570084 -0.158815
14500.000000 3.319490 26.086427 -0.565287 -0.167857
14520.000000 3.330168 26.041667 -0.560214 -0.176866
14540.000000 3.341439 25.994733 -0.554811 -0.185836
14560.000000 3.353301 25.945657 -0.549019 -0.194764
14580.000000 3.365754 25.894476 -0.542773 -0.203644
14600.000000 3.378795 25.841228 -0.536010 -0.212472
14620.000000 3.392420 25.785952 -0.528660 -0.221241
14640.000000 3.406622 25.728692 -0.520650 -0.229944
14660.000000 3.421390 25.669492 -0.511907 -0.238575
14680.000000 3.436713 25.608399 -0.502353 -0.247124
14700.000000 3.452571 25.545461 -0.491907 -0.255582
14720.000000 3.468946 25.480730 -0.480490 -0.263942
14740.000000 3.485809 25.414261 -0.468020 -0.272191
14760.000000 3.503130 25.346107 -0.454412 -0.280318
14780.000000 3.520870 25.276328 -0.439586 -0.288311
14800.000000 3.538984 25.204984 -0.423461 -0.296158
14820.000000 3.557419 25.132136 -0.405958 -0.303843
14840.000000 3.576115 25.057848 -0.387002 -0.311353
14860.000000 3.595001 24.982186 -0.366526 -0.318671
14880.000000 3.613999 24.905216 -0.344466 -0.325780
14900.000000 3.633021 24.827007 -0.320768 -0.332664
14920.000000 3.651967 24.747627 -0.295388 -0.339303
14940.000000 3.670731 24.667148 -0.268297 -0.345680
14960.000000 3.689194 24.585639 -0.239475 -0.351774
14980.000000 3.707231 24.503171 -0.208923 -0.357566
15000.000000 3.724709 24.419815 -0.176657 -0.363037
15020.000000 3.741488 24.335641 -0.142716 -0.368165
15040.000000 3.757424 24.250720 -0.107157 -0.372932
15060.000000 3.772373 24.165120 -0.070060 -0.377318
15080.000000 3.786190 24.078912 -0.031530 -0.381304
15100.000000 3.798732 23.992162 0.008307 -0.384872
15120.000000 3.809867 23.904937 0.049303 -0.388006
15140.000000 3.819469 23.817304 0.091287 -0.390690
15160.000000 3.827426 23.729327 0.134071 -0.392910
15180.000000 3.833644 23.641072 0.177450 -0.394654
15200.000000 3.838043 23.552603 0.221206 -0.395911
15220.000000 3.840570 23.463984 0.265111 -0.396674
15240.000000 3.841188 23.375279 0.308934 -0.396936
15260.000000 3.839888 23.286555 0.352444 -0.396693
15280.000000 3.836683 23.197876 0.395412 -0.395945
15300.000000 3.831609 23.109310 0.437619 -0.394693
15320.000000 3.824725 23.020925 0.478860 -0.392941
15340.000000 3.816111 22.932792 0.518943 -0.390694
15360.000000 3.805863 22.844980 0.557698 -0.387963
15380.000000 3.794095 22.757564 0.594975 -0.384758
15400.000000 3.780933 22.670617 0.630646 -0.381092
15420.000000 3.766511 22.584217 0.664608 -0.376981
15440.000000 3.750970 22.498439 0.696782 -0.372440
15460.000000 3.734455 22.413363 0.727110 -0.367489
15480.000000 3.717111 22.329068 0.755560 -0.362145
15500.000000 3.699079 22.245635 0.782117 -0.356427
15520.000000 3.680499 22.163143 0.806790 -0.350356
15540.000000 3.661503 22.081675 0.829603 -0.343951
15560.000000 3.642218 22.001310 0.850595 -0.337233
15580.000000 3.622760 21.922130 0.869821 -0.330220
15600.000000 3.603238 21.844214 0.887346 -0.322932
15620.000000 3.583752 21.767641 0.903246 -0.315387
15640.000000 3.564392 21.692489 0.917602 -0.307605
15660.000000 3.545240 21.618833 0.930505 -0.299601
15680.000000 3.526369 21.546749 0.942046 -0.291394
15700.000000 3.507842 21.476309 0.952322 -0.282998
15720.000000 3.489716 21.407584 0.961431 -0.274429
15740.000000 3.472041 21.340642 0.969470 -0.265702
15760.000000 3.454858 21.275549 0.976538 -0.256830
15780.000000 3.438202 21.212369 0.982730 -0.247824
15800.000000 3.422105 21.151164 0.988141 -0.238698
15820.000000 3.406592 21.091991 0.992862 -0.229462
15840.000000 3.391682 21.034907 0.996983 -0.220127
15860.000000 3.377394 20.979966 1.000587 -0.210700
15880.000000 3.363739 20.927217 1.003756 -0.201192
15900.000000 3.350727 20.876711 1.006568 -0.191608
15920.000000 3.338367 20.828491 1.009096 -0.181958
15940.000000 3.326664 20.782602 1.011409 -0.172246
15960.000000 3.315620 20.739084 1.013573 -0.162478
15980.000000 3.305238 20.697976 1.015647 -0.152660
16000.000000 3.295518 20.659314 1.017689 -0.142795
16020.000000 3.286461 20.623132 1.019750 -0.132887
16040.000000 3.278066 20.589462 1.021880 -0.122939
16060.000000 3.270332 20.558333 1.024122 -0.112955
16080.000000 3.263257 20.529773 1.026518 -0.102936
16100.000000 3.256840 20.503809 1.029102 -0.092885
16120.000000 3.251080 20.480463 1.031908 -0.082802
16140.000000 3.245976 20.459759 1.034966 -0.072690
16160.000000 3.241528 20.441716 1.038299 -0.062549
16180.000000 3.237736 20.426352 1.041931 -0.052380
16200.000000 3.234601 20.413686 1.045879 -0.042184
16220.000000 3.232123 20.403731 1.050157 -0.031962
16240.000000 3.230306 20.396501 1.054778 -0.021713
16260.000000 3.229152 20.392007 1.059749 -0.011439
16280.000000 3.228665 20.390260 1.065075 -0.001140
16300.000000 3.228849 20.391266 1.070755 0.009182
16320.000000 3.229709 20.395033 1.076789 0.019529
16340.000000 3.231251 20.401564 1.083170 0.029897
16360.000000 3.233481 20.410861 1.089888 0.040287
16380.000000 3.236407 20.422924 1.096932 0.050696
16400.000000 3.240036 20.437750 1.104284 0.061124
16420.000000 3.244376 20.455336 1.111924 0.071567
16440.000000 3.249436 20.475673 1.119829 0.082023
16460.000000 3.255224 20.498753 1.127972 0.092490
16480.000000 3.261749 20.524563 1.136320 0.102965
16500.000000 3.269020 20.553089 1.144840 0.113444
16520.000000 3.277046 20.584311 1.153491 0.123922
16540.000000 3.285836 20.618211 1.162232 0.134396
16560.000000 3.295397 20.654764 1.171015 0.144861
16580.000000 3.305736 20.693943 1.179789 0.155311
16600.000000 3.316861 20.735718 1.188500 0.165741
16620.000000 3.328778 20.780057 1.197087 0.176144
16640.000000 3.341491 20.826923 1.205489 0.186515
16660.000000 3.355003 20.876277 1.213637 0.196846
16680.000000 3.369318 20.928075 1.221461 0.207130
16700.000000 3.384434 20.982272 1.228884 0.217360
16720.000000 3.400352 21.038819 1.235829 0.227527
16740.000000 3.417067 21.097664 1.242210 0.237624
16760.000000 3.434574 21.158751 1.247942 0.247642
16780.000000 3.452866 21.222023 1.252933 0.257573
16800.000000 3.471931 21.287419 1.257089 0.267409
16820.000000 3.491758 21.354876 1.260312 0.277139
16840.000000 3.512329 21.424328 1.262501 0.286755
16860.000000 3.533625 21.495708 1.263553 0.296248
16880.000000 3.555624 21.568945 1.263360 0.305609
16900.000000 3.578297 21.643968 1.261814 0.314827
16920.000000 3.601614 21.720704 1.258803 0.323894
16940.000000 3.625538 21.799078 1.254216 0.332800
16960.000000 3.650029 21.879015 1.247937 0.341534
16980.000000 3.675037 21.960438 1.239855 0.350086
17000.000000 3.700510 22.043269 1.229856 0.358446
17020.000000 3.726385 22.127432 1.217828 0.366602
17040.000000 3.752592 22.212848 1.203663 0.374544
17060.000000 3.779051 22.299441 1.187254 0.382258
17080.000000 3.805673 22.387132 1.168503 0.389733
17100.000000 3.832355 22.475845 1.147317 0.396954
17120.000000 3.858985 22.565504 1.123610 0.403906
17140.000000 3.885435 22.656035 1.097310 0.410576
17160.000000 3.911565 22.747364 1.068355 0.416946
17180.000000 3.937222 22.839419 1.036697 0.422998
17200.000000 3.962237 22.932130 1.002309 0.428715
17220.000000 3.986432 23.025429 0.965179 0.434077
17240.000000 4.009616 23.119248 0.925318 0.439064
17260.000000 4.031593 23.213524 0.882761 0.443656
17280.000000 4.052160 23.308195 0.837567 0.447834
17300.000000 4.071115 23.403201 0.789826 0.451578
17320.000000 4.088261 23.498485 0.739654 0.454871
17340.000000 4.103408 23.593993 0.687199 0.457696
17360.000000 4.116384 23.689672 0.632641 0.460041
17380.000000 4.127034 23.785475 0.576192 0.461895
17400.000000 4.135229 23.881356 0.518094 0.463252
17420.000000 4.140866 23.977271 0.458617 0.464107
17440.000000 4.143875 24.073182 0.398060 0.464461
17460.000000 4.144218 24.169050 0.336740 0.464315
17480.000000 4.141891 24.264840 0.274991 0.463675
17500.000000 4.136921 24.360518 0.213158 0.462547
17520.000000 4.129370 24.456051 0.151585 0.460940
17540.000000 4.119331 24.551406 0.090611 0.458864
17560.000000 4.106923 24.646548 0.030563 0.456329
17580.000000 4.092292 24.741442 -0.028254 0.453348
17600.000000 4.075604 24.836049 -0.085558 0.449934
17620.000000 4.057044 24.930329 -0.141098 0.446102
17640.000000 4.036809 25.024237 -0.194655 0.441868
17660.000000 4.015105 25.117727 -0.246044 0.437250
17680.000000 3.992142 25.210749 -0.295114 0.432267
17700.000000 3.968131 25.303249 -0.341749 0.426937
17720.000000 3.943275 25.395172 -0.385863 0.421283
17740.000000 3.917771 25.486459 -0.427402 0.415325
17760.000000 3.891806 25.577051 -0.466337 0.409084
17780.000000 3.865550 25.666885 -0.502664 0.402580
17800.000000 3.839160 25.755899 -0.536401 0.395834
17820.000000 3.812776 25.844027 -0.567584 0.388864
17840.000000 3.786524 25.931204 -0.596265 0.381689
17860.000000 3.760512 26.017366 -0.622509 0.374324
17880.000000 3.734833 26.102447 -0.646390 0.366786
17900.000000 3.709566 26.186382 -0.667994 0.359089
17920.000000 3.684777 26.269106 -0.687409 0.351245
17940.000000 3.660521 26.350554 -0.704731 0.343266
17960.000000 3.636841 26.430665 -0.720057 0.335163
17980.000000 3.613774 26.509374 -0.733487 0.326946
18000.000000 3.591346 26.586623 -0.745122 0.318623
18020.000000 3.569579 26.662350 -0.755063 0.310202
18040.000000 3.548489 26.736497 -0.763408 0.301691
18060.000000 3.528086 26.809007 -0.770256 0.293095
18080.000000 3.508378 26.879825 -0.775705 0.284421
18100.000000 3.489370 26.948896 -0.779847 0.275675
18120.000000 3.471063 27.016168 -0.782775 0.266860
18140.000000 3.453457 27.081591 -0.784578 0.257983
18160.000000 3.436551 27.145115 -0.785343 0.249047
18180.000000 3.420342 27.206694 -0.785153 0.240057
18200.000000 3.404827 27.266281 -0.784089 0.231017
18220.000000 3.390000 27.323832 -0.782228 0.221931
18240.000000 3.375857 27.379307 -0.779645 0.212802
18260.000000 3.362393 27.432665 -0.776411 0.203633
18280.000000 3.349601 27.483869 -0.772595 0.194430
18300.000000 3.337476 27.532881 -0.768262 0.185194
18320.000000 3.326011 27.579669 -0.763475 0.175930
18340.000000 3.315200 27.624199 -0.758292 0.166640
18360.000000 3.305036 27.666443 -0.752771 0.157327
18380.000000 3.295513 27.706372 -0.746964 0.147995
18400.000000 3.286624 27.743960 -0.740921 0.138647
18420.000000 3.278363 27.779183 -0.734690 0.129285
18440.000000 3.270723 27.812019 -0.728315 0.119911
18460.000000 3.263698 27.842448 -0.721837 0.110529
18480.000000 3.257281 27.870453 -0.715294 0.101140
18500.000000 3.251466 27.896017 -0.708721 0.091748
18520.000000 3.246249 27.919126 -0.702152 0.082353
18540.000000 3.241621 27.939768 -0.695615 0.072958
18560.000000 3.237579 27.957931 -0.689136 0.063564
18580.000000 3.234118 27.973609 -0.682740 0.054173
18600.000000 3.231231 27.986793 -0.676448 0.044787
18620.000000 3.228916 27.997479 -0.670276 0.035406
18640.000000 3.227167 28.005663 -0.664241 0.026032
18660.000000 3.225982 28.011342 -0.658354 0.016666
18680.000000 3.225357 28.014517 -0.652625 0.007308
18700.000000 3.225290 28.015188 -0.647061 -0.002040
18720.000000 3.225778 28.013358 -0.641664 -0.011378
18740.000000 3.226821 28.009031 -0.636437 -0.020706
18760.000000 3.228416 28.002213 -0.631377 -0.030022
18780.000000 3.230565 27.992910 -0.626479 -0.039327
18800.000000 3.233266 27.981131 -0.621736 -0.048620
18820.000000 3.236520 27.966884 -0.617138 -0.057900
18840.000000 3.240330 27.950182 -0.612670 -0.067167
18860.000000 3.244695 27.931037 -0.608316 -0.076420
18880.000000 3.249619 27.909462 -0.604058 -0.085658
18900.000000 3.255104 27.885472 -0.599871 -0.094881
18920.000000 3.261154 27.859085 -0.595732 -0.104088
18940.000000 3.267770 27.830319 -0.591611 -0.113276
18960.000000 3.274957 27.799193 -0.587476 -0.122446
18980.000000 3.282719 27.765728 -0.583292 -0.131594
19000.000000 3.291059 27.729948 -0.579020 -0.140720
19020.000000 3.299980 27.691877 -0.574619 -0.149821
19040.000000 3.309487 27.651541 -0.570043 -0.158894
19060.000000 3.319581 27.608969 -0.565244 -0.167936
19080.000000 3.330265 27.564190 -0.560169 -0.176944
19100.000000 3.341540 27.517237 -0.554762 -0.185914
19120.000000 3.353408 27.468142 -0.548966 -0.194842
19140.000000 3.365866 27.416943 -0.542716 -0.203722
19160.000000 3.378912 27.363677 -0.535948 -0.212549
19180.000000 3.392542 27.308384 -0.528593 -0.221318
19200.000000 3.406749 27.251107 -0.520577 -0.230020
19220.000000 3.421522 27.191890 -0.511827 -0.238650
19240.000000 3.436849 27.130780 -0.502265 -0.247198
19260.000000 3.452713 27.067826 -0.491812 -0.255656
19280.000000 3.469091 27.003080 -0.480386 -0.264014
19300.000000 3.485959 26.936595 -0.467905 -0.272262
19320.000000 3.503283 26.868427 -0.454288 -0.280389
19340.000000 3.521027 26.798634 -0.439451 -0.288381
19360.000000 3.539144 26.727277 -0.423313 -0.296226
19380.000000 3.557582 26.654416 -0.405798 -0.303910
19400.000000 3.576279 26.580115 -0.386830 -0.311418
19420.000000 3.595167 26.504441 -0.366340 -0.318734
19440.000000 3.614166 26.427461 -0.344265 -0.325842
19460.000000 3.633187 26.349241 -0.320553 -0.332723
19480.000000 3.652133 26.269852 -0.295159 -0.339360
19500.000000 3.670894 26.189363 -0.268052 -0.345734
19520.000000 3.689354 26.107845 -0.239215 -0.351826
19540.000000 3.707387 26.025369 -0.208648 -0.357616
19560.000000 3.724859 25.942005 -0.176367 -0.363083
19580.000000 3.741631 25.857824 -0.142411 -0.368208
19600.000000 3.757560 25.772897 -0.106838 -0.372972
19620.000000 3.772499 25.687292 -0.069729 -0.377354
19640.000000 3.786305 25.601079 -0.031187 -0.381337
19660.000000 3.798836 25.514324 0.008662 -0.384901
19680.000000 3.809958 25.427095 0.049667 -0.388031
19700.000000 3.819546 25.339459 0.091659 -0.390711
19720.000000 3.827488 25.251479 0.134449 -0.392927
19740.000000 3.833690 25.163222 0.177832 -0.394667
19760.000000 3.838074 25.074751 0.221590 -0.395920
19780.000000 3.840583 24.986131 0.265496 -0.396678
19800.000000 3.841185 24.897426 0.309317 -0.396936
19820.000000 3.839868 24.808702 0.352823 -0.396689
19840.000000 3.836646 24.720024 0.395785 -0.395937
19860.000000 3.831556 24.631460 0.437985 -0.394680
19880.000000 3.824657 24.543077 0.479216 -0.392923
19900.000000 3.816028 24.454945 0.519289 -0.390672
19920.000000 3.805766 24.367137 0.558031 -0.387937
19940.000000 3.793986 24.279725 0.595295 -0.384728
19960.000000 3.780812 24.192782 0.630951 -0.381058
19980.000000 3.766380 24.106387 0.664898 -0.376943
20000.000000 3.750830 24.020615 0.697056 -0.372399
20020.000000 3.734307 23.935545 0.727368 -0.367444
20040.000000 3.716955 23.851258 0.755801 -0.362096
20060.000000 3.698918 23.767832 0.782342 -0.356375
20080.000000 3.680334 23.685349 0.806998 -0.350301
20100.000000 3.661335 23.603890 0.829795 -0.343894
20120.000000 3.642048 23.523536 0.850771 -0.337172
20140.000000 3.622589 23.444367 0.869982 -0.330157
20160.000000 3.603067 23.366462 0.887493 -0.322867
20180.000000 3.583581 23.289901 0.903378 -0.315320
20200.000000 3.564223 23.214762 0.917722 -0.307535
20220.000000 3.545073 23.141119 0.930611 -0.299530
20240.000000 3.526205 23.069049 0.942141 -0.291321
20260.000000 3.507681 22.998624 0.952407 -0.282924
20280.000000 3.489560 22.929914 0.961506 -0.274354
20300.000000 3.471888 22.862988 0.969536 -0.265625
20320.000000 3.454709 22.797912 0.976596 -0.256751
20340.000000 3.438059 22.734749 0.982781 -0.247745
20360.000000 3.421967 22.673561 0.988185 -0.238618
20380.000000 3.406459 22.614406 0.992901 -0.229381
20400.000000 3.391555 22.557341 0.997016 -0.220044
20420.000000 3.377271 22.502419 1.000616 -0.210617
20440.000000 3.363622 22.449690 1.003782 -0.201108
20460.000000 3.350616 22.399203 1.006591 -0.191524
20480.000000 3.338262 22.351003 1.009117 -0.181873
20500.000000 3.326564 22.305135 1.011429 -0.172161
20520.000000 3.315526 22.261638 1.013591 -0.162392
20540.000000 3.305150 22.220551 1.015665 -0.152573
20560.000000 3.295436 22.181911 1.017707 -0.142708
20580.000000 3.286385 22.145751 1.019769 -0.132800
20600.000000 3.277996 22.112103 1.021899 -0.122852
20620.000000 3.270267 22.080996 1.024143 -0.112867
20640.000000 3.263197 22.052459 1.026539 -0.102848
20660.000000 3.256786 22.026518 1.029126 -0.092797
20680.000000 3.251032 22.003195 1.031934 -0.082714
20700.000000 3.245934 21.982514 1.034994 -0.072601
20720.000000 3.241492 21.964494 1.038330 -0.062460
20740.000000 3.237706 21.949154 1.041964 -0.052291
20760.000000 3.234576 21.936511 1.045915 -0.042095
20780.000000 3.232105 21.926580 1.050196 -0.031872
20800.000000 3.230293 21.919374 1.054820 -0.021623
20820.000000 3.229145 21.914904 1.059794 -0.011349
20840.000000 3.228664 21.913181 1.065123 -0.001050
20860.000000 3.228854 21.914212 1.070807 0.009273
20880.000000 3.229719 21.918003 1.076843 0.019619
20900.000000 3.231267 21.924558 1.083227 0.029988
20920.000000 3.233504 21.933879 1.089949 0.040378
20940.000000 3.236436 21.945966 1.096995 0.050788
20960.000000 3.240071 21.960817 1.104350 0.061215
20980.000000 3.244417 21.978427 1.111992 0.071658
21000.000000 3.249483 21.998788 1.119900 0.082115
21020.000000 3.255278 22.021892 1.128044 0.092582
21040.000000 3.261809 22.047726 1.136394 0.103057
21060.000000 3.269087 22.076275 1.144915 0.113536
21080.000000 3.277120 22.107521 1.153568 0.124014
21100.000000 3.285916 22.141444 1.162309 0.134488
21120.000000 3.295484 22.178020 1.171092 0.144953
21140.000000 3.305830 22.217222 1.179866 0.155403
21160.000000 3.316962 22.259020 1.188576 0.165832
21180.000000 3.328886 22.303382 1.197162 0.176235
21200.000000 3.341606 22.350270 1.205562 0.186606
21220.000000 3.355125 22.399645 1.213707 0.196936
21240.000000 3.369446 22.451464 1.221528 0.207220
21260.000000 3.384570 22.505682 1.228948 0.217449
21280.000000 3.400494 22.562250 1.235887 0.227616
21300.000000 3.417217 22.621114 1.242263 0.237712
21320.000000 3.434731 22.682221 1.247989 0.247730
21340.000000 3.453029 22.745512 1.252973 0.257660
21360.000000 3.472102 22.810926 1.257121 0.267494
21380.000000 3.491935 22.878401 1.260336 0.277224
21400.000000 3.512512 22.947870 1.262516 0.286839
21420.000000 3.533815 23.019266 1.263557 0.296331
21440.000000 3.555819 23.092519 1.263353 0.305690
21460.000000 3.578498 23.167558 1.261794 0.314907
21480.000000 3.601821 23.244308 1.258770 0.323973
21500.000000 3.625750 23.322696 1.254168 0.332877
21520.000000 3.650246 23.402646 1.247875 0.341610
21540.000000 3.675258 23.484082 1.239776 0.350160
21560.000000 3.700735 23.566925 1.229760 0.358518
21580.000000 3.726613 23.651100 1.217713 0.366673
21600.000000 3.752822 23.736527 1.203529 0.374612
21620.000000 3.779284 23.823129 1.187100 0.382325
21640.000000 3.805906 23.910829 1.168328 0.389797
21660.000000 3.832589 23.999551 1.147120 0.397016
21680.000000 3.859218 24.089218 1.123391 0.403966
21700.000000 3.885666 24.179757 1.097068 0.410633
21720.000000 3.911792 24.271092 1.068089 0.417000
21740.000000 3.937444 24.363154 1.036408 0.423050
21760.000000 3.962453 24.455870 1.001996 0.428764
21780.000000 3.986639 24.549173 0.964841 0.434122
21800.000000 4.009814 24.642997 0.924957 0.439106
21820.000000 4.031780 24.737277 0.882376 0.443695
21840.000000 4.052333 24.831951 0.837160 0.447869
21860.000000 4.071274 24.926959 0.789397 0.451609
21880.000000 4.088402 25.022246 0.739204 0.454897
21900.000000 4.103532 25.117755 0.686730 0.457719
21920.000000 4.116488 25.213436 0.632155 0.460059
21940.000000 4.127117 25.309240 0.575690 0.461909
21960.000000 4.135289 25.405121 0.517578 0.463262
21980.000000 4.140904 25.501036 0.458091 0.464112
22000.000000 4.143890 25.596946 0.397525 0.464462
22020.000000 4.144210 25.692814 0.336200 0.464311
22040.000000 4.141859 25.788603 0.274450 0.463667
22060.000000 4.136866 25.884280 0.212617 0.462535
22080.000000 4.129293 25.979812 0.151048 0.460924
22100.000000 4.119233 26.075165 0.090081 0.458843
22120.000000 4.106804 26.170305 0.030042 0.456305
22140.000000 4.092154 26.265197 -0.028763 0.453320
22160.000000 4.075449 26.359801 -0.086053 0.449903
22180.000000 4.056873 26.454078 -0.141576 0.446067
22200.000000 4.036625 26.547983 -0.195115 0.441830
22220.000000 4.014909 26.641469 -0.246484 0.437208
22240.000000 3.991936 26.734486 -0.295533 0.432221
22260.000000 3.967916 26.826982 -0.342147 0.426889
22280.000000 3.943054 26.918899 -0.386239 0.421232
22300.000000 3.917546 27.010181 -0.427755 0.415272
22320.000000 3.891577 27.100766 -0.466666 0.409028
22340.000000 3.865319 27.190593 -0.502971 0.402522
22360.000000 3.838928 27.279599 -0.536685 0.395774
22380.000000 3.812546 27.367719 -0.567846 0.388802
22400.000000 3.786295 27.454888 -0.596505 0.381625
22420.000000 3.760286 27.541041 -0.622728 0.374259
22440.000000 3.734610 27.626112 -0.646589 0.366720
22460.000000 3.709347 27.710037 -0.668173 0.359021
22480.000000 3.684562 27.792749 -0.687570 0.351176
22500.000000 3.660311 27.874187 -0.704873 0.343196
22520.000000 3.636636 27.954285 -0.720182 0.335092
22540.000000 3.613575 28.032982 -0.733597 0.326874
22560.000000 3.591153 28.110217 -0.745217 0.318550
22580.000000 3.569392 28.185931 -0.755142 0.310128
22600.000000 3.548307 28.260064 -0.763474 0.301616
22620.000000 3.527910 28.332559 -0.770310 0.293020
22640.000000 3.508209 28.403362 -0.775746 0.284345
22660.000000 3.489206 28.472418 -0.779878 0.275598
22680.000000 3.470905 28.539674 -0.782795 0.266783
22700.000000 3.453306 28.605081 -0.784589 0.257905
22720.000000 3.436406 28.668588 -0.785345 0.248969
22740.000000 3.420203 28.730149 -0.785147 0.239978
22760.000000 3.404694 28.789718 -0.784076 0.230938
22780.000000 3.389873 28.847252 -0.782208 0.221851
22800.000000 3.375736 28.902709 -0.779619 0.212721
22820.000000 3.362278 28.956048 -0.776380 0.203553
22840.000000 3.349492 29.007232 -0.772559 0.194349
22860.000000 3.337373 29.056225 -0.768222 0.185113
22880.000000 3.325913 29.102993 -0.763431 0.175849
22900.000000 3.315108 29.147504 -0.758245 0.166558
22920.000000 3.304950 29.189727 -0.752721 0.157246
22940.000000 3.295432 29.229636 -0.746912 0.147914
22960.000000 3.286549 29.267203 -0.740867 0.138565
22980.000000 3.278293 29.302405 -0.734635 0.129203
23000.000000 3.270658 29.335220 -0.728259 0.119829
23020.000000 3.263639 29.365629 -0.721780 0.110447
23040.000000 3.257227 29.393612 -0.715236 0.101058
23060.000000 3.251418 29.419155 -0.708664 0.091665
23080.000000 3.246205 29.442242 -0.702094 0.082270
23100.000000 3.241583 29.462862 -0.695558 0.072875
23120.000000 3.237547 29.481004 -0.689080 0.063482
23140.000000 3.234090 29.496660 -0.682685 0.054091
23160.000000 3.231208 29.509822 -0.676393 0.044705
23180.000000 3.228898 29.520486 -0.670223 0.035324
23200.000000 3.227154 29.528648 -0.664189 0.025950
23220.000000 3.225974 29.534305 -0.658303 0.016584
23240.000000 3.225354 29.537458 -0.652576 0.007226
23260.000000 3.225292 29.538107 -0.647013 -0.002122
23280.000000 3.225785 29.536256 -0.641618 -0.011460
23300.000000 3.226832 29.531907 -0.636392 -0.020788
23320.000000 3.228433 29.525067 -0.631333 -0.030104
23340.000000 3.230586 29.515742 -0.626437 -0.039409
23360.000000 3.233292 29.503941 -0.621695 -0.048701
23380.000000 3.236551 29.489673 -0.617098 -0.057981
23400.000000 3.240365 29.472950 -0.612631 -0.067248
23420.000000 3.244736 29.453783 -0.608279 -0.076501
23440.000000 3.249665 29.432187 -0.604021 -0.085739
23460.000000 3.255155 29.408176 -0.599835 -0.094962
23480.000000 3.261209 29.381768 -0.595696 -0.104168
23500.000000 3.267831 29.352981 -0.591575 -0.113357
23520.000000 3.275023 29.321835 -0.587439 -0.122526
23540.000000 3.282790 29.288350 -0.583255 -0.131674
23560.000000 3.291135 29.252549 -0.578982 -0.140800
23580.000000 3.300061 29.214458 -0.574580 -0.149901
23600.000000 3.309572 29.174103 -0.570002 -0.158973
23620.000000 3.319672 29.131511 -0.565200 -0.168015
23640.000000 3.330361 29.086713 -0.560123 -0.177023
23660.000000 3.341642 29.039740 -0.554713 -0.185993
23680.000000 3.353514 28.990627 -0.548913 -0.194920
23700.000000 3.365978 28.939410 -0.542659 -0.203800
23720.000000 3.379029 28.886126 -0.535887 -0.212626
23740.000000 3.392664 28.830815 -0.528525 -0.221394
23760.000000 3.406876 28.773521 -0.520504 -0.230096
23780.000000 3.421654 28.714287 -0.511747 -0.238725
23800.000000 3.436986 28.653161 -0.502177 -0.247273
23820.000000 3.452854 28.590191 -0.491716 -0.255730
23840.000000 3.469237 28.525430 -0.480281 -0.264087
23860.000000 3.486109 28.458930 -0.467791 -0.272334
23880.000000 3.503437 28.390748 -0.454163 -0.280459
23900.000000 3.521184 28.320941 -0.439315 -0.288450
23920.000000 3.539304 28.249569 -0.423166 -0.296294
23940.000000 3.557744 28.176695 -0.405638 -0.303977
23960.000000 3.576444 28.102383 -0.386657 -0.311483
23980.000000 3.595333 28.026697 -0.366153 -0.318797
24000.000000 3.614333 27.949705 -0.344065 -0.325903
24020.000000 3.633354 27.871475 -0.320338 -0.332782
24040.000000 3.652298 27.792076 -0.294929 -0.339417
24060.000000 3.671057 27.711578 -0.267806 -0.345789
24080.000000 3.689514 27.630051 -0.238954 -0.351878
24100.000000 3.707543 27.547567 -0.208372 -0.357665
24120.000000 3.725009 27.464196 -0.176077 -0.363129
24140.000000 3.741775 27.380008 -0.142107 -0.368252
24160.000000 3.757695 27.295074 -0.106520 -0.373012
24180.000000 3.772625 27.209464 -0.069397 -0.377391
24200.000000 3.786421 27.123245 -0.030843 -0.381370
24220.000000 3.798940 27.036486 0.009016 -0.384930
24240.000000 3.810049 26.949254 0.050031 -0.388057
24260.000000 3.819623 26.861614 0.092031 -0.390733
24280.000000 3.827550 26.773632 0.134827 -0.392944
24300.000000 3.833736 26.685373 0.178214 -0.394680
24320.000000 3.838104 26.596900 0.221974 -0.395929
24340.000000 3.840597 26.508279 0.265880 -0.396683
24360.000000 3.841182 26.419574 0.309700 -0.396936
24380.000000 3.839848 26.330849 0.353202 -0.396685
24400.000000 3.836610 26.242172 0.396159 -0.395928
24420.000000 3.831504 26.153609 0.438351 -0.394667
24440.000000 3.824589 26.065228 0.479573 -0.392905
24460.000000 3.815945 25.977099 0.519634 -0.390650
24480.000000 3.805670 25.889294 0.558365 -0.387911
24500.000000 3.793876 25.801885 0.595614 -0.384697
24520.000000 3.780691 25.714948 0.631256 -0.381024
24540.000000 3.766248 25.628557 0.665188 -0.376905
24560.000000 3.750689 25.542791 0.697329 -0.372357
24580.000000 3.734158 25.457728 0.727625 -0.367398
24600.000000 3.716800 25.373448 0.756041 -0.362048
24620.000000 3.698758 25.290030 0.782566 -0.356324
24640.000000 3.680169 25.207556 0.807206 -0.350247
24660.000000 3.661168 25.126106 0.829986 -0.343836
24680.000000 3.641878 25.045762 0.850947 -0.337112
24700.000000 3.622418 24.966603 0.870143 -0.330094
24720.000000 3.602896 24.888710 0.887639 -0.322802
24740.000000 3.583411 24.812161 0.903510 -0.315253
24760.000000 3.564054 24.737034 0.917841 -0.307466
24780.000000 3.544907 24.663406 0.930718 -0.299459
24800.000000 3.526041 24.591350 0.942236 -0.291248
24820.000000 3.507521 24.520939 0.952491 -0.282849
24840.000000 3.489403 24.452245 0.961580 -0.274278
24860.000000 3.471735 24.385334 0.969602 -0.265548
24880.000000 3.454561 24.320275 0.976653 -0.256673
24900.000000 3.437915 24.257129 0.982831 -0.247666
24920.000000 3.421828 24.195958 0.988229 -0.238537
24940.000000 3.406325 24.136822 0.992939 -0.229300
24960.000000 3.391427 24.079775 0.997050 -0.219962
24980.000000 3.377149 24.024872 1.000646 -0.210534
25000.000000 3.363505 23.972162 1.003808 -0.201024
25020.000000 3.350505 23.921695 1.006615 -0.191440
25040.000000 3.338156 23.873516 1.009138 -0.181788
25060.000000 3.326464 23.827668 1.011448 -0.172075
25080.000000 3.315432 23.784192 1.013610 -0.162307
25100.000000 3.305062 23.743127 1.015683 -0.152487
25120.000000 3.295354 23.704508 1.017724 -0.142621
25140.000000 3.286309 23.668370 1.019787 -0.132713
25160.000000 3.277925 23.634744 1.021918 -0.122765
25180.000000 3.270202 23.603660 1.024163 -0.112780
25200.000000 3.263138 23.575145 1.026561 -0.102760
25220.000000 3.256733 23.549226 1.029149 -0.092708
25240.000000 3.250984 23.525927 1.031960 -0.082625
25260.000000 3.245892 23.505269 1.035022 -0.072513
25280.000000 3.241456 23.487272 1.038360 -0.062371
25300.000000 3.237675 23.471956 1.041997 -0.052202
25320.000000 3.234551 23.459337 1.045951 -0.042005
25340.000000 3.232086 23.449430 1.050235 -0.031782
25360.000000 3.230280 23.442247 1.054862 -0.021533
25380.000000 3.229138 23.437802 1.059840 -0.011259
25400.000000 3.228663 23.436103 1.065171 -0.000960
25420.000000 3.228858 23.437158 1.070858 0.009364
25440.000000 3.229730 23.440973 1.076898 0.019710
25460.000000 3.231284 23.447552 1.083285 0.030079
25480.000000 3.233526 23.456897 1.090009 0.040469
25500.000000 3.236464 23.469009 1.097058 0.050879
25520.000000 3.240106 23.483884 1.104415 0.061306
25540.000000 3.244458 23.501518 1.112061 0.071750
25560.000000 3.249531 23.521903 1.119970 0.082207
25580.000000 3.255332 23.545031 1.128116 0.092674
25600.000000 3.261870 23.570889 1.136468 0.103149
25620.000000 3.269154 23.599462 1.144990 0.113627
25640.000000 3.277194 23.630732 1.153644 0.124106
25660.000000 3.285997 23.664678 1.162386 0.134580
25680.000000 3.295571 23.701277 1.171169 0.145044
25700.000000 3.305924 23.740502 1.179943 0.155494
25720.000000 3.317063 23.782322 1.188651 0.165923
25740.000000 3.328994 23.826706 1.197236 0.176326
25760.000000 3.341721 23.873616 1.205634 0.186696
25780.000000 3.355247 23.923013 1.213777 0.197027
25800.000000 3.369575 23.974853 1.221595 0.207310
25820.000000 3.384706 24.029092 1.229011 0.217538
25840.000000 3.400638 24.085680 1.235946 0.227704
25860.000000 3.417367 24.144564 1.242316 0.237800
25880.000000 3.434888 24.205691 1.248036 0.247817
25900.000000 3.453193 24.269000 1.253013 0.257747
25920.000000 3.472272 24.334433 1.257153 0.267580
25940.000000 3.492112 24.401925 1.260359 0.277308
25960.000000 3.512696 24.471412 1.262530 0.286922
25980.000000 3.534005 24.542825 1.263561 0.296413
26000.000000 3.556015 24.616094 1.263345 0.305772
26020.000000 3.578700 24.691147 1.261774 0.314988
26040.000000 3.602028 24.767913 1.258737 0.324052
26060.000000 3.625963 24.846315 1.254120 0.332954
26080.000000 3.650462 24.926278 1.247812 0.341685
26100.000000 3.675480 25.007726 1.239697 0.350234
26120.000000 3.700960 25.090582 1.229663 0.358591
26140.000000 3.726841 25.174767 1.217599 0.366744
26160.000000 3.753053 25.260205 1.203395 0.374681
26180.000000 3.779516 25.346817 1.186946 0.382391
26200.000000 3.806140 25.434527 1.168153 0.389861
26220.000000 3.832823 25.523257 1.146923 0.397078
26240.000000 3.859450 25.612933 1.123172 0.404026
26260.000000 3.885896 25.703478 1.096826 0.410690
26280.000000 3.912020 25.794820 1.067823 0.417055
26300.000000 3.937666 25.886888 1.036118 0.423101
26320.000000 3.962668 25.979610 1.001682 0.428812
26340.000000 3.986847 26.072918 0.964504 0.434167
26360.000000 4.010012 26.166746 0.924595 0.439148
26380.000000 4.031966 26.261029 0.881991 0.443733
26400.000000 4.052507 26.355706 0.836752 0.447903
26420.000000 4.071432 26.450718 0.788967 0.451640
26440.000000 4.088544 26.546006 0.738754 0.454924
26460.000000 4.103655 26.641517 0.686261 0.457741
26480.000000 4.116591 26.737199 0.631668 0.460078
26500.000000 4.127199 26.833004 0.575188 0.461923
26520.000000 4.135350 26.928885 0.517063 0.463271
26540.000000 4.140942 27.024801 0.457565 0.464118
26560.000000 4.143904 27.120711 0.396991 0.464462
26580.000000 4.144201 27.216578 0.335660 0.464308
26600.000000 4.141826 27.312366 0.273908 0.463659
26620.000000 4.136811 27.408042 0.212076 0.462523
26640.000000 4.129216 27.503573 0.150511 0.460908
26660.000000 4.119134 27.598924 0.089550 0.458823
26680.000000 4.106686 27.694062 0.029521 0.456281
26700.000000 4.092017 27.788952 -0.029272 0.453292
26720.000000 4.075294 27.883553 -0.086547 0.449871
26740.000000 4.056703 27.977827 -0.142054 0.446032
26760.000000 4.036440 28.071728 -0.195574 0.441791
26780.000000 4.014713 28.165211 -0.246924 0.437166
26800.000000 3.991730 28.258224 -0.295953 0.432176
26820.000000 3.967702 28.350714 -0.342544 0.426841
26840.000000 3.942833 28.442626 -0.386614 0.421181
26860.000000 3.917320 28.533902 -0.428107 0.415218
26880.000000 3.891348 28.624481 -0.466996 0.408972
26900.000000 3.865088 28.714301 -0.503277 0.402464
26920.000000 3.838697 28.803300 -0.536969 0.395714
26940.000000 3.812315 28.891412 -0.568108 0.388740
26960.000000 3.786066 28.978572 -0.596746 0.381561
26980.000000 3.760059 29.064716 -0.622947 0.374194
27000.000000 3.734387 29.149777 -0.646788 0.366653
27020.000000 3.709127 29.233691 -0.668352 0.358953
27040.000000 3.684347 29.316393 -0.687730 0.351106
27060.000000 3.660101 29.397819 -0.705016 0.343125
27080.000000 3.636432 29.477905 -0.720308 0.335020
27100.000000 3.613375 29.556590 -0.733706 0.326801
27120.000000 3.590959 29.633812 -0.745311 0.318477
27140.000000 3.569204 29.709512 -0.755222 0.310054
27160.000000 3.548126 29.783631 -0.763540 0.301541
27180.000000 3.527735 29.856112 -0.770364 0.292944
27200.000000 3.508039 29.926899 -0.775788 0.284269
27220.000000 3.489043 29.995939 -0.779908 0.275521
27240.000000 3.470748 30.063180 -0.782816 0.266705
27260.000000 3.453155 30.128570 -0.784600 0.257827
27280.000000 3.436261 30.192060 -0.785348 0.248890
27300.000000 3.420064 30.253604 -0.785142 0.239899
27320.000000 3.404561 30.313156 -0.784063 0.230858
27340.000000 3.389746 30.370672 -0.782188 0.221771
27360.000000 3.375615 30.426110 -0.779593 0.212641
27380.000000 3.362163 30.479430 -0.776349 0.203473
27400.000000 3.349383 30.530596 -0.772523 0.194268
27420.000000 3.337269 30.579569 -0.768182 0.185032
27440.000000 3.325816 30.626318 -0.763387 0.175767
27460.000000 3.315016 30.670808 -0.758198 0.166477
27480.000000 3.304863 30.713012 -0.752672 0.157164
27500.000000 3.295351 30.752900 -0.746860 0.147832
27520.000000 3.286474 30.790446 -0.740814 0.138483
27540.000000 3.278223 30.825628 -0.734580 0.129121
27560.000000 3.270594 30.858422 -0.728202 0.119747
27580.000000 3.263580 30.888809 -0.721723 0.110365
27600.000000 3.257174 30.916771 -0.715179 0.100976
27620.000000 3.251370 30.942292 -0.708606 0.091583
27640.000000 3.246162 30.965358 -0.702037 0.082188
27660.000000 3.241545 30.985956 -0.695501 0.072793
27680.000000 3.237514 31.004077 -0.689023 0.063399
27700.000000 3.234062 31.019711 -0.682629 0.054009
27720.000000 3.231186 31.032851 -0.676339 0.044622
27740.000000 3.228880 31.043493 -0.670169 0.035242
27760.000000 3.227141 31.051633 -0.664136 0.025868
27780.000000 3.225966 31.057268 -0.658252 0.016502
27800.000000 3.225351 31.060399 -0.652526 0.007144
27820.000000 3.225293 31.061027 -0.646965 -0.002204
27840.000000 3.225792 31.059153 -0.641571 -0.011542
27860.000000 3.226844 31.054783 -0.636347 -0.020869
27880.000000 3.228449 31.047921 -0.631290 -0.030186
27900.000000 3.230607 31.038574 -0.626395 -0.039490
27920.000000 3.233318 31.026751 -0.621655 -0.048783
27940.000000 3.236582 31.012462 -0.617058 -0.058063
27960.000000 3.240401 30.995717 -0.612593 -0.067329
27980.000000 3.244777 30.976529 -0.608241 -0.076582
28000.000000 3.249710 30.954911 -0.603984 -0.085820
28020.000000 3.255206 30.930880 -0.599799 -0.095043
28040.000000 3.261265 30.904451 -0.595660 -0.104249
28060.000000 3.267891 30.875643 -0.591539 -0.113437
28080.000000 3.275088 30.844476 -0.587403 -0.122606
28100.000000 3.282860 30.810971 -0.583218 -0.131754
28120.000000 3.291210 30.775150 -0.578944 -0.140880
28140.000000 3.300142 30.737039 -0.574540 -0.149980
28160.000000 3.309658 30.696664 -0.569961 -0.159053
28180.000000 3.319763 30.654053 -0.565157 -0.168094
28200.000000 3.330457 30.609235 -0.560077 -0.177102
28220.000000 3.341743 30.562244 -0.554664 -0.186071
28240.000000 3.353621 30.513112 -0.548860 -0.194998
28260.000000 3.366089 30.461877 -0.542602 -0.203877
28280.000000 3.379146 30.408575 -0.535825 -0.212703
28300.000000 3.392786 30.353247 -0.528458 -0.221471
28320.000000 3.407003 30.295935 -0.520430 -0.230172
28340.000000 3.421786 30.236684 -0.511667 -0.238800
28360.000000 3.437123 30.175542 -0.502090 -0.247347
28380.000000 3.452995 30.112556 -0.491620 -0.255804
28400.000000 3.469383 30.047779 -0.480177 -0.264160
28420.000000 3.486259 29.981264 -0.467677 -0.272406
28440.000000 3.503591 29.913068 -0.454039 -0.280530
28460.000000 3.521341 29.843247 -0.439179 -0.288520
28480.000000 3.539464 29.771862 -0.423019 -0.296362
28500.000000 3.557907 29.698975 -0.405478 -0.304043
28520.000000 3.576609 29.624650 -0.386484 -0.311548
28540.000000 3.595499 29.548953 -0.365967 -0.318860
28560.000000 3.614499 29.471950 -0.343864 -0.325964
28580.000000 3.633520 29.393709 -0.320122 -0.332841
28600.000000 3.652463 29.314300 -0.294698 -0.339474
28620.000000 3.671220 29.233792 -0.267561 -0.345844
28640.000000 3.689674 29.152257 -0.238694 -0.351930
28660.000000 3.707698 29.069765 -0.208097 -0.357714
28680.000000 3.725159 28.986386 -0.175787 -0.363176
28700.000000 3.741918 28.902192 -0.141802 -0.368295
28720.000000 3.757830 28.817252 -0.106201 -0.373052
28740.000000 3.772751 28.731636 -0.069065 -0.377428
28760.000000 3.786536 28.645412 -0.030499 -0.381403
28780.000000 3.799044 28.558649 0.009371 -0.384960
28800.000000 3.810139 28.471412 0.050395 -0.388082
28820.000000 3.819699 28.383769 0.092402 -0.390754
28840.000000 3.827612 28.295785 0.135205 -0.392962
28860.000000 3.833783 28.207523 0.178596 -0.394693
28880.000000 3.838134 28.119049 0.222359 -0.395937
28900.000000 3.840610 28.030427 0.266265 -0.396687
28920.000000 3.841178 27.941721 0.310083 -0.396936
28940.000000 3.839828 27.852997 0.353581 -0.396680
28960.000000 3.836573 27.764320 0.396532 -0.395919
28980.000000 3.831451 27.675758 0.438716 -0.394653
29000.000000 3.824520 27.587379 0.479929 -0.392888
29020.000000 3.815862 27.499253 0.519980 -0.390629
29040.000000 3.805573 27.411451 0.558697 -0.387885
29060.000000 3.793767 27.324046 0.595934 -0.384667
29080.000000 3.780570 27.237113 0.631561 -0.380990
29100.000000 3.766116 27.150728 0.665477 -0.376867
29120.000000 3.750548 27.064967 0.697603 -0.372315
29140.000000 3.734009 26.979911 0.727882 -0.367353
29160.000000 3.716645 26.895638 0.756282 -0.361999
29180.000000 3.698597 26.812228 0.782790 -0.356272
29200.000000 3.680004 26.729762 0.807413 -0.350192
29220.000000 3.661000 26.648322 0.830178 -0.343779
29240.000000 3.641708 26.567988 0.851123 -0.337052
29260.000000 3.622247 26.488840 0.870303 -0.330032
29280.000000 3.602725 26.410958 0.887785 -0.322737
29300.000000 3.583241 26.334421 0.903643 -0.315186
29320.000000 3.563886 26.259307 0.917960 -0.307397
29340.000000 3.544740 26.185692 0.930825 -0.299388
29360.000000 3.525877 26.113650 0.942332 -0.291175
29380.000000 3.507360 26.043254 0.952576 -0.282775
29400.000000 3.489246 25.974575 0.961655 -0.274202
29420.000000 3.471583 25.907681 0.969668 -0.265471
29440.000000 3.454413 25.842638 0.976711 -0.256595
29460.000000 3.437772 25.779509 0.982882 -0.247586
29480.000000 3.421690 25.718356 0.988274 -0.238457
29500.000000 3.406192 25.659238 0.992978 -0.229218
29520.000000 3.391299 25.602209 0.997083 -0.219880
29540.000000 3.377027 25.547325 1.000675 -0.210451
29560.000000 3.363388 25.494635 1.003834 -0.200941
29580.000000 3.350394 25.444188 1.006638 -0.191356
29600.000000 3.338051 25.396029 1.009159 -0.181703
29620.000000 3.326365 25.350201 1.011468 -0.171990
29640.000000 3.315338 25.306747 1.013628 -0.162221
29660.000000 3.304974 25.265702 1.015701 -0.152401
29680.000000 3.295272 25.227105 1.017742 -0.142535
29700.000000 3.286232 25.190989 1.019805 -0.132626
29720.000000 3.277854 25.157385 1.021937 -0.122677
29740.000000 3.270137 25.126323 1.024183 -0.112692
29760.000000 3.263079 25.097831 1.026583 -0.102673
29780.000000 3.256680 25.071935 1.029173 -0.092620
29800.000000 3.250937 25.048659 1.031985 -0.082537
29820.000000 3.245850 25.028024 1.035050 -0.072424
29840.000000 3.241420 25.010051 1.038391 -0.062282
29860.000000 3.237645 24.994759 1.042031 -0.052113
29880.000000 3.234527 24.982163 1.045987 -0.041916
29900.000000 3.232067 24.972279 1.050275 -0.031693
29920.000000 3.230268 24.965121 1.054905 -0.021444
29940.000000 3.229131 24.960700 1.059885 -0.011169
29960.000000 3.228661 24.959024 1.065219 -0.000869
29980.000000 3.228863 24.960104 1.070909 0.009454
30000.000000 3.229741 24.963943 1.076952 0.019801
30020.000000 3.231301 24.970546 1.083342 0.030170
30040.000000 3.233549 24.979916 1.090069 0.040560
30060.000000 3.236493 24.992052 1.097121 0.050970
30080.000000 3.240141 25.006951 1.104481 0.061398
30100.000000 3.244500 25.024609 1.112129 0.071841
30120.000000 3.249578 25.045019 1.120041 0.082298
30140.000000 3.255386 25.068170 1.128189 0.092766
30160.000000 3.261930 25.094052 1.136542 0.103240
30180.000000 3.269222 25.122649 1.145066 0.113719
30200.000000 3.277268 25.153942 1.153720 0.124198
30220.000000 3.286077 25.187912 1.162463 0.134671
30240.000000 3.295658 25.224534 1.171246 0.145136
30260.000000 3.306019 25.263781 1.180019 0.155585
30280.000000 3.317164 25.305625 1.188727 0.166015
30300.000000 3.329102 25.350031 1.197311 0.176417
30320.000000 3.341836 25.396962 1.205707 0.186787
30340.000000 3.355369 25.446381 1.213847 0.197117
30360.000000 3.369705 25.498243 1.221661 0.207400
30380.000000 3.384842 25.552502 1.229073 0.217628
30400.000000 3.400781 25.609110 1.236004 0.227793
30420.000000 3.417517 25.668015 1.242369 0.237888
30440.000000 3.435045 25.729160 1.248083 0.247904
30460.000000 3.453357 25.792489 1.253053 0.257833
30480.000000 3.472443 25.857940 1.257186 0.267666
30500.000000 3.492289 25.925450 1.260383 0.277393
30520.000000 3.512880 25.994954 1.262544 0.287006
30540.000000 3.534195 26.066383 1.263564 0.296496
30560.000000 3.556211 26.139668 1.263337 0.305853
30580.000000 3.578902 26.214737 1.261754 0.315068
30600.000000 3.602235 26.291517 1.258703 0.324131
30620.000000 3.626175 26.369933 1.254073 0.333032
30640.000000 3.650679 26.449910 1.247749 0.341761
30660.000000 3.675701 26.531371 1.239618 0.350308
30680.000000 3.701185 26.614238 1.229566 0.358663
30700.000000 3.727070 26.698435 1.217484 0.366814
30720.000000 3.753284 26.783883 1.203260 0.374750
30740.000000 3.779749 26.870505 1.186792 0.382458
30760.000000 3.806374 26.958224 1.167978 0.389926
30780.000000 3.833056 27.046963 1.146726 0.397140
30800.000000 3.859683 27.136647 1.122953 0.404085
30820.000000 3.886127 27.227200 1.096583 0.410747
30840.000000 3.912246 27.318549 1.067557 0.417109
30860.000000 3.937888 27.410622 1.035829 0.423153
30880.000000 3.962884 27.503349 1.001368 0.428861
30900.000000 3.987055 27.596662 0.964166 0.434213
30920.000000 4.010210 27.690494 0.924234 0.439190
30940.000000 4.032152 27.784781 0.881606 0.443771
30960.000000 4.052680 27.879462 0.836345 0.447938
30980.000000 4.071590 27.974476 0.788538 0.451670
31000.000000 4.088685 28.069766 0.738304 0.454951
31020.000000 4.103778 28.165279 0.685791 0.457764
31040.000000 4.116694 28.260963 0.631181 0.460096
31060.000000 4.127281 28.356768 0.574685 0.461937
31080.000000 4.135410 28.452650 0.516547 0.463281
31100.000000 4.140979 28.548566 0.457038 0.464123
31120.000000 4.143919 28.644476 0.396456 0.464463
31140.000000 4.144191 28.740342 0.335121 0.464304
31160.000000 4.141794 28.836130 0.273366 0.463651
31180.000000 4.136755 28.931804 0.211535 0.462511
31200.000000 4.129138 29.027333 0.149973 0.460891
31220.000000 4.119035 29.122683 0.089020 0.458803
31240.000000 4.106566 29.217819 0.029000 0.456256
31260.000000 4.091879 29.312706 -0.029781 0.453264
31280.000000 4.075139 29.407305 -0.087041 0.449839
31300.000000 4.056532 29.501576 -0.142532 0.445996
31320.000000 4.036256 29.595474 -0.196034 0.441752
31340.000000 4.014517 29.688952 -0.247364 0.437124
31360.000000 3.991524 29.781961 -0.296371 0.432131
31380.000000 3.967487 29.874446 -0.342941 0.426793
31400.000000 3.942612 29.966353 -0.386988 0.421130
31420.000000 3.917094 30.057623 -0.428459 0.415165
31440.000000 3.891119 30.148196 -0.467325 0.408916
31460.000000 3.864857 30.238009 -0.503584 0.402406
31480.000000 3.838465 30.327000 -0.537253 0.395654
31500.000000 3.812084 30.415104 -0.568370 0.388678
31520.000000 3.785837 30.502256 -0.596986 0.381498
31540.000000 3.759833 30.588390 -0.623166 0.374128
31560.000000 3.734163 30.673442 -0.646987 0.366586
31580.000000 3.708908 30.757346 -0.668532 0.358885
31600.000000 3.684133 30.840037 -0.687890 0.351037
31620.000000 3.659891 30.921451 -0.705158 0.343055
31640.000000 3.636227 31.001525 -0.720434 0.334949
31660.000000 3.613176 31.080197 -0.733815 0.326729
31680.000000 3.590766 31.157407 -0.745405 0.318403
31700.000000 3.569016 31.233093 -0.755302 0.309980
31720.000000 3.547944 31.307197 -0.763607 0.301466
31740.000000 3.527559 31.379664 -0.770417 0.292868
31760.000000 3.507870 31.450436 -0.775830 0.284192
31780.000000 3.488880 31.519461 -0.779939 0.275444
31800.000000 3.470591 31.586685 -0.782836 0.266628
31820.000000 3.453004 31.652059 -0.784611 0.257749
31840.000000 3.436116 31.715533 -0.785350 0.248812
31860.000000 3.419925 31.777059 -0.785136 0.239820
31880.000000 3.404428 31.836593 -0.784050 0.230779
31900.000000 3.389620 31.894091 -0.782169 0.221691
31920.000000 3.375495 31.949511 -0.779568 0.212561
31940.000000 3.362048 32.002813 -0.776318 0.203392
31960.000000 3.349274 32.053959 -0.772487 0.194188
31980.000000 3.337166 32.102913 -0.768142 0.184951
