0.000000 3.980081 196.004800 0.625960 0.472016
20.000000 3.993030 196.106779 0.577554 0.474392
40.000000 4.003648 196.208882 0.527267 0.476284
60.000000 4.011808 196.311068 0.475359 0.477685
80.000000 4.017407 196.413297 0.422119 0.478591
100.000000 4.020377 196.515534 0.367861 0.478999
120.000000 4.020681 196.617743 0.312915 0.478911
140.000000 4.018315 196.719893 0.257626 0.478331
160.000000 4.013313 196.821952 0.202345 0.477265
180.000000 4.005737 196.923889 0.147420 0.475719
200.000000 3.995686 197.025671 0.093193 0.473705
220.000000 3.983283 197.127267 0.039990 0.471233
240.000000 3.968678 197.228641 -0.011883 0.468315
260.000000 3.952043 197.329756 -0.062147 0.464968
280.000000 3.933564 197.430572 -0.110552 0.461206
300.000000 3.913440 197.531046 -0.156882 0.457046
320.000000 3.891878 197.631132 -0.200953 0.452506
340.000000 3.869087 197.730779 -0.242616 0.447606
360.000000 3.845272 197.829935 -0.281758 0.442366
380.000000 3.820634 197.928544 -0.318294 0.436805
400.000000 3.795365 198.026546 -0.352172 0.430943
420.000000 3.769645 198.123882 -0.383368 0.424802
440.000000 3.743639 198.220487 -0.411882 0.418400
460.000000 3.717501 198.316298 -0.437736 0.411758
480.000000 3.691366 198.411247 -0.460972 0.404892
500.000000 3.665357 198.505269 -0.481648 0.397823
520.000000 3.639581 198.598296 -0.499837 0.390565
540.000000 3.614130 198.690260 -0.515622 0.383136
560.000000 3.589085 198.781095 -0.529096 0.375551
580.000000 3.564514 198.870734 -0.540358 0.367825
600.000000 3.540473 198.959113 -0.549514 0.359972
620.000000 3.517012 199.046168 -0.556674 0.352005
640.000000 3.494168 199.131837 -0.561947 0.343937
660.000000 3.471974 199.216060 -0.565447 0.335780
680.000000 3.450455 199.298779 -0.567286 0.327546
700.000000 3.429629 199.379937 -0.567577 0.319246
720.000000 3.409511 199.459484 -0.566430 0.310892
740.000000 3.390111 199.537367 -0.563954 0.302494
760.000000 3.371434 199.613540 -0.560256 0.294061
780.000000 3.353484 199.687959 -0.555439 0.285606
800.000000 3.336259 199.760583 -0.549602 0.277136
820.000000 3.319756 199.831373 -0.542844 0.268661
840.000000 3.303971 199.900296 -0.535258 0.260192
860.000000 3.288895 199.967320 -0.526932 0.251735
880.000000 3.274519 200.032418 -0.517952 0.243301
900.000000 3.260833 200.095564 -0.508400 0.234897
920.000000 3.247823 200.156740 -0.498353 0.226531
940.000000 3.235477 200.215926 -0.487884 0.218210
960.000000 3.223779 200.273109 -0.477062 0.209942
980.000000 3.212714 200.328278 -0.465951 0.201733
1000.000000 3.202265 200.381425 -0.454612 0.193589
1020.000000 3.192415 200.432545 -0.443103 0.185515
1040.000000 3.183146 200.481637 -0.431476 0.177518
1060.000000 3.174439 200.528701 -0.419780 0.169602
1080.000000 3.166276 200.573741 -0.408060 0.161770
1100.000000 3.158639 200.616763 -0.396357 0.154028
1120.000000 3.151508 200.657774 -0.384711 0.146377
1140.000000 3.144864 200.696787 -0.373156 0.138821
1160.000000 3.138689 200.733812 -0.361723 0.131362
1180.000000 3.132963 200.768864 -0.350442 0.124002
1200.000000 3.127669 200.801958 -0.339338 0.116742
1220.000000 3.122789 200.833111 -0.328435 0.109583
1240.000000 3.118304 200.862342 -0.317753 0.102525
1260.000000 3.114198 200.889671 -0.307311 0.095569
1280.000000 3.110453 200.915116 -0.297124 0.088714
1300.000000 3.107054 200.938699 -0.287208 0.081960
1320.000000 3.103985 200.960441 -0.277574 0.075305
1340.000000 3.101232 200.980364 -0.268233 0.068749
1360.000000 3.098778 200.998491 -0.259194 0.062289
1380.000000 3.096612 201.014843 -0.250464 0.055924
1400.000000 3.094719 201.029443 -0.242049 0.049651
1420.000000 3.093088 201.042313 -0.233955 0.043468
1440.000000 3.091707 201.053476 -0.226184 0.037373
1460.000000 3.090565 201.062952 -0.218739 0.031363
1480.000000 3.089651 201.070764 -0.211623 0.025435
1500.000000 3.088957 201.076933 -0.204836 0.019585
1520.000000 3.088472 201.081479 -0.198378 0.013812
1540.000000 3.088189 201.084421 -0.192249 0.008110
1560.000000 3.088101 201.085780 -0.186448 0.002477
1580.000000 3.088199 201.085574 -0.180972 -0.003090
1600.000000 3.088478 201.083820 -0.175820 -0.008595
1620.000000 3.088933 201.080537 -0.170989 -0.014043
1640.000000 3.089557 201.075740 -0.166476 -0.019436
1660.000000 3.090347 201.069446 -0.162277 -0.024778
1680.000000 3.091299 201.061668 -0.158388 -0.030072
1700.000000 3.092409 201.052421 -0.154806 -0.035324
1720.000000 3.093674 201.041718 -0.151526 -0.040535
1740.000000 3.095093 201.029572 -0.148542 -0.045711
1760.000000 3.096663 201.015993 -0.145851 -0.050854
1780.000000 3.098383 201.000993 -0.143446 -0.055969
1800.000000 3.100253 200.984581 -0.141323 -0.061058
1820.000000 3.102272 200.966766 -0.139475 -0.066126
1840.000000 3.104440 200.947556 -0.137895 -0.071176
1860.000000 3.106759 200.926959 -0.136578 -0.076211
1880.000000 3.109228 200.904981 -0.135517 -0.081235
1900.000000 3.111851 200.881628 -0.134705 -0.086251
1920.000000 3.114628 200.856906 -0.134134 -0.091263
1940.000000 3.117563 200.830818 -0.133797 -0.096272
1960.000000 3.120657 200.803370 -0.133685 -0.101283
1980.000000 3.123915 200.774563 -0.133789 -0.106299
2000.000000 3.127339 200.744401 -0.134101 -0.111321
2020.000000 3.130933 200.712885 -0.134611 -0.116354
2040.000000 3.134702 200.680019 -0.135309 -0.121398
2060.000000 3.138650 200.645802 -0.136184 -0.126458
2080.000000 3.142781 200.610236 -0.137225 -0.131534
2100.000000 3.147102 200.573321 -0.138420 -0.136629
2120.000000 3.151616 200.535059 -0.139756 -0.141744
2140.000000 3.156330 200.495449 -0.141219 -0.146883
2160.000000 3.161248 200.454491 -0.142796 -0.152045
2180.000000 3.166378 200.412186 -0.144470 -0.157232
2200.000000 3.171725 200.368533 -0.146227 -0.162446
2220.000000 3.177294 200.323533 -0.148048 -0.167686
2240.000000 3.183092 200.277186 -0.149917 -0.172955
2260.000000 3.189125 200.229493 -0.151812 -0.178251
2280.000000 3.195398 200.180454 -0.153715 -0.183575
2300.000000 3.201918 200.130072 -0.155603 -0.188928
2320.000000 3.208690 200.078348 -0.157453 -0.194307
2340.000000 3.215718 200.025285 -0.159242 -0.199712
2360.000000 3.223009 199.970886 -0.160944 -0.205143
2380.000000 3.230567 199.915154 -0.162532 -0.210597
2400.000000 3.238395 199.858095 -0.163978 -0.216072
2420.000000 3.246497 199.799715 -0.165253 -0.221567
2440.000000 3.254875 199.740019 -0.166325 -0.227079
2460.000000 3.263532 199.679017 -0.167163 -0.232603
2480.000000 3.272467 199.616716 -0.167732 -0.238138
2500.000000 3.281680 199.553129 -0.167998 -0.243680
2520.000000 3.291170 199.488265 -0.167925 -0.249223
2540.000000 3.300933 199.422138 -0.167475 -0.254763
2560.000000 3.310965 199.354763 -0.166611 -0.260294
2580.000000 3.321259 199.286155 -0.165292 -0.265812
2600.000000 3.331807 199.216332 -0.163481 -0.271310
2620.000000 3.342597 199.145314 -0.161135 -0.276781
2640.000000 3.353618 199.073120 -0.158215 -0.282219
2660.000000 3.364854 198.999774 -0.154680 -0.287615
2680.000000 3.376287 198.925300 -0.150491 -0.292962
2700.000000 3.387897 198.849722 -0.145607 -0.298252
2720.000000 3.399658 198.773070 -0.139992 -0.303475
2740.000000 3.411545 198.695371 -0.133607 -0.308623
2760.000000 3.423528 198.616656 -0.126419 -0.313685
2780.000000 3.435572 198.536957 -0.118395 -0.318652
2800.000000 3.447641 198.456308 -0.109507 -0.323513
2820.000000 3.459695 198.374743 -0.099730 -0.328257
2840.000000 3.471690 198.292300 -0.089042 -0.332875
2860.000000 3.483579 198.209015 -0.077428 -0.337353
2880.000000 3.495312 198.124927 -0.064876 -0.341682
2900.000000 3.506835 198.040076 -0.051383 -0.345850
2920.000000 3.518094 197.954503 -0.036951 -0.349844
2940.000000 3.529029 197.868248 -0.021590 -0.353654
2960.000000 3.539582 197.781354 -0.005316 -0.357268
2980.000000 3.549691 197.693864 0.011846 -0.360674
3000.000000 3.559296 197.605821 0.029861 -0.363863
3020.000000 3.568334 197.517269 0.048687 -0.366822
3040.000000 3.576747 197.428252 0.068275 -0.369543
3060.000000 3.584474 197.338813 0.088564 -0.372014
3080.000000 3.591461 197.248999 0.109488 -0.374227
3100.000000 3.597655 197.158853 0.130972 -0.376173
3120.000000 3.603009 197.068420 0.152934 -0.377845
3140.000000 3.607480 196.977746 0.175285 -0.379236
3160.000000 3.611031 196.886875 0.197932 -0.380339
3180.000000 3.613634 196.795853 0.220776 -0.381151
3200.000000 3.615265 196.704724 0.243717 -0.381667
3220.000000 3.615910 196.613536 0.266651 -0.381884
3240.000000 3.615562 196.522333 0.289475 -0.381800
3260.000000 3.614223 196.431161 0.312086 -0.381416
3280.000000 3.611903 196.340067 0.334383 -0.380733
3300.000000 3.608620 196.249098 0.356269 -0.379751
3320.000000 3.604398 196.158298 0.377651 -0.378474
3340.000000 3.599270 196.067717 0.398443 -0.376906
3360.000000 3.593276 195.977400 0.418563 -0.375053
3380.000000 3.586460 195.887395 0.437939 -0.372921
3400.000000 3.578872 195.797750 0.456506 -0.370517
3420.000000 3.570566 195.708512 0.474208 -0.367850
3440.000000 3.561599 195.619729 0.490998 -0.364928
3460.000000 3.552032 195.531447 0.506836 -0.361762
3480.000000 3.541925 195.443714 0.521695 -0.358360
3500.000000 3.531341 195.356578 0.535552 -0.354736
3520.000000 3.520342 195.270083 0.548396 -0.350899
3540.000000 3.508990 195.184277 0.560222 -0.346861
3560.000000 3.497343 195.099203 0.571034 -0.342634
3580.000000 3.485461 195.014907 0.580843 -0.338231
3600.000000 3.473399 194.931430 0.589665 -0.333664
3620.000000 3.461211 194.848816 0.597522 -0.328944
3640.000000 3.448946 194.767106 0.604442 -0.324083
3660.000000 3.436651 194.686337 0.610457 -0.319094
3680.000000 3.424370 194.606549 0.615604 -0.313988
3700.000000 3.412142 194.527778 0.619919 -0.308777
3720.000000 3.400004 194.450058 0.623446 -0.303471
3740.000000 3.387990 194.373422 0.626226 -0.298082
3760.000000 3.376128 194.297901 0.628305 -0.292619
3780.000000 3.364444 194.223526 0.629729 -0.287093
3800.000000 3.352963 194.150322 0.630542 -0.281513
3820.000000 3.341703 194.078317 0.630791 -0.275888
3840.000000 3.330682 194.007533 0.630522 -0.270227
3860.000000 3.319915 193.937993 0.629781 -0.264537
3880.000000 3.309412 193.869716 0.628610 -0.258826
3900.000000 3.299184 193.802721 0.627054 -0.253100
3920.000000 3.289237 193.737024 0.625155 -0.247367
3940.000000 3.279578 193.672641 0.622954 -0.241632
3960.000000 3.270209 193.609584 0.620488 -0.235900
3980.000000 3.261133 193.547865 0.617797 -0.230176
4000.000000 3.252351 193.487495 0.614917 -0.224465
4020.000000 3.243861 193.428481 0.611880 -0.218769
4040.000000 3.235661 193.370832 0.608721 -0.213093
4060.000000 3.227749 193.314555 0.605470 -0.207440
4080.000000 3.220122 193.259654 0.602156 -0.201811
4100.000000 3.212774 193.206133 0.598807 -0.196209
4120.000000 3.205701 193.153997 0.595449 -0.190635
4140.000000 3.198898 193.103247 0.592106 -0.185091
4160.000000 3.192358 193.053887 0.588803 -0.179576
4180.000000 3.186076 193.005916 0.585559 -0.174093
4200.000000 3.180044 192.959336 0.582397 -0.168639
4220.000000 3.174258 192.914148 0.579333 -0.163216
4240.000000 3.168710 192.870352 0.576388 -0.157823
4260.000000 3.163394 192.827947 0.573577 -0.152459
4280.000000 3.158303 192.786934 0.570915 -0.147122
4300.000000 3.153432 192.747313 0.568418 -0.141811
4320.000000 3.148773 192.709083 0.566100 -0.136525
4340.000000 3.144322 192.672246 0.563972 -0.131261
4360.000000 3.140072 192.636800 0.562048 -0.126018
4380.000000 3.136017 192.602746 0.560338 -0.120792
4400.000000 3.132154 192.570087 0.558855 -0.115583
4420.000000 3.128476 192.538822 0.557606 -0.110385
4440.000000 3.124980 192.508955 0.556603 -0.105198
4460.000000 3.121661 192.480487 0.555854 -0.100018
4480.000000 3.118515 192.453421 0.555369 -0.094841
4500.000000 3.115540 192.427762 0.555155 -0.089664
4520.000000 3.112733 192.403513 0.555220 -0.084484
4540.000000 3.110090 192.380680 0.555572 -0.079297
4560.000000 3.107611 192.359269 0.556219 -0.074100
4580.000000 3.105294 192.339287 0.557167 -0.068888
4600.000000 3.103137 192.320741 0.558424 -0.063657
4620.000000 3.101141 192.303639 0.559995 -0.058405
4640.000000 3.099305 192.287992 0.561888 -0.053126
4660.000000 3.097630 192.273810 0.564110 -0.047816
4680.000000 3.096118 192.261103 0.566665 -0.042472
4700.000000 3.094770 192.249885 0.569560 -0.037089
4720.000000 3.093589 192.240169 0.572802 -0.031662
4740.000000 3.092578 192.231969 0.576395 -0.026187
4760.000000 3.091741 192.225301 0.580345 -0.020661
4780.000000 3.091081 192.220181 0.584659 -0.015077
4800.000000 3.090605 192.216625 0.589340 -0.009433
4820.000000 3.090318 192.214654 0.594393 -0.003724
4840.000000 3.090227 192.214285 0.599825 0.002056
4860.000000 3.090339 192.215539 0.605637 0.007909
4880.000000 3.090663 192.218437 0.611836 0.013841
4900.000000 3.091206 192.223002 0.618424 0.019855
4920.000000 3.091980 192.229255 0.625405 0.025957
4940.000000 3.092995 192.237221 0.632780 0.032149
4960.000000 3.094262 192.246923 0.640552 0.038436
4980.000000 3.095794 192.258387 0.648723 0.044822
5000.000000 3.097604 192.271637 0.657291 0.051310
5020.000000 3.099706 192.286701 0.666258 0.057904
5040.000000 3.102116 192.303602 0.675621 0.064607
5060.000000 3.104850 192.322369 0.685377 0.071422
5080.000000 3.107925 192.343027 0.695523 0.078351
5100.000000 3.111359 192.365602 0.706052 0.085398
5120.000000 3.115170 192.390121 0.716958 0.092563
5140.000000 3.119378 192.416609 0.728231 0.099850
5160.000000 3.124004 192.445090 0.739859 0.107258
5180.000000 3.129069 192.475591 0.751830 0.114788
5200.000000 3.134596 192.508133 0.764127 0.122442
5220.000000 3.140606 192.542738 0.776732 0.130218
5240.000000 3.147123 192.579427 0.789624 0.138116
5260.000000 3.154171 192.618219 0.802777 0.146135
5280.000000 3.161774 192.659131 0.816164 0.154271
5300.000000 3.169955 192.702178 0.829753 0.162523
5320.000000 3.178739 192.747371 0.843508 0.170886
5340.000000 3.188150 192.794721 0.857390 0.179356
5360.000000 3.198211 192.844233 0.871356 0.187929
5380.000000 3.208945 192.895912 0.885356 0.196598
5400.000000 3.220375 192.949757 0.899337 0.205357
5420.000000 3.232522 193.005764 0.913242 0.214198
5440.000000 3.245405 193.063927 0.927007 0.223113
5460.000000 3.259042 193.124233 0.940563 0.232092
5480.000000 3.273449 193.186667 0.953837 0.241127
5500.000000 3.288640 193.251209 0.966750 0.250205
5520.000000 3.304626 193.317833 0.979216 0.259316
5540.000000 3.321415 193.386511 0.991148 0.268448
5560.000000 3.339011 193.457210 1.002448 0.277587
5580.000000 3.357415 193.529891 1.013016 0.286721
5600.000000 3.376624 193.604512 1.022748 0.295835
5620.000000 3.396631 193.681026 1.031534 0.304915
5640.000000 3.417421 193.759382 1.039258 0.313945
5660.000000 3.438977 193.839526 1.045802 0.322912
5680.000000 3.461275 193.921397 1.051045 0.331799
5700.000000 3.484284 194.004935 1.054862 0.340589
5720.000000 3.507967 194.090074 1.057126 0.349268
5740.000000 3.532279 194.176745 1.057708 0.357818
5760.000000 3.557168 194.264877 1.056480 0.366222
5780.000000 3.582573 194.354397 1.053314 0.374465
5800.000000 3.608424 194.445232 1.048083 0.382529
5820.000000 3.634641 194.537303 1.040665 0.390396
5840.000000 3.661133 194.630535 1.030941 0.398051
5860.000000 3.687801 194.724850 1.018799 0.405474
5880.000000 3.714529 194.820170 1.004136 0.412649
5900.000000 3.741194 194.916418 0.986860 0.419557
5920.000000 3.767657 195.013518 0.966891 0.426179
5940.000000 3.793769 195.111395 0.944163 0.432498
5960.000000 3.819366 195.209975 0.918630 0.438495
5980.000000 3.844274 195.309186 0.890264 0.444149
6000.000000 3.868308 195.408960 0.859061 0.449442
6020.000000 3.891276 195.509229 0.825041 0.454355
6040.000000 3.912977 195.609930 0.788252 0.458869
6060.000000 3.933211 195.711001 0.748771 0.462965
6080.000000 3.951778 195.812386 0.706707 0.466627
6100.000000 3.968482 195.914029 0.662198 0.469837
6120.000000 3.983141 196.015879 0.615420 0.472584
6140.000000 3.995586 196.117889 0.566577 0.474853
6160.000000 4.005670 196.220014 0.515907 0.476637
6180.000000 4.013271 196.322213 0.463678 0.477929
6200.000000 4.018293 196.424447 0.410185 0.478724
6220.000000 4.020675 196.526680 0.355746 0.479022
6240.000000 4.020386 196.628879 0.300694 0.478825
6260.000000 4.017433 196.731012 0.245377 0.478137
6280.000000 4.011855 196.833046 0.190144 0.476963
6300.000000 4.003722 196.934952 0.135345 0.475313
6320.000000 3.993138 197.036696 0.081317 0.473197
6340.000000 3.980234 197.138246 0.028383 0.470625
6360.000000 3.965165 197.239566 -0.023157 0.467611
6380.000000 3.948104 197.340618 -0.073030 0.464170
6400.000000 3.929244 197.441363 -0.120993 0.460318
6420.000000 3.908784 197.541755 -0.166837 0.456073
6440.000000 3.886932 197.641747 -0.210387 0.451452
6460.000000 3.863896 197.741291 -0.251501 0.446475
6480.000000 3.839882 197.840330 -0.290072 0.441162
6500.000000 3.815089 197.938810 -0.326023 0.435532
6520.000000 3.789705 198.036670 -0.359309 0.429607
6540.000000 3.763907 198.133850 -0.389910 0.423407
6560.000000 3.737860 198.230285 -0.417833 0.416950
6580.000000 3.711711 198.325911 -0.443103 0.410257
6600.000000 3.685595 198.420660 -0.465767 0.403344
6620.000000 3.659628 198.514468 -0.485886 0.396232
6640.000000 3.633916 198.607265 -0.503535 0.388935
6660.000000 3.608549 198.698985 -0.518800 0.381470
6680.000000 3.583603 198.789561 -0.531776 0.373853
6700.000000 3.559145 198.878927 -0.542563 0.366097
6720.000000 3.535229 198.967018 -0.551267 0.358218
6740.000000 3.511901 199.053772 -0.557999 0.350227
6760.000000 3.489199 199.139126 -0.562870 0.342139
6780.000000 3.467152 199.223020 -0.565993 0.333964
6800.000000 3.445785 199.305398 -0.567480 0.325714
6820.000000 3.425115 199.386205 -0.567443 0.317401
6840.000000 3.405155 199.465387 -0.565993 0.309036
6860.000000 3.385915 199.542896 -0.563237 0.300630
6880.000000 3.367398 199.618685 -0.559282 0.292191
6900.000000 3.349608 199.692710 -0.554231 0.283732
6920.000000 3.332544 199.764931 -0.548183 0.275260
6940.000000 3.316200 199.835310 -0.541233 0.266786
6960.000000 3.300573 199.903815 -0.533476 0.258318
6980.000000 3.285653 199.970415 -0.524998 0.249866
7000.000000 3.271431 200.035083 -0.515885 0.241438
7020.000000 3.257895 200.097795 -0.506216 0.233042
7040.000000 3.245034 200.158532 -0.496070 0.224685
7060.000000 3.232832 200.217276 -0.485516 0.216375
7080.000000 3.221276 200.274014 -0.474625 0.208120
7100.000000 3.210349 200.328736 -0.463459 0.199924
7120.000000 3.200034 200.381434 -0.452078 0.191795
7140.000000 3.190314 200.432105 -0.440538 0.183739
7160.000000 3.181170 200.480748 -0.428891 0.175759
7180.000000 3.172586 200.527364 -0.417186 0.167861
7200.000000 3.164541 200.571956 -0.405467 0.160049
7220.000000 3.157017 200.614532 -0.393773 0.152326
7240.000000 3.149996 200.655101 -0.382144 0.144696
7260.000000 3.143457 200.693672 -0.370614 0.137162
7280.000000 3.137383 200.730259 -0.359212 0.129724
7300.000000 3.131755 200.764876 -0.347968 0.122386
7320.000000 3.126554 200.797539 -0.336907 0.115148
7340.000000 3.121763 200.828266 -0.326051 0.108012
7360.000000 3.117363 200.857074 -0.315420 0.100977
7380.000000 3.113338 200.883983 -0.305033 0.094043
7400.000000 3.109672 200.909014 -0.294906 0.087211
7420.000000 3.106347 200.932188 -0.285051 0.080478
7440.000000 3.103349 200.953526 -0.275481 0.073846
7460.000000 3.100663 200.973049 -0.266206 0.067311
7480.000000 3.098274 200.990781 -0.257235 0.060872
7500.000000 3.096170 201.006744 -0.248574 0.054527
7520.000000 3.094336 201.020959 -0.240230 0.048275
7540.000000 3.092762 201.033450 -0.232206 0.042112
7560.000000 3.091434 201.044237 -0.224508 0.036036
7580.000000 3.090344 201.053343 -0.217136 0.030044
7600.000000 3.089479 201.060790 -0.210092 0.024133
7620.000000 3.088832 201.066597 -0.203378 0.018301
7640.000000 3.088393 201.070786 -0.196993 0.012543
7660.000000 3.088153 201.073377 -0.190937 0.006857
7680.000000 3.088107 201.074387 -0.185208 0.001240
7700.000000 3.088246 201.073837 -0.179804 -0.004314
7720.000000 3.088564 201.071744 -0.174723 -0.009806
7740.000000 3.089057 201.068124 -0.169963 -0.015241
7760.000000 3.089718 201.062994 -0.165519 -0.020622
7780.000000 3.090544 201.056370 -0.161389 -0.025953
7800.000000 3.091531 201.048266 -0.157569 -0.031238
7820.000000 3.092676 201.038696 -0.154054 -0.036481
7840.000000 3.093975 201.027672 -0.150840 -0.041684
7860.000000 3.095427 201.015208 -0.147922 -0.046852
7880.000000 3.097031 201.001314 -0.145294 -0.051989
7900.000000 3.098784 200.986000 -0.142952 -0.057097
7920.000000 3.100687 200.969277 -0.140890 -0.062182
7940.000000 3.102739 200.951152 -0.139102 -0.067245
7960.000000 3.104940 200.931635 -0.137581 -0.072292
7980.000000 3.107292 200.910732 -0.136322 -0.077324
8000.000000 3.109796 200.888449 -0.135316 -0.082346
8020.000000 3.112452 200.864793 -0.134558 -0.087361
8040.000000 3.115264 200.839768 -0.134040 -0.092371
8060.000000 3.118234 200.813379 -0.133753 -0.097381
8080.000000 3.121364 200.785629 -0.133689 -0.102393
8100.000000 3.124658 200.756522 -0.133841 -0.107410
8120.000000 3.128119 200.726060 -0.134197 -0.112434
8140.000000 3.131752 200.694245 -0.134750 -0.117469
8160.000000 3.135560 200.661080 -0.135488 -0.122517
8180.000000 3.139548 200.626564 -0.136401 -0.127580
8200.000000 3.143721 200.590700 -0.137477 -0.132660
8220.000000 3.148084 200.553487 -0.138704 -0.137759
8240.000000 3.152642 200.514926 -0.140069 -0.142880
8260.000000 3.157401 200.475018 -0.141559 -0.148023
8280.000000 3.162366 200.433762 -0.143158 -0.153191
8300.000000 3.167543 200.391158 -0.144853 -0.158384
8320.000000 3.172938 200.347207 -0.146625 -0.163603
8340.000000 3.178557 200.301909 -0.148459 -0.168850
8360.000000 3.184407 200.255264 -0.150335 -0.174125
8380.000000 3.190492 200.207273 -0.152233 -0.179427
8400.000000 3.196820 200.157937 -0.154135 -0.184758
8420.000000 3.203395 200.107257 -0.156016 -0.190116
8440.000000 3.210223 200.055237 -0.157855 -0.195501
8460.000000 3.217310 200.001877 -0.159627 -0.200912
8480.000000 3.224659 199.947183 -0.161306 -0.206348
8500.000000 3.232276 199.891157 -0.162866 -0.211807
8520.000000 3.240165 199.833805 -0.164276 -0.217287
8540.000000 3.248328 199.775133 -0.165509 -0.222786
8560.000000 3.256767 199.715147 -0.166532 -0.228300
8580.000000 3.265485 199.653857 -0.167313 -0.233828
8600.000000 3.274482 199.591271 -0.167818 -0.239365
8620.000000 3.283757 199.527399 -0.168012 -0.244907
8640.000000 3.293307 199.462255 -0.167859 -0.250449
8660.000000 3.303131 199.395850 -0.167321 -0.255988
8680.000000 3.313221 199.328201 -0.166359 -0.261517
8700.000000 3.323572 199.259322 -0.164935 -0.267031
8720.000000 3.334175 199.189233 -0.163009 -0.272524
8740.000000 3.345018 199.117953 -0.160539 -0.277988
8760.000000 3.356088 199.045502 -0.157487 -0.283417
8780.000000 3.367369 198.971904 -0.153811 -0.288803
8800.000000 3.378843 198.897184 -0.149471 -0.294138
8820.000000 3.390488 198.821366 -0.144429 -0.299414
8840.000000 3.402280 198.744479 -0.138646 -0.304621
8860.000000 3.414190 198.666552 -0.132086 -0.309751
8880.000000 3.426190 198.587617 -0.124716 -0.314793
8900.000000 3.438243 198.507705 -0.116503 -0.319737
8920.000000 3.450312 198.426850 -0.107421 -0.324573
8940.000000 3.462357 198.345088 -0.097443 -0.329291
8960.000000 3.474333 198.262455 -0.086551 -0.333878
8980.000000 3.486192 198.178989 -0.074730 -0.338325
9000.000000 3.497883 198.094729 -0.061971 -0.342619
9020.000000 3.509352 198.009714 -0.048269 -0.346749
9040.000000 3.520544 197.923986 -0.033631 -0.350704
9060.000000 3.531400 197.837586 -0.018065 -0.354471
9080.000000 3.541860 197.750557 -0.001592 -0.358040
9100.000000 3.551863 197.662941 0.015761 -0.361399
9120.000000 3.561347 197.574781 0.033960 -0.364538
9140.000000 3.570252 197.486122 0.052959 -0.367445
9160.000000 3.578518 197.397008 0.072707 -0.370111
9180.000000 3.586086 197.307483 0.093143 -0.372526
9200.000000 3.592902 197.217591 0.114198 -0.374681
9220.000000 3.598914 197.127378 0.135795 -0.376567
9240.000000 3.604076 197.036887 0.157851 -0.378177
9260.000000 3.608346 196.946166 0.180276 -0.379505
9280.000000 3.611690 196.855257 0.202975 -0.380544
9300.000000 3.614079 196.764208 0.225849 -0.381291
9320.000000 3.615493 196.673062 0.248798 -0.381741
9340.000000 3.615919 196.581867 0.271717 -0.381891
9360.000000 3.615351 196.490667 0.294502 -0.381741
9380.000000 3.613794 196.399508 0.317052 -0.381291
9400.000000 3.611259 196.308438 0.339266 -0.380541
9420.000000 3.607765 196.217502 0.361049 -0.379493
9440.000000 3.603340 196.126747 0.382307 -0.378152
9460.000000 3.598017 196.036219 0.402957 -0.376520
9480.000000 3.591836 195.945968 0.422918 -0.374605
9500.000000 3.584845 195.856039 0.442120 -0.372412
9520.000000 3.577093 195.766479 0.460501 -0.369949
9540.000000 3.568636 195.677338 0.478005 -0.367225
9560.000000 3.559531 195.588661 0.494587 -0.364248
9580.000000 3.549839 195.500497 0.510211 -0.361029
9600.000000 3.539622 195.412892 0.524849 -0.357577
9620.000000 3.528940 195.325894 0.538482 -0.353904
9640.000000 3.517858 195.239548 0.551101 -0.350022
9660.000000 3.506435 195.153900 0.562702 -0.345941
9680.000000 3.494732 195.068994 0.573291 -0.341675
9700.000000 3.482805 194.984876 0.582880 -0.337234
9720.000000 3.470711 194.901587 0.591486 -0.332632
9740.000000 3.458501 194.819169 0.599133 -0.327879
9760.000000 3.446225 194.737664 0.605850 -0.322989
9780.000000 3.433930 194.657109 0.611670 -0.317973
9800.000000 3.421657 194.577543 0.616629 -0.312843
9820.000000 3.409446 194.499001 0.620766 -0.307610
9840.000000 3.397333 194.421518 0.624124 -0.302285
9860.000000 3.385350 194.345127 0.626745 -0.296878
9880.000000 3.373525 194.269857 0.628675 -0.291401
9900.000000 3.361885 194.195739 0.629959 -0.285862
9920.000000 3.350451 194.122799 0.630644 -0.280272
9940.000000 3.339243 194.051062 0.630775 -0.274638
9960.000000 3.328277 193.980551 0.630397 -0.268970
9980.000000 3.317567 193.911289 0.629557 -0.263274
10000.000000 3.307124 193.843294 0.628297 -0.257560
10020.000000 3.296958 193.776585 0.626662 -0.251832
10040.000000 3.287074 193.711178 0.624693 -0.246098
10060.000000 3.277479 193.647087 0.622429 -0.240363
10080.000000 3.268175 193.584326 0.619911 -0.234632
10100.000000 3.259164 193.522904 0.617175 -0.228911
10120.000000 3.250446 193.462833 0.614257 -0.223202
10140.000000 3.242021 193.404121 0.611190 -0.217511
10160.000000 3.233885 193.346776 0.608008 -0.211840
10180.000000 3.226037 193.290802 0.604740 -0.206192
10200.000000 3.218472 193.236207 0.601416 -0.200569
10220.000000 3.211185 193.182992 0.598063 -0.194973
10240.000000 3.204172 193.131163 0.594707 -0.189405
10260.000000 3.197428 193.080720 0.591371 -0.183868
10280.000000 3.190945 193.031667 0.588079 -0.178360
10300.000000 3.184719 192.984004 0.584852 -0.172883
10320.000000 3.178743 192.937733 0.581709 -0.167436
10340.000000 3.173010 192.892853 0.578671 -0.162020
10360.000000 3.167514 192.849364 0.575753 -0.156633
10380.000000 3.162248 192.807268 0.572974 -0.151275
10400.000000 3.157206 192.766563 0.570348 -0.145944
10420.000000 3.152383 192.727250 0.567889 -0.140639
10440.000000 3.147770 192.689328 0.565612 -0.135358
10460.000000 3.143364 192.652798 0.563528 -0.130099
10480.000000 3.139157 192.617661 0.561651 -0.124860
10500.000000 3.135146 192.583916 0.559990 -0.119638
10520.000000 3.131324 192.551565 0.558558 -0.114431
10540.000000 3.127686 192.520609 0.557363 -0.109236
10560.000000 3.124230 192.491052 0.556415 -0.104051
10580.000000 3.120950 192.462894 0.555724 -0.098872
10600.000000 3.117842 192.436139 0.555298 -0.093695
10620.000000 3.114905 192.410791 0.555145 -0.088518
10640.000000 3.112134 192.386856 0.555273 -0.083337
10660.000000 3.109528 192.364337 0.555690 -0.078148
10680.000000 3.107084 192.343242 0.556403 -0.072947
10700.000000 3.104802 192.323576 0.557418 -0.067732
10720.000000 3.102681 192.305349 0.558744 -0.062497
10740.000000 3.100720 192.288569 0.560386 -0.057239
10760.000000 3.098920 192.273245 0.562352 -0.051953
10780.000000 3.097281 192.259388 0.564646 -0.046637
10800.000000 3.095805 192.247010 0.567276 -0.041284
10820.000000 3.094494 192.236124 0.570248 -0.035891
10840.000000 3.093351 192.226742 0.573567 -0.030454
10860.000000 3.092378 192.218880 0.577238 -0.024969
10880.000000 3.091579 192.212552 0.581269 -0.019430
10900.000000 3.090960 192.207777 0.585663 -0.013833
10920.000000 3.090525 192.204570 0.590426 -0.008175
10940.000000 3.090281 192.202952 0.595563 -0.002451
10960.000000 3.090234 192.202940 0.601078 0.003345
10980.000000 3.090392 192.204557 0.606976 0.009215
11000.000000 3.090764 192.207822 0.613261 0.015165
11020.000000 3.091357 192.212758 0.619935 0.021198
11040.000000 3.092184 192.219388 0.627003 0.027319
11060.000000 3.093253 192.227736 0.634466 0.033532
11080.000000 3.094578 192.237827 0.642326 0.039841
11100.000000 3.096170 192.249684 0.650585 0.046249
11120.000000 3.098043 192.263333 0.659242 0.052760
11140.000000 3.100213 192.278801 0.668297 0.059378
11160.000000 3.102693 192.296113 0.677747 0.066106
11180.000000 3.105501 192.315296 0.687590 0.072946
11200.000000 3.108654 192.336376 0.697821 0.079901
11220.000000 3.112169 192.359379 0.708434 0.086973
11240.000000 3.116066 192.384332 0.719422 0.094166
11260.000000 3.120365 192.411259 0.730774 0.101479
11280.000000 3.125087 192.440186 0.742480 0.108914
11300.000000 3.130252 192.471136 0.754524 0.116472
11320.000000 3.135884 192.504132 0.766891 0.124153
11340.000000 3.142004 192.539197 0.779562 0.131956
11360.000000 3.148637 192.576351 0.792513 0.139881
11380.000000 3.155805 192.615611 0.805721 0.147926
11400.000000 3.163534 192.656994 0.819155 0.156088
11420.000000 3.171846 192.700515 0.832784 0.164364
11440.000000 3.180767 192.746184 0.846571 0.172752
11460.000000 3.190320 192.794012 0.860476 0.181245
11480.000000 3.200528 192.844004 0.874454 0.189840
11500.000000 3.211415 192.896162 0.888454 0.198530
11520.000000 3.223002 192.950486 0.902424 0.207307
11540.000000 3.235309 193.006972 0.916303 0.216165
11560.000000 3.248358 193.065610 0.930028 0.225095
11580.000000 3.262164 193.126389 0.943528 0.234088
11600.000000 3.276743 193.189291 0.956729 0.243133
11620.000000 3.292110 193.254296 0.969551 0.252219
11640.000000 3.308273 193.321377 0.981907 0.261336
11660.000000 3.325240 193.390506 0.993707 0.270470
11680.000000 3.343015 193.461647 1.004854 0.279610
11700.000000 3.361598 193.534761 1.015246 0.288740
11720.000000 3.380984 193.609805 1.024779 0.297848
11740.000000 3.401166 193.686732 1.033339 0.306918
11760.000000 3.422127 193.765489 1.040812 0.315936
11780.000000 3.443850 193.846020 1.047079 0.324887
11800.000000 3.466308 193.928266 1.052018 0.333753
11820.000000 3.489469 194.012164 1.055502 0.342520
11840.000000 3.513296 194.097647 1.057404 0.351172
11860.000000 3.537740 194.184648 1.057597 0.359691
11880.000000 3.562749 194.273094 1.055951 0.368061
11900.000000 3.588259 194.362911 1.052339 0.376266
11920.000000 3.614198 194.454026 1.046634 0.384288
11940.000000 3.640484 194.546361 1.038715 0.392110
11960.000000 3.667025 194.639839 1.028465 0.399714
11980.000000 3.693716 194.734383 1.015774 0.407084
12000.000000 3.720441 194.829916 1.000541 0.414201
12020.000000 3.747074 194.926359 0.982675 0.421048
12040.000000 3.773473 195.023637 0.962100 0.427605
12060.000000 3.799485 195.121676 0.938754 0.433854
12080.000000 3.824945 195.220402 0.912596 0.439776
12100.000000 3.849676 195.319743 0.883601 0.445352
12120.000000 3.873491 195.419632 0.851772 0.450563
12140.000000 3.896195 195.520003 0.817134 0.455389
12160.000000 3.917589 195.620791 0.779742 0.459812
12180.000000 3.937472 195.721936 0.739679 0.463814
12200.000000 3.955642 195.823382 0.697060 0.467377
12220.000000 3.971909 195.925076 0.652033 0.470486
12240.000000 3.986092 196.026965 0.604778 0.473127
12260.000000 3.998027 196.129004 0.555509 0.475290
12280.000000 4.007571 196.231149 0.504471 0.476966
12300.000000 4.014607 196.333359 0.451936 0.478147
12320.000000 4.019049 196.435596 0.398205 0.478833
12340.000000 4.020841 196.537824 0.343601 0.479021
12360.000000 4.019962 196.640012 0.288460 0.478715
12380.000000 4.016423 196.742125 0.233132 0.477919
12400.000000 4.010271 196.844134 0.177965 0.476639
12420.000000 4.001586 196.946006 0.123308 0.474885
12440.000000 3.990477 197.047710 0.069495 0.472666
12460.000000 3.977079 197.149212 0.016845 0.469995
12480.000000 3.961553 197.250477 -0.034349 0.466886
12500.000000 3.944078 197.351464 -0.083819 0.463352
12520.000000 3.924846 197.452135 -0.131330 0.459412
12540.000000 3.904060 197.552443 -0.176680 0.455082
12560.000000 3.881928 197.652340 -0.219702 0.450380
12580.000000 3.858658 197.751777 -0.260261 0.445327
12600.000000 3.834455 197.850697 -0.298257 0.439942
12620.000000 3.809515 197.949045 -0.333622 0.434246
12640.000000 3.784024 198.046760 -0.366314 0.428258
12660.000000 3.758158 198.143780 -0.396321 0.421999
12680.000000 3.732076 198.240042 -0.423654 0.415488
12700.000000 3.705923 198.335480 -0.448342 0.408745
12720.000000 3.679830 198.430027 -0.470437 0.401787
12740.000000 3.653912 198.523616 -0.490003 0.394632
12760.000000 3.628269 198.616181 -0.507116 0.387296
12780.000000 3.602988 198.707653 -0.521866 0.379797
12800.000000 3.578145 198.797967 -0.534348 0.372148
12820.000000 3.553803 198.887056 -0.544665 0.364364
12840.000000 3.530013 198.974857 -0.552924 0.356458
12860.000000 3.506821 199.061306 -0.559234 0.348445
12880.000000 3.484261 199.146342 -0.563708 0.340336
12900.000000 3.462363 199.229906 -0.566459 0.332144
12920.000000 3.441149 199.311941 -0.567599 0.323879
12940.000000 3.420635 199.392392 -0.567240 0.315554
12960.000000 3.400834 199.471208 -0.565492 0.307179
12980.000000 3.381753 199.548340 -0.562462 0.298764
13000.000000 3.363398 199.623742 -0.558255 0.290320
13020.000000 3.345769 199.697371 -0.552975 0.281857
13040.000000 3.328864 199.769188 -0.546719 0.273384
13060.000000 3.312680 199.839155 -0.539583 0.264911
13080.000000 3.297209 199.907241 -0.531658 0.256446
13100.000000 3.282445 199.973415 -0.523032 0.247998
13120.000000 3.268376 200.037652 -0.513790 0.239577
13140.000000 3.254991 200.099929 -0.504009 0.231188
13160.000000 3.242277 200.160225 -0.493766 0.222841
13180.000000 3.230219 200.218526 -0.483132 0.214543
13200.000000 3.218804 200.274819 -0.472175 0.206300
13220.000000 3.208013 200.329094 -0.460956 0.198119
13240.000000 3.197832 200.381344 -0.449535 0.190006
13260.000000 3.188241 200.431566 -0.437968 0.181965
13280.000000 3.179223 200.479760 -0.426304 0.174003
13300.000000 3.170759 200.525927 -0.414592 0.166124
13320.000000 3.162831 200.570073 -0.402875 0.158332
13340.000000 3.155421 200.612203 -0.391193 0.150629
13360.000000 3.148507 200.652329 -0.379582 0.143020
13380.000000 3.142073 200.690460 -0.368078 0.135507
13400.000000 3.136100 200.726609 -0.356709 0.128091
13420.000000 3.130567 200.760792 -0.345503 0.120775
13440.000000 3.125459 200.793025 -0.334485 0.113560
13460.000000 3.120756 200.823326 -0.323677 0.106446
13480.000000 3.116441 200.851712 -0.313099 0.099433
13500.000000 3.112496 200.878204 -0.302769 0.092522
13520.000000 3.108907 200.902822 -0.292700 0.085712
13540.000000 3.105656 200.925587 -0.282908 0.079002
13560.000000 3.102728 200.946521 -0.273402 0.072391
13580.000000 3.100109 200.965647 -0.264194 0.065877
13600.000000 3.097785 200.982985 -0.255291 0.059459
13620.000000 3.095741 200.998559 -0.246700 0.053135
13640.000000 3.093966 201.012390 -0.238426 0.046903
13660.000000 3.092447 201.024502 -0.230474 0.040759
13680.000000 3.091173 201.034915 -0.222848 0.034702
13700.000000 3.090133 201.043653 -0.215548 0.028729
13720.000000 3.089317 201.050734 -0.208578 0.022836
13740.000000 3.088717 201.056182 -0.201937 0.017020
13760.000000 3.088323 201.060015 -0.195624 0.011279
13780.000000 3.088127 201.062255 -0.189641 0.005608
13800.000000 3.088122 201.062918 -0.183984 0.000005
13820.000000 3.088301 201.062025 -0.178651 -0.005535
13840.000000 3.088658 201.059592 -0.173642 -0.011014
13860.000000 3.089189 201.055637 -0.168952 -0.016437
13880.000000 3.089887 201.050175 -0.164578 -0.021806
13900.000000 3.090749 201.043222 -0.160517 -0.027127
13920.000000 3.091771 201.034792 -0.156765 -0.032402
13940.000000 3.092950 201.024899 -0.153317 -0.037636
13960.000000 3.094284 201.013556 -0.150169 -0.042831
13980.000000 3.095769 201.000774 -0.147315 -0.047992
14000.000000 3.097406 200.986565 -0.144752 -0.053122
14020.000000 3.099192 200.970938 -0.142472 -0.058225
14040.000000 3.101128 200.953904 -0.140471 -0.063304
14060.000000 3.103213 200.935471 -0.138743 -0.068364
14080.000000 3.105448 200.915646 -0.137280 -0.073407
14100.000000 3.107833 200.894437 -0.136078 -0.078436
14120.000000 3.110370 200.871850 -0.135128 -0.083456
14140.000000 3.113061 200.847890 -0.134423 -0.088470
14160.000000 3.115908 200.822563 -0.133957 -0.093480
14180.000000 3.118913 200.795872 -0.133720 -0.098490
14200.000000 3.122079 200.767822 -0.133705 -0.103503
14220.000000 3.125410 200.738415 -0.133902 -0.108521
14240.000000 3.128909 200.707653 -0.134303 -0.113548
14260.000000 3.132580 200.675540 -0.134898 -0.118585
14280.000000 3.136427 200.642075 -0.135675 -0.123636
14300.000000 3.140456 200.607261 -0.136625 -0.128703
14320.000000 3.144670 200.571098 -0.137736 -0.133787
14340.000000 3.149076 200.533587 -0.138994 -0.138891
14360.000000 3.153678 200.494728 -0.140388 -0.144016
14380.000000 3.158482 200.454521 -0.141904 -0.149165
14400.000000 3.163493 200.412966 -0.143526 -0.154338
14420.000000 3.168718 200.370064 -0.145239 -0.159537
14440.000000 3.174162 200.325815 -0.147026 -0.164762
14460.000000 3.179832 200.280219 -0.148871 -0.170015
14480.000000 3.185733 200.233276 -0.150754 -0.175296
14500.000000 3.191872 200.184987 -0.152655 -0.180605
14520.000000 3.198254 200.135354 -0.154554 -0.185941
14540.000000 3.204884 200.084377 -0.156428 -0.191306
14560.000000 3.211769 200.032060 -0.158254 -0.196697
14580.000000 3.218914 199.978405 -0.160008 -0.202113
14600.000000 3.226322 199.923415 -0.161663 -0.207554
14620.000000 3.233999 199.867095 -0.163192 -0.213018
14640.000000 3.241948 199.809450 -0.164566 -0.218503
14660.000000 3.250172 199.750487 -0.165755 -0.224005
14680.000000 3.258673 199.690212 -0.166727 -0.229523
14700.000000 3.267453 199.628634 -0.167450 -0.235053
14720.000000 3.276511 199.565762 -0.167889 -0.240591
14740.000000 3.285847 199.501608 -0.168010 -0.246134
14760.000000 3.295458 199.436183 -0.167774 -0.251676
14780.000000 3.305341 199.369502 -0.167146 -0.257213
14800.000000 3.315490 199.301579 -0.166085 -0.262739
14820.000000 3.325898 199.232431 -0.164554 -0.268249
14840.000000 3.336554 199.162076 -0.162510 -0.273736
14860.000000 3.347449 199.090535 -0.159915 -0.279193
14880.000000 3.358567 199.017829 -0.156728 -0.284613
14900.000000 3.369893 198.943980 -0.152909 -0.289989
14920.000000 3.381406 198.869014 -0.148417 -0.295312
14940.000000 3.393086 198.792957 -0.143214 -0.300573
14960.000000 3.404907 198.715838 -0.137262 -0.305764
14980.000000 3.416840 198.637685 -0.130526 -0.310875
15000.000000 3.428854 198.558530 -0.122972 -0.315896
15020.000000 3.440914 198.478407 -0.114569 -0.320817
15040.000000 3.452982 198.397348 -0.105290 -0.325628
15060.000000 3.465016 198.315390 -0.095112 -0.330318
15080.000000 3.476970 198.232569 -0.084015 -0.334875
15100.000000 3.488796 198.148924 -0.071987 -0.339289
15120.000000 3.500442 198.064493 -0.059019 -0.343548
15140.000000 3.511855 197.979318 -0.045110 -0.347640
15160.000000 3.522978 197.893437 -0.030265 -0.351554
15180.000000 3.533752 197.806894 -0.014496 -0.355278
15200.000000 3.544116 197.719731 0.002174 -0.358802
15220.000000 3.554009 197.631991 0.019718 -0.362113
15240.000000 3.563371 197.543717 0.038098 -0.365202
15260.000000 3.572139 197.454954 0.057268 -0.368057
15280.000000 3.580255 197.365745 0.077174 -0.370668
15300.000000 3.587662 197.276134 0.097753 -0.373026
15320.000000 3.594304 197.186168 0.118935 -0.375122
15340.000000 3.600131 197.095889 0.140641 -0.376948
15360.000000 3.605099 197.005344 0.162786 -0.378496
15380.000000 3.609167 196.914577 0.185280 -0.379760
15400.000000 3.612302 196.823633 0.208026 -0.380735
15420.000000 3.614477 196.732559 0.230926 -0.381416
15440.000000 3.615673 196.641398 0.253877 -0.381800
15460.000000 3.615879 196.550198 0.276775 -0.381884
15480.000000 3.615091 196.459003 0.299517 -0.381668
15500.000000 3.613317 196.367860 0.322001 -0.381151
15520.000000 3.610567 196.276815 0.344128 -0.380334
15540.000000 3.606865 196.185915 0.365802 -0.379222
15560.000000 3.602238 196.095206 0.386933 -0.377815
15580.000000 3.596721 196.004736 0.407437 -0.376121
15600.000000 3.590357 195.914552 0.427236 -0.374143
15620.000000 3.583193 195.824700 0.446262 -0.371890
15640.000000 3.575280 195.735229 0.464452 -0.369369
15660.000000 3.566674 195.646187 0.481756 -0.366587
15680.000000 3.557434 195.557620 0.498129 -0.363556
15700.000000 3.547621 195.469575 0.513536 -0.360284
15720.000000 3.537295 195.382101 0.527953 -0.356783
15740.000000 3.526520 195.295243 0.541363 -0.353063
15760.000000 3.515357 195.209047 0.553757 -0.349135
15780.000000 3.503867 195.123559 0.565133 -0.345012
15800.000000 3.492109 195.038824 0.575499 -0.340706
15820.000000 3.480141 194.954886 0.584869 -0.336229
15840.000000 3.468016 194.871786 0.593260 -0.331592
15860.000000 3.455788 194.789567 0.600699 -0.326808
15880.000000 3.443504 194.708269 0.607215 -0.321889
15900.000000 3.431210 194.627930 0.612841 -0.316847
15920.000000 3.418948 194.548587 0.617614 -0.311693
15940.000000 3.406756 194.470277 0.621575 -0.306439
15960.000000 3.394669 194.393033 0.624766 -0.301095
15980.000000 3.382718 194.316887 0.627230 -0.295672
16000.000000 3.370932 194.241870 0.629014 -0.290180
16020.000000 3.359336 194.168010 0.630161 -0.284629
16040.000000 3.347950 194.095334 0.630719 -0.279028
16060.000000 3.336794 194.023867 0.630733 -0.273386
16080.000000 3.325884 193.953631 0.630250 -0.267711
16100.000000 3.315232 193.884647 0.629313 -0.262011
16120.000000 3.304850 193.816936 0.627966 -0.256293
16140.000000 3.294745 193.750514 0.626254 -0.250563
16160.000000 3.284925 193.685397 0.624216 -0.244828
16180.000000 3.275394 193.621599 0.621893 -0.239094
16200.000000 3.266155 193.559133 0.619323 -0.233365
16220.000000 3.257209 193.498010 0.616543 -0.227646
16240.000000 3.248556 193.438239 0.613590 -0.221941
16260.000000 3.240195 193.379829 0.610495 -0.216254
16280.000000 3.232123 193.322787 0.607291 -0.210588
16300.000000 3.224338 193.267118 0.604009 -0.204945
16320.000000 3.216835 193.212827 0.600676 -0.199328
16340.000000 3.209609 193.159919 0.597320 -0.193738
16360.000000 3.202657 193.108397 0.593966 -0.188177
16380.000000 3.195970 193.058262 0.590638 -0.182646
16400.000000 3.189545 193.009516 0.587358 -0.177145
16420.000000 3.183375 192.962161 0.584148 -0.171675
16440.000000 3.177453 192.916197 0.581027 -0.166235
16460.000000 3.171773 192.871625 0.578014 -0.160825
16480.000000 3.166329 192.828445 0.575126 -0.155445
16500.000000 3.161113 192.786657 0.572379 -0.150093
16520.000000 3.156120 192.746260 0.569789 -0.144768
16540.000000 3.151344 192.707255 0.567369 -0.139468
16560.000000 3.146777 192.669641 0.565133 -0.134192
16580.000000 3.142416 192.633419 0.563094 -0.128938
16600.000000 3.138253 192.598590 0.561264 -0.123702
16620.000000 3.134284 192.565154 0.559653 -0.118484
16640.000000 3.130503 192.533111 0.558272 -0.113280
16660.000000 3.126906 192.502465 0.557131 -0.108088
16680.000000 3.123489 192.473217 0.556240 -0.102904
16700.000000 3.120247 192.445369 0.555607 -0.097726
16720.000000 3.117177 192.418926 0.555240 -0.092549
16740.000000 3.114277 192.393890 0.555149 -0.087371
16760.000000 3.111543 192.370268 0.555340 -0.082189
16780.000000 3.108973 192.348063 0.555822 -0.076998
16800.000000 3.106565 192.327284 0.556601 -0.071794
16820.000000 3.104319 192.307936 0.557685 -0.066575
16840.000000 3.102233 192.290028 0.559080 -0.061335
16860.000000 3.100308 192.273570 0.560793 -0.056071
16880.000000 3.098543 192.258569 0.562831 -0.050779
16900.000000 3.096941 192.245039 0.565199 -0.045455
16920.000000 3.095501 192.232990 0.567904 -0.040094
16940.000000 3.094227 192.222435 0.570952 -0.034692
16960.000000 3.093120 192.213389 0.574349 -0.029244
16980.000000 3.092186 192.205865 0.578099 -0.023747
17000.000000 3.091426 192.199880 0.582210 -0.018196
17020.000000 3.090848 192.195450 0.586685 -0.012587
17040.000000 3.090455 192.192593 0.591531 -0.006914
17060.000000 3.090253 192.191329 0.596751 -0.001174
17080.000000 3.090251 192.191676 0.602351 0.004637
17100.000000 3.090456 192.193655 0.608334 0.010525
17120.000000 3.090876 192.197288 0.614704 0.016493
17140.000000 3.091520 192.202597 0.621466 0.022545
17160.000000 3.092399 192.209606 0.628621 0.028687
17180.000000 3.093524 192.218337 0.636172 0.034920
17200.000000 3.094907 192.228816 0.644120 0.041251
17220.000000 3.096560 192.241068 0.652467 0.047681
17240.000000 3.098498 192.255118 0.661212 0.054216
17260.000000 3.100734 192.270992 0.670354 0.060858
17280.000000 3.103286 192.288716 0.679892 0.067610
17300.000000 3.106168 192.308316 0.689821 0.074475
17320.000000 3.109400 192.329820 0.700137 0.081456
17340.000000 3.112998 192.353252 0.710834 0.088555
17360.000000 3.116982 192.378639 0.721903 0.095774
17380.000000 3.121373 192.406007 0.733335 0.103114
17400.000000 3.126191 192.435379 0.745117 0.110576
17420.000000 3.131458 192.466781 0.757234 0.118162
17440.000000 3.137195 192.500233 0.769670 0.125870
17460.000000 3.143427 192.535759 0.782405 0.133700
17480.000000 3.150177 192.573377 0.795416 0.141651
17500.000000 3.157467 192.613105 0.808676 0.149722
17520.000000 3.165323 192.654961 0.822156 0.157910
17540.000000 3.173768 192.698956 0.835824 0.166211
17560.000000 3.182826 192.745103 0.849640 0.174623
17580.000000 3.192522 192.793409 0.863565 0.183139
17600.000000 3.202878 192.843880 0.877552 0.191755
17620.000000 3.213918 192.896518 0.891551 0.200465
17640.000000 3.225663 192.951321 0.905506 0.209261
17660.000000 3.238133 193.008284 0.919357 0.218136
17680.000000 3.251348 193.067398 0.933038 0.227080
17700.000000 3.265324 193.128648 0.946478 0.236086
17720.000000 3.280076 193.192017 0.959603 0.245141
17740.000000 3.295618 193.257484 0.972329 0.254235
17760.000000 3.311959 193.325022 0.984570 0.263357
17780.000000 3.329104 193.394599 0.996234 0.272493
17800.000000 3.347059 193.466180 1.007223 0.281632
17820.000000 3.365820 193.539726 1.017434 0.290758
17840.000000 3.385383 193.615191 1.026761 0.299859
17860.000000 3.405739 193.692527 1.035091 0.308919
17880.000000 3.426870 193.771681 1.042308 0.317924
17900.000000 3.448758 193.852597 1.048291 0.326857
17920.000000 3.471375 193.935214 1.052919 0.335703
17940.000000 3.494687 194.019469 1.056064 0.344446
17960.000000 3.518655 194.105294 1.057599 0.353069
17980.000000 3.543229 194.192621 1.057396 0.361557
18000.000000 3.568355 194.281377 1.055325 0.369892
18020.000000 3.593966 194.371488 1.051261 0.378058
18040.000000 3.619990 194.462880 1.045076 0.386037
18060.000000 3.646340 194.555474 1.036651 0.393812
18080.000000 3.672924 194.649195 1.025870 0.401367
18100.000000 3.699633 194.743965 1.012625 0.408682
18120.000000 3.726349 194.839705 0.996816 0.415741
18140.000000 3.752943 194.936340 0.978357 0.422525
18160.000000 3.779269 195.033793 0.957173 0.429015
18180.000000 3.805174 195.131990 0.933208 0.435194
18200.000000 3.830488 195.230858 0.906423 0.441041
18220.000000 3.855033 195.330327 0.876800 0.446538
18240.000000 3.878619 195.430328 0.844346 0.451665
18260.000000 3.901051 195.530796 0.809093 0.456404
18280.000000 3.922128 195.631668 0.771101 0.460735
18300.000000 3.941648 195.732885 0.730461 0.464641
18320.000000 3.959413 195.834391 0.687295 0.468104
18340.000000 3.975234 195.936131 0.641759 0.471111
18360.000000 3.988933 196.038058 0.594039 0.473648
18380.000000 4.000350 196.140124 0.544356 0.475703
18400.000000 4.009348 196.242287 0.492961 0.477270
18420.000000 4.015817 196.344506 0.440135 0.478342
18440.000000 4.019676 196.446744 0.386183 0.478917
18460.000000 4.020877 196.548966 0.331430 0.478996
18480.000000 4.019406 196.651140 0.276218 0.478581
18500.000000 4.015284 196.753233 0.220895 0.477677
18520.000000 4.008564 196.855214 0.165811 0.476291
18540.000000 3.999332 196.957052 0.111313 0.474433
18560.000000 3.987703 197.058714 0.057731 0.472113
18580.000000 3.973820 197.160167 0.005378 0.469344
18600.000000 3.957847 197.261373 -0.045456 0.466140
18620.000000 3.939965 197.362294 -0.094511 0.462515
18640.000000 3.920372 197.462888 -0.141560 0.458486
18660.000000 3.899270 197.563110 -0.186408 0.454072
18680.000000 3.876868 197.662910 -0.228895 0.449291
18700.000000 3.853374 197.762237 -0.268895 0.444163
18720.000000 3.828991 197.861036 -0.306313 0.438707
18740.000000 3.803914 197.959249 -0.341089 0.432945
18760.000000 3.778325 198.056815 -0.373187 0.426895
18780.000000 3.752398 198.153673 -0.402601 0.420579
18800.000000 3.726288 198.249758 -0.429345 0.414015
18820.000000 3.700138 198.345004 -0.453454 0.407223
18840.000000 3.674075 198.439345 -0.474983 0.400219
18860.000000 3.648209 198.532714 -0.493999 0.393023
18880.000000 3.622639 198.625042 -0.510582 0.385650
18900.000000 3.597450 198.716264 -0.524821 0.378116
18920.000000 3.572712 198.806313 -0.536815 0.370436
18940.000000 3.548488 198.895122 -0.546667 0.362624
18960.000000 3.524827 198.982629 -0.554484 0.354694
18980.000000 3.501772 199.068771 -0.560379 0.346658
19000.000000 3.479357 199.153486 -0.564462 0.338530
19020.000000 3.457608 199.236716 -0.566846 0.330320
19040.000000 3.436547 199.318405 -0.567645 0.322041
19060.000000 3.416190 199.398498 -0.566969 0.313704
19080.000000 3.396548 199.476946 -0.564928 0.305319
19100.000000 3.377628 199.553699 -0.561628 0.296897
19120.000000 3.359433 199.628712 -0.557176 0.288448
19140.000000 3.341965 199.701943 -0.551671 0.279982
19160.000000 3.325220 199.773353 -0.545212 0.271508
19180.000000 3.309194 199.842907 -0.537893 0.263036
19200.000000 3.293881 199.910572 -0.529806 0.254574
19220.000000 3.279271 199.976320 -0.521037 0.246132
19240.000000 3.265355 200.040125 -0.511668 0.237717
19260.000000 3.252119 200.101965 -0.501779 0.229337
19280.000000 3.239552 200.161821 -0.491444 0.221000
19300.000000 3.227638 200.219678 -0.480733 0.212714
19320.000000 3.216362 200.275525 -0.469712 0.204484
19340.000000 3.205708 200.329352 -0.458443 0.196317
19360.000000 3.195658 200.381153 -0.446986 0.188219
19380.000000 3.186196 200.430927 -0.435392 0.180196
19400.000000 3.177302 200.478672 -0.423714 0.172252
19420.000000 3.168959 200.524391 -0.411997 0.164392
19440.000000 3.161147 200.568090 -0.400285 0.156619
19460.000000 3.153848 200.609776 -0.388615 0.148937
19480.000000 3.147043 200.649459 -0.377026 0.141349
19500.000000 3.140712 200.687150 -0.365549 0.133857
19520.000000 3.134838 200.722863 -0.354213 0.126464
19540.000000 3.129401 200.756613 -0.343047 0.119170
19560.000000 3.124383 200.788417 -0.332074 0.111977
19580.000000 3.119768 200.818291 -0.321316 0.104885
19600.000000 3.115536 200.846257 -0.310791 0.097895
19620.000000 3.111672 200.872332 -0.300517 0.091006
19640.000000 3.108159 200.896538 -0.290509 0.084218
19660.000000 3.104981 200.918896 -0.280779 0.077530
19680.000000 3.102122 200.939428 -0.271338 0.070941
19700.000000 3.099570 200.958156 -0.262197 0.064448
19720.000000 3.097308 200.975102 -0.253362 0.058052
19740.000000 3.095325 200.990288 -0.244841 0.051748
19760.000000 3.093608 201.003737 -0.236638 0.045535
19780.000000 3.092144 201.015471 -0.228758 0.039411
19800.000000 3.090923 201.025512 -0.221204 0.033373
19820.000000 3.089934 201.033881 -0.213977 0.027418
19840.000000 3.089166 201.040599 -0.207079 0.021542
19860.000000 3.088612 201.045687 -0.200511 0.015743
19880.000000 3.088262 201.049166 -0.194272 0.010018
19900.000000 3.088109 201.051055 -0.188360 0.004362
19920.000000 3.088146 201.051373 -0.182775 -0.001227
19940.000000 3.088365 201.050137 -0.177515 -0.006753
19960.000000 3.088761 201.047366 -0.172576 -0.012219
19980.000000 3.089329 201.043076 -0.167957 -0.017630
20000.000000 3.090064 201.037283 -0.163653 -0.022988
20020.000000 3.090962 201.030002 -0.159660 -0.028298
20040.000000 3.092019 201.021247 -0.155976 -0.033564
20060.000000 3.093232 201.011032 -0.152594 -0.038789
20080.000000 3.094599 200.999369 -0.149512 -0.043976
20100.000000 3.096119 200.986270 -0.146723 -0.049130
20120.000000 3.097788 200.971747 -0.144223 -0.054253
20140.000000 3.099608 200.955808 -0.142005 -0.059351
20160.000000 3.101577 200.938463 -0.140065 -0.064426
20180.000000 3.103695 200.919721 -0.138396 -0.069481
20200.000000 3.105963 200.899589 -0.136992 -0.074521
20220.000000 3.108382 200.878075 -0.135846 -0.079548
20240.000000 3.110953 200.855183 -0.134951 -0.084567
20260.000000 3.113678 200.830921 -0.134300 -0.089579
20280.000000 3.116559 200.805291 -0.133885 -0.094589
20300.000000 3.119600 200.778299 -0.133698 -0.099600
20320.000000 3.122802 200.749948 -0.133730 -0.104613
20340.000000 3.126169 200.720241 -0.133974 -0.109633
20360.000000 3.129706 200.689180 -0.134418 -0.114662
20380.000000 3.133416 200.656767 -0.135054 -0.119702
20400.000000 3.137303 200.623004 -0.135871 -0.124756
20420.000000 3.141372 200.587891 -0.136858 -0.129826
20440.000000 3.145629 200.551430 -0.138002 -0.134915
20460.000000 3.150077 200.513620 -0.139292 -0.140023
20480.000000 3.154723 200.474463 -0.140714 -0.145154
20500.000000 3.159573 200.433958 -0.142254 -0.150308
20520.000000 3.164631 200.392105 -0.143898 -0.155486
20540.000000 3.169904 200.348905 -0.145629 -0.160691
20560.000000 3.175398 200.304358 -0.147430 -0.165923
20580.000000 3.181118 200.258463 -0.149285 -0.171182
20600.000000 3.187071 200.211222 -0.151173 -0.176469
20620.000000 3.193263 200.162636 -0.153076 -0.181784
20640.000000 3.199700 200.112705 -0.154971 -0.187126
20660.000000 3.206386 200.061431 -0.156837 -0.192497
20680.000000 3.213328 200.008818 -0.158650 -0.197893
20700.000000 3.220530 199.954867 -0.160384 -0.203316
20720.000000 3.227998 199.899582 -0.162013 -0.208762
20740.000000 3.235735 199.842969 -0.163510 -0.214230
20760.000000 3.243744 199.785032 -0.164846 -0.219719
20780.000000 3.252029 199.725777 -0.165990 -0.225225
20800.000000 3.260592 199.665213 -0.166910 -0.230746
20820.000000 3.269434 199.603348 -0.167573 -0.236278
20840.000000 3.278554 199.540191 -0.167945 -0.241818
20860.000000 3.287951 199.475754 -0.167990 -0.247360
20880.000000 3.297623 199.410050 -0.167671 -0.252902
20900.000000 3.307565 199.343093 -0.166950 -0.258437
20920.000000 3.317772 199.274897 -0.165788 -0.263960
20940.000000 3.328235 199.205481 -0.164147 -0.269466
20960.000000 3.338946 199.134862 -0.161985 -0.274946
20980.000000 3.349891 199.063061 -0.159262 -0.280396
21000.000000 3.361057 198.990099 -0.155939 -0.285807
21020.000000 3.372426 198.916001 -0.151974 -0.291172
21040.000000 3.383978 198.840791 -0.147328 -0.296482
21060.000000 3.395691 198.764497 -0.141962 -0.301728
21080.000000 3.407539 198.687146 -0.135840 -0.306902
21100.000000 3.419493 198.608769 -0.128926 -0.311994
21120.000000 3.431521 198.529397 -0.121186 -0.316994
21140.000000 3.443586 198.449063 -0.112592 -0.321892
21160.000000 3.455650 198.367802 -0.103116 -0.326677
21180.000000 3.467670 198.285650 -0.092735 -0.331338
21200.000000 3.479600 198.202644 -0.081434 -0.335865
21220.000000 3.491391 198.118821 -0.069198 -0.340245
21240.000000 3.502991 198.034222 -0.056021 -0.344468
21260.000000 3.514344 197.948887 -0.041904 -0.348522
21280.000000 3.525395 197.862856 -0.026853 -0.352395
21300.000000 3.536083 197.776172 -0.010884 -0.356076
21320.000000 3.546348 197.688878 0.005983 -0.359554
21340.000000 3.556129 197.601016 0.023715 -0.362817
21360.000000 3.565365 197.512630 0.042274 -0.365854
21380.000000 3.573994 197.423764 0.061612 -0.368656
21400.000000 3.581958 197.334462 0.081673 -0.371212
21420.000000 3.589199 197.244769 0.102392 -0.373513
21440.000000 3.595665 197.154729 0.123697 -0.375549
21460.000000 3.601307 197.064388 0.145507 -0.377314
21480.000000 3.606079 196.973790 0.167738 -0.378800
21500.000000 3.609943 196.882980 0.190296 -0.380001
21520.000000 3.612867 196.792003 0.213085 -0.380911
21540.000000 3.614826 196.700905 0.236005 -0.381527
21560.000000 3.615804 196.609732 0.258953 -0.381844
21580.000000 3.615790 196.518529 0.281826 -0.381862
21600.000000 3.614783 196.427342 0.304520 -0.381579
21620.000000 3.612791 196.336216 0.326933 -0.380996
21640.000000 3.609829 196.245200 0.348968 -0.380114
21660.000000 3.605919 196.154338 0.370529 -0.378935
21680.000000 3.601092 196.063678 0.391528 -0.377465
21700.000000 3.595384 195.973267 0.411882 -0.375707
21720.000000 3.588839 195.883152 0.431516 -0.373668
21740.000000 3.581504 195.793381 0.450362 -0.371355
21760.000000 3.573433 195.704001 0.468360 -0.368775
21780.000000 3.564682 195.615059 0.485461 -0.365938
21800.000000 3.555309 195.526604 0.501623 -0.362852
21820.000000 3.545377 195.438681 0.516814 -0.359529
21840.000000 3.534947 195.351339 0.531009 -0.355978
21860.000000 3.524080 195.264624 0.544194 -0.352211
21880.000000 3.512840 195.178581 0.556362 -0.348239
21900.000000 3.501285 195.093256 0.567514 -0.344075
21920.000000 3.489476 195.008694 0.577659 -0.339730
21940.000000 3.477469 194.924937 0.586810 -0.335216
21960.000000 3.465317 194.842029 0.594988 -0.330546
21980.000000 3.453072 194.760011 0.602220 -0.325731
22000.000000 3.440782 194.678921 0.608535 -0.320784
22020.000000 3.428492 194.598800 0.613969 -0.315716
22040.000000 3.416242 194.519683 0.618559 -0.310539
22060.000000 3.404070 194.441605 0.622346 -0.305263
22080.000000 3.392011 194.364602 0.625373 -0.299901
22100.000000 3.380094 194.288703 0.627682 -0.294462
22120.000000 3.368348 194.213940 0.629321 -0.288956
22140.000000 3.356797 194.140340 0.630334 -0.283393
22160.000000 3.345460 194.067929 0.630767 -0.277783
22180.000000 3.334357 193.996732 0.630668 -0.272132
22200.000000 3.323503 193.926772 0.630080 -0.266451
22220.000000 3.312910 193.858068 0.629048 -0.260746
22240.000000 3.302589 193.790641 0.627617 -0.255025
22260.000000 3.292547 193.724506 0.625829 -0.249294
22280.000000 3.282791 193.659680 0.623725 -0.243559
22300.000000 3.273324 193.596176 0.621344 -0.237825
22320.000000 3.264150 193.534007 0.618724 -0.232098
22340.000000 3.255269 193.473182 0.615904 -0.226382
22360.000000 3.246681 193.413712 0.612916 -0.220681
22380.000000 3.238384 193.355604 0.609794 -0.214998
22400.000000 3.230376 193.298865 0.606570 -0.209337
22420.000000 3.222653 193.243501 0.603274 -0.203699
22440.000000 3.215212 193.189516 0.599934 -0.198088
22460.000000 3.208047 193.136914 0.596576 -0.192505
22480.000000 3.201154 193.085699 0.593226 -0.186950
22500.000000 3.194526 193.035871 0.589907 -0.181426
22520.000000 3.188158 192.987433 0.586641 -0.175932
22540.000000 3.182043 192.940386 0.583449 -0.170468
22560.000000 3.176175 192.894730 0.580350 -0.165035
22580.000000 3.170548 192.850466 0.577363 -0.159632
22600.000000 3.165155 192.807594 0.574505 -0.154258
22620.000000 3.159989 192.766114 0.571792 -0.148912
22640.000000 3.155044 192.726025 0.569238 -0.143593
22660.000000 3.150315 192.687328 0.566858 -0.138298
22680.000000 3.145795 192.650022 0.564665 -0.133027
22700.000000 3.141477 192.614109 0.562671 -0.127777
22720.000000 3.137358 192.579588 0.560888 -0.122546
22740.000000 3.133431 192.546460 0.559327 -0.117331
22760.000000 3.129691 192.514726 0.557999 -0.112130
22780.000000 3.126134 192.484389 0.556912 -0.106940
22800.000000 3.122756 192.455451 0.556077 -0.101758
22820.000000 3.119553 192.427913 0.555502 -0.096580
22840.000000 3.116521 192.401781 0.555196 -0.091403
22860.000000 3.113657 192.377058 0.555166 -0.086225
22880.000000 3.110960 192.353749 0.555421 -0.081041
22900.000000 3.108426 192.331859 0.555968 -0.075847
22920.000000 3.106054 192.311396 0.556814 -0.070641
22940.000000 3.103844 192.292367 0.557967 -0.065417
22960.000000 3.101793 192.274779 0.559432 -0.060172
22980.000000 3.099904 192.258642 0.561216 -0.054903
23000.000000 3.098175 192.243966 0.563326 -0.049604
23020.000000 3.096608 192.230762 0.565769 -0.044272
23040.000000 3.095205 192.219043 0.568549 -0.038902
23060.000000 3.093967 192.208821 0.571674 -0.033490
23080.000000 3.092899 192.200110 0.575148 -0.028032
23100.000000 3.092002 192.192925 0.578978 -0.022524
23120.000000 3.091283 192.187283 0.583169 -0.016960
23140.000000 3.090744 192.183200 0.587726 -0.011337
23160.000000 3.090393 192.180694 0.592654 -0.005650
23180.000000 3.090236 192.179784 0.597957 0.000106
23200.000000 3.090278 192.180491 0.603642 0.005934
23220.000000 3.090530 192.182834 0.609710 0.011839
23240.000000 3.090999 192.186837 0.616167 0.017825
23260.000000 3.091694 192.192520 0.623015 0.023897
23280.000000 3.092626 192.199908 0.630258 0.030058
23300.000000 3.093807 192.209024 0.637897 0.036313
23320.000000 3.095249 192.219893 0.645933 0.042665
23340.000000 3.096964 192.232540 0.654368 0.049119
23360.000000 3.098966 192.246992 0.663201 0.055677
23380.000000 3.101271 192.263273 0.672431 0.062343
23400.000000 3.103895 192.281410 0.682056 0.069119
23420.000000 3.106853 192.301429 0.692071 0.076010
23440.000000 3.110164 192.323357 0.702472 0.083017
23460.000000 3.113846 192.347220 0.713252 0.090142
23480.000000 3.117918 192.373044 0.724403 0.097388
23500.000000 3.122402 192.400853 0.735913 0.104755
23520.000000 3.127317 192.430672 0.747771 0.112245
23540.000000 3.132686 192.462526 0.759960 0.119857
23560.000000 3.138531 192.496435 0.772464 0.127592
23580.000000 3.144876 192.532422 0.785262 0.135449
23600.000000 3.151743 192.570506 0.798330 0.143428
23620.000000 3.159156 192.610704 0.811642 0.151524
23640.000000 3.167140 192.653032 0.825167 0.159738
23660.000000 3.175719 192.697503 0.838870 0.168064
23680.000000 3.184916 192.744127 0.852715 0.176499
23700.000000 3.194757 192.792912 0.866657 0.185038
23720.000000 3.205262 192.843863 0.880652 0.193675
23740.000000 3.216456 192.896980 0.894645 0.202405
23760.000000 3.228360 192.952262 0.908583 0.211219
23780.000000 3.240993 193.009702 0.922402 0.220110
23800.000000 3.254375 193.069289 0.936036 0.229069
23820.000000 3.268522 193.131010 0.949413 0.238086
23840.000000 3.283448 193.194846 0.962457 0.247151
23860.000000 3.299166 193.260774 0.975083 0.256252
23880.000000 3.315684 193.328765 0.987205 0.265378
23900.000000 3.333009 193.398789 0.998728 0.274516
23920.000000 3.351142 193.470809 1.009554 0.283653
23940.000000 3.370081 193.544783 1.019579 0.292776
23960.000000 3.389821 193.620667 1.028695 0.301869
23980.000000 3.410349 193.698410 1.036788 0.310918
24000.000000 3.431651 193.777959 1.043743 0.319908
24020.000000 3.453702 193.859257 1.049437 0.328823
24040.000000 3.476476 193.942242 1.053747 0.337648
24060.000000 3.499937 194.026851 1.056547 0.346365
24080.000000 3.524044 194.113014 1.057708 0.354960
24100.000000 3.548745 194.200664 1.057103 0.363416
24120.000000 3.573984 194.289726 1.054602 0.371715
24140.000000 3.599694 194.380127 1.050079 0.379841
24160.000000 3.625797 194.471792 1.043409 0.387776
24180.000000 3.652208 194.564642 1.034472 0.395504
24200.000000 3.678828 194.658602 1.023155 0.403007
24220.000000 3.705550 194.753593 1.009350 0.410267
24240.000000 3.732251 194.849538 0.992962 0.417267
24260.000000 3.758798 194.946360 0.973905 0.423987
24280.000000 3.785045 195.043984 0.952110 0.430410
24300.000000 3.810834 195.142336 0.927524 0.436517
24320.000000 3.835993 195.241343 0.900111 0.442289
24340.000000 3.860342 195.340935 0.869860 0.447705
24360.000000 3.883690 195.441045 0.836783 0.452748
24380.000000 3.905840 195.541608 0.800917 0.457398
24400.000000 3.926589 195.642562 0.762330 0.461637
24420.000000 3.945738 195.743847 0.721120 0.465446
24440.000000 3.963089 195.845409 0.677415 0.468810
24460.000000 3.978455 195.947196 0.631377 0.471714
24480.000000 3.991662 196.049157 0.583203 0.474144
24500.000000 4.002554 196.151248 0.533118 0.476092
24520.000000 4.011001 196.253426 0.481382 0.477550
24540.000000 4.016898 196.355653 0.428280 0.478512
24560.000000 4.020172 196.457890 0.374121 0.478977
24580.000000 4.020782 196.560104 0.319237 0.478946
24600.000000 4.018721 196.662263 0.263970 0.478422
24620.000000 4.014018 196.764334 0.208670 0.477411
24640.000000 4.006733 196.866286 0.153687 0.475920
24660.000000 3.996960 196.968088 0.099363 0.473959
24680.000000 3.984819 197.069707 0.046027 0.471539
24700.000000 3.970459 197.171108 -0.006014 0.468672
24720.000000 3.954047 197.272255 -0.056475 0.465373
24740.000000 3.935769 197.373108 -0.105105 0.461657
24760.000000 3.915824 197.473623 -0.151683 0.457542
24780.000000 3.894416 197.573756 -0.196021 0.453045
24800.000000 3.871755 197.673456 -0.237967 0.448185
24820.000000 3.848047 197.772671 -0.277402 0.442983
24840.000000 3.823494 197.871345 -0.314240 0.437458
24860.000000 3.798288 197.969420 -0.348425 0.431630
24880.000000 3.772610 198.066835 -0.379929 0.425520
24900.000000 3.746630 198.163528 -0.408749 0.419147
24920.000000 3.720499 198.259433 -0.434906 0.412531
24940.000000 3.694358 198.354484 -0.458440 0.405690
24960.000000 3.668329 198.448616 -0.479406 0.398643
24980.000000 3.642521 198.541760 -0.497876 0.391406
25000.000000 3.617028 198.633849 -0.513932 0.383996
25020.000000 3.591933 198.724817 -0.527665 0.376428
25040.000000 3.567304 198.814597 -0.539176 0.368718
25060.000000 3.543200 198.903124 -0.548568 0.360878
25080.000000 3.519671 198.990334 -0.555951 0.352924
25100.000000 3.496754 199.076165 -0.561434 0.344866
25120.000000 3.474485 199.160556 -0.565132 0.336719
25140.000000 3.452887 199.243450 -0.567156 0.328493
25160.000000 3.431981 199.324790 -0.567619 0.320201
25180.000000 3.411781 199.404524 -0.566631 0.311852
25200.000000 3.392298 199.482600 -0.564302 0.303458
25220.000000 3.373538 199.558972 -0.560739 0.295029
25240.000000 3.355504 199.633594 -0.556044 0.286576
25260.000000 3.338196 199.706425 -0.550320 0.278107
25280.000000 3.321611 199.777428 -0.543663 0.269633
25300.000000 3.305744 199.846566 -0.536167 0.261162
25320.000000 3.290587 199.913809 -0.527921 0.252704
25340.000000 3.276132 199.979129 -0.519012 0.244267
25360.000000 3.262367 200.042501 -0.509522 0.235859
25380.000000 3.249280 200.103903 -0.499528 0.227488
25400.000000 3.236859 200.163318 -0.489103 0.219162
25420.000000 3.225088 200.220731 -0.478318 0.210887
25440.000000 3.213951 200.276132 -0.467237 0.202671
25460.000000 3.203432 200.329511 -0.455922 0.194519
25480.000000 3.193514 200.380863 -0.444430 0.186437
25500.000000 3.184179 200.430187 -0.432813 0.178431
25520.000000 3.175409 200.477484 -0.421123 0.170505
25540.000000 3.167185 200.522755 -0.409403 0.162664
25560.000000 3.159488 200.566008 -0.397697 0.154911
25580.000000 3.152300 200.607250 -0.386042 0.147249
25600.000000 3.145601 200.646491 -0.374475 0.139682
25620.000000 3.139373 200.683743 -0.363026 0.132212
25640.000000 3.133597 200.719020 -0.351726 0.124841
25660.000000 3.128255 200.752338 -0.340601 0.117569
25680.000000 3.123328 200.783713 -0.329674 0.110398
25700.000000 3.118799 200.813164 -0.318965 0.103329
25720.000000 3.114650 200.840709 -0.308495 0.096361
25740.000000 3.110865 200.866369 -0.298278 0.089495
25760.000000 3.107427 200.890164 -0.288331 0.082729
25780.000000 3.104321 200.912116 -0.278664 0.076063
25800.000000 3.101532 200.932247 -0.269289 0.069495
25820.000000 3.099045 200.950578 -0.260215 0.063024
25840.000000 3.096846 200.967133 -0.251449 0.056648
25860.000000 3.094923 200.981933 -0.242998 0.050365
25880.000000 3.093262 200.995000 -0.234866 0.044172
25900.000000 3.091853 201.006357 -0.227058 0.038068
25920.000000 3.090684 201.016026 -0.219576 0.032048
25940.000000 3.089745 201.024028 -0.212422 0.026110
25960.000000 3.089026 201.030383 -0.205597 0.020252
25980.000000 3.088517 201.035114 -0.199102 0.014470
26000.000000 3.088212 201.038239 -0.192935 0.008760
26020.000000 3.088101 201.039779 -0.187096 0.003120
26040.000000 3.088179 201.039751 -0.181583 -0.002455
26060.000000 3.088437 201.038174 -0.176394 -0.007967
26080.000000 3.088872 201.035065 -0.171526 -0.013421
26100.000000 3.089477 201.030441 -0.166977 -0.018820
26120.000000 3.090249 201.024317 -0.162742 -0.024168
26140.000000 3.091182 201.016709 -0.158818 -0.029468
26160.000000 3.092274 201.007630 -0.155201 -0.034724
26180.000000 3.093521 200.997093 -0.151886 -0.039940
26200.000000 3.094923 200.985112 -0.148869 -0.045119
26220.000000 3.096475 200.971697 -0.146145 -0.050266
26240.000000 3.098178 200.956859 -0.143708 -0.055384
26260.000000 3.100031 200.940608 -0.141552 -0.060476
26280.000000 3.102033 200.922953 -0.139673 -0.065546
26300.000000 3.104184 200.903903 -0.138063 -0.070598
26320.000000 3.106485 200.883465 -0.136716 -0.075635
26340.000000 3.108938 200.861645 -0.135626 -0.080660
26360.000000 3.111543 200.838450 -0.134786 -0.085676
26380.000000 3.114302 200.813884 -0.134188 -0.090688
26400.000000 3.117218 200.787953 -0.133824 -0.095698
26420.000000 3.120294 200.760660 -0.133686 -0.100709
26440.000000 3.123533 200.732008 -0.133766 -0.105724
26460.000000 3.126938 200.702001 -0.134055 -0.110745
26480.000000 3.130512 200.670641 -0.134543 -0.115776
26500.000000 3.134261 200.637929 -0.135220 -0.120819
26520.000000 3.138188 200.603867 -0.136075 -0.125877
26540.000000 3.142298 200.568456 -0.137098 -0.130951
26560.000000 3.146597 200.531696 -0.138275 -0.136044
26580.000000 3.151088 200.493588 -0.139596 -0.141157
26600.000000 3.155779 200.454132 -0.141045 -0.146292
26620.000000 3.160674 200.413329 -0.142609 -0.151452
26640.000000 3.165779 200.371178 -0.144274 -0.156636
26660.000000 3.171101 200.327680 -0.146022 -0.161847
26680.000000 3.176644 200.282834 -0.147837 -0.167084
26700.000000 3.182416 200.236641 -0.149701 -0.172350
26720.000000 3.188421 200.189103 -0.151594 -0.177643
26740.000000 3.194667 200.140218 -0.153497 -0.182964
26760.000000 3.201158 200.089990 -0.155388 -0.188313
26780.000000 3.207900 200.038420 -0.157244 -0.193689
26800.000000 3.214899 199.985510 -0.159041 -0.199091
26820.000000 3.222160 199.931264 -0.160754 -0.204519
26840.000000 3.229687 199.875685 -0.162357 -0.209970
26860.000000 3.237484 199.818778 -0.163821 -0.215444
26880.000000 3.245554 199.760548 -0.165117 -0.220936
26900.000000 3.253901 199.701003 -0.166214 -0.226446
26920.000000 3.262525 199.640150 -0.167080 -0.231970
26940.000000 3.271428 199.577998 -0.167682 -0.237504
26960.000000 3.280610 199.514557 -0.167984 -0.243044
26980.000000 3.290068 199.449839 -0.167952 -0.248587
27000.000000 3.299800 199.383856 -0.167547 -0.254128
27020.000000 3.309801 199.316623 -0.166732 -0.259661
27040.000000 3.320066 199.248156 -0.165468 -0.265181
27060.000000 3.330585 199.178472 -0.163715 -0.270681
27080.000000 3.341348 199.107589 -0.161432 -0.276156
27100.000000 3.352344 199.035529 -0.158580 -0.281597
27120.000000 3.363556 198.962314 -0.155118 -0.286999
27140.000000 3.374967 198.887968 -0.151006 -0.292352
27160.000000 3.386558 198.812516 -0.146204 -0.297649
27180.000000 3.398303 198.735985 -0.140674 -0.302880
27200.000000 3.410177 198.658404 -0.134379 -0.308037
27220.000000 3.422150 198.579804 -0.127285 -0.313109
27240.000000 3.434189 198.500216 -0.119359 -0.318088
27260.000000 3.446258 198.419674 -0.110571 -0.322961
27280.000000 3.458316 198.338213 -0.100897 -0.327720
27300.000000 3.470320 198.255869 -0.090314 -0.332352
27320.000000 3.482223 198.172678 -0.078806 -0.336847
27340.000000 3.493977 198.088681 -0.066363 -0.341194
27360.000000 3.505527 198.003915 -0.052978 -0.345380
27380.000000 3.516818 197.918422 -0.038653 -0.349395
27400.000000 3.527794 197.832243 -0.023397 -0.353227
27420.000000 3.538394 197.745421 -0.007227 -0.356864
27440.000000 3.548557 197.657997 0.009834 -0.360295
27460.000000 3.558222 197.570015 0.027753 -0.363509
27480.000000 3.567329 197.481519 0.046489 -0.366495
27500.000000 3.575816 197.392553 0.065992 -0.369243
27520.000000 3.583625 197.303160 0.086205 -0.371743
27540.000000 3.590699 197.213387 0.107060 -0.373986
27560.000000 3.596987 197.123276 0.128483 -0.375964
27580.000000 3.602439 197.032874 0.150395 -0.377668
27600.000000 3.607013 196.942225 0.172706 -0.379091
27620.000000 3.610672 196.851375 0.195324 -0.380228
27640.000000 3.613384 196.760367 0.218151 -0.381073
27660.000000 3.615128 196.669249 0.241086 -0.381623
27680.000000 3.615886 196.578065 0.264026 -0.381874
27700.000000 3.615652 196.486862 0.286868 -0.381825
27720.000000 3.614427 196.395684 0.309508 -0.381476
27740.000000 3.612219 196.304579 0.331846 -0.380826
27760.000000 3.609044 196.213592 0.353784 -0.379878
27780.000000 3.604929 196.122771 0.375228 -0.378635
27800.000000 3.599903 196.032162 0.396092 -0.377101
27820.000000 3.594006 195.941813 0.416293 -0.375280
27840.000000 3.587281 195.851770 0.435757 -0.373180
27860.000000 3.579779 195.762081 0.454420 -0.370807
27880.000000 3.571552 195.672794 0.472224 -0.368169
27900.000000 3.562659 195.583956 0.489121 -0.365276
27920.000000 3.553157 195.495614 0.505070 -0.362137
27940.000000 3.543109 195.407816 0.520042 -0.358762
27960.000000 3.532577 195.320609 0.534015 -0.355162
27980.000000 3.521622 195.234039 0.546975 -0.351349
28000.000000 3.510307 195.148151 0.558918 -0.347334
28020.000000 3.498691 195.062991 0.569846 -0.343128
28040.000000 3.486833 194.978603 0.579769 -0.338745
28060.000000 3.474790 194.895031 0.588703 -0.334195
28080.000000 3.462613 194.812316 0.596669 -0.329492
28100.000000 3.450354 194.730500 0.603695 -0.324647
28120.000000 3.438061 194.649621 0.609813 -0.319672
28140.000000 3.425776 194.569719 0.615056 -0.314579
28160.000000 3.413540 194.490829 0.619465 -0.309379
28180.000000 3.401390 194.412987 0.623080 -0.304084
28200.000000 3.389360 194.336225 0.625944 -0.298703
28220.000000 3.377479 194.260575 0.628101 -0.293249
28240.000000 3.365774 194.186067 0.629597 -0.287729
28260.000000 3.354268 194.112728 0.630478 -0.282155
28280.000000 3.342982 194.040584 0.630790 -0.276535
28300.000000 3.331933 193.969659 0.630578 -0.270877
28320.000000 3.321136 193.899975 0.629888 -0.265190
28340.000000 3.310602 193.831552 0.628765 -0.259481
28360.000000 3.300342 193.764410 0.627251 -0.253757
28380.000000 3.290363 193.698563 0.625389 -0.248025
28400.000000 3.280670 193.634029 0.623220 -0.242289
28420.000000 3.271268 193.570819 0.620783 -0.236557
28440.000000 3.262159 193.508946 0.618116 -0.230832
28460.000000 3.253343 193.448421 0.615255 -0.225119
28480.000000 3.244819 193.389251 0.612235 -0.219421
28500.000000 3.236586 193.331446 0.609088 -0.213743
28520.000000 3.228642 193.275011 0.605846 -0.208087
28540.000000 3.220982 193.219951 0.602538 -0.202455
28560.000000 3.213602 193.166273 0.599191 -0.196850
28580.000000 3.206498 193.113977 0.595833 -0.191273
28600.000000 3.199664 193.063069 0.592488 -0.185725
28620.000000 3.193094 193.013549 0.589179 -0.180207
28640.000000 3.186783 192.965419 0.585927 -0.174720
28660.000000 3.180723 192.918679 0.582754 -0.169263
28680.000000 3.174909 192.873332 0.579679 -0.163837
28700.000000 3.169334 192.829376 0.576719 -0.158440
28720.000000 3.163992 192.786812 0.573892 -0.153072
28740.000000 3.158876 192.745639 0.571212 -0.147732
28760.000000 3.153979 192.705859 0.568696 -0.142419
28780.000000 3.149297 192.667469 0.566356 -0.137130
28800.000000 3.144822 192.630472 0.564206 -0.131863
28820.000000 3.140549 192.594866 0.562258 -0.126618
28840.000000 3.136472 192.560654 0.560523 -0.121391
28860.000000 3.132587 192.527834 0.559013 -0.116179
28880.000000 3.128888 192.496410 0.557737 -0.110981
28900.000000 3.125371 192.466382 0.556705 -0.105792
28920.000000 3.122032 192.437753 0.555927 -0.100611
28940.000000 3.118867 192.410527 0.555411 -0.095434
28960.000000 3.115873 192.384706 0.555165 -0.090258
28980.000000 3.113046 192.360295 0.555198 -0.085078
29000.000000 3.110385 192.337300 0.555517 -0.079892
29020.000000 3.107887 192.315725 0.556130 -0.074696
29040.000000 3.105551 192.295579 0.557043 -0.069486
29060.000000 3.103376 192.276868 0.558264 -0.064258
29080.000000 3.101361 192.259600 0.559799 -0.059008
29100.000000 3.099507 192.243786 0.561655 -0.053733
29120.000000 3.097814 192.229435 0.563838 -0.048427
29140.000000 3.096283 192.216559 0.566355 -0.043087
29160.000000 3.094916 192.205169 0.569211 -0.037708
29180.000000 3.093716 192.195280 0.572412 -0.032286
29200.000000 3.092685 192.186906 0.575965 -0.026817
29220.000000 3.091828 192.180061 0.579874 -0.021297
29240.000000 3.091148 192.174762 0.584146 -0.015720
29260.000000 3.090650 192.171027 0.588784 -0.010084
29280.000000 3.090341 192.168873 0.593795 -0.004382
29300.000000 3.090228 192.168319 0.599183 0.001389
29320.000000 3.090316 192.169386 0.604951 0.007234
29340.000000 3.090615 192.172095 0.611106 0.013157
29360.000000 3.091133 192.176467 0.617649 0.019162
29380.000000 3.091879 192.182526 0.624584 0.025253
29400.000000 3.092866 192.190294 0.631914 0.031434
29420.000000 3.094103 192.199796 0.639641 0.037710
29440.000000 3.095604 192.211056 0.647766 0.044085
29460.000000 3.097382 192.224101 0.656289 0.050561
29480.000000 3.099450 192.238955 0.665210 0.057143
29500.000000 3.101824 192.255644 0.674528 0.063833
29520.000000 3.104520 192.274196 0.684239 0.070635
29540.000000 3.107555 192.294635 0.694340 0.077551
29560.000000 3.110946 192.316989 0.704826 0.084584
29580.000000 3.114713 192.341284 0.715689 0.091736
29600.000000 3.118875 192.367545 0.726920 0.099008
29620.000000 3.123452 192.395797 0.738508 0.106402
29640.000000 3.128466 192.426065 0.750440 0.113919
29660.000000 3.133938 192.458371 0.762701 0.121558
29680.000000 3.139892 192.492739 0.775272 0.129321
29700.000000 3.146350 192.529188 0.788132 0.137205
29720.000000 3.153336 192.567739 0.801256 0.145209
29740.000000 3.160873 192.608407 0.814618 0.153332
29760.000000 3.168987 192.651208 0.828186 0.161571
29780.000000 3.177700 192.696155 0.841924 0.169921
29800.000000 3.187038 192.743256 0.855794 0.178380
29820.000000 3.197024 192.792521 0.869752 0.186941
29840.000000 3.207680 192.843951 0.883751 0.195600
29860.000000 3.219029 192.897548 0.897737 0.204349
29880.000000 3.231092 192.953308 0.911654 0.213181
29900.000000 3.243890 193.011224 0.925438 0.222087
29920.000000 3.257439 193.071285 0.939022 0.231060
29940.000000 3.271758 193.133476 0.952332 0.240088
29960.000000 3.286858 193.197777 0.965290 0.249162
29980.000000 3.302752 193.264164 0.977813 0.258270
30000.000000 3.319449 193.332608 0.989810 0.267400
30020.000000 3.336952 193.403077 1.001187 0.276539
30040.000000 3.355264 193.475533 1.011845 0.285674
30060.000000 3.374381 193.549934 1.021679 0.294791
30080.000000 3.394297 193.626234 1.030578 0.303876
30100.000000 3.414998 193.704381 1.038430 0.312913
30120.000000 3.436468 193.784323 1.045116 0.321888
30140.000000 3.458682 193.865999 1.050514 0.330784
30160.000000 3.481611 193.949350 1.054501 0.339587
30180.000000 3.505219 194.034308 1.056949 0.348279
30200.000000 3.529461 194.120807 1.057731 0.356844
30220.000000 3.554287 194.208775 1.056717 0.365267
30240.000000 3.579636 194.298140 1.053780 0.373529
30260.000000 3.605440 194.388828 1.048792 0.381614
30280.000000 3.631619 194.480761 1.041630 0.389505
30300.000000 3.658085 194.573864 1.032176 0.397185
30320.000000 3.684738 194.668059 1.020317 0.404635
30340.000000 3.711466 194.763267 1.005948 0.411839
30360.000000 3.738144 194.859413 0.988976 0.418779
30380.000000 3.764638 194.956419 0.969319 0.425435
30400.000000 3.790798 195.054211 0.946910 0.431790
30420.000000 3.816463 195.152714 0.921701 0.437824
30440.000000 3.841459 195.251856 0.893660 0.443519
30460.000000 3.865603 195.351569 0.862782 0.448854
30480.000000 3.888703 195.451785 0.829083 0.453812
30500.000000 3.910560 195.552439 0.792608 0.458372
30520.000000 3.930972 195.653471 0.753431 0.462517
30540.000000 3.949740 195.754823 0.711656 0.466229
30560.000000 3.966668 195.856439 0.667420 0.469493
30580.000000 3.981570 195.958268 0.620892 0.472293
30600.000000 3.994277 196.060261 0.572274 0.474618
30620.000000 4.004638 196.162375 0.521800 0.476457
30640.000000 4.012529 196.264568 0.469736 0.477806
30660.000000 4.017850 196.366799 0.416372 0.478658
30680.000000 4.020537 196.469035 0.362025 0.479013
30700.000000 4.020555 196.571239 0.307026 0.478873
30720.000000 4.017906 196.673381 0.251721 0.478240
30740.000000 4.012625 196.775429 0.196461 0.477122
30760.000000 4.004781 196.877350 0.141595 0.475526
30780.000000 3.994472 196.979115 0.087462 0.473463
30800.000000 3.981827 197.080689 0.034387 0.470942
30820.000000 3.966997 197.182037 -0.017328 0.467979
30840.000000 3.950155 197.283122 -0.067405 0.464586
30860.000000 3.931491 197.383904 -0.115598 0.460780
30880.000000 3.911204 197.484339 -0.161695 0.456579
30900.000000 3.889501 197.584380 -0.205516 0.452000
30920.000000 3.866591 197.683977 -0.246915 0.447063
30940.000000 3.842679 197.783077 -0.285782 0.441787
30960.000000 3.817965 197.881624 -0.322036 0.436193
30980.000000 3.792639 197.979558 -0.355629 0.430301
31000.000000 3.766881 198.076819 -0.386538 0.424131
31020.000000 3.740854 198.173343 -0.414767 0.417703
31040.000000 3.714710 198.269065 -0.440339 0.411035
31060.000000 3.688583 198.363918 -0.463299 0.404147
31080.000000 3.662594 198.457837 -0.483706 0.397057
31100.000000 3.636848 198.550753 -0.501635 0.389780
31120.000000 3.611437 198.642600 -0.517168 0.382334
31140.000000 3.586439 198.733311 -0.530401 0.374733
31160.000000 3.561922 198.822819 -0.541434 0.366993
31180.000000 3.537942 198.911060 -0.550372 0.359127
31200.000000 3.514544 198.997970 -0.557324 0.351149
31220.000000 3.491769 199.083487 -0.562403 0.343071
31240.000000 3.469646 199.167552 -0.565720 0.334905
31260.000000 3.448199 199.250107 -0.567389 0.326663
31280.000000 3.427449 199.331096 -0.567521 0.318357
31300.000000 3.407407 199.410467 -0.566227 0.309998
31320.000000 3.388084 199.488170 -0.563616 0.301595
31340.000000 3.369484 199.564159 -0.559793 0.293160
31360.000000 3.351611 199.638388 -0.554863 0.284702
31380.000000 3.334463 199.710818 -0.548924 0.276232
31400.000000 3.318038 199.781410 -0.542073 0.267757
31420.000000 3.302328 199.850132 -0.534403 0.259289
31440.000000 3.287327 199.916952 -0.526004 0.250834
31460.000000 3.273026 199.981842 -0.516959 0.242403
31480.000000 3.259412 200.044780 -0.507351 0.234002
31500.000000 3.246474 200.105743 -0.497255 0.225641
31520.000000 3.234198 200.164717 -0.486745 0.217325
31540.000000 3.222569 200.221685 -0.475889 0.209063
31560.000000 3.211570 200.276639 -0.464751 0.200861
31580.000000 3.201186 200.329570 -0.453392 0.192724
31600.000000 3.191398 200.380473 -0.441867 0.184658
31620.000000 3.182190 200.429349 -0.430231 0.176670
31640.000000 3.173542 200.476196 -0.418530 0.168762
31660.000000 3.165437 200.521021 -0.406809 0.160940
31680.000000 3.157854 200.563828 -0.395111 0.153207
31700.000000 3.150776 200.604625 -0.383473 0.145566
31720.000000 3.144183 200.643425 -0.371929 0.138021
31740.000000 3.138057 200.680239 -0.360512 0.130572
31760.000000 3.132378 200.715081 -0.349248 0.123222
31780.000000 3.127129 200.747967 -0.338165 0.115973
31800.000000 3.122292 200.778915 -0.327284 0.108825
31820.000000 3.117848 200.807942 -0.316627 0.101778
31840.000000 3.113781 200.835068 -0.306211 0.094833
31860.000000 3.110074 200.860313 -0.296053 0.087989
31880.000000 3.106711 200.883699 -0.286166 0.081245
31900.000000 3.103677 200.905246 -0.276563 0.074601
31920.000000 3.100956 200.924977 -0.267254 0.068055
31940.000000 3.098534 200.942913 -0.258248 0.061605
31960.000000 3.096397 200.959077 -0.249551 0.055250
31980.000000 3.094533 200.973492 -0.241170 0.048987
