0.000000 4.008753 196.004134 0.627999 -0.683781
20.000000 3.985522 195.858008 0.714812 -0.681767
40.000000 3.956930 195.711305 0.796487 -0.679197
60.000000 3.923662 195.563945 0.872455 -0.676102
80.000000 3.886449 195.415865 0.942308 -0.672519
100.000000 3.846029 195.267022 1.005792 -0.668490
120.000000 3.803108 195.117390 1.062790 -0.664053
140.000000 3.758342 194.966964 1.113300 -0.659250
160.000000 3.712310 194.815751 1.157424 -0.654118
180.000000 3.665518 194.663775 1.195341 -0.648691
200.000000 3.618393 194.511072 1.227290 -0.643002
220.000000 3.571287 194.357688 1.253556 -0.637081
240.000000 3.524492 194.203678 1.274450 -0.630954
260.000000 3.478240 194.049102 1.290299 -0.624647
280.000000 3.432718 193.894028 1.301437 -0.618182
300.000000 3.388077 193.738524 1.308196 -0.611580
320.000000 3.344432 193.582664 1.310897 -0.604862
340.000000 3.301876 193.426522 1.309853 -0.598045
360.000000 3.260480 193.270175 1.305360 -0.591148
380.000000 3.220297 193.113698 1.297701 -0.584188
400.000000 3.181369 192.957167 1.287139 -0.577182
420.000000 3.143723 192.800659 1.273926 -0.570144
440.000000 3.107379 192.644247 1.258292 -0.563092
460.000000 3.072349 192.488003 1.240458 -0.556040
480.000000 3.038637 192.332000 1.220626 -0.549004
500.000000 3.006242 192.176304 1.198986 -0.541998
520.000000 2.975158 192.020980 1.175716 -0.535038
540.000000 2.945377 191.866090 1.150979 -0.528138
560.000000 2.916886 191.711691 1.124930 -0.521313
580.000000 2.889669 191.557836 1.097710 -0.514577
600.000000 2.863709 191.404575 1.069452 -0.507945
620.000000 2.838985 191.251951 1.040277 -0.501430
640.000000 2.815476 191.100003 1.010297 -0.495046
660.000000 2.793159 190.948765 0.979616 -0.488806
680.000000 2.772010 190.798265 0.948329 -0.482723
700.000000 2.752005 190.648525 0.916521 -0.476810
720.000000 2.733116 190.499561 0.884272 -0.471078
740.000000 2.715319 190.351386 0.851650 -0.465538
760.000000 2.698586 190.204005 0.818721 -0.460202
780.000000 2.682889 190.057417 0.785540 -0.455078
800.000000 2.668203 189.911618 0.752158 -0.450177
820.000000 2.654500 189.766596 0.718619 -0.445506
840.000000 2.641754 189.622336 0.684963 -0.441074
860.000000 2.629937 189.478816 0.651224 -0.436888
880.000000 2.619025 189.336012 0.617430 -0.432953
900.000000 2.608993 189.193893 0.583608 -0.429275
920.000000 2.599816 189.052426 0.549777 -0.425860
940.000000 2.591472 188.911573 0.515957 -0.422711
960.000000 2.583937 188.771293 0.482163 -0.419832
980.000000 2.577192 188.631542 0.448406 -0.417225
1000.000000 2.571217 188.492272 0.414697 -0.414894
1020.000000 2.565993 188.353434 0.381045 -0.412839
1040.000000 2.561504 188.214977 0.347455 -0.411062
1060.000000 2.557735 188.076847 0.313933 -0.409563
1080.000000 2.554670 187.938990 0.280484 -0.408342
1100.000000 2.552299 187.801349 0.247110 -0.407399
1120.000000 2.550609 187.663868 0.213815 -0.406734
1140.000000 2.549592 187.526491 0.180601 -0.406343
1160.000000 2.549239 187.389159 0.147470 -0.406227
1180.000000 2.549544 187.251816 0.114424 -0.406382
1200.000000 2.550501 187.114406 0.081468 -0.406805
1220.000000 2.552108 186.976872 0.048603 -0.407495
1240.000000 2.554360 186.839161 0.015835 -0.408448
1260.000000 2.557258 186.701218 -0.016833 -0.409659
1280.000000 2.560801 186.562993 -0.049394 -0.411124
1300.000000 2.564990 186.424436 -0.081842 -0.412840
1320.000000 2.569826 186.285498 -0.114168 -0.414801
1340.000000 2.575314 186.146135 -0.146362 -0.417001
1360.000000 2.581456 186.006305 -0.178412 -0.419436
1380.000000 2.588257 185.865966 -0.210306 -0.422099
1400.000000 2.595723 185.725083 -0.242028 -0.424984
1420.000000 2.603858 185.583621 -0.273559 -0.428084
1440.000000 2.612669 185.441551 -0.304881 -0.431392
1460.000000 2.622161 185.298845 -0.335970 -0.434900
1480.000000 2.632342 185.155480 -0.366802 -0.438601
1500.000000 2.643218 185.011437 -0.397348 -0.442486
1520.000000 2.654795 184.866699 -0.427579 -0.446548
1540.000000 2.667080 184.721254 -0.457459 -0.450777
1560.000000 2.680079 184.575096 -0.486951 -0.455165
1580.000000 2.693799 184.428219 -0.516016 -0.459702
1600.000000 2.708245 184.280622 -0.544608 -0.464381
1620.000000 2.723425 184.132311 -0.572681 -0.469190
1640.000000 2.739343 183.983291 -0.600183 -0.474122
1660.000000 2.756007 183.833574 -0.627057 -0.479167
1680.000000 2.773422 183.683175 -0.653247 -0.484316
1700.000000 2.791596 183.532112 -0.678687 -0.489560
1720.000000 2.810536 183.380406 -0.703311 -0.494891
1740.000000 2.830250 183.228081 -0.727047 -0.500300
1760.000000 2.850747 183.075166 -0.749820 -0.505779
1780.000000 2.872039 182.921691 -0.771548 -0.511321
1800.000000 2.894137 182.767690 -0.792146 -0.516920
1820.000000 2.917056 182.613198 -0.811523 -0.522568
1840.000000 2.940812 182.458254 -0.829585 -0.528260
1860.000000 2.965424 182.302898 -0.846227 -0.533990
1880.000000 2.990915 182.147174 -0.861343 -0.539753
1900.000000 3.017309 181.991126 -0.874817 -0.545546
1920.000000 3.044634 181.834802 -0.886524 -0.551364
1940.000000 3.072922 181.678250 -0.896334 -0.557204
1960.000000 3.102206 181.521522 -0.904105 -0.563063
1980.000000 3.132525 181.364671 -0.909683 -0.568937
2000.000000 3.163918 181.207752 -0.912905 -0.574824
2020.000000 3.196426 181.050822 -0.913594 -0.580720
2040.000000 3.230089 180.893940 -0.911557 -0.586623
2060.000000 3.264948 180.737167 -0.906588 -0.592526
2080.000000 3.301038 180.580566 -0.898465 -0.598426
2100.000000 3.338386 180.424203 -0.886947 -0.604316
2120.000000 3.377010 180.268144 -0.871780 -0.610187
2140.000000 3.416907 180.112456 -0.852692 -0.616029
2160.000000 3.458051 179.957209 -0.829400 -0.621830
2180.000000 3.500383 179.802470 -0.801611 -0.627574
2200.000000 3.543798 179.648307 -0.769028 -0.633241
2220.000000 3.588140 179.494783 -0.731359 -0.638808
2240.000000 3.633183 179.341958 -0.688329 -0.644250
2260.000000 3.678621 179.189881 -0.639692 -0.649535
2280.000000 3.724062 179.038595 -0.585248 -0.654629
2300.000000 3.769017 178.888126 -0.524864 -0.659492
2320.000000 3.812903 178.738487 -0.458497 -0.664082
2340.000000 3.855049 178.589672 -0.386218 -0.668357
2360.000000 3.894713 178.441652 -0.308231 -0.672270
2380.000000 3.931113 178.294378 -0.224902 -0.675778
2400.000000 3.963455 178.147779 -0.136764 -0.678839
2420.000000 3.990979 178.001760 -0.044531 -0.681415
2440.000000 4.012996 177.856210 0.050914 -0.683473
2460.000000 4.028930 177.710998 0.148542 -0.684986
2480.000000 4.038352 177.565985 0.247214 -0.685929
2500.000000 4.041004 177.421024 0.345736 -0.686286
2520.000000 4.036813 177.275969 0.442913 -0.686045
2540.000000 4.025902 177.130680 0.537608 -0.685203
2560.000000 4.008572 176.985028 0.628788 -0.683765
2580.000000 3.985292 176.838897 0.715558 -0.681747
2600.000000 3.956655 176.692189 0.797185 -0.679172
2620.000000 3.923349 176.544823 0.873101 -0.676072
2640.000000 3.886104 176.396736 0.942898 -0.672486
2660.000000 3.845659 176.247886 1.006326 -0.668452
2680.000000 3.802719 176.098247 1.063265 -0.664012
2700.000000 3.757939 175.947814 1.113719 -0.659206
2720.000000 3.711899 175.796594 1.157787 -0.654071
2740.000000 3.665102 175.644611 1.195650 -0.648642
2760.000000 3.617975 175.491902 1.227547 -0.642951
2780.000000 3.570871 175.338513 1.253764 -0.637028
2800.000000 3.524079 175.184497 1.274612 -0.630899
2820.000000 3.477833 175.029917 1.290418 -0.624591
2840.000000 3.432319 174.874838 1.301516 -0.618124
2860.000000 3.387686 174.719331 1.308237 -0.611521
2880.000000 3.344051 174.563468 1.310904 -0.604802
2900.000000 3.301505 174.407324 1.309828 -0.597984
2920.000000 3.260119 174.250975 1.305306 -0.591087
2940.000000 3.219947 174.094497 1.297619 -0.584126
2960.000000 3.181030 173.937967 1.287034 -0.577119
2980.000000 3.143396 173.781459 1.273797 -0.570082
3000.000000 3.107063 173.625048 1.258144 -0.563030
3020.000000 3.072045 173.468806 1.240291 -0.555978
3040.000000 3.038344 173.312805 1.220442 -0.548942
3060.000000 3.005961 173.157112 1.198787 -0.541936
3080.000000 2.974889 173.001792 1.175503 -0.534977
3100.000000 2.945120 172.846906 1.150754 -0.528078
3120.000000 2.916640 172.692511 1.124694 -0.521253
3140.000000 2.889434 172.538662 1.097464 -0.514518
3160.000000 2.863484 172.385406 1.069197 -0.507887
3180.000000 2.838771 172.232788 1.040015 -0.501373
3200.000000 2.815273 172.080847 1.010028 -0.494990
3220.000000 2.792967 171.929615 0.979342 -0.488752
3240.000000 2.771828 171.779121 0.948050 -0.482670
3260.000000 2.751833 171.629388 0.916238 -0.476759
3280.000000 2.732954 171.480431 0.883984 -0.471028
3300.000000 2.715166 171.332263 0.851360 -0.465490
3320.000000 2.698442 171.184889 0.818428 -0.460156
3340.000000 2.682755 171.038308 0.785245 -0.455034
3360.000000 2.668078 170.892516 0.751862 -0.450135
3380.000000 2.654383 170.747501 0.718322 -0.445466
3400.000000 2.641645 170.603247 0.684665 -0.441036
3420.000000 2.629837 170.459734 0.650925 -0.436852
3440.000000 2.618933 170.316936 0.617131 -0.432919
3460.000000 2.608908 170.174823 0.583308 -0.429244
3480.000000 2.599739 170.033362 0.549478 -0.425831
3500.000000 2.591401 169.892514 0.515658 -0.422684
3520.000000 2.583874 169.752239 0.481864 -0.419807
3540.000000 2.577136 169.612492 0.448107 -0.417203
3560.000000 2.571167 169.473226 0.414399 -0.414874
3580.000000 2.565950 169.334392 0.380747 -0.412822
3600.000000 2.561468 169.195938 0.347158 -0.411047
3620.000000 2.557704 169.057811 0.313637 -0.409551
3640.000000 2.554646 168.919955 0.280188 -0.408333
3660.000000 2.552281 168.782316 0.246815 -0.407392
3680.000000 2.550597 168.644837 0.213521 -0.406729
3700.000000 2.549586 168.507460 0.180307 -0.406341
3720.000000 2.549239 168.370128 0.147177 -0.406227
3740.000000 2.549550 168.232785 0.114132 -0.406384
3760.000000 2.550513 168.095374 0.081177 -0.406810
3780.000000 2.552125 167.957839 0.048313 -0.407502
3800.000000 2.554383 167.820126 0.015545 -0.408457
3820.000000 2.557287 167.682181 -0.017122 -0.409670
3840.000000 2.560835 167.543953 -0.049682 -0.411138
3860.000000 2.565029 167.405392 -0.082129 -0.412856
3880.000000 2.569872 167.266451 -0.114454 -0.414819
3900.000000 2.575365 167.127085 -0.146646 -0.417022
3920.000000 2.581513 166.987250 -0.178696 -0.419459
3940.000000 2.588321 166.846907 -0.210588 -0.422124
3960.000000 2.595792 166.706018 -0.242308 -0.425011
3980.000000 2.603933 166.564552 -0.273837 -0.428112
4000.000000 2.612750 166.422476 -0.305157 -0.431422
4020.000000 2.622249 166.279764 -0.336244 -0.434932
4040.000000 2.632436 166.136393 -0.367073 -0.438634
4060.000000 2.643317 165.992344 -0.397617 -0.442521
4080.000000 2.654901 165.847599 -0.427845 -0.446584
4100.000000 2.667192 165.702149 -0.457721 -0.450815
4120.000000 2.680197 165.555984 -0.487211 -0.455204
4140.000000 2.693924 165.409100 -0.516271 -0.459743
4160.000000 2.708377 165.261498 -0.544859 -0.464423
4180.000000 2.723562 165.113180 -0.572927 -0.469233
4200.000000 2.739487 164.964154 -0.600423 -0.474166
4220.000000 2.756158 164.814431 -0.627292 -0.479212
4240.000000 2.773580 164.664026 -0.653475 -0.484362
4260.000000 2.791760 164.512957 -0.678909 -0.489607
4280.000000 2.810707 164.361245 -0.703525 -0.494938
4300.000000 2.830428 164.208915 -0.727253 -0.500348
4320.000000 2.850932 164.055995 -0.750017 -0.505828
4340.000000 2.872231 163.902516 -0.771735 -0.511371
4360.000000 2.894336 163.748510 -0.792323 -0.516970
4380.000000 2.917262 163.594013 -0.811689 -0.522618
4400.000000 2.941026 163.439065 -0.829738 -0.528310
4420.000000 2.965646 163.283706 -0.846368 -0.534041
4440.000000 2.991144 163.127979 -0.861470 -0.539804
4460.000000 3.017546 162.971929 -0.874928 -0.545597
4480.000000 3.044880 162.815602 -0.886620 -0.551416
4500.000000 3.073176 162.659049 -0.896412 -0.557256
4520.000000 3.102470 162.502320 -0.904164 -0.563115
4540.000000 3.132798 162.345468 -0.909722 -0.568989
4560.000000 3.164201 162.188548 -0.912923 -0.574876
4580.000000 3.196718 162.031618 -0.913588 -0.580773
4600.000000 3.230392 161.874737 -0.911526 -0.586675
4620.000000 3.265262 161.717965 -0.906531 -0.592578
4640.000000 3.301363 161.561366 -0.898378 -0.598478
4660.000000 3.338723 161.405005 -0.886829 -0.604368
4680.000000 3.377358 161.248949 -0.871629 -0.610239
4700.000000 3.417266 161.093265 -0.852505 -0.616081
4720.000000 3.458421 160.938022 -0.829174 -0.621881
4740.000000 3.500762 160.783288 -0.801344 -0.627624
4760.000000 3.544187 160.629130 -0.768717 -0.633290
4780.000000 3.588536 160.475612 -0.731002 -0.638857
4800.000000 3.633584 160.322793 -0.687924 -0.644298
4820.000000 3.679024 160.170723 -0.639236 -0.649581
4840.000000 3.724463 160.019444 -0.584739 -0.654673
4860.000000 3.769412 159.868983 -0.524302 -0.659534
4880.000000 3.813285 159.719352 -0.457883 -0.664122
4900.000000 3.855412 159.570543 -0.385552 -0.668393
4920.000000 3.895051 159.422530 -0.307516 -0.672303
4940.000000 3.931418 159.275263 -0.224141 -0.675807
4960.000000 3.963721 159.128669 -0.135964 -0.678864
4980.000000 3.991199 158.982655 -0.043699 -0.681436
5000.000000 4.013164 158.837108 0.051770 -0.683489
5020.000000 4.029043 158.691899 0.149412 -0.684996
5040.000000 4.038406 158.546887 0.248089 -0.685935
5060.000000 4.040997 158.401926 0.346604 -0.686287
5080.000000 4.036746 158.256869 0.443764 -0.686041
5100.000000 4.025776 158.111578 0.538432 -0.685193
5120.000000 4.008392 157.965922 0.629576 -0.683750
5140.000000 3.985061 157.819786 0.716304 -0.681726
5160.000000 3.956380 157.673073 0.797883 -0.679146
5180.000000 3.923035 157.525700 0.873746 -0.676042
5200.000000 3.885759 157.377607 0.943488 -0.672452
5220.000000 3.845288 157.228750 1.006858 -0.668414
5240.000000 3.802330 157.079104 1.063740 -0.663971
5260.000000 3.757536 156.928664 1.114137 -0.659162
5280.000000 3.711487 156.777437 1.158149 -0.654024
5300.000000 3.664686 156.625448 1.195958 -0.648593
5320.000000 3.617558 156.472732 1.227804 -0.642900
5340.000000 3.570455 156.319337 1.253972 -0.636974
5360.000000 3.523667 156.165316 1.274773 -0.630844
5380.000000 3.477427 156.010731 1.290536 -0.624534
5400.000000 3.431920 155.855648 1.301594 -0.618066
5420.000000 3.387295 155.700138 1.308278 -0.611462
5440.000000 3.343669 155.544272 1.310910 -0.604742
5460.000000 3.301133 155.388126 1.309802 -0.597924
5480.000000 3.259758 155.231775 1.305251 -0.591026
5500.000000 3.219597 155.075297 1.297538 -0.584065
5520.000000 3.180691 154.918766 1.286928 -0.577057
5540.000000 3.143068 154.762259 1.273669 -0.570020
5560.000000 3.106748 154.605849 1.257995 -0.562967
5580.000000 3.071741 154.449610 1.240124 -0.555915
5600.000000 3.038052 154.293611 1.220258 -0.548880
5620.000000 3.005680 154.137921 1.198588 -0.541875
5640.000000 2.974620 153.982604 1.175290 -0.534915
5660.000000 2.944862 153.827722 1.150529 -0.528017
5680.000000 2.916393 153.673332 1.124458 -0.521193
5700.000000 2.889199 153.519488 1.097218 -0.514459
5720.000000 2.863260 153.366238 1.068943 -0.507829
5740.000000 2.838558 153.213625 1.039752 -0.501316
5760.000000 2.815070 153.061690 1.009760 -0.494934
5780.000000 2.792774 152.910465 0.979067 -0.488697
5800.000000 2.771646 152.759977 0.947770 -0.482617
5820.000000 2.751661 152.610251 0.915954 -0.476707
5840.000000 2.732792 152.461301 0.883697 -0.470978
5860.000000 2.715013 152.313140 0.851070 -0.465442
5880.000000 2.698299 152.165773 0.818135 -0.460109
5900.000000 2.682621 152.019200 0.784950 -0.454990
5920.000000 2.667952 151.873414 0.751565 -0.450092
5940.000000 2.654266 151.728406 0.718024 -0.445426
5960.000000 2.641537 151.584159 0.684367 -0.440998
5980.000000 2.629736 151.440652 0.650626 -0.436816
6000.000000 2.618840 151.297860 0.616832 -0.432885
6020.000000 2.608823 151.155753 0.583009 -0.429212
6040.000000 2.599661 151.014298 0.549178 -0.425802
6060.000000 2.591331 150.873455 0.515359 -0.422657
6080.000000 2.583811 150.733185 0.481565 -0.419783
6100.000000 2.577080 150.593442 0.447809 -0.417182
6120.000000 2.571118 150.454180 0.414101 -0.414855
6140.000000 2.565907 150.315350 0.380450 -0.412805
6160.000000 2.561431 150.176899 0.346861 -0.411033
6180.000000 2.557674 150.038774 0.313341 -0.409539
6200.000000 2.554622 149.900921 0.279893 -0.408323
6220.000000 2.552263 149.763284 0.246520 -0.407385
6240.000000 2.550585 149.625806 0.213226 -0.406724
6260.000000 2.549580 149.488429 0.180013 -0.406339
6280.000000 2.549239 149.351098 0.146884 -0.406227
6300.000000 2.549555 149.213754 0.113840 -0.406387
6320.000000 2.550524 149.076342 0.080885 -0.406815
6340.000000 2.552142 148.938806 0.048022 -0.407510
6360.000000 2.554406 148.801091 0.015256 -0.408467
6380.000000 2.557315 148.663144 -0.017411 -0.409682
6400.000000 2.560869 148.524913 -0.049970 -0.411152
6420.000000 2.565069 148.386349 -0.082416 -0.412873
6440.000000 2.569918 148.247405 -0.114739 -0.414838
6460.000000 2.575417 148.108034 -0.146931 -0.417043
6480.000000 2.581571 147.968195 -0.178979 -0.419482
6500.000000 2.588384 147.827847 -0.210869 -0.422149
6520.000000 2.595861 147.686954 -0.242587 -0.425037
6540.000000 2.604008 147.545482 -0.274115 -0.428141
6560.000000 2.612831 147.403400 -0.305433 -0.431452
6580.000000 2.622336 147.260683 -0.336518 -0.434964
6600.000000 2.632529 147.117306 -0.367345 -0.438668
6620.000000 2.643417 146.973251 -0.397886 -0.442557
6640.000000 2.655006 146.828500 -0.428111 -0.446621
6660.000000 2.667304 146.683043 -0.457984 -0.450853
6680.000000 2.680316 146.536872 -0.487470 -0.455244
6700.000000 2.694048 146.389982 -0.516526 -0.459784
6720.000000 2.708508 146.242373 -0.545110 -0.464465
6740.000000 2.723700 146.094049 -0.573173 -0.469277
6760.000000 2.739632 145.945017 -0.600664 -0.474211
6780.000000 2.756309 145.795288 -0.627527 -0.479257
6800.000000 2.773737 145.644877 -0.653704 -0.484408
6820.000000 2.791925 145.493802 -0.679130 -0.489654
6840.000000 2.810878 145.342085 -0.703739 -0.494986
6860.000000 2.830606 145.189749 -0.727459 -0.500396
6880.000000 2.851117 145.036824 -0.750214 -0.505877
6900.000000 2.872423 144.883340 -0.771922 -0.511420
6920.000000 2.894536 144.729329 -0.792500 -0.517020
6940.000000 2.917469 144.574829 -0.811855 -0.522668
6960.000000 2.941240 144.419877 -0.829892 -0.528361
6980.000000 2.965868 144.264515 -0.846508 -0.534091
7000.000000 2.991374 144.108784 -0.861596 -0.539856
7020.000000 3.017784 143.952731 -0.875040 -0.545649
7040.000000 3.045126 143.796402 -0.886715 -0.551467
7060.000000 3.073431 143.639847 -0.896490 -0.557308
7080.000000 3.102734 143.483117 -0.904223 -0.563167
7100.000000 3.133072 143.326264 -0.909761 -0.569041
7120.000000 3.164484 143.169344 -0.912940 -0.574928
7140.000000 3.197011 143.012414 -0.913582 -0.580825
7160.000000 3.230696 142.855534 -0.911495 -0.586727
7180.000000 3.265576 142.698763 -0.906473 -0.592631
7200.000000 3.301688 142.542166 -0.898291 -0.598531
7220.000000 3.339059 142.385808 -0.886711 -0.604420
7240.000000 3.377705 142.229754 -0.871477 -0.610291
7260.000000 3.417625 142.074074 -0.852317 -0.616133
7280.000000 3.458790 141.918835 -0.828948 -0.621932
7300.000000 3.501142 141.764106 -0.801077 -0.627675
7320.000000 3.544576 141.609954 -0.768406 -0.633340
7340.000000 3.588932 141.456442 -0.730645 -0.638906
7360.000000 3.633985 141.303629 -0.687518 -0.644345
7380.000000 3.679427 141.151566 -0.638779 -0.649627
7400.000000 3.724864 141.000294 -0.584231 -0.654717
7420.000000 3.769805 140.849840 -0.523741 -0.659576
7440.000000 3.813667 140.700216 -0.457269 -0.664161
7460.000000 3.855775 140.551415 -0.384886 -0.668429
7480.000000 3.895389 140.403409 -0.306801 -0.672336
7500.000000 3.931723 140.256147 -0.223381 -0.675836
7520.000000 3.963986 140.109559 -0.135164 -0.678889
7540.000000 3.991418 139.963550 -0.042866 -0.681456
7560.000000 4.013332 139.818007 0.052627 -0.683505
7580.000000 4.029155 139.672800 0.150283 -0.685007
7600.000000 4.038459 139.527789 0.248963 -0.685941
7620.000000 4.040989 139.382827 0.347471 -0.686287
7640.000000 4.036678 139.237770 0.444614 -0.686036
7660.000000 4.025649 139.092475 0.539256 -0.685183
7680.000000 4.008210 138.946816 0.630365 -0.683735
7700.000000 3.984829 138.800675 0.717050 -0.681706
7720.000000 3.956104 138.653956 0.798580 -0.679121
7740.000000 3.922722 138.506578 0.874390 -0.676013
7760.000000 3.885414 138.358478 0.944077 -0.672418
7780.000000 3.844918 138.209614 1.007390 -0.668377
7800.000000 3.801941 138.059961 1.064215 -0.663930
7820.000000 3.757133 137.909514 1.114554 -0.659118
7840.000000 3.711075 137.758280 1.158511 -0.653977
7860.000000 3.664269 137.606284 1.196265 -0.648543
7880.000000 3.617140 137.453563 1.228060 -0.642848
7900.000000 3.570039 137.300162 1.254179 -0.636921
7920.000000 3.523255 137.146135 1.274934 -0.630789
7940.000000 3.477021 136.991546 1.290654 -0.624477
7960.000000 3.431521 136.836459 1.301672 -0.618008
7980.000000 3.386904 136.680945 1.308318 -0.611403
8000.000000 3.343288 136.525076 1.310916 -0.604682
8020.000000 3.300762 136.368928 1.309777 -0.597863
8040.000000 3.259397 136.212576 1.305196 -0.590964
8060.000000 3.219247 136.056097 1.297456 -0.584003
8080.000000 3.180352 135.899566 1.286822 -0.576995
8100.000000 3.142741 135.743059 1.273541 -0.569957
8120.000000 3.106432 135.586650 1.257846 -0.562905
8140.000000 3.071437 135.430413 1.239956 -0.555853
8160.000000 3.037759 135.274416 1.220074 -0.548817
8180.000000 3.005399 135.118729 1.198389 -0.541813
8200.000000 2.974351 134.963416 1.175077 -0.534854
8220.000000 2.944604 134.808538 1.150304 -0.527956
8240.000000 2.916147 134.654153 1.124222 -0.521133
8260.000000 2.888964 134.500314 1.096973 -0.514400
8280.000000 2.863036 134.347069 1.068688 -0.507770
8300.000000 2.838345 134.194463 1.039490 -0.501259
8320.000000 2.814868 134.042533 1.009491 -0.494878
8340.000000 2.792582 133.891314 0.978793 -0.488643
8360.000000 2.771464 133.740834 0.947491 -0.482564
8380.000000 2.751489 133.591114 0.915670 -0.476655
8400.000000 2.732630 133.442172 0.883410 -0.470928
8420.000000 2.714861 133.294018 0.850779 -0.465394
8440.000000 2.698155 133.146657 0.817843 -0.460063
8460.000000 2.682486 133.000091 0.784656 -0.454945
8480.000000 2.667827 132.854312 0.751269 -0.450050
8500.000000 2.654150 132.709311 0.717727 -0.445386
8520.000000 2.641428 132.565070 0.684068 -0.440960
8540.000000 2.629636 132.421570 0.650327 -0.436780
8560.000000 2.618748 132.278785 0.616532 -0.432852
8580.000000 2.608738 132.136684 0.582709 -0.429181
8600.000000 2.599584 131.995233 0.548879 -0.425773
8620.000000 2.591261 131.854396 0.515059 -0.422631
8640.000000 2.583748 131.714131 0.481266 -0.419759
8660.000000 2.577024 131.574393 0.447510 -0.417160
8680.000000 2.571069 131.435135 0.413803 -0.414836
8700.000000 2.565865 131.296308 0.380152 -0.412788
8720.000000 2.561395 131.157860 0.346564 -0.411018
8740.000000 2.557644 131.019738 0.313044 -0.409527
8760.000000 2.554598 130.881887 0.279597 -0.408314
8780.000000 2.552245 130.744252 0.246225 -0.407378
8800.000000 2.550574 130.606774 0.212932 -0.406720
8820.000000 2.549574 130.469399 0.179720 -0.406337
8840.000000 2.549239 130.332067 0.146591 -0.406227
8860.000000 2.549561 130.194724 0.113548 -0.406389
8880.000000 2.550536 130.057311 0.080594 -0.406820
8900.000000 2.552159 129.919773 0.047732 -0.407517
8920.000000 2.554429 129.782056 0.014966 -0.408476
8940.000000 2.557344 129.644107 -0.017699 -0.409694
8960.000000 2.560904 129.505874 -0.050258 -0.411167
8980.000000 2.565110 129.367307 -0.082702 -0.412889
9000.000000 2.569963 129.228358 -0.115025 -0.414856
9020.000000 2.575468 129.088984 -0.147215 -0.417063
9040.000000 2.581628 128.949140 -0.179261 -0.419504
9060.000000 2.588447 128.808788 -0.211151 -0.422173
9080.000000 2.595930 128.667889 -0.242867 -0.425064
9100.000000 2.604083 128.526412 -0.274394 -0.428169
9120.000000 2.612912 128.384325 -0.305709 -0.431482
9140.000000 2.622423 128.241602 -0.336792 -0.434996
9160.000000 2.632622 128.098219 -0.367617 -0.438702
9180.000000 2.643516 127.954158 -0.398155 -0.442592
9200.000000 2.655112 127.809401 -0.428377 -0.446658
9220.000000 2.667416 127.663938 -0.458247 -0.450891
9240.000000 2.680434 127.517760 -0.487729 -0.455283
9260.000000 2.694173 127.370864 -0.516782 -0.459825
9280.000000 2.708639 127.223249 -0.545361 -0.464507
9300.000000 2.723838 127.074918 -0.573419 -0.469320
9320.000000 2.739776 126.925880 -0.600905 -0.474255
9340.000000 2.756460 126.776145 -0.627762 -0.479302
9360.000000 2.773895 126.625728 -0.653932 -0.484454
9380.000000 2.792089 126.474647 -0.679352 -0.489701
9400.000000 2.811049 126.322924 -0.703953 -0.495033
9420.000000 2.830784 126.170583 -0.727665 -0.500444
9440.000000 2.851302 126.017653 -0.750411 -0.505925
9460.000000 2.872615 125.864164 -0.772110 -0.511469
9480.000000 2.894735 125.710149 -0.792677 -0.517069
9500.000000 2.917676 125.555645 -0.812020 -0.522719
9520.000000 2.941454 125.400689 -0.830045 -0.528411
9540.000000 2.966090 125.245323 -0.846649 -0.534142
9560.000000 2.991604 125.089589 -0.861723 -0.539907
9580.000000 3.018022 124.933534 -0.875151 -0.545700
9600.000000 3.045372 124.777203 -0.886810 -0.551519
9620.000000 3.073686 124.620646 -0.896568 -0.557359
9640.000000 3.102998 124.463914 -0.904282 -0.563219
9660.000000 3.133345 124.307061 -0.909800 -0.569093
9680.000000 3.164767 124.150140 -0.912957 -0.574980
9700.000000 3.197304 123.993211 -0.913576 -0.580877
9720.000000 3.230999 123.836331 -0.911464 -0.586779
9740.000000 3.265890 123.679561 -0.906415 -0.592683
9760.000000 3.302013 123.522966 -0.898204 -0.598583
9780.000000 3.339396 123.366610 -0.886593 -0.604472
9800.000000 3.378053 123.210560 -0.871325 -0.610343
9820.000000 3.417984 123.054883 -0.852129 -0.616184
9840.000000 3.459160 122.899648 -0.828722 -0.621984
9860.000000 3.501522 122.744924 -0.800809 -0.627725
9880.000000 3.544965 122.590777 -0.768094 -0.633390
9900.000000 3.589328 122.437271 -0.730287 -0.638955
9920.000000 3.634386 122.284465 -0.687111 -0.644393
9940.000000 3.679830 122.132409 -0.638322 -0.649673
9960.000000 3.725265 121.981144 -0.583721 -0.654761
9980.000000 3.770199 121.830697 -0.523179 -0.659617
10000.000000 3.814048 121.681081 -0.456654 -0.664200
10020.000000 3.856138 121.532287 -0.384219 -0.668466
10040.000000 3.895726 121.384287 -0.306086 -0.672369
10060.000000 3.932028 121.237032 -0.222620 -0.675865
10080.000000 3.964251 121.090450 -0.134364 -0.678914
10100.000000 3.991637 120.944445 -0.042034 -0.681476
10120.000000 4.013500 120.798906 0.053483 -0.683521
10140.000000 4.029266 120.653701 0.151154 -0.685018
10160.000000 4.038511 120.508691 0.249837 -0.685946
10180.000000 4.040981 120.363729 0.348339 -0.686287
10200.000000 4.036610 120.218670 0.445464 -0.686031
10220.000000 4.025523 120.073373 0.540079 -0.685173
10240.000000 4.008029 119.927710 0.631152 -0.683719
10260.000000 3.984598 119.781565 0.717795 -0.681685
10280.000000 3.955828 119.634840 0.799277 -0.679096
10300.000000 3.922407 119.487455 0.875034 -0.675983
10320.000000 3.885068 119.339349 0.944666 -0.672384
10340.000000 3.844548 119.190478 1.007922 -0.668339
10360.000000 3.801551 119.040818 1.064688 -0.663889
10380.000000 3.756730 118.890364 1.114971 -0.659074
10400.000000 3.710664 118.739123 1.158872 -0.653931
10420.000000 3.663853 118.587121 1.196573 -0.648494
10440.000000 3.616723 118.434393 1.228316 -0.642797
10460.000000 3.569624 118.280986 1.254386 -0.636868
10480.000000 3.522844 118.126955 1.275095 -0.630734
10500.000000 3.476614 117.972360 1.290772 -0.624421
10520.000000 3.431122 117.817269 1.301749 -0.617950
10540.000000 3.386514 117.661752 1.308359 -0.611344
10560.000000 3.342906 117.505880 1.310922 -0.604622
10580.000000 3.300390 117.349730 1.309751 -0.597802
10600.000000 3.259036 117.193377 1.305141 -0.590903
10620.000000 3.218897 117.036896 1.297375 -0.583941
10640.000000 3.180014 116.880365 1.286715 -0.576933
10660.000000 3.142414 116.723859 1.273412 -0.569895
10680.000000 3.106116 116.567452 1.257697 -0.562842
10700.000000 3.071133 116.411216 1.239789 -0.555791
10720.000000 3.037467 116.255222 1.219890 -0.548755
10740.000000 3.005119 116.099538 1.198189 -0.541751
10760.000000 2.974082 115.944229 1.174864 -0.534793
10780.000000 2.944347 115.789355 1.150078 -0.527895
10800.000000 2.915901 115.634974 1.123985 -0.521073
10820.000000 2.888729 115.481140 1.096727 -0.514341
10840.000000 2.862812 115.327901 1.068434 -0.507712
10860.000000 2.838132 115.175300 1.039228 -0.501202
10880.000000 2.814665 115.023377 1.009222 -0.494823
10900.000000 2.792390 114.872164 0.978518 -0.488588
10920.000000 2.771283 114.721691 0.947211 -0.482511
10940.000000 2.751317 114.571978 0.915387 -0.476604
10960.000000 2.732468 114.423042 0.883123 -0.470879
10980.000000 2.714708 114.274895 0.850489 -0.465346
11000.000000 2.698012 114.127542 0.817550 -0.460017
11020.000000 2.682352 113.980982 0.784361 -0.454901
11040.000000 2.667701 113.835211 0.750973 -0.450008
11060.000000 2.654033 113.690216 0.717430 -0.445345
11080.000000 2.641320 113.545982 0.683770 -0.440922
11100.000000 2.629536 113.402488 0.650028 -0.436744
11120.000000 2.618655 113.259709 0.616233 -0.432818
11140.000000 2.608654 113.117614 0.582410 -0.429150
11160.000000 2.599507 112.976169 0.548579 -0.425744
11180.000000 2.591191 112.835337 0.514760 -0.422604
11200.000000 2.583685 112.695077 0.480967 -0.419735
11220.000000 2.576968 112.555343 0.447212 -0.417138
11240.000000 2.571019 112.416089 0.413505 -0.414816
11260.000000 2.565822 112.277266 0.379854 -0.412771
11280.000000 2.561359 112.138821 0.346267 -0.411004
11300.000000 2.557614 112.000702 0.312748 -0.409515
11320.000000 2.554575 111.862853 0.279301 -0.408304
11340.000000 2.552227 111.725219 0.245930 -0.407371
11360.000000 2.550562 111.587743 0.212638 -0.406715
11380.000000 2.549568 111.450368 0.179426 -0.406334
11400.000000 2.549239 111.313037 0.146298 -0.406227
11420.000000 2.549567 111.175693 0.113256 -0.406392
11440.000000 2.550547 111.038279 0.080303 -0.406825
11460.000000 2.552177 110.900740 0.047442 -0.407524
11480.000000 2.554452 110.763021 0.014676 -0.408486
11500.000000 2.557373 110.625070 -0.017988 -0.409706
11520.000000 2.560938 110.486834 -0.050545 -0.411181
11540.000000 2.565150 110.348264 -0.082989 -0.412905
11560.000000 2.570009 110.209312 -0.115310 -0.414875
11580.000000 2.575520 110.069933 -0.147499 -0.417084
11600.000000 2.581686 109.930085 -0.179544 -0.419527
11620.000000 2.588510 109.789728 -0.211432 -0.422198
11640.000000 2.595999 109.648825 -0.243147 -0.425090
11660.000000 2.604158 109.507342 -0.274672 -0.428198
11680.000000 2.612993 109.365250 -0.305985 -0.431513
11700.000000 2.622510 109.222521 -0.337066 -0.435028
11720.000000 2.632716 109.079132 -0.367888 -0.438735
11740.000000 2.643616 108.935065 -0.398424 -0.442627
11760.000000 2.655218 108.790302 -0.428643 -0.446695
11780.000000 2.667528 108.644832 -0.458510 -0.450930
11800.000000 2.680553 108.498648 -0.487988 -0.455323
11820.000000 2.694298 108.351746 -0.517037 -0.459866
11840.000000 2.708770 108.204124 -0.545612 -0.464549
11860.000000 2.723976 108.055787 -0.573665 -0.469363
11880.000000 2.739920 107.906743 -0.601145 -0.474299
11900.000000 2.756611 107.757002 -0.627997 -0.479348
11920.000000 2.774053 107.606579 -0.654161 -0.484500
11940.000000 2.792254 107.455492 -0.679573 -0.489747
11960.000000 2.811221 107.303764 -0.704167 -0.495081
11980.000000 2.830962 107.151418 -0.727870 -0.500492
12000.000000 2.851488 106.998482 -0.750607 -0.505974
12020.000000 2.872807 106.844988 -0.772297 -0.511519
12040.000000 2.894934 106.690969 -0.792853 -0.517119
12060.000000 2.917882 106.536460 -0.812186 -0.522769
12080.000000 2.941668 106.381501 -0.830199 -0.528462
12100.000000 2.966311 106.226131 -0.846789 -0.534193
12120.000000 2.991834 106.070395 -0.861849 -0.539958
12140.000000 3.018260 105.914336 -0.875262 -0.545752
12160.000000 3.045619 105.758003 -0.886905 -0.551571
12180.000000 3.073941 105.601445 -0.896645 -0.557411
12200.000000 3.103262 105.444711 -0.904340 -0.563270
12220.000000 3.133618 105.287857 -0.909838 -0.569145
12240.000000 3.165050 105.130937 -0.912974 -0.575033
12260.000000 3.197597 104.974007 -0.913569 -0.580929
12280.000000 3.231303 104.817128 -0.911433 -0.586832
12300.000000 3.266205 104.660360 -0.906356 -0.592735
12320.000000 3.302338 104.503766 -0.898117 -0.598635
12340.000000 3.339732 104.347413 -0.886474 -0.604524
12360.000000 3.378401 104.191365 -0.871173 -0.610395
12380.000000 3.418343 104.035692 -0.851941 -0.616236
12400.000000 3.459530 103.880462 -0.828495 -0.622035
12420.000000 3.501902 103.725742 -0.800541 -0.627776
12440.000000 3.545354 103.571601 -0.767783 -0.633440
12460.000000 3.589724 103.418101 -0.729929 -0.639003
12480.000000 3.634787 103.265301 -0.686705 -0.644440
12500.000000 3.680232 103.113252 -0.637865 -0.649719
12520.000000 3.725665 102.961994 -0.583212 -0.654805
12540.000000 3.770593 102.811555 -0.522616 -0.659659
12560.000000 3.814429 102.661945 -0.456038 -0.664239
12580.000000 3.856500 102.513158 -0.383552 -0.668502
12600.000000 3.896063 102.365166 -0.305370 -0.672401
12620.000000 3.932332 102.217917 -0.221859 -0.675894
12640.000000 3.964516 102.071340 -0.133564 -0.678939
12660.000000 3.991856 101.925340 -0.041201 -0.681497
12680.000000 4.013667 101.779804 0.054340 -0.683536
12700.000000 4.029377 101.634602 0.152024 -0.685029
12720.000000 4.038563 101.489593 0.250712 -0.685952
12740.000000 4.040972 101.344631 0.349206 -0.686288
12760.000000 4.036541 101.199570 0.446314 -0.686026
12780.000000 4.025395 101.054271 0.540902 -0.685163
12800.000000 4.007847 100.908604 0.631940 -0.683704
12820.000000 3.984365 100.762454 0.718540 -0.681665
12840.000000 3.955552 100.615724 0.799973 -0.679071
12860.000000 3.922093 100.468333 0.875678 -0.675953
12880.000000 3.884723 100.320220 0.945254 -0.672350
12900.000000 3.844177 100.171342 1.008453 -0.668302
12920.000000 3.801162 100.021675 1.065162 -0.663848
12940.000000 3.756327 99.871214 1.115387 -0.659030
12960.000000 3.710252 99.719966 1.159232 -0.653884
12980.000000 3.663437 99.567958 1.196879 -0.648445
13000.000000 3.616305 99.415223 1.228571 -0.642745
13020.000000 3.569208 99.261811 1.254592 -0.636814
13040.000000 3.522432 99.107774 1.275255 -0.630679
13060.000000 3.476208 98.953175 1.290889 -0.624364
13080.000000 3.430723 98.798080 1.301827 -0.617892
13100.000000 3.386123 98.642559 1.308399 -0.611285
13120.000000 3.342525 98.486685 1.310928 -0.604562
13140.000000 3.300019 98.330532 1.309725 -0.597741
13160.000000 3.258676 98.174177 1.305086 -0.590841
13180.000000 3.218548 98.017696 1.297293 -0.583879
13200.000000 3.179675 97.861165 1.286609 -0.576871
13220.000000 3.142087 97.704659 1.273283 -0.569832
13240.000000 3.105801 97.548253 1.257548 -0.562780
13260.000000 3.070829 97.392019 1.239621 -0.555728
13280.000000 3.037175 97.236028 1.219705 -0.548693
13300.000000 3.004838 97.080347 1.197990 -0.541689
13320.000000 2.973813 96.925041 1.174651 -0.534731
13340.000000 2.944089 96.770171 1.149853 -0.527835
13360.000000 2.915655 96.615795 1.123749 -0.521013
13380.000000 2.888494 96.461966 1.096480 -0.514282
13400.000000 2.862589 96.308732 1.068179 -0.507654
13420.000000 2.837919 96.156138 1.038966 -0.501145
13440.000000 2.814463 96.004221 1.008953 -0.494767
13460.000000 2.792198 95.853015 0.978244 -0.488534
13480.000000 2.771101 95.702547 0.946932 -0.482458
13500.000000 2.751145 95.552841 0.915103 -0.476553
13520.000000 2.732306 95.403913 0.882835 -0.470829
13540.000000 2.714556 95.255773 0.850199 -0.465298
13560.000000 2.697869 95.108426 0.817257 -0.459971
13580.000000 2.682218 94.961874 0.784066 -0.454857
13600.000000 2.667576 94.816109 0.750677 -0.449965
13620.000000 2.653916 94.671121 0.717132 -0.445305
13640.000000 2.641211 94.526894 0.683472 -0.440884
13660.000000 2.629436 94.383407 0.649729 -0.436708
13680.000000 2.618563 94.240634 0.615934 -0.432784
13700.000000 2.608569 94.098545 0.582110 -0.429118
13720.000000 2.599429 93.957106 0.548280 -0.425715
13740.000000 2.591121 93.816279 0.514461 -0.422578
13760.000000 2.583622 93.676023 0.480668 -0.419710
13780.000000 2.576912 93.536294 0.446913 -0.417116
13800.000000 2.570970 93.397044 0.413207 -0.414797
13820.000000 2.565779 93.258224 0.379557 -0.412754
13840.000000 2.561322 93.119783 0.345970 -0.410990
13860.000000 2.557584 92.981666 0.312452 -0.409503
13880.000000 2.554551 92.843820 0.279005 -0.408295
13900.000000 2.552210 92.706187 0.245635 -0.407364
13920.000000 2.550550 92.568712 0.212343 -0.406710
13940.000000 2.549562 92.431338 0.179133 -0.406332
13960.000000 2.549239 92.294007 0.146005 -0.406228
13980.000000 2.549573 92.156662 0.112964 -0.406395
14000.000000 2.550559 92.019248 0.080012 -0.406830
14020.000000 2.552194 91.881707 0.047151 -0.407532
14040.000000 2.554475 91.743987 0.014387 -0.408496
14060.000000 2.557401 91.606033 -0.018276 -0.409718
14080.000000 2.560973 91.467794 -0.050833 -0.411195
14100.000000 2.565190 91.329221 -0.083275 -0.412922
14120.000000 2.570055 91.190265 -0.115596 -0.414893
14140.000000 2.575572 91.050883 -0.147783 -0.417104
14160.000000 2.581743 90.911030 -0.179827 -0.419549
14180.000000 2.588574 90.770669 -0.211714 -0.422222
14200.000000 2.596069 90.629761 -0.243427 -0.425117
14220.000000 2.604234 90.488273 -0.274950 -0.428226
14240.000000 2.613074 90.346175 -0.306262 -0.431543
14260.000000 2.622597 90.203440 -0.337340 -0.435060
14280.000000 2.632809 90.060046 -0.368160 -0.438769
14300.000000 2.643716 89.915972 -0.398693 -0.442662
14320.000000 2.655324 89.771203 -0.428909 -0.446731
14340.000000 2.667640 89.625727 -0.458772 -0.450968
14360.000000 2.680671 89.479537 -0.488247 -0.455362
14380.000000 2.694423 89.332628 -0.517292 -0.459907
14400.000000 2.708902 89.185000 -0.545862 -0.464591
14420.000000 2.724114 89.036656 -0.573911 -0.469406
14440.000000 2.740065 88.887606 -0.601386 -0.474343
14460.000000 2.756762 88.737859 -0.628231 -0.479393
14480.000000 2.774210 88.587430 -0.654389 -0.484546
14500.000000 2.792418 88.436337 -0.679794 -0.489794
14520.000000 2.811392 88.284603 -0.704381 -0.495128
14540.000000 2.831140 88.132252 -0.728076 -0.500541
14560.000000 2.851673 87.979311 -0.750804 -0.506023
14580.000000 2.873000 87.825813 -0.772484 -0.511568
14600.000000 2.895134 87.671789 -0.793030 -0.517169
14620.000000 2.918089 87.517276 -0.812351 -0.522819
14640.000000 2.941883 87.362313 -0.830352 -0.528512
14660.000000 2.966533 87.206940 -0.846929 -0.534244
14680.000000 2.992063 87.051200 -0.861975 -0.540009
14700.000000 3.018498 86.895139 -0.875373 -0.545803
14720.000000 3.045865 86.738804 -0.887000 -0.551622
14740.000000 3.074196 86.582243 -0.896722 -0.557463
14760.000000 3.103526 86.425509 -0.904399 -0.563322
14780.000000 3.133892 86.268654 -0.909877 -0.569197
14800.000000 3.165333 86.111733 -0.912991 -0.575085
14820.000000 3.197891 85.954804 -0.913563 -0.580981
14840.000000 3.231606 85.797925 -0.911401 -0.586884
14860.000000 3.266519 85.641158 -0.906297 -0.592787
14880.000000 3.302664 85.484567 -0.898029 -0.598687
14900.000000 3.340069 85.328215 -0.886355 -0.604576
14920.000000 3.378749 85.172171 -0.871020 -0.610446
14940.000000 3.418702 85.016501 -0.851753 -0.616287
14960.000000 3.459900 84.861275 -0.828268 -0.622086
14980.000000 3.502282 84.706561 -0.800272 -0.627826
15000.000000 3.545742 84.552425 -0.767470 -0.633489
15020.000000 3.590121 84.398931 -0.729570 -0.639052
15040.000000 3.635188 84.246137 -0.686297 -0.644488
15060.000000 3.680635 84.094095 -0.637407 -0.649765
15080.000000 3.726066 83.942844 -0.582702 -0.654849
15100.000000 3.770987 83.792412 -0.522053 -0.659701
15120.000000 3.814810 83.642810 -0.455423 -0.664279
15140.000000 3.856862 83.494030 -0.382885 -0.668538
15160.000000 3.896399 83.346045 -0.304653 -0.672434
15180.000000 3.932636 83.198802 -0.221098 -0.675923
15200.000000 3.964780 83.052231 -0.132763 -0.678963
15220.000000 3.992074 82.906236 -0.040368 -0.681517
15240.000000 4.013833 82.760703 0.055196 -0.683552
15260.000000 4.029487 82.615503 0.152895 -0.685040
15280.000000 4.038614 82.470496 0.251586 -0.685957
15300.000000 4.040963 82.325533 0.350073 -0.686288
15320.000000 4.036471 82.180471 0.447164 -0.686021
15340.000000 4.025268 82.035169 0.541724 -0.685152
15360.000000 4.007664 81.889498 0.632727 -0.683688
15380.000000 3.984133 81.743343 0.719284 -0.681644
15400.000000 3.955275 81.596608 0.800669 -0.679045
15420.000000 3.921778 81.449210 0.876321 -0.675923
15440.000000 3.884377 81.301091 0.945841 -0.672316
15460.000000 3.843806 81.152206 1.008983 -0.668264
15480.000000 3.800772 81.002532 1.065635 -0.663807
15500.000000 3.755924 80.852064 1.115803 -0.658986
15520.000000 3.709840 80.700810 1.159592 -0.653837
15540.000000 3.663021 80.548794 1.197185 -0.648395
15560.000000 3.615888 80.396054 1.228826 -0.642694
15580.000000 3.568792 80.242635 1.254798 -0.636761
15600.000000 3.522020 80.088593 1.275415 -0.630624
15620.000000 3.475802 79.933990 1.291006 -0.624308
15640.000000 3.430324 79.778890 1.301903 -0.617835
15660.000000 3.385733 79.623366 1.308438 -0.611226
15680.000000 3.342144 79.467489 1.310933 -0.604502
15700.000000 3.299648 79.311334 1.309698 -0.597681
15720.000000 3.258315 79.154978 1.305031 -0.590780
15740.000000 3.218198 78.998496 1.297210 -0.583817
15760.000000 3.179337 78.841965 1.286502 -0.576809
15780.000000 3.141760 78.685460 1.273154 -0.569770
15800.000000 3.105486 78.529055 1.257399 -0.562717
15820.000000 3.070525 78.372823 1.239453 -0.555666
15840.000000 3.036883 78.216834 1.219521 -0.548631
15860.000000 3.004558 78.061156 1.197790 -0.541627
15880.000000 2.973544 77.905854 1.174438 -0.534670
15900.000000 2.943832 77.750988 1.149627 -0.527774
15920.000000 2.915409 77.596617 1.123513 -0.520953
15940.000000 2.888259 77.442793 1.096234 -0.514223
15960.000000 2.862365 77.289564 1.067924 -0.507596
15980.000000 2.837706 77.136975 1.038704 -0.501088
16000.000000 2.814261 76.985064 1.008684 -0.494711
16020.000000 2.792007 76.833865 0.977969 -0.488479
16040.000000 2.770919 76.683404 0.946652 -0.482405
16060.000000 2.750974 76.533705 0.914819 -0.476501
16080.000000 2.732144 76.384783 0.882548 -0.470779
16100.000000 2.714404 76.236650 0.849909 -0.465250
16120.000000 2.697726 76.089311 0.816964 -0.459924
16140.000000 2.682084 75.942766 0.783772 -0.454812
16160.000000 2.667451 75.797008 0.750380 -0.449923
16180.000000 2.653800 75.652027 0.716835 -0.445265
16200.000000 2.641103 75.507806 0.683174 -0.440846
16220.000000 2.629335 75.364325 0.649430 -0.436672
16240.000000 2.618471 75.221558 0.615635 -0.432751
16260.000000 2.608484 75.079475 0.581811 -0.429087
16280.000000 2.599352 74.938042 0.547981 -0.425686
16300.000000 2.591051 74.797220 0.514162 -0.422551
16320.000000 2.583559 74.656969 0.480369 -0.419686
16340.000000 2.576856 74.517245 0.446615 -0.417094
16360.000000 2.570921 74.377999 0.412909 -0.414778
16380.000000 2.565737 74.239183 0.379259 -0.412738
16400.000000 2.561286 74.100744 0.345673 -0.410975
16420.000000 2.557554 73.962630 0.312155 -0.409491
16440.000000 2.554527 73.824786 0.278710 -0.408285
16460.000000 2.552192 73.687155 0.245340 -0.407357
16480.000000 2.550538 73.549681 0.212049 -0.406706
16500.000000 2.549557 73.412308 0.178839 -0.406330
16520.000000 2.549239 73.274977 0.145713 -0.406228
16540.000000 2.549578 73.137632 0.112672 -0.406397
16560.000000 2.550570 73.000216 0.079720 -0.406835
16580.000000 2.552211 72.862675 0.046861 -0.407539
16600.000000 2.554498 72.724952 0.014097 -0.408505
16620.000000 2.557430 72.586996 -0.018565 -0.409730
16640.000000 2.561007 72.448755 -0.051120 -0.411209
16660.000000 2.565230 72.310178 -0.083562 -0.412938
16680.000000 2.570101 72.171219 -0.115881 -0.414912
16700.000000 2.575623 72.031832 -0.148068 -0.417125
16720.000000 2.581801 71.891976 -0.180110 -0.419572
16740.000000 2.588637 71.751609 -0.211995 -0.422247
16760.000000 2.596138 71.610696 -0.243707 -0.425143
16780.000000 2.604309 71.469203 -0.275228 -0.428254
16800.000000 2.613156 71.327100 -0.306538 -0.431573
16820.000000 2.622685 71.184359 -0.337614 -0.435092
16840.000000 2.632902 71.040959 -0.368431 -0.438802
16860.000000 2.643815 70.896879 -0.398962 -0.442697
16880.000000 2.655430 70.752104 -0.429174 -0.446768
16900.000000 2.667752 70.606622 -0.459035 -0.451006
16920.000000 2.680790 70.460425 -0.488506 -0.455402
16940.000000 2.694548 70.313509 -0.517547 -0.459947
16960.000000 2.709033 70.165875 -0.546113 -0.464633
16980.000000 2.724251 70.017526 -0.574156 -0.469449
17000.000000 2.740209 69.868469 -0.601626 -0.474387
17020.000000 2.756913 69.718715 -0.628466 -0.479438
17040.000000 2.774368 69.568281 -0.654617 -0.484592
17060.000000 2.792583 69.417182 -0.680016 -0.489841
17080.000000 2.811563 69.265443 -0.704594 -0.495176
17100.000000 2.831319 69.113086 -0.728281 -0.500589
17120.000000 2.851858 68.960141 -0.751001 -0.506072
17140.000000 2.873192 68.806637 -0.772671 -0.511617
17160.000000 2.895333 68.652609 -0.793206 -0.517219
17180.000000 2.918296 68.498092 -0.812517 -0.522869
17200.000000 2.942097 68.343125 -0.830505 -0.528563
17220.000000 2.966755 68.187748 -0.847069 -0.534295
17240.000000 2.992293 68.032006 -0.862101 -0.540060
17260.000000 3.018736 67.875942 -0.875484 -0.545854
17280.000000 3.046111 67.719604 -0.887094 -0.551674
17300.000000 3.074451 67.563042 -0.896799 -0.557515
17320.000000 3.103790 67.406307 -0.904457 -0.563374
17340.000000 3.134165 67.249451 -0.909915 -0.569249
17360.000000 3.165616 67.092529 -0.913007 -0.575137
17380.000000 3.198184 66.935600 -0.913556 -0.581034
17400.000000 3.231910 66.778722 -0.911369 -0.586936
17420.000000 3.266833 66.621957 -0.906238 -0.592840
17440.000000 3.302989 66.465367 -0.897941 -0.598739
17460.000000 3.340405 66.309018 -0.886236 -0.604628
17480.000000 3.379097 66.152977 -0.870867 -0.610498
17500.000000 3.419061 65.997311 -0.851564 -0.616339
17520.000000 3.460270 65.842089 -0.828040 -0.622137
17540.000000 3.502662 65.687379 -0.800004 -0.627877
17560.000000 3.546131 65.533249 -0.767158 -0.633539
17580.000000 3.590517 65.379760 -0.729211 -0.639101
17600.000000 3.635589 65.226973 -0.685890 -0.644535
17620.000000 3.681038 65.074938 -0.636948 -0.649811
17640.000000 3.726466 64.923694 -0.582191 -0.654893
17660.000000 3.771380 64.773270 -0.521490 -0.659743
17680.000000 3.815191 64.623675 -0.454806 -0.664318
17700.000000 3.857224 64.474903 -0.382217 -0.668574
17720.000000 3.896735 64.326924 -0.303937 -0.672467
17740.000000 3.932939 64.179688 -0.220337 -0.675952
17760.000000 3.965044 64.033122 -0.131962 -0.678988
17780.000000 3.992292 63.887131 -0.039535 -0.681538
17800.000000 4.013999 63.741602 0.056053 -0.683568
17820.000000 4.029597 63.596405 0.153766 -0.685050
17840.000000 4.038665 63.451398 0.252460 -0.685963
17860.000000 4.040953 63.306435 0.350940 -0.686288
17880.000000 4.036401 63.161372 0.448014 -0.686016
17900.000000 4.025139 63.016067 0.542547 -0.685142
17920.000000 4.007481 62.870392 0.633513 -0.683673
17940.000000 3.983900 62.724233 0.720028 -0.681624
17960.000000 3.954998 62.577491 0.801364 -0.679020
17980.000000 3.921464 62.430088 0.876964 -0.675894
18000.000000 3.884031 62.281962 0.946428 -0.672282
18020.000000 3.843435 62.133070 1.009513 -0.668226
18040.000000 3.800382 61.983390 1.066107 -0.663766
18060.000000 3.755521 61.832914 1.116218 -0.658941
18080.000000 3.709429 61.681653 1.159952 -0.653790
18100.000000 3.662604 61.529631 1.197491 -0.648346
18120.000000 3.615470 61.376884 1.229080 -0.642642
18140.000000 3.568376 61.223460 1.255003 -0.636707
18160.000000 3.521608 61.069413 1.275575 -0.630569
18180.000000 3.475396 60.914804 1.291123 -0.624251
18200.000000 3.429926 60.759701 1.301980 -0.617777
18220.000000 3.385343 60.604173 1.308478 -0.611167
18240.000000 3.341763 60.448293 1.310938 -0.604442
18260.000000 3.299277 60.292137 1.309672 -0.597620
18280.000000 3.257955 60.135779 1.304975 -0.590719
18300.000000 3.217849 59.979296 1.297128 -0.583755
18320.000000 3.178999 59.822765 1.286395 -0.576746
18340.000000 3.141433 59.666260 1.273025 -0.569708
18360.000000 3.105171 59.509857 1.257249 -0.562655
18380.000000 3.070222 59.353626 1.239285 -0.555604
18400.000000 3.036591 59.197640 1.219336 -0.548569
18420.000000 3.004278 59.041965 1.197590 -0.541566
18440.000000 2.973276 58.886666 1.174224 -0.534609
18460.000000 2.943575 58.731805 1.149402 -0.527713
18480.000000 2.915163 58.577438 1.123276 -0.520893
18500.000000 2.888025 58.423619 1.095988 -0.514163
18520.000000 2.862141 58.270396 1.067670 -0.507538
18540.000000 2.837493 58.117813 1.038441 -0.501031
18560.000000 2.814059 57.965909 1.008416 -0.494655
18580.000000 2.791815 57.814715 0.977695 -0.488425
18600.000000 2.770738 57.664261 0.946373 -0.482352
18620.000000 2.750802 57.514569 0.914536 -0.476450
18640.000000 2.731982 57.365654 0.882261 -0.470729
18660.000000 2.714251 57.217528 0.849618 -0.465202
18680.000000 2.697583 57.070196 0.816672 -0.459878
18700.000000 2.681950 56.923657 0.783477 -0.454768
18720.000000 2.667326 56.777907 0.750084 -0.449881
18740.000000 2.653683 56.632932 0.716537 -0.445225
18760.000000 2.640995 56.488719 0.682875 -0.440808
18780.000000 2.629235 56.345244 0.649132 -0.436636
18800.000000 2.618379 56.202483 0.615335 -0.432717
18820.000000 2.608400 56.060406 0.581512 -0.429056
18840.000000 2.599275 55.918978 0.547681 -0.425657
18860.000000 2.590981 55.778162 0.513863 -0.422524
18880.000000 2.583497 55.637916 0.480070 -0.419662
18900.000000 2.576800 55.498196 0.446316 -0.417073
18920.000000 2.570872 55.358954 0.412611 -0.414758
18940.000000 2.565694 55.220141 0.378962 -0.412721
18960.000000 2.561250 55.081706 0.345376 -0.410961
18980.000000 2.557524 54.943595 0.311859 -0.409479
19000.000000 2.554503 54.805752 0.278414 -0.408276
19020.000000 2.552174 54.668123 0.245045 -0.407350
19040.000000 2.550527 54.530651 0.211755 -0.406701
19060.000000 2.549551 54.393278 0.178546 -0.406328
19080.000000 2.549239 54.255947 0.145420 -0.406228
19100.000000 2.549584 54.118601 0.112380 -0.406400
19120.000000 2.550582 53.981185 0.079429 -0.406840
19140.000000 2.552229 53.843642 0.046570 -0.407547
19160.000000 2.554521 53.705918 0.013808 -0.408515
19180.000000 2.557459 53.567959 -0.018854 -0.409742
19200.000000 2.561042 53.429715 -0.051408 -0.411223
19220.000000 2.565270 53.291135 -0.083848 -0.412954
19240.000000 2.570147 53.152173 -0.116166 -0.414930
19260.000000 2.575675 53.012782 -0.148352 -0.417146
19280.000000 2.581858 52.872921 -0.180393 -0.419595
19300.000000 2.588700 52.732550 -0.212277 -0.422272
19320.000000 2.596207 52.591632 -0.243987 -0.425170
19340.000000 2.604384 52.450134 -0.275506 -0.428283
19360.000000 2.613237 52.308025 -0.306814 -0.431603
19380.000000 2.622772 52.165278 -0.337888 -0.435124
19400.000000 2.632996 52.021872 -0.368703 -0.438836
19420.000000 2.643915 51.877786 -0.399231 -0.442733
19440.000000 2.655536 51.733005 -0.429440 -0.446805
19460.000000 2.667865 51.587516 -0.459297 -0.451044
19480.000000 2.680908 51.441313 -0.488765 -0.455442
19500.000000 2.694673 51.294391 -0.517801 -0.459988
19520.000000 2.709164 51.146751 -0.546363 -0.464675
19540.000000 2.724389 50.998395 -0.574402 -0.469492
19560.000000 2.740354 50.849332 -0.601866 -0.474432
19580.000000 2.757064 50.699572 -0.628700 -0.479483
19600.000000 2.774526 50.549132 -0.654845 -0.484638
19620.000000 2.792747 50.398028 -0.680237 -0.489888
19640.000000 2.811735 50.246282 -0.704808 -0.495224
19660.000000 2.831497 50.093920 -0.728487 -0.500637
19680.000000 2.852043 49.940970 -0.751197 -0.506121
19700.000000 2.873384 49.787461 -0.772858 -0.511667
19720.000000 2.895533 49.633429 -0.793383 -0.517268
19740.000000 2.918503 49.478907 -0.812682 -0.522919
19760.000000 2.942311 49.323937 -0.830658 -0.528614
19780.000000 2.966977 49.168557 -0.847209 -0.534346
19800.000000 2.992523 49.012811 -0.862227 -0.540111
19820.000000 3.018974 48.856745 -0.875594 -0.545906
19840.000000 3.046358 48.700405 -0.887189 -0.551725
19860.000000 3.074706 48.543841 -0.896876 -0.557567
19880.000000 3.104054 48.387104 -0.904516 -0.563426
19900.000000 3.134438 48.230247 -0.909953 -0.569301
19920.000000 3.165899 48.073326 -0.913023 -0.575189
19940.000000 3.198477 47.916397 -0.913549 -0.581086
19960.000000 3.232213 47.759520 -0.911337 -0.586988
19980.000000 3.267148 47.602756 -0.906179 -0.592892
20000.000000 3.303315 47.446168 -0.897853 -0.598791
20020.000000 3.340742 47.289821 -0.886117 -0.604680
20040.000000 3.379445 47.133783 -0.870714 -0.610550
20060.000000 3.419420 46.978120 -0.851374 -0.616390
20080.000000 3.460640 46.822903 -0.827812 -0.622188
20100.000000 3.503042 46.668198 -0.799735 -0.627927
20120.000000 3.546520 46.514073 -0.766845 -0.633589
20140.000000 3.590913 46.360591 -0.728852 -0.639150
20160.000000 3.635990 46.207810 -0.685482 -0.644583
20180.000000 3.681441 46.055781 -0.636490 -0.649857
20200.000000 3.726867 45.904545 -0.581680 -0.654937
20220.000000 3.771774 45.754127 -0.520926 -0.659785
20240.000000 3.815572 45.604540 -0.454190 -0.664357
20260.000000 3.857586 45.455775 -0.381549 -0.668610
20280.000000 3.897071 45.307803 -0.303220 -0.672500
20300.000000 3.933243 45.160573 -0.219575 -0.675981
20320.000000 3.965308 45.014013 -0.131161 -0.679013
20340.000000 3.992509 44.868027 -0.038701 -0.681558
20360.000000 4.014165 44.722501 0.056910 -0.683583
20380.000000 4.029707 44.577306 0.154636 -0.685061
20400.000000 4.038715 44.432300 0.253334 -0.685968
20420.000000 4.040943 44.287338 0.351807 -0.686289
20440.000000 4.036330 44.142272 0.448863 -0.686011
20460.000000 4.025010 43.996964 0.543369 -0.685131
20480.000000 4.007297 43.851286 0.634300 -0.683657
20500.000000 3.983666 43.705122 0.720771 -0.681603
20520.000000 3.954720 43.558375 0.802059 -0.678994
20540.000000 3.921148 43.410966 0.877606 -0.675864
20560.000000 3.883684 43.262833 0.947015 -0.672248
20580.000000 3.843064 43.113934 1.010042 -0.668188
20600.000000 3.799992 42.964247 1.066579 -0.663725
20620.000000 3.755118 42.813764 1.116633 -0.658897
20640.000000 3.709017 42.662496 1.160311 -0.653743
20660.000000 3.662188 42.510467 1.197796 -0.648297
20680.000000 3.615053 42.357715 1.229334 -0.642591
20700.000000 3.567961 42.204285 1.255208 -0.636654
20720.000000 3.521197 42.050232 1.275734 -0.630514
20740.000000 3.474991 41.895619 1.291239 -0.624194
20760.000000 3.429527 41.740512 1.302056 -0.617719
20780.000000 3.384953 41.584980 1.308517 -0.611108
20800.000000 3.341382 41.429098 1.310943 -0.604382
20820.000000 3.298906 41.272939 1.309645 -0.597559
20840.000000 3.257594 41.116580 1.304919 -0.590657
20860.000000 3.217499 40.960097 1.297045 -0.583694
20880.000000 3.178661 40.803565 1.286288 -0.576684
20900.000000 3.141107 40.647061 1.272896 -0.569645
20920.000000 3.104856 40.490659 1.257100 -0.562593
20940.000000 3.069919 40.334430 1.239117 -0.555541
20960.000000 3.036300 40.178446 1.219151 -0.548507
20980.000000 3.003998 40.022774 1.197390 -0.541504
21000.000000 2.973007 39.867479 1.174011 -0.534547
21020.000000 2.943318 39.712622 1.149176 -0.527652
21040.000000 2.914918 39.558260 1.123040 -0.520833
21060.000000 2.887790 39.404446 1.095742 -0.514104
21080.000000 2.861918 39.251228 1.067415 -0.507480
21100.000000 2.837281 39.098651 1.038179 -0.500974
21120.000000 2.813857 38.946753 1.008147 -0.494599
21140.000000 2.791623 38.795566 0.977420 -0.488370
21160.000000 2.770556 38.645119 0.946093 -0.482299
21180.000000 2.750631 38.495433 0.914252 -0.476398
21200.000000 2.731821 38.346525 0.881973 -0.470679
21220.000000 2.714099 38.198406 0.849328 -0.465154
21240.000000 2.697440 38.051081 0.816379 -0.459832
21260.000000 2.681817 37.904550 0.783182 -0.454724
21280.000000 2.667201 37.758806 0.749788 -0.449839
21300.000000 2.653567 37.613838 0.716240 -0.445185
21320.000000 2.640887 37.469631 0.682577 -0.440770
21340.000000 2.629135 37.326163 0.648833 -0.436601
21360.000000 2.618287 37.183408 0.615036 -0.432684
21380.000000 2.608316 37.041337 0.581212 -0.429025
21400.000000 2.599198 36.899915 0.547382 -0.425628
21420.000000 2.590912 36.759104 0.513564 -0.422498
21440.000000 2.583434 36.618862 0.479771 -0.419638
21460.000000 2.576744 36.479147 0.446018 -0.417051
21480.000000 2.570823 36.339909 0.412313 -0.414739
21500.000000 2.565652 36.201100 0.378664 -0.412704
21520.000000 2.561214 36.062668 0.345079 -0.410946
21540.000000 2.557495 35.924559 0.311563 -0.409467
21560.000000 2.554480 35.786719 0.278119 -0.408266
21580.000000 2.552157 35.649091 0.244750 -0.407343
21600.000000 2.550515 35.511620 0.211461 -0.406697
21620.000000 2.549545 35.374247 0.178252 -0.406326
21640.000000 2.549239 35.236917 0.145127 -0.406229
21660.000000 2.549590 35.099571 0.112088 -0.406403
21680.000000 2.550594 34.962154 0.079138 -0.406846
21700.000000 2.552246 34.824609 0.046280 -0.407554
21720.000000 2.554544 34.686883 0.013519 -0.408525
21740.000000 2.557488 34.548922 -0.019142 -0.409754
21760.000000 2.561076 34.410675 -0.051696 -0.411238
21780.000000 2.565311 34.272093 -0.084135 -0.412971
21800.000000 2.570193 34.133126 -0.116452 -0.414949
21820.000000 2.575727 33.993732 -0.148636 -0.417166
21840.000000 2.581916 33.853867 -0.180676 -0.419617
21860.000000 2.588764 33.713491 -0.212558 -0.422296
21880.000000 2.596277 33.572568 -0.244266 -0.425197
21900.000000 2.604459 33.431064 -0.275784 -0.428311
21920.000000 2.613318 33.288950 -0.307090 -0.431634
21940.000000 2.622860 33.146198 -0.338162 -0.435156
21960.000000 2.633089 33.002785 -0.368974 -0.438870
21980.000000 2.644015 32.858693 -0.399499 -0.442768
22000.000000 2.655642 32.713905 -0.429706 -0.446842
22020.000000 2.667977 32.568411 -0.459560 -0.451082
22040.000000 2.681027 32.422201 -0.489024 -0.455481
22060.000000 2.694798 32.275273 -0.518056 -0.460029
22080.000000 2.709296 32.127626 -0.546614 -0.464717
22100.000000 2.724527 31.979264 -0.574648 -0.469536
22120.000000 2.740498 31.830195 -0.602107 -0.474476
22140.000000 2.757215 31.680429 -0.628935 -0.479528
22160.000000 2.774684 31.529983 -0.655073 -0.484684
22180.000000 2.792912 31.378873 -0.680458 -0.489935
22200.000000 2.811906 31.227122 -0.705022 -0.495271
22220.000000 2.831675 31.074755 -0.728692 -0.500685
22240.000000 2.852229 30.921799 -0.751393 -0.506169
22260.000000 2.873577 30.768286 -0.773044 -0.511716
22280.000000 2.895732 30.614249 -0.793559 -0.517318
22300.000000 2.918710 30.459723 -0.812847 -0.522970
22320.000000 2.942526 30.304749 -0.830811 -0.528664
22340.000000 2.967200 30.149365 -0.847349 -0.534397
22360.000000 2.992753 29.993617 -0.862352 -0.540162
22380.000000 3.019212 29.837548 -0.875705 -0.545957
22400.000000 3.046604 29.681206 -0.887283 -0.551777
22420.000000 3.074962 29.524640 -0.896953 -0.557618
22440.000000 3.104318 29.367902 -0.904574 -0.563478
22460.000000 3.134712 29.211044 -0.909991 -0.569353
22480.000000 3.166182 29.054122 -0.913040 -0.575241
22500.000000 3.198770 28.897194 -0.913542 -0.581138
22520.000000 3.232517 28.740317 -0.911304 -0.587040
22540.000000 3.267462 28.583554 -0.906120 -0.592944
22560.000000 3.303640 28.426968 -0.897764 -0.598844
22580.000000 3.341079 28.270624 -0.885997 -0.604732
22600.000000 3.379793 28.114589 -0.870561 -0.610602
22620.000000 3.419779 27.958930 -0.851185 -0.616442
22640.000000 3.461010 27.803717 -0.827584 -0.622239
22660.000000 3.503422 27.649017 -0.799465 -0.627978
22680.000000 3.546909 27.494897 -0.766532 -0.633638
22700.000000 3.591309 27.341421 -0.728492 -0.639198
22720.000000 3.636391 27.188646 -0.685073 -0.644630
22740.000000 3.681843 27.036625 -0.636030 -0.649903
22760.000000 3.727267 26.885395 -0.581169 -0.654981
22780.000000 3.772167 26.734985 -0.520362 -0.659826
22800.000000 3.815953 26.585405 -0.453573 -0.664396
22820.000000 3.857948 26.436647 -0.380881 -0.668646
22840.000000 3.897407 26.288682 -0.302502 -0.672532
22860.000000 3.933545 26.141459 -0.218812 -0.676010
22880.000000 3.965571 25.994904 -0.130359 -0.679038
22900.000000 3.992726 25.848922 -0.037868 -0.681578
22920.000000 4.014330 25.703400 0.057767 -0.683599
22940.000000 4.029815 25.558208 0.155507 -0.685071
22960.000000 4.038765 25.413203 0.254208 -0.685974
22980.000000 4.040932 25.268240 0.352674 -0.686289
23000.000000 4.036259 25.123173 0.449712 -0.686006
23020.000000 4.024881 24.977862 0.544190 -0.685121
23040.000000 4.007114 24.832180 0.635085 -0.683641
23060.000000 3.983433 24.686011 0.721514 -0.681582
23080.000000 3.954442 24.539259 0.802753 -0.678969
23100.000000 3.920833 24.391844 0.878247 -0.675834
23120.000000 3.883338 24.243704 0.947601 -0.672214
23140.000000 3.842693 24.094799 1.010571 -0.668151
23160.000000 3.799602 23.945104 1.067050 -0.663684
23180.000000 3.754714 23.794614 1.117047 -0.658853
23200.000000 3.708605 23.643339 1.160669 -0.653696
23220.000000 3.661772 23.491304 1.198101 -0.648247
23240.000000 3.614636 23.338545 1.229587 -0.642539
23260.000000 3.567545 23.185109 1.255413 -0.636600
23280.000000 3.520785 23.031052 1.275893 -0.630458
23300.000000 3.474585 22.876434 1.291354 -0.624138
23320.000000 3.429129 22.721322 1.302132 -0.617661
23340.000000 3.384563 22.565788 1.308555 -0.611049
23360.000000 3.341002 22.409902 1.310947 -0.604322
23380.000000 3.298536 22.253742 1.309617 -0.597498
23400.000000 3.257234 22.097381 1.304862 -0.590596
23420.000000 3.217150 21.940897 1.296962 -0.583632
23440.000000 3.178323 21.784365 1.286181 -0.576622
23460.000000 3.140780 21.627862 1.272766 -0.569583
23480.000000 3.104541 21.471461 1.256950 -0.562530
23500.000000 3.069615 21.315234 1.238949 -0.555479
23520.000000 3.036008 21.159253 1.218966 -0.548445
23540.000000 3.003718 21.003584 1.197190 -0.541442
23560.000000 2.972739 20.848292 1.173797 -0.534486
23580.000000 2.943061 20.693439 1.148951 -0.527592
23600.000000 2.914672 20.539082 1.122803 -0.520773
23620.000000 2.887556 20.385273 1.095496 -0.514045
23640.000000 2.861694 20.232061 1.067160 -0.507422
23660.000000 2.837068 20.079489 1.037917 -0.500917
23680.000000 2.813655 19.927597 1.007878 -0.494544
23700.000000 2.791432 19.776417 0.977145 -0.488316
23720.000000 2.770375 19.625976 0.945814 -0.482246
23740.000000 2.750460 19.476297 0.913968 -0.476347
23760.000000 2.731659 19.327396 0.881686 -0.470630
23780.000000 2.713947 19.179284 0.849038 -0.465106
23800.000000 2.697298 19.031966 0.816086 -0.459786
23820.000000 2.681683 18.885442 0.782888 -0.454680
23840.000000 2.667076 18.739705 0.749492 -0.449796
23860.000000 2.653450 18.594744 0.715943 -0.445145
23880.000000 2.640779 18.450544 0.682279 -0.440732
23900.000000 2.629035 18.307082 0.648534 -0.436565
23920.000000 2.618195 18.164334 0.614737 -0.432650
23940.000000 2.608231 18.022268 0.580913 -0.428993
23960.000000 2.599121 17.880851 0.547083 -0.425599
23980.000000 2.590842 17.740046 0.513264 -0.422471
24000.000000 2.583371 17.599809 0.479472 -0.419614
24020.000000 2.576688 17.460098 0.445719 -0.417029
24040.000000 2.570774 17.320864 0.412015 -0.414720
24060.000000 2.565609 17.182059 0.378367 -0.412687
24080.000000 2.561178 17.043630 0.344783 -0.410932
24100.000000 2.557465 16.905524 0.311267 -0.409455
24120.000000 2.554456 16.767685 0.277823 -0.408257
24140.000000 2.552139 16.630060 0.244455 -0.407336
24160.000000 2.550504 16.492589 0.211167 -0.406692
24180.000000 2.549540 16.355217 0.177959 -0.406324
24200.000000 2.549239 16.217887 0.144834 -0.406229
24220.000000 2.549596 16.080541 0.111796 -0.406405
24240.000000 2.550606 15.943123 0.078847 -0.406851
24260.000000 2.552264 15.805577 0.045990 -0.407561
24280.000000 2.554568 15.667849 0.013229 -0.408535
24300.000000 2.557517 15.529886 -0.019430 -0.409766
24320.000000 2.561111 15.391636 -0.051983 -0.411252
24340.000000 2.565351 15.253050 -0.084421 -0.412987
24360.000000 2.570239 15.114080 -0.116737 -0.414967
24380.000000 2.575779 14.974682 -0.148920 -0.417187
24400.000000 2.581973 14.834812 -0.180959 -0.419640
24420.000000 2.588828 14.694431 -0.212839 -0.422321
24440.000000 2.596346 14.553503 -0.244546 -0.425223
24460.000000 2.604535 14.411994 -0.276062 -0.428340
24480.000000 2.613400 14.269874 -0.307366 -0.431664
24500.000000 2.622947 14.127117 -0.338435 -0.435188
24520.000000 2.633183 13.983699 -0.369246 -0.438903
24540.000000 2.644114 13.839600 -0.399768 -0.442803
24560.000000 2.655748 13.694806 -0.429972 -0.446878
24580.000000 2.668089 13.549306 -0.459822 -0.451121
24600.000000 2.681145 13.403090 -0.489282 -0.455521
24620.000000 2.694923 13.256155 -0.518311 -0.460070
24640.000000 2.709427 13.108502 -0.546864 -0.464759
24660.000000 2.724665 12.960134 -0.574893 -0.469579
24680.000000 2.740643 12.811058 -0.602347 -0.474520
24700.000000 2.757366 12.661286 -0.629169 -0.479573
24720.000000 2.774842 12.510834 -0.655301 -0.484730
24740.000000 2.793076 12.359718 -0.680679 -0.489982
24760.000000 2.812078 12.207962 -0.705235 -0.495319
24780.000000 2.831854 12.055589 -0.728897 -0.500734
24800.000000 2.852414 11.902629 -0.751590 -0.506218
24820.000000 2.873769 11.749110 -0.773231 -0.511765
24840.000000 2.895932 11.595069 -0.793735 -0.517368
24860.000000 2.918917 11.440539 -0.813011 -0.523020
24880.000000 2.942740 11.285561 -0.830963 -0.528715
24900.000000 2.967422 11.130174 -0.847489 -0.534448
24920.000000 2.992983 10.974422 -0.862478 -0.540214
24940.000000 3.019450 10.818351 -0.875815 -0.546009
24960.000000 3.046851 10.662007 -0.887377 -0.551828
24980.000000 3.075217 10.505439 -0.897030 -0.557670
25000.000000 3.104583 10.348700 -0.904631 -0.563530
25020.000000 3.134986 10.191841 -0.910028 -0.569405
25040.000000 3.166466 10.034919 -0.913055 -0.575293
25060.000000 3.199064 9.877991 -0.913534 -0.581190
25080.000000 3.232821 9.721115 -0.911272 -0.587093
25100.000000 3.267777 9.564353 -0.906060 -0.592996
25120.000000 3.303966 9.407769 -0.897675 -0.598896
25140.000000 3.341416 9.251427 -0.885877 -0.604784
25160.000000 3.380141 9.095395 -0.870407 -0.610654
25180.000000 3.420139 8.939740 -0.850995 -0.616493
25200.000000 3.461380 8.784531 -0.827356 -0.622290
25220.000000 3.503802 8.629836 -0.799195 -0.628028
25240.000000 3.547298 8.475721 -0.766218 -0.633688
25260.000000 3.591705 8.322251 -0.728132 -0.639247
25280.000000 3.636792 8.169483 -0.684664 -0.644677
25300.000000 3.682246 8.017468 -0.635571 -0.649949
25320.000000 3.727667 7.866246 -0.580657 -0.655025
25340.000000 3.772560 7.715844 -0.519797 -0.659868
25360.000000 3.816333 7.566271 -0.452955 -0.664435
25380.000000 3.858309 7.417520 -0.380212 -0.668682
25400.000000 3.897743 7.269562 -0.301784 -0.672565
25420.000000 3.933848 7.122344 -0.218050 -0.676039
25440.000000 3.965833 6.975795 -0.129557 -0.679062
25460.000000 3.992942 6.829818 -0.037034 -0.681598
25480.000000 4.014494 6.684300 0.058624 -0.683614
25500.000000 4.029924 6.539109 0.156378 -0.685082
25520.000000 4.038814 6.394106 0.255082 -0.685979
25540.000000 4.040920 6.249142 0.353540 -0.686289
25560.000000 4.036188 6.104074 0.450560 -0.686000
25580.000000 4.024751 5.958760 0.545011 -0.685111
25600.000000 4.006929 5.813074 0.635871 -0.683626
25620.000000 3.983199 5.666901 0.722256 -0.681562
25640.000000 3.954164 5.520143 0.803447 -0.678943
25660.000000 3.920517 5.372721 0.878888 -0.675804
25680.000000 3.882991 5.224575 0.948186 -0.672180
25700.000000 3.842321 5.075663 1.011099 -0.668113
25720.000000 3.799212 4.925961 1.067520 -0.663643
25740.000000 3.754311 4.775464 1.117461 -0.658809
25760.000000 3.708193 4.624183 1.161027 -0.653649
25780.000000 3.661356 4.472141 1.198405 -0.648198
25800.000000 3.614219 4.319376 1.229840 -0.642487
25820.000000 3.567130 4.165934 1.255617 -0.636547
25840.000000 3.520374 4.011871 1.276051 -0.630403
25860.000000 3.474179 3.857249 1.291470 -0.624081
25880.000000 3.428730 3.702133 1.302207 -0.617603
25900.000000 3.384173 3.546595 1.308594 -0.610990
25920.000000 3.340621 3.390707 1.310951 -0.604262
25940.000000 3.298165 3.234544 1.309590 -0.597438
25960.000000 3.256874 3.078182 1.304806 -0.590535
25980.000000 3.216801 2.921697 1.296879 -0.583570
26000.000000 3.177985 2.765166 1.286073 -0.576560
26020.000000 3.140454 2.608663 1.272636 -0.569521
26040.000000 3.104226 2.452263 1.256800 -0.562468
26060.000000 3.069312 2.296038 1.238781 -0.555417
26080.000000 3.035717 2.140059 1.218781 -0.548382
26100.000000 3.003438 1.984393 1.196990 -0.541380
26120.000000 2.972470 1.829105 1.173583 -0.534425
26140.000000 2.942804 1.674256 1.148725 -0.527531
26160.000000 2.914427 1.519903 1.122566 -0.520713
26180.000000 2.887322 1.366100 1.095249 -0.513986
26200.000000 2.861471 1.212893 1.066905 -0.507364
26220.000000 2.836856 1.060328 1.037654 -0.500860
26240.000000 2.813453 0.908441 1.007609 -0.494488
26260.000000 2.791241 0.757267 0.976871 -0.488261
26280.000000 2.770194 0.606833 0.945534 -0.482193
26300.000000 2.750288 0.457161 0.913684 -0.476295
26320.000000 2.731498 0.308268 0.881399 -0.470580
26340.000000 2.713795 0.160163 0.848748 -0.465058
26360.000000 2.697155 0.012852 0.815794 -0.459740
26380.000000 2.681549 -0.133666 0.782593 -0.454636
26400.000000 2.666951 -0.279396 0.749196 -0.449754
26420.000000 2.653334 -0.424350 0.715645 -0.445104
26440.000000 2.640671 -0.568544 0.681981 -0.440694
26460.000000 2.628936 -0.711999 0.648235 -0.436529
26480.000000 2.618103 -0.854741 0.614438 -0.432617
26500.000000 2.608147 -0.996801 0.580614 -0.428962
26520.000000 2.599044 -1.138212 0.546784 -0.425570
26540.000000 2.590772 -1.279012 0.512965 -0.422445
26560.000000 2.583309 -1.419244 0.479174 -0.419590
26580.000000 2.576633 -1.558951 0.445421 -0.417008
26600.000000 2.570725 -1.698180 0.411717 -0.414701
26620.000000 2.565567 -1.836982 0.378070 -0.412670
26640.000000 2.561142 -1.975408 0.344486 -0.410918
26660.000000 2.557435 -2.113512 0.310970 -0.409444
26680.000000 2.554433 -2.251348 0.277528 -0.408248
26700.000000 2.552122 -2.388972 0.244161 -0.407329
26720.000000 2.550492 -2.526441 0.210872 -0.406688
26740.000000 2.549534 -2.663813 0.177665 -0.406322
26760.000000 2.549240 -2.801143 0.144542 -0.406229
26780.000000 2.549602 -2.938490 0.111504 -0.406408
26800.000000 2.550617 -3.075909 0.078556 -0.406856
26820.000000 2.552281 -3.213456 0.045700 -0.407569
26840.000000 2.554591 -3.351185 0.012940 -0.408544
26860.000000 2.557546 -3.489151 -0.019719 -0.409778
26880.000000 2.561145 -3.627403 -0.052270 -0.411266
26900.000000 2.565391 -3.765993 -0.084708 -0.413004
26920.000000 2.570285 -3.904966 -0.117022 -0.414986
26940.000000 2.575831 -4.044368 -0.149204 -0.417208
26960.000000 2.582031 -4.184243 -0.181241 -0.419663
26980.000000 2.588891 -4.324628 -0.213120 -0.422346
27000.000000 2.596416 -4.465561 -0.244826 -0.425250
27020.000000 2.604610 -4.607075 -0.276339 -0.428368
27040.000000 2.613481 -4.749201 -0.307641 -0.431694
27060.000000 2.623035 -4.891964 -0.338709 -0.435220
27080.000000 2.633277 -5.035388 -0.369517 -0.438937
27100.000000 2.644214 -5.179493 -0.400037 -0.442839
27120.000000 2.655854 -5.324293 -0.430237 -0.446915
27140.000000 2.668201 -5.469800 -0.460085 -0.451159
27160.000000 2.681264 -5.616022 -0.489541 -0.455560
27180.000000 2.695048 -5.762963 -0.518566 -0.460111
27200.000000 2.709559 -5.910622 -0.547114 -0.464801
27220.000000 2.724803 -6.058997 -0.575139 -0.469622
27240.000000 2.740788 -6.208079 -0.602587 -0.474564
27260.000000 2.757518 -6.357857 -0.629403 -0.479619
27280.000000 2.775000 -6.508315 -0.655529 -0.484776
27300.000000 2.793241 -6.659436 -0.680900 -0.490028
27320.000000 2.812249 -6.811198 -0.705448 -0.495366
27340.000000 2.832032 -6.963576 -0.729102 -0.500782
27360.000000 2.852599 -7.116542 -0.751786 -0.506267
27380.000000 2.873962 -7.270065 -0.773417 -0.511815
27400.000000 2.896132 -7.424111 -0.793911 -0.517418
27420.000000 2.919124 -7.578645 -0.813176 -0.523070
27440.000000 2.942955 -7.733627 -0.831116 -0.528765
27460.000000 2.967644 -7.889017 -0.847628 -0.534498
27480.000000 2.993214 -8.044772 -0.862603 -0.540265
27500.000000 3.019689 -8.200846 -0.875926 -0.546060
27520.000000 3.047098 -8.357192 -0.887471 -0.551880
27540.000000 3.075472 -8.513762 -0.897106 -0.557722
27560.000000 3.104847 -8.670502 -0.904689 -0.563582
27580.000000 3.135259 -8.827362 -0.910066 -0.569458
27600.000000 3.166749 -8.984284 -0.913071 -0.575345
27620.000000 3.199357 -9.141212 -0.913526 -0.581242
27640.000000 3.233125 -9.298087 -0.911239 -0.587145
27660.000000 3.268091 -9.454848 -0.906000 -0.593049
27680.000000 3.304292 -9.611430 -0.897586 -0.598948
27700.000000 3.341753 -9.767769 -0.885756 -0.604836
27720.000000 3.380489 -9.923799 -0.870253 -0.610705
27740.000000 3.420498 -10.079450 -0.850805 -0.616545
27760.000000 3.461750 -10.234655 -0.827127 -0.622341
27780.000000 3.504183 -10.389345 -0.798925 -0.628079
27800.000000 3.547688 -10.543454 -0.765904 -0.633738
27820.000000 3.592102 -10.696918 -0.727772 -0.639296
27840.000000 3.637193 -10.849680 -0.684255 -0.644725
27860.000000 3.682648 -11.001688 -0.635111 -0.649994
27880.000000 3.728068 -11.152903 -0.580145 -0.655069
27900.000000 3.772953 -11.303298 -0.519232 -0.659910
27920.000000 3.816713 -11.452863 -0.452338 -0.664474
27940.000000 3.858670 -11.601607 -0.379543 -0.668718
27960.000000 3.898078 -11.749559 -0.301066 -0.672597
27980.000000 3.934150 -11.896770 -0.217287 -0.676067
28000.000000 3.966096 -12.043314 -0.128756 -0.679087
28020.000000 3.993158 -12.189286 -0.036200 -0.681618
28040.000000 4.014658 -12.334801 0.059481 -0.683629
28060.000000 4.030032 -12.479989 0.157248 -0.685092
28080.000000 4.038862 -12.624992 0.255956 -0.685984
28100.000000 4.040908 -12.769955 0.354406 -0.686289
28120.000000 4.036116 -12.915025 0.451409 -0.685995
28140.000000 4.024621 -13.060341 0.545832 -0.685100
28160.000000 4.006744 -13.206032 0.636656 -0.683610
28180.000000 3.982964 -13.352210 0.722998 -0.681541
28200.000000 3.953886 -13.498973 0.804140 -0.678918
28220.000000 3.920201 -13.646401 0.879528 -0.675774
28240.000000 3.882644 -13.794554 0.948771 -0.672146
28260.000000 3.841949 -13.943473 1.011626 -0.668075
28280.000000 3.798822 -14.093182 1.067990 -0.663601
28300.000000 3.753908 -14.243686 1.117874 -0.658765
28320.000000 3.707781 -14.394974 1.161385 -0.653602
28340.000000 3.660939 -14.547022 1.198709 -0.648148
28360.000000 3.613801 -14.699794 1.230092 -0.642436
28380.000000 3.566714 -14.853241 1.255821 -0.636493
28400.000000 3.519962 -15.007309 1.276209 -0.630348
28420.000000 3.473774 -15.161936 1.291585 -0.624024
28440.000000 3.428332 -15.317056 1.302282 -0.617545
28460.000000 3.383783 -15.472598 1.308632 -0.610931
28480.000000 3.340241 -15.628488 1.310955 -0.604202
28500.000000 3.297795 -15.784653 1.309562 -0.597377
28520.000000 3.256514 -15.941017 1.304749 -0.590473
28540.000000 3.216452 -16.097502 1.296796 -0.583508
28560.000000 3.177648 -16.254034 1.285966 -0.576498
28580.000000 3.140128 -16.410536 1.272507 -0.569458
28600.000000 3.103912 -16.566935 1.256650 -0.562405
28620.000000 3.069009 -16.723158 1.238612 -0.555354
28640.000000 3.035425 -16.879134 1.218596 -0.548320
28660.000000 3.003158 -17.034797 1.196790 -0.541319
28680.000000 2.972202 -17.190081 1.173370 -0.534364
28700.000000 2.942548 -17.344926 1.148499 -0.527470
28720.000000 2.914181 -17.499275 1.122329 -0.520653
28740.000000 2.887087 -17.653073 1.095003 -0.513927
28760.000000 2.861248 -17.806274 1.066650 -0.507306
28780.000000 2.836643 -17.958834 1.037392 -0.500803
28800.000000 2.813251 -18.110714 1.007340 -0.494432
28820.000000 2.791049 -18.261881 0.976596 -0.488207
28840.000000 2.770013 -18.412309 0.945255 -0.482140
28860.000000 2.750117 -18.561974 0.913401 -0.476244
28880.000000 2.731336 -18.710861 0.881111 -0.470530
28900.000000 2.713644 -18.858959 0.848457 -0.465010
28920.000000 2.697013 -19.006263 0.815501 -0.459694
28940.000000 2.681416 -19.152773 0.782298 -0.454591
28960.000000 2.666827 -19.298497 0.748899 -0.449712
28980.000000 2.653218 -19.443444 0.715348 -0.445064
29000.000000 2.640563 -19.587631 0.681682 -0.440656
29020.000000 2.628836 -19.731080 0.647936 -0.436493
29040.000000 2.618011 -19.873816 0.614139 -0.432583
29060.000000 2.608063 -20.015869 0.580315 -0.428931
29080.000000 2.598968 -20.157275 0.546484 -0.425541
29100.000000 2.590703 -20.298070 0.512666 -0.422419
29120.000000 2.583246 -20.438297 0.478875 -0.419566
29140.000000 2.576577 -20.577999 0.445123 -0.416986
29160.000000 2.570676 -20.717225 0.411419 -0.414682
29180.000000 2.565524 -20.856023 0.377772 -0.412654
29200.000000 2.561106 -20.994446 0.344189 -0.410904
29220.000000 2.557406 -21.132547 0.310674 -0.409432
29240.000000 2.554409 -21.270381 0.277232 -0.408238
29260.000000 2.552105 -21.408004 0.243866 -0.407322
29280.000000 2.550481 -21.545472 0.210578 -0.406683
29300.000000 2.549529 -21.682842 0.177372 -0.406320
29320.000000 2.549240 -21.820173 0.144249 -0.406230
29340.000000 2.549609 -21.957520 0.111213 -0.406411
29360.000000 2.550629 -22.094940 0.078265 -0.406861
29380.000000 2.552299 -22.232488 0.045409 -0.407576
29400.000000 2.554614 -22.370220 0.012650 -0.408554
29420.000000 2.557575 -22.508187 -0.020007 -0.409790
29440.000000 2.561180 -22.646443 -0.052558 -0.411280
29460.000000 2.565432 -22.785035 -0.084994 -0.413020
29480.000000 2.570332 -22.924012 -0.117308 -0.415005
29500.000000 2.575883 -23.063419 -0.149488 -0.417228
29520.000000 2.582089 -23.203297 -0.181524 -0.419686
29540.000000 2.588955 -23.343687 -0.213402 -0.422371
29560.000000 2.596485 -23.484625 -0.245105 -0.425277
29580.000000 2.604686 -23.626144 -0.276617 -0.428397
29600.000000 2.613563 -23.768276 -0.307917 -0.431725
29620.000000 2.623122 -23.911045 -0.338983 -0.435252
29640.000000 2.633370 -24.054475 -0.369788 -0.438971
29660.000000 2.644314 -24.198585 -0.400305 -0.442874
29680.000000 2.655960 -24.343391 -0.430503 -0.446952
29700.000000 2.668314 -24.488905 -0.460347 -0.451197
29720.000000 2.681383 -24.635133 -0.489800 -0.455600
29740.000000 2.695173 -24.782081 -0.518821 -0.460152
29760.000000 2.709691 -24.929747 -0.547365 -0.464843
29780.000000 2.724942 -25.078128 -0.575384 -0.469665
29800.000000 2.740932 -25.227216 -0.602827 -0.474608
29820.000000 2.757669 -25.376999 -0.629638 -0.479664
29840.000000 2.775158 -25.527464 -0.655757 -0.484822
29860.000000 2.793406 -25.678591 -0.681121 -0.490075
29880.000000 2.812421 -25.830359 -0.705662 -0.495414
29900.000000 2.832210 -25.982742 -0.729307 -0.500830
29920.000000 2.852785 -26.135713 -0.751982 -0.506316
29940.000000 2.874154 -26.289240 -0.773604 -0.511864
29960.000000 2.896331 -26.443291 -0.794087 -0.517468
29980.000000 2.919331 -26.597829 -0.813341 -0.523120
30000.000000 2.943169 -26.752815 -0.831269 -0.528816
30020.000000 2.967866 -26.908208 -0.847767 -0.534549
30040.000000 2.993444 -27.063966 -0.862729 -0.540316
30060.000000 3.019927 -27.220043 -0.876036 -0.546111
30080.000000 3.047344 -27.376391 -0.887565 -0.551932
30100.000000 3.075728 -27.532962 -0.897182 -0.557774
30120.000000 3.105111 -27.689704 -0.904746 -0.563634
30140.000000 3.135533 -27.846565 -0.910103 -0.569510
30160.000000 3.167033 -28.003487 -0.913087 -0.575398
30180.000000 3.199651 -28.160415 -0.913518 -0.581295
30200.000000 3.233429 -28.317290 -0.911206 -0.587197
30220.000000 3.268406 -28.474049 -0.905940 -0.593101
30240.000000 3.304617 -28.630629 -0.897497 -0.599000
30260.000000 3.342090 -28.786966 -0.885636 -0.604888
30280.000000 3.380838 -28.942992 -0.870099 -0.610757
30300.000000 3.420858 -29.098640 -0.850614 -0.616596
30320.000000 3.462120 -29.253841 -0.826898 -0.622392
30340.000000 3.504563 -29.408526 -0.798655 -0.628129
30360.000000 3.548077 -29.562630 -0.765589 -0.633787
30380.000000 3.592498 -29.716088 -0.727411 -0.639344
30400.000000 3.637594 -29.868843 -0.683845 -0.644772
30420.000000 3.683051 -30.020844 -0.634650 -0.650040
30440.000000 3.728468 -30.172052 -0.579633 -0.655113
30460.000000 3.773346 -30.322440 -0.518667 -0.659951
30480.000000 3.817093 -30.471998 -0.451719 -0.664513
30500.000000 3.859031 -30.620734 -0.378873 -0.668754
30520.000000 3.898413 -30.768679 -0.300348 -0.672630
30540.000000 3.934452 -30.915884 -0.216524 -0.676096
30560.000000 3.966357 -31.062422 -0.127953 -0.679111
30580.000000 3.993374 -31.208390 -0.035366 -0.681639
30600.000000 4.014822 -31.353901 0.060338 -0.683645
30620.000000 4.030139 -31.499087 0.158119 -0.685103
30640.000000 4.038910 -31.644089 0.256830 -0.685990
30660.000000 4.040896 -31.789053 0.355272 -0.686289
30680.000000 4.036043 -31.934125 0.452257 -0.685990
30700.000000 4.024490 -32.079443 0.546653 -0.685089
30720.000000 4.006559 -32.225137 0.637440 -0.683594
30740.000000 3.982729 -32.371320 0.723740 -0.681520
30760.000000 3.953607 -32.518089 0.804833 -0.678892
30780.000000 3.919885 -32.665523 0.880168 -0.675744
30800.000000 3.882296 -32.813683 0.949355 -0.672112
30820.000000 3.841578 -32.962609 1.012154 -0.668037
30840.000000 3.798432 -33.112324 1.068460 -0.663560
30860.000000 3.753504 -33.262835 1.118286 -0.658720
30880.000000 3.707369 -33.414131 1.161741 -0.653555
30900.000000 3.660523 -33.566186 1.199012 -0.648099
30920.000000 3.613384 -33.718963 1.230344 -0.642384
30940.000000 3.566299 -33.872416 1.256024 -0.636440
30960.000000 3.519551 -34.026489 1.276366 -0.630293
30980.000000 3.473368 -34.181121 1.291700 -0.623968
31000.000000 3.427934 -34.336245 1.302357 -0.617487
31020.000000 3.383393 -34.491790 1.308669 -0.610872
31040.000000 3.339860 -34.647684 1.310958 -0.604142
31060.000000 3.297424 -34.803851 1.309534 -0.597316
31080.000000 3.256155 -34.960216 1.304692 -0.590412
31100.000000 3.216104 -35.116702 1.296712 -0.583446
31120.000000 3.177310 -35.273234 1.285858 -0.576436
31140.000000 3.139802 -35.429735 1.272376 -0.569396
31160.000000 3.103597 -35.586133 1.256499 -0.562343
31180.000000 3.068707 -35.742354 1.238444 -0.555292
31200.000000 3.035134 -35.898328 1.218411 -0.548258
31220.000000 3.002879 -36.053987 1.196590 -0.541257
31240.000000 2.971934 -36.209268 1.173156 -0.534302
31260.000000 2.942291 -36.364109 1.148273 -0.527410
31280.000000 2.913936 -36.518452 1.122093 -0.520594
31300.000000 2.886853 -36.672246 1.094757 -0.513868
31320.000000 2.861025 -36.825442 1.066395 -0.507247
31340.000000 2.836431 -36.977995 1.037129 -0.500746
31360.000000 2.813050 -37.129869 1.007071 -0.494376
31380.000000 2.790858 -37.281030 0.976321 -0.488153
31400.000000 2.769832 -37.431451 0.944975 -0.482087
31420.000000 2.749946 -37.581109 0.913117 -0.476193
31440.000000 2.731175 -37.729989 0.880824 -0.470480
31460.000000 2.713492 -37.878080 0.848167 -0.464962
31480.000000 2.696870 -38.025377 0.815208 -0.459648
31500.000000 2.681282 -38.171881 0.782004 -0.454547
31520.000000 2.666702 -38.317597 0.748603 -0.449670
31540.000000 2.653102 -38.462537 0.715051 -0.445024
31560.000000 2.640455 -38.606718 0.681384 -0.440618
31580.000000 2.628736 -38.750160 0.647638 -0.436458
31600.000000 2.617919 -38.892890 0.613840 -0.432550
31620.000000 2.607978 -39.034938 0.580015 -0.428900
31640.000000 2.598891 -39.176338 0.546185 -0.425513
31660.000000 2.590633 -39.317128 0.512367 -0.422392
31680.000000 2.583184 -39.457350 0.478576 -0.419542
31700.000000 2.576521 -39.597048 0.444824 -0.416965
31720.000000 2.570627 -39.736270 0.411121 -0.414662
31740.000000 2.565482 -39.875064 0.377475 -0.412637
31760.000000 2.561070 -40.013484 0.343892 -0.410889
31780.000000 2.557376 -40.151582 0.310378 -0.409420
31800.000000 2.554386 -40.289414 0.276937 -0.408229
31820.000000 2.552087 -40.427035 0.243571 -0.407316
31840.000000 2.550469 -40.564502 0.210284 -0.406679
31860.000000 2.549523 -40.701872 0.177079 -0.406318
31880.000000 2.549240 -40.839202 0.143957 -0.406230
31900.000000 2.549615 -40.976550 0.110921 -0.406414
31920.000000 2.550641 -41.113971 0.077974 -0.406866
31940.000000 2.552316 -41.251520 0.045119 -0.407584
31960.000000 2.554638 -41.389254 0.012361 -0.408564
31980.000000 2.557604 -41.527224 -0.020296 -0.409802
