0.000000 3.983899 196.004800 0.626859 -0.062381
20.000000 3.981971 195.991909 0.638883 -0.058954
40.000000 3.980085 195.979764 0.650468 -0.055385
60.000000 3.978259 195.968395 0.661603 -0.051682
80.000000 3.976505 195.957831 0.672280 -0.047851
100.000000 3.974840 195.948101 0.682492 -0.043898
120.000000 3.973276 195.939231 0.692230 -0.039828
140.000000 3.971828 195.931248 0.701488 -0.035650
160.000000 3.970509 195.924174 0.710261 -0.031369
180.000000 3.969331 195.918032 0.718543 -0.026991
200.000000 3.968305 195.912844 0.726329 -0.022525
220.000000 3.967441 195.908628 0.733615 -0.017975
240.000000 3.966751 195.905402 0.740397 -0.013351
260.000000 3.966243 195.903183 0.746670 -0.008657
280.000000 3.965926 195.901986 0.752431 -0.003901
300.000000 3.965805 195.901823 0.757677 0.000910
320.000000 3.965888 195.902705 0.762403 0.005769
340.000000 3.966181 195.904643 0.766606 0.010669
360.000000 3.966686 195.907644 0.770284 0.015604
380.000000 3.967408 195.911714 0.773431 0.020566
400.000000 3.968348 195.916859 0.776045 0.025548
420.000000 3.969509 195.923080 0.778122 0.030544
440.000000 3.970890 195.930380 0.779657 0.035547
460.000000 3.972490 195.938758 0.780649 0.040550
480.000000 3.974307 195.948211 0.781091 0.045545
500.000000 3.976338 195.958736 0.780980 0.050527
520.000000 3.978580 195.970328 0.780313 0.055488
540.000000 3.981026 195.982979 0.779085 0.060421
560.000000 3.983672 195.996680 0.777293 0.065321
580.000000 3.986509 196.011422 0.774931 0.070179
600.000000 3.989530 196.027192 0.771998 0.074990
620.000000 3.992725 196.043978 0.768488 0.079746
640.000000 3.996083 196.061764 0.764400 0.084441
660.000000 3.999595 196.080533 0.759729 0.089069
680.000000 4.003247 196.100269 0.754474 0.093623
700.000000 4.007026 196.120952 0.748633 0.098096
720.000000 4.010919 196.142562 0.742205 0.102482
740.000000 4.014911 196.165076 0.735188 0.106775
760.000000 4.018986 196.188471 0.727584 0.110968
780.000000 4.023127 196.212724 0.719393 0.115055
800.000000 4.027317 196.237808 0.710618 0.119029
820.000000 4.031540 196.263697 0.701262 0.122886
840.000000 4.035776 196.290363 0.691330 0.126619
860.000000 4.040008 196.317778 0.680827 0.130222
880.000000 4.044215 196.345910 0.669760 0.133689
900.000000 4.048379 196.374731 0.658138 0.137015
920.000000 4.052480 196.404208 0.645972 0.140196
940.000000 4.056499 196.434308 0.633273 0.143224
960.000000 4.060417 196.464999 0.620054 0.146097
980.000000 4.064214 196.496247 0.606331 0.148808
1000.000000 4.067871 196.528016 0.592122 0.151355
1020.000000 4.071370 196.560272 0.577443 0.153731
1040.000000 4.074693 196.592980 0.562317 0.155934
1060.000000 4.077824 196.626103 0.546766 0.157961
1080.000000 4.080745 196.659604 0.530813 0.159806
1100.000000 4.083442 196.693447 0.514484 0.161469
1120.000000 4.085901 196.727594 0.497808 0.162946
1140.000000 4.088108 196.762008 0.480812 0.164234
1160.000000 4.090052 196.796652 0.463528 0.165333
1180.000000 4.091723 196.831487 0.445987 0.166240
1200.000000 4.093113 196.866475 0.428223 0.166954
1220.000000 4.094214 196.901579 0.410269 0.167474
1240.000000 4.095020 196.936761 0.392162 0.167800
1260.000000 4.095529 196.971982 0.373937 0.167932
1280.000000 4.095738 197.007205 0.355632 0.167870
1300.000000 4.095648 197.042393 0.337282 0.167614
1320.000000 4.095258 197.077508 0.318926 0.167165
1340.000000 4.094574 197.112511 0.300602 0.166525
1360.000000 4.093599 197.147367 0.282346 0.165695
1380.000000 4.092340 197.182039 0.264197 0.164678
1400.000000 4.090805 197.216489 0.246190 0.163474
1420.000000 4.089004 197.250682 0.228361 0.162087
1440.000000 4.086947 197.284581 0.210747 0.160519
1460.000000 4.084648 197.318152 0.193381 0.158774
1480.000000 4.082119 197.351359 0.176296 0.156854
1500.000000 4.079375 197.384167 0.159525 0.154763
1520.000000 4.076432 197.416543 0.143097 0.152505
1540.000000 4.073305 197.448453 0.127042 0.150083
1560.000000 4.070013 197.479863 0.111388 0.147502
1580.000000 4.066572 197.510742 0.096161 0.144766
1600.000000 4.063001 197.541057 0.081385 0.141880
1620.000000 4.059318 197.570776 0.067082 0.138847
1640.000000 4.055543 197.599871 0.053274 0.135674
1660.000000 4.051693 197.628310 0.039980 0.132364
1680.000000 4.047788 197.656066 0.027217 0.128923
1700.000000 4.043847 197.683109 0.015002 0.125356
1720.000000 4.039887 197.709412 0.003349 0.121669
1740.000000 4.035927 197.734950 -0.007729 0.117867
1760.000000 4.031985 197.759696 -0.018221 0.113955
1780.000000 4.028078 197.783627 -0.028117 0.109939
1800.000000 4.024221 197.806718 -0.037409 0.105825
1820.000000 4.020433 197.828948 -0.046089 0.101619
1840.000000 4.016726 197.850296 -0.054152 0.097326
1860.000000 4.013117 197.870740 -0.061592 0.092952
1880.000000 4.009619 197.890263 -0.068406 0.088503
1900.000000 4.006244 197.908847 -0.074590 0.083986
1920.000000 4.003005 197.926476 -0.080144 0.079405
1940.000000 3.999912 197.943134 -0.085065 0.074768
1960.000000 3.996976 197.958807 -0.089354 0.070080
1980.000000 3.994205 197.973484 -0.093011 0.065348
2000.000000 3.991609 197.987153 -0.096036 0.060577
2020.000000 3.989193 197.999805 -0.098431 0.055774
2040.000000 3.986965 198.011431 -0.100197 0.050945
2060.000000 3.984929 198.022025 -0.101338 0.046096
2080.000000 3.983090 198.031582 -0.101855 0.041232
2100.000000 3.981450 198.040097 -0.101751 0.036362
2120.000000 3.980012 198.047568 -0.101030 0.031490
2140.000000 3.978777 198.053995 -0.099696 0.026623
2160.000000 3.977745 198.059378 -0.097751 0.021767
2180.000000 3.976915 198.063720 -0.095201 0.016929
2200.000000 3.976285 198.067023 -0.092050 0.012115
2220.000000 3.975852 198.069295 -0.088301 0.007330
2240.000000 3.975613 198.070541 -0.083960 0.002582
2260.000000 3.975562 198.070769 -0.079033 -0.002123
2280.000000 3.975695 198.069990 -0.073524 -0.006779
2300.000000 3.976003 198.068215 -0.067440 -0.011380
2320.000000 3.976481 198.065456 -0.060786 -0.015920
2340.000000 3.977118 198.061729 -0.053570 -0.020391
2360.000000 3.977907 198.057048 -0.045798 -0.024788
2380.000000 3.978838 198.051431 -0.037479 -0.029105
2400.000000 3.979898 198.044897 -0.028620 -0.033335
2420.000000 3.981078 198.037465 -0.019231 -0.037473
2440.000000 3.982364 198.029157 -0.009321 -0.041511
2460.000000 3.983744 198.019996 0.001100 -0.045444
2480.000000 3.985205 198.010006 0.012019 -0.049266
2500.000000 3.986733 197.999212 0.023425 -0.052971
2520.000000 3.988314 197.987641 0.035305 -0.056553
2540.000000 3.989933 197.975320 0.047645 -0.060006
2560.000000 3.991576 197.962278 0.060429 -0.063324
2580.000000 3.993228 197.948545 0.073642 -0.066503
2600.000000 3.994873 197.934153 0.087266 -0.069537
2620.000000 3.996498 197.919134 0.101283 -0.072420
2640.000000 3.998087 197.903520 0.115673 -0.075147
2660.000000 3.999626 197.887345 0.130416 -0.077714
2680.000000 4.001101 197.870646 0.145489 -0.080116
2700.000000 4.002498 197.853456 0.160871 -0.082348
2720.000000 4.003805 197.835814 0.176538 -0.084407
2740.000000 4.005009 197.817756 0.192464 -0.086287
2760.000000 4.006099 197.799320 0.208624 -0.087987
2780.000000 4.007063 197.780545 0.224990 -0.089501
2800.000000 4.007894 197.761470 0.241537 -0.090828
2820.000000 4.008582 197.742135 0.258235 -0.091963
2840.000000 4.009120 197.722581 0.275057 -0.092906
2860.000000 4.009502 197.702847 0.291973 -0.093653
2880.000000 4.009723 197.682975 0.308953 -0.094203
2900.000000 4.009780 197.663006 0.325968 -0.094554
2920.000000 4.009671 197.642982 0.342989 -0.094706
2940.000000 4.009395 197.622944 0.359986 -0.094657
2960.000000 4.008954 197.602935 0.376929 -0.094408
2980.000000 4.008349 197.582996 0.393790 -0.093957
3000.000000 4.007585 197.563170 0.410540 -0.093307
3020.000000 4.006667 197.543497 0.427151 -0.092458
3040.000000 4.005600 197.524021 0.443596 -0.091410
3060.000000 4.004393 197.504781 0.459848 -0.090167
3080.000000 4.003054 197.485821 0.475883 -0.088729
3100.000000 4.001594 197.467179 0.491675 -0.087099
3120.000000 4.000023 197.448898 0.507202 -0.085280
3140.000000 3.998354 197.431017 0.522441 -0.083275
3160.000000 3.996599 197.413575 0.537371 -0.081087
3180.000000 3.994773 197.396612 0.551972 -0.078721
3200.000000 3.992888 197.380165 0.566226 -0.076181
3220.000000 3.990960 197.364271 0.580115 -0.073471
3240.000000 3.989005 197.348968 0.593624 -0.070595
3260.000000 3.987036 197.334291 0.606737 -0.067559
3280.000000 3.985071 197.320274 0.619441 -0.064368
3300.000000 3.983123 197.306951 0.631723 -0.061027
3320.000000 3.981210 197.294354 0.643572 -0.057542
3340.000000 3.979346 197.282516 0.654978 -0.053919
3360.000000 3.977547 197.271466 0.665931 -0.050164
3380.000000 3.975827 197.261232 0.676423 -0.046283
3400.000000 3.974201 197.251844 0.686446 -0.042283
3420.000000 3.972682 197.243326 0.695993 -0.038169
3440.000000 3.971284 197.235703 0.705058 -0.033948
3460.000000 3.970020 197.229000 0.713635 -0.029628
3480.000000 3.968901 197.223237 0.721719 -0.025214
3500.000000 3.967939 197.218436 0.729306 -0.020714
3520.000000 3.967144 197.214614 0.736390 -0.016133
3540.000000 3.966526 197.211789 0.742969 -0.011480
3560.000000 3.966093 197.209978 0.749037 -0.006760
3580.000000 3.965853 197.209193 0.754593 -0.001982
3600.000000 3.965814 197.209447 0.759631 0.002849
3620.000000 3.965980 197.210750 0.764148 0.007726
3640.000000 3.966357 197.213113 0.768141 0.012640
3660.000000 3.966949 197.216541 0.771607 0.017587
3680.000000 3.967758 197.221041 0.774541 0.022558
3700.000000 3.968786 197.226616 0.776941 0.027547
3720.000000 3.970035 197.233269 0.778801 0.032546
3740.000000 3.971504 197.241001 0.780120 0.037550
3760.000000 3.973191 197.249809 0.780892 0.042550
3780.000000 3.975094 197.259692 0.781113 0.047541
3800.000000 3.977210 197.270645 0.780780 0.052515
3820.000000 3.979534 197.282661 0.779889 0.057466
3840.000000 3.982061 197.295734 0.778436 0.062387
3860.000000 3.984785 197.309853 0.776416 0.067270
3880.000000 3.987696 197.325008 0.773826 0.072110
3900.000000 3.990788 197.341186 0.770662 0.076900
3920.000000 3.994050 197.358374 0.766922 0.081633
3940.000000 3.997471 197.376555 0.762600 0.086302
3960.000000 4.001040 197.395714 0.757696 0.090901
3980.000000 4.004745 197.415831 0.752207 0.095423
4000.000000 4.008572 197.436888 0.746131 0.099862
4020.000000 4.012506 197.458862 0.739467 0.104212
4040.000000 4.016533 197.481731 0.732216 0.108465
4060.000000 4.020636 197.505473 0.724377 0.112616
4080.000000 4.024799 197.530061 0.715952 0.116659
4100.000000 4.029005 197.555471 0.706944 0.120587
4120.000000 4.033235 197.581674 0.697356 0.124395
4140.000000 4.037471 197.608643 0.687195 0.128077
4160.000000 4.041695 197.636349 0.676465 0.131626
4180.000000 4.045888 197.664761 0.665175 0.135037
4200.000000 4.050029 197.693848 0.653334 0.138306
4220.000000 4.054100 197.723578 0.640953 0.141426
4240.000000 4.058080 197.753919 0.628044 0.144393
4260.000000 4.061952 197.784837 0.614622 0.147202
4280.000000 4.065695 197.816297 0.600702 0.149847
4300.000000 4.069291 197.848266 0.586302 0.152326
4320.000000 4.072722 197.880707 0.571442 0.154634
4340.000000 4.075970 197.913585 0.556143 0.156767
4360.000000 4.079019 197.946864 0.540428 0.158721
4380.000000 4.081852 197.980506 0.524322 0.160494
4400.000000 4.084456 198.014475 0.507851 0.162083
4420.000000 4.086815 198.048734 0.491043 0.163484
4440.000000 4.088918 198.083244 0.473928 0.164697
4460.000000 4.090754 198.117969 0.456537 0.165719
4480.000000 4.092314 198.152870 0.438903 0.166549
4500.000000 4.093588 198.187909 0.421058 0.167185
4520.000000 4.094572 198.223049 0.403039 0.167628
4540.000000 4.095260 198.258251 0.384881 0.167876
4560.000000 4.095649 198.293478 0.366619 0.167930
4580.000000 4.095738 198.328691 0.348291 0.167790
4600.000000 4.095527 198.363854 0.329935 0.167457
4620.000000 4.095020 198.398929 0.311587 0.166932
4640.000000 4.094218 198.433878 0.293286 0.166216
4660.000000 4.093128 198.468664 0.275068 0.165311
4680.000000 4.091758 198.503251 0.256971 0.164218
4700.000000 4.090115 198.537603 0.239031 0.162941
4720.000000 4.088211 198.571683 0.221284 0.161481
4740.000000 4.086056 198.605455 0.203765 0.159842
4760.000000 4.083663 198.638884 0.186508 0.158026
4780.000000 4.081046 198.671936 0.169545 0.156038
4800.000000 4.078220 198.704575 0.152907 0.153879
4820.000000 4.075201 198.736769 0.136625 0.151555
4840.000000 4.072006 198.768482 0.120728 0.149069
4860.000000 4.068652 198.799684 0.105242 0.146426
4880.000000 4.065157 198.830340 0.090192 0.143629
4900.000000 4.061539 198.860421 0.075602 0.140683
4920.000000 4.057817 198.889894 0.061495 0.137594
4940.000000 4.054010 198.918730 0.047891 0.134365
4960.000000 4.050136 198.946899 0.034807 0.131002
4980.000000 4.046214 198.974373 0.022262 0.127510
5000.000000 4.042263 199.001123 0.010270 0.123895
5020.000000 4.038301 199.027123 -0.001154 0.120161
5040.000000 4.034346 199.052347 -0.011999 0.116314
5060.000000 4.030416 199.076770 -0.022254 0.112360
5080.000000 4.026527 199.100367 -0.031909 0.108304
5100.000000 4.022696 199.123116 -0.040957 0.104153
5120.000000 4.018939 199.144996 -0.049390 0.099911
5140.000000 4.015270 199.165984 -0.057204 0.095585
5160.000000 4.011703 199.186062 -0.064394 0.091180
5180.000000 4.008253 199.205212 -0.070956 0.086703
5200.000000 4.004931 199.223415 -0.076889 0.082160
5220.000000 4.001749 199.240657 -0.082190 0.077556
5240.000000 3.998717 199.256922 -0.086858 0.072898
5260.000000 3.995847 199.272198 -0.090894 0.068192
5280.000000 3.993145 199.286473 -0.094297 0.063443
5300.000000 3.990620 199.299736 -0.097070 0.058659
5320.000000 3.988279 199.311979 -0.099213 0.053844
5340.000000 3.986127 199.323192 -0.100729 0.049006
5360.000000 3.984169 199.333372 -0.101619 0.044151
5380.000000 3.982410 199.342512 -0.101888 0.039284
5400.000000 3.980850 199.350609 -0.101537 0.034412
5420.000000 3.979494 199.357662 -0.100570 0.029541
5440.000000 3.978340 199.363671 -0.098991 0.024678
5460.000000 3.977389 199.368637 -0.096803 0.019829
5480.000000 3.976639 199.372563 -0.094012 0.014999
5500.000000 3.976088 199.375453 -0.090621 0.010196
5520.000000 3.975733 199.377313 -0.086635 0.005426
5540.000000 3.975570 199.378151 -0.082058 0.000694
5560.000000 3.975594 199.377975 -0.076898 -0.003993
5580.000000 3.975797 199.376795 -0.071158 -0.008628
5600.000000 3.976174 199.374625 -0.064845 -0.013205
5620.000000 3.976717 199.371477 -0.057965 -0.017718
5640.000000 3.977417 199.367366 -0.050526 -0.022160
5660.000000 3.978263 199.362308 -0.042534 -0.026526
5680.000000 3.979247 199.356322 -0.033998 -0.030809
5700.000000 3.980357 199.349426 -0.024925 -0.035003
5720.000000 3.981580 199.341641 -0.015327 -0.039101
5740.000000 3.982906 199.332989 -0.005211 -0.043098
5760.000000 3.984320 199.323494 0.005410 -0.046987
5780.000000 3.985809 199.313179 0.016526 -0.050763
5800.000000 3.987360 199.302070 0.028123 -0.054419
5820.000000 3.988958 199.290195 0.040189 -0.057950
5840.000000 3.990588 199.277582 0.052709 -0.061350
5860.000000 3.992237 199.264260 0.065666 -0.064614
5880.000000 3.993888 199.250260 0.079046 -0.067735
5900.000000 3.995527 199.235613 0.092829 -0.070709
5920.000000 3.997139 199.220351 0.106998 -0.073530
5940.000000 3.998709 199.204509 0.121532 -0.076194
5960.000000 4.000224 199.188120 0.136410 -0.078695
5980.000000 4.001670 199.171220 0.151610 -0.081030
6000.000000 4.003033 199.153845 0.167108 -0.083193
6020.000000 4.004300 199.136032 0.182882 -0.085181
6040.000000 4.005459 199.117818 0.198904 -0.086989
6060.000000 4.006500 199.099242 0.215150 -0.088615
6080.000000 4.007412 199.080342 0.231592 -0.090055
6100.000000 4.008187 199.061158 0.248203 -0.091305
6120.000000 4.008815 199.041731 0.264954 -0.092364
6140.000000 4.009292 199.022099 0.281817 -0.093229
6160.000000 4.009609 199.002305 0.298762 -0.093897
6180.000000 4.009765 198.982390 0.315760 -0.094367
6200.000000 4.009756 198.962394 0.332781 -0.094639
6220.000000 4.009580 198.942359 0.349796 -0.094710
6240.000000 4.009238 198.922328 0.366774 -0.094581
6260.000000 4.008731 198.902342 0.383688 -0.094251
6280.000000 4.008062 198.882443 0.400508 -0.093721
6300.000000 4.007236 198.862673 0.417206 -0.092991
6320.000000 4.006257 198.843074 0.433753 -0.092062
6340.000000 4.005133 198.823687 0.450125 -0.090936
6360.000000 4.003872 198.804555 0.466293 -0.089614
6380.000000 4.002483 198.785717 0.482234 -0.088099
6400.000000 4.000978 198.767215 0.497922 -0.086393
6420.000000 3.999366 198.749089 0.513336 -0.084499
6440.000000 3.997661 198.731379 0.528454 -0.082421
6460.000000 3.995876 198.714124 0.543255 -0.080162
6480.000000 3.994024 198.697363 0.557719 -0.077725
6500.000000 3.992121 198.681133 0.571829 -0.075116
6520.000000 3.990180 198.665471 0.585568 -0.072339
6540.000000 3.988217 198.650414 0.598920 -0.069399
6560.000000 3.986248 198.635997 0.611871 -0.066300
6580.000000 3.984288 198.622254 0.624408 -0.063048
6600.000000 3.982353 198.609218 0.636518 -0.059649
6620.000000 3.980458 198.596921 0.648191 -0.056108
6640.000000 3.978618 198.585395 0.659417 -0.052432
6660.000000 3.976848 198.574668 0.670186 -0.048626
6680.000000 3.975164 198.564769 0.680491 -0.044696
6700.000000 3.973579 198.555726 0.690324 -0.040650
6720.000000 3.972107 198.547563 0.699679 -0.036492
6740.000000 3.970762 198.540306 0.708549 -0.032231
6760.000000 3.969554 198.533977 0.716930 -0.027872
6780.000000 3.968497 198.528596 0.724815 -0.023423
6800.000000 3.967600 198.524185 0.732201 -0.018890
6820.000000 3.966875 198.520760 0.739084 -0.014279
6840.000000 3.966330 198.518339 0.745459 -0.009599
6860.000000 3.965973 198.516937 0.751323 -0.004855
6880.000000 3.965813 198.516566 0.756671 -0.000054
6900.000000 3.965855 198.517239 0.761501 0.004796
6920.000000 3.966105 198.518965 0.765809 0.009688
6940.000000 3.966568 198.521754 0.769592 0.014617
6960.000000 3.967246 198.525610 0.772845 0.019574
6980.000000 3.968143 198.530540 0.775566 0.024553
7000.000000 3.969260 198.536547 0.777750 0.029546
7020.000000 3.970597 198.543631 0.779394 0.034548
7040.000000 3.972153 198.551794 0.780494 0.039552
7060.000000 3.973927 198.561033 0.781047 0.044549
7080.000000 3.975916 198.571344 0.781047 0.049534
7100.000000 3.978116 198.582724 0.780491 0.054500
7120.000000 3.980522 198.595164 0.779375 0.059439
7140.000000 3.983128 198.608656 0.777696 0.064346
7160.000000 3.985928 198.623191 0.775448 0.069213
7180.000000 3.988913 198.638757 0.772629 0.074034
7200.000000 3.992073 198.655341 0.769235 0.078801
7220.000000 3.995400 198.672929 0.765262 0.083510
7240.000000 3.998882 198.691503 0.760708 0.088151
7260.000000 4.002507 198.711048 0.755570 0.092720
7280.000000 4.006263 198.731544 0.749846 0.097210
7300.000000 4.010134 198.752970 0.743535 0.101614
7320.000000 4.014107 198.775305 0.736636 0.105926
7340.000000 4.018166 198.798527 0.729149 0.110139
7360.000000 4.022296 198.822610 0.721075 0.114248
7380.000000 4.026478 198.847530 0.712416 0.118245
7400.000000 4.030696 198.873261 0.703176 0.122126
7420.000000 4.034931 198.899774 0.693358 0.125884
7440.000000 4.039164 198.927042 0.682968 0.129513
7460.000000 4.043378 198.955034 0.672013 0.133008
7480.000000 4.047552 198.983719 0.660502 0.136363
7500.000000 4.051668 199.013068 0.648443 0.139573
7520.000000 4.055705 199.043046 0.635849 0.142632
7540.000000 4.059644 199.073622 0.622733 0.145536
7560.000000 4.063466 199.104761 0.609110 0.148280
7580.000000 4.067153 199.136429 0.594996 0.150860
7600.000000 4.070685 199.168591 0.580410 0.153271
7620.000000 4.074045 199.201212 0.565371 0.155509
7640.000000 4.077215 199.234254 0.549903 0.157570
7660.000000 4.080180 199.267683 0.534028 0.159453
7680.000000 4.082923 199.301461 0.517772 0.161152
7700.000000 4.085430 199.335550 0.501163 0.162666
7720.000000 4.087688 199.369914 0.484228 0.163992
7740.000000 4.089686 199.404515 0.466999 0.165129
7760.000000 4.091412 199.439314 0.449507 0.166074
7780.000000 4.092858 199.474275 0.431784 0.166827
7800.000000 4.094017 199.509359 0.413866 0.167386
7820.000000 4.094883 199.544528 0.395787 0.167751
7840.000000 4.095452 199.579745 0.377583 0.167921
7860.000000 4.095721 199.614971 0.359290 0.167897
7880.000000 4.095690 199.650169 0.340946 0.167680
7900.000000 4.095360 199.685301 0.322589 0.167270
7920.000000 4.094734 199.720330 0.304255 0.166668
7940.000000 4.093816 199.755218 0.285983 0.165876
7960.000000 4.092613 199.789929 0.267809 0.164896
7980.000000 4.091133 199.824426 0.249771 0.163729
8000.000000 4.089384 199.858673 0.231904 0.162378
8020.000000 4.087378 199.892634 0.214244 0.160847
8040.000000 4.085126 199.926274 0.196826 0.159136
8060.000000 4.082641 199.959556 0.179682 0.157251
8080.000000 4.079939 199.992447 0.162845 0.155194
8100.000000 4.077034 200.024912 0.146347 0.152969
8120.000000 4.073943 200.056917 0.130216 0.150579
8140.000000 4.070682 200.088430 0.114479 0.148030
8160.000000 4.067269 200.119417 0.099165 0.145325
8180.000000 4.063723 200.149847 0.084297 0.142468
8200.000000 4.060061 200.179688 0.069898 0.139464
8220.000000 4.056303 200.208909 0.055989 0.136318
8240.000000 4.052467 200.237482 0.042591 0.133035
8260.000000 4.048571 200.265376 0.029721 0.129620
8280.000000 4.044636 200.292564 0.017396 0.126078
8300.000000 4.040678 200.319017 0.005629 0.122414
8320.000000 4.036717 200.344709 -0.005564 0.118635
8340.000000 4.032770 200.369616 -0.016174 0.114744
8360.000000 4.028854 200.393711 -0.026190 0.110749
8380.000000 4.024986 200.416972 -0.035603 0.106654
8400.000000 4.021183 200.439375 -0.044406 0.102465
8420.000000 4.017459 200.460900 -0.052592 0.098189
8440.000000 4.013829 200.481527 -0.060157 0.093831
8460.000000 4.010308 200.501235 -0.067096 0.089397
8480.000000 4.006907 200.520008 -0.073406 0.084893
8500.000000 4.003640 200.537829 -0.079086 0.080324
8520.000000 4.000517 200.554681 -0.084134 0.075698
8540.000000 3.997549 200.570552 -0.088549 0.071020
8560.000000 3.994745 200.585429 -0.092332 0.066296
8580.000000 3.992113 200.599300 -0.095483 0.061532
8600.000000 3.989661 200.612156 -0.098003 0.056735
8620.000000 3.987395 200.623987 -0.099895 0.051910
8640.000000 3.985320 200.634788 -0.101160 0.047065
8660.000000 3.983441 200.644551 -0.101801 0.042204
8680.000000 3.981761 200.653275 -0.101821 0.037334
8700.000000 3.980283 200.660954 -0.101223 0.032462
8720.000000 3.979007 200.667590 -0.100011 0.027594
8740.000000 3.977935 200.673181 -0.098188 0.022735
8760.000000 3.977064 200.677730 -0.095758 0.017893
8780.000000 3.976395 200.681241 -0.092726 0.013074
8800.000000 3.975923 200.683718 -0.089097 0.008283
8820.000000 3.975645 200.685168 -0.084874 0.003527
8840.000000 3.975557 200.685598 -0.080063 -0.001187
8860.000000 3.975654 200.685020 -0.074670 -0.005854
8880.000000 3.975928 200.683442 -0.068700 -0.010467
8900.000000 3.976372 200.680879 -0.062159 -0.015019
8920.000000 3.976979 200.677343 -0.055055 -0.019504
8940.000000 3.977738 200.672851 -0.047393 -0.023917
8960.000000 3.978641 200.667420 -0.039182 -0.028250
8980.000000 3.979677 200.661067 -0.030431 -0.032498
9000.000000 3.980833 200.653813 -0.021147 -0.036655
9020.000000 3.982099 200.645679 -0.011340 -0.040713
9040.000000 3.983462 200.636686 -0.001020 -0.044668
9060.000000 3.984908 200.626859 0.009800 -0.048512
9080.000000 3.986423 200.616224 0.021110 -0.052241
9100.000000 3.987995 200.604805 0.032897 -0.055848
9120.000000 3.989607 200.592632 0.045146 -0.059327
9140.000000 3.991247 200.579731 0.057843 -0.062673
9160.000000 3.992898 200.566134 0.070971 -0.065880
9180.000000 3.994546 200.551871 0.084515 -0.068943
9200.000000 3.996176 200.536974 0.098455 -0.071857
9220.000000 3.997773 200.521476 0.112772 -0.074615
9240.000000 3.999323 200.505411 0.127446 -0.077215
9260.000000 4.000812 200.488813 0.142455 -0.079650
9280.000000 4.002226 200.471718 0.157778 -0.081916
9300.000000 4.003552 200.454164 0.173389 -0.084010
9320.000000 4.004777 200.436185 0.189266 -0.085926
9340.000000 4.005891 200.417822 0.205381 -0.087662
9360.000000 4.006881 200.399112 0.221708 -0.089214
9380.000000 4.007739 200.380093 0.238221 -0.090578
9400.000000 4.008456 200.360807 0.254892 -0.091752
9420.000000 4.009025 200.341293 0.271691 -0.092733
9440.000000 4.009438 200.321592 0.288590 -0.093520
9460.000000 4.009691 200.301744 0.305560 -0.094109
9480.000000 4.009781 200.281792 0.322571 -0.094500
9500.000000 4.009706 200.261775 0.339593 -0.094692
9520.000000 4.009463 200.241737 0.356597 -0.094683
9540.000000 4.009055 200.221719 0.373553 -0.094473
9560.000000 4.008483 200.201763 0.390432 -0.094063
9580.000000 4.007750 200.181910 0.407207 -0.093453
9600.000000 4.006862 200.162204 0.423848 -0.092643
9620.000000 4.005824 200.142684 0.440328 -0.091635
9640.000000 4.004644 200.123394 0.456621 -0.090430
9660.000000 4.003331 200.104375 0.472701 -0.089031
9680.000000 4.001894 200.085667 0.488544 -0.087439
9700.000000 4.000345 200.067310 0.504125 -0.085658
9720.000000 3.998694 200.049346 0.519423 -0.083690
9740.000000 3.996956 200.031814 0.534416 -0.081538
9760.000000 3.995142 200.014752 0.549085 -0.079208
9780.000000 3.993268 199.998198 0.563409 -0.076702
9800.000000 3.991348 199.982192 0.577373 -0.074025
9820.000000 3.989396 199.966768 0.590959 -0.071182
9840.000000 3.987429 199.951963 0.604152 -0.068177
9860.000000 3.985462 199.937811 0.616938 -0.065017
9880.000000 3.983510 199.924347 0.629306 -0.061705
9900.000000 3.981589 199.911603 0.641243 -0.058249
9920.000000 3.979714 199.899611 0.652738 -0.054653
9940.000000 3.977900 199.888401 0.663782 -0.050924
9960.000000 3.976163 199.878002 0.674366 -0.047068
9980.000000 3.974517 199.868443 0.684483 -0.043090
10000.000000 3.972976 199.859749 0.694126 -0.038999
10020.000000 3.971553 199.851946 0.703287 -0.034799
10040.000000 3.970261 199.845057 0.711962 -0.030498
10060.000000 3.969112 199.839105 0.720145 -0.026102
10080.000000 3.968118 199.834110 0.727831 -0.021618
10100.000000 3.967289 199.830092 0.735016 -0.017053
10120.000000 3.966635 199.827067 0.741696 -0.012414
10140.000000 3.966164 199.825052 0.747867 -0.007707
10160.000000 3.965885 199.824061 0.753525 -0.002940
10180.000000 3.965805 199.824107 0.758667 0.001881
10200.000000 3.965930 199.825200 0.763288 0.006749
10220.000000 3.966265 199.827350 0.767386 0.011657
10240.000000 3.966813 199.830565 0.770958 0.016597
10260.000000 3.967579 199.834851 0.773998 0.021564
10280.000000 3.968564 199.840212 0.776505 0.026550
10300.000000 3.969768 199.846650 0.778473 0.031548
10320.000000 3.971193 199.854166 0.779900 0.036551
10340.000000 3.972837 199.862759 0.780781 0.041553
10360.000000 3.974697 199.872428 0.781113 0.046546
10380.000000 3.976771 199.883168 0.780891 0.051524
10400.000000 3.979054 199.894972 0.780112 0.056480
10420.000000 3.981541 199.907835 0.778771 0.061407
10440.000000 3.984226 199.921746 0.776865 0.066299
10460.000000 3.987101 199.936695 0.774389 0.071148
10480.000000 3.990157 199.952670 0.771340 0.075949
10500.000000 3.993386 199.969657 0.767714 0.080693
10520.000000 3.996776 199.987642 0.763509 0.085376
10540.000000 4.000317 200.006607 0.758722 0.089989
10560.000000 4.003995 200.026535 0.753350 0.094527
10580.000000 4.007799 200.047405 0.747391 0.098983
10600.000000 4.011713 200.069198 0.740844 0.103351
10620.000000 4.015722 200.091890 0.733710 0.107624
10640.000000 4.019812 200.115460 0.725988 0.111796
10660.000000 4.023964 200.139881 0.717680 0.115861
10680.000000 4.028163 200.165129 0.708788 0.119813
10700.000000 4.032389 200.191176 0.699316 0.123645
10720.000000 4.036626 200.217995 0.689268 0.127352
10740.000000 4.040854 200.245556 0.678651 0.130928
10760.000000 4.045054 200.273829 0.667472 0.134368
10780.000000 4.049207 200.302784 0.655741 0.137665
10800.000000 4.053294 200.332389 0.643466 0.140815
10820.000000 4.057294 200.362610 0.630662 0.143813
10840.000000 4.061189 200.393415 0.617341 0.146654
10860.000000 4.064959 200.424770 0.603519 0.149333
10880.000000 4.068586 200.456640 0.589214 0.151845
10900.000000 4.072051 200.488990 0.574444 0.154187
10920.000000 4.075337 200.521784 0.559231 0.156355
10940.000000 4.078427 200.554986 0.543597 0.158345
10960.000000 4.081305 200.588558 0.527567 0.160155
10980.000000 4.083955 200.622465 0.511166 0.161780
11000.000000 4.086364 200.656669 0.494423 0.163220
11020.000000 4.088519 200.691132 0.477367 0.164470
11040.000000 4.090410 200.725817 0.460028 0.165530
11060.000000 4.092025 200.760686 0.442440 0.166399
11080.000000 4.093357 200.795700 0.424635 0.167074
11100.000000 4.094399 200.830823 0.406648 0.167555
11120.000000 4.095146 200.866016 0.388514 0.167842
11140.000000 4.095595 200.901241 0.370270 0.167935
11160.000000 4.095744 200.936460 0.351953 0.167834
11180.000000 4.095593 200.971636 0.333599 0.167539
11200.000000 4.095144 201.006731 0.315247 0.167052
11220.000000 4.094401 201.041708 0.296933 0.166374
11240.000000 4.093369 201.076530 0.278696 0.165506
11260.000000 4.092054 201.111160 0.260572 0.164451
11280.000000 4.090465 201.145561 0.242598 0.163210
11300.000000 4.088611 201.179698 0.224809 0.161787
11320.000000 4.086505 201.213535 0.207242 0.160183
11340.000000 4.084159 201.247035 0.189930 0.158403
11360.000000 4.081585 201.280165 0.172905 0.156448
11380.000000 4.078800 201.312889 0.156200 0.154323
11400.000000 4.075818 201.345174 0.139845 0.152032
11420.000000 4.072657 201.376986 0.123869 0.149578
11440.000000 4.069334 201.408293 0.108299 0.146966
11460.000000 4.065865 201.439061 0.093160 0.144199
11480.000000 4.062270 201.469259 0.078477 0.141283
11500.000000 4.058568 201.498855 0.064271 0.138222
11520.000000 4.054776 201.527821 0.050565 0.135020
11540.000000 4.050914 201.556125 0.037376 0.131684
11560.000000 4.047000 201.583740 0.024722 0.128217
11580.000000 4.043053 201.610637 0.012619 0.124626
11600.000000 4.039092 201.636789 0.001080 0.120915
11620.000000 4.035134 201.662170 -0.009881 0.117091
11640.000000 4.031198 201.686754 -0.020255 0.113158
11660.000000 4.027299 201.710518 -0.030030 0.109122
11680.000000 4.023455 201.733439 -0.039200 0.104989
11700.000000 4.019682 201.755493 -0.047756 0.100764
11720.000000 4.015994 201.776661 -0.055694 0.096455
11740.000000 4.012406 201.796922 -0.063009 0.092065
11760.000000 4.008931 201.816259 -0.069697 0.087602
11780.000000 4.005583 201.834652 -0.075755 0.083072
11800.000000 4.002372 201.852087 -0.081182 0.078479
11820.000000 3.999310 201.868549 -0.085977 0.073832
11840.000000 3.996406 201.884023 -0.090139 0.069134
11860.000000 3.993670 201.898499 -0.093668 0.064394
11880.000000 3.991110 201.911965 -0.096567 0.059616
11900.000000 3.988731 201.924411 -0.098835 0.054807
11920.000000 3.986541 201.935831 -0.100476 0.049973
11940.000000 3.984544 201.946217 -0.101491 0.045121
11960.000000 3.982745 201.955565 -0.101884 0.040256
11980.000000 3.981146 201.963870 -0.101656 0.035384
12000.000000 3.979748 201.971132 -0.100812 0.030513
12020.000000 3.978554 201.977350 -0.099355 0.025648
12040.000000 3.977562 201.982524 -0.097288 0.020795
12060.000000 3.976772 201.986657 -0.094617 0.015961
12080.000000 3.976182 201.989753 -0.091345 0.011152
12100.000000 3.975789 201.991818 -0.087477 0.006375
12120.000000 3.975588 201.992859 -0.083019 0.001635
12140.000000 3.975574 201.992884 -0.077974 -0.003061
12160.000000 3.975743 201.991905 -0.072349 -0.007707
12180.000000 3.976086 201.989931 -0.066150 -0.012296
12200.000000 3.976596 201.986977 -0.059383 -0.016822
12220.000000 3.977265 201.983057 -0.052055 -0.021279
12240.000000 3.978083 201.978187 -0.044173 -0.025661
12260.000000 3.979040 201.972384 -0.035744 -0.029961
12280.000000 3.980126 201.965668 -0.026778 -0.034173
12300.000000 3.981327 201.958059 -0.017284 -0.038291
12320.000000 3.982634 201.949578 -0.007271 -0.042308
12340.000000 3.984031 201.940249 0.003251 -0.046220
12360.000000 3.985507 201.930096 0.014269 -0.050019
12380.000000 3.987046 201.919144 0.025771 -0.053699
12400.000000 3.988636 201.907419 0.037744 -0.057256
12420.000000 3.990261 201.894951 0.050174 -0.060682
12440.000000 3.991907 201.881769 0.063046 -0.063974
12460.000000 3.993559 201.867901 0.076343 -0.067124
12480.000000 3.995201 201.853381 0.090047 -0.070127
12500.000000 3.996820 201.838239 0.104140 -0.072980
12520.000000 3.998400 201.822510 0.118603 -0.075675
12540.000000 3.999927 201.806227 0.133414 -0.078209
12560.000000 4.001388 201.789426 0.148551 -0.080577
12580.000000 4.002768 201.772143 0.163992 -0.082775
12600.000000 4.004055 201.754414 0.179713 -0.084798
12620.000000 4.005237 201.736277 0.195688 -0.086643
12640.000000 4.006302 201.717770 0.211891 -0.088305
12660.000000 4.007241 201.698932 0.228296 -0.089782
12680.000000 4.008044 201.679802 0.244876 -0.091071
12700.000000 4.008702 201.660420 0.261601 -0.092168
12720.000000 4.009209 201.640826 0.278444 -0.093072
12740.000000 4.009559 201.621061 0.295375 -0.093779
12760.000000 4.009747 201.601167 0.312364 -0.094289
12780.000000 4.009771 201.581183 0.329383 -0.094601
12800.000000 4.009629 201.561153 0.346402 -0.094712
12820.000000 4.009320 201.541118 0.363390 -0.094623
12840.000000 4.008846 201.521119 0.380319 -0.094333
12860.000000 4.008209 201.501200 0.397160 -0.093843
12880.000000 4.007413 201.481401 0.413884 -0.093153
12900.000000 4.006464 201.461764 0.430464 -0.092263
12920.000000 4.005369 201.442332 0.446872 -0.091177
12940.000000 4.004134 201.423145 0.463083 -0.089894
12960.000000 4.002770 201.404245 0.479071 -0.088417
12980.000000 4.001287 201.385673 0.494812 -0.086749
13000.000000 3.999696 201.367469 0.510283 -0.084892
13020.000000 3.998008 201.349673 0.525461 -0.082850
13040.000000 3.996238 201.332324 0.540327 -0.080627
13060.000000 3.994399 201.315461 0.554860 -0.078226
13080.000000 3.992504 201.299122 0.569042 -0.075651
13100.000000 3.990570 201.283344 0.582856 -0.072907
13120.000000 3.988610 201.268163 0.596286 -0.069998
13140.000000 3.986641 201.253616 0.609319 -0.066931
13160.000000 3.984678 201.239735 0.621939 -0.063709
13180.000000 3.982736 201.226556 0.634135 -0.060339
13200.000000 3.980832 201.214109 0.645897 -0.056826
13220.000000 3.978980 201.202426 0.657212 -0.053176
13240.000000 3.977195 201.191538 0.668074 -0.049395
13260.000000 3.975493 201.181472 0.678472 -0.045490
13280.000000 3.973887 201.172255 0.688400 -0.041466
13300.000000 3.972392 201.163915 0.697850 -0.037331
13320.000000 3.971019 201.156475 0.706818 -0.033090
13340.000000 3.969783 201.149959 0.715296 -0.028750
13360.000000 3.968695 201.144387 0.723281 -0.024318
13380.000000 3.967766 201.139781 0.730767 -0.019801
13400.000000 3.967006 201.136158 0.737751 -0.015205
13420.000000 3.966424 201.133536 0.744227 -0.010538
13440.000000 3.966029 201.131929 0.750193 -0.005806
13460.000000 3.965829 201.131351 0.755645 -0.001017
13480.000000 3.965830 201.131815 0.760579 0.003824
13500.000000 3.966039 201.133330 0.764991 0.008709
13520.000000 3.966458 201.135906 0.768879 0.013630
13540.000000 3.967094 201.139549 0.772238 0.018582
13560.000000 3.967947 201.144264 0.775066 0.023557
13580.000000 3.969019 201.150056 0.777357 0.028549
13600.000000 3.970312 201.156925 0.779109 0.033550
13620.000000 3.971825 201.164873 0.780318 0.038553
13640.000000 3.973555 201.173897 0.780980 0.043552
13660.000000 3.975502 201.183995 0.781091 0.048540
13680.000000 3.977660 201.195161 0.780647 0.053510
13700.000000 3.980025 201.207390 0.779643 0.058456
13720.000000 3.982592 201.220674 0.778076 0.063370
13740.000000 3.985354 201.235001 0.775942 0.068245
13760.000000 3.988302 201.250363 0.773238 0.073076
13780.000000 3.991429 201.266745 0.769958 0.077854
13800.000000 3.994724 201.284133 0.766101 0.082575
13820.000000 3.998176 201.302512 0.761663 0.087230
13840.000000 4.001773 201.321865 0.756642 0.091815
13860.000000 4.005503 201.342172 0.751035 0.096321
13880.000000 4.009353 201.363414 0.744841 0.100742
13900.000000 4.013307 201.385570 0.738060 0.105073
13920.000000 4.017350 201.408616 0.730690 0.109306
13940.000000 4.021467 201.432530 0.722733 0.113436
13960.000000 4.025640 201.457285 0.714191 0.117457
13980.000000 4.029852 201.482856 0.705067 0.121361
14000.000000 4.034085 201.509215 0.695364 0.125144
14020.000000 4.038320 201.536335 0.685087 0.128799
14040.000000 4.042539 201.564184 0.674244 0.132321
14060.000000 4.046723 201.592734 0.662843 0.135705
14080.000000 4.050852 201.621953 0.650893 0.138944
14100.000000 4.054906 201.651808 0.638405 0.142034
14120.000000 4.058866 201.682267 0.625392 0.144969
14140.000000 4.062714 201.713297 0.611869 0.147746
14160.000000 4.066429 201.744862 0.597851 0.150358
14180.000000 4.069993 201.776928 0.583358 0.152803
14200.000000 4.073389 201.809460 0.568408 0.155076
14220.000000 4.076598 201.842422 0.553023 0.157173
14240.000000 4.079605 201.875776 0.537228 0.159091
14260.000000 4.082394 201.909487 0.521046 0.160828
14280.000000 4.084949 201.943517 0.504505 0.162379
14300.000000 4.087258 201.977829 0.487633 0.163743
14320.000000 4.089308 202.012386 0.470460 0.164917
14340.000000 4.091090 202.047149 0.453018 0.165901
14360.000000 4.092592 202.082080 0.435338 0.166692
14380.000000 4.093809 202.117143 0.417456 0.167290
14400.000000 4.094734 202.152298 0.399406 0.167693
14420.000000 4.095362 202.187508 0.381224 0.167903
14440.000000 4.095691 202.222735 0.362946 0.167918
14460.000000 4.095720 202.257942 0.344610 0.167739
14480.000000 4.095449 202.293090 0.326252 0.167367
14500.000000 4.094882 202.328142 0.307911 0.166803
14520.000000 4.094022 202.363062 0.289623 0.166049
14540.000000 4.092876 202.397811 0.271427 0.165106
14560.000000 4.091450 202.432354 0.253358 0.163977
14580.000000 4.089754 202.466654 0.235455 0.162662
14600.000000 4.087798 202.500675 0.217751 0.161167
14620.000000 4.085594 202.534381 0.200281 0.159492
14640.000000 4.083155 202.567737 0.183080 0.157641
14660.000000 4.080495 202.600709 0.166180 0.155618
14680.000000 4.077629 202.633262 0.149611 0.153426
14700.000000 4.074574 202.665361 0.133405 0.151069
14720.000000 4.071346 202.696975 0.117587 0.148551
14740.000000 4.067962 202.728070 0.102187 0.145877
14760.000000 4.064441 202.758613 0.087227 0.143050
14780.000000 4.060800 202.788574 0.072733 0.140075
14800.000000 4.057060 202.817922 0.058725 0.136957
14820.000000 4.053238 202.846627 0.045224 0.133701
14840.000000 4.049353 202.874658 0.032247 0.130312
14860.000000 4.045423 202.901989 0.019811 0.126795
14880.000000 4.041469 202.928591 0.007933 0.123155
14900.000000 4.037507 202.954437 -0.003377 0.119398
14920.000000 4.033555 202.979503 -0.014104 0.115529
14940.000000 4.029632 203.003762 -0.024239 0.111554
14960.000000 4.025753 203.027191 -0.033773 0.107479
14980.000000 4.021936 203.049767 -0.042698 0.103309
15000.000000 4.018195 203.071469 -0.051008 0.099049
15020.000000 4.014545 203.092277 -0.058697 0.094707
15040.000000 4.011001 203.112170 -0.065761 0.090288
15060.000000 4.007576 203.131131 -0.072197 0.085797
15080.000000 4.004281 203.149143 -0.078003 0.081241
15100.000000 4.001128 203.166190 -0.083177 0.076626
15120.000000 3.998128 203.182258 -0.087718 0.071957
15140.000000 3.995291 203.197334 -0.091627 0.067242
15160.000000 3.992624 203.211407 -0.094904 0.062486
15180.000000 3.990135 203.224466 -0.097550 0.057695
15200.000000 3.987832 203.236502 -0.099567 0.052875
15220.000000 3.985719 203.247509 -0.100957 0.048033
15240.000000 3.983800 203.257480 -0.101723 0.043175
15260.000000 3.982081 203.266411 -0.101867 0.038307
15280.000000 3.980562 203.274299 -0.101392 0.033435
15300.000000 3.979246 203.281143 -0.100302 0.028565
15320.000000 3.978133 203.286942 -0.098601 0.023704
15340.000000 3.977222 203.291699 -0.096292 0.018858
15360.000000 3.976512 203.295417 -0.093380 0.014033
15380.000000 3.976001 203.298100 -0.089869 0.009236
15400.000000 3.975685 203.299754 -0.085764 0.004473
15420.000000 3.975560 203.300388 -0.081070 -0.000250
15440.000000 3.975620 203.300009 -0.075792 -0.004927
15460.000000 3.975859 203.298630 -0.069937 -0.009551
15480.000000 3.976270 203.296263 -0.063510 -0.014115
15500.000000 3.976845 203.292920 -0.056517 -0.018615
15520.000000 3.977575 203.288618 -0.048966 -0.023042
15540.000000 3.978450 203.283372 -0.040865 -0.027392
15560.000000 3.979460 203.277202 -0.032220 -0.031658
15580.000000 3.980593 203.270126 -0.023042 -0.035833
15600.000000 3.981838 203.262165 -0.013338 -0.039911
15620.000000 3.983183 203.253342 -0.003121 -0.043887
15640.000000 3.984613 203.243680 0.007601 -0.047754
15660.000000 3.986116 203.233204 0.018814 -0.051506
15680.000000 3.987677 203.221940 0.030507 -0.055138
15700.000000 3.989283 203.209914 0.042665 -0.058643
15720.000000 3.990918 203.197157 0.055274 -0.062016
15740.000000 3.992568 203.183696 0.068317 -0.065251
15760.000000 3.994218 203.169564 0.081779 -0.068344
15780.000000 3.995853 203.154791 0.095642 -0.071287
15800.000000 3.997458 203.139410 0.109885 -0.074077
15820.000000 3.999018 203.123455 0.124490 -0.076709
15840.000000 4.000520 203.106961 0.139434 -0.079177
15860.000000 4.001950 203.089962 0.154696 -0.081478
15880.000000 4.003295 203.072496 0.170252 -0.083606
15900.000000 4.004541 203.054600 0.186077 -0.085558
15920.000000 4.005678 203.036310 0.202146 -0.087330
15940.000000 4.006694 203.017666 0.218434 -0.088919
15960.000000 4.007579 202.998706 0.234912 -0.090321
15980.000000 4.008325 202.979470 0.251553 -0.091533
16000.000000 4.008923 202.959999 0.268329 -0.092553
16020.000000 4.009368 202.940331 0.285211 -0.093378
16040.000000 4.009654 202.920510 0.302169 -0.094007
16060.000000 4.009777 202.900575 0.319174 -0.094438
16080.000000 4.009734 202.880567 0.336196 -0.094669
16100.000000 4.009525 202.860530 0.353206 -0.094701
16120.000000 4.009150 202.840505 0.370174 -0.094531
16140.000000 4.008610 202.820533 0.387071 -0.094161
16160.000000 4.007909 202.800656 0.403868 -0.093591
16180.000000 4.007051 202.780917 0.420538 -0.092821
16200.000000 4.006043 202.761357 0.437053 -0.091852
16220.000000 4.004891 202.742018 0.453385 -0.090687
16240.000000 4.003603 202.722942 0.469510 -0.089326
16260.000000 4.002190 202.704168 0.485402 -0.087772
16280.000000 4.000662 202.685738 0.501037 -0.086028
16300.000000 3.999031 202.667693 0.516394 -0.084097
16320.000000 3.997309 202.650071 0.531449 -0.081982
16340.000000 3.995509 202.632912 0.546184 -0.079687
16360.000000 3.993646 202.616254 0.560579 -0.077216
16380.000000 3.991734 202.600135 0.574615 -0.074573
16400.000000 3.989788 202.584592 0.588278 -0.071762
16420.000000 3.987822 202.569660 0.601551 -0.068790
16440.000000 3.985854 202.555376 0.614419 -0.065660
16460.000000 3.983897 202.541772 0.626872 -0.062378
16480.000000 3.981969 202.528882 0.638895 -0.058950
16500.000000 3.980084 202.516737 0.650479 -0.055382
16520.000000 3.978257 202.505369 0.661614 -0.051679
16540.000000 3.976503 202.494806 0.672291 -0.047847
16560.000000 3.974838 202.485077 0.682502 -0.043894
16580.000000 3.973275 202.476208 0.692240 -0.039824
16600.000000 3.971827 202.468225 0.701498 -0.035646
16620.000000 3.970508 202.461152 0.710270 -0.031364
16640.000000 3.969330 202.455012 0.718551 -0.026987
16660.000000 3.968304 202.449824 0.726337 -0.022520
16680.000000 3.967441 202.445609 0.733623 -0.017971
16700.000000 3.966751 202.442385 0.740404 -0.013346
16720.000000 3.966243 202.440167 0.746676 -0.008652
16740.000000 3.965925 202.438970 0.752437 -0.003896
16760.000000 3.965805 202.438808 0.757682 0.000915
16780.000000 3.965889 202.439692 0.762407 0.005774
16800.000000 3.966181 202.441631 0.766610 0.010674
16820.000000 3.966687 202.444633 0.770287 0.015609
16840.000000 3.967409 202.448704 0.773434 0.020571
16860.000000 3.968350 202.453850 0.776047 0.025553
16880.000000 3.969510 202.460073 0.778123 0.030549
16900.000000 3.970891 202.467374 0.779659 0.035552
16920.000000 3.972491 202.475752 0.780649 0.040555
16940.000000 3.974309 202.485207 0.781091 0.045550
16960.000000 3.976340 202.495733 0.780980 0.050532
16980.000000 3.978582 202.507326 0.780312 0.055493
17000.000000 3.981029 202.519977 0.779084 0.060426
17020.000000 3.983675 202.533680 0.777290 0.065326
17040.000000 3.986512 202.548423 0.774929 0.070184
17060.000000 3.989533 202.564194 0.771994 0.074995
17080.000000 3.992728 202.580981 0.768484 0.079751
17100.000000 3.996087 202.598768 0.764395 0.084446
17120.000000 3.999599 202.617538 0.759724 0.089074
17140.000000 4.003251 202.637275 0.754469 0.093628
17160.000000 4.007030 202.657959 0.748627 0.098101
17180.000000 4.010923 202.679570 0.742198 0.102487
17200.000000 4.014915 202.702084 0.735181 0.106779
17220.000000 4.018990 202.725481 0.727576 0.110972
17240.000000 4.023131 202.749734 0.719385 0.115059
17260.000000 4.027322 202.774819 0.710609 0.119033
17280.000000 4.031544 202.800709 0.701253 0.122890
17300.000000 4.035781 202.827376 0.691319 0.126623
17320.000000 4.040012 202.854791 0.680816 0.130225
17340.000000 4.044219 202.882925 0.669748 0.133692
17360.000000 4.048383 202.911746 0.658126 0.137019
17380.000000 4.052484 202.941223 0.645959 0.140199
17400.000000 4.056503 202.971324 0.633259 0.143227
17420.000000 4.060421 203.002016 0.620040 0.146100
17440.000000 4.064218 203.033264 0.606317 0.148811
17460.000000 4.067875 203.065034 0.592107 0.151357
17480.000000 4.071374 203.097291 0.577428 0.153734
17500.000000 4.074697 203.129999 0.562302 0.155937
17520.000000 4.077827 203.163122 0.546750 0.157963
17540.000000 4.080748 203.196624 0.530797 0.159808
17560.000000 4.083445 203.230467 0.514468 0.161471
17580.000000 4.085903 203.264614 0.497791 0.162947
17600.000000 4.088110 203.299029 0.480795 0.164236
17620.000000 4.090054 203.333672 0.463510 0.165334
17640.000000 4.091725 203.368507 0.445969 0.166241
17660.000000 4.093114 203.403496 0.428204 0.166954
17680.000000 4.094215 203.438600 0.410251 0.167474
17700.000000 4.095021 203.473782 0.392144 0.167800
17720.000000 4.095530 203.509003 0.373919 0.167932
17740.000000 4.095739 203.544227 0.355613 0.167869
17760.000000 4.095647 203.579414 0.337263 0.167613
17780.000000 4.095258 203.614529 0.318908 0.167165
17800.000000 4.094573 203.649532 0.300583 0.166524
17820.000000 4.093597 203.684388 0.282328 0.165694
17840.000000 4.092338 203.719059 0.264178 0.164676
17860.000000 4.090803 203.753509 0.246171 0.163473
17880.000000 4.089002 203.787702 0.228343 0.162085
17900.000000 4.086945 203.821601 0.210729 0.160518
17920.000000 4.084646 203.855171 0.193363 0.158772
17940.000000 4.082116 203.888378 0.176279 0.156852
17960.000000 4.079372 203.921186 0.159508 0.154761
17980.000000 4.076428 203.953561 0.143080 0.152503
18000.000000 4.073302 203.985471 0.127026 0.150081
18020.000000 4.070009 204.016880 0.111373 0.147500
18040.000000 4.066568 204.047758 0.096146 0.144763
18060.000000 4.062997 204.078072 0.081370 0.141877
18080.000000 4.059314 204.107792 0.067067 0.138844
18100.000000 4.055539 204.136886 0.053260 0.135670
18120.000000 4.051689 204.165324 0.039966 0.132360
18140.000000 4.047784 204.193079 0.027204 0.128919
18160.000000 4.043843 204.220121 0.014990 0.125353
18180.000000 4.039883 204.246424 0.003338 0.121665
18200.000000 4.035923 204.271961 -0.007740 0.117863
18220.000000 4.031981 204.296706 -0.018232 0.113951
18240.000000 4.028074 204.320636 -0.028127 0.109935
18260.000000 4.024217 204.343727 -0.037418 0.105821
18280.000000 4.020429 204.365956 -0.046098 0.101614
18300.000000 4.016723 204.387302 -0.054160 0.097321
18320.000000 4.013114 204.407746 -0.061599 0.092947
18340.000000 4.009615 204.427268 -0.068412 0.088499
18360.000000 4.006241 204.445851 -0.074596 0.083981
18380.000000 4.003001 204.463479 -0.080149 0.079401
18400.000000 3.999909 204.480136 -0.085070 0.074764
18420.000000 3.996973 204.495808 -0.089358 0.070076
18440.000000 3.994203 204.510484 -0.093014 0.065343
18460.000000 3.991606 204.524152 -0.096039 0.060572
18480.000000 3.989191 204.536803 -0.098433 0.055769
18500.000000 3.986963 204.548428 -0.100199 0.050940
18520.000000 3.984927 204.559021 -0.101339 0.046091
18540.000000 3.983088 204.568576 -0.101855 0.041228
18560.000000 3.981449 204.577090 -0.101751 0.036357
18580.000000 3.980011 204.584560 -0.101029 0.031485
18600.000000 3.978776 204.590986 -0.099694 0.026618
18620.000000 3.977744 204.596368 -0.097749 0.021762
18640.000000 3.976914 204.600709 -0.095198 0.016924
18660.000000 3.976284 204.604012 -0.092046 0.012110
18680.000000 3.975852 204.606282 -0.088297 0.007326
18700.000000 3.975613 204.607527 -0.083956 0.002578
18720.000000 3.975562 204.607754 -0.079028 -0.002128
18740.000000 3.975695 204.606974 -0.073518 -0.006784
18760.000000 3.976004 204.605198 -0.067433 -0.011385
18780.000000 3.976481 204.602438 -0.060779 -0.015924
18800.000000 3.977119 204.598710 -0.053562 -0.020396
18820.000000 3.977908 204.594028 -0.045790 -0.024793
18840.000000 3.978839 204.588410 -0.037470 -0.029110
18860.000000 3.979899 204.581875 -0.028611 -0.033340
18880.000000 3.981079 204.574442 -0.019221 -0.037477
18900.000000 3.982365 204.566134 -0.009310 -0.041515
18920.000000 3.983746 204.556972 0.001110 -0.045448
18940.000000 3.985207 204.546981 0.012030 -0.049270
18960.000000 3.986735 204.536186 0.023437 -0.052974
18980.000000 3.988315 204.524614 0.035317 -0.056556
19000.000000 3.989935 204.512292 0.047658 -0.060009
19020.000000 3.991578 204.499250 0.060442 -0.063328
19040.000000 3.993229 204.485516 0.073656 -0.066506
19060.000000 3.994875 204.471124 0.087280 -0.069540
19080.000000 3.996499 204.456103 0.101297 -0.072423
19100.000000 3.998088 204.440489 0.115688 -0.075150
19120.000000 3.999627 204.424314 0.130431 -0.077717
19140.000000 4.001102 204.407613 0.145505 -0.080118
19160.000000 4.002499 204.390424 0.160887 -0.082350
19180.000000 4.003806 204.372781 0.176554 -0.084409
19200.000000 4.005010 204.354722 0.192480 -0.086289
19220.000000 4.006100 204.336286 0.208640 -0.087988
19240.000000 4.007064 204.317511 0.225007 -0.089503
19260.000000 4.007895 204.298436 0.241554 -0.090829
19280.000000 4.008583 204.279101 0.258253 -0.091965
19300.000000 4.009120 204.259546 0.275074 -0.092907
19320.000000 4.009502 204.239812 0.291990 -0.093654
19340.000000 4.009723 204.219940 0.308970 -0.094203
19360.000000 4.009780 204.199971 0.325985 -0.094555
19380.000000 4.009670 204.179947 0.343006 -0.094706
19400.000000 4.009395 204.159909 0.360003 -0.094657
19420.000000 4.008953 204.139900 0.376946 -0.094407
19440.000000 4.008349 204.119961 0.393807 -0.093957
19460.000000 4.007584 204.100135 0.410557 -0.093306
19480.000000 4.006666 204.080463 0.427168 -0.092457
19500.000000 4.005599 204.060986 0.443612 -0.091409
19520.000000 4.004391 204.041747 0.459865 -0.090165
19540.000000 4.003052 204.022787 0.475899 -0.088727
19560.000000 4.001592 204.004146 0.491691 -0.087097
19580.000000 4.000021 203.985865 0.507218 -0.085278
19600.000000 3.998352 203.967984 0.522456 -0.083273
19620.000000 3.996597 203.950543 0.537386 -0.081085
19640.000000 3.994771 203.933580 0.551986 -0.078719
19660.000000 3.992886 203.917133 0.566240 -0.076178
19680.000000 3.990958 203.901241 0.580129 -0.073468
19700.000000 3.989003 203.885938 0.593637 -0.070592
19720.000000 3.987034 203.871261 0.606750 -0.067556
19740.000000 3.985069 203.857245 0.619454 -0.064364
19760.000000 3.983121 203.843923 0.631735 -0.061023
19780.000000 3.981208 203.831327 0.643584 -0.057538
19800.000000 3.979345 203.819490 0.654990 -0.053915
19820.000000 3.977545 203.808440 0.665942 -0.050160
19840.000000 3.975825 203.798208 0.676434 -0.046279
19860.000000 3.974199 203.788820 0.686456 -0.042279
19880.000000 3.972681 203.780303 0.696003 -0.038165
19900.000000 3.971283 203.772681 0.705067 -0.033944
19920.000000 3.970019 203.765979 0.713643 -0.029624
19940.000000 3.968900 203.760217 0.721727 -0.025210
19960.000000 3.967938 203.755416 0.729313 -0.020709
19980.000000 3.967143 203.751596 0.736397 -0.016129
20000.000000 3.966525 203.748772 0.742975 -0.011475
20020.000000 3.966093 203.746962 0.749043 -0.006756
20040.000000 3.965853 203.746178 0.754598 -0.001977
20060.000000 3.965814 203.746433 0.759636 0.002854
20080.000000 3.965980 203.747738 0.764152 0.007731
20100.000000 3.966357 203.750101 0.768145 0.012645
20120.000000 3.966949 203.753530 0.771610 0.017592
20140.000000 3.967759 203.758031 0.774544 0.022563
20160.000000 3.968788 203.763608 0.776943 0.027552
20180.000000 3.970037 203.770262 0.778803 0.032551
20200.000000 3.971505 203.777995 0.780121 0.037555
20220.000000 3.973193 203.786804 0.780892 0.042555
20240.000000 3.975096 203.796688 0.781113 0.047546
20260.000000 3.977212 203.807642 0.780780 0.052520
20280.000000 3.979537 203.819659 0.779888 0.057471
20300.000000 3.982064 203.832733 0.778434 0.062392
20320.000000 3.984788 203.846853 0.776414 0.067275
20340.000000 3.987699 203.862009 0.773823 0.072115
20360.000000 3.990791 203.878188 0.770659 0.076905
20380.000000 3.994053 203.895377 0.766917 0.081638
20400.000000 3.997475 203.913560 0.762596 0.086307
20420.000000 4.001044 203.932719 0.757691 0.090906
20440.000000 4.004749 203.952838 0.752201 0.095428
20460.000000 4.008576 203.973895 0.746125 0.099867
20480.000000 4.012510 203.995870 0.739460 0.104216
20500.000000 4.016537 204.018740 0.732208 0.108469
20520.000000 4.020640 204.042483 0.724368 0.112621
20540.000000 4.024803 204.067072 0.715943 0.116663
20560.000000 4.029009 204.092483 0.706934 0.120591
20580.000000 4.033239 204.118687 0.697346 0.124399
20600.000000 4.037476 204.145657 0.687184 0.128080
20620.000000 4.041700 204.173363 0.676454 0.131629
20640.000000 4.045892 204.201775 0.665163 0.135041
20660.000000 4.050033 204.230863 0.653321 0.138309
20680.000000 4.054104 204.260594 0.640940 0.141429
20700.000000 4.058084 204.290935 0.628030 0.144396
20720.000000 4.061956 204.321854 0.614608 0.147204
20740.000000 4.065699 204.353315 0.600688 0.149850
20760.000000 4.069295 204.385284 0.586287 0.152329
20780.000000 4.072726 204.417726 0.571427 0.154636
20800.000000 4.075974 204.450604 0.556128 0.156769
20820.000000 4.079022 204.483883 0.540412 0.158723
20840.000000 4.081855 204.517526 0.524305 0.160496
20860.000000 4.084458 204.551495 0.507834 0.162084
20880.000000 4.086817 204.585754 0.491025 0.163486
20900.000000 4.088920 204.620265 0.473910 0.164698
20920.000000 4.090756 204.654990 0.456519 0.165720
20940.000000 4.092315 204.689891 0.438884 0.166549
20960.000000 4.093590 204.724930 0.421040 0.167186
20980.000000 4.094573 204.760070 0.403021 0.167628
21000.000000 4.095260 204.795272 0.384862 0.167876
21020.000000 4.095649 204.830499 0.366600 0.167930
21040.000000 4.095738 204.865712 0.348273 0.167790
21060.000000 4.095527 204.900875 0.329916 0.167457
21080.000000 4.095019 204.935950 0.311568 0.166931
21100.000000 4.094217 204.970899 0.293267 0.166215
21120.000000 4.093127 205.005685 0.275050 0.165309
21140.000000 4.091756 205.040272 0.256953 0.164217
21160.000000 4.090114 205.074623 0.239013 0.162939
21180.000000 4.088209 205.108703 0.221266 0.161480
21200.000000 4.086053 205.142475 0.203748 0.159840
21220.000000 4.083660 205.175904 0.186490 0.158024
21240.000000 4.081043 205.208955 0.169528 0.156035
21260.000000 4.078217 205.241594 0.152890 0.153877
21280.000000 4.075198 205.273786 0.136609 0.151553
21300.000000 4.072003 205.305500 0.120712 0.149067
21320.000000 4.068649 205.336700 0.105226 0.146423
21340.000000 4.065154 205.367357 0.090177 0.143626
21360.000000 4.061536 205.397436 0.075588 0.140680
21380.000000 4.057814 205.426909 0.061481 0.137591
21400.000000 4.054006 205.455744 0.047877 0.134362
21420.000000 4.050132 205.483913 0.034794 0.130999
21440.000000 4.046210 205.511386 0.022249 0.127507
21460.000000 4.042259 205.538135 0.010258 0.123891
21480.000000 4.038297 205.564134 -0.001165 0.120157
21500.000000 4.034342 205.589358 -0.012010 0.116310
21520.000000 4.030412 205.613779 -0.022264 0.112356
21540.000000 4.026523 205.637376 -0.031918 0.108300
21560.000000 4.022692 205.660124 -0.040966 0.104148
21580.000000 4.018935 205.682003 -0.049399 0.099906
21600.000000 4.015266 205.702990 -0.057212 0.095580
21620.000000 4.011700 205.723068 -0.064401 0.091176
21640.000000 4.008249 205.742216 -0.070963 0.086699
21660.000000 4.004927 205.760418 -0.076895 0.082155
21680.000000 4.001746 205.777659 -0.082195 0.077551
21700.000000 3.998714 205.793924 -0.086862 0.072893
21720.000000 3.995844 205.809199 -0.090897 0.068187
21740.000000 3.993142 205.823473 -0.094300 0.063438
21760.000000 3.990618 205.836735 -0.097072 0.058654
21780.000000 3.988277 205.848976 -0.099215 0.053839
21800.000000 3.986125 205.860189 -0.100730 0.049001
21820.000000 3.984168 205.870367 -0.101620 0.044146
21840.000000 3.982408 205.879506 -0.101888 0.039279
21860.000000 3.980849 205.887602 -0.101536 0.034407
21880.000000 3.979492 205.894654 -0.100568 0.029536
21900.000000 3.978339 205.900662 -0.098989 0.024673
21920.000000 3.977388 205.905627 -0.096801 0.019824
21940.000000 3.976638 205.909552 -0.094009 0.014994
21960.000000 3.976088 205.912441 -0.090617 0.010191
21980.000000 3.975733 205.914300 -0.086630 0.005421
22000.000000 3.975570 205.915136 -0.082053 0.000689
22020.000000 3.975594 205.914959 -0.076892 -0.003997
22040.000000 3.975798 205.913779 -0.071152 -0.008632
22060.000000 3.976175 205.911608 -0.064838 -0.013209
22080.000000 3.976718 205.908458 -0.057958 -0.017722
22100.000000 3.977417 205.904346 -0.050518 -0.022165
22120.000000 3.978264 205.899288 -0.042525 -0.026530
22140.000000 3.979248 205.893301 -0.033989 -0.030813
22160.000000 3.980358 205.886404 -0.024916 -0.035007
22180.000000 3.981582 205.878618 -0.015317 -0.039105
22200.000000 3.982907 205.869965 -0.005200 -0.043102
22220.000000 3.984321 205.860469 0.005421 -0.046991
22240.000000 3.985811 205.850153 0.016538 -0.050767
22260.000000 3.987362 205.839044 0.028136 -0.054423
22280.000000 3.988960 205.827168 0.040202 -0.057954
22300.000000 3.990590 205.814554 0.052722 -0.061354
22320.000000 3.992238 205.801232 0.065680 -0.064617
22340.000000 3.993889 205.787231 0.079060 -0.067738
22360.000000 3.995528 205.772583 0.092844 -0.070712
22380.000000 3.997140 205.757321 0.107013 -0.073533
22400.000000 3.998711 205.741478 0.121547 -0.076197
22420.000000 4.000226 205.725088 0.136425 -0.078698
22440.000000 4.001671 205.708188 0.151625 -0.081032
22460.000000 4.003034 205.690812 0.167124 -0.083195
22480.000000 4.004301 205.672999 0.182898 -0.085183
22500.000000 4.005460 205.654784 0.198921 -0.086991
22520.000000 4.006501 205.636208 0.215167 -0.088617
22540.000000 4.007413 205.617308 0.231609 -0.090056
22560.000000 4.008188 205.598124 0.248220 -0.091306
22580.000000 4.008816 205.578696 0.264972 -0.092365
22600.000000 4.009292 205.559065 0.281834 -0.093229
22620.000000 4.009610 205.539270 0.298779 -0.093897
22640.000000 4.009765 205.519355 0.315777 -0.094368
22660.000000 4.009756 205.499359 0.332798 -0.094639
22680.000000 4.009580 205.479324 0.349813 -0.094710
22700.000000 4.009238 205.459293 0.366792 -0.094581
22720.000000 4.008731 205.439307 0.383705 -0.094251
22740.000000 4.008062 205.419408 0.400525 -0.093721
22760.000000 4.007235 205.399638 0.417223 -0.092990
22780.000000 4.006256 205.380039 0.433770 -0.092061
22800.000000 4.005132 205.360653 0.450141 -0.090935
22820.000000 4.003871 205.341520 0.466309 -0.089613
22840.000000 4.002482 205.322683 0.482250 -0.088097
22860.000000 4.000976 205.304181 0.497938 -0.086391
22880.000000 3.999364 205.286056 0.513352 -0.084497
22900.000000 3.997659 205.268346 0.528469 -0.082419
22920.000000 3.995874 205.251092 0.543270 -0.080159
22940.000000 3.994023 205.234331 0.557733 -0.077723
22960.000000 3.992119 205.218102 0.571843 -0.075114
22980.000000 3.990178 205.202441 0.585582 -0.072336
23000.000000 3.988215 205.187384 0.598933 -0.069396
23020.000000 3.986246 205.172968 0.611884 -0.066297
23040.000000 3.984286 205.159225 0.624420 -0.063045
23060.000000 3.982351 205.146190 0.636530 -0.059646
23080.000000 3.980456 205.133894 0.648203 -0.056105
23100.000000 3.978616 205.122368 0.659428 -0.052428
23120.000000 3.976847 205.111642 0.670197 -0.048622
23140.000000 3.975163 205.101745 0.680501 -0.044692
23160.000000 3.973578 205.092702 0.690334 -0.040645
23180.000000 3.972106 205.084541 0.699688 -0.036488
23200.000000 3.970760 205.077284 0.708558 -0.032227
23220.000000 3.969553 205.070956 0.716938 -0.027868
23240.000000 3.968496 205.065576 0.724823 -0.023418
23260.000000 3.967599 205.061166 0.732209 -0.018885
23280.000000 3.966874 205.057742 0.739091 -0.014275
23300.000000 3.966329 205.055322 0.745465 -0.009594
23320.000000 3.965973 205.053921 0.751328 -0.004850
23340.000000 3.965813 205.053551 0.756676 -0.000049
23360.000000 3.965855 205.054225 0.761506 0.004801
23380.000000 3.966106 205.055953 0.765813 0.009693
23400.000000 3.966568 205.058742 0.769595 0.014622
23420.000000 3.967247 205.062600 0.772848 0.019579
23440.000000 3.968144 205.067531 0.775568 0.024558
23460.000000 3.969261 205.073539 0.777752 0.029552
23480.000000 3.970598 205.080624 0.779396 0.034554
23500.000000 3.972154 205.088788 0.780495 0.039557
23520.000000 3.973929 205.098028 0.781047 0.044554
23540.000000 3.975918 205.108341 0.781047 0.049539
23560.000000 3.978118 205.119721 0.780490 0.054505
23580.000000 3.980524 205.132162 0.779374 0.059444
23600.000000 3.983131 205.145656 0.777694 0.064351
23620.000000 3.985931 205.160192 0.775446 0.069218
23640.000000 3.988916 205.175759 0.772626 0.074039
23660.000000 3.992077 205.192344 0.769231 0.078806
23680.000000 3.995404 205.209932 0.765258 0.083514
23700.000000 3.998886 205.228508 0.760703 0.088156
23720.000000 4.002511 205.248054 0.755564 0.092725
23740.000000 4.006266 205.268550 0.749840 0.097215
23760.000000 4.010138 205.289977 0.743528 0.101618
23780.000000 4.014111 205.312314 0.736628 0.105930
23800.000000 4.018171 205.335536 0.729141 0.110143
23820.000000 4.022300 205.359620 0.721067 0.114252
23840.000000 4.026482 205.384542 0.712407 0.118249
23860.000000 4.030700 205.410273 0.703166 0.122130
23880.000000 4.034935 205.436787 0.693348 0.125888
23900.000000 4.039169 205.464055 0.682957 0.129517
23920.000000 4.043382 205.492048 0.672002 0.133011
23940.000000 4.047556 205.520734 0.660489 0.136366
23960.000000 4.051672 205.550083 0.648430 0.139576
23980.000000 4.055709 205.580062 0.635836 0.142635
24000.000000 4.059648 205.610639 0.622719 0.145539
24020.000000 4.063470 205.641778 0.609096 0.148283
24040.000000 4.067157 205.673447 0.594981 0.150862
24060.000000 4.070689 205.705610 0.580394 0.153273
24080.000000 4.074048 205.738231 0.565356 0.155511
24100.000000 4.077218 205.771274 0.549887 0.157573
24120.000000 4.080183 205.804703 0.534011 0.159454
24140.000000 4.082925 205.838481 0.517755 0.161154
24160.000000 4.085432 205.872570 0.501146 0.162668
24180.000000 4.087690 205.906935 0.484211 0.163994
24200.000000 4.089688 205.941535 0.466981 0.165130
24220.000000 4.091414 205.976335 0.449489 0.166075
24240.000000 4.092860 206.011296 0.431766 0.166827
24260.000000 4.094018 206.046380 0.413848 0.167386
24280.000000 4.094884 206.081550 0.395768 0.167751
24300.000000 4.095452 206.116766 0.377564 0.167921
24320.000000 4.095721 206.151992 0.359271 0.167897
24340.000000 4.095689 206.187190 0.340928 0.167680
24360.000000 4.095359 206.222322 0.322570 0.167269
24380.000000 4.094733 206.257351 0.304236 0.166667
24400.000000 4.093815 206.292239 0.285964 0.165875
24420.000000 4.092612 206.326950 0.267791 0.164895
24440.000000 4.091131 206.361447 0.249752 0.163728
24460.000000 4.089382 206.395694 0.231886 0.162377
24480.000000 4.087375 206.429654 0.214226 0.160845
24500.000000 4.085123 206.463293 0.196808 0.159135
24520.000000 4.082639 206.496575 0.179665 0.157249
24540.000000 4.079936 206.529465 0.162828 0.155192
24560.000000 4.077031 206.561930 0.146330 0.152967
24580.000000 4.073940 206.593935 0.130199 0.150577
24600.000000 4.070679 206.625447 0.114464 0.148027
24620.000000 4.067266 206.656433 0.099150 0.145322
24640.000000 4.063719 206.686863 0.084282 0.142465
24660.000000 4.060057 206.716703 0.069883 0.139461
24680.000000 4.056299 206.745924 0.055975 0.136315
24700.000000 4.052463 206.774496 0.042578 0.133032
24720.000000 4.048567 206.802390 0.029708 0.129616
24740.000000 4.044632 206.829576 0.017383 0.126074
24760.000000 4.040674 206.856029 0.005618 0.122411
24780.000000 4.036713 206.881720 -0.005576 0.118631
24800.000000 4.032766 206.906626 -0.016185 0.114740
24820.000000 4.028850 206.930720 -0.026200 0.110745
24840.000000 4.024982 206.953980 -0.035613 0.106650
24860.000000 4.021179 206.976383 -0.044415 0.102461
24880.000000 4.017455 206.997907 -0.052600 0.098185
24900.000000 4.013825 207.018533 -0.060164 0.093827
24920.000000 4.010304 207.038240 -0.067103 0.089392
24940.000000 4.006904 207.057012 -0.073412 0.084888
24960.000000 4.003637 207.074832 -0.079092 0.080320
24980.000000 4.000514 207.091683 -0.084139 0.075693
25000.000000 3.997546 207.107553 -0.088553 0.071015
25020.000000 3.994742 207.122429 -0.092335 0.066291
25040.000000 3.992110 207.136299 -0.095485 0.061527
25060.000000 3.989658 207.149154 -0.098005 0.056730
25080.000000 3.987392 207.160984 -0.099896 0.051906
25100.000000 3.985318 207.171783 -0.101161 0.047060
25120.000000 3.983439 207.181546 -0.101802 0.042199
25140.000000 3.981760 207.190268 -0.101821 0.037329
25160.000000 3.980282 207.197947 -0.101222 0.032457
25180.000000 3.979006 207.204581 -0.100009 0.027589
25200.000000 3.977934 207.210171 -0.098186 0.022730
25220.000000 3.977064 207.214720 -0.095756 0.017888
25240.000000 3.976394 207.218229 -0.092723 0.013069
25260.000000 3.975922 207.220705 -0.089093 0.008278
25280.000000 3.975645 207.222154 -0.084869 0.003522
25300.000000 3.975557 207.222584 -0.080058 -0.001192
25320.000000 3.975654 207.222004 -0.074664 -0.005859
25340.000000 3.975928 207.220425 -0.068693 -0.010471
25360.000000 3.976373 207.217861 -0.062152 -0.015023
25380.000000 3.976979 207.214325 -0.055047 -0.019509
25400.000000 3.977739 207.209832 -0.047385 -0.023921
25420.000000 3.978642 207.204399 -0.039174 -0.028255
25440.000000 3.979678 207.198046 -0.030421 -0.032503
25460.000000 3.980835 207.190791 -0.021137 -0.036659
25480.000000 3.982101 207.182655 -0.011329 -0.040717
25500.000000 3.983463 207.173662 -0.001010 -0.044672
25520.000000 3.984909 207.163834 0.009812 -0.048516
25540.000000 3.986425 207.153198 0.021122 -0.052245
25560.000000 3.987996 207.141779 0.032909 -0.055851
25580.000000 3.989609 207.129604 0.045159 -0.059331
25600.000000 3.991248 207.116703 0.057856 -0.062676
25620.000000 3.992900 207.103105 0.070985 -0.065883
25640.000000 3.994547 207.088841 0.084529 -0.068946
25660.000000 3.996177 207.073944 0.098469 -0.071859
25680.000000 3.997775 207.058445 0.112787 -0.074618
25700.000000 3.999325 207.042379 0.127461 -0.077217
25720.000000 4.000814 207.025781 0.142471 -0.079652
25740.000000 4.002227 207.008686 0.157794 -0.081919
25760.000000 4.003553 206.991131 0.173406 -0.084012
25780.000000 4.004778 206.973152 0.189282 -0.085928
25800.000000 4.005892 206.954788 0.205397 -0.087664
25820.000000 4.006882 206.936078 0.221725 -0.089215
25840.000000 4.007740 206.917059 0.238238 -0.090579
25860.000000 4.008457 206.897773 0.254909 -0.091753
25880.000000 4.009025 206.878259 0.271708 -0.092734
25900.000000 4.009438 206.858557 0.288608 -0.093520
25920.000000 4.009692 206.838709 0.305577 -0.094110
25940.000000 4.009781 206.818756 0.322588 -0.094500
25960.000000 4.009706 206.798740 0.339610 -0.094692
25980.000000 4.009463 206.778702 0.356614 -0.094683
26000.000000 4.009055 206.758684 0.373570 -0.094473
26020.000000 4.008482 206.738727 0.390450 -0.094063
26040.000000 4.007749 206.718875 0.407224 -0.093452
26060.000000 4.006861 206.699169 0.423865 -0.092642
26080.000000 4.005823 206.679650 0.440345 -0.091634
26100.000000 4.004643 206.660360 0.456638 -0.090429
26120.000000 4.003330 206.641341 0.472717 -0.089029
26140.000000 4.001893 206.622633 0.488560 -0.087437
26160.000000 4.000343 206.604277 0.504141 -0.085656
26180.000000 3.998693 206.586313 0.519439 -0.083688
26200.000000 3.996954 206.568781 0.534432 -0.081536
26220.000000 3.995140 206.551720 0.549099 -0.079205
26240.000000 3.993266 206.535167 0.563424 -0.076699
26260.000000 3.991346 206.519161 0.577387 -0.074022
26280.000000 3.989394 206.503737 0.590972 -0.071179
26300.000000 3.987427 206.488933 0.604165 -0.068174
26320.000000 3.985460 206.474782 0.616951 -0.065013
26340.000000 3.983508 206.461319 0.629318 -0.061702
26360.000000 3.981587 206.448576 0.641255 -0.058245
26380.000000 3.979712 206.436584 0.652749 -0.054649
26400.000000 3.977899 206.425375 0.663793 -0.050920
26420.000000 3.976162 206.414978 0.674377 -0.047064
26440.000000 3.974516 206.405419 0.684494 -0.043086
26460.000000 3.972974 206.396726 0.694135 -0.038994
26480.000000 3.971552 206.388924 0.703297 -0.034795
26500.000000 3.970260 206.382036 0.711971 -0.030494
26520.000000 3.969111 206.376085 0.720153 -0.026098
26540.000000 3.968117 206.371091 0.727839 -0.021614
26560.000000 3.967288 206.367073 0.735024 -0.017049
26580.000000 3.966634 206.364050 0.741703 -0.012409
26600.000000 3.966164 206.362036 0.747873 -0.007703
26620.000000 3.965885 206.361046 0.753531 -0.002935
26640.000000 3.965805 206.361092 0.758672 0.001886
26660.000000 3.965930 206.362187 0.763293 0.006754
26680.000000 3.966265 206.364338 0.767390 0.011662
26700.000000 3.966814 206.367555 0.770961 0.016602
26720.000000 3.967580 206.371841 0.774001 0.021569
26740.000000 3.968565 206.377203 0.776507 0.026555
26760.000000 3.969770 206.383642 0.778475 0.031553
26780.000000 3.971195 206.391159 0.779901 0.036556
26800.000000 3.972839 206.399754 0.780782 0.041558
26820.000000 3.974699 206.409424 0.781113 0.046551
26840.000000 3.976773 206.420164 0.780891 0.051529
26860.000000 3.979057 206.431970 0.780111 0.056485
26880.000000 3.981544 206.444834 0.778769 0.061412
26900.000000 3.984229 206.458746 0.776862 0.066304
26920.000000 3.987104 206.473696 0.774386 0.071153
26940.000000 3.990160 206.489672 0.771336 0.075953
26960.000000 3.993389 206.506661 0.767710 0.080698
26980.000000 3.996779 206.524646 0.763505 0.085380
27000.000000 4.000320 206.543612 0.758717 0.089994
27020.000000 4.003999 206.563541 0.753344 0.094532
27040.000000 4.007803 206.584412 0.747384 0.098988
27060.000000 4.011717 206.606206 0.740837 0.103355
27080.000000 4.015726 206.628899 0.733702 0.107628
27100.000000 4.019816 206.652470 0.725980 0.111800
27120.000000 4.023968 206.676892 0.717671 0.115865
27140.000000 4.028167 206.702141 0.708779 0.119817
27160.000000 4.032394 206.728189 0.699306 0.123649
27180.000000 4.036630 206.755008 0.689258 0.127356
27200.000000 4.040858 206.782570 0.678640 0.130932
27220.000000 4.045059 206.810844 0.667461 0.134371
27240.000000 4.049212 206.839799 0.655728 0.137669
27260.000000 4.053298 206.869404 0.643454 0.140819
27280.000000 4.057298 206.899626 0.630649 0.143816
27300.000000 4.061193 206.930432 0.617327 0.146657
27320.000000 4.064963 206.961788 0.603505 0.149335
27340.000000 4.068590 206.993658 0.589199 0.151848
27360.000000 4.072055 207.026009 0.574429 0.154190
27380.000000 4.075341 207.058803 0.559215 0.156357
27400.000000 4.078430 207.092005 0.543581 0.158347
27420.000000 4.081308 207.125578 0.527550 0.160157
27440.000000 4.083958 207.159485 0.511149 0.161782
27460.000000 4.086366 207.193689 0.494406 0.163221
27480.000000 4.088521 207.228153 0.477349 0.164471
27500.000000 4.090411 207.262838 0.460011 0.165531
27520.000000 4.092026 207.297707 0.442422 0.166399
27540.000000 4.093358 207.332721 0.424617 0.167074
27560.000000 4.094400 207.367844 0.406630 0.167555
27580.000000 4.095147 207.403037 0.388496 0.167842
27600.000000 4.095596 207.438262 0.370252 0.167935
27620.000000 4.095744 207.473481 0.351934 0.167833
27640.000000 4.095593 207.508657 0.333580 0.167539
27660.000000 4.095144 207.543752 0.315228 0.167051
27680.000000 4.094400 207.578729 0.296914 0.166373
27700.000000 4.093367 207.613551 0.278677 0.165505
27720.000000 4.092052 207.648180 0.260553 0.164450
27740.000000 4.090463 207.682582 0.242579 0.163209
27760.000000 4.088609 207.716718 0.224791 0.161785
27780.000000 4.086503 207.750554 0.207224 0.160182
27800.000000 4.084156 207.784055 0.189912 0.158401
27820.000000 4.081583 207.817184 0.172888 0.156446
27840.000000 4.078797 207.849908 0.156184 0.154321
27860.000000 4.075815 207.882192 0.139829 0.152030
27880.000000 4.072654 207.914004 0.123853 0.149576
27900.000000 4.069330 207.945310 0.108283 0.146963
27920.000000 4.065862 207.976077 0.093144 0.144196
27940.000000 4.062267 208.006274 0.078462 0.141280
27960.000000 4.058564 208.035871 0.064257 0.138218
27980.000000 4.054772 208.064835 0.050551 0.135017
28000.000000 4.050910 208.093139 0.037363 0.131680
28020.000000 4.046996 208.120753 0.024710 0.128214
28040.000000 4.043049 208.147649 0.012607 0.124622
28060.000000 4.039088 208.173800 0.001069 0.120912
28080.000000 4.035130 208.199181 -0.009892 0.117087
28100.000000 4.031194 208.223764 -0.020265 0.113153
28120.000000 4.027295 208.247528 -0.030040 0.109117
28140.000000 4.023452 208.270447 -0.039209 0.104984
28160.000000 4.019678 208.292501 -0.047765 0.100760
28180.000000 4.015990 208.313668 -0.055702 0.096450
28200.000000 4.012402 208.333928 -0.063016 0.092061
28220.000000 4.008928 208.353263 -0.069703 0.087598
28240.000000 4.005580 208.371656 -0.075761 0.083067
28260.000000 4.002369 208.389090 -0.081187 0.078475
28280.000000 3.999307 208.405550 -0.085981 0.073827
28300.000000 3.996403 208.421024 -0.090143 0.069130
28320.000000 3.993668 208.435498 -0.093672 0.064389
28340.000000 3.991107 208.448963 -0.096569 0.059611
28360.000000 3.988729 208.461409 -0.098837 0.054802
28380.000000 3.986539 208.472827 -0.100478 0.049968
28400.000000 3.984543 208.483212 -0.101492 0.045116
28420.000000 3.982743 208.492559 -0.101884 0.040251
28440.000000 3.981144 208.500864 -0.101655 0.035379
28460.000000 3.979747 208.508124 -0.100811 0.030508
28480.000000 3.978553 208.514341 -0.099353 0.025643
28500.000000 3.977561 208.519514 -0.097286 0.020790
28520.000000 3.976772 208.523646 -0.094614 0.015956
28540.000000 3.976182 208.526741 -0.091342 0.011147
28560.000000 3.975788 208.528805 -0.087473 0.006370
28580.000000 3.975588 208.529845 -0.083014 0.001630
28600.000000 3.975574 208.529869 -0.077969 -0.003066
28620.000000 3.975743 208.528888 -0.072343 -0.007712
28640.000000 3.976086 208.526914 -0.066144 -0.012301
28660.000000 3.976597 208.523959 -0.059376 -0.016827
28680.000000 3.977266 208.520037 -0.052047 -0.021284
28700.000000 3.978084 208.515166 -0.044164 -0.025665
28720.000000 3.979041 208.509363 -0.035736 -0.029965
28740.000000 3.980127 208.502646 -0.026769 -0.034177
28760.000000 3.981329 208.495036 -0.017274 -0.038295
28780.000000 3.982635 208.486555 -0.007260 -0.042313
28800.000000 3.984033 208.477225 0.003261 -0.046224
28820.000000 3.985508 208.467070 0.014280 -0.050023
28840.000000 3.987048 208.456117 0.025783 -0.053703
28860.000000 3.988638 208.444392 0.037757 -0.057259
28880.000000 3.990263 208.431924 0.050187 -0.060686
28900.000000 3.991909 208.418740 0.063059 -0.063977
28920.000000 3.993560 208.404872 0.076356 -0.067127
28940.000000 3.995203 208.390351 0.090061 -0.070130
28960.000000 3.996821 208.375209 0.104155 -0.072982
28980.000000 3.998402 208.359479 0.118618 -0.075678
29000.000000 3.999929 208.343196 0.133429 -0.078212
29020.000000 4.001389 208.326394 0.148567 -0.080580
29040.000000 4.002769 208.309111 0.164008 -0.082777
29060.000000 4.004056 208.291381 0.179729 -0.084800
29080.000000 4.005238 208.273244 0.195704 -0.086645
29100.000000 4.006303 208.254737 0.211908 -0.088307
29120.000000 4.007242 208.235898 0.228313 -0.089784
29140.000000 4.008044 208.216768 0.244893 -0.091072
29160.000000 4.008703 208.197385 0.261618 -0.092169
29180.000000 4.009209 208.177791 0.278461 -0.093072
29200.000000 4.009559 208.158026 0.295392 -0.093780
29220.000000 4.009747 208.138131 0.312382 -0.094290
29240.000000 4.009771 208.118148 0.329401 -0.094601
29260.000000 4.009628 208.098118 0.346419 -0.094712
29280.000000 4.009319 208.078083 0.363407 -0.094623
29300.000000 4.008845 208.058084 0.380336 -0.094333
29320.000000 4.008208 208.038165 0.397177 -0.093842
29340.000000 4.007412 208.018366 0.413901 -0.093152
29360.000000 4.006463 207.998729 0.430481 -0.092262
29380.000000 4.005367 207.979297 0.446889 -0.091175
29400.000000 4.004133 207.960111 0.463100 -0.089892
29420.000000 4.002769 207.941211 0.479087 -0.088415
29440.000000 4.001285 207.922640 0.494828 -0.086747
29460.000000 3.999694 207.904436 0.510298 -0.084890
29480.000000 3.998007 207.886640 0.525477 -0.082848
29500.000000 3.996236 207.869292 0.540342 -0.080625
29520.000000 3.994397 207.852429 0.554874 -0.078223
29540.000000 3.992502 207.836091 0.569056 -0.075648
29560.000000 3.990568 207.820313 0.582870 -0.072904
29580.000000 3.988608 207.805133 0.596300 -0.069995
29600.000000 3.986639 207.790586 0.609332 -0.066928
29620.000000 3.984676 207.776707 0.621952 -0.063706
29640.000000 3.982734 207.763528 0.634148 -0.060336
29660.000000 3.980830 207.751082 0.645908 -0.056822
29680.000000 3.978978 207.739400 0.657224 -0.053172
29700.000000 3.977194 207.728512 0.668084 -0.049392
29720.000000 3.975491 207.718447 0.678482 -0.045486
29740.000000 3.973886 207.709232 0.688410 -0.041462
29760.000000 3.972390 207.700892 0.697860 -0.037326
29780.000000 3.971018 207.693453 0.706827 -0.033085
29800.000000 3.969782 207.686938 0.715305 -0.028745
29820.000000 3.968694 207.681367 0.723289 -0.024313
29840.000000 3.967765 207.676762 0.730775 -0.019796
29860.000000 3.967005 207.673140 0.737758 -0.015201
29880.000000 3.966423 207.670519 0.744234 -0.010533
29900.000000 3.966029 207.668913 0.750199 -0.005801
29920.000000 3.965829 207.668336 0.755650 -0.001012
29940.000000 3.965830 207.668801 0.760584 0.003829
29960.000000 3.966039 207.670318 0.764996 0.008714
29980.000000 3.966459 207.672894 0.768883 0.013635
30000.000000 3.967094 207.676538 0.772241 0.018587
30020.000000 3.967948 207.681255 0.775068 0.023562
30040.000000 3.969021 207.687047 0.777359 0.028554
30060.000000 3.970314 207.693918 0.779111 0.033555
30080.000000 3.971826 207.701867 0.780319 0.038558
30100.000000 3.973557 207.710892 0.780981 0.043557
30120.000000 3.975504 207.720991 0.781091 0.048545
30140.000000 3.977662 207.732159 0.780646 0.053516
30160.000000 3.980028 207.744389 0.779642 0.058461
30180.000000 3.982595 207.757673 0.778074 0.063375
30200.000000 3.985357 207.772002 0.775940 0.068250
30220.000000 3.988305 207.787364 0.773235 0.073080
30240.000000 3.991432 207.803747 0.769955 0.077859
30260.000000 3.994727 207.821137 0.766097 0.082580
30280.000000 3.998179 207.839517 0.761659 0.087235
30300.000000 4.001777 207.858870 0.756637 0.091819
30320.000000 4.005507 207.879178 0.751029 0.096325
30340.000000 4.009357 207.900422 0.744835 0.100747
30360.000000 4.013311 207.922578 0.738052 0.105077
30380.000000 4.017354 207.945625 0.730682 0.109311
30400.000000 4.021471 207.969540 0.722725 0.113440
30420.000000 4.025644 207.994296 0.714182 0.117461
30440.000000 4.029856 208.019868 0.705057 0.121365
30460.000000 4.034089 208.046228 0.695353 0.125148
30480.000000 4.038325 208.073348 0.685077 0.128803
30500.000000 4.042544 208.101198 0.674233 0.132325
30520.000000 4.046727 208.129749 0.662831 0.135708
30540.000000 4.050856 208.158968 0.650880 0.138947
30560.000000 4.054910 208.188824 0.638392 0.142037
30580.000000 4.058870 208.219284 0.625378 0.144972
30600.000000 4.062718 208.250314 0.611855 0.147748
30620.000000 4.066433 208.281880 0.597837 0.150361
30640.000000 4.069997 208.313947 0.583343 0.152805
30660.000000 4.073392 208.346479 0.568392 0.155078
30680.000000 4.076602 208.379441 0.553007 0.157175
30700.000000 4.079608 208.412796 0.537211 0.159093
30720.000000 4.082396 208.446507 0.521029 0.160829
30740.000000 4.084951 208.480537 0.504488 0.162380
30760.000000 4.087260 208.514850 0.487615 0.163744
30780.000000 4.089310 208.549406 0.470442 0.164918
30800.000000 4.091091 208.584170 0.453000 0.165902
30820.000000 4.092594 208.619101 0.435320 0.166693
30840.000000 4.093810 208.654164 0.417438 0.167290
30860.000000 4.094735 208.689319 0.399388 0.167694
30880.000000 4.095362 208.724529 0.381206 0.167903
30900.000000 4.095691 208.759757 0.362928 0.167918
30920.000000 4.095720 208.794963 0.344591 0.167739
30940.000000 4.095449 208.830111 0.326233 0.167367
30960.000000 4.094881 208.865163 0.307892 0.166803
30980.000000 4.094021 208.900082 0.289605 0.166048
31000.000000 4.092874 208.934832 0.271408 0.165105
31020.000000 4.091448 208.969374 0.253340 0.163975
31040.000000 4.089752 209.003674 0.235436 0.162661
31060.000000 4.087796 209.037695 0.217733 0.161165
31080.000000 4.085592 209.071401 0.200264 0.159490
31100.000000 4.083153 209.104757 0.183063 0.157639
31120.000000 4.080492 209.137728 0.166163 0.155616
31140.000000 4.077626 209.170280 0.149595 0.153424
31160.000000 4.074571 209.202379 0.133388 0.151067
31180.000000 4.071342 209.233992 0.117571 0.148549
31200.000000 4.067958 209.265086 0.102171 0.145874
31220.000000 4.064437 209.295629 0.087212 0.143047
31240.000000 4.060797 209.325590 0.072718 0.140072
31260.000000 4.057056 209.354937 0.058711 0.136954
31280.000000 4.053234 209.383641 0.045210 0.133698
31300.000000 4.049349 209.411672 0.032234 0.130308
31320.000000 4.045419 209.439002 0.019799 0.126791
31340.000000 4.041465 209.465603 0.007921 0.123151
31360.000000 4.037503 209.491449 -0.003388 0.119394
31380.000000 4.033551 209.516513 -0.014115 0.115525
31400.000000 4.029628 209.540771 -0.024249 0.111550
31420.000000 4.025750 209.564200 -0.033782 0.107475
31440.000000 4.021932 209.586775 -0.042707 0.103304
31460.000000 4.018191 209.608476 -0.051016 0.099045
31480.000000 4.014542 209.629283 -0.058704 0.094703
31500.000000 4.010998 209.649175 -0.065768 0.090283
31520.000000 4.007572 209.668135 -0.072203 0.085792
31540.000000 4.004277 209.686146 -0.078008 0.081236
31560.000000 4.001125 209.703192 -0.083182 0.076621
31580.000000 3.998125 209.719259 -0.087723 0.071953
31600.000000 3.995288 209.734334 -0.091631 0.067237
31620.000000 3.992621 209.748406 -0.094907 0.062481
31640.000000 3.990133 209.761464 -0.097553 0.057690
31660.000000 3.987830 209.773499 -0.099569 0.052870
31680.000000 3.985717 209.784505 -0.100959 0.048028
31700.000000 3.983799 209.794475 -0.101723 0.043170
31720.000000 3.982079 209.803405 -0.101867 0.038302
31740.000000 3.980561 209.811292 -0.101391 0.033430
31760.000000 3.979245 209.818135 -0.100300 0.028560
31780.000000 3.978132 209.823933 -0.098598 0.023699
31800.000000 3.977221 209.828689 -0.096289 0.018853
31820.000000 3.976512 209.832406 -0.093376 0.014028
31840.000000 3.976001 209.835087 -0.089865 0.009231
31860.000000 3.975685 209.836741 -0.085759 0.004468
31880.000000 3.975560 209.837373 -0.081065 -0.000255
31900.000000 3.975620 209.836994 -0.075787 -0.004931
31920.000000 3.975860 209.835614 -0.069931 -0.009555
31940.000000 3.976271 209.833245 -0.063503 -0.014120
31960.000000 3.976846 209.829901 -0.056510 -0.018619
31980.000000 3.977576 209.825598 -0.048958 -0.023047
