0.000000 3.988739 196.004517 0.625997 -0.741036
20.000000 3.962999 195.845174 0.717349 -0.739262
40.000000 3.931090 195.684972 0.802666 -0.736980
60.000000 3.893857 195.523767 0.881255 -0.734222
80.000000 3.852198 195.361438 0.952631 -0.731024
100.000000 3.807004 195.197893 1.016502 -0.727426
120.000000 3.759122 195.033064 1.072746 -0.723467
140.000000 3.709319 194.866908 1.121391 -0.719183
160.000000 3.658269 194.699402 1.162581 -0.714612
180.000000 3.606543 194.530545 1.196557 -0.709787
200.000000 3.554621 194.360351 1.223623 -0.704736
220.000000 3.502895 194.188847 1.244135 -0.699490
240.000000 3.451681 194.016073 1.258472 -0.694074
260.000000 3.401237 193.842075 1.267026 -0.688512
280.000000 3.351769 193.666909 1.270190 -0.682828
300.000000 3.303442 193.490635 1.268351 -0.677043
320.000000 3.256388 193.313319 1.261879 -0.671179
340.000000 3.210713 193.135029 1.251133 -0.665256
360.000000 3.166502 192.955836 1.236448 -0.659294
380.000000 3.123822 192.775813 1.218143 -0.653313
400.000000 3.082726 192.595033 1.196519 -0.647334
420.000000 3.043255 192.413572 1.171856 -0.641377
440.000000 3.005441 192.231502 1.144419 -0.635461
460.000000 2.969307 192.048896 1.114455 -0.629608
480.000000 2.934871 191.865826 1.082197 -0.623838
500.000000 2.902144 191.682360 1.047863 -0.618171
520.000000 2.871131 191.498563 1.011655 -0.612630
540.000000 2.841836 191.314497 0.973764 -0.607234
560.000000 2.814257 191.130220 0.934366 -0.602005
580.000000 2.788388 190.945785 0.893626 -0.596962
600.000000 2.764223 190.761240 0.851696 -0.592126
620.000000 2.741750 190.576627 0.808717 -0.587515
640.000000 2.720956 190.391985 0.764820 -0.583148
660.000000 2.701827 190.207344 0.720123 -0.579042
680.000000 2.684344 190.022729 0.674736 -0.575214
700.000000 2.668489 189.838163 0.628761 -0.571677
720.000000 2.654241 189.653657 0.582290 -0.568445
740.000000 2.641580 189.469223 0.535408 -0.565530
760.000000 2.630482 189.284863 0.488194 -0.562942
780.000000 2.620926 189.100578 0.440724 -0.560689
800.000000 2.612889 188.916362 0.393064 -0.558777
820.000000 2.606349 188.732207 0.345283 -0.557213
840.000000 2.601284 188.548101 0.297441 -0.555999
860.000000 2.597674 188.364031 0.249599 -0.555136
880.000000 2.595499 188.179980 0.201816 -0.554625
900.000000 2.594740 187.995931 0.154150 -0.554464
920.000000 2.595380 187.811868 0.106659 -0.554650
940.000000 2.597404 187.627772 0.059400 -0.555176
960.000000 2.600795 187.443627 0.012430 -0.556039
980.000000 2.605541 187.259419 -0.034191 -0.557229
1000.000000 2.611628 187.075133 -0.080403 -0.558737
1020.000000 2.619045 186.890761 -0.126145 -0.560554
1040.000000 2.627779 186.706293 -0.171353 -0.562668
1060.000000 2.637820 186.521726 -0.215962 -0.565067
1080.000000 2.649156 186.337060 -0.259901 -0.567737
1100.000000 2.661776 186.152297 -0.303101 -0.570664
1120.000000 2.675668 185.967446 -0.345485 -0.573833
1140.000000 2.690820 185.782516 -0.386975 -0.577230
1160.000000 2.707221 185.597525 -0.427487 -0.580837
1180.000000 2.724857 185.412492 -0.466933 -0.584640
1200.000000 2.743717 185.227440 -0.505222 -0.588621
1220.000000 2.763786 185.042397 -0.542255 -0.592765
1240.000000 2.785054 184.857396 -0.577931 -0.597057
1260.000000 2.807509 184.672469 -0.612140 -0.601480
1280.000000 2.831141 184.487656 -0.644769 -0.606019
1300.000000 2.855944 184.302998 -0.675697 -0.610662
1320.000000 2.881911 184.118539 -0.704799 -0.615394
1340.000000 2.909043 183.934326 -0.731941 -0.620203
1360.000000 2.937341 183.750407 -0.756982 -0.625078
1380.000000 2.966813 183.566834 -0.779774 -0.630009
1400.000000 2.997471 183.383660 -0.800159 -0.634985
1420.000000 3.029331 183.200941 -0.817971 -0.640000
1440.000000 3.062416 183.018734 -0.833029 -0.645045
1460.000000 3.096754 182.837099 -0.845145 -0.650113
1480.000000 3.132376 182.656096 -0.854110 -0.655199
1500.000000 3.169315 182.475788 -0.859706 -0.660296
1520.000000 3.207606 182.296240 -0.861692 -0.665398
1540.000000 3.247284 182.117519 -0.859811 -0.670500
1560.000000 3.288372 181.939691 -0.853786 -0.675592
1580.000000 3.330887 181.762826 -0.843320 -0.680668
1600.000000 3.374824 181.586992 -0.828097 -0.685717
1620.000000 3.420149 181.412258 -0.807784 -0.690727
1640.000000 3.466789 181.238692 -0.782038 -0.695682
1660.000000 3.514616 181.066355 -0.750511 -0.700565
1680.000000 3.563433 180.895305 -0.712861 -0.705352
1700.000000 3.612953 180.725590 -0.668772 -0.710018
1720.000000 3.662788 180.557246 -0.617969 -0.714533
1740.000000 3.712431 180.390289 -0.560244 -0.718862
1760.000000 3.761251 180.224719 -0.495483 -0.722967
1780.000000 3.808495 180.060507 -0.423703 -0.726807
1800.000000 3.853303 179.897599 -0.345077 -0.730338
1820.000000 3.894737 179.735907 -0.259970 -0.733516
1840.000000 3.931826 179.575316 -0.168961 -0.736301
1860.000000 3.963615 179.415676 -0.072855 -0.738653
1880.000000 3.989228 179.256812 0.027313 -0.740538
1900.000000 4.007917 179.098524 0.130315 -0.741927
1920.000000 4.019118 178.940594 0.234766 -0.742797
1940.000000 4.022486 178.782797 0.339199 -0.743130
1960.000000 4.017919 178.624904 0.442140 -0.742915
1980.000000 4.005562 178.466695 0.542182 -0.742149
2000.000000 3.985800 178.307963 0.638059 -0.740837
2020.000000 3.959222 178.148518 0.728680 -0.738996
2040.000000 3.926580 177.988194 0.813166 -0.736651
2060.000000 3.888727 177.826851 0.890850 -0.733834
2080.000000 3.846563 177.664370 0.961273 -0.730583
2100.000000 3.800977 177.500663 1.024166 -0.726936
2120.000000 3.752807 177.335666 1.079429 -0.722933
2140.000000 3.702808 177.169336 1.127104 -0.718611
2160.000000 3.651641 177.001657 1.167351 -0.714005
2180.000000 3.599865 176.832627 1.200419 -0.709149
2200.000000 3.547948 176.662262 1.226622 -0.704072
2220.000000 3.496271 176.490592 1.246317 -0.698802
2240.000000 3.445144 176.317658 1.259888 -0.693366
2260.000000 3.394815 176.143506 1.267727 -0.687787
2280.000000 3.345485 175.968194 1.270226 -0.682089
2300.000000 3.297315 175.791783 1.267770 -0.676293
2320.000000 3.250433 175.614338 1.260729 -0.670420
2340.000000 3.204942 175.435927 1.249457 -0.664490
2360.000000 3.160924 175.256623 1.234289 -0.658525
2380.000000 3.118445 175.076499 1.215541 -0.652543
2400.000000 3.077556 174.895627 1.193510 -0.646566
2420.000000 3.038296 174.714083 1.168476 -0.640613
2440.000000 3.000697 174.531940 1.140700 -0.634704
2460.000000 2.964781 174.349271 1.110429 -0.628860
2480.000000 2.930565 174.166146 1.077892 -0.623102
2500.000000 2.898058 173.982634 1.043306 -0.617451
2520.000000 2.867266 173.798799 1.006871 -0.611927
2540.000000 2.838192 173.614703 0.968776 -0.606552
2560.000000 2.810833 173.430403 0.929196 -0.601345
2580.000000 2.785184 173.245951 0.888295 -0.596328
2600.000000 2.761237 173.061395 0.846222 -0.591520
2620.000000 2.738981 172.876776 0.803119 -0.586939
2640.000000 2.718402 172.692132 0.759112 -0.582605
2660.000000 2.699486 172.507493 0.714320 -0.578534
2680.000000 2.682213 172.322884 0.668853 -0.574742
2700.000000 2.666566 172.138325 0.622808 -0.571244
2720.000000 2.652524 171.953828 0.576279 -0.568052
2740.000000 2.640065 171.769403 0.529350 -0.565178
2760.000000 2.629167 171.585053 0.482100 -0.562633
2780.000000 2.619807 171.400777 0.434601 -0.560423
2800.000000 2.611964 171.216569 0.386923 -0.558557
2820.000000 2.605615 171.032421 0.339130 -0.557037
2840.000000 2.600739 170.848321 0.291284 -0.555868
2860.000000 2.597314 170.664254 0.243447 -0.555051
2880.000000 2.595322 170.480204 0.195676 -0.554585
2900.000000 2.594744 170.296155 0.148029 -0.554469
2920.000000 2.595564 170.112088 0.100565 -0.554698
2940.000000 2.597764 169.927987 0.053339 -0.555269
2960.000000 2.601330 169.743835 0.006411 -0.556174
2980.000000 2.606249 169.559617 -0.040160 -0.557405
3000.000000 2.612508 169.375321 -0.086316 -0.558954
3020.000000 2.620095 169.190937 -0.131993 -0.560810
3040.000000 2.628998 169.006457 -0.177127 -0.562961
3060.000000 2.639206 168.821877 -0.221654 -0.565395
3080.000000 2.650708 168.637198 -0.265502 -0.568099
3100.000000 2.663492 168.452423 -0.308601 -0.571058
3120.000000 2.677547 168.267561 -0.350875 -0.574258
3140.000000 2.692861 168.082623 -0.392243 -0.577682
3160.000000 2.709421 167.897625 -0.432623 -0.581316
3180.000000 2.727215 167.712588 -0.471926 -0.585142
3200.000000 2.746231 167.527535 -0.510059 -0.589145
3220.000000 2.766455 167.342496 -0.546923 -0.593309
3240.000000 2.787876 167.157502 -0.582416 -0.597619
3260.000000 2.810483 166.972588 -0.616429 -0.602057
3280.000000 2.834267 166.787793 -0.648846 -0.606611
3300.000000 2.859219 166.603158 -0.679546 -0.611266
3320.000000 2.885337 166.418728 -0.708403 -0.616009
3340.000000 2.912618 166.234549 -0.735283 -0.620827
3360.000000 2.941067 166.050672 -0.760043 -0.625710
3380.000000 2.970691 165.867147 -0.782535 -0.630647
3400.000000 3.001502 165.684029 -0.802599 -0.635628
3420.000000 3.033518 165.501372 -0.820066 -0.640647
3440.000000 3.066763 165.319236 -0.834757 -0.645696
3460.000000 3.101264 165.137678 -0.846479 -0.650767
3480.000000 3.137053 164.956761 -0.855024 -0.655854
3500.000000 3.174165 164.776547 -0.860169 -0.660952
3520.000000 3.212633 164.597102 -0.861672 -0.666055
3540.000000 3.252490 164.418492 -0.859274 -0.671155
3560.000000 3.293762 164.240784 -0.852695 -0.676247
3580.000000 3.336460 164.064048 -0.841635 -0.681320
3600.000000 3.380578 163.888352 -0.825776 -0.686364
3620.000000 3.426078 163.713765 -0.804784 -0.691368
3640.000000 3.472879 163.540353 -0.778313 -0.696315
3660.000000 3.520846 163.368179 -0.746017 -0.701187
3680.000000 3.569772 163.197298 -0.707556 -0.705960
3700.000000 3.619357 163.027758 -0.662618 -0.710609
3720.000000 3.669198 162.859591 -0.610934 -0.715102
3740.000000 3.718773 162.692814 -0.552307 -0.719404
3760.000000 3.767435 162.527420 -0.486640 -0.723477
3780.000000 3.814415 162.363380 -0.413966 -0.727279
3800.000000 3.858843 162.200633 -0.334481 -0.730767
3820.000000 3.899773 162.039091 -0.248578 -0.733897
3840.000000 3.936232 161.878631 -0.156862 -0.736628
3860.000000 3.967274 161.719101 -0.060172 -0.738922
3880.000000 3.992034 161.560323 0.040434 -0.740745
3900.000000 4.009787 161.402093 0.143702 -0.742068
3920.000000 4.019995 161.244193 0.248234 -0.742870
3940.000000 4.022343 161.086397 0.352557 -0.743133
3960.000000 4.016760 160.928475 0.455201 -0.742848
3980.000000 4.003424 160.770210 0.554776 -0.742010
4000.000000 3.982748 160.611396 0.650032 -0.740630
4020.000000 3.955345 160.451847 0.739909 -0.738722
4040.000000 3.921983 160.291400 0.823553 -0.736314
4060.000000 3.883525 160.129916 0.900325 -0.733440
4080.000000 3.840872 159.967282 0.969790 -0.730135
4100.000000 3.794908 159.803412 1.031704 -0.726440
4120.000000 3.746462 159.638245 1.085985 -0.722394
4140.000000 3.696278 159.471743 1.132694 -0.718033
4160.000000 3.645003 159.303889 1.172002 -0.713394
4180.000000 3.593185 159.134686 1.204168 -0.708507
4200.000000 3.541279 158.964152 1.229513 -0.703404
4220.000000 3.489657 158.792317 1.248398 -0.698112
4240.000000 3.438619 158.619222 1.261209 -0.692656
4260.000000 3.388409 158.444919 1.268339 -0.687060
4280.000000 3.339220 158.269462 1.270180 -0.681348
4300.000000 3.291209 158.092914 1.267114 -0.675541
4320.000000 3.244500 157.915340 1.259509 -0.669660
4340.000000 3.199195 157.736811 1.247717 -0.663725
4360.000000 3.155372 157.557397 1.232071 -0.657756
4380.000000 3.113094 157.377172 1.212885 -0.651774
4400.000000 3.072413 157.196210 1.190452 -0.645798
4420.000000 3.033366 157.014585 1.165051 -0.639850
4440.000000 2.995982 156.832370 1.136941 -0.633948
4460.000000 2.960284 156.649639 1.106365 -0.628114
4480.000000 2.926286 156.466460 1.073553 -0.622369
4500.000000 2.894000 156.282903 1.038718 -0.616733
4520.000000 2.863429 156.099031 1.002059 -0.611227
4540.000000 2.834576 155.914905 0.963763 -0.605872
4560.000000 2.807437 155.730583 0.924005 -0.600689
4580.000000 2.782008 155.546115 0.882945 -0.595697
4600.000000 2.758279 155.361549 0.840732 -0.590917
4620.000000 2.736240 155.176925 0.797505 -0.586367
4640.000000 2.715876 154.992280 0.753391 -0.582066
4660.000000 2.697172 154.807644 0.708506 -0.578030
4680.000000 2.680110 154.623040 0.662959 -0.574275
4700.000000 2.664670 154.438488 0.616848 -0.570816
4720.000000 2.650833 154.254000 0.570263 -0.567664
4740.000000 2.638576 154.069585 0.523288 -0.564832
4760.000000 2.627877 153.885244 0.476002 -0.562330
4780.000000 2.618714 153.700977 0.428476 -0.560164
4800.000000 2.611064 153.516778 0.380779 -0.558342
4820.000000 2.604906 153.332637 0.332976 -0.556867
4840.000000 2.600217 153.148542 0.285128 -0.555743
4860.000000 2.596978 152.964478 0.237296 -0.554971
4880.000000 2.595169 152.780429 0.189538 -0.554551
4900.000000 2.594772 152.596378 0.141912 -0.554479
4920.000000 2.595770 152.412308 0.094474 -0.554753
4940.000000 2.598146 152.228201 0.047284 -0.555367
4960.000000 2.601888 152.044042 0.000399 -0.556314
4980.000000 2.606980 151.859815 -0.046123 -0.557587
5000.000000 2.613410 151.675508 -0.092220 -0.559176
5020.000000 2.621167 151.491111 -0.137831 -0.561070
5040.000000 2.630238 151.306618 -0.182891 -0.563259
5060.000000 2.640613 151.122026 -0.227334 -0.565728
5080.000000 2.652281 150.937334 -0.271091 -0.568466
5100.000000 2.665229 150.752548 -0.314088 -0.571457
5120.000000 2.679447 150.567675 -0.356249 -0.574686
5140.000000 2.694922 150.382728 -0.397495 -0.578138
5160.000000 2.711641 150.197724 -0.437742 -0.581797
5180.000000 2.729594 150.012683 -0.476899 -0.585648
5200.000000 2.748765 149.827631 -0.514875 -0.589672
5220.000000 2.769144 149.642596 -0.551569 -0.593856
5240.000000 2.790719 149.457610 -0.586878 -0.598183
5260.000000 2.813477 149.272709 -0.620691 -0.602637
5280.000000 2.837411 149.087932 -0.652894 -0.607205
5300.000000 2.862514 148.903321 -0.683365 -0.611872
5320.000000 2.888781 148.718921 -0.711975 -0.616625
5340.000000 2.916213 148.534778 -0.738590 -0.621452
5360.000000 2.944812 148.350943 -0.763067 -0.626342
5380.000000 2.974588 148.167467 -0.785255 -0.631285
5400.000000 3.005553 147.984405 -0.804995 -0.636272
5420.000000 3.037726 147.801813 -0.822116 -0.641295
5440.000000 3.071131 147.619747 -0.836436 -0.646347
5460.000000 3.105796 147.438268 -0.847761 -0.651420
5480.000000 3.141753 147.257438 -0.855881 -0.656510
5500.000000 3.179037 147.077320 -0.860571 -0.661609
5520.000000 3.217682 146.897978 -0.861588 -0.666711
5540.000000 3.257720 146.719480 -0.858668 -0.671811
5560.000000 3.299175 146.541893 -0.851530 -0.676900
5580.000000 3.342057 146.365287 -0.839871 -0.681971
5600.000000 3.386356 146.189730 -0.823371 -0.687011
5620.000000 3.432028 146.015290 -0.801693 -0.692008
5640.000000 3.478988 145.842034 -0.774492 -0.696946
5660.000000 3.527092 145.670024 -0.741421 -0.701807
5680.000000 3.576121 145.499313 -0.702144 -0.706566
5700.000000 3.625764 145.329948 -0.656352 -0.711196
5720.000000 3.675603 145.161960 -0.603784 -0.715667
5740.000000 3.725100 144.995361 -0.544254 -0.719942
5760.000000 3.773591 144.830144 -0.477681 -0.723982
5780.000000 3.820294 144.666274 -0.404115 -0.727746
5800.000000 3.864325 144.503688 -0.323779 -0.731191
5820.000000 3.904734 144.342292 -0.237089 -0.734272
5840.000000 3.940549 144.181961 -0.144681 -0.736949
5860.000000 3.970828 144.022539 -0.047424 -0.739183
5880.000000 3.994724 143.863843 0.053599 -0.740943
5900.000000 4.011532 143.705668 0.157110 -0.742201
5920.000000 4.020742 143.547794 0.261699 -0.742935
5940.000000 4.022068 143.389994 0.365887 -0.743128
5960.000000 4.015473 143.232041 0.468212 -0.742771
5980.000000 4.001165 143.073716 0.567297 -0.741863
6000.000000 3.979585 142.914818 0.661917 -0.740413
6020.000000 3.951370 142.755162 0.751035 -0.738440
6040.000000 3.917302 142.594588 0.833827 -0.735970
6060.000000 3.878254 142.432962 0.909678 -0.733038
6080.000000 3.835126 142.270173 0.978182 -0.729681
6100.000000 3.788798 142.106140 1.039115 -0.725939
6120.000000 3.740088 141.940802 1.092416 -0.721850
6140.000000 3.689730 141.774127 1.138161 -0.717452
6160.000000 3.638357 141.606099 1.176534 -0.712778
6180.000000 3.586504 141.436723 1.207803 -0.707862
6200.000000 3.534615 141.266020 1.232297 -0.702733
6220.000000 3.483052 141.094020 1.250379 -0.697418
6240.000000 3.432108 140.920767 1.262437 -0.691943
6260.000000 3.382019 140.746312 1.268864 -0.686332
6280.000000 3.332974 140.570711 1.270052 -0.680606
6300.000000 3.285124 140.394027 1.266382 -0.674788
6320.000000 3.238591 140.216327 1.258219 -0.668899
6340.000000 3.193472 140.037680 1.245914 -0.662958
6360.000000 3.149845 139.858158 1.229795 -0.656987
6380.000000 3.107770 139.677834 1.210174 -0.651004
6400.000000 3.067297 139.496782 1.187345 -0.645031
6420.000000 3.028462 139.315077 1.161581 -0.639087
6440.000000 2.991294 139.132792 1.133140 -0.633193
6460.000000 2.955814 138.949999 1.102265 -0.627370
6480.000000 2.922037 138.766768 1.069180 -0.621637
6500.000000 2.889971 138.583166 1.034099 -0.616017
6520.000000 2.859621 138.399258 0.997220 -0.610529
6540.000000 2.830989 138.215105 0.958727 -0.605195
6560.000000 2.804070 138.030760 0.918792 -0.600035
6580.000000 2.778860 137.846277 0.877575 -0.595070
6600.000000 2.755349 137.661702 0.835225 -0.590318
6620.000000 2.733526 137.477073 0.791877 -0.585800
6640.000000 2.713377 137.292428 0.747657 -0.581532
6660.000000 2.694885 137.107794 0.702682 -0.577531
6680.000000 2.678033 136.923197 0.657056 -0.573813
6700.000000 2.662801 136.738652 0.610879 -0.570393
6720.000000 2.649168 136.554173 0.564239 -0.567282
6740.000000 2.637112 136.369768 0.517220 -0.564492
6760.000000 2.626612 136.185437 0.469899 -0.562032
6780.000000 2.617645 136.001179 0.422348 -0.559910
6800.000000 2.610189 135.816988 0.374634 -0.558132
6820.000000 2.604220 135.632853 0.326821 -0.556703
6840.000000 2.599719 135.448763 0.278972 -0.555624
6860.000000 2.596665 135.264702 0.231146 -0.554898
6880.000000 2.595039 135.080654 0.183402 -0.554522
6900.000000 2.594822 134.896602 0.135797 -0.554495
6920.000000 2.595998 134.712528 0.088388 -0.554813
6940.000000 2.598551 134.528415 0.041234 -0.555470
6960.000000 2.602467 134.344247 -0.005608 -0.556460
6980.000000 2.607732 134.160011 -0.052079 -0.557774
7000.000000 2.614334 133.975693 -0.098117 -0.559403
7020.000000 2.622260 133.791284 -0.143660 -0.561336
7040.000000 2.631500 133.606779 -0.188645 -0.563561
7060.000000 2.642042 133.422173 -0.233004 -0.566066
7080.000000 2.653875 133.237469 -0.276666 -0.568837
7100.000000 2.666987 133.052671 -0.319560 -0.571859
7120.000000 2.681367 132.867788 -0.361609 -0.575118
7140.000000 2.697003 132.682833 -0.402731 -0.578598
7160.000000 2.713882 132.497822 -0.442842 -0.582282
7180.000000 2.731992 132.312779 -0.481853 -0.586156
7200.000000 2.751320 132.127727 -0.519669 -0.590202
7220.000000 2.771853 131.942697 -0.556191 -0.594405
7240.000000 2.793580 131.757719 -0.591314 -0.598749
7260.000000 2.816491 131.572832 -0.624927 -0.603219
7280.000000 2.840576 131.388074 -0.656914 -0.607800
7300.000000 2.865828 131.203488 -0.687153 -0.612478
7320.000000 2.892245 131.019118 -0.715514 -0.617242
7340.000000 2.919827 130.835012 -0.741862 -0.622078
7360.000000 2.948577 130.651220 -0.766053 -0.626975
7380.000000 2.978504 130.467795 -0.787936 -0.631924
7400.000000 3.009624 130.284790 -0.807348 -0.636917
7420.000000 3.041954 130.102262 -0.824119 -0.641944
7440.000000 3.075519 129.920268 -0.838065 -0.646998
7460.000000 3.110349 129.738869 -0.848990 -0.652074
7480.000000 3.146474 129.558127 -0.856682 -0.657165
7500.000000 3.183932 129.378105 -0.860913 -0.662265
7520.000000 3.222754 129.198868 -0.861439 -0.667368
7540.000000 3.262974 129.020483 -0.857992 -0.672467
7560.000000 3.304612 128.843019 -0.850290 -0.677554
7580.000000 3.347677 128.666544 -0.838026 -0.682621
7600.000000 3.392156 128.491127 -0.820879 -0.687656
7620.000000 3.438000 128.316836 -0.798510 -0.692647
7640.000000 3.485117 128.143737 -0.770574 -0.697577
7660.000000 3.533354 127.971890 -0.736723 -0.702425
7680.000000 3.582481 127.801351 -0.696624 -0.707169
7700.000000 3.632175 127.632161 -0.649973 -0.711781
7720.000000 3.682003 127.464351 -0.596518 -0.716228
7740.000000 3.731410 127.297931 -0.536085 -0.720476
7760.000000 3.779717 127.132890 -0.468605 -0.724483
7780.000000 3.826128 126.969189 -0.394153 -0.728208
7800.000000 3.869747 126.806763 -0.312971 -0.731608
7820.000000 3.909620 126.645512 -0.225505 -0.734640
7840.000000 3.944774 126.485307 -0.132420 -0.737262
7860.000000 3.974277 126.325989 -0.034613 -0.739437
7880.000000 3.997296 126.167371 0.066805 -0.741134
7900.000000 4.013151 126.009248 0.170536 -0.742325
7920.000000 4.021357 125.851397 0.275157 -0.742990
7940.000000 4.021661 125.693589 0.379186 -0.743113
7960.000000 4.014057 125.535600 0.481168 -0.742685
7980.000000 3.998784 125.377213 0.579744 -0.741707
8000.000000 3.976312 125.218226 0.673710 -0.740188
8020.000000 3.947297 125.058461 0.762056 -0.738149
8040.000000 3.912539 124.897759 0.843985 -0.735618
8060.000000 3.872915 124.735989 0.918910 -0.732629
8080.000000 3.829327 124.573044 0.986448 -0.729220
8100.000000 3.782648 124.408846 1.046400 -0.725431
8120.000000 3.733688 124.243338 1.098722 -0.721301
8140.000000 3.683165 124.076488 1.143506 -0.716865
8160.000000 3.631702 123.908287 1.180949 -0.712159
8180.000000 3.579822 123.738739 1.211327 -0.707214
8200.000000 3.527956 123.567866 1.234974 -0.702059
8220.000000 3.476458 123.395703 1.252259 -0.696723
8240.000000 3.425612 123.222292 1.263571 -0.691229
8260.000000 3.375648 123.047686 1.269303 -0.685601
8280.000000 3.326748 122.871943 1.269845 -0.679862
8300.000000 3.279061 122.695124 1.265576 -0.674034
8320.000000 3.232705 122.517298 1.256861 -0.668137
8340.000000 3.187774 122.338534 1.244047 -0.662191
8360.000000 3.144344 122.158905 1.227461 -0.656217
8380.000000 3.102473 121.978483 1.207411 -0.650235
8400.000000 3.062208 121.797343 1.184189 -0.644264
8420.000000 3.023587 121.615559 1.158067 -0.638326
8440.000000 2.986635 121.433205 1.129300 -0.632440
8460.000000 2.951373 121.250352 1.098127 -0.626627
8480.000000 2.917815 121.067069 1.064775 -0.620908
8500.000000 2.885970 120.883425 1.029452 -0.615303
8520.000000 2.855841 120.699482 0.992354 -0.609834
8540.000000 2.827429 120.515301 0.953666 -0.604521
8560.000000 2.800731 120.330936 0.913558 -0.599385
8580.000000 2.775740 120.146439 0.872188 -0.594446
8600.000000 2.752447 119.961854 0.829701 -0.589724
8620.000000 2.730840 119.777221 0.786234 -0.585236
8640.000000 2.710905 119.592576 0.741911 -0.581002
8660.000000 2.692625 119.407946 0.696846 -0.577037
8680.000000 2.675983 119.223354 0.651145 -0.573356
8700.000000 2.660957 119.038817 0.604903 -0.569975
8720.000000 2.647529 118.854348 0.558210 -0.566905
8740.000000 2.635675 118.669952 0.511148 -0.564157
8760.000000 2.625373 118.485631 0.463793 -0.561740
8780.000000 2.616602 118.301382 0.416217 -0.559662
8800.000000 2.609338 118.117198 0.368487 -0.557929
8820.000000 2.603560 117.933070 0.320666 -0.556544
8840.000000 2.599246 117.748985 0.272817 -0.555511
8860.000000 2.596377 117.564926 0.224998 -0.554830
8880.000000 2.594933 117.380879 0.177269 -0.554499
8900.000000 2.594896 117.196825 0.129685 -0.554517
8920.000000 2.596250 117.012747 0.082306 -0.554878
8940.000000 2.598979 116.828628 0.035189 -0.555579
8960.000000 2.603069 116.644452 -0.011609 -0.556611
8980.000000 2.608507 116.460205 -0.058027 -0.557966
9000.000000 2.615280 116.275876 -0.104005 -0.559634
9020.000000 2.623376 116.091455 -0.149481 -0.561606
9040.000000 2.632784 115.906937 -0.194388 -0.563868
9060.000000 2.643492 115.722319 -0.238661 -0.566408
9080.000000 2.655490 115.537603 -0.282229 -0.569212
9100.000000 2.668767 115.352793 -0.325019 -0.572266
9120.000000 2.683309 115.167900 -0.366953 -0.575554
9140.000000 2.699105 114.982936 -0.407950 -0.579061
9160.000000 2.716143 114.797920 -0.447925 -0.582771
9180.000000 2.734411 114.612874 -0.486787 -0.586667
9200.000000 2.753894 114.427824 -0.524443 -0.590734
9220.000000 2.774582 114.242798 -0.560791 -0.594956
9240.000000 2.796462 114.057830 -0.595725 -0.599317
9260.000000 2.819524 113.872957 -0.629136 -0.603802
9280.000000 2.843759 113.688219 -0.660905 -0.608397
9300.000000 2.869162 113.503658 -0.690910 -0.613087
9320.000000 2.895728 113.319319 -0.719020 -0.617860
9340.000000 2.923460 113.135251 -0.745098 -0.622704
9360.000000 2.952361 112.951503 -0.769001 -0.627609
9380.000000 2.982441 112.768129 -0.790575 -0.632564
9400.000000 3.013715 112.585182 -0.809658 -0.637562
9420.000000 3.046202 112.402719 -0.826076 -0.642593
9440.000000 3.079929 112.220799 -0.839644 -0.647650
9460.000000 3.114923 112.039481 -0.850165 -0.652729
9480.000000 3.151218 111.858828 -0.857425 -0.657821
9500.000000 3.188849 111.678903 -0.861194 -0.662922
9520.000000 3.227850 111.499772 -0.861224 -0.668024
9540.000000 3.268251 111.321502 -0.857246 -0.673122
9560.000000 3.310072 111.144161 -0.848974 -0.678207
9580.000000 3.353321 110.967818 -0.836101 -0.683271
9600.000000 3.397979 110.792542 -0.818301 -0.688301
9620.000000 3.443993 110.618401 -0.795236 -0.693285
9640.000000 3.491264 110.445460 -0.766558 -0.698205
9660.000000 3.539630 110.273779 -0.731921 -0.703042
9680.000000 3.588851 110.103410 -0.690995 -0.707770
9700.000000 3.638589 109.934397 -0.643482 -0.712363
9720.000000 3.688396 109.766766 -0.589137 -0.716787
9740.000000 3.737702 109.600524 -0.527798 -0.721005
9760.000000 3.785812 109.435658 -0.459414 -0.724979
9780.000000 3.831916 109.272126 -0.384078 -0.728665
9800.000000 3.875108 109.109857 -0.302059 -0.732020
9820.000000 3.914427 108.948748 -0.213827 -0.735001
9840.000000 3.948905 108.788667 -0.120080 -0.737567
9860.000000 3.977618 108.629450 -0.021742 -0.739683
9880.000000 3.999750 108.470908 0.080050 -0.741316
9900.000000 4.014643 108.312833 0.183977 -0.742441
9920.000000 4.021842 108.155000 0.288605 -0.743036
9940.000000 4.021124 107.997181 0.392451 -0.743088
9960.000000 4.012514 107.839153 0.494068 -0.742590
9980.000000 3.996285 107.680699 0.592115 -0.741541
10000.000000 3.972930 107.521622 0.685410 -0.739955
10020.000000 3.943129 107.361745 0.772971 -0.737850
10040.000000 3.907695 107.200912 0.854027 -0.735258
10060.000000 3.867510 107.038996 0.928019 -0.732213
10080.000000 3.823477 106.875894 0.994589 -0.728753
10100.000000 3.776461 106.711530 1.053558 -0.724918
10120.000000 3.727261 106.545851 1.104903 -0.720746
10140.000000 3.676585 106.378828 1.148729 -0.716274
10160.000000 3.625041 106.210452 1.185246 -0.711535
10180.000000 3.573140 106.040732 1.214739 -0.706562
10200.000000 3.521304 105.869691 1.237546 -0.701382
10220.000000 3.469875 105.697365 1.254041 -0.696024
10240.000000 3.419130 105.523798 1.264613 -0.690512
10260.000000 3.369293 105.349042 1.269655 -0.684868
10280.000000 3.320542 105.173156 1.269557 -0.679117
10300.000000 3.273021 104.996204 1.264697 -0.673279
10320.000000 3.226843 104.818254 1.255435 -0.667374
10340.000000 3.182101 104.639374 1.242118 -0.661424
10360.000000 3.138868 104.459639 1.225069 -0.655448
10380.000000 3.097202 104.279121 1.204596 -0.649466
10400.000000 3.057147 104.097894 1.180985 -0.643498
10420.000000 3.018739 103.916032 1.154509 -0.637565
10440.000000 2.982003 103.733610 1.125419 -0.631687
10460.000000 2.946960 103.550697 1.093954 -0.625885
10480.000000 2.913622 103.367365 1.060337 -0.620180
10500.000000 2.881998 103.183679 1.024774 -0.614591
10520.000000 2.852090 102.999702 0.987463 -0.609141
10540.000000 2.823899 102.815494 0.948583 -0.603850
10560.000000 2.797421 102.631109 0.908303 -0.598738
10580.000000 2.772649 102.446598 0.866781 -0.593826
10600.000000 2.749573 102.262005 0.824161 -0.589133
10620.000000 2.728182 102.077369 0.780577 -0.584677
10640.000000 2.708461 101.892724 0.736153 -0.580476
10660.000000 2.690393 101.708098 0.691000 -0.576547
10680.000000 2.673959 101.523512 0.645224 -0.572904
10700.000000 2.659141 101.338984 0.598919 -0.569562
10720.000000 2.645916 101.154524 0.552174 -0.566533
10740.000000 2.634263 100.970137 0.505070 -0.563827
10760.000000 2.624160 100.785826 0.457683 -0.561453
10780.000000 2.615583 100.601586 0.410084 -0.559420
10800.000000 2.608512 100.417410 0.362338 -0.557731
10820.000000 2.602923 100.233288 0.314511 -0.556392
10840.000000 2.598796 100.049207 0.266662 -0.555404
10860.000000 2.596111 99.865151 0.218851 -0.554767
10880.000000 2.594849 99.681103 0.171137 -0.554482
10900.000000 2.594993 99.497047 0.123577 -0.554544
10920.000000 2.596524 99.312965 0.076229 -0.554950
10940.000000 2.599429 99.128839 0.029149 -0.555693
10960.000000 2.603694 98.944655 -0.017603 -0.556767
10980.000000 2.609304 98.760399 -0.063968 -0.558163
11000.000000 2.616247 98.576058 -0.109885 -0.559871
11020.000000 2.624513 98.391625 -0.155291 -0.561881
11040.000000 2.634089 98.207094 -0.200121 -0.564179
11060.000000 2.644964 98.022463 -0.244308 -0.566754
11080.000000 2.657127 97.837734 -0.287780 -0.569591
11100.000000 2.670567 97.652913 -0.330464 -0.572676
11120.000000 2.685271 97.468010 -0.372282 -0.575993
11140.000000 2.701228 97.283039 -0.413152 -0.579527
11160.000000 2.718425 97.098018 -0.452989 -0.583262
11180.000000 2.736849 96.912970 -0.491702 -0.587181
11200.000000 2.756488 96.727921 -0.529194 -0.591269
11220.000000 2.777330 96.542900 -0.565366 -0.595510
11240.000000 2.799363 96.357943 -0.600112 -0.599888
11260.000000 2.822576 96.173085 -0.633318 -0.604387
11280.000000 2.846962 95.988367 -0.664867 -0.608995
11300.000000 2.872514 95.803832 -0.694635 -0.613696
11320.000000 2.899231 95.619525 -0.722492 -0.618479
11340.000000 2.927112 95.435495 -0.748299 -0.623332
11360.000000 2.956164 95.251793 -0.771911 -0.628244
11380.000000 2.986397 95.068470 -0.793173 -0.633205
11400.000000 3.017826 94.885582 -0.811923 -0.638207
11420.000000 3.050471 94.703186 -0.827985 -0.643242
11440.000000 3.084359 94.521340 -0.841173 -0.648303
11460.000000 3.119519 94.340104 -0.851287 -0.653383
11480.000000 3.155984 94.159541 -0.858111 -0.658477
11500.000000 3.193789 93.979715 -0.861413 -0.663578
11520.000000 3.232968 93.800691 -0.860942 -0.668680
11540.000000 3.273551 93.622536 -0.856429 -0.673777
11560.000000 3.315557 93.445320 -0.847583 -0.678860
11580.000000 3.358988 93.269110 -0.834094 -0.683920
11600.000000 3.403824 93.093976 -0.815636 -0.688945
11620.000000 3.450007 92.919986 -0.791868 -0.693922
11640.000000 3.497429 92.747204 -0.762443 -0.698833
11660.000000 3.545921 92.575689 -0.727015 -0.703657
11680.000000 3.595229 92.405493 -0.685258 -0.708370
11700.000000 3.645003 92.236656 -0.636878 -0.712942
11720.000000 3.694781 92.069204 -0.581640 -0.717342
11740.000000 3.743974 91.903141 -0.519395 -0.721531
11760.000000 3.791874 91.738449 -0.450108 -0.725470
11780.000000 3.837655 91.575084 -0.373893 -0.729116
11800.000000 3.880404 91.412970 -0.291043 -0.732425
11820.000000 3.919155 91.252002 -0.202059 -0.735355
11840.000000 3.952940 91.092041 -0.107664 -0.737865
11860.000000 3.980850 90.932922 -0.008813 -0.739921
11880.000000 4.002084 90.774453 0.093330 -0.741490
11900.000000 4.016008 90.616421 0.197429 -0.742547
11920.000000 4.022195 90.458603 0.302040 -0.743074
11940.000000 4.020455 90.300770 0.405679 -0.743055
11960.000000 4.010845 90.142698 0.506909 -0.742485
11980.000000 3.993667 89.984175 0.604407 -0.741367
12000.000000 3.969441 89.825005 0.697015 -0.739712
12020.000000 3.938868 89.665013 0.783777 -0.737544
12040.000000 3.902772 89.504047 0.863951 -0.734891
12060.000000 3.862042 89.341984 0.937005 -0.731790
12080.000000 3.817578 89.178724 1.002603 -0.728280
12100.000000 3.770238 89.014192 1.060590 -0.724400
12120.000000 3.720811 88.848341 1.110959 -0.720187
12140.000000 3.669991 88.681144 1.153832 -0.715679
12160.000000 3.618374 88.512595 1.189427 -0.710908
12180.000000 3.566460 88.342704 1.218040 -0.705906
12200.000000 3.514658 88.171495 1.240014 -0.700703
12220.000000 3.463303 87.999007 1.255725 -0.695323
12240.000000 3.412664 87.825283 1.265563 -0.689792
12260.000000 3.362957 87.650379 1.269923 -0.684134
12280.000000 3.314357 87.474352 1.269191 -0.678370
12300.000000 3.267003 87.297268 1.263744 -0.672522
12320.000000 3.221005 87.119194 1.253942 -0.666611
12340.000000 3.176453 86.940200 1.240127 -0.660656
12360.000000 3.133419 86.760360 1.222621 -0.654678
12380.000000 3.091957 86.579746 1.201728 -0.648697
12400.000000 3.052113 86.398434 1.177734 -0.642732
12420.000000 3.013918 86.216496 1.150908 -0.636806
12440.000000 2.977400 86.034007 1.121499 -0.630936
12460.000000 2.942575 85.851036 1.089745 -0.625145
12480.000000 2.909457 85.667655 1.055866 -0.619454
12500.000000 2.878054 85.483927 1.020068 -0.613882
12520.000000 2.848367 85.299918 0.982545 -0.608451
12540.000000 2.820396 85.115684 0.943476 -0.603182
12560.000000 2.794138 84.931281 0.903028 -0.598095
12580.000000 2.769585 84.746757 0.861357 -0.593210
12600.000000 2.746727 84.562156 0.818606 -0.588546
12620.000000 2.725552 84.377517 0.774907 -0.584122
12640.000000 2.706044 84.192873 0.730382 -0.579955
12660.000000 2.688187 84.008251 0.685144 -0.576062
12680.000000 2.671963 83.823672 0.639294 -0.572457
12700.000000 2.657350 83.639152 0.592928 -0.569155
12720.000000 2.644329 83.454701 0.546133 -0.566166
12740.000000 2.632877 83.270324 0.498988 -0.563503
12760.000000 2.622971 83.086022 0.451570 -0.561173
12780.000000 2.614589 82.901790 0.403948 -0.559183
12800.000000 2.607710 82.717622 0.356188 -0.557539
12820.000000 2.602310 82.533507 0.308355 -0.556245
12840.000000 2.598370 82.349429 0.260508 -0.555302
12860.000000 2.595870 82.165376 0.212706 -0.554711
12880.000000 2.594789 81.981328 0.165009 -0.554470
12900.000000 2.595112 81.797269 0.117473 -0.554577
12920.000000 2.596821 81.613182 0.070155 -0.555026
12940.000000 2.599902 81.429050 0.023115 -0.555813
12960.000000 2.604340 81.244858 -0.023591 -0.556929
12980.000000 2.610122 81.060591 -0.069902 -0.558366
13000.000000 2.617237 80.876239 -0.115757 -0.560113
13020.000000 2.625672 80.691794 -0.161092 -0.562160
13040.000000 2.635415 80.507250 -0.205843 -0.564495
13060.000000 2.646457 80.322606 -0.249942 -0.567105
13080.000000 2.658785 80.137865 -0.293317 -0.569974
13100.000000 2.672388 79.953032 -0.335894 -0.573090
13120.000000 2.687254 79.768120 -0.377594 -0.576436
13140.000000 2.703371 79.583141 -0.418337 -0.579997
13160.000000 2.720727 79.398115 -0.458034 -0.583756
13180.000000 2.739308 79.213065 -0.496596 -0.587698
13200.000000 2.759103 79.028018 -0.533924 -0.591807
13220.000000 2.780098 78.843004 -0.569919 -0.596066
13240.000000 2.802283 78.658057 -0.604472 -0.600460
13260.000000 2.825648 78.473215 -0.637472 -0.604974
13280.000000 2.850184 78.288518 -0.668799 -0.609595
13300.000000 2.875886 78.104009 -0.698329 -0.614307
13320.000000 2.902752 77.919736 -0.725930 -0.619100
13340.000000 2.930784 77.735745 -0.751463 -0.623961
13360.000000 2.959987 77.552088 -0.774781 -0.628880
13380.000000 2.990373 77.368819 -0.795730 -0.633847
13400.000000 3.021957 77.185991 -0.814144 -0.638853
13420.000000 3.054761 77.003662 -0.829847 -0.643892
13440.000000 3.088810 76.821891 -0.842651 -0.648955
13460.000000 3.124136 76.640738 -0.852354 -0.654038
13480.000000 3.160772 76.460266 -0.858738 -0.659133
13500.000000 3.198752 76.280539 -0.861569 -0.664234
13520.000000 3.238110 76.101624 -0.860594 -0.669337
13540.000000 3.278875 75.923586 -0.855540 -0.674432
13560.000000 3.321064 75.746495 -0.846114 -0.679513
13580.000000 3.364678 75.570420 -0.832005 -0.684569
13600.000000 3.409692 75.395430 -0.812883 -0.689589
13620.000000 3.456041 75.221591 -0.788407 -0.694558
13640.000000 3.503612 75.048969 -0.758228 -0.699459
13660.000000 3.552225 74.877621 -0.722004 -0.704270
13680.000000 3.601615 74.707598 -0.679410 -0.708966
13700.000000 3.651418 74.538938 -0.630160 -0.713519
13720.000000 3.701156 74.371664 -0.574027 -0.717893
13740.000000 3.750226 74.205779 -0.510875 -0.722053
13760.000000 3.797901 74.041262 -0.440687 -0.725957
13780.000000 3.843345 73.878062 -0.363598 -0.729562
13800.000000 3.885634 73.716103 -0.279926 -0.732824
13820.000000 3.923799 73.555272 -0.190200 -0.735702
13840.000000 3.956879 73.395430 -0.095174 -0.738156
13860.000000 3.983971 73.236406 0.004170 -0.740150
13880.000000 4.004296 73.078005 0.106642 -0.741655
13900.000000 4.017244 72.920013 0.210890 -0.742645
13920.000000 4.022417 72.762206 0.315458 -0.743102
13940.000000 4.019656 72.604355 0.418867 -0.743013
13960.000000 4.009050 72.446237 0.519688 -0.742372
13980.000000 3.990932 72.287641 0.616617 -0.741184
14000.000000 3.965847 72.128374 0.708522 -0.739462
14020.000000 3.934516 71.968264 0.794474 -0.737229
14040.000000 3.897773 71.807164 0.873758 -0.734516
14060.000000 3.856513 71.644952 0.945867 -0.731361
14080.000000 3.811631 71.481532 1.010492 -0.727801
14100.000000 3.763981 71.316833 1.067495 -0.723875
14120.000000 3.714337 71.150810 1.116891 -0.719623
14140.000000 3.663384 70.983439 1.158813 -0.715079
14160.000000 3.611703 70.814716 1.193493 -0.710277
14180.000000 3.559781 70.644653 1.221232 -0.705248
14200.000000 3.508020 70.473278 1.242378 -0.700020
14220.000000 3.456743 70.300628 1.257312 -0.694619
14240.000000 3.406213 70.126749 1.266423 -0.689071
14260.000000 3.356639 69.951697 1.270106 -0.683398
14280.000000 3.308192 69.775531 1.268747 -0.677622
14300.000000 3.261007 69.598316 1.262720 -0.671765
14320.000000 3.215191 69.420119 1.252383 -0.665847
14340.000000 3.170831 69.241013 1.238075 -0.659888
14360.000000 3.127996 69.061068 1.220117 -0.653908
14380.000000 3.086740 68.880361 1.198809 -0.647928
14400.000000 3.047106 68.698964 1.174436 -0.641967
14420.000000 3.009126 68.516951 1.147264 -0.636047
14440.000000 2.972824 68.334396 1.117541 -0.630186
14460.000000 2.938219 68.151369 1.085501 -0.624407
14480.000000 2.905321 67.967939 1.051364 -0.618730
14500.000000 2.874138 67.784172 1.015334 -0.613175
14520.000000 2.844672 67.600130 0.977602 -0.607764
14540.000000 2.816922 67.415872 0.938346 -0.602517
14560.000000 2.790884 67.231450 0.897732 -0.597455
14580.000000 2.766550 67.046914 0.855914 -0.592597
14600.000000 2.743909 66.862306 0.813034 -0.587963
14620.000000 2.722949 66.677665 0.769222 -0.583571
14640.000000 2.703655 66.493022 0.724600 -0.579438
14660.000000 2.686009 66.308405 0.679277 -0.575582
14680.000000 2.669993 66.123832 0.633356 -0.572015
14700.000000 2.655587 65.939321 0.586930 -0.568752
14720.000000 2.642768 65.754879 0.540085 -0.565805
14740.000000 2.631516 65.570512 0.492902 -0.563184
14760.000000 2.621808 65.386219 0.445453 -0.560897
14780.000000 2.613621 65.201997 0.397810 -0.558952
14800.000000 2.606933 65.017836 0.350037 -0.557353
14820.000000 2.601722 64.833726 0.302199 -0.556104
14840.000000 2.597968 64.649653 0.254354 -0.555206
14860.000000 2.595651 64.465600 0.206563 -0.554660
14880.000000 2.594753 64.281552 0.158883 -0.554465
14900.000000 2.595255 64.097491 0.111372 -0.554616
14920.000000 2.597141 63.913399 0.064087 -0.555109
14940.000000 2.600397 63.729260 0.017086 -0.555938
14960.000000 2.605009 63.545059 -0.029572 -0.557096
14980.000000 2.610963 63.360782 -0.075828 -0.558573
15000.000000 2.618248 63.176418 -0.121620 -0.560360
15020.000000 2.626852 62.991960 -0.166884 -0.562445
15040.000000 2.636763 62.807403 -0.211555 -0.564816
15060.000000 2.647971 62.622747 -0.255564 -0.567460
15080.000000 2.660464 62.437994 -0.298841 -0.570362
15100.000000 2.674230 62.253150 -0.341309 -0.573508
15120.000000 2.689258 62.068228 -0.382892 -0.576882
15140.000000 2.705535 61.883242 -0.423504 -0.580469
15160.000000 2.723049 61.698212 -0.463061 -0.584253
15180.000000 2.741787 61.513161 -0.501469 -0.588218
15200.000000 2.761737 61.328116 -0.538632 -0.592346
15220.000000 2.782886 61.143109 -0.574447 -0.596624
15240.000000 2.805223 60.958173 -0.608807 -0.601034
15260.000000 2.828739 60.773347 -0.641598 -0.605563
15280.000000 2.853425 60.588672 -0.672702 -0.610196
15300.000000 2.879277 60.404191 -0.701991 -0.614920
15320.000000 2.906293 60.219951 -0.729333 -0.619722
15340.000000 2.934475 60.036000 -0.754590 -0.624591
15360.000000 2.963830 59.852390 -0.777612 -0.629516
15380.000000 2.994369 59.669175 -0.798244 -0.634489
15400.000000 3.026108 59.486408 -0.816320 -0.639500
15420.000000 3.059071 59.304147 -0.831661 -0.644542
15440.000000 3.093283 59.122452 -0.844077 -0.649608
15460.000000 3.128775 58.941384 -0.853366 -0.654693
15480.000000 3.165582 58.761004 -0.859307 -0.659789
15500.000000 3.203737 58.581378 -0.861663 -0.664891
15520.000000 3.243275 58.402571 -0.860179 -0.669993
15540.000000 3.284223 58.224651 -0.854579 -0.675087
15560.000000 3.326596 58.047687 -0.844569 -0.680165
15580.000000 3.370392 57.871748 -0.829833 -0.685217
15600.000000 3.415582 57.696902 -0.810042 -0.690231
15620.000000 3.462096 57.523216 -0.784851 -0.695193
15640.000000 3.509813 57.350755 -0.753914 -0.700083
15660.000000 3.558542 57.179575 -0.716888 -0.704881
15680.000000 3.608008 57.009725 -0.673453 -0.709561
15700.000000 3.657832 56.841243 -0.623328 -0.714092
15720.000000 3.707520 56.674148 -0.566297 -0.718441
15740.000000 3.756454 56.508441 -0.502238 -0.722570
15760.000000 3.803892 56.344096 -0.431151 -0.726438
15780.000000 3.848983 56.181061 -0.353193 -0.730001
15800.000000 3.890796 56.019254 -0.268708 -0.733217
15820.000000 3.928360 55.858559 -0.178253 -0.736043
15840.000000 3.960717 55.698832 -0.082612 -0.738439
15860.000000 3.986980 55.539900 0.017205 -0.740372
15880.000000 4.006386 55.381564 0.119985 -0.741812
15900.000000 4.018351 55.223608 0.224357 -0.742734
15920.000000 4.022507 55.065808 0.328858 -0.743122
15940.000000 4.018726 54.907935 0.432011 -0.742961
15960.000000 4.007131 54.749767 0.532402 -0.742250
15980.000000 3.988081 54.591095 0.628744 -0.740992
16000.000000 3.962150 54.431729 0.719931 -0.739202
16020.000000 3.930073 54.271500 0.805061 -0.736906
16040.000000 3.892699 54.110263 0.883445 -0.734135
16060.000000 3.850923 53.947900 0.954605 -0.730925
16080.000000 3.805639 53.784319 1.018253 -0.727315
16100.000000 3.757690 53.619452 1.074275 -0.723346
16120.000000 3.707842 53.453256 1.122699 -0.719054
16140.000000 3.656764 53.285711 1.163675 -0.714475
16160.000000 3.605027 53.116815 1.197444 -0.709642
16180.000000 3.553106 52.946582 1.224314 -0.704586
16200.000000 3.501390 52.775040 1.244640 -0.699334
16220.000000 3.450195 52.602229 1.258802 -0.693913
16240.000000 3.399777 52.428196 1.267193 -0.688348
16260.000000 3.350340 52.252997 1.270205 -0.682660
16280.000000 3.302049 52.076692 1.268225 -0.676873
16300.000000 3.255034 51.899347 1.261624 -0.671007
16320.000000 3.209400 51.721029 1.250758 -0.665082
16340.000000 3.165233 51.541811 1.235963 -0.659119
16360.000000 3.122599 51.361764 1.217557 -0.653138
16380.000000 3.081549 51.180964 1.195840 -0.647160
16400.000000 3.042126 50.999483 1.171092 -0.641203
16420.000000 3.004361 50.817397 1.143578 -0.635289
16440.000000 2.968277 50.634777 1.113544 -0.629438
16460.000000 2.933891 50.451694 1.081223 -0.623671
16480.000000 2.901213 50.268217 1.046831 -0.618008
16500.000000 2.870251 50.084412 1.010571 -0.612470
16520.000000 2.841006 49.900339 0.972633 -0.607079
16540.000000 2.813477 49.716056 0.933194 -0.601855
16560.000000 2.787658 49.531617 0.892417 -0.596818
16580.000000 2.763542 49.347070 0.850454 -0.591988
16600.000000 2.741119 49.162456 0.807447 -0.587384
16620.000000 2.720374 48.977813 0.763525 -0.583024
16640.000000 2.701293 48.793172 0.718806 -0.578926
16660.000000 2.683858 48.608559 0.673401 -0.575106
16680.000000 2.668050 48.423994 0.627410 -0.571578
16700.000000 2.653849 48.239491 0.580925 -0.568355
16720.000000 2.641233 48.055058 0.534032 -0.565450
16740.000000 2.630181 47.870701 0.486811 -0.562871
16760.000000 2.620670 47.686418 0.439333 -0.560628
16780.000000 2.612677 47.502204 0.391670 -0.558727
16800.000000 2.606180 47.318050 0.343885 -0.557173
16820.000000 2.601158 47.133946 0.296042 -0.555969
16840.000000 2.597590 46.949876 0.248202 -0.555116
16860.000000 2.595457 46.765825 0.200421 -0.554616
16880.000000 2.594739 46.581777 0.152760 -0.554465
16900.000000 2.595420 46.397712 0.105275 -0.554660
16920.000000 2.597484 46.213615 0.058023 -0.555197
16940.000000 2.600915 46.029469 0.011063 -0.556069
16960.000000 2.605700 45.845259 -0.035547 -0.557268
16980.000000 2.611826 45.660971 -0.081747 -0.558786
17000.000000 2.619281 45.476596 -0.127474 -0.560612
17020.000000 2.628054 45.292125 -0.172665 -0.562734
17040.000000 2.638133 45.107556 -0.217255 -0.565141
17060.000000 2.649506 44.922886 -0.261174 -0.567819
17080.000000 2.662164 44.738121 -0.304351 -0.570753
17100.000000 2.676093 44.553267 -0.346710 -0.573929
17120.000000 2.691282 44.368335 -0.388173 -0.577332
17140.000000 2.707719 44.183343 -0.428655 -0.580945
17160.000000 2.725391 43.998308 -0.468069 -0.584753
17180.000000 2.744286 43.813256 -0.506322 -0.588740
17200.000000 2.764390 43.628215 -0.543317 -0.592889
17220.000000 2.785693 43.443214 -0.578952 -0.597184
17240.000000 2.808182 43.258291 -0.613116 -0.601611
17260.000000 2.831849 43.073482 -0.645697 -0.606154
17280.000000 2.856686 42.888829 -0.676574 -0.610799
17300.000000 2.882688 42.704377 -0.705620 -0.615533
17320.000000 2.909853 42.520171 -0.732703 -0.620345
17340.000000 2.938186 42.336261 -0.757680 -0.625221
17360.000000 2.967692 42.152699 -0.780404 -0.630153
17380.000000 2.998384 41.969538 -0.800717 -0.635131
17400.000000 3.030280 41.786833 -0.818450 -0.640147
17420.000000 3.063402 41.604642 -0.833426 -0.645192
17440.000000 3.097777 41.423024 -0.845452 -0.650262
17460.000000 3.133436 41.242041 -0.854323 -0.655348
17480.000000 3.170414 41.061754 -0.859816 -0.660445
17500.000000 3.208746 40.882230 -0.861693 -0.665547
17520.000000 3.248464 40.703533 -0.859695 -0.670649
17540.000000 3.289594 40.525733 -0.853545 -0.675741
17560.000000 3.332151 40.348896 -0.842944 -0.680816
17580.000000 3.376129 40.173094 -0.827578 -0.685864
17600.000000 3.421493 39.998393 -0.807111 -0.690873
17620.000000 3.468170 39.824862 -0.781201 -0.695826
17640.000000 3.516030 39.652562 -0.749499 -0.700706
17660.000000 3.564871 39.481551 -0.711666 -0.705490
17680.000000 3.614407 39.311875 -0.667384 -0.710153
17700.000000 3.664244 39.143571 -0.616381 -0.714663
17720.000000 3.713873 38.976655 -0.558451 -0.718986
17740.000000 3.762658 38.811125 -0.493485 -0.723083
17760.000000 3.809843 38.646952 -0.421502 -0.726915
17780.000000 3.854566 38.484081 -0.342681 -0.730436
17800.000000 3.895887 38.322424 -0.257392 -0.733603
17820.000000 3.932834 38.161862 -0.166220 -0.736376
17840.000000 3.964455 38.002248 -0.069981 -0.738714
17860.000000 3.989875 37.843403 0.030289 -0.740585
17880.000000 4.008352 37.685129 0.133353 -0.741960
17900.000000 4.019329 37.527206 0.237825 -0.742814
17920.000000 4.022465 37.369409 0.342235 -0.743132
17940.000000 4.017667 37.211511 0.445110 -0.742901
17960.000000 4.005088 37.053289 0.545048 -0.742118
17980.000000 3.985117 36.894538 0.640785 -0.740791
18000.000000 3.958351 36.735070 0.731239 -0.738935
18020.000000 3.925543 36.574719 0.815535 -0.736575
18040.000000 3.887552 36.413343 0.893013 -0.733745
18060.000000 3.845275 36.250828 0.963218 -0.730482
18080.000000 3.799602 36.087084 1.025889 -0.726824
18100.000000 3.751369 35.922048 1.080929 -0.722811
18120.000000 3.701327 35.755680 1.128384 -0.718480
18140.000000 3.650134 35.587961 1.168417 -0.713867
18160.000000 3.598349 35.418891 1.201280 -0.709003
18180.000000 3.546433 35.248488 1.227288 -0.703920
18200.000000 3.494768 35.076781 1.246799 -0.698646
18220.000000 3.443661 34.903810 1.260196 -0.693205
18240.000000 3.393358 34.729624 1.267873 -0.687622
18260.000000 3.344060 34.554279 1.270223 -0.681921
18280.000000 3.295926 34.377836 1.267628 -0.676122
18300.000000 3.249083 34.200362 1.260458 -0.670247
18320.000000 3.203635 34.021924 1.249068 -0.664317
18340.000000 3.159661 33.842595 1.233791 -0.658350
18360.000000 3.117228 33.662448 1.214942 -0.652369
18380.000000 3.076386 33.481556 1.192820 -0.646392
18400.000000 3.037174 33.299993 1.167702 -0.640439
18420.000000 2.999624 33.117834 1.139850 -0.634532
18440.000000 2.963758 32.935150 1.109509 -0.628691
18460.000000 2.929591 32.752013 1.076910 -0.622936
18480.000000 2.897134 32.568490 1.042266 -0.617288
18500.000000 2.866392 32.384647 1.005780 -0.611768
18520.000000 2.837368 32.200544 0.967640 -0.606397
18540.000000 2.810059 32.016239 0.928019 -0.601196
18560.000000 2.784460 31.831783 0.887082 -0.596184
18580.000000 2.760563 31.647225 0.844977 -0.591382
18600.000000 2.738356 31.462605 0.801845 -0.586809
18620.000000 2.717826 31.277961 0.757814 -0.582482
18640.000000 2.698958 31.093322 0.713001 -0.578419
18660.000000 2.681733 30.908715 0.667515 -0.574636
18680.000000 2.666133 30.724157 0.621455 -0.571146
18700.000000 2.652137 30.539662 0.574914 -0.567963
18720.000000 2.639724 30.355239 0.527974 -0.565099
18740.000000 2.628872 30.170892 0.480715 -0.562563
18760.000000 2.619557 29.986618 0.433210 -0.560364
18780.000000 2.611758 29.802412 0.385528 -0.558507
18800.000000 2.605452 29.618265 0.337732 -0.556998
18820.000000 2.600618 29.434166 0.289886 -0.555839
18840.000000 2.597236 29.250100 0.242050 -0.555032
18860.000000 2.595285 29.066051 0.194282 -0.554577
18880.000000 2.594749 28.882001 0.146640 -0.554471
18900.000000 2.595608 28.697933 0.099181 -0.554710
18920.000000 2.597849 28.513831 0.051964 -0.555290
18940.000000 2.601455 28.329677 0.005045 -0.556205
18960.000000 2.606413 28.145457 -0.041515 -0.557446
18980.000000 2.612711 27.961159 -0.087657 -0.559004
19000.000000 2.620336 27.776772 -0.133319 -0.560868
19020.000000 2.629278 27.592289 -0.178437 -0.563028
19040.000000 2.639524 27.407706 -0.222945 -0.565471
19060.000000 2.651063 27.223024 -0.266772 -0.568182
19080.000000 2.663885 27.038247 -0.309848 -0.571148
19100.000000 2.677976 26.853382 -0.352096 -0.574355
19120.000000 2.693327 26.668442 -0.393437 -0.577785
19140.000000 2.709924 26.483443 -0.433787 -0.581425
19160.000000 2.727754 26.298405 -0.473057 -0.585257
19180.000000 2.746805 26.113352 -0.511154 -0.589265
19200.000000 2.767064 25.928314 -0.547980 -0.593433
19220.000000 2.788520 25.743322 -0.583432 -0.597746
19240.000000 2.811161 25.558411 -0.617399 -0.602189
19260.000000 2.834979 25.373619 -0.649768 -0.606746
19280.000000 2.859966 25.188990 -0.680416 -0.611403
19300.000000 2.886117 25.004566 -0.709217 -0.616148
19320.000000 2.913433 24.820396 -0.736037 -0.620969
19340.000000 2.941916 24.636528 -0.760733 -0.625853
19360.000000 2.971574 24.453015 -0.783156 -0.630791
19380.000000 3.002420 24.269909 -0.803146 -0.635775
19400.000000 3.034472 24.087267 -0.820536 -0.640794
19420.000000 3.067753 23.905146 -0.835143 -0.645843
19440.000000 3.102291 23.723606 -0.846775 -0.650915
19460.000000 3.138119 23.542709 -0.855224 -0.656003
19480.000000 3.175269 23.362517 -0.860265 -0.661101
19500.000000 3.213777 23.183095 -0.861659 -0.666204
19520.000000 3.253676 23.004510 -0.859143 -0.671304
19540.000000 3.294989 22.826830 -0.852437 -0.676395
19560.000000 3.337729 22.650123 -0.841242 -0.681468
19580.000000 3.381888 22.474458 -0.825237 -0.686511
19600.000000 3.427427 22.299904 -0.804090 -0.691514
19620.000000 3.474265 22.126528 -0.777454 -0.696459
19640.000000 3.522263 21.954391 -0.744982 -0.701327
19660.000000 3.571213 21.783549 -0.706337 -0.706098
19680.000000 3.620811 21.614048 -0.661205 -0.710742
19700.000000 3.670653 21.445922 -0.609320 -0.715230
19720.000000 3.720211 21.279185 -0.550489 -0.719526
19740.000000 3.768835 21.113832 -0.484616 -0.723592
19760.000000 3.815754 20.949830 -0.411739 -0.727386
19780.000000 3.860093 20.787121 -0.332060 -0.730864
19800.000000 3.900906 20.625611 -0.245977 -0.733983
19820.000000 3.937220 20.465181 -0.154103 -0.736702
19840.000000 3.968090 20.305676 -0.057283 -0.738982
19860.000000 3.992655 20.146917 0.043420 -0.740790
19880.000000 4.010194 19.988700 0.146745 -0.742099
19900.000000 4.020176 19.830806 0.251292 -0.742886
19920.000000 4.022292 19.673009 0.355587 -0.743133
19940.000000 4.016479 19.515081 0.458160 -0.742831
19960.000000 4.002922 19.356802 0.557625 -0.741978
19980.000000 3.982040 19.197969 0.652739 -0.740581
20000.000000 3.954451 19.038396 0.742445 -0.738659
20020.000000 3.920927 18.877921 0.825896 -0.736237
20040.000000 3.882334 18.716404 0.902460 -0.733349
20060.000000 3.839572 18.553736 0.971707 -0.730033
20080.000000 3.793524 18.389829 1.033398 -0.726327
20100.000000 3.745017 18.224623 1.087456 -0.722271
20120.000000 3.694793 18.058081 1.133946 -0.717902
20140.000000 3.643495 17.890188 1.173041 -0.713254
20160.000000 3.591668 17.720946 1.205003 -0.708361
20180.000000 3.539766 17.550373 1.230154 -0.703252
20200.000000 3.488156 17.378501 1.248857 -0.697955
20220.000000 3.437139 17.205370 1.261496 -0.692494
20240.000000 3.386956 17.031032 1.268466 -0.686895
20260.000000 3.337800 16.855542 1.270158 -0.681180
20280.000000 3.289825 16.678963 1.266954 -0.675370
20300.000000 3.243156 16.501361 1.259222 -0.669487
20320.000000 3.197893 16.322805 1.247313 -0.663551
20340.000000 3.154114 16.143366 1.231560 -0.657581
20360.000000 3.111883 15.963119 1.212274 -0.651599
20380.000000 3.071249 15.782136 1.189751 -0.645624
20400.000000 3.032250 15.600493 1.164267 -0.639677
20420.000000 2.994915 15.418262 1.136081 -0.633777
20440.000000 2.959266 15.235516 1.105437 -0.627945
20460.000000 2.925319 15.052326 1.072563 -0.622203
20480.000000 2.893083 14.868758 1.037672 -0.616570
20500.000000 2.862562 14.684878 1.000962 -0.611068
20520.000000 2.833759 14.500746 0.962622 -0.605718
20540.000000 2.806670 14.316419 0.922823 -0.600540
20560.000000 2.781291 14.131947 0.881727 -0.595554
20580.000000 2.757611 13.947379 0.839483 -0.590781
20600.000000 2.735621 13.762754 0.796228 -0.586238
20620.000000 2.715306 13.578109 0.752090 -0.581944
20640.000000 2.696650 13.393473 0.707185 -0.577916
20660.000000 2.679636 13.208871 0.661620 -0.574170
20680.000000 2.664243 13.024320 0.615493 -0.570719
20700.000000 2.650452 12.839835 0.568895 -0.567577
20720.000000 2.638241 12.655422 0.521911 -0.564754
20740.000000 2.627587 12.471083 0.474616 -0.562261
20760.000000 2.618469 12.286819 0.427085 -0.560106
20780.000000 2.610863 12.102621 0.379384 -0.558294
20800.000000 2.604748 11.918481 0.331578 -0.556829
20820.000000 2.600102 11.734387 0.283730 -0.555716
20840.000000 2.596905 11.550324 0.235899 -0.554954
20860.000000 2.595137 11.366276 0.188144 -0.554544
20880.000000 2.594781 11.182225 0.140523 -0.554482
20900.000000 2.595819 10.998154 0.093092 -0.554766
20920.000000 2.598236 10.814045 0.045910 -0.555390
20940.000000 2.602017 10.629884 -0.000966 -0.556347
20960.000000 2.607149 10.445655 -0.047476 -0.557629
20980.000000 2.613618 10.261345 -0.093560 -0.559227
21000.000000 2.621413 10.076946 -0.139156 -0.561130
21020.000000 2.630523 9.892450 -0.184199 -0.563327
21040.000000 2.640936 9.707855 -0.228623 -0.565805
21060.000000 2.652641 9.523161 -0.272358 -0.568550
21080.000000 2.665626 9.338371 -0.315332 -0.571548
21100.000000 2.679881 9.153496 -0.357468 -0.574784
21120.000000 2.695392 8.968547 -0.398686 -0.578242
21140.000000 2.712148 8.783542 -0.438902 -0.581907
21160.000000 2.730136 8.598501 -0.478026 -0.585763
21180.000000 2.749344 8.413448 -0.515965 -0.589792
21200.000000 2.769758 8.228414 -0.552620 -0.593980
21220.000000 2.791367 8.043430 -0.587887 -0.598311
21240.000000 2.814160 7.858532 -0.621655 -0.602769
21260.000000 2.838128 7.673760 -0.653810 -0.607340
21280.000000 2.863265 7.489154 -0.684228 -0.612009
21300.000000 2.889566 7.304760 -0.712782 -0.616765
21320.000000 2.917032 7.120626 -0.739336 -0.621594
21340.000000 2.945665 6.936801 -0.763749 -0.626486
21360.000000 2.975475 6.753337 -0.785868 -0.631430
21380.000000 3.006475 6.570287 -0.805533 -0.636419
21400.000000 3.038684 6.387709 -0.822575 -0.641442
21420.000000 3.072125 6.205660 -0.836810 -0.646495
21440.000000 3.106828 6.024199 -0.848045 -0.651569
21460.000000 3.142823 5.843389 -0.856068 -0.656658
21480.000000 3.180146 5.663292 -0.860654 -0.661758
21500.000000 3.218832 5.483975 -0.861560 -0.666860
21520.000000 3.258911 5.305502 -0.858521 -0.671960
21540.000000 3.300408 5.127943 -0.851255 -0.677049
21560.000000 3.343331 4.951366 -0.839459 -0.682118
21580.000000 3.387671 4.775841 -0.822812 -0.687157
21600.000000 3.433382 4.601435 -0.800978 -0.692153
21620.000000 3.480378 4.428215 -0.773611 -0.697090
21640.000000 3.528513 4.256241 -0.740364 -0.701947
21660.000000 3.577565 4.085569 -0.700900 -0.706703
21680.000000 3.627220 3.916244 -0.654913 -0.711329
21700.000000 3.677057 3.748296 -0.602144 -0.715794
21720.000000 3.726534 3.581738 -0.542410 -0.720063
21740.000000 3.774984 3.416561 -0.475630 -0.724096
21760.000000 3.821622 3.252730 -0.401863 -0.727852
21780.000000 3.865562 3.090180 -0.321334 -0.731286
21800.000000 3.905851 2.928817 -0.234466 -0.734356
21820.000000 3.941516 2.768515 -0.141904 -0.737020
21840.000000 3.971621 2.609117 -0.044520 -0.739242
21860.000000 3.995318 2.450439 0.056594 -0.740987
21880.000000 4.011911 2.292276 0.160157 -0.742230
21900.000000 4.020893 2.134408 0.264755 -0.742948
21920.000000 4.021987 1.976606 0.368910 -0.743125
21940.000000 4.015162 1.818645 0.471158 -0.742752
21960.000000 4.000635 1.660307 0.570130 -0.741828
21980.000000 3.978851 1.501388 0.664603 -0.740363
22000.000000 3.950453 1.341708 0.753547 -0.738375
22020.000000 3.916228 1.181105 0.836143 -0.735891
22040.000000 3.877047 1.019446 0.911785 -0.732946
22060.000000 3.833813 0.856623 0.980070 -0.729577
22080.000000 3.787405 0.692552 1.040780 -0.725824
22100.000000 3.738637 0.527176 1.093859 -0.721726
22120.000000 3.688241 0.360461 1.139385 -0.717319
22140.000000 3.636846 0.192393 1.177547 -0.712638
22160.000000 3.584987 0.022978 1.208613 -0.707715
22180.000000 3.533103 -0.147764 1.232914 -0.702581
22200.000000 3.481554 -0.319800 1.250815 -0.697261
22220.000000 3.430632 -0.493089 1.262702 -0.691781
22240.000000 3.380571 -0.667579 1.268971 -0.686166
22260.000000 3.331559 -0.843212 1.270012 -0.680437
22280.000000 3.283746 -1.019927 1.266205 -0.674617
22300.000000 3.237253 -1.197655 1.257917 -0.668726
22320.000000 3.192176 -1.376329 1.245495 -0.662784
22340.000000 3.148593 -1.555876 1.229270 -0.656812
22360.000000 3.106565 -1.736222 1.209552 -0.650830
22380.000000 3.066139 -1.917294 1.186633 -0.644857
22400.000000 3.027353 -2.099017 1.160787 -0.638914
22420.000000 2.990234 -2.281318 1.132272 -0.633022
22440.000000 2.954803 -2.464125 1.101328 -0.627201
22460.000000 2.921076 -2.647368 1.068183 -0.621471
22480.000000 2.889060 -2.830979 1.033047 -0.615854
22500.000000 2.858760 -3.014895 0.996118 -0.610371
22520.000000 2.830178 -3.199055 0.957580 -0.605042
22540.000000 2.803310 -3.383404 0.917606 -0.599887
22560.000000 2.778149 -3.567890 0.876354 -0.594928
22580.000000 2.754688 -3.752468 0.833972 -0.590183
22600.000000 2.732914 -3.937097 0.790597 -0.585671
22620.000000 2.712813 -4.121743 0.746354 -0.581411
22640.000000 2.694369 -4.306376 0.701358 -0.577418
22660.000000 2.677565 -4.490972 0.655715 -0.573709
22680.000000 2.662380 -4.675515 0.609523 -0.570297
22700.000000 2.648793 -4.859991 0.562871 -0.567196
22720.000000 2.636784 -5.044395 0.515842 -0.564415
22740.000000 2.626329 -5.228724 0.468513 -0.561965
22760.000000 2.617406 -5.412979 0.420956 -0.559853
22780.000000 2.609993 -5.597169 0.373238 -0.558086
22800.000000 2.604068 -5.781302 0.325424 -0.556666
22820.000000 2.599610 -5.965391 0.277575 -0.555598
22840.000000 2.596598 -6.149451 0.229750 -0.554882
22860.000000 2.595013 -6.333499 0.182009 -0.554516
22880.000000 2.594837 -6.517552 0.134409 -0.554499
22900.000000 2.596053 -6.701627 0.087007 -0.554827
22920.000000 2.598647 -6.885741 0.039861 -0.555494
22940.000000 2.602602 -7.069910 -0.006971 -0.556493
22960.000000 2.607906 -7.254149 -0.053430 -0.557817
22980.000000 2.614547 -7.438470 -0.099455 -0.559455
23000.000000 2.622512 -7.622881 -0.144983 -0.561396
23020.000000 2.631790 -7.807389 -0.189950 -0.563630
23040.000000 2.642370 -7.991998 -0.234289 -0.566143
23060.000000 2.654240 -8.176705 -0.277931 -0.568922
23080.000000 2.667389 -8.361505 -0.320801 -0.571951
23100.000000 2.681806 -8.546391 -0.362824 -0.575217
23120.000000 2.697479 -8.731348 -0.403918 -0.578703
23140.000000 2.714394 -8.916359 -0.443998 -0.582393
23160.000000 2.732539 -9.101404 -0.482975 -0.586272
23180.000000 2.751903 -9.286455 -0.520755 -0.590323
23200.000000 2.772471 -9.471485 -0.557238 -0.594530
23220.000000 2.794233 -9.656460 -0.592318 -0.598878
23240.000000 2.817178 -9.841344 -0.625885 -0.603351
23260.000000 2.841297 -10.026097 -0.657823 -0.607935
23280.000000 2.866583 -10.210678 -0.688009 -0.612616
23300.000000 2.893034 -10.395041 -0.716313 -0.617382
23320.000000 2.920650 -10.579139 -0.742600 -0.622220
23340.000000 2.949434 -10.762920 -0.766726 -0.627119
23360.000000 2.979396 -10.946334 -0.788539 -0.632070
23380.000000 3.010551 -11.129326 -0.807876 -0.637063
23400.000000 3.042917 -11.311839 -0.824567 -0.642091
23420.000000 3.076519 -11.493816 -0.838428 -0.647146
23440.000000 3.111385 -11.675197 -0.849261 -0.652223
23460.000000 3.147550 -11.855919 -0.856856 -0.657314
23480.000000 3.185046 -12.035919 -0.860983 -0.662414
23500.000000 3.223909 -12.215132 -0.861396 -0.667517
23520.000000 3.264170 -12.393491 -0.857829 -0.672615
23540.000000 3.305850 -12.570927 -0.849998 -0.677702
23560.000000 3.348957 -12.747373 -0.837596 -0.682769
23580.000000 3.393476 -12.922758 -0.820301 -0.687803
23600.000000 3.439359 -13.097015 -0.797775 -0.692792
23620.000000 3.486511 -13.270078 -0.769671 -0.697719
23640.000000 3.534778 -13.441887 -0.735642 -0.702565
23660.000000 3.583927 -13.612388 -0.695356 -0.707306
23680.000000 3.633631 -13.781537 -0.648509 -0.711913
23700.000000 3.683455 -13.949307 -0.594853 -0.716355
23720.000000 3.732840 -14.115686 -0.534214 -0.720596
23740.000000 3.781104 -14.280687 -0.466529 -0.724596
23760.000000 3.827446 -14.444350 -0.391875 -0.728313
23780.000000 3.870970 -14.606741 -0.310502 -0.731702
23800.000000 3.910718 -14.767959 -0.222861 -0.734722
23820.000000 3.945720 -14.928136 -0.129625 -0.737332
23840.000000 3.975045 -15.087431 -0.031695 -0.739494
23860.000000 3.997864 -15.246030 0.069809 -0.741176
23880.000000 4.013501 -15.404143 0.173587 -0.742352
23900.000000 4.021479 -15.561989 0.278211 -0.743001
23920.000000 4.021551 -15.719799 0.382201 -0.743108
23940.000000 4.013718 -15.877797 0.484102 -0.742664
23960.000000 3.998227 -16.036199 0.582560 -0.741670
23980.000000 3.975553 -16.195205 0.676375 -0.740136
24000.000000 3.946359 -16.354996 0.764544 -0.738082
24020.000000 3.911446 -16.515728 0.846275 -0.735537
24040.000000 3.871693 -16.677531 0.920989 -0.732535
24060.000000 3.828003 -16.840511 0.988308 -0.729115
24080.000000 3.781247 -17.004747 1.048036 -0.725315
24100.000000 3.732231 -17.170294 1.100136 -0.721175
24120.000000 3.681673 -17.337183 1.144702 -0.716731
24140.000000 3.630190 -17.505424 1.181935 -0.712018
24160.000000 3.578305 -17.675011 1.212111 -0.707066
24180.000000 3.526445 -17.845922 1.235567 -0.701906
24200.000000 3.474962 -18.018122 1.252673 -0.696564
24220.000000 3.424139 -18.191568 1.263816 -0.691066
24240.000000 3.374203 -18.366208 1.269390 -0.685435
24260.000000 3.325337 -18.541984 1.269786 -0.679693
24280.000000 3.277688 -18.718833 1.265383 -0.673863
24300.000000 3.231372 -18.896688 1.256544 -0.667964
24320.000000 3.186484 -19.075478 1.243614 -0.662017
24340.000000 3.143098 -19.255131 1.226923 -0.656042
24360.000000 3.101274 -19.435575 1.206777 -0.650060
24380.000000 3.061057 -19.616735 1.183466 -0.644090
24400.000000 3.022483 -19.798536 1.157263 -0.638153
24420.000000 2.985581 -19.980906 1.128422 -0.632269
24440.000000 2.950369 -20.163773 1.097183 -0.626458
24460.000000 2.916861 -20.347067 1.063770 -0.620742
24480.000000 2.885066 -20.530721 1.028392 -0.615141
24500.000000 2.854987 -20.714672 0.991246 -0.609676
24520.000000 2.826625 -20.898859 0.952514 -0.604368
24540.000000 2.799977 -21.083228 0.912367 -0.599238
24560.000000 2.775036 -21.267729 0.870962 -0.594305
24580.000000 2.751792 -21.452316 0.828445 -0.589589
24600.000000 2.730234 -21.636949 0.784951 -0.585109
24620.000000 2.710348 -21.821594 0.740605 -0.580882
24640.000000 2.692116 -22.006224 0.695520 -0.576925
24660.000000 2.675521 -22.190814 0.649801 -0.573253
24680.000000 2.660543 -22.375349 0.603545 -0.569881
24700.000000 2.647160 -22.559816 0.556840 -0.566820
24720.000000 2.635352 -22.744210 0.509768 -0.564081
24740.000000 2.625095 -22.928529 0.462406 -0.561674
24760.000000 2.616368 -23.112776 0.414825 -0.559606
24780.000000 2.609148 -23.296958 0.367091 -0.557883
24800.000000 2.603413 -23.481084 0.319269 -0.556509
24820.000000 2.599142 -23.665169 0.271419 -0.555486
24840.000000 2.596314 -23.849227 0.223603 -0.554815
24860.000000 2.594912 -24.033274 0.175876 -0.554494
24880.000000 2.594916 -24.217329 0.128298 -0.554522
24900.000000 2.596310 -24.401408 0.080926 -0.554894
24920.000000 2.599079 -24.585528 0.033817 -0.555604
24940.000000 2.603209 -24.769706 -0.012970 -0.556646
24960.000000 2.608686 -24.953954 -0.059377 -0.558010
24980.000000 2.615497 -25.138286 -0.105341 -0.559688
25000.000000 2.623632 -25.322710 -0.150801 -0.561668
25020.000000 2.633078 -25.507231 -0.195691 -0.563938
25040.000000 2.643825 -25.691852 -0.239944 -0.566486
25060.000000 2.655860 -25.876571 -0.283491 -0.569298
25080.000000 2.669173 -26.061384 -0.326256 -0.572358
25100.000000 2.683753 -26.246279 -0.368164 -0.575653
25120.000000 2.699585 -26.431244 -0.409133 -0.579166
25140.000000 2.716660 -26.616261 -0.449076 -0.582882
25160.000000 2.734963 -26.801308 -0.487905 -0.586784
25180.000000 2.754481 -26.986358 -0.525523 -0.590856
25200.000000 2.775204 -27.171383 -0.561832 -0.595082
25220.000000 2.797119 -27.356348 -0.596723 -0.599447
25240.000000 2.820215 -27.541218 -0.630088 -0.603935
25260.000000 2.844484 -27.725952 -0.661807 -0.608532
25280.000000 2.869921 -27.910507 -0.691758 -0.613225
25300.000000 2.896522 -28.094838 -0.719811 -0.618001
25320.000000 2.924287 -28.278898 -0.745828 -0.622847
25340.000000 2.953223 -28.462635 -0.769665 -0.627753
25360.000000 2.983337 -28.645998 -0.791169 -0.632710
25380.000000 3.014646 -28.828932 -0.810176 -0.637708
25400.000000 3.047170 -29.011379 -0.826513 -0.642740
25420.000000 3.080933 -29.193283 -0.839996 -0.647799
25440.000000 3.115964 -29.374582 -0.850425 -0.652877
25460.000000 3.152298 -29.555215 -0.857586 -0.657970
25480.000000 3.189969 -29.735117 -0.861249 -0.663071
25500.000000 3.229010 -29.914224 -0.861166 -0.668173
25520.000000 3.269452 -30.092468 -0.857067 -0.673271
25540.000000 3.311315 -30.269781 -0.848665 -0.678356
25560.000000 3.354606 -30.446094 -0.835653 -0.683418
25580.000000 3.399304 -30.621338 -0.817704 -0.688448
25600.000000 3.445356 -30.795445 -0.794479 -0.693430
25620.000000 3.492662 -30.968350 -0.765632 -0.698348
25640.000000 3.541057 -31.139993 -0.730816 -0.703182
25660.000000 3.590298 -31.310322 -0.689702 -0.707907
25680.000000 3.640045 -31.479296 -0.641992 -0.712495
25700.000000 3.689846 -31.646886 -0.587445 -0.716913
25720.000000 3.739128 -31.813087 -0.525901 -0.721125
25740.000000 3.787191 -31.977914 -0.457312 -0.725091
25760.000000 3.833223 -32.141408 -0.381776 -0.728768
25780.000000 3.876316 -32.303642 -0.299567 -0.732112
25800.000000 3.915508 -32.464718 -0.211163 -0.735082
25820.000000 3.949829 -32.624772 -0.117268 -0.737636
25840.000000 3.978361 -32.783966 -0.018811 -0.739737
25860.000000 4.000290 -32.942491 0.083062 -0.741356
25880.000000 4.014964 -33.100557 0.187030 -0.742466
25900.000000 4.021934 -33.258386 0.291656 -0.743046
25920.000000 4.020983 -33.416207 0.395457 -0.743082
25940.000000 4.012146 -33.574245 0.496989 -0.742567
25960.000000 3.995701 -33.732714 0.594913 -0.741502
25980.000000 3.972147 -33.891812 0.688053 -0.739900
26000.000000 3.942170 -34.051716 0.775434 -0.737782
26020.000000 3.906584 -34.212578 0.856290 -0.735176
26040.000000 3.866274 -34.374527 0.930070 -0.732118
26060.000000 3.822142 -34.537665 0.996420 -0.728646
26080.000000 3.775051 -34.702068 1.055166 -0.724801
26100.000000 3.725799 -34.867786 1.106289 -0.720620
26120.000000 3.675089 -35.034848 1.149898 -0.716139
26140.000000 3.623528 -35.203263 1.186206 -0.711393
26160.000000 3.571623 -35.373022 1.215498 -0.706413
26180.000000 3.519794 -35.544101 1.238116 -0.701228
26200.000000 3.468382 -35.716464 1.254432 -0.695865
26220.000000 3.417661 -35.890067 1.264837 -0.690348
26240.000000 3.367853 -36.064857 1.269723 -0.684702
26260.000000 3.319136 -36.240774 1.269481 -0.678948
26280.000000 3.271653 -36.417756 1.264487 -0.673107
26300.000000 3.225516 -36.595735 1.255102 -0.667201
26320.000000 3.180817 -36.774640 1.241671 -0.661249
26340.000000 3.137629 -36.954400 1.224518 -0.655273
26360.000000 3.096009 -37.134940 1.203949 -0.649291
26380.000000 3.056002 -37.316186 1.180252 -0.643324
26400.000000 3.017642 -37.498065 1.153695 -0.637393
26420.000000 2.980956 -37.680503 1.124533 -0.631517
26440.000000 2.945962 -37.863429 1.093002 -0.625717
26460.000000 2.912674 -38.046773 1.059324 -0.620015
26480.000000 2.881100 -38.230468 1.023709 -0.614430
26500.000000 2.851242 -38.414452 0.986348 -0.608984
26520.000000 2.823101 -38.598666 0.947425 -0.603698
26540.000000 2.796673 -38.783055 0.907107 -0.598592
26560.000000 2.771951 -38.967569 0.865551 -0.593686
26580.000000 2.748925 -39.152164 0.822901 -0.588999
26600.000000 2.727583 -39.336801 0.779291 -0.584550
26620.000000 2.707910 -39.521445 0.734844 -0.580357
26640.000000 2.689890 -39.706071 0.689671 -0.576436
26660.000000 2.673504 -39.890655 0.643878 -0.572802
26680.000000 2.658732 -40.075182 0.597560 -0.569469
26700.000000 2.645553 -40.259640 0.550803 -0.566449
26720.000000 2.633946 -40.444024 0.503690 -0.563753
26740.000000 2.623887 -40.628334 0.456296 -0.561389
26760.000000 2.615355 -40.812572 0.408691 -0.559365
26780.000000 2.608327 -40.996745 0.360942 -0.557687
26800.000000 2.602782 -41.180866 0.313113 -0.556358
26820.000000 2.598697 -41.364946 0.265265 -0.555380
26840.000000 2.596054 -41.549002 0.217456 -0.554754
26860.000000 2.594834 -41.733049 0.169746 -0.554479
26880.000000 2.595018 -41.917106 0.122191 -0.554551
26900.000000 2.596590 -42.101189 0.074849 -0.554967
26920.000000 2.599535 -42.285316 0.027779 -0.555720
26940.000000 2.603838 -42.469502 -0.018963 -0.556803
26960.000000 2.609488 -42.653761 -0.065316 -0.558209
26980.000000 2.616470 -42.838104 -0.111219 -0.559926
27000.000000 2.624774 -43.022540 -0.156609 -0.561944
27020.000000 2.634388 -43.207074 -0.201421 -0.564251
27040.000000 2.645301 -43.391708 -0.245588 -0.566833
27060.000000 2.657502 -43.576439 -0.289038 -0.569678
27080.000000 2.670978 -43.761263 -0.331698 -0.572769
27100.000000 2.685719 -43.946168 -0.373489 -0.576093
27120.000000 2.701713 -44.131141 -0.414331 -0.579633
27140.000000 2.718946 -44.316163 -0.454136 -0.583374
27160.000000 2.737406 -44.501212 -0.492814 -0.587298
27180.000000 2.757080 -44.686261 -0.530270 -0.591391
27200.000000 2.777957 -44.871280 -0.566402 -0.595636
27220.000000 2.800024 -45.056235 -0.601104 -0.600017
27240.000000 2.823272 -45.241089 -0.634263 -0.604520
27260.000000 2.847692 -45.425803 -0.665762 -0.609131
27280.000000 2.873278 -45.610332 -0.695476 -0.613835
27300.000000 2.900028 -45.794631 -0.723275 -0.618620
27320.000000 2.927944 -45.978652 -0.749020 -0.623475
27340.000000 2.957030 -46.162344 -0.772566 -0.628388
27360.000000 2.987298 -46.345655 -0.793757 -0.633351
27380.000000 3.018762 -46.528529 -0.812431 -0.638354
27400.000000 3.051443 -46.710910 -0.828412 -0.643389
27420.000000 3.085368 -46.892739 -0.841513 -0.648451
27440.000000 3.120565 -47.073956 -0.851534 -0.653532
27460.000000 3.157069 -47.254499 -0.858258 -0.658626
27480.000000 3.194914 -47.434303 -0.861454 -0.663727
27500.000000 3.234134 -47.613302 -0.860869 -0.668829
27520.000000 3.274758 -47.791430 -0.856234 -0.673926
27540.000000 3.316805 -47.968618 -0.847256 -0.679008
27560.000000 3.360278 -48.144798 -0.833627 -0.684067
27580.000000 3.405154 -48.319899 -0.815019 -0.689092
27600.000000 3.451375 -48.493855 -0.791091 -0.694066
27620.000000 3.498831 -48.666601 -0.761495 -0.698975
27640.000000 3.547351 -48.838078 -0.725887 -0.703796
27660.000000 3.596678 -49.008235 -0.683940 -0.708505
27680.000000 3.646460 -49.177031 -0.635363 -0.713073
27700.000000 3.696229 -49.344443 -0.579922 -0.717467
27720.000000 3.745396 -49.510466 -0.517471 -0.721650
27740.000000 3.793246 -49.675118 -0.447979 -0.725581
27760.000000 3.838951 -49.838445 -0.371566 -0.729218
27780.000000 3.881597 -50.000524 -0.288528 -0.732516
27800.000000 3.920216 -50.161461 -0.199374 -0.735434
27820.000000 3.953843 -50.321394 -0.104835 -0.737932
27840.000000 3.981568 -50.480491 -0.005871 -0.739973
27860.000000 4.002597 -50.638945 0.096349 -0.741528
27880.000000 4.016300 -50.796967 0.200485 -0.742570
27900.000000 4.022257 -50.954783 0.305087 -0.743081
27920.000000 4.020285 -51.112619 0.408676 -0.743046
27940.000000 4.010448 -51.270701 0.509816 -0.742460
27960.000000 3.993056 -51.429240 0.607186 -0.741326
27980.000000 3.968634 -51.588432 0.699636 -0.739656
28000.000000 3.937888 -51.748451 0.786215 -0.737473
28020.000000 3.901644 -51.909447 0.866188 -0.734807
28040.000000 3.860792 -52.071544 0.939027 -0.731693
28060.000000 3.816232 -52.234840 1.004405 -0.728172
28080.000000 3.768820 -52.399410 1.062169 -0.724281
28100.000000 3.719343 -52.565300 1.112317 -0.720059
28120.000000 3.668492 -52.732536 1.154973 -0.715543
28140.000000 3.616860 -52.901125 1.190361 -0.710765
28160.000000 3.564943 -53.071055 1.218774 -0.705757
28180.000000 3.513150 -53.242301 1.240560 -0.700548
28200.000000 3.461813 -53.414827 1.256094 -0.695163
28220.000000 3.411198 -53.588585 1.265766 -0.689629
28240.000000 3.361521 -53.763524 1.269971 -0.683967
28260.000000 3.312956 -53.939582 1.269097 -0.678201
28280.000000 3.265639 -54.116696 1.263518 -0.672350
28300.000000 3.219683 -54.294798 1.253594 -0.666437
28320.000000 3.175175 -54.473817 1.239666 -0.660482
28340.000000 3.132185 -54.653681 1.222057 -0.654503
28360.000000 3.090771 -54.834316 1.201070 -0.648522
28380.000000 3.050974 -55.015648 1.176990 -0.642559
28400.000000 3.012828 -55.197603 1.150084 -0.636633
28420.000000 2.976359 -55.380108 1.120604 -0.630766
28440.000000 2.941584 -55.563091 1.088785 -0.624978
28460.000000 2.908516 -55.746484 1.054847 -0.619289
28480.000000 2.877162 -55.930220 1.018996 -0.613721
28500.000000 2.847526 -56.114237 0.981425 -0.608295
28520.000000 2.819605 -56.298476 0.942313 -0.603031
28540.000000 2.793397 -56.482884 0.901827 -0.597949
28560.000000 2.768894 -56.667411 0.860123 -0.593070
28580.000000 2.746085 -56.852013 0.817342 -0.588413
28600.000000 2.724959 -57.036652 0.773618 -0.583996
28620.000000 2.705499 -57.221296 0.729071 -0.579837
28640.000000 2.687691 -57.405917 0.683813 -0.575952
28660.000000 2.671513 -57.590495 0.637947 -0.572356
28680.000000 2.656948 -57.775013 0.591567 -0.569063
28700.000000 2.643972 -57.959462 0.544760 -0.566084
28720.000000 2.632566 -58.143837 0.497607 -0.563430
28740.000000 2.622705 -58.328137 0.450182 -0.561110
28760.000000 2.614367 -58.512366 0.402555 -0.559130
28780.000000 2.607531 -58.696532 0.354792 -0.557496
28800.000000 2.602175 -58.880647 0.306957 -0.556212
28820.000000 2.598277 -59.064723 0.259111 -0.555280
28840.000000 2.595818 -59.248777 0.211312 -0.554699
28860.000000 2.594779 -59.432824 0.163618 -0.554469
28880.000000 2.595142 -59.616883 0.116088 -0.554585
28900.000000 2.596892 -59.800971 0.068777 -0.555045
28920.000000 2.600012 -59.985105 0.021746 -0.555841
28940.000000 2.604490 -60.169300 -0.024949 -0.556966
28960.000000 2.610311 -60.353569 -0.071248 -0.558412
28980.000000 2.617465 -60.537923 -0.117088 -0.560169
29000.000000 2.625938 -60.722372 -0.162408 -0.562225
29020.000000 2.635719 -60.906918 -0.207141 -0.564568
29040.000000 2.646799 -61.091565 -0.251219 -0.567185
29060.000000 2.659164 -61.276309 -0.294572 -0.570062
29080.000000 2.672804 -61.461144 -0.337124 -0.573184
29100.000000 2.687707 -61.646059 -0.378798 -0.576537
29120.000000 2.703860 -61.831039 -0.419512 -0.580104
29140.000000 2.721252 -62.016066 -0.459177 -0.583869
29160.000000 2.739869 -62.201116 -0.497704 -0.587816
29180.000000 2.759699 -62.386163 -0.534995 -0.591929
29200.000000 2.780729 -62.571176 -0.570949 -0.596192
29220.000000 2.802949 -62.756120 -0.605459 -0.600590
29240.000000 2.826348 -62.940958 -0.638411 -0.605108
29260.000000 2.850918 -63.125651 -0.669688 -0.609731
29280.000000 2.876654 -63.310153 -0.699163 -0.614446
29300.000000 2.903554 -63.494419 -0.726705 -0.619241
29320.000000 2.931620 -63.678401 -0.752176 -0.624104
29340.000000 2.960858 -63.862047 -0.775427 -0.629024
29360.000000 2.991278 -64.045304 -0.796304 -0.633992
29380.000000 3.022898 -64.228118 -0.814642 -0.639000
29400.000000 3.055737 -64.410432 -0.830263 -0.644039
29420.000000 3.089824 -64.592186 -0.842979 -0.649104
29440.000000 3.125187 -64.773319 -0.852588 -0.654186
29460.000000 3.161862 -64.953770 -0.858872 -0.659282
29480.000000 3.199882 -65.133474 -0.861596 -0.664384
29500.000000 3.239281 -65.312366 -0.860506 -0.669485
29520.000000 3.280087 -65.490377 -0.855328 -0.674581
29540.000000 3.322318 -65.667439 -0.845770 -0.679661
29560.000000 3.365973 -65.843483 -0.831519 -0.684716
29580.000000 3.411027 -66.018441 -0.812246 -0.689735
29600.000000 3.457414 -66.192245 -0.787608 -0.694702
29620.000000 3.505018 -66.364831 -0.757258 -0.699601
29640.000000 3.553658 -66.536141 -0.720852 -0.704409
29660.000000 3.603066 -66.706124 -0.678068 -0.709101
29680.000000 3.652874 -66.874744 -0.628619 -0.713649
29700.000000 3.702602 -67.041977 -0.572282 -0.718018
29720.000000 3.751642 -67.207821 -0.508925 -0.722171
29740.000000 3.799264 -67.372300 -0.438532 -0.726066
29760.000000 3.844629 -67.535462 -0.361246 -0.729662
29780.000000 3.886812 -67.697387 -0.277388 -0.732914
29800.000000 3.924842 -67.858186 -0.187496 -0.735780
29820.000000 3.957759 -68.018002 -0.092329 -0.738221
29840.000000 3.984664 -68.177005 0.007124 -0.740201
29860.000000 4.004781 -68.335391 0.109669 -0.741691
29880.000000 4.017507 -68.493374 0.213947 -0.742666
29900.000000 4.022449 -68.651179 0.318502 -0.743107
29920.000000 4.019456 -68.809035 0.421854 -0.743002
29940.000000 4.008625 -68.967164 0.522580 -0.742345
29960.000000 3.990295 -69.125777 0.619377 -0.741141
29980.000000 3.965017 -69.285066 0.711121 -0.739403
30000.000000 3.933515 -69.445203 0.796887 -0.737156
30020.000000 3.896627 -69.606333 0.875967 -0.734430
30040.000000 3.855249 -69.768580 0.947861 -0.731262
30060.000000 3.810275 -69.932037 1.012265 -0.727691
30080.000000 3.762555 -70.096774 1.069045 -0.723756
30100.000000 3.712865 -70.262836 1.118220 -0.719494
30120.000000 3.661882 -70.430246 1.159927 -0.714942
30140.000000 3.610188 -70.599009 1.194400 -0.710133
30160.000000 3.558266 -70.769110 1.221941 -0.705098
30180.000000 3.506514 -70.940523 1.242901 -0.699864
30200.000000 3.455255 -71.113210 1.257658 -0.694459
30220.000000 3.404750 -71.287123 1.266605 -0.688907
30240.000000 3.355208 -71.462209 1.270136 -0.683231
30260.000000 3.306796 -71.638407 1.268635 -0.677452
30280.000000 3.259649 -71.815652 1.262478 -0.671593
30300.000000 3.213874 -71.993876 1.252020 -0.665673
30320.000000 3.169558 -72.173008 1.237601 -0.659713
30340.000000 3.126768 -72.352975 1.219540 -0.653733
30360.000000 3.085559 -72.533704 1.198140 -0.647754
30380.000000 3.045973 -72.715120 1.173681 -0.641794
30400.000000 3.008042 -72.897150 1.146431 -0.635875
30420.000000 2.971790 -73.079720 1.116637 -0.630016
30440.000000 2.937234 -73.262760 1.084533 -0.624240
30460.000000 2.904386 -73.446201 1.050338 -0.618566
30480.000000 2.873253 -73.629976 1.014255 -0.613015
30500.000000 2.843838 -73.814025 0.976476 -0.607608
30520.000000 2.816138 -73.998289 0.937178 -0.602366
30540.000000 2.790149 -74.182715 0.896527 -0.597310
30560.000000 2.765865 -74.367254 0.854676 -0.592458
30580.000000 2.743273 -74.551863 0.811767 -0.587831
30600.000000 2.722362 -74.736504 0.767930 -0.583446
30620.000000 2.703116 -74.921146 0.723286 -0.579322
30640.000000 2.685518 -75.105763 0.677944 -0.575473
30660.000000 2.669550 -75.290334 0.632007 -0.571915
30680.000000 2.655190 -75.474844 0.585568 -0.568662
30700.000000 2.642418 -75.659283 0.538712 -0.565724
30720.000000 2.631211 -75.843648 0.491519 -0.563113
30740.000000 2.621547 -76.027939 0.444064 -0.560836
30760.000000 2.613404 -76.212159 0.396416 -0.558900
30780.000000 2.606760 -76.396318 0.348641 -0.557312
30800.000000 2.601592 -76.580427 0.300801 -0.556073
30820.000000 2.597880 -76.764500 0.252957 -0.555185
30840.000000 2.595605 -76.948551 0.205169 -0.554650
30860.000000 2.594747 -77.132599 0.157493 -0.554464
30880.000000 2.595290 -77.316661 0.109988 -0.554625
30900.000000 2.597217 -77.500754 0.062710 -0.555128
30920.000000 2.600513 -77.684895 0.015718 -0.555967
30940.000000 2.605164 -77.869099 -0.030929 -0.557135
30960.000000 2.611157 -78.053378 -0.077172 -0.558621
30980.000000 2.618481 -78.237744 -0.122949 -0.560417
31000.000000 2.627123 -78.422205 -0.168197 -0.562510
31020.000000 2.637072 -78.606765 -0.212850 -0.564889
31040.000000 2.648318 -78.791424 -0.256839 -0.567541
31060.000000 2.660848 -78.976180 -0.300093 -0.570450
31080.000000 2.674651 -79.161026 -0.342537 -0.573603
31100.000000 2.689715 -79.345950 -0.384092 -0.576984
31120.000000 2.706029 -79.530938 -0.424675 -0.580577
31140.000000 2.723579 -79.715969 -0.464199 -0.584366
31160.000000 2.742352 -79.901020 -0.502573 -0.588336
31180.000000 2.762337 -80.086064 -0.539697 -0.592469
31200.000000 2.783521 -80.271070 -0.575472 -0.596751
31220.000000 2.805893 -80.456003 -0.609788 -0.601165
31240.000000 2.829443 -80.640825 -0.642531 -0.605697
31260.000000 2.854164 -80.825495 -0.673583 -0.610333
31280.000000 2.880050 -81.009970 -0.702817 -0.615059
31300.000000 2.907100 -81.194202 -0.730101 -0.619863
31320.000000 2.935316 -81.378144 -0.755295 -0.624734
31340.000000 2.964705 -81.561743 -0.778250 -0.629661
31360.000000 2.995279 -81.744946 -0.798809 -0.634634
31380.000000 3.027054 -81.927699 -0.816807 -0.639647
31400.000000 3.060052 -82.109944 -0.832066 -0.644690
31420.000000 3.094301 -82.291621 -0.844394 -0.649757
31440.000000 3.129831 -82.472671 -0.853588 -0.654841
31460.000000 3.166677 -82.653030 -0.859428 -0.659938
31480.000000 3.204872 -82.832633 -0.861675 -0.665040
31500.000000 3.244451 -83.011415 -0.860075 -0.670141
31520.000000 3.285440 -83.189307 -0.854351 -0.675235
31540.000000 3.327855 -83.366243 -0.844207 -0.680313
31560.000000 3.371692 -83.542151 -0.829329 -0.685364
31580.000000 3.416922 -83.716964 -0.809384 -0.690377
31600.000000 3.463473 -83.890615 -0.784031 -0.695337
31620.000000 3.511222 -84.063040 -0.752921 -0.700225
31640.000000 3.559978 -84.234181 -0.715712 -0.705020
31660.000000 3.609460 -84.403991 -0.672085 -0.709695
31680.000000 3.659288 -84.572433 -0.621761 -0.714222
31700.000000 3.708963 -84.739487 -0.564527 -0.718565
31720.000000 3.757864 -84.905154 -0.500262 -0.722687
31740.000000 3.805246 -85.069460 -0.428971 -0.726547
31760.000000 3.850255 -85.232458 -0.350816 -0.730101
31780.000000 3.891958 -85.394231 -0.266148 -0.733305
31800.000000 3.929383 -85.554895 -0.175529 -0.736119
31820.000000 3.961575 -85.714596 -0.079751 -0.738502
31840.000000 3.987647 -85.873509 0.020171 -0.740421
31860.000000 4.006843 -86.031830 0.123017 -0.741846
31880.000000 4.018584 -86.189778 0.227414 -0.742753
31900.000000 4.022509 -86.347577 0.331897 -0.743125
31920.000000 4.018497 -86.505456 0.434989 -0.742948
31940.000000 4.006678 -86.663635 0.535278 -0.742221
31960.000000 3.987418 -86.822325 0.631485 -0.740947
31980.000000 3.961296 -86.981714 0.722507 -0.739142
