0.000000 3.979657 196.004800 0.625860 0.531394
20.000000 3.994052 196.119525 0.570866 0.533558
40.000000 4.005444 196.234249 0.513613 0.535216
60.000000 4.013671 196.348953 0.454469 0.536360
80.000000 4.018616 196.463625 0.393836 0.536986
100.000000 4.020206 196.578255 0.332151 0.537096
120.000000 4.018419 196.692836 0.269871 0.536691
140.000000 4.013282 196.807361 0.207470 0.535777
160.000000 4.004871 196.921826 0.145421 0.534364
180.000000 3.993311 197.036226 0.084188 0.532462
200.000000 3.978766 197.150552 0.024217 0.530083
220.000000 3.961440 197.264793 -0.034078 0.527243
240.000000 3.941566 197.378935 -0.090318 0.523958
260.000000 3.919402 197.492957 -0.144172 0.520247
280.000000 3.895219 197.606836 -0.195353 0.516129
300.000000 3.869300 197.720540 -0.243624 0.511627
320.000000 3.841926 197.834034 -0.288799 0.506763
340.000000 3.813374 197.947276 -0.330737 0.501559
360.000000 3.783907 198.060219 -0.369343 0.496041
380.000000 3.753773 198.172811 -0.404564 0.490230
400.000000 3.723201 198.284998 -0.436383 0.484150
420.000000 3.692397 198.396718 -0.464815 0.477823
440.000000 3.661547 198.507911 -0.489905 0.471270
460.000000 3.630810 198.618509 -0.511720 0.464513
480.000000 3.600329 198.728448 -0.530348 0.457570
500.000000 3.570223 198.837658 -0.545892 0.450461
520.000000 3.540593 198.946071 -0.558468 0.443203
540.000000 3.511524 199.053618 -0.568201 0.435812
560.000000 3.483087 199.160231 -0.575224 0.428306
580.000000 3.455339 199.265843 -0.579674 0.420700
600.000000 3.428327 199.370389 -0.581692 0.413008
620.000000 3.402088 199.473805 -0.581418 0.405247
640.000000 3.376652 199.576030 -0.578995 0.397430
660.000000 3.352041 199.677005 -0.574561 0.389572
680.000000 3.328271 199.776676 -0.568256 0.381686
700.000000 3.305354 199.874989 -0.560216 0.373789
720.000000 3.283297 199.971899 -0.550571 0.365893
740.000000 3.262103 200.067359 -0.539451 0.358013
760.000000 3.241774 200.161332 -0.526980 0.350164
780.000000 3.222305 200.253782 -0.513276 0.342359
800.000000 3.203691 200.344679 -0.498456 0.334614
820.000000 3.185924 200.433997 -0.482627 0.326941
840.000000 3.168994 200.521718 -0.465894 0.319356
860.000000 3.152887 200.607826 -0.448355 0.311871
880.000000 3.137591 200.692312 -0.430104 0.304501
900.000000 3.123087 200.775173 -0.411227 0.297260
920.000000 3.109360 200.856409 -0.391805 0.290158
940.000000 3.096389 200.936027 -0.371914 0.283211
960.000000 3.084155 201.014041 -0.351624 0.276428
980.000000 3.072637 201.090466 -0.330999 0.269822
1000.000000 3.061813 201.165325 -0.310097 0.263403
1020.000000 3.051660 201.238646 -0.288971 0.257183
1040.000000 3.042155 201.310460 -0.267670 0.251170
1060.000000 3.033275 201.380805 -0.246235 0.245373
1080.000000 3.024997 201.449720 -0.224704 0.239802
1100.000000 3.017298 201.517250 -0.203111 0.234463
1120.000000 3.010154 201.583444 -0.181484 0.229365
1140.000000 3.003544 201.648354 -0.159846 0.224513
1160.000000 2.997445 201.712035 -0.138219 0.219914
1180.000000 2.991836 201.774547 -0.116618 0.215572
1200.000000 2.986698 201.835949 -0.095057 0.211495
1220.000000 2.982010 201.896307 -0.073544 0.207684
1240.000000 2.977754 201.955686 -0.052087 0.204146
1260.000000 2.973914 202.014156 -0.030689 0.200883
1280.000000 2.970472 202.071786 -0.009352 0.197899
1300.000000 2.967416 202.128649 0.011927 0.195196
1320.000000 2.964730 202.184818 0.033150 0.192777
1340.000000 2.962403 202.240369 0.054322 0.190646
1360.000000 2.960426 202.295379 0.075450 0.188803
1380.000000 2.958788 202.349924 0.096544 0.187250
1400.000000 2.957482 202.404084 0.117611 0.185990
1420.000000 2.956503 202.457938 0.138664 0.185024
1440.000000 2.955846 202.511566 0.159714 0.184354
1460.000000 2.955508 202.565048 0.180774 0.183979
1480.000000 2.955489 202.618467 0.201855 0.183903
1500.000000 2.955789 202.671902 0.222973 0.184125
1520.000000 2.956410 202.725437 0.244141 0.184647
1540.000000 2.957356 202.779152 0.265372 0.185470
1560.000000 2.958634 202.833130 0.286679 0.186593
1580.000000 2.960250 202.887452 0.308076 0.188018
1600.000000 2.962213 202.942200 0.329576 0.189744
1620.000000 2.964536 202.997454 0.351189 0.191773
1640.000000 2.967230 203.053296 0.372928 0.194103
1660.000000 2.970309 203.109804 0.394801 0.196735
1680.000000 2.973791 203.167058 0.416818 0.199668
1700.000000 2.977692 203.225136 0.438984 0.202901
1720.000000 2.982033 203.284113 0.461304 0.206433
1740.000000 2.986834 203.344065 0.483780 0.210262
1760.000000 2.992118 203.405065 0.506413 0.214386
1780.000000 2.997910 203.467185 0.529200 0.218802
1800.000000 3.004235 203.530492 0.552134 0.223508
1820.000000 3.011120 203.595055 0.575206 0.228499
1840.000000 3.018593 203.660935 0.598402 0.233770
1860.000000 3.026683 203.728194 0.621706 0.239318
1880.000000 3.035422 203.796888 0.645096 0.245134
1900.000000 3.044838 203.867071 0.668544 0.251214
1920.000000 3.054963 203.938790 0.692018 0.257548
1940.000000 3.065828 204.012091 0.715480 0.264128
1960.000000 3.077465 204.087011 0.738888 0.270944
1980.000000 3.089903 204.163587 0.762190 0.277985
2000.000000 3.103173 204.241845 0.785331 0.285240
2020.000000 3.117302 204.321808 0.808246 0.292695
2040.000000 3.132318 204.403494 0.830866 0.300337
2060.000000 3.148245 204.486911 0.853111 0.308150
2080.000000 3.165104 204.572065 0.874898 0.316119
2100.000000 3.182915 204.658951 0.896132 0.324227
2120.000000 3.201694 204.747561 0.916713 0.332456
2140.000000 3.221452 204.837877 0.936533 0.340787
2160.000000 3.242195 204.929877 0.955476 0.349202
2180.000000 3.263925 205.023531 0.973420 0.357679
2200.000000 3.286640 205.118802 0.990235 0.366200
2220.000000 3.310328 205.215649 1.005784 0.374742
2240.000000 3.334973 205.314024 1.019926 0.383285
2260.000000 3.360553 205.413872 1.032513 0.391808
2280.000000 3.387036 205.515136 1.043392 0.400288
2300.000000 3.414382 205.617753 1.052407 0.408704
2320.000000 3.442542 205.721654 1.059398 0.417036
2340.000000 3.471461 205.826770 1.064204 0.425261
2360.000000 3.501068 205.933028 1.066661 0.433358
2380.000000 3.531286 206.040351 1.066610 0.441306
2400.000000 3.562024 206.148662 1.063890 0.449084
2420.000000 3.593177 206.257884 1.058346 0.456672
2440.000000 3.624629 206.367937 1.049831 0.464048
2460.000000 3.656247 206.478744 1.038206 0.471193
2480.000000 3.687881 206.590228 1.023342 0.478084
2500.000000 3.719368 206.702312 1.005128 0.484703
2520.000000 3.750523 206.814925 0.983468 0.491026
2540.000000 3.781145 206.927995 0.958291 0.497033
2560.000000 3.811015 207.041457 0.929549 0.502703
2580.000000 3.839899 207.155246 0.897225 0.508014
2600.000000 3.867544 207.269304 0.861333 0.512942
2620.000000 3.893691 207.383579 0.821926 0.517468
2640.000000 3.918070 207.498020 0.779094 0.521570
2660.000000 3.940411 207.612584 0.732971 0.525226
2680.000000 3.960452 207.727233 0.683738 0.528419
2700.000000 3.977940 207.841933 0.631620 0.531132
2720.000000 3.992646 207.956657 0.576888 0.533350
2740.000000 4.004369 208.071381 0.519861 0.535062
2760.000000 4.012943 208.186089 0.460901 0.536262
2780.000000 4.018245 208.300765 0.400408 0.536944
2800.000000 4.020197 208.415400 0.338814 0.537109
2820.000000 4.018772 208.529986 0.276576 0.536759
2840.000000 4.013992 208.644517 0.214165 0.535900
2860.000000 4.005928 208.758989 0.152055 0.534540
2880.000000 3.994699 208.873396 0.090713 0.532689
2900.000000 3.980466 208.987730 0.030586 0.530361
2920.000000 3.963428 209.101981 -0.027907 0.527570
2940.000000 3.943816 209.216134 -0.084386 0.524331
2960.000000 3.921884 209.330171 -0.138511 0.520665
2980.000000 3.897905 209.444067 -0.189991 0.516590
3000.000000 3.872159 209.557791 -0.238584 0.512128
3020.000000 3.844928 209.671310 -0.284099 0.507302
3040.000000 3.816489 209.784580 -0.326390 0.502134
3060.000000 3.787108 209.897558 -0.365358 0.496648
3080.000000 3.757035 210.010191 -0.400944 0.490867
3100.000000 3.726500 210.122423 -0.433128 0.484815
3120.000000 3.695712 210.234197 -0.461922 0.478514
3140.000000 3.664858 210.345449 -0.487368 0.471984
3160.000000 3.634102 210.456115 -0.509532 0.465248
3180.000000 3.603588 210.566127 -0.528497 0.458325
3200.000000 3.573436 210.675419 -0.544367 0.451232
3220.000000 3.543750 210.783921 -0.557255 0.443989
3240.000000 3.514617 210.891564 -0.567288 0.436612
3260.000000 3.486110 210.998281 -0.574595 0.429118
3280.000000 3.458285 211.104004 -0.579315 0.421521
3300.000000 3.431192 211.208668 -0.581588 0.413838
3320.000000 3.404869 211.312208 -0.581553 0.406084
3340.000000 3.379345 211.414564 -0.579354 0.398272
3360.000000 3.354644 211.515676 -0.575130 0.390417
3380.000000 3.330783 211.615489 -0.569019 0.382534
3400.000000 3.307774 211.713951 -0.561159 0.374637
3420.000000 3.285625 211.811013 -0.551680 0.366741
3440.000000 3.264339 211.906631 -0.540712 0.358859
3460.000000 3.243916 212.000766 -0.528380 0.351005
3480.000000 3.224355 212.093381 -0.514804 0.343195
3500.000000 3.205650 212.184445 -0.500098 0.335442
3520.000000 3.187793 212.273935 -0.484372 0.327761
3540.000000 3.170773 212.361828 -0.467732 0.320166
3560.000000 3.154579 212.448110 -0.450275 0.312670
3580.000000 3.139195 212.532771 -0.432096 0.305287
3600.000000 3.124608 212.615806 -0.413282 0.298031
3620.000000 3.110798 212.697216 -0.393915 0.290914
3640.000000 3.097747 212.777008 -0.374071 0.283949
3660.000000 3.085435 212.855193 -0.353821 0.277148
3680.000000 3.073841 212.931787 -0.333229 0.270523
3700.000000 3.062943 213.006814 -0.312354 0.264084
3720.000000 3.052719 213.080299 -0.291250 0.257841
3740.000000 3.043146 213.152273 -0.269965 0.251806
3760.000000 3.034200 213.222773 -0.248542 0.245985
3780.000000 3.025858 213.291840 -0.227021 0.240389
3800.000000 3.018098 213.359516 -0.205433 0.235025
3820.000000 3.010895 213.425852 -0.183808 0.229901
3840.000000 3.004229 213.490897 -0.162170 0.225022
3860.000000 2.998076 213.554708 -0.140541 0.220395
3880.000000 2.992416 213.617342 -0.118937 0.216026
3900.000000 2.987228 213.678860 -0.097371 0.211920
3920.000000 2.982492 213.739327 -0.075853 0.208081
3940.000000 2.978191 213.798809 -0.054389 0.204513
3960.000000 2.974307 213.857372 -0.032985 0.201220
3980.000000 2.970823 213.915089 -0.011641 0.198206
4000.000000 2.967726 213.972031 0.009644 0.195473
4020.000000 2.965001 214.028271 0.030872 0.193023
4040.000000 2.962637 214.083885 0.052050 0.190861
4060.000000 2.960622 214.138949 0.073182 0.188987
4080.000000 2.958948 214.193540 0.094279 0.187403
4100.000000 2.957607 214.247738 0.115349 0.186112
4120.000000 2.956593 214.301621 0.136403 0.185114
4140.000000 2.955901 214.355269 0.157453 0.184411
4160.000000 2.955529 214.408763 0.178510 0.184005
4180.000000 2.955476 214.462185 0.199589 0.183897
4200.000000 2.955741 214.515615 0.220703 0.184087
4220.000000 2.956327 214.569135 0.241864 0.184577
4240.000000 2.957239 214.622827 0.263087 0.185367
4260.000000 2.958480 214.676773 0.284386 0.186458
4280.000000 2.960060 214.731054 0.305773 0.187850
4300.000000 2.961985 214.785752 0.327261 0.189545
4320.000000 2.964269 214.840948 0.348862 0.191541
4340.000000 2.966922 214.896723 0.370586 0.193839
4360.000000 2.969959 214.953156 0.392445 0.196438
4380.000000 2.973397 215.010326 0.414446 0.199339
4400.000000 2.977252 215.068311 0.436595 0.202540
4420.000000 2.981545 215.127188 0.458898 0.206039
4440.000000 2.986295 215.187032 0.481358 0.209836
4460.000000 2.991526 215.247916 0.503974 0.213929
4480.000000 2.997262 215.309912 0.526745 0.218314
4500.000000 3.003529 215.373089 0.549663 0.222989
4520.000000 3.010352 215.437513 0.572721 0.227949
4540.000000 3.017761 215.503249 0.595905 0.233191
4560.000000 3.025784 215.570357 0.619198 0.238709
4580.000000 3.034451 215.638894 0.642580 0.244497
4600.000000 3.043793 215.708915 0.666023 0.250548
4620.000000 3.053840 215.780467 0.689496 0.256855
4640.000000 3.064625 215.853595 0.712962 0.263409
4660.000000 3.076177 215.928340 0.736377 0.270201
4680.000000 3.088528 216.004736 0.759694 0.277218
4700.000000 3.101707 216.082812 0.782855 0.284451
4720.000000 3.115742 216.162592 0.805798 0.291885
4740.000000 3.130662 216.244092 0.828453 0.299507
4760.000000 3.146489 216.327323 0.850742 0.307303
4780.000000 3.163248 216.412290 0.872582 0.315256
4800.000000 3.180956 216.498991 0.893880 0.323350
4820.000000 3.199630 216.587416 0.914536 0.331567
4840.000000 3.219282 216.677550 0.934443 0.339888
4860.000000 3.239919 216.769370 0.953487 0.348295
4880.000000 3.261544 216.862848 0.971544 0.356766
4900.000000 3.284153 216.957947 0.988486 0.365283
4920.000000 3.307737 217.054628 1.004179 0.373824
4940.000000 3.332281 217.152841 1.018479 0.382368
4960.000000 3.357761 217.252533 1.031240 0.390894
4980.000000 3.384149 217.353648 1.042310 0.399379
5000.000000 3.411404 217.456122 1.051533 0.407804
5020.000000 3.439480 217.559889 1.058749 0.416145
5040.000000 3.468320 217.664878 1.063797 0.424383
5060.000000 3.497857 217.771017 1.066515 0.432495
5080.000000 3.528014 217.878229 1.066740 0.440460
5100.000000 3.558700 217.986438 1.064314 0.448257
5120.000000 3.589814 218.095566 1.059082 0.455867
5140.000000 3.621240 218.205534 1.050893 0.463267
5160.000000 3.652847 218.316263 1.039608 0.470437
5180.000000 3.684487 218.427678 1.025097 0.477357
5200.000000 3.715998 218.539701 1.007248 0.484005
5220.000000 3.747198 218.652261 0.985962 0.490362
5240.000000 3.777887 218.765285 0.961166 0.496404
5260.000000 3.807850 218.878708 0.932808 0.502111
5280.000000 3.836851 218.992464 0.900869 0.507461
5300.000000 3.864642 219.106497 0.865359 0.512432
5320.000000 3.890962 219.220750 0.826325 0.517002
5340.000000 3.915544 219.335176 0.783855 0.521150
5360.000000 3.938117 219.449728 0.738079 0.524855
5380.000000 3.958417 219.564370 0.689170 0.528099
5400.000000 3.976191 219.679066 0.637349 0.530864
5420.000000 3.991206 219.793788 0.582883 0.533136
5440.000000 4.003258 219.908514 0.526087 0.534903
5460.000000 4.012177 220.023224 0.467316 0.536158
5480.000000 4.017835 220.137904 0.406967 0.536896
5500.000000 4.020149 220.252543 0.345470 0.537116
5520.000000 4.019087 220.367135 0.283278 0.536821
5540.000000 4.014665 220.481673 0.220863 0.536016
5560.000000 4.006949 220.596151 0.158699 0.534709
5580.000000 3.996053 220.710565 0.097252 0.532911
5600.000000 3.982133 220.824908 0.036974 0.530633
5620.000000 3.965386 220.939168 -0.021714 0.527891
5640.000000 3.946038 221.053333 -0.078426 0.524700
5660.000000 3.924343 221.167383 -0.132818 0.521079
5680.000000 3.900571 221.281295 -0.184595 0.517047
5700.000000 3.875001 221.395040 -0.233509 0.512626
5720.000000 3.847916 221.508582 -0.279362 0.507837
5740.000000 3.819594 221.621882 -0.322005 0.502705
5760.000000 3.790302 221.734893 -0.361333 0.497252
5780.000000 3.760291 221.847565 -0.397284 0.491502
5800.000000 3.729795 221.959844 -0.429834 0.485478
5820.000000 3.699025 222.071670 -0.458991 0.479202
5840.000000 3.668170 222.182981 -0.484794 0.472696
5860.000000 3.637397 222.293713 -0.507306 0.465981
5880.000000 3.606850 222.403799 -0.526610 0.459077
5900.000000 3.576654 222.513171 -0.542807 0.452002
5920.000000 3.546914 222.621761 -0.556010 0.444774
5940.000000 3.517718 222.729500 -0.566343 0.437411
5960.000000 3.489140 222.836320 -0.573937 0.429928
5980.000000 3.461240 222.942153 -0.578928 0.422342
6000.000000 3.434066 223.046933 -0.581457 0.414667
6020.000000 3.407659 223.150597 -0.581663 0.406920
6040.000000 3.382048 223.253083 -0.579690 0.399113
6060.000000 3.357258 223.354331 -0.575676 0.391263
6080.000000 3.333306 223.454287 -0.569762 0.383382
6100.000000 3.310205 223.552896 -0.562083 0.375486
6120.000000 3.287963 223.650111 -0.552772 0.367589
6140.000000 3.266584 223.745886 -0.541958 0.359704
6160.000000 3.246069 223.840182 -0.529767 0.351847
6180.000000 3.226416 223.932961 -0.516318 0.344032
6200.000000 3.207619 224.024194 -0.501728 0.336272
6220.000000 3.189671 224.113854 -0.486107 0.328583
6240.000000 3.172561 224.201919 -0.469560 0.320977
6260.000000 3.156279 224.288375 -0.452187 0.313470
6280.000000 3.140810 224.373210 -0.434081 0.306075
6300.000000 3.126137 224.456420 -0.415331 0.298804
6320.000000 3.112244 224.538004 -0.396020 0.291672
6340.000000 3.099113 224.617970 -0.376224 0.284690
6360.000000 3.086723 224.696326 -0.356014 0.277871
6380.000000 3.075053 224.773091 -0.335455 0.271226
6400.000000 3.064081 224.848285 -0.314608 0.264766
6420.000000 3.053786 224.921934 -0.293526 0.258502
6440.000000 3.044144 224.994069 -0.272259 0.252444
6460.000000 3.035131 225.064726 -0.250849 0.246600
6480.000000 3.026726 225.133944 -0.229336 0.240980
6500.000000 3.018904 225.201768 -0.207754 0.235590
6520.000000 3.011643 225.268245 -0.186132 0.230440
6540.000000 3.004920 225.333426 -0.164495 0.225534
6560.000000 2.998713 225.397366 -0.142864 0.220880
6580.000000 2.993001 225.460124 -0.121256 0.216483
6600.000000 2.987763 225.521760 -0.099685 0.212348
6620.000000 2.982980 225.582336 -0.078162 0.208480
6640.000000 2.978633 225.641920 -0.056692 0.204883
6660.000000 2.974705 225.700579 -0.035281 0.201561
6680.000000 2.971179 225.758384 -0.013931 0.198516
6700.000000 2.968041 225.815405 0.007360 0.195753
6720.000000 2.965276 225.871717 0.028595 0.193273
6740.000000 2.962874 225.927395 0.049777 0.191079
6760.000000 2.960822 225.982514 0.070914 0.189174
6780.000000 2.959112 226.037152 0.092014 0.187559
6800.000000 2.957735 226.091389 0.113087 0.186236
6820.000000 2.956686 226.145301 0.134142 0.185207
6840.000000 2.955960 226.198971 0.155191 0.184473
6860.000000 2.955554 226.252478 0.176248 0.184035
6880.000000 2.955466 226.305903 0.197324 0.183894
6900.000000 2.955697 226.359328 0.218433 0.184052
6920.000000 2.956249 226.412835 0.239588 0.184510
6940.000000 2.957125 226.466504 0.260804 0.185268
6960.000000 2.958331 226.520419 0.282094 0.186326
6980.000000 2.959873 226.574660 0.303471 0.187686
7000.000000 2.961762 226.629310 0.324947 0.189348
7020.000000 2.964006 226.684449 0.346535 0.191312
7040.000000 2.966619 226.740157 0.368246 0.193577
7060.000000 2.969614 226.796516 0.390090 0.196144
7080.000000 2.973008 226.853603 0.412075 0.199013
7100.000000 2.976817 226.911497 0.434209 0.202181
7120.000000 2.981062 226.970274 0.456495 0.205649
7140.000000 2.985762 227.030011 0.478938 0.209414
7160.000000 2.990941 227.090780 0.501537 0.213475
7180.000000 2.996621 227.152653 0.524291 0.217829
7200.000000 3.002829 227.215700 0.547194 0.222473
7220.000000 3.009592 227.279987 0.570238 0.227403
7240.000000 3.016936 227.345579 0.593409 0.232614
7260.000000 3.024892 227.412537 0.616692 0.238103
7280.000000 3.033488 227.480918 0.640065 0.243862
7300.000000 3.042756 227.550776 0.663502 0.249886
7320.000000 3.052726 227.622162 0.686974 0.256166
7340.000000 3.063430 227.695119 0.710443 0.262694
7360.000000 3.074898 227.769689 0.733866 0.269460
7380.000000 3.087162 227.845906 0.757196 0.276454
7400.000000 3.100251 227.923800 0.780376 0.283664
7420.000000 3.114193 228.003396 0.803346 0.291077
7440.000000 3.129016 228.084710 0.826035 0.298680
7460.000000 3.144745 228.167755 0.848368 0.306458
7480.000000 3.161402 228.252536 0.870260 0.314395
7500.000000 3.179008 228.339050 0.891621 0.322475
7520.000000 3.197577 228.427291 0.912351 0.330679
7540.000000 3.217124 228.517242 0.932344 0.338990
7560.000000 3.237655 228.608883 0.951486 0.347388
7580.000000 3.259173 228.702184 0.969655 0.355854
7600.000000 3.281677 228.797111 0.986724 0.364367
7620.000000 3.305157 228.893624 1.002557 0.372906
7640.000000 3.329599 228.991675 1.017014 0.381451
7660.000000 3.354980 229.091211 1.029948 0.389979
7680.000000 3.381272 229.192176 1.041207 0.398471
7700.000000 3.408436 229.294507 1.050636 0.406903
7720.000000 3.436426 229.398139 1.058075 0.415254
7740.000000 3.465187 229.503000 1.063364 0.423504
7760.000000 3.494653 229.609019 1.066340 0.431630
7780.000000 3.524747 229.716119 1.066841 0.439612
7800.000000 3.555381 229.824225 1.064707 0.447428
7820.000000 3.586455 229.933258 1.059783 0.455059
7840.000000 3.617853 230.043139 1.051919 0.462482
7860.000000 3.649447 230.153791 1.040972 0.469678
7880.000000 3.681091 230.265135 1.026814 0.476626
7900.000000 3.712624 230.377097 1.009328 0.483305
7920.000000 3.743867 230.489602 0.988416 0.489693
7940.000000 3.774621 230.602580 0.964000 0.495771
7960.000000 3.804673 230.715963 0.936026 0.501515
7980.000000 3.833789 230.829686 0.904472 0.506904
8000.000000 3.861722 230.943692 0.869343 0.511917
8020.000000 3.888213 231.057924 0.830685 0.516531
8040.000000 3.912995 231.172333 0.788579 0.520725
8060.000000 3.935797 231.286874 0.743150 0.524479
8080.000000 3.956353 231.401508 0.694567 0.527773
8100.000000 3.974410 231.516199 0.643047 0.530590
8120.000000 3.989732 231.630920 0.588852 0.532916
8140.000000 4.002111 231.745646 0.532289 0.534737
8160.000000 4.011373 231.860359 0.473712 0.536047
8180.000000 4.017386 231.975043 0.413512 0.536841
8200.000000 4.020062 232.089687 0.352117 0.537117
8220.000000 4.019363 232.204284 0.289978 0.536877
8240.000000 4.015299 232.318828 0.227564 0.536127
8260.000000 4.007932 232.433313 0.165350 0.534873
8280.000000 3.997371 232.547734 0.103805 0.533127
8300.000000 3.983768 232.662085 0.043380 0.530901
8320.000000 3.967314 232.776355 -0.015498 0.528207
8340.000000 3.948234 232.890531 -0.072439 0.525064
8360.000000 3.926778 233.004594 -0.127096 0.521488
8380.000000 3.903216 233.118522 -0.179166 0.517499
8400.000000 3.877826 233.232287 -0.228398 0.513119
8420.000000 3.850890 233.345852 -0.274588 0.508369
8440.000000 3.822688 233.459180 -0.317582 0.503272
8460.000000 3.793487 233.572225 -0.357270 0.497852
8480.000000 3.763542 233.684936 -0.393585 0.492133
8500.000000 3.733088 233.797260 -0.426500 0.486137
8520.000000 3.702338 233.909137 -0.456020 0.479887
8540.000000 3.671484 234.020507 -0.482181 0.473405
8560.000000 3.640694 234.131304 -0.505043 0.466712
8580.000000 3.610117 234.241463 -0.524687 0.459827
8600.000000 3.579878 234.350915 -0.541213 0.452769
8620.000000 3.550084 234.459592 -0.554732 0.445557
8640.000000 3.520826 234.567426 -0.565367 0.438207
8660.000000 3.492178 234.674347 -0.573248 0.430737
8680.000000 3.464203 234.780290 -0.578513 0.423161
8700.000000 3.436949 234.885186 -0.581299 0.415496
8720.000000 3.410458 234.988973 -0.581748 0.407755
8740.000000 3.384760 235.091588 -0.580002 0.399954
8760.000000 3.359881 235.192972 -0.576201 0.392108
8780.000000 3.335838 235.293069 -0.570484 0.384230
8800.000000 3.312645 235.391825 -0.562988 0.376335
8820.000000 3.290311 235.489192 -0.553846 0.368437
8840.000000 3.268839 235.585124 -0.543188 0.360550
8860.000000 3.248231 235.679581 -0.531139 0.352689
8880.000000 3.228486 235.772525 -0.517820 0.344869
8900.000000 3.209597 235.863925 -0.503347 0.337103
8920.000000 3.191558 235.953755 -0.487832 0.329405
8940.000000 3.174359 236.041992 -0.471379 0.321790
8960.000000 3.157989 236.128621 -0.454090 0.314271
8980.000000 3.142433 236.213631 -0.436058 0.306863
9000.000000 3.127676 236.297015 -0.417374 0.299579
9020.000000 3.113700 236.378774 -0.398119 0.292431
9040.000000 3.100488 236.458913 -0.378371 0.285432
9060.000000 3.088019 236.537442 -0.358202 0.278595
9080.000000 3.076272 236.614377 -0.337679 0.271931
9100.000000 3.065227 236.689738 -0.316860 0.265451
9120.000000 3.054860 236.763552 -0.295801 0.259165
9140.000000 3.045149 236.835848 -0.274551 0.253084
9160.000000 3.036070 236.906661 -0.253155 0.247217
9180.000000 3.027601 236.976032 -0.231651 0.241572
9200.000000 3.019717 237.044004 -0.210075 0.236158
9220.000000 3.012397 237.110623 -0.188456 0.230981
9240.000000 3.005617 237.175941 -0.166819 0.226049
9260.000000 2.999356 237.240012 -0.145186 0.221368
9280.000000 2.993591 237.302894 -0.123576 0.216943
9300.000000 2.988303 237.364647 -0.102000 0.212780
9320.000000 2.983472 237.425334 -0.080471 0.208883
9340.000000 2.979079 237.485021 -0.058996 0.205256
9360.000000 2.975107 237.543776 -0.037578 0.201904
9380.000000 2.971539 237.601669 -0.016221 0.198830
9400.000000 2.968360 237.658771 0.005076 0.196036
9420.000000 2.965556 237.715156 0.026316 0.193526
9440.000000 2.963115 237.770898 0.047504 0.191301
9460.000000 2.961026 237.826074 0.068646 0.189365
9480.000000 2.959279 237.880760 0.089749 0.187719
9500.000000 2.957867 237.935036 0.110824 0.186364
9520.000000 2.956783 237.988979 0.131880 0.185303
9540.000000 2.956023 238.042671 0.152930 0.184537
9560.000000 2.955582 238.096192 0.173985 0.184068
9580.000000 2.955460 238.149622 0.195058 0.183895
9600.000000 2.955657 238.203043 0.216163 0.184021
9620.000000 2.956174 238.256537 0.237313 0.184446
9640.000000 2.957015 238.310185 0.258522 0.185172
9660.000000 2.958185 238.364069 0.279803 0.186198
9680.000000 2.959691 238.418272 0.301170 0.187526
9700.000000 2.961542 238.472874 0.322635 0.189155
9720.000000 2.963747 238.527956 0.344211 0.191086
9740.000000 2.966320 238.583600 0.365908 0.193319
9760.000000 2.969274 238.639884 0.387737 0.195854
9780.000000 2.972624 238.696889 0.409707 0.198690
9800.000000 2.976388 238.754693 0.431824 0.201827
9820.000000 2.980585 238.813372 0.454094 0.205262
9840.000000 2.985235 238.873002 0.476520 0.208996
9860.000000 2.990361 238.933656 0.499102 0.213025
9880.000000 2.995986 238.995407 0.521840 0.217347
9900.000000 3.002137 239.058325 0.544727 0.221960
9920.000000 3.008838 239.122476 0.567756 0.226859
9940.000000 3.016118 239.187925 0.590914 0.232041
9960.000000 3.024007 239.254733 0.614186 0.237500
9980.000000 3.032533 239.322959 0.637550 0.243231
10000.000000 3.041727 239.392656 0.660983 0.249226
10020.000000 3.051621 239.463875 0.684452 0.255479
10040.000000 3.062244 239.536662 0.707923 0.261981
10060.000000 3.073629 239.611056 0.731353 0.268722
10080.000000 3.085806 239.687095 0.754696 0.275692
10100.000000 3.098804 239.764808 0.777895 0.282879
10120.000000 3.112653 239.844220 0.800890 0.290271
10140.000000 3.127381 239.925349 0.823613 0.297855
10160.000000 3.143011 240.008208 0.845988 0.305615
10180.000000 3.159568 240.092802 0.867933 0.313535
10200.000000 3.177070 240.179130 0.889355 0.321600
10220.000000 3.195536 240.267186 0.910158 0.329792
10240.000000 3.214977 240.356954 0.930235 0.338093
10260.000000 3.235402 240.448415 0.949474 0.346482
10280.000000 3.256815 240.541539 0.967754 0.354942
10300.000000 3.279213 240.636294 0.984947 0.363451
10320.000000 3.302588 240.732638 1.000920 0.371988
10340.000000 3.326928 240.830526 1.015532 0.380533
10360.000000 3.352210 240.929906 1.028636 0.389065
10380.000000 3.378405 241.030720 1.040082 0.397561
10400.000000 3.405477 241.132908 1.049715 0.406000
10420.000000 3.433382 241.236403 1.057376 0.414361
10440.000000 3.462063 241.341135 1.062904 0.422623
10460.000000 3.491456 241.447033 1.066136 0.430763
10480.000000 3.521487 241.554021 1.066910 0.438762
10500.000000 3.552068 241.662023 1.065067 0.446597
10520.000000 3.583099 241.770959 1.060450 0.454249
10540.000000 3.614469 241.880753 1.052909 0.461696
10560.000000 3.646048 241.991326 1.042300 0.468917
10580.000000 3.677694 242.102600 1.028493 0.475892
10600.000000 3.709248 242.214499 1.011369 0.482601
10620.000000 3.740531 242.326949 0.990829 0.489022
10640.000000 3.771348 242.439879 0.966792 0.495133
10660.000000 3.801485 242.553222 0.939203 0.500914
10680.000000 3.830713 242.666912 0.908033 0.506343
10700.000000 3.858786 242.780890 0.873287 0.511397
10720.000000 3.885445 242.895100 0.835004 0.516055
10740.000000 3.910423 243.009492 0.793263 0.520296
10760.000000 3.933450 243.124021 0.748184 0.524098
10780.000000 3.954261 243.238647 0.699931 0.527442
10800.000000 3.972598 243.353334 0.648715 0.530311
10820.000000 3.988224 243.468053 0.594793 0.532690
10840.000000 4.000928 243.582779 0.538468 0.534566
10860.000000 4.010532 243.697494 0.480089 0.535931
10880.000000 4.016899 243.812181 0.420044 0.536781
10900.000000 4.019936 243.926830 0.358756 0.537112
10920.000000 4.019600 244.041433 0.296675 0.536928
10940.000000 4.015896 244.155982 0.234268 0.536232
10960.000000 4.008879 244.270474 0.172009 0.535032
10980.000000 3.998654 244.384903 0.110370 0.533338
11000.000000 3.985369 244.499261 0.049804 0.531162
11020.000000 3.969211 244.613540 -0.009260 0.528519
11040.000000 3.950402 244.727727 -0.066426 0.525423
11060.000000 3.929189 244.841804 -0.121344 0.521892
11080.000000 3.905839 244.955748 -0.173705 0.517947
11100.000000 3.880632 245.069531 -0.223252 0.513607
11120.000000 3.853849 245.183120 -0.269778 0.508896
11140.000000 3.825770 245.296475 -0.313120 0.503835
11160.000000 3.796664 245.409553 -0.353167 0.498449
11180.000000 3.766788 245.522302 -0.389847 0.492761
11200.000000 3.736377 245.634670 -0.423127 0.486794
11220.000000 3.705649 245.746599 -0.453011 0.480570
11240.000000 3.674798 245.858026 -0.479530 0.474112
11260.000000 3.643994 245.968888 -0.502743 0.467440
11280.000000 3.613387 246.079118 -0.522728 0.460575
11300.000000 3.583106 246.188650 -0.539584 0.453535
11320.000000 3.553260 246.297413 -0.553420 0.446339
11340.000000 3.523941 246.405341 -0.564359 0.439003
11360.000000 3.495225 246.512364 -0.572530 0.431545
11380.000000 3.467174 246.618414 -0.578068 0.423979
11400.000000 3.439841 246.723426 -0.581114 0.416323
11420.000000 3.413266 246.827336 -0.581808 0.408590
11440.000000 3.387482 246.930080 -0.580291 0.400795
11460.000000 3.362514 247.031599 -0.576704 0.392952
11480.000000 3.338380 247.131836 -0.571186 0.385077
11500.000000 3.315096 247.230739 -0.563875 0.377183
11520.000000 3.292669 247.328257 -0.554903 0.369285
11540.000000 3.271104 247.424346 -0.544402 0.361396
11560.000000 3.250404 247.518962 -0.532496 0.353532
11580.000000 3.230565 247.612070 -0.519308 0.345706
11600.000000 3.211585 247.703638 -0.504954 0.337934
11620.000000 3.193455 247.793637 -0.489545 0.330228
11640.000000 3.176167 247.882047 -0.473188 0.322603
11660.000000 3.159708 247.968849 -0.455984 0.315074
11680.000000 3.144065 248.054033 -0.438028 0.307653
11700.000000 3.129223 248.137592 -0.419409 0.300355
11720.000000 3.115164 248.219526 -0.400212 0.293192
11740.000000 3.101871 248.299838 -0.380514 0.286176
11760.000000 3.089323 248.378539 -0.360387 0.279321
11780.000000 3.077500 248.455645 -0.339898 0.272638
11800.000000 3.066380 248.531174 -0.319108 0.266138
11820.000000 3.055942 248.605152 -0.298073 0.259831
11840.000000 3.046161 248.677610 -0.276841 0.253728
11860.000000 3.037016 248.748581 -0.255459 0.247837
11880.000000 3.028482 248.818105 -0.233965 0.242168
11900.000000 3.020537 248.886224 -0.212395 0.236728
11920.000000 3.013157 248.952986 -0.190779 0.231526
11940.000000 3.006320 249.018441 -0.169143 0.226567
11960.000000 3.000004 249.082643 -0.147509 0.221858
11980.000000 2.994187 249.145650 -0.125896 0.217406
12000.000000 2.988849 249.207522 -0.104316 0.213214
12020.000000 2.983970 249.268320 -0.082781 0.209289
12040.000000 2.979531 249.328112 -0.061300 0.205633
12060.000000 2.975514 249.386964 -0.039876 0.202251
12080.000000 2.971903 249.444946 -0.018513 0.199147
12100.000000 2.968683 249.502129 0.002791 0.196322
12120.000000 2.965839 249.558587 0.024037 0.193782
12140.000000 2.963360 249.614395 0.045230 0.191526
12160.000000 2.961233 249.669628 0.066377 0.189559
12180.000000 2.959451 249.724363 0.087484 0.187882
12200.000000 2.958003 249.778679 0.108561 0.186496
12220.000000 2.956884 249.832654 0.129619 0.185403
12240.000000 2.956089 249.886370 0.150669 0.184605
12260.000000 2.955614 249.939905 0.171723 0.184104
12280.000000 2.955458 249.993341 0.192793 0.183899
12300.000000 2.955621 250.046759 0.213894 0.183993
12320.000000 2.956103 250.100241 0.235039 0.184386
12340.000000 2.956909 250.153868 0.256240 0.185080
12360.000000 2.958044 250.207724 0.277513 0.186074
12380.000000 2.959513 250.261888 0.298870 0.187369
12400.000000 2.961326 250.316443 0.320324 0.188966
12420.000000 2.963493 250.371470 0.341887 0.190864
12440.000000 2.966026 250.427049 0.363571 0.193065
12460.000000 2.968938 250.483261 0.385386 0.195568
12480.000000 2.972244 250.540185 0.407340 0.198371
12500.000000 2.975963 250.597899 0.429441 0.201475
12520.000000 2.980112 250.656481 0.451694 0.204879
12540.000000 2.984713 250.716005 0.474103 0.208580
12560.000000 2.989787 250.776546 0.496669 0.212578
12580.000000 2.995357 250.838176 0.519390 0.216869
12600.000000 3.001450 250.900965 0.542262 0.221451
12620.000000 3.008091 250.964980 0.565276 0.226320
12640.000000 3.015308 251.030286 0.588421 0.231471
12660.000000 3.023129 251.096946 0.611681 0.236901
12680.000000 3.031586 251.165017 0.635037 0.242603
12700.000000 3.040707 251.234553 0.658463 0.248570
12720.000000 3.050523 251.305607 0.681930 0.254796
12740.000000 3.061067 251.378223 0.705403 0.261271
12760.000000 3.072368 251.452443 0.728840 0.267987
12780.000000 3.084459 251.528303 0.752194 0.274933
12800.000000 3.097368 251.605835 0.775412 0.282097
12820.000000 3.111124 251.685063 0.798432 0.289468
12840.000000 3.125756 251.766007 0.821188 0.297031
12860.000000 3.141288 251.848680 0.843604 0.304773
12880.000000 3.157744 251.933088 0.865599 0.312677
12900.000000 3.175144 252.019230 0.887082 0.320728
12920.000000 3.193506 252.107101 0.907956 0.328907
12940.000000 3.212842 252.196686 0.928117 0.337196
12960.000000 3.233161 252.287966 0.947451 0.345577
12980.000000 3.254467 252.380913 0.965840 0.354030
13000.000000 3.276760 252.475494 0.983156 0.362535
13020.000000 3.300031 252.571670 0.999267 0.371070
13040.000000 3.324268 252.669395 1.014032 0.379616
13060.000000 3.349449 252.768617 1.027305 0.388150
13080.000000 3.375548 252.869280 1.038937 0.396651
13100.000000 3.402529 252.971323 1.048772 0.405097
13120.000000 3.430346 253.074681 1.056653 0.413468
13140.000000 3.458946 253.179284 1.062417 0.421741
13160.000000 3.488267 253.285060 1.065903 0.429895
13180.000000 3.518233 253.391935 1.066950 0.437910
13200.000000 3.548759 253.499831 1.065395 0.445764
13220.000000 3.579748 253.608671 1.061084 0.453436
13240.000000 3.611086 253.718377 1.053863 0.460906
13260.000000 3.642650 253.828870 1.043591 0.468153
13280.000000 3.674297 253.940072 1.030133 0.475156
13300.000000 3.705868 254.051907 1.013371 0.481894
13320.000000 3.737189 254.164302 0.993202 0.488346
13340.000000 3.768066 254.277184 0.969544 0.494492
13360.000000 3.798287 254.390485 0.942338 0.500310
13380.000000 3.827625 254.504141 0.911553 0.505777
13400.000000 3.855834 254.618091 0.877190 0.510873
13420.000000 3.882657 254.732279 0.839284 0.515574
13440.000000 3.907828 254.846654 0.797910 0.519861
13460.000000 3.931078 254.961170 0.753182 0.523711
13480.000000 3.952139 255.075786 0.705261 0.527105
13500.000000 3.970754 255.190468 0.654351 0.530026
13520.000000 3.986682 255.305185 0.600706 0.532458
13540.000000 3.999709 255.419912 0.544623 0.534389
13560.000000 4.009654 255.534629 0.486447 0.535809
13580.000000 4.016374 255.649320 0.426561 0.536714
13600.000000 4.019772 255.763973 0.365386 0.537101
13620.000000 4.019798 255.878581 0.303367 0.536972
13640.000000 4.016454 255.993137 0.240972 0.536331
13660.000000 4.009789 256.107635 0.178675 0.535185
13680.000000 3.999902 256.222070 0.116947 0.533544
13700.000000 3.986938 256.336437 0.056245 0.531419
13720.000000 3.971078 256.450725 -0.002999 0.528825
13740.000000 3.952542 256.564922 -0.060388 0.525776
13760.000000 3.931575 256.679012 -0.115562 0.522292
13780.000000 3.908442 256.792971 -0.168211 0.518390
13800.000000 3.883420 256.906774 -0.218072 0.514092
13820.000000 3.856793 257.020385 -0.264930 0.509419
13840.000000 3.828840 257.133768 -0.308621 0.504395
13860.000000 3.799832 257.246877 -0.349026 0.499043
13880.000000 3.770026 257.359665 -0.386070 0.493386
13900.000000 3.739663 257.472076 -0.419716 0.487447
13920.000000 3.708959 257.584055 -0.449963 0.481250
13940.000000 3.678112 257.695539 -0.476841 0.474816
13960.000000 3.647296 257.806464 -0.500406 0.468167
13980.000000 3.616661 257.916766 -0.520733 0.461321
14000.000000 3.586340 258.026376 -0.537920 0.454299
14020.000000 3.556442 258.135225 -0.552075 0.447119
14040.000000 3.527063 258.243246 -0.563319 0.439797
14060.000000 3.498278 258.350369 -0.571781 0.432351
14080.000000 3.470154 258.456528 -0.577596 0.424797
14100.000000 3.442741 258.561654 -0.580902 0.417149
14120.000000 3.416083 258.665685 -0.581842 0.409424
14140.000000 3.390213 258.768557 -0.580555 0.401634
14160.000000 3.365156 258.870210 -0.577184 0.393797
14180.000000 3.340932 258.970588 -0.571867 0.385924
14200.000000 3.317556 259.069637 -0.564742 0.378031
14220.000000 3.295036 259.167306 -0.555943 0.370133
14240.000000 3.273379 259.263550 -0.545599 0.362243
14260.000000 3.252586 259.358327 -0.533839 0.354375
14280.000000 3.232655 259.451598 -0.520782 0.346545
14300.000000 3.213583 259.543333 -0.506548 0.338766
14320.000000 3.195362 259.633502 -0.491247 0.331052
14340.000000 3.177984 259.722083 -0.474988 0.323418
14360.000000 3.161437 259.809059 -0.457870 0.315878
14380.000000 3.145707 259.894417 -0.439990 0.308445
14400.000000 3.130779 259.978151 -0.421439 0.301133
14420.000000 3.116637 260.060259 -0.402299 0.293954
14440.000000 3.103263 260.140745 -0.382652 0.286923
14460.000000 3.090636 260.219619 -0.362568 0.280050
14480.000000 3.078736 260.296894 -0.342115 0.273347
14500.000000 3.067542 260.372592 -0.321354 0.266827
14520.000000 3.057031 260.446735 -0.300343 0.260499
14540.000000 3.047181 260.519354 -0.279130 0.254373
14560.000000 3.037968 260.590484 -0.257762 0.248459
14580.000000 3.029370 260.660161 -0.236278 0.242766
14600.000000 3.021362 260.728429 -0.214715 0.237301
14620.000000 3.013923 260.795334 -0.193102 0.232073
14640.000000 3.007029 260.860927 -0.171468 0.227088
14660.000000 3.000658 260.925262 -0.149833 0.222352
14680.000000 2.994789 260.988394 -0.128216 0.217872
14700.000000 2.989400 261.050384 -0.106632 0.213652
14720.000000 2.984473 261.111295 -0.085092 0.209697
14740.000000 2.979987 261.171192 -0.063605 0.206012
14760.000000 2.975926 261.230141 -0.042175 0.202601
14780.000000 2.972272 261.288213 -0.020805 0.199467
14800.000000 2.969010 261.345479 0.000505 0.196612
14820.000000 2.966127 261.402011 0.021758 0.194041
14840.000000 2.963609 261.457885 0.042956 0.191755
14860.000000 2.961445 261.513176 0.064107 0.189756
14880.000000 2.959626 261.567961 0.085218 0.188048
14900.000000 2.958143 261.622318 0.106298 0.186631
14920.000000 2.956989 261.676327 0.127358 0.185506
14940.000000 2.956159 261.730066 0.148408 0.184677
14960.000000 2.955650 261.783616 0.169461 0.184143
14980.000000 2.955460 261.837059 0.190529 0.183907
15000.000000 2.955588 261.890475 0.211626 0.183969
15020.000000 2.956036 261.943947 0.232765 0.184330
15040.000000 2.956807 261.997555 0.253960 0.184991
15060.000000 2.957906 262.051381 0.275224 0.185952
15080.000000 2.959339 262.105509 0.296572 0.187215
15100.000000 2.961115 262.160018 0.318015 0.188780
15120.000000 2.963243 262.214990 0.339566 0.190646
15140.000000 2.965736 262.270506 0.361236 0.192814
15160.000000 2.968606 262.326647 0.383036 0.195284
15180.000000 2.971870 262.383490 0.404975 0.198056
15200.000000 2.975543 262.441116 0.427059 0.201128
15220.000000 2.979645 262.499600 0.449296 0.204499
15240.000000 2.984196 262.559020 0.471688 0.208169
15260.000000 2.989218 262.619448 0.494238 0.212134
15280.000000 2.994734 262.680958 0.516942 0.216394
15300.000000 3.000770 262.743619 0.539798 0.220945
15320.000000 3.007350 262.807499 0.562797 0.225783
15340.000000 3.014504 262.872664 0.585929 0.230904
15360.000000 3.022259 262.939175 0.609178 0.236304
15380.000000 3.030646 263.007092 0.632524 0.241977
15400.000000 3.039694 263.076468 0.655944 0.247916
15420.000000 3.049435 263.147356 0.679409 0.254115
15440.000000 3.059899 263.219803 0.702882 0.260564
15460.000000 3.071117 263.293849 0.726325 0.267254
15480.000000 3.083121 263.369531 0.749691 0.274176
15500.000000 3.095941 263.446882 0.772926 0.281318
15520.000000 3.109605 263.525927 0.795971 0.288667
15540.000000 3.124141 263.606686 0.818758 0.296210
15560.000000 3.139576 263.689173 0.841215 0.303933
15580.000000 3.155932 263.773394 0.863259 0.311821
15600.000000 3.173230 263.859350 0.884802 0.319856
15620.000000 3.191487 263.947036 0.905746 0.328023
15640.000000 3.210718 264.036438 0.925989 0.336301
15660.000000 3.230931 264.127537 0.945418 0.344673
15680.000000 3.252131 264.220306 0.963914 0.353120
15700.000000 3.274318 264.314714 0.981352 0.361620
15720.000000 3.297485 264.410720 0.997598 0.370153
15740.000000 3.321619 264.508281 1.012514 0.378698
15760.000000 3.346700 264.607345 1.025955 0.387234
15780.000000 3.372702 264.707856 1.037771 0.395740
15800.000000 3.399590 264.809754 1.047807 0.404193
15820.000000 3.427319 264.912974 1.055905 0.412573
15840.000000 3.455839 265.017447 1.061904 0.420858
15860.000000 3.485085 265.123100 1.065643 0.429026
15880.000000 3.514986 265.229861 1.066959 0.437057
15900.000000 3.545456 265.337651 1.065692 0.444929
15920.000000 3.576400 265.446394 1.061684 0.452621
15940.000000 3.607707 265.556010 1.054783 0.460114
15960.000000 3.639253 265.666422 1.044845 0.467386
15980.000000 3.670898 265.777552 1.031735 0.474416
16000.000000 3.702486 265.889323 1.015333 0.481183
16020.000000 3.733842 266.001661 0.995535 0.487668
16040.000000 3.764777 266.114494 0.972254 0.493847
16060.000000 3.795079 266.227753 0.945431 0.499701
16080.000000 3.824523 266.341374 0.915032 0.505207
16100.000000 3.852865 266.455294 0.881052 0.510344
16120.000000 3.879850 266.569459 0.843524 0.515089
16140.000000 3.905212 266.683817 0.802517 0.519421
16160.000000 3.928681 266.798320 0.758143 0.523319
16180.000000 3.949990 266.912927 0.710555 0.526763
16200.000000 3.968879 267.027604 0.659956 0.529735
16220.000000 3.985106 267.142318 0.606591 0.532221
16240.000000 3.998455 267.257045 0.550754 0.534206
16260.000000 4.008738 267.371763 0.492785 0.535682
16280.000000 4.015810 267.486458 0.433064 0.536642
16300.000000 4.019568 267.601116 0.372005 0.537085
16320.000000 4.019957 267.715729 0.310055 0.537010
16340.000000 4.016973 267.830290 0.247678 0.536424
16360.000000 4.010661 267.944795 0.185348 0.535332
16380.000000 4.001115 268.059238 0.123537 0.533743
16400.000000 3.988473 268.173612 0.062703 0.531670
16420.000000 3.972914 268.287909 0.003282 0.529125
16440.000000 3.954654 268.402117 -0.054323 0.526125
16460.000000 3.933936 268.516219 -0.109752 0.522686
16480.000000 3.911022 268.630194 -0.162685 0.518828
16500.000000 3.886190 268.744014 -0.212857 0.514572
16520.000000 3.859722 268.857648 -0.260046 0.509938
16540.000000 3.831898 268.971057 -0.304084 0.504951
16560.000000 3.802990 269.084198 -0.344846 0.499633
16580.000000 3.773259 269.197023 -0.382253 0.494007
16600.000000 3.742944 269.309477 -0.416265 0.488098
16620.000000 3.712267 269.421505 -0.446876 0.481928
16640.000000 3.681427 269.533045 -0.474114 0.475518
16660.000000 3.650600 269.644034 -0.498031 0.468891
16680.000000 3.619939 269.754406 -0.518702 0.462065
16700.000000 3.589578 269.864093 -0.536221 0.455061
16720.000000 3.559631 269.973028 -0.550696 0.447897
16740.000000 3.530191 270.081141 -0.562247 0.440590
16760.000000 3.501340 270.188364 -0.571001 0.433157
16780.000000 3.473141 270.294629 -0.577094 0.425613
16800.000000 3.445650 270.399870 -0.580663 0.417975
16820.000000 3.418910 270.504021 -0.581850 0.410257
16840.000000 3.392953 270.607020 -0.580796 0.402474
16860.000000 3.367808 270.708807 -0.577642 0.394640
16880.000000 3.343494 270.809325 -0.572527 0.386771
16900.000000 3.320026 270.908519 -0.565590 0.378880
16920.000000 3.297414 271.006339 -0.556964 0.370981
16940.000000 3.275664 271.102738 -0.546781 0.363089
16960.000000 3.254778 271.197674 -0.535166 0.355219
16980.000000 3.234755 271.291109 -0.522243 0.347384
17000.000000 3.215591 271.383010 -0.508130 0.339598
17020.000000 3.197279 271.473348 -0.492939 0.331877
17040.000000 3.179811 271.562101 -0.476777 0.324234
17060.000000 3.163175 271.649250 -0.459747 0.316683
17080.000000 3.147358 271.734782 -0.441944 0.309238
17100.000000 3.132345 271.818691 -0.423461 0.301912
17120.000000 3.118119 271.900973 -0.404381 0.294719
17140.000000 3.104663 271.981633 -0.384784 0.287670
17160.000000 3.091957 272.060679 -0.364744 0.280780
17180.000000 3.079980 272.138126 -0.344327 0.274059
17200.000000 3.068711 272.213992 -0.323597 0.267518
17220.000000 3.058128 272.288301 -0.302610 0.261169
17240.000000 3.048208 272.361082 -0.281417 0.255021
17260.000000 3.038928 272.432370 -0.260063 0.249084
17280.000000 3.030265 272.502201 -0.238590 0.243367
17300.000000 3.022195 272.570618 -0.217034 0.237877
17320.000000 3.014696 272.637668 -0.195425 0.232623
17340.000000 3.007744 272.703399 -0.173792 0.227611
17360.000000 3.001318 272.767866 -0.152156 0.222849
17380.000000 2.995396 272.831125 -0.130536 0.218341
17400.000000 2.989957 272.893235 -0.108948 0.214092
17420.000000 2.984980 272.954258 -0.087403 0.210109
17440.000000 2.980448 273.014261 -0.065910 0.206395
17460.000000 2.976342 273.073309 -0.044474 0.202954
17480.000000 2.972645 273.131472 -0.023097 0.199790
17500.000000 2.969342 273.188820 -0.001781 0.196905
17520.000000 2.966419 273.245428 0.019477 0.194303
17540.000000 2.963862 273.301369 0.040681 0.191987
17560.000000 2.961661 273.356719 0.061837 0.189957
17580.000000 2.959805 273.411554 0.082952 0.188217
17600.000000 2.958286 273.465954 0.104035 0.186769
17620.000000 2.957097 273.519996 0.125096 0.185613
17640.000000 2.956233 273.573760 0.146147 0.184752
17660.000000 2.955689 273.627327 0.167199 0.184187
17680.000000 2.955465 273.680778 0.188265 0.183918
17700.000000 2.955559 273.734193 0.209358 0.183948
17720.000000 2.955972 273.787654 0.230492 0.184277
17740.000000 2.956709 273.841244 0.251680 0.184905
17760.000000 2.957772 273.895043 0.272936 0.185835
17780.000000 2.959169 273.949134 0.294274 0.187065
17800.000000 2.960907 274.003598 0.315706 0.188597
17820.000000 2.962997 274.058517 0.337245 0.190431
17840.000000 2.965450 274.113971 0.358902 0.192567
17860.000000 2.968279 274.170040 0.380688 0.195005
17880.000000 2.971500 274.226805 0.402611 0.197744
17900.000000 2.975129 274.284343 0.424680 0.200783
17920.000000 2.979184 274.342731 0.446900 0.204123
17940.000000 2.983685 274.402046 0.469276 0.207760
17960.000000 2.988656 274.462363 0.491808 0.211694
17980.000000 2.994117 274.523753 0.514496 0.215923
18000.000000 3.000096 274.586287 0.537336 0.220442
18020.000000 3.006617 274.650033 0.560320 0.225250
18040.000000 3.013707 274.715057 0.583438 0.230341
18060.000000 3.021397 274.781421 0.606675 0.235711
18080.000000 3.029714 274.849184 0.630012 0.241355
18100.000000 3.038690 274.918401 0.653426 0.247266
18120.000000 3.048354 274.989124 0.676887 0.253437
18140.000000 3.058739 275.061401 0.700362 0.259859
18160.000000 3.069875 275.135273 0.723810 0.266524
18180.000000 3.081793 275.210779 0.747186 0.273422
18200.000000 3.094524 275.287949 0.770438 0.280540
18220.000000 3.108096 275.366811 0.793506 0.287868
18240.000000 3.122537 275.447385 0.816325 0.295391
18260.000000 3.137874 275.529686 0.838821 0.303096
18280.000000 3.154130 275.613720 0.860914 0.310966
18300.000000 3.171326 275.699491 0.882514 0.318987
18320.000000 3.189479 275.786991 0.903528 0.327140
18340.000000 3.208605 275.876209 0.923851 0.335407
18360.000000 3.228712 275.967127 0.943373 0.343770
18380.000000 3.249807 276.059719 0.961976 0.352209
18400.000000 3.271888 276.153952 0.979533 0.360705
18420.000000 3.294950 276.249789 0.995914 0.369235
18440.000000 3.318980 276.347185 1.010980 0.377780
18460.000000 3.343961 276.446090 1.024587 0.386318
18480.000000 3.369866 276.546448 1.036584 0.394828
18500.000000 3.396660 276.648201 1.046819 0.403288
18520.000000 3.424302 276.751282 1.055133 0.411677
18540.000000 3.452739 276.855623 1.061365 0.419973
18560.000000 3.481911 276.961154 1.065355 0.428155
18580.000000 3.511745 277.067799 1.066939 0.436201
18600.000000 3.542159 277.175482 1.065957 0.444091
18620.000000 3.573057 277.284126 1.062250 0.451804
18640.000000 3.604330 277.393652 1.055667 0.459319
18660.000000 3.635857 277.503982 1.046062 0.466616
18680.000000 3.667499 277.615039 1.033299 0.473673
18700.000000 3.699100 277.726744 1.017256 0.480470
18720.000000 3.730491 277.839025 0.997827 0.486985
18740.000000 3.761480 277.951808 0.974924 0.493199
18760.000000 3.791861 278.065025 0.948484 0.499089
18780.000000 3.821409 278.178610 0.918469 0.504633
18800.000000 3.849881 278.292501 0.884873 0.509811
18820.000000 3.877024 278.406643 0.847723 0.514599
18840.000000 3.902574 278.520981 0.807086 0.518976
18860.000000 3.926259 278.635471 0.763066 0.522922
18880.000000 3.947813 278.750069 0.715815 0.526415
18900.000000 3.966974 278.864740 0.665528 0.529439
18920.000000 3.983498 278.979451 0.612447 0.531978
18940.000000 3.997165 279.094178 0.556861 0.534017
18960.000000 4.007785 279.208898 0.499103 0.535548
18980.000000 4.015208 279.323596 0.439550 0.536564
19000.000000 4.019325 279.438258 0.378615 0.537062
19020.000000 4.020078 279.552876 0.316739 0.537043
19040.000000 4.017455 279.667444 0.254385 0.536511
19060.000000 4.011497 279.781955 0.192027 0.535473
19080.000000 4.002292 279.896404 0.130137 0.533937
19100.000000 3.989974 280.010786 0.069177 0.531915
19120.000000 3.974719 280.125092 0.009585 0.529421
19140.000000 3.956738 280.239310 -0.048234 0.526469
19160.000000 3.936271 280.353425 -0.103912 0.523076
19180.000000 3.913580 280.467414 -0.157128 0.519262
19200.000000 3.888941 280.581253 -0.207607 0.515047
19220.000000 3.862635 280.694908 -0.255126 0.510453
19240.000000 3.834943 280.808344 -0.299509 0.505503
19260.000000 3.806139 280.921516 -0.340627 0.500219
19280.000000 3.776484 281.034377 -0.378397 0.494626
19300.000000 3.746221 281.146874 -0.412775 0.488746
19320.000000 3.715574 281.258950 -0.443751 0.482602
19340.000000 3.684742 281.370546 -0.471349 0.476217
19360.000000 3.653906 281.481597 -0.495619 0.469612
19380.000000 3.623220 281.592038 -0.516635 0.462807
19400.000000 3.592822 281.701803 -0.534487 0.455822
19420.000000 3.562825 281.810821 -0.549284 0.448674
19440.000000 3.533326 281.919026 -0.561142 0.441381
19460.000000 3.504408 282.026348 -0.570191 0.433961
19480.000000 3.476137 282.132719 -0.576563 0.426428
19500.000000 3.448568 282.238073 -0.580396 0.418799
19520.000000 3.421745 282.342344 -0.581832 0.411089
19540.000000 3.395703 282.445470 -0.581012 0.403312
19560.000000 3.370469 282.547390 -0.578077 0.395484
19580.000000 3.346065 282.648047 -0.573167 0.387617
19600.000000 3.322506 282.747385 -0.566418 0.379728
19620.000000 3.299802 282.845355 -0.557968 0.371829
19640.000000 3.277959 282.941909 -0.547945 0.363936
19660.000000 3.256980 283.037004 -0.536479 0.356063
19680.000000 3.236864 283.130602 -0.523691 0.348223
19700.000000 3.217608 283.222669 -0.509700 0.340432
19720.000000 3.199205 283.313177 -0.494619 0.332703
19740.000000 3.181647 283.402101 -0.478556 0.325051
19760.000000 3.164922 283.489423 -0.461615 0.317489
19780.000000 3.149018 283.575129 -0.443891 0.310032
19800.000000 3.133919 283.659212 -0.425476 0.302693
19820.000000 3.119610 283.741669 -0.406457 0.295484
19840.000000 3.106072 283.822503 -0.386912 0.288420
19860.000000 3.093286 283.901722 -0.366915 0.281512
19880.000000 3.081232 283.979339 -0.346536 0.274772
19900.000000 3.069888 284.055374 -0.325837 0.268212
19920.000000 3.059233 284.129849 -0.304875 0.261842
19940.000000 3.049242 284.202793 -0.283702 0.255672
19960.000000 3.039895 284.274239 -0.262363 0.249711
19980.000000 3.031166 284.344225 -0.240901 0.243970
20000.000000 3.023034 284.412792 -0.219352 0.238456
20020.000000 3.015475 284.479986 -0.197748 0.233176
20040.000000 3.008465 284.545857 -0.176116 0.228138
20060.000000 3.001984 284.610457 -0.154480 0.223348
20080.000000 2.996008 284.673842 -0.132857 0.218812
20100.000000 2.990518 284.736073 -0.111265 0.214536
20120.000000 2.985493 284.797210 -0.089715 0.210524
20140.000000 2.980914 284.857319 -0.068216 0.206781
20160.000000 2.976763 284.916466 -0.046773 0.203311
20180.000000 2.973023 284.974721 -0.025390 0.200117
20200.000000 2.969679 285.032153 -0.004068 0.197202
20220.000000 2.966715 285.088837 0.017197 0.194569
20240.000000 2.964120 285.144846 0.038406 0.192222
20260.000000 2.961881 285.200256 0.059567 0.190161
20280.000000 2.959988 285.255143 0.080686 0.188390
20300.000000 2.958433 285.309585 0.101772 0.186910
20320.000000 2.957209 285.363662 0.122835 0.185723
20340.000000 2.956310 285.417452 0.143886 0.184830
20360.000000 2.955732 285.471037 0.164937 0.184233
20380.000000 2.955474 285.524496 0.186001 0.183933
20400.000000 2.955533 285.577911 0.207090 0.183930
20420.000000 2.955913 285.631363 0.228219 0.184227
20440.000000 2.956614 285.684935 0.249401 0.184823
20460.000000 2.957642 285.738708 0.270650 0.185720
20480.000000 2.959003 285.792764 0.291978 0.186918
20500.000000 2.960704 285.847184 0.313399 0.188418
20520.000000 2.962756 285.902050 0.334926 0.190220
20540.000000 2.965169 285.957442 0.356570 0.192323
20560.000000 2.967957 286.013442 0.378341 0.194728
20580.000000 2.971135 286.070128 0.400249 0.197435
20600.000000 2.974719 286.127579 0.422302 0.200442
20620.000000 2.978727 286.185873 0.444506 0.203750
20640.000000 2.983180 286.245085 0.466865 0.207355
20660.000000 2.988099 286.305290 0.489380 0.211258
20680.000000 2.993506 286.366561 0.512052 0.215454
20700.000000 2.999428 286.428969 0.534875 0.219943
20720.000000 3.005889 286.492582 0.557845 0.224720
20740.000000 3.012918 286.557466 0.580949 0.229781
20760.000000 3.020541 286.623683 0.604174 0.235121
20780.000000 3.028790 286.691292 0.627502 0.240736
20800.000000 3.037693 286.760351 0.650908 0.246618
20820.000000 3.047282 286.830910 0.674366 0.252762
20840.000000 3.057588 286.903018 0.697841 0.259158
20860.000000 3.068642 286.976717 0.721294 0.265797
20880.000000 3.080475 287.052045 0.744681 0.272670
20900.000000 3.093117 287.129036 0.767948 0.279765
20920.000000 3.106597 287.207715 0.791039 0.287071
20940.000000 3.120944 287.288104 0.813888 0.294574
20960.000000 3.136183 287.370219 0.836423 0.302260
20980.000000 3.152339 287.454067 0.858562 0.310113
21000.000000 3.169433 287.539651 0.880221 0.318119
21020.000000 3.187483 287.626966 0.901302 0.326258
21040.000000 3.206504 287.716001 0.921705 0.334514
21060.000000 3.226505 287.806737 0.941318 0.342868
21080.000000 3.247493 287.899150 0.960025 0.351300
21100.000000 3.269469 287.993209 0.977702 0.359790
21120.000000 3.292426 288.088875 0.994216 0.368318
21140.000000 3.316353 288.186106 1.009429 0.376862
21160.000000 3.341233 288.284852 1.023200 0.385402
21180.000000 3.367040 288.385057 1.035377 0.393916
21200.000000 3.393741 288.486662 1.045809 0.402383
21220.000000 3.421294 288.589604 1.054337 0.410780
21240.000000 3.449648 288.693814 1.060800 0.419087
21260.000000 3.478744 288.799220 1.065039 0.427282
21280.000000 3.508511 288.905749 1.066889 0.435344
21300.000000 3.538867 289.013324 1.066190 0.443252
21320.000000 3.569718 289.121869 1.062784 0.450985
21340.000000 3.600957 289.231304 1.056517 0.458522
21360.000000 3.632463 289.341552 1.047243 0.465843
21380.000000 3.664099 289.452534 1.034825 0.472927
21400.000000 3.695713 289.564173 1.019140 0.479753
21420.000000 3.727135 289.676396 1.000079 0.486300
21440.000000 3.758177 289.789128 0.977553 0.492547
21460.000000 3.788634 289.902302 0.951495 0.498472
21480.000000 3.818282 290.015850 0.921865 0.504055
21500.000000 3.846882 290.129711 0.888652 0.509273
21520.000000 3.874181 290.243828 0.851882 0.514104
21540.000000 3.899914 290.358148 0.811615 0.518526
21560.000000 3.923813 290.472624 0.767952 0.522519
21580.000000 3.945608 290.587212 0.721040 0.526062
21600.000000 3.965038 290.701876 0.671068 0.529138
21620.000000 3.981856 290.816585 0.618274 0.531729
21640.000000 3.995840 290.931311 0.562942 0.533822
21660.000000 4.006795 291.046033 0.505400 0.535408
21680.000000 4.014567 291.160734 0.446021 0.536479
21700.000000 4.019043 291.275400 0.385213 0.537033
21720.000000 4.020159 291.390024 0.323416 0.537070
21740.000000 4.017897 291.504597 0.261091 0.536593
21760.000000 4.012294 291.619114 0.198711 0.535609
21780.000000 4.003432 291.733570 0.136748 0.534126
21800.000000 3.991441 291.847960 0.075667 0.532156
21820.000000 3.976492 291.962275 0.015907 0.529711
21840.000000 3.958793 292.076503 -0.042120 0.526807
21860.000000 3.938581 292.190629 -0.098044 0.523461
21880.000000 3.916116 292.304633 -0.151538 0.519692
21900.000000 3.891672 292.418489 -0.202323 0.515519
21920.000000 3.865532 292.532166 -0.250169 0.510964
21940.000000 3.837975 292.645627 -0.294896 0.506051
21960.000000 3.809279 292.758830 -0.336370 0.500802
21980.000000 3.779703 292.871727 -0.374503 0.495241
22000.000000 3.749494 292.984266 -0.409245 0.489390
22020.000000 3.718878 293.096390 -0.440586 0.483274
22040.000000 3.688057 293.208040 -0.468545 0.476914
22060.000000 3.657213 293.319153 -0.493170 0.470332
22080.000000 3.626505 293.429663 -0.514531 0.463547
22100.000000 3.596069 293.539503 -0.532718 0.456580
22120.000000 3.566024 293.648605 -0.547837 0.449449
22140.000000 3.536468 293.756901 -0.560006 0.442171
22160.000000 3.507485 293.864321 -0.569349 0.434763
22180.000000 3.479141 293.970797 -0.576002 0.427242
22200.000000 3.451494 294.076263 -0.580102 0.419623
22220.000000 3.424589 294.180654 -0.581789 0.411921
22240.000000 3.398462 294.283906 -0.581204 0.404150
22260.000000 3.373140 294.385959 -0.578489 0.396327
22280.000000 3.348646 294.486754 -0.573784 0.388464
22300.000000 3.324995 294.586236 -0.567227 0.380576
22320.000000 3.302199 294.684355 -0.558953 0.372678
22340.000000 3.280264 294.781063 -0.549093 0.364783
22360.000000 3.259192 294.876317 -0.537776 0.356907
22380.000000 3.238984 294.970078 -0.525124 0.349063
22400.000000 3.219635 295.062311 -0.511257 0.341266
22420.000000 3.201141 295.152987 -0.496288 0.333530
22440.000000 3.183493 295.242082 -0.480326 0.325869
22460.000000 3.166679 295.329577 -0.463474 0.318297
22480.000000 3.150687 295.415457 -0.445829 0.310827
22500.000000 3.135503 295.499715 -0.427485 0.303475
22520.000000 3.121110 295.582346 -0.408526 0.296252
22540.000000 3.107490 295.663354 -0.389034 0.289172
22560.000000 3.094624 295.742746 -0.369083 0.282246
22580.000000 3.082493 295.820535 -0.348742 0.275488
22600.000000 3.071073 295.896738 -0.328074 0.268908
22620.000000 3.060345 295.971380 -0.307138 0.262516
22640.000000 3.050284 296.044487 -0.285985 0.256324
22660.000000 3.040869 296.116092 -0.264662 0.250341
22680.000000 3.032075 296.186233 -0.243211 0.244576
22700.000000 3.023880 296.254950 -0.221670 0.239037
22720.000000 3.016260 296.322289 -0.200070 0.233732
22740.000000 3.009192 296.388299 -0.178440 0.228667
22760.000000 3.002655 296.453033 -0.156803 0.223851
22780.000000 2.996627 296.516546 -0.135179 0.219287
22800.000000 2.991085 296.578898 -0.113583 0.214983
22820.000000 2.986011 296.640150 -0.092028 0.210942
22840.000000 2.981385 296.700366 -0.070523 0.207170
22860.000000 2.977189 296.759613 -0.049074 0.203670
22880.000000 2.973406 296.817960 -0.027684 0.200446
22900.000000 2.970019 296.875478 -0.006355 0.197501
22920.000000 2.967016 296.932239 0.014915 0.194838
22940.000000 2.964381 296.988317 0.036131 0.192460
22960.000000 2.962104 297.043787 0.057296 0.190369
22980.000000 2.960175 297.098726 0.078419 0.188567
23000.000000 2.958584 297.153213 0.099508 0.187055
23020.000000 2.957325 297.207325 0.120573 0.185837
23040.000000 2.956391 297.261142 0.141625 0.184912
23060.000000 2.955779 297.314745 0.162675 0.184283
23080.000000 2.955486 297.368213 0.183737 0.183951
23100.000000 2.955512 297.421629 0.204823 0.183916
23120.000000 2.955856 297.475074 0.225947 0.184181
23140.000000 2.956523 297.528629 0.247123 0.184745
23160.000000 2.957516 297.582376 0.268364 0.185610
23180.000000 2.958840 297.636398 0.289683 0.186775
23200.000000 2.960505 297.690775 0.311094 0.188243
23220.000000 2.962518 297.745589 0.332609 0.190012
23240.000000 2.964892 297.800921 0.354239 0.192083
23260.000000 2.967639 297.856852 0.375996 0.194455
23280.000000 2.970774 297.913460 0.397889 0.197130
23300.000000 2.974314 297.970825 0.419926 0.200105
23320.000000 2.978276 298.029025 0.442114 0.203380
23340.000000 2.982680 298.088135 0.464456 0.206954
23360.000000 2.987547 298.148230 0.486954 0.210824
23380.000000 2.992901 298.209383 0.509609 0.214990
23400.000000 2.998767 298.271666 0.532417 0.219447
23420.000000 3.005169 298.335146 0.555371 0.224193
23440.000000 3.012135 298.399890 0.578461 0.229223
23460.000000 3.019693 298.465961 0.601674 0.234534
23480.000000 3.027873 298.533418 0.624992 0.240120
23500.000000 3.036704 298.602319 0.648391 0.245974
23520.000000 3.046218 298.672714 0.671845 0.252090
23540.000000 3.056446 298.744654 0.695320 0.258459
23560.000000 3.067418 298.818180 0.718777 0.265072
23580.000000 3.079165 298.893331 0.742173 0.271921
23600.000000 3.091719 298.970142 0.765457 0.278993
23620.000000 3.105108 299.048638 0.788570 0.286277
23640.000000 3.119360 299.128843 0.811448 0.293759
23660.000000 3.134503 299.210772 0.834020 0.301426
23680.000000 3.150559 299.294434 0.856206 0.309262
23700.000000 3.167551 299.379831 0.877920 0.317252
23720.000000 3.185498 299.466961 0.899069 0.325378
23740.000000 3.204414 299.555812 0.919549 0.333622
23760.000000 3.224310 299.646366 0.939253 0.341967
23780.000000 3.245192 299.738601 0.958063 0.350391
23800.000000 3.267061 299.832484 0.975856 0.358876
23820.000000 3.289913 299.927980 0.992502 0.367401
23840.000000 3.313737 300.025045 1.007862 0.375944
23860.000000 3.338516 300.123631 1.021794 0.384486
23880.000000 3.364225 300.223682 1.034150 0.393003
23900.000000 3.390831 300.325140 1.044777 0.401476
23920.000000 3.418295 300.427941 1.053517 0.409882
23940.000000 3.446566 300.532018 1.060210 0.418200
23960.000000 3.475586 300.637299 1.064695 0.426408
23980.000000 3.505284 300.743711 1.066809 0.434485
24000.000000 3.535581 300.851178 1.066392 0.442411
24020.000000 3.566384 300.959622 1.063284 0.450163
24040.000000 3.597586 301.068966 1.057331 0.457723
24060.000000 3.629070 301.179130 1.048387 0.465068
24080.000000 3.660699 301.290036 1.036313 0.472178
24100.000000 3.692323 301.401609 1.020985 0.479032
24120.000000 3.723775 301.513772 1.002291 0.485610
24140.000000 3.754867 301.626454 0.980140 0.491891
24160.000000 3.785397 301.739583 0.954464 0.497852
24180.000000 3.815143 301.853094 0.925219 0.503472
24200.000000 3.843868 301.966924 0.892391 0.508730
24220.000000 3.871319 302.081017 0.856001 0.513604
24240.000000 3.897233 302.195317 0.816105 0.518071
24260.000000 3.921342 302.309778 0.772801 0.522111
24280.000000 3.943375 302.424356 0.726229 0.525704
24300.000000 3.963072 302.539014 0.676576 0.528830
24320.000000 3.980182 302.653719 0.624072 0.531474
24340.000000 3.994480 302.768444 0.568997 0.533621
24360.000000 4.005769 302.883168 0.511676 0.535262
24380.000000 4.013889 302.997871 0.452475 0.536389
24400.000000 4.018723 303.112542 0.391800 0.536998
24420.000000 4.020201 303.227170 0.330087 0.537091
24440.000000 4.018302 303.341749 0.267796 0.536669
24460.000000 4.013054 303.456273 0.205399 0.535738
24480.000000 4.004537 303.570736 0.143370 0.534309
24500.000000 3.992874 303.685133 0.082172 0.532390
24520.000000 3.978234 303.799456 0.022250 0.529996
24540.000000 3.960819 303.913694 -0.035982 0.527141
24560.000000 3.940865 304.027833 -0.092149 0.523841
24580.000000 3.918629 304.141851 -0.145918 0.520116
24600.000000 3.894384 304.255724 -0.197006 0.515986
24620.000000 3.868412 304.369422 -0.245177 0.511471
24640.000000 3.840995 304.482908 -0.290246 0.506595
24660.000000 3.812408 304.596141 -0.332074 0.501381
24680.000000 3.782914 304.709073 -0.370569 0.495852
24700.000000 3.752762 304.821653 -0.405677 0.490032
24720.000000 3.722179 304.933825 -0.437382 0.483943
24740.000000 3.691372 305.045529 -0.465703 0.477608
24760.000000 3.660522 305.156702 -0.490683 0.471049
24780.000000 3.629792 305.267280 -0.512390 0.464285
24800.000000 3.599322 305.377196 -0.530914 0.457337
24820.000000 3.569230 305.486380 -0.546357 0.450222
24840.000000 3.539617 305.594766 -0.558836 0.442959
24860.000000 3.510568 305.702283 -0.568477 0.435565
24880.000000 3.482153 305.808864 -0.575413 0.428055
24900.000000 3.454429 305.914442 -0.579780 0.420445
24920.000000 3.427442 306.018951 -0.581719 0.412752
24940.000000 3.401230 306.122329 -0.581372 0.404988
24960.000000 3.375821 306.224513 -0.578879 0.397169
24980.000000 3.351237 306.325445 -0.574381 0.389310
25000.000000 3.327495 306.425072 -0.568016 0.381424
25020.000000 3.304606 306.523339 -0.559920 0.373526
25040.000000 3.282578 306.620201 -0.550224 0.365631
25060.000000 3.261414 306.715613 -0.539057 0.357752
25080.000000 3.241113 306.809536 -0.526543 0.349904
25100.000000 3.221673 306.901934 -0.512801 0.342101
25120.000000 3.203087 306.992779 -0.497945 0.334357
25140.000000 3.185348 307.082045 -0.482085 0.326687
25160.000000 3.168445 307.169712 -0.465323 0.319105
25180.000000 3.152366 307.255767 -0.447760 0.311624
25200.000000 3.137096 307.340199 -0.429486 0.304259
25220.000000 3.122618 307.423005 -0.410589 0.297021
25240.000000 3.108916 307.504187 -0.391151 0.289925
25260.000000 3.095971 307.583752 -0.371246 0.282982
25280.000000 3.083761 307.661712 -0.350943 0.276205
25300.000000 3.072266 307.738085 -0.330308 0.269606
25320.000000 3.061465 307.812893 -0.309398 0.263194
25340.000000 3.051334 307.886163 -0.288266 0.256980
25360.000000 3.041850 307.957928 -0.266959 0.250974
25380.000000 3.032990 308.028224 -0.245520 0.245185
25400.000000 3.024732 308.097092 -0.223987 0.239621
25420.000000 3.017051 308.164577 -0.202392 0.234290
25440.000000 3.009926 308.230728 -0.180764 0.229199
25460.000000 3.003333 308.295596 -0.159127 0.224356
25480.000000 2.997250 308.359238 -0.137500 0.219765
25500.000000 2.991658 308.421711 -0.115901 0.215433
25520.000000 2.986535 308.483078 -0.094341 0.211364
25540.000000 2.981861 308.543402 -0.072830 0.207562
25560.000000 2.977620 308.602750 -0.051375 0.204033
25580.000000 2.973793 308.661191 -0.029979 0.200779
25600.000000 2.970365 308.718794 -0.008643 0.197804
25620.000000 2.967320 308.775632 0.012633 0.195111
25640.000000 2.964647 308.831780 0.033854 0.192702
25660.000000 2.962332 308.887312 0.055025 0.190580
25680.000000 2.960366 308.942305 0.076152 0.188746
25700.000000 2.958739 308.996836 0.097244 0.187204
25720.000000 2.957444 309.050985 0.118311 0.185953
25740.000000 2.956476 309.104830 0.139364 0.184997
25760.000000 2.955830 309.158452 0.160414 0.184336
25780.000000 2.955502 309.211931 0.181474 0.183972
25800.000000 2.955494 309.265348 0.202557 0.183906
25820.000000 2.955804 309.318786 0.223676 0.184138
25840.000000 2.956436 309.372325 0.244846 0.184670
25860.000000 2.957393 309.426048 0.266079 0.185502
25880.000000 2.958682 309.480036 0.287389 0.186636
25900.000000 2.960309 309.534371 0.308789 0.188070
25920.000000 2.962285 309.589134 0.330292 0.189807
25940.000000 2.964619 309.644407 0.351910 0.191846
25960.000000 2.967326 309.700270 0.373653 0.194186
25980.000000 2.970418 309.756801 0.395531 0.196828
26000.000000 2.973914 309.814082 0.417552 0.199771
26020.000000 2.977829 309.872188 0.439723 0.203014
26040.000000 2.982185 309.931196 0.462048 0.206556
26060.000000 2.987002 309.991182 0.484530 0.210394
26080.000000 2.992302 310.052218 0.507168 0.214528
26100.000000 2.998111 310.114376 0.529960 0.218954
26120.000000 3.004454 310.177724 0.552899 0.223669
26140.000000 3.011358 310.242330 0.575975 0.228670
26160.000000 3.018852 310.308255 0.599176 0.233951
26180.000000 3.026963 310.375561 0.622483 0.239507
26200.000000 3.035724 310.444304 0.645875 0.245333
26220.000000 3.045163 310.514536 0.669324 0.251420
26240.000000 3.055312 310.586308 0.692798 0.257763
26260.000000 3.066203 310.659661 0.716260 0.264351
26280.000000 3.077866 310.734637 0.739665 0.271174
26300.000000 3.090331 310.811268 0.762963 0.278223
26320.000000 3.103629 310.889582 0.786097 0.285485
26340.000000 3.117787 310.969603 0.809004 0.292946
26360.000000 3.132833 311.051346 0.831612 0.300594
26380.000000 3.148790 311.134821 0.853844 0.308413
26400.000000 3.165681 311.220032 0.875613 0.316387
26420.000000 3.183524 311.306976 0.896827 0.324499
26440.000000 3.202335 311.395643 0.917385 0.332732
26460.000000 3.222126 311.486015 0.937177 0.341066
26480.000000 3.242901 311.578071 0.956089 0.349483
26500.000000 3.264665 311.671779 0.973998 0.357962
26520.000000 3.287412 311.767104 0.990773 0.366484
26540.000000 3.311132 311.864002 1.006278 0.375026
26560.000000 3.335809 311.962427 1.020371 0.383569
26580.000000 3.361420 312.062323 1.032903 0.392090
26600.000000 3.387931 312.163633 1.043723 0.400569
26620.000000 3.415305 312.266293 1.052673 0.408983
26640.000000 3.443492 312.370236 1.059594 0.417311
26660.000000 3.472435 312.475392 1.064324 0.425532
26680.000000 3.502064 312.581686 1.066701 0.433624
26700.000000 3.532301 312.689043 1.066563 0.441567
26720.000000 3.563054 312.797386 1.063752 0.449340
26740.000000 3.594219 312.906637 1.058112 0.456921
26760.000000 3.625679 313.016716 1.049496 0.464290
26780.000000 3.657299 313.127547 1.037764 0.471426
26800.000000 3.688932 313.239052 1.022791 0.478309
26820.000000 3.720410 313.351155 1.004463 0.484918
26840.000000 3.751551 313.463784 0.982688 0.491231
26860.000000 3.782152 313.576869 0.957393 0.497228
26880.000000 3.811993 313.690342 0.928532 0.502886
26900.000000 3.840839 313.804141 0.896089 0.508184
26920.000000 3.868439 313.918207 0.860079 0.513100
26940.000000 3.894531 314.032488 0.820556 0.517612
26960.000000 3.918847 314.146934 0.777612 0.521699
26980.000000 3.941116 314.261501 0.731383 0.525340
27000.000000 3.961076 314.376152 0.682050 0.528517
27020.000000 3.978475 314.490854 0.629840 0.531214
27040.000000 3.993085 314.605578 0.575026 0.533415
27060.000000 4.004706 314.720302 0.517929 0.535110
27080.000000 4.013172 314.835009 0.458912 0.536293
27100.000000 4.018364 314.949684 0.398375 0.536958
27120.000000 4.020204 315.064317 0.336752 0.537105
27140.000000 4.018667 315.178901 0.274500 0.536738
27160.000000 4.013776 315.293431 0.212092 0.535862
27180.000000 4.005605 315.407901 0.150000 0.534486
27200.000000 3.994273 315.522305 0.088692 0.532619
27220.000000 3.979943 315.636637 0.028612 0.530275
27240.000000 3.962816 315.750885 -0.029820 0.527469
27260.000000 3.943122 315.865035 -0.086225 0.524216
27280.000000 3.921118 315.979067 -0.140267 0.520536
27300.000000 3.897076 316.092958 -0.191654 0.516448
27320.000000 3.871276 316.206676 -0.240149 0.511974
27340.000000 3.844001 316.320187 -0.285558 0.507135
27360.000000 3.815526 316.433449 -0.327740 0.501957
27380.000000 3.786118 316.546415 -0.366596 0.496460
27400.000000 3.756026 316.659036 -0.402069 0.490670
27420.000000 3.725479 316.771254 -0.434140 0.484609
27440.000000 3.694686 316.883011 -0.462822 0.478300
27460.000000 3.663833 316.994245 -0.488158 0.471764
27480.000000 3.633083 317.104890 -0.510213 0.465021
27500.000000 3.602578 317.214880 -0.529074 0.458091
27520.000000 3.572440 317.324146 -0.544843 0.450994
27540.000000 3.542772 317.432621 -0.557634 0.443746
27560.000000 3.513659 317.540235 -0.567574 0.436365
27580.000000 3.485173 317.646919 -0.574793 0.428867
27600.000000 3.457372 317.752608 -0.579430 0.421267
27620.000000 3.430304 317.857236 -0.581623 0.413582
27640.000000 3.404007 317.960737 -0.581514 0.405825
27660.000000 3.378510 318.063053 -0.579245 0.398011
27680.000000 3.353837 318.164122 -0.574956 0.390155
27700.000000 3.330004 318.263891 -0.568785 0.382272
27720.000000 3.307024 318.362307 -0.560869 0.374375
27740.000000 3.284903 318.459322 -0.551338 0.366478
27760.000000 3.263646 318.554892 -0.540324 0.358597
27780.000000 3.243252 318.648976 -0.527948 0.350745
27800.000000 3.223720 318.741540 -0.514332 0.342936
27820.000000 3.205043 318.832553 -0.499591 0.335186
27840.000000 3.187213 318.921990 -0.483833 0.327507
27860.000000 3.170221 319.009830 -0.467164 0.319915
27880.000000 3.154054 319.096058 -0.449682 0.312423
27900.000000 3.138698 319.180664 -0.431480 0.305044
27920.000000 3.124136 319.263645 -0.412646 0.297792
27940.000000 3.110352 319.345002 -0.393262 0.290680
27960.000000 3.097326 319.424740 -0.373404 0.283720
27980.000000 3.085038 319.502872 -0.353141 0.276925
28000.000000 3.073467 319.579414 -0.332539 0.270306
28020.000000 3.062592 319.654388 -0.311655 0.263873
28040.000000 3.052390 319.727822 -0.290544 0.257637
28060.000000 3.042838 319.799747 -0.269254 0.251609
28080.000000 3.033913 319.870199 -0.247828 0.245796
28100.000000 3.025591 319.939219 -0.226303 0.240207
28120.000000 3.017849 320.006850 -0.204714 0.234851
28140.000000 3.010665 320.073141 -0.183088 0.229735
28160.000000 3.004016 320.138145 -0.161451 0.224864
28180.000000 2.997880 320.201915 -0.139822 0.220246
28200.000000 2.992236 320.264511 -0.118219 0.215885
28220.000000 2.987063 320.325994 -0.096654 0.211788
28240.000000 2.982342 320.386427 -0.075138 0.207958
28260.000000 2.978055 320.445877 -0.053676 0.204399
28280.000000 2.974185 320.504411 -0.032274 0.201115
28300.000000 2.970714 320.562101 -0.010932 0.198110
28320.000000 2.967629 320.619018 0.010351 0.195387
28340.000000 2.964917 320.675236 0.031578 0.192947
28360.000000 2.962564 320.730831 0.052753 0.190794
28380.000000 2.960561 320.785878 0.073885 0.188929
28400.000000 2.958898 320.840455 0.094980 0.187355
28420.000000 2.957568 320.894641 0.116049 0.186074
28440.000000 2.956565 320.948515 0.137103 0.185086
28460.000000 2.955884 321.002157 0.158153 0.184393
28480.000000 2.955522 321.055647 0.179211 0.183997
28500.000000 2.955479 321.109068 0.200291 0.183899
28520.000000 2.955755 321.162499 0.221406 0.184099
28540.000000 2.956353 321.216024 0.242569 0.184598
28560.000000 2.957275 321.269723 0.263795 0.185399
28580.000000 2.958527 321.323678 0.285096 0.186499
28600.000000 2.960118 321.377972 0.306486 0.187902
28620.000000 2.962056 321.432686 0.327977 0.189606
28640.000000 2.964351 321.487900 0.349582 0.191612
28660.000000 2.967017 321.543695 0.371311 0.193920
28680.000000 2.970067 321.600151 0.393175 0.196530
28700.000000 2.973518 321.657347 0.415180 0.199440
28720.000000 2.977388 321.715361 0.437335 0.202651
28740.000000 2.981695 321.774269 0.459643 0.206161
28760.000000 2.986461 321.834146 0.482108 0.209968
28780.000000 2.991709 321.895066 0.504729 0.214070
28800.000000 2.997462 321.957100 0.527505 0.218465
28820.000000 3.003747 322.020318 0.550428 0.223149
28840.000000 3.010589 322.084785 0.573490 0.228119
28860.000000 3.018018 322.150565 0.596678 0.233370
28880.000000 3.026062 322.217720 0.619975 0.238897
28900.000000 3.034751 322.286306 0.643359 0.244694
28920.000000 3.044115 322.356376 0.666803 0.250754
28940.000000 3.054187 322.427980 0.690277 0.257070
28960.000000 3.064996 322.501162 0.713742 0.263632
28980.000000 3.076575 322.575961 0.737155 0.270430
29000.000000 3.088953 322.652413 0.760467 0.277455
29020.000000 3.102160 322.730545 0.783622 0.284695
29040.000000 3.116224 322.810382 0.806556 0.292136
29060.000000 3.131174 322.891939 0.829200 0.299764
29080.000000 3.147032 322.975228 0.851477 0.307565
29100.000000 3.163821 323.060253 0.873300 0.315524
29120.000000 3.181562 323.147011 0.894578 0.323622
29140.000000 3.200268 323.235493 0.915211 0.331842
29160.000000 3.219953 323.325684 0.935091 0.340167
29180.000000 3.240623 323.417560 0.954104 0.348576
29200.000000 3.262280 323.511092 0.972126 0.357049
29220.000000 3.284922 323.606245 0.989029 0.365567
29240.000000 3.308538 323.702977 1.004678 0.374108
29260.000000 3.333114 323.801240 1.018929 0.382652
29280.000000 3.358625 323.900981 1.031637 0.391177
29300.000000 3.385042 324.002142 1.042648 0.399661
29320.000000 3.412325 324.104661 1.051806 0.408083
29340.000000 3.440428 324.208469 1.058953 0.416421
29360.000000 3.469292 324.313498 1.063926 0.424655
29380.000000 3.498851 324.419673 1.066563 0.432762
29400.000000 3.529027 324.526920 1.066703 0.440722
29420.000000 3.559729 324.635161 1.064186 0.448514
29440.000000 3.590855 324.744318 1.058858 0.456116
29460.000000 3.622289 324.854312 1.050568 0.463509
29480.000000 3.653900 324.965066 1.039178 0.470671
29500.000000 3.685538 325.076502 1.024558 0.477583
29520.000000 3.717042 325.188544 1.006595 0.484222
29540.000000 3.748228 325.301120 0.985194 0.490568
29560.000000 3.778897 325.414159 0.960280 0.496599
29580.000000 3.808831 325.527594 0.931803 0.502295
29600.000000 3.837796 325.641360 0.899745 0.507633
29620.000000 3.865542 325.755401 0.864116 0.512591
29640.000000 3.891809 325.869661 0.824967 0.517147
29660.000000 3.916329 325.984091 0.782385 0.521281
29680.000000 3.938831 326.098648 0.736501 0.524971
29700.000000 3.959051 326.213291 0.687491 0.528199
29720.000000 3.976736 326.327989 0.635578 0.530947
29740.000000 3.991656 326.442712 0.581029 0.533203
29760.000000 4.003606 326.557437 0.524161 0.534953
29780.000000 4.012418 326.672146 0.465331 0.536190
29800.000000 4.017966 326.786825 0.404937 0.536911
29820.000000 4.020168 326.901463 0.343409 0.537114
29840.000000 4.018994 327.016053 0.281203 0.536802
29860.000000 4.014461 327.130589 0.218788 0.535981
29880.000000 4.006637 327.245065 0.156640 0.534657
29900.000000 3.995637 327.359477 0.095225 0.532843
29920.000000 3.981620 327.473817 0.034993 0.530550
29940.000000 3.964783 327.588075 -0.023635 0.527792
29960.000000 3.945353 327.702236 -0.080275 0.524587
29980.000000 3.923584 327.816282 -0.134585 0.520951
30000.000000 3.899748 327.930189 -0.186270 0.516906
30020.000000 3.874123 328.043927 -0.235085 0.512472
30040.000000 3.846992 328.157462 -0.280833 0.507672
30060.000000 3.818634 328.270753 -0.323367 0.502528
30080.000000 3.789314 328.383754 -0.362584 0.497065
30100.000000 3.759283 328.496414 -0.398422 0.491306
30120.000000 3.728775 328.608679 -0.430858 0.485273
30140.000000 3.697999 328.720488 -0.459903 0.478989
30160.000000 3.667144 328.831781 -0.485595 0.472476
30180.000000 3.636376 328.942493 -0.507999 0.465754
30200.000000 3.605839 329.052556 -0.527198 0.458844
30220.000000 3.575657 329.161904 -0.543294 0.451764
30240.000000 3.545933 329.270466 -0.556399 0.444531
30260.000000 3.516757 329.378176 -0.566639 0.437163
30280.000000 3.488201 329.484964 -0.574144 0.429677
30300.000000 3.460324 329.590763 -0.579051 0.422088
30320.000000 3.433175 329.695507 -0.581500 0.414411
30340.000000 3.406794 329.799133 -0.581632 0.406661
30360.000000 3.381210 329.901578 -0.579588 0.398853
30380.000000 3.356447 330.002785 -0.575509 0.391001
30400.000000 3.332523 330.102696 -0.569534 0.383120
30420.000000 3.309451 330.201260 -0.561799 0.375223
30440.000000 3.287237 330.298427 -0.552436 0.367326
30460.000000 3.265887 330.394154 -0.541574 0.359442
30480.000000 3.245401 330.488400 -0.529339 0.351586
30500.000000 3.225776 330.581128 -0.515851 0.343773
30520.000000 3.207008 330.672309 -0.501225 0.336015
30540.000000 3.189088 330.761916 -0.485571 0.328328
30560.000000 3.172006 330.849928 -0.468995 0.320726
30580.000000 3.155751 330.936330 -0.451596 0.313222
30600.000000 3.140309 331.021111 -0.433467 0.305831
30620.000000 3.125662 331.104267 -0.414697 0.298564
30640.000000 3.111795 331.185797 -0.395368 0.291437
30660.000000 3.098689 331.265709 -0.375557 0.284460
30680.000000 3.086323 331.344013 -0.355335 0.277647
30700.000000 3.074676 331.420725 -0.334766 0.271008
30720.000000 3.063728 331.495866 -0.313910 0.264555
30740.000000 3.053455 331.569464 -0.292821 0.258297
30760.000000 3.043834 331.641550 -0.271548 0.252246
30780.000000 3.034842 331.712158 -0.250135 0.246409
30800.000000 3.026456 331.781329 -0.228619 0.240797
30820.000000 3.018654 331.849107 -0.207035 0.235415
30840.000000 3.011411 331.915540 -0.185412 0.230272
30860.000000 3.004705 331.980679 -0.163775 0.225375
30880.000000 2.998515 332.044580 -0.142144 0.220730
30900.000000 2.992819 332.107299 -0.120538 0.216341
30920.000000 2.987597 332.168898 -0.098968 0.212215
30940.000000 2.982828 332.229441 -0.077446 0.208356
30960.000000 2.978495 332.288993 -0.055979 0.204768
30980.000000 2.974581 332.347623 -0.034570 0.201455
31000.000000 2.971068 332.405400 -0.013221 0.198420
31020.000000 2.967943 332.462396 0.008068 0.195666
31040.000000 2.965191 332.518686 0.029300 0.193195
31060.000000 2.962800 332.574344 0.050481 0.191011
31080.000000 2.960759 332.629446 0.071617 0.189116
31100.000000 2.959060 332.684070 0.092716 0.187510
31120.000000 2.957695 332.738294 0.113787 0.186197
31140.000000 2.956657 332.792197 0.134842 0.185178
31160.000000 2.955941 332.845860 0.155892 0.184453
31180.000000 2.955546 332.899363 0.176949 0.184025
31200.000000 2.955469 332.952787 0.198025 0.183895
31220.000000 2.955710 333.006214 0.219136 0.184063
31240.000000 2.956273 333.059724 0.240293 0.184530
31260.000000 2.957160 333.113401 0.261511 0.185298
31280.000000 2.958377 333.167325 0.282804 0.186367
31300.000000 2.959931 333.221579 0.304184 0.187737
31320.000000 2.961831 333.276243 0.325664 0.189409
31340.000000 2.964087 333.331400 0.347256 0.191382
31360.000000 2.966712 333.387129 0.368971 0.193658
31380.000000 2.969721 333.443510 0.390820 0.196235
31400.000000 2.973128 333.500623 0.412809 0.199113
31420.000000 2.976952 333.558545 0.434948 0.202292
31440.000000 2.981211 333.617353 0.457240 0.205770
31460.000000 2.985927 333.677123 0.479688 0.209545
31480.000000 2.991122 333.737927 0.502292 0.213615
31500.000000 2.996819 333.799838 0.525051 0.217979
31520.000000 3.003045 333.862925 0.547959 0.222632
31540.000000 3.009827 333.927255 0.571007 0.227572
31560.000000 3.017191 333.992892 0.594182 0.232793
31580.000000 3.025167 334.059896 0.617468 0.238290
31600.000000 3.033786 334.128326 0.640844 0.244059
31620.000000 3.043076 334.198234 0.664283 0.250091
31640.000000 3.053070 334.269671 0.687755 0.256379
31660.000000 3.063799 334.342681 0.711223 0.262915
31680.000000 3.075294 334.417305 0.734644 0.269689
31700.000000 3.087584 334.493578 0.757970 0.276690
31720.000000 3.100701 334.571529 0.781144 0.283907
31740.000000 3.114672 334.651181 0.804106 0.291327
31760.000000 3.129525 334.732553 0.826785 0.298936
31780.000000 3.145284 334.815656 0.849104 0.306720
31800.000000 3.161973 334.900494 0.870980 0.314662
31820.000000 3.179610 334.987066 0.892322 0.322746
31840.000000 3.198212 335.075364 0.913029 0.330954
31860.000000 3.217791 335.165372 0.932996 0.339268
31880.000000 3.238355 335.257068 0.952107 0.347669
31900.000000 3.259907 335.350424 0.970242 0.356137
31920.000000 3.282443 335.445405 0.987272 0.364651
31940.000000 3.305955 335.541969 1.003061 0.373191
31960.000000 3.330429 335.640071 1.017470 0.381735
31980.000000 3.355841 335.739656 1.030350 0.390263
