0.000000 3.375923 21.285700 -0.778417 0.611826
20.000000 3.336795 21.442280 -0.776736 0.605813
40.000000 3.298792 21.599117 -0.770874 0.599745
60.000000 3.261940 21.756138 -0.761037 0.593635
80.000000 3.226262 21.913275 -0.747427 0.587495
100.000000 3.191779 22.070459 -0.730241 0.581340
120.000000 3.158515 22.227623 -0.709673 0.575185
140.000000 3.126499 22.384701 -0.685912 0.569049
160.000000 3.095758 22.541633 -0.659143 0.562949
180.000000 3.066326 22.698358 -0.629548 0.556910
200.000000 3.038238 22.854822 -0.597305 0.550954
220.000000 3.011532 23.010977 -0.562590 0.545108
240.000000 2.986246 23.166778 -0.525575 0.539400
260.000000 2.962421 23.322187 -0.486430 0.533860
280.000000 2.940097 23.477175 -0.445318 0.528520
300.000000 2.919311 23.631719 -0.402401 0.523411
320.000000 2.900102 23.785804 -0.357835 0.518568
340.000000 2.882504 23.939427 -0.311770 0.514022
360.000000 2.866550 24.092590 -0.264352 0.509807
380.000000 2.852271 24.245307 -0.215720 0.505955
400.000000 2.839694 24.397600 -0.166011 0.502496
420.000000 2.828846 24.549501 -0.115352 0.499460
440.000000 2.819748 24.701049 -0.063868 0.496871
460.000000 2.812424 24.852292 -0.011679 0.494756
480.000000 2.806893 25.003284 0.041100 0.493133
500.000000 2.803176 25.154085 0.094357 0.492021
520.000000 2.801291 25.304760 0.147983 0.491433
540.000000 2.801256 25.455376 0.201869 0.491379
560.000000 2.803091 25.606002 0.255909 0.491865
580.000000 2.806812 25.756708 0.309993 0.492893
600.000000 2.812439 25.907562 0.364014 0.494459
620.000000 2.819987 26.058628 0.417858 0.496555
640.000000 2.829473 26.209967 0.471407 0.499172
660.000000 2.840909 26.361631 0.524540 0.502293
680.000000 2.854308 26.513669 0.577129 0.505898
700.000000 2.869677 26.666118 0.629035 0.509963
720.000000 2.887019 26.819006 0.680115 0.514462
740.000000 2.906334 26.972354 0.730214 0.519364
760.000000 2.927614 27.126168 0.779170 0.524637
780.000000 2.950846 27.280447 0.826808 0.530245
800.000000 2.976009 27.435177 0.872945 0.536152
820.000000 3.003075 27.590335 0.917391 0.542318
840.000000 3.032009 27.745886 0.959943 0.548707
860.000000 3.062765 27.901789 1.000392 0.555278
880.000000 3.095291 28.057992 1.038523 0.561993
900.000000 3.129527 28.214437 1.074112 0.568816
920.000000 3.165404 28.371060 1.106932 0.575709
940.000000 3.202842 28.527790 1.136749 0.582638
960.000000 3.241758 28.684555 1.163327 0.589570
980.000000 3.282055 28.841280 1.186425 0.596474
1000.000000 3.323632 28.997887 1.205800 0.603322
1020.000000 3.366375 29.154300 1.221205 0.610086
1040.000000 3.410162 29.310442 1.232396 0.616741
1060.000000 3.454859 29.466238 1.239123 0.623265
1080.000000 3.500321 29.621618 1.241140 0.629636
1100.000000 3.546385 29.776513 1.238205 0.635833
1120.000000 3.592869 29.930860 1.230081 0.641837
1140.000000 3.639567 30.084600 1.216544 0.647629
1160.000000 3.686243 30.237682 1.197384 0.653191
1180.000000 3.732625 30.390063 1.172419 0.658503
1200.000000 3.778399 30.541707 1.141494 0.663546
1220.000000 3.823202 30.692589 1.104499 0.668297
1240.000000 3.866621 30.842696 1.061372 0.672735
1260.000000 3.908191 30.992025 1.012115 0.676835
1280.000000 3.947396 31.140590 0.956799 0.680571
1300.000000 3.983687 31.288417 0.895575 0.683916
1320.000000 4.016494 31.435546 0.828686 0.686842
1340.000000 4.045247 31.582032 0.756472 0.689324
1360.000000 4.069406 31.727945 0.679380 0.691340
1380.000000 4.088487 31.873366 0.597967 0.692870
1400.000000 4.102089 32.018393 0.512904 0.693903
1420.000000 4.109915 32.163130 0.424972 0.694432
1440.000000 4.111787 32.307694 0.335048 0.694459
1460.000000 4.107659 32.452210 0.244084 0.693989
1480.000000 4.097611 32.596804 0.153073 0.693030
1500.000000 4.081853 32.741603 0.063015 0.691597
1520.000000 4.060710 32.886732 -0.025125 0.689704
1540.000000 4.034611 33.032305 -0.110453 0.687367
1560.000000 4.004070 33.178424 -0.192171 0.684610
1580.000000 3.969662 33.325178 -0.269604 0.681454
1600.000000 3.932002 33.472639 -0.342199 0.677927
1620.000000 3.891713 33.620862 -0.409531 0.674060
1640.000000 3.849406 33.769884 -0.471295 0.669881
1660.000000 3.805652 33.919724 -0.527295 0.665424
1680.000000 3.760970 34.070385 -0.577432 0.660717
1700.000000 3.715813 34.221855 -0.621688 0.655789
1720.000000 3.670565 34.374109 -0.660114 0.650667
1740.000000 3.625541 34.527110 -0.692813 0.645374
1760.000000 3.580992 34.680812 -0.719930 0.639930
1780.000000 3.537112 34.835160 -0.741640 0.634355
1800.000000 3.494049 34.990095 -0.758136 0.628664
1820.000000 3.451909 35.145553 -0.769626 0.622872
1840.000000 3.410772 35.301467 -0.776323 0.616991
1860.000000 3.370692 35.457768 -0.778443 0.611035
1880.000000 3.331711 35.614387 -0.776197 0.605014
1900.000000 3.293859 35.771251 -0.769798 0.598940
1920.000000 3.257160 35.928292 -0.759451 0.592826
1940.000000 3.221638 36.085439 -0.745357 0.586683
1960.000000 3.187315 36.242625 -0.727714 0.580527
1980.000000 3.154215 36.399781 -0.706714 0.574373
2000.000000 3.122365 36.556843 -0.682545 0.568240
2020.000000 3.091795 36.713750 -0.655392 0.562148
2040.000000 3.062538 36.870444 -0.625437 0.556118
2060.000000 3.034631 37.026870 -0.592857 0.550175
2080.000000 3.008110 37.182981 -0.557829 0.544345
2100.000000 2.983015 37.338732 -0.520523 0.538658
2120.000000 2.959386 37.494087 -0.481109 0.533143
2140.000000 2.937262 37.649017 -0.439750 0.527831
2160.000000 2.916683 37.803501 -0.396607 0.522756
2180.000000 2.897684 37.957526 -0.351834 0.517950
2200.000000 2.880302 38.111087 -0.305582 0.513446
2220.000000 2.864568 38.264190 -0.257995 0.509277
2240.000000 2.850512 38.416850 -0.209214 0.505475
2260.000000 2.838162 38.569089 -0.159372 0.502070
2280.000000 2.827543 38.720941 -0.108597 0.499092
2300.000000 2.818679 38.872446 -0.057013 0.496564
2320.000000 2.811590 39.023653 -0.004740 0.494513
2340.000000 2.806298 39.174616 0.048109 0.492956
2360.000000 2.802821 39.325396 0.101421 0.491913
2380.000000 2.801179 39.476059 0.155087 0.491395
2400.000000 2.801391 39.626673 0.209000 0.491413
2420.000000 2.803474 39.777306 0.263052 0.491970
2440.000000 2.807446 39.928028 0.317134 0.493069
2460.000000 2.813325 40.078906 0.371138 0.494705
2480.000000 2.821129 40.230005 0.424950 0.496872
2500.000000 2.830871 40.381383 0.478451 0.499556
2520.000000 2.842566 40.533095 0.531520 0.502742
2540.000000 2.856225 40.685185 0.584026 0.506409
2560.000000 2.871854 40.837690 0.635832 0.510533
2580.000000 2.889458 40.990638 0.686792 0.515087
2600.000000 2.909032 41.144047 0.736749 0.520040
2620.000000 2.930571 41.297923 0.785541 0.525359
2640.000000 2.954060 41.452263 0.832991 0.531009
2660.000000 2.979476 41.607051 0.878917 0.536952
2680.000000 3.006791 41.762263 0.923124 0.543150
2700.000000 3.035967 41.917863 0.965410 0.549565
2720.000000 3.066960 42.073809 1.005566 0.556157
2740.000000 3.099716 42.230048 1.043374 0.562889
2760.000000 3.134173 42.386520 1.078611 0.569723
2780.000000 3.170261 42.543160 1.111047 0.576623
2800.000000 3.207900 42.699900 1.140450 0.583554
2820.000000 3.247003 42.856664 1.166582 0.590484
2840.000000 3.287476 43.013378 1.189202 0.597382
2860.000000 3.329213 43.169963 1.208067 0.604220
2880.000000 3.372101 43.326345 1.222930 0.610972
2900.000000 3.416016 43.482445 1.233545 0.617611
2920.000000 3.460823 43.638191 1.239664 0.624116
2940.000000 3.506375 43.793510 1.241041 0.630465
2960.000000 3.552505 43.948336 1.237434 0.636637
2980.000000 3.599029 44.102606 1.228608 0.642615
3000.000000 3.645738 44.256262 1.214340 0.648378
3020.000000 3.692392 44.409255 1.194424 0.653908
3040.000000 3.738712 44.561540 1.168679 0.659185
3060.000000 3.784380 44.713084 1.136958 0.664190
3080.000000 3.829026 44.863864 1.099155 0.668902
3100.000000 3.872228 45.013868 1.055217 0.673297
3120.000000 3.913516 45.163096 1.005154 0.677350
3140.000000 3.952368 45.311561 0.949047 0.681036
3160.000000 3.988232 45.459293 0.887059 0.684327
3180.000000 4.020536 45.606333 0.819445 0.687196
3200.000000 4.048712 45.752740 0.746559 0.689618
3220.000000 4.072227 45.898583 0.668861 0.691570
3240.000000 4.090605 46.043947 0.586926 0.693035
3260.000000 4.103459 46.188928 0.501437 0.694001
3280.000000 4.110506 46.333635 0.413190 0.694465
3300.000000 4.111585 46.478186 0.323073 0.694425
3320.000000 4.106668 46.622705 0.232044 0.693890
3340.000000 4.095851 46.767319 0.141102 0.692868
3360.000000 4.079361 46.912155 0.051243 0.691373
3380.000000 4.057537 47.057336 -0.036574 0.689420
3400.000000 4.030820 47.202975 -0.121468 0.687027
3420.000000 3.999734 47.349173 -0.202657 0.684215
3440.000000 3.964861 47.496017 -0.279480 0.681009
3460.000000 3.926818 47.643576 -0.351401 0.677436
3480.000000 3.886229 47.791903 -0.418013 0.673525
3500.000000 3.843698 47.941032 -0.479024 0.669308
3520.000000 3.799794 48.090980 -0.534254 0.664816
3540.000000 3.755024 48.241749 -0.583614 0.660078
3560.000000 3.709835 48.393325 -0.627096 0.655123
3580.000000 3.664600 48.545680 -0.664759 0.649977
3600.000000 3.619625 48.698777 -0.696711 0.644663
3620.000000 3.575155 48.852567 -0.723104 0.639201
3640.000000 3.531375 49.006996 -0.744113 0.633609
3660.000000 3.488428 49.162004 -0.759936 0.627904
3680.000000 3.446417 49.317526 -0.770781 0.622100
3700.000000 3.405416 49.473495 -0.776861 0.616209
3720.000000 3.365480 49.629842 -0.778392 0.610243
3740.000000 3.326646 49.786497 -0.775586 0.604215
3760.000000 3.288945 49.943389 -0.768653 0.598135
3780.000000 3.252401 50.100448 -0.757800 0.592016
3800.000000 3.217036 50.257604 -0.743226 0.585870
3820.000000 3.182873 50.414789 -0.725129 0.579714
3840.000000 3.149936 50.571937 -0.703700 0.573562
3860.000000 3.118253 50.728982 -0.679126 0.567433
3880.000000 3.087855 50.885864 -0.651593 0.561347
3900.000000 3.058774 51.042526 -0.621281 0.555327
3920.000000 3.031047 51.198913 -0.588368 0.549398
3940.000000 3.004713 51.354978 -0.553029 0.543585
3960.000000 2.979809 51.510679 -0.515435 0.537919
3980.000000 2.956377 51.665980 -0.475755 0.532429
4000.000000 2.934455 51.820852 -0.434151 0.527146
4020.000000 2.914082 51.975276 -0.390783 0.522105
4040.000000 2.895295 52.129239 -0.345807 0.517337
4060.000000 2.878129 52.282739 -0.299370 0.512875
4080.000000 2.862614 52.435783 -0.251618 0.508753
4100.000000 2.848782 52.588385 -0.202689 0.505002
4120.000000 2.836660 52.740572 -0.152716 0.501652
4140.000000 2.826271 52.892375 -0.101828 0.498731
4160.000000 2.817640 53.043838 -0.050146 0.496266
4180.000000 2.810788 53.195009 0.002210 0.494278
4200.000000 2.805734 53.345944 0.055126 0.492789
4220.000000 2.802499 53.496706 0.108491 0.491814
4240.000000 2.801101 53.647358 0.162196 0.491367
4260.000000 2.801558 53.797970 0.216133 0.491455
4280.000000 2.803889 53.948611 0.270195 0.492084
4300.000000 2.808113 54.099350 0.324274 0.493254
4320.000000 2.814245 54.250254 0.378259 0.494961
4340.000000 2.822304 54.401386 0.432036 0.497197
4360.000000 2.832304 54.552806 0.485488 0.499948
4380.000000 2.844258 54.704565 0.538490 0.503199
4400.000000 2.858176 54.856708 0.590912 0.506928
4420.000000 2.874066 55.009270 0.642614 0.511110
4440.000000 2.891930 55.162278 0.693451 0.515719
4460.000000 2.911765 55.315749 0.743264 0.520723
4480.000000 2.933562 55.469687 0.791889 0.526087
4500.000000 2.957306 55.624086 0.839149 0.531778
4520.000000 2.982975 55.778932 0.884858 0.537757
4540.000000 3.010538 55.934198 0.928823 0.543986
4560.000000 3.039958 56.089847 0.970841 0.550426
4580.000000 3.071187 56.245834 1.010699 0.557039
4600.000000 3.104171 56.402107 1.048180 0.563787
4620.000000 3.138848 56.558605 1.083060 0.570631
4640.000000 3.175145 56.715263 1.115110 0.577537
4660.000000 3.212982 56.872010 1.144094 0.584470
4680.000000 3.252272 57.028772 1.169776 0.591398
4700.000000 3.292918 57.185473 1.191915 0.598290
4720.000000 3.334814 57.342036 1.210265 0.605118
4740.000000 3.377845 57.498385 1.224581 0.611855
4760.000000 3.421886 57.654442 1.234617 0.618478
4780.000000 3.466800 57.810136 1.240123 0.624964
4800.000000 3.512438 57.965394 1.240856 0.631291
4820.000000 3.558631 58.120150 1.236573 0.637439
4840.000000 3.605193 58.274342 1.227040 0.643389
4860.000000 3.651909 58.427913 1.212037 0.649122
4880.000000 3.698535 58.580814 1.191361 0.654619
4900.000000 3.744789 58.733003 1.164835 0.659862
4920.000000 3.790344 58.884448 1.132315 0.664830
4940.000000 3.834824 59.035126 1.093704 0.669501
4960.000000 3.877802 59.185027 1.048955 0.673852
4980.000000 3.918798 59.334153 0.998087 0.677858
5000.000000 3.957289 59.482519 0.941192 0.681494
5020.000000 3.992716 59.630157 0.878444 0.684731
5040.000000 4.024506 59.777110 0.810112 0.687542
5060.000000 4.052096 59.923438 0.736561 0.689903
5080.000000 4.074958 60.069212 0.658269 0.691792
5100.000000 4.092627 60.214520 0.575822 0.693191
5120.000000 4.104727 60.359459 0.489921 0.694092
5140.000000 4.110992 60.504139 0.401375 0.694488
5160.000000 4.111279 60.648678 0.311081 0.694383
5180.000000 4.105573 60.793202 0.220006 0.693782
5200.000000 4.093992 60.937838 0.129151 0.692697
5220.000000 4.076776 61.082713 0.039508 0.691141
5240.000000 4.054278 61.227948 -0.047973 0.689129
5260.000000 4.026953 61.373656 -0.132419 0.686679
5280.000000 3.995332 61.519935 -0.213067 0.683814
5300.000000 3.960005 61.666869 -0.289270 0.680557
5320.000000 3.921590 61.814527 -0.360511 0.676938
5340.000000 3.880710 61.962958 -0.426397 0.672985
5360.000000 3.837967 62.112195 -0.486653 0.668730
5380.000000 3.793920 62.262252 -0.541111 0.664204
5400.000000 3.749071 62.413128 -0.589693 0.659436
5420.000000 3.703856 62.564809 -0.632402 0.654454
5440.000000 3.658639 62.717264 -0.669303 0.649285
5460.000000 3.613718 62.870455 -0.700512 0.643949
5480.000000 3.569329 63.024333 -0.726183 0.638469
5500.000000 3.525653 63.178842 -0.746496 0.632862
5520.000000 3.482824 63.333922 -0.761649 0.627143
5540.000000 3.440943 63.489507 -0.771852 0.621326
5560.000000 3.400080 63.645530 -0.777319 0.615425
5580.000000 3.360287 63.801922 -0.778265 0.609450
5600.000000 3.321601 63.958612 -0.774902 0.603414
5620.000000 3.284052 64.115530 -0.767440 0.597328
5640.000000 3.247662 64.272606 -0.756084 0.591205
5660.000000 3.212454 64.429770 -0.741034 0.585058
5680.000000 3.178451 64.586953 -0.722486 0.578901
5700.000000 3.145679 64.744091 -0.700630 0.572751
5720.000000 3.114164 64.901118 -0.675655 0.566626
5740.000000 3.083938 65.057975 -0.647745 0.560548
5760.000000 3.055034 65.214603 -0.617079 0.554539
5780.000000 3.027489 65.370950 -0.583836 0.548623
5800.000000 3.001341 65.526969 -0.548189 0.542828
5820.000000 2.976629 65.682619 -0.510310 0.537183
5840.000000 2.953394 65.837865 -0.470366 0.531719
5860.000000 2.931675 65.992679 -0.428521 0.526466
5880.000000 2.911509 66.147042 -0.384932 0.521459
5900.000000 2.892934 66.300944 -0.339754 0.516729
5920.000000 2.875984 66.454384 -0.293135 0.512311
5940.000000 2.860690 66.607368 -0.245220 0.508236
5960.000000 2.847083 66.759914 -0.196146 0.504536
5980.000000 2.835188 66.912048 -0.146045 0.501241
6000.000000 2.825030 67.063804 -0.095045 0.498379
6020.000000 2.816633 67.215225 -0.043267 0.495975
6040.000000 2.810017 67.366361 0.009169 0.494053
6060.000000 2.805202 67.517270 0.062151 0.492630
6080.000000 2.802209 67.668013 0.115567 0.491725
6100.000000 2.801054 67.818657 0.169309 0.491347
6120.000000 2.801758 67.969268 0.223269 0.491507
6140.000000 2.804338 68.119918 0.277339 0.492208
6160.000000 2.808813 68.270675 0.331412 0.493449
6180.000000 2.815199 68.421606 0.385376 0.495226
6200.000000 2.823513 68.572773 0.439117 0.497531
6220.000000 2.833770 68.724234 0.492517 0.500349
6240.000000 2.845983 68.876041 0.545450 0.503664
6260.000000 2.860162 69.028238 0.597785 0.507455
6280.000000 2.876312 69.180858 0.649382 0.511695
6300.000000 2.894437 69.333927 0.700092 0.516358
6320.000000 2.914532 69.487459 0.749758 0.521411
6340.000000 2.936587 69.641458 0.798213 0.526821
6360.000000 2.960587 69.795918 0.845279 0.532552
6380.000000 2.986508 69.950821 0.890769 0.538566
6400.000000 3.014319 70.106139 0.934489 0.544825
6420.000000 3.043980 70.261836 0.976233 0.551291
6440.000000 3.075444 70.417864 1.015790 0.557924
6460.000000 3.108656 70.574170 1.052941 0.564686
6480.000000 3.143550 70.730694 1.087461 0.571541
6500.000000 3.180056 70.887367 1.119119 0.578452
6520.000000 3.218090 71.044120 1.147681 0.585386
6540.000000 3.257565 71.200879 1.172909 0.592311
6560.000000 3.298382 71.357566 1.194561 0.599196
6580.000000 3.340435 71.514105 1.212392 0.606013
6600.000000 3.383606 71.670420 1.226157 0.612737
6620.000000 3.427771 71.826433 1.235609 0.619343
6640.000000 3.472790 71.982073 1.240499 0.625809
6660.000000 3.518511 72.137269 1.240583 0.632113
6680.000000 3.564764 72.291954 1.235619 0.638236
6700.000000 3.611359 72.446067 1.225377 0.644159
6720.000000 3.658078 72.599552 1.209636 0.649862
6740.000000 3.704672 72.752362 1.188196 0.655327
6760.000000 3.750853 72.904454 1.160886 0.660535
6780.000000 3.796289 73.055799 1.127566 0.665464
6800.000000 3.840597 73.206374 1.088146 0.670095
6820.000000 3.883341 73.356172 1.042586 0.674402
6840.000000 3.924037 73.505197 0.990915 0.678360
6860.000000 3.962156 73.653465 0.933235 0.681945
6880.000000 3.997135 73.801009 0.869732 0.685127
6900.000000 4.028403 73.947876 0.800687 0.687880
6920.000000 4.055398 74.094126 0.726481 0.690180
6940.000000 4.077599 74.239834 0.647604 0.692005
6960.000000 4.094551 74.385087 0.564658 0.693339
6980.000000 4.105893 74.529985 0.478359 0.694173
7000.000000 4.111374 74.674639 0.389529 0.694503
7020.000000 4.110868 74.819169 0.299075 0.694332
7040.000000 4.104377 74.963701 0.207972 0.693667
7060.000000 4.092035 75.108361 0.117220 0.692519
7080.000000 4.074098 75.253277 0.027810 0.690901
7100.000000 4.050935 75.398568 -0.059318 0.688830
7120.000000 4.023010 75.544346 -0.143304 0.686324
7140.000000 3.990865 75.690707 -0.223399 0.683405
7160.000000 3.955094 75.837734 -0.298973 0.680099
7180.000000 3.916318 75.985491 -0.369527 0.676434
7200.000000 3.875159 76.134027 -0.434683 0.672440
7220.000000 3.832212 76.283372 -0.494181 0.668147
7240.000000 3.788032 76.433537 -0.547865 0.663587
7260.000000 3.743112 76.584521 -0.595670 0.658789
7280.000000 3.697877 76.736306 -0.637607 0.653782
7300.000000 3.652683 76.888861 -0.673748 0.648589
7320.000000 3.607821 77.042146 -0.704217 0.643234
7340.000000 3.563517 77.196110 -0.729169 0.637736
7360.000000 3.519945 77.350698 -0.748788 0.632113
7380.000000 3.477236 77.505848 -0.763276 0.626380
7400.000000 3.435486 77.661495 -0.772841 0.620552
7420.000000 3.394762 77.817571 -0.777699 0.614640
7440.000000 3.355113 77.974006 -0.778063 0.608656
7460.000000 3.316576 78.130731 -0.774147 0.602613
7480.000000 3.279179 78.287674 -0.766159 0.596522
7500.000000 3.242943 78.444765 -0.754304 0.590394
7520.000000 3.207894 78.601935 -0.738781 0.584245
7540.000000 3.174052 78.759117 -0.719785 0.578088
7560.000000 3.141444 78.916243 -0.697506 0.571940
7580.000000 3.110097 79.073252 -0.672133 0.565820
7600.000000 3.080044 79.230081 -0.643848 0.559750
7620.000000 3.051317 79.386675 -0.612832 0.553751
7640.000000 3.023954 79.542982 -0.579261 0.547850
7660.000000 2.997994 79.698954 -0.543310 0.542073
7680.000000 2.973475 79.854552 -0.505149 0.536450
7700.000000 2.950438 80.009742 -0.464945 0.531012
7720.000000 2.928921 80.164498 -0.422860 0.525790
7740.000000 2.908964 80.318801 -0.379053 0.520817
7760.000000 2.890602 80.472642 -0.333676 0.516127
7780.000000 2.873869 80.626021 -0.286878 0.511752
7800.000000 2.858796 80.778946 -0.238802 0.507725
7820.000000 2.845413 80.931435 -0.189585 0.504077
7840.000000 2.833746 81.083517 -0.139358 0.500838
7860.000000 2.823820 81.235226 -0.088248 0.498035
7880.000000 2.815656 81.386607 -0.036377 0.495693
7900.000000 2.809277 81.537710 0.016138 0.493836
7920.000000 2.804702 81.688593 0.069184 0.492481
7940.000000 2.801950 81.839319 0.122649 0.491644
7960.000000 2.801040 81.989954 0.176426 0.491338
7980.000000 2.801991 82.140567 0.230406 0.491569
8000.000000 2.804820 82.291227 0.284483 0.492341
8020.000000 2.809546 82.442003 0.338548 0.493653
8040.000000 2.816186 82.592961 0.392489 0.495501
8060.000000 2.824756 82.744164 0.446192 0.497874
8080.000000 2.835271 82.895669 0.499538 0.500759
8100.000000 2.847743 83.047525 0.552399 0.504138
8120.000000 2.862182 83.199776 0.604645 0.507990
8140.000000 2.878593 83.352454 0.656133 0.512288
8160.000000 2.896978 83.505583 0.706715 0.517004
8180.000000 2.917333 83.659177 0.756231 0.522106
8200.000000 2.939646 83.813238 0.804513 0.527560
8220.000000 2.963901 83.967757 0.851381 0.533331
8240.000000 2.990073 84.122717 0.896649 0.539380
8260.000000 3.018131 84.278087 0.940120 0.545668
8280.000000 3.048033 84.433831 0.981588 0.552158
8300.000000 3.079732 84.589899 1.020840 0.558810
8320.000000 3.113170 84.746237 1.057656 0.565587
8340.000000 3.148281 84.902784 1.091811 0.572451
8360.000000 3.184993 85.059473 1.123074 0.579367
8380.000000 3.223223 85.216231 1.151209 0.586302
8400.000000 3.262881 85.372984 1.175979 0.593223
8420.000000 3.303868 85.529656 1.197140 0.600101
8440.000000 3.346075 85.686170 1.214449 0.606907
8460.000000 3.389386 85.842449 1.227658 0.613617
8480.000000 3.433671 85.998418 1.236521 0.620206
8500.000000 3.478792 86.154003 1.240791 0.626651
8520.000000 3.524593 86.309135 1.240222 0.632933
8540.000000 3.570903 86.463748 1.234574 0.639030
8560.000000 3.617527 86.617781 1.223617 0.644925
8580.000000 3.664245 86.771180 1.207135 0.650598
8600.000000 3.710802 86.923896 1.184929 0.656030
8620.000000 3.756905 87.075892 1.156832 0.661202
8640.000000 3.802215 87.227136 1.122711 0.666094
8660.000000 3.846342 87.377609 1.082480 0.670682
8680.000000 3.888845 87.527304 1.036111 0.674945
8700.000000 3.929232 87.676227 0.983638 0.678856
8720.000000 3.966968 87.824398 0.925177 0.682389
8740.000000 4.001490 87.971850 0.860924 0.685516
8760.000000 4.032225 88.118632 0.791173 0.688210
8780.000000 4.058615 88.264805 0.716319 0.690449
8800.000000 4.080147 88.410448 0.636867 0.692209
8820.000000 4.096378 88.555648 0.553435 0.693478
8840.000000 4.106957 88.700507 0.466753 0.694245
8860.000000 4.111652 88.845138 0.377654 0.694509
8880.000000 4.110352 88.989661 0.287058 0.694272
8900.000000 4.103078 89.134202 0.195944 0.693542
8920.000000 4.089979 89.278889 0.105313 0.692331
8940.000000 4.071329 89.423848 0.016152 0.690653
8960.000000 4.047509 89.569197 -0.070608 0.688523
8980.000000 4.018994 89.715047 -0.154121 0.685962
9000.000000 3.986335 89.861491 -0.233652 0.682990
9020.000000 3.950132 90.008611 -0.308589 0.679635
9040.000000 3.911006 90.156469 -0.378449 0.675925
9060.000000 3.869576 90.305110 -0.442870 0.671889
9080.000000 3.826437 90.454563 -0.501606 0.667559
9100.000000 3.782132 90.604837 -0.554516 0.662966
9120.000000 3.737147 90.755928 -0.601544 0.658140
9140.000000 3.691898 90.907817 -0.642710 0.653106
9160.000000 3.646733 91.060471 -0.678095 0.647890
9180.000000 3.601933 91.213848 -0.707825 0.642515
9200.000000 3.557717 91.367898 -0.732061 0.637000
9220.000000 3.514252 91.522564 -0.750992 0.631362
9240.000000 3.471665 91.677784 -0.764817 0.625615
9260.000000 3.430047 91.833491 -0.773748 0.619775
9280.000000 3.389463 91.989619 -0.778000 0.613853
9300.000000 3.349959 92.146096 -0.777787 0.607861
9320.000000 3.311571 92.302853 -0.773321 0.601811
9340.000000 3.274326 92.459820 -0.764811 0.595714
9360.000000 3.238246 92.616926 -0.752459 0.589583
9380.000000 3.203354 92.774101 -0.736467 0.583431
9400.000000 3.169674 92.931279 -0.717026 0.577275
9420.000000 3.137231 93.088394 -0.694329 0.571130
9440.000000 3.106053 93.245382 -0.668560 0.565015
9460.000000 3.076173 93.402183 -0.639904 0.558953
9480.000000 3.047624 93.558742 -0.608541 0.552966
9500.000000 3.020444 93.715007 -0.574646 0.547079
9520.000000 2.994672 93.870933 -0.538393 0.541321
9540.000000 2.970346 94.026479 -0.499953 0.535721
9560.000000 2.947508 94.181613 -0.459491 0.530309
9580.000000 2.926195 94.336309 -0.417170 0.525118
9600.000000 2.906447 94.490551 -0.373146 0.520181
9620.000000 2.888298 94.644331 -0.327573 0.515530
9640.000000 2.871782 94.797649 -0.280599 0.511200
9660.000000 2.856931 94.950516 -0.232364 0.507221
9680.000000 2.843773 95.102950 -0.183006 0.503625
9700.000000 2.832335 95.254980 -0.132655 0.500442
9720.000000 2.822640 95.406643 -0.081438 0.497699
9740.000000 2.814711 95.557984 -0.029475 0.495420
9760.000000 2.808569 95.709054 0.023116 0.493628
9780.000000 2.804234 95.859913 0.076223 0.492340
9800.000000 2.801724 96.010624 0.129736 0.491573
9820.000000 2.801059 96.161252 0.183546 0.491337
9840.000000 2.802257 96.311867 0.237545 0.491640
9860.000000 2.805336 96.462538 0.291627 0.492483
9880.000000 2.810313 96.613335 0.345682 0.493867
9900.000000 2.817207 96.764322 0.399598 0.495784
9920.000000 2.826033 96.915561 0.453261 0.498226
9940.000000 2.836806 97.067109 0.506550 0.501178
9960.000000 2.849537 97.219016 0.559338 0.504620
9980.000000 2.864236 97.371321 0.611492 0.508532
10000.000000 2.880908 97.524058 0.662869 0.512887
10020.000000 2.899554 97.677248 0.713320 0.517656
10040.000000 2.920168 97.830903 0.762682 0.522807
10060.000000 2.942739 97.985025 0.810788 0.528305
10080.000000 2.967249 98.139604 0.857456 0.534115
10100.000000 2.993672 98.294620 0.902498 0.540197
10120.000000 3.021976 98.450042 0.945716 0.546515
10140.000000 3.052118 98.605831 0.986904 0.553028
10160.000000 3.084050 98.761939 1.025847 0.559699
10180.000000 3.117713 98.918308 1.062325 0.566489
10200.000000 3.153040 99.074878 1.096111 0.573362
10220.000000 3.189957 99.231580 1.126974 0.580283
10240.000000 3.228382 99.388341 1.154679 0.587217
10260.000000 3.268221 99.545089 1.178986 0.594134
10280.000000 3.309375 99.701744 1.199652 0.601004
10300.000000 3.351735 99.858232 1.216434 0.607800
10320.000000 3.395182 100.014474 1.229083 0.614495
10340.000000 3.439586 100.170396 1.237354 0.621066
10360.000000 3.484806 100.325925 1.240998 0.627491
10380.000000 3.530685 100.480992 1.239772 0.633749
10400.000000 3.577047 100.635532 1.233436 0.639821
10420.000000 3.623697 100.789484 1.221762 0.645687
10440.000000 3.670409 100.942795 1.204534 0.651329
10460.000000 3.716924 101.095419 1.181559 0.656728
10480.000000 3.762943 101.247316 1.152673 0.661865
10500.000000 3.808120 101.398459 1.117749 0.666717
10520.000000 3.852059 101.548830 1.076708 0.671265
10540.000000 3.894311 101.698423 1.029528 0.675482
10560.000000 3.934380 101.847245 0.976257 0.679345
10580.000000 3.971724 101.995318 0.917017 0.682825
10600.000000 4.005779 102.142679 0.852019 0.685897
10620.000000 4.035971 102.289376 0.781569 0.688533
10640.000000 4.061748 102.435475 0.706077 0.690709
10660.000000 4.082603 102.581054 0.626061 0.692405
10680.000000 4.098105 102.726203 0.542156 0.693608
10700.000000 4.107918 102.871025 0.455105 0.694309
10720.000000 4.111825 103.015635 0.365754 0.694506
10740.000000 4.109731 103.160153 0.275032 0.694204
10760.000000 4.101677 103.304706 0.183925 0.693410
10780.000000 4.087827 103.449422 0.093432 0.692136
10800.000000 4.068470 103.594425 0.004536 0.690397
10820.000000 4.044000 103.739835 -0.081841 0.688209
10840.000000 4.014906 103.885758 -0.164868 0.685592
10860.000000 3.981744 104.032287 -0.243824 0.682569
10880.000000 3.945118 104.179501 -0.318116 0.679165
10900.000000 3.905652 104.327461 -0.387275 0.675410
10920.000000 3.863964 104.476208 -0.450957 0.671333
10940.000000 3.820641 104.625769 -0.508931 0.666967
10960.000000 3.776220 104.776152 -0.561065 0.662342
10980.000000 3.731177 104.927349 -0.607316 0.657486
11000.000000 3.685921 105.079341 -0.647713 0.652427
11020.000000 3.640790 105.232093 -0.682342 0.647189
11040.000000 3.596055 105.385562 -0.711337 0.641794
11060.000000 3.551930 105.539697 -0.734862 0.636262
11080.000000 3.508575 105.694440 -0.753106 0.630608
11100.000000 3.466111 105.849728 -0.766272 0.624849
11120.000000 3.424626 106.005495 -0.774573 0.618998
11140.000000 3.384182 106.161672 -0.778223 0.613066
11160.000000 3.344824 106.318191 -0.777436 0.607065
11180.000000 3.306586 106.474980 -0.772424 0.601008
11200.000000 3.269493 106.631969 -0.763395 0.594906
11220.000000 3.233569 106.789088 -0.750552 0.588771
11240.000000 3.198836 106.946267 -0.734092 0.582618
11260.000000 3.165317 107.103441 -0.714211 0.576462
11280.000000 3.133040 107.260542 -0.691097 0.570320
11300.000000 3.102031 107.417509 -0.664937 0.564211
11320.000000 3.072325 107.574281 -0.635913 0.558157
11340.000000 3.043955 107.730804 -0.604205 0.552182
11360.000000 3.016959 107.887027 -0.569989 0.546311
11380.000000 2.991375 108.042904 -0.533438 0.540572
11400.000000 2.967244 108.198398 -0.494721 0.534995
11420.000000 2.944605 108.353475 -0.454004 0.529610
11440.000000 2.923497 108.508112 -0.411449 0.524451
11460.000000 2.903957 108.662294 -0.367213 0.519550
11480.000000 2.886022 108.816013 -0.321446 0.514939
11500.000000 2.869724 108.969270 -0.274297 0.510653
11520.000000 2.855095 109.122078 -0.225906 0.506723
11540.000000 2.842163 109.274457 -0.176410 0.503180
11560.000000 2.830954 109.426436 -0.125938 0.500054
11580.000000 2.821491 109.578054 -0.074615 0.497370
11600.000000 2.813797 109.729356 -0.022563 0.495155
11620.000000 2.807893 109.880395 0.030103 0.493428
11640.000000 2.803797 110.031231 0.083270 0.492209
11660.000000 2.801530 110.181926 0.136828 0.491511
11680.000000 2.801110 110.332549 0.190669 0.491346
11700.000000 2.802555 110.483168 0.244686 0.491720
11720.000000 2.805884 110.633852 0.298770 0.492635
11740.000000 2.811114 110.784669 0.352813 0.494090
11760.000000 2.818262 110.935686 0.406703 0.496077
11780.000000 2.827344 111.086964 0.460324 0.498587
11800.000000 2.838375 111.238556 0.513554 0.501605
11820.000000 2.851366 111.390513 0.566266 0.505111
11840.000000 2.866325 111.542874 0.618325 0.509083
11860.000000 2.883258 111.695669 0.669589 0.513494
11880.000000 2.902164 111.848921 0.719905 0.518315
11900.000000 2.923037 112.002638 0.769112 0.523514
11920.000000 2.945865 112.156821 0.817038 0.529056
11940.000000 2.970629 112.311459 0.863503 0.534903
11960.000000 2.997303 112.466530 0.908315 0.541019
11980.000000 3.025852 112.622004 0.951277 0.547365
12000.000000 3.056234 112.777837 0.992181 0.553901
12020.000000 3.088398 112.933983 1.030811 0.560590
12040.000000 3.122285 113.090383 1.066946 0.567393
12060.000000 3.157827 113.246974 1.100360 0.574274
12080.000000 3.194948 113.403688 1.130820 0.581198
12100.000000 3.233564 113.560452 1.158089 0.588133
12120.000000 3.273583 113.717191 1.181929 0.595045
12140.000000 3.314903 113.873829 1.202097 0.601907
12160.000000 3.357414 114.030288 1.218347 0.608690
12180.000000 3.400994 114.186493 1.230432 0.615370
12200.000000 3.445515 114.342367 1.238106 0.621923
12220.000000 3.490831 114.497839 1.241121 0.628327
12240.000000 3.536784 114.652840 1.239233 0.634562
12260.000000 3.583197 114.807305 1.232205 0.640608
12280.000000 3.629869 114.961176 1.219809 0.646446
12300.000000 3.676570 115.114399 1.201833 0.652057
12320.000000 3.723037 115.266929 1.178086 0.657422
12340.000000 3.768966 115.418728 1.148408 0.662522
12360.000000 3.814003 115.569769 1.112680 0.667336
12380.000000 3.857746 115.720037 1.070828 0.671841
12400.000000 3.899740 115.869528 1.022840 0.676013
12420.000000 3.939480 116.018250 0.968771 0.679827
12440.000000 3.976423 116.166226 0.908756 0.683255
12460.000000 4.010000 116.313496 0.843019 0.686271
12480.000000 4.039640 116.460111 0.771877 0.688847
12500.000000 4.064795 116.606136 0.695755 0.690961
12520.000000 4.084966 116.751652 0.615187 0.692593
12540.000000 4.099733 116.896752 0.530821 0.693730
12560.000000 4.108776 117.041540 0.443416 0.694364
12580.000000 4.111892 117.186130 0.353829 0.694495
12600.000000 4.109007 117.330645 0.263000 0.694127
12620.000000 4.100175 117.475213 0.171916 0.693269
12640.000000 4.085579 117.619959 0.081579 0.691933
12660.000000 4.065521 117.765010 -0.007036 0.690134
12680.000000 4.040411 117.910482 -0.093016 0.687888
12700.000000 4.010746 118.056480 -0.175543 0.685216
12720.000000 3.977091 118.203095 -0.253915 0.682140
12740.000000 3.940055 118.350405 -0.327553 0.678688
12760.000000 3.900261 118.498466 -0.396006 0.674889
12780.000000 3.858324 118.647320 -0.458945 0.670773
12800.000000 3.814826 118.796989 -0.516153 0.666370
12820.000000 3.770297 118.947480 -0.567511 0.661713
12840.000000 3.725204 119.098784 -0.612986 0.656829
12860.000000 3.679947 119.250878 -0.652615 0.651745
12880.000000 3.634854 119.403728 -0.686491 0.646485
12900.000000 3.590188 119.557288 -0.714753 0.641071
12920.000000 3.546156 119.711507 -0.737570 0.635522
12940.000000 3.502913 119.866325 -0.755131 0.629854
12960.000000 3.460575 120.021680 -0.767643 0.624081
12980.000000 3.419224 120.177506 -0.775317 0.618218
13000.000000 3.378921 120.333732 -0.778369 0.612277
13020.000000 3.339709 120.490290 -0.777012 0.606268
13040.000000 3.301620 120.647110 -0.771458 0.600205
13060.000000 3.264681 120.804120 -0.761913 0.594097
13080.000000 3.228913 120.961251 -0.748581 0.587959
13100.000000 3.194339 121.118433 -0.731658 0.581805
13120.000000 3.160982 121.275601 -0.711339 0.575650
13140.000000 3.128871 121.432688 -0.687813 0.569511
13160.000000 3.098033 121.589632 -0.661264 0.563408
13180.000000 3.068500 121.746375 -0.631875 0.557363
13200.000000 3.040310 121.902861 -0.599826 0.551400
13220.000000 3.013498 122.059041 -0.565292 0.545545
13240.000000 2.988104 122.214870 -0.528445 0.539825
13260.000000 2.964167 122.370310 -0.489454 0.534272
13280.000000 2.941728 122.525330 -0.448486 0.528915
13300.000000 2.920825 122.679908 -0.405700 0.523788
13320.000000 2.901496 122.834028 -0.361252 0.518923
13340.000000 2.883775 122.987686 -0.315295 0.514354
13360.000000 2.867696 123.140883 -0.267974 0.510113
13380.000000 2.853290 123.293633 -0.219430 0.506233
13400.000000 2.840583 123.445957 -0.169797 0.502743
13420.000000 2.829603 123.597887 -0.119205 0.499673
13440.000000 2.820373 123.749460 -0.067779 0.497051
13460.000000 2.812914 123.900724 -0.015639 0.494898
13480.000000 2.807248 124.051733 0.037099 0.493238
13500.000000 2.803393 124.202546 0.090324 0.492087
13520.000000 2.801368 124.353228 0.143926 0.491459
13540.000000 2.801194 124.503846 0.197796 0.491365
13560.000000 2.802886 124.654470 0.251828 0.491810
13580.000000 2.806465 124.805167 0.305913 0.492796
13600.000000 2.811947 124.956008 0.359942 0.494322
13620.000000 2.819350 125.107056 0.413803 0.496379
13640.000000 2.828689 125.258372 0.467379 0.498957
13660.000000 2.839978 125.410010 0.520548 0.502040
13680.000000 2.853228 125.562018 0.573182 0.505609
13700.000000 2.868448 125.714434 0.625145 0.509641
13720.000000 2.885642 125.867289 0.676293 0.514108
13740.000000 2.904808 126.020601 0.726472 0.518981
13760.000000 2.925940 126.174381 0.775519 0.524227
13780.000000 2.949025 126.328625 0.823263 0.529811
13800.000000 2.974044 126.483321 0.869520 0.535696
13820.000000 3.000967 126.638448 0.914100 0.541845
13840.000000 3.029761 126.793971 0.956802 0.548218
13860.000000 3.060381 126.949849 0.997418 0.554776
13880.000000 3.092776 127.106032 1.035731 0.561482
13900.000000 3.126886 127.262461 1.071520 0.568298
13920.000000 3.162641 127.419072 1.104557 0.575187
13940.000000 3.199965 127.575797 1.134609 0.582114
13960.000000 3.238772 127.732562 1.161440 0.589047
13980.000000 3.278968 127.889292 1.184809 0.595955
14000.000000 3.320452 128.045911 1.204473 0.602808
14020.000000 3.363111 128.202341 1.220187 0.609579
14040.000000 3.406824 128.358506 1.231704 0.616243
14060.000000 3.451458 128.514331 1.238776 0.622778
14080.000000 3.496868 128.669745 1.241157 0.629161
14100.000000 3.542892 128.824679 1.238604 0.635372
14120.000000 3.589351 128.979069 1.230880 0.641391
14140.000000 3.636040 129.132857 1.217759 0.647200
14160.000000 3.682727 129.285991 1.199031 0.652780
14180.000000 3.729142 129.438426 1.174509 0.658112
14200.000000 3.774973 129.590126 1.144038 0.663175
14220.000000 3.819864 129.741066 1.107504 0.667949
14240.000000 3.863403 129.891231 1.064841 0.672412
14260.000000 3.905129 130.040619 1.016045 0.676538
14280.000000 3.944532 130.189241 0.961181 0.680302
14300.000000 3.981063 130.337122 0.900396 0.683678
14320.000000 4.014153 130.484302 0.833924 0.686637
14340.000000 4.043231 130.630835 0.762098 0.689153
14360.000000 4.067755 130.776788 0.685356 0.691204
14380.000000 4.087234 130.922244 0.604247 0.692772
14400.000000 4.101261 131.067296 0.519434 0.693842
14420.000000 4.109530 131.212051 0.431689 0.694410
14440.000000 4.111855 131.356624 0.341883 0.694474
14460.000000 4.108178 131.501139 0.250962 0.694041
14480.000000 4.098572 131.645723 0.159920 0.693119
14500.000000 4.083235 131.790502 0.069755 0.691722
14520.000000 4.062485 131.935602 -0.018562 0.689862
14540.000000 4.036743 132.081138 -0.104130 0.687559
14560.000000 4.006517 132.227212 -0.186147 0.684832
14580.000000 3.972380 132.373916 -0.263924 0.681705
14600.000000 3.934943 132.521321 -0.336900 0.678206
14620.000000 3.894832 132.669485 -0.404641 0.674363
14640.000000 3.852656 132.818446 -0.466833 0.670207
14660.000000 3.808993 132.968224 -0.523273 0.665769
14680.000000 3.764364 133.118823 -0.573854 0.661080
14700.000000 3.719228 133.270233 -0.618553 0.656168
14720.000000 3.673975 133.422429 -0.657416 0.651060
14740.000000 3.628925 133.575375 -0.690543 0.645779
14760.000000 3.584333 133.729026 -0.718075 0.640346
14780.000000 3.540397 133.883327 -0.740186 0.634780
14800.000000 3.497267 134.038220 -0.757069 0.629097
14820.000000 3.455055 134.193641 -0.768929 0.623312
14840.000000 3.413840 134.349523 -0.775980 0.617438
14860.000000 3.373679 134.505798 -0.778438 0.611487
14880.000000 3.334613 134.662394 -0.776514 0.605470
14900.000000 3.296675 134.819243 -0.770421 0.599400
14920.000000 3.259889 134.976273 -0.760365 0.593288
14940.000000 3.224277 135.133415 -0.746547 0.587147
14960.000000 3.189863 135.290599 -0.729165 0.580992
14980.000000 3.156669 135.447760 -0.708412 0.574837
15000.000000 3.124724 135.604832 -0.684475 0.568702
15020.000000 3.094056 135.761753 -0.657541 0.562606
15040.000000 3.064699 135.918464 -0.627791 0.556570
15060.000000 3.036689 136.074913 -0.595404 0.550620
15080.000000 3.010062 136.231048 -0.560554 0.544781
15100.000000 2.984858 136.386828 -0.523414 0.539082
15120.000000 2.961117 136.542214 -0.484153 0.533552
15140.000000 2.938878 136.697177 -0.442935 0.528224
15160.000000 2.918181 136.851695 -0.399921 0.523130
15180.000000 2.899062 137.005755 -0.355266 0.518302
15200.000000 2.881556 137.159351 -0.309120 0.513774
15220.000000 2.865697 137.312489 -0.261630 0.509579
15240.000000 2.851513 137.465181 -0.212934 0.505749
15260.000000 2.839034 137.617451 -0.163167 0.502313
15280.000000 2.828284 137.769331 -0.112458 0.499301
15300.000000 2.819286 137.920860 -0.060931 0.496739
15320.000000 2.812063 138.072088 -0.008706 0.494650
15340.000000 2.806634 138.223067 0.044104 0.493056
15360.000000 2.803020 138.373859 0.097384 0.491973
15380.000000 2.801239 138.524529 0.151028 0.491416
15400.000000 2.801310 138.675144 0.204925 0.491392
15420.000000 2.803251 138.825773 0.258970 0.491909
15440.000000 2.807080 138.976486 0.313055 0.492967
15460.000000 2.812815 139.127350 0.367068 0.494563
15480.000000 2.820472 139.278430 0.420898 0.496690
15500.000000 2.830068 139.429785 0.474428 0.499336
15520.000000 2.841615 139.581470 0.527534 0.502484
15540.000000 2.855126 139.733530 0.580087 0.506116
15560.000000 2.870606 139.886003 0.631951 0.510206
15580.000000 2.888060 140.038917 0.682979 0.514729
15600.000000 2.907487 140.192291 0.733018 0.519653
15620.000000 2.928878 140.346132 0.781904 0.524946
15640.000000 2.952220 140.500436 0.829462 0.530572
15660.000000 2.977491 140.655191 0.875509 0.536494
15680.000000 3.004664 140.810372 0.919852 0.542675
15700.000000 3.033702 140.965945 0.962291 0.549074
15720.000000 3.064560 141.121866 1.002615 0.555655
15740.000000 3.097184 141.278085 1.040608 0.562377
15760.000000 3.131515 141.434542 1.076047 0.569204
15780.000000 3.167482 141.591172 1.108703 0.576100
15800.000000 3.205007 141.747906 1.138343 0.583031
15820.000000 3.244003 141.904671 1.164730 0.589962
15840.000000 3.284376 142.061391 1.187624 0.596864
15860.000000 3.326022 142.217990 1.206780 0.603707
15880.000000 3.368827 142.374389 1.221954 0.610466
15900.000000 3.412669 142.530513 1.232898 0.617114
15920.000000 3.457414 142.686288 1.239365 0.623630
15940.000000 3.502915 142.841642 1.241108 0.629992
15960.000000 3.549008 142.996508 1.237886 0.636178
15980.000000 3.595509 143.150822 1.229461 0.642171
16000.000000 3.642212 143.304526 1.215611 0.647951
16020.000000 3.688879 143.457570 1.196128 0.653499
16040.000000 3.735236 143.609910 1.170828 0.658796
16060.000000 3.780965 143.761511 1.139563 0.663823
16080.000000 3.825702 143.912350 1.102221 0.668557
16100.000000 3.869029 144.062412 1.058747 0.672977
16120.000000 3.910478 144.211698 1.009144 0.677057
16140.000000 3.949534 144.360220 0.953488 0.680771
16160.000000 3.985643 144.508006 0.891936 0.684093
16180.000000 4.018235 144.655097 0.824736 0.686995
16200.000000 4.046742 144.801549 0.752233 0.689451
16220.000000 4.070626 144.947431 0.674880 0.691439
16240.000000 4.089407 145.092828 0.593242 0.692942
16260.000000 4.102689 145.237835 0.507995 0.693946
16280.000000 4.110181 145.382559 0.419926 0.694447
16300.000000 4.111714 145.527117 0.329917 0.694446
16320.000000 4.107246 145.671634 0.238923 0.693947
16340.000000 4.096869 145.816236 0.147939 0.692962
16360.000000 4.080796 145.961051 0.057965 0.691502
16380.000000 4.059361 146.106202 -0.030039 0.689583
16400.000000 4.032996 146.251803 -0.115182 0.687222
16420.000000 4.002219 146.397956 -0.196676 0.684441
16440.000000 3.967611 146.544748 -0.273848 0.681264
16460.000000 3.929785 146.692251 -0.346155 0.677717
16480.000000 3.889367 146.840519 -0.413179 0.673831
16500.000000 3.846962 146.989586 -0.474620 0.669636
16520.000000 3.803143 147.139473 -0.530291 0.665164
16540.000000 3.758422 147.290180 -0.580094 0.660444
16560.000000 3.713251 147.441696 -0.624019 0.655504
16580.000000 3.668007 147.593993 -0.662117 0.650372
16600.000000 3.623004 147.747035 -0.694496 0.645069
16620.000000 3.578488 147.900775 -0.721302 0.639618
16640.000000 3.534651 148.055158 -0.742711 0.634035
16660.000000 3.491637 148.210124 -0.758918 0.628338
16680.000000 3.449553 148.365610 -0.770131 0.622541
16700.000000 3.408474 148.521548 -0.776564 0.616656
16720.000000 3.368455 148.677869 -0.778430 0.610696
16740.000000 3.329537 148.834503 -0.775944 0.604672
16760.000000 3.291750 148.991380 -0.769316 0.598595
16780.000000 3.255118 149.148428 -0.758751 0.592478
16800.000000 3.219663 149.305580 -0.744452 0.586335
16820.000000 3.185408 149.462765 -0.726613 0.580178
16840.000000 3.152378 149.619917 -0.705429 0.574026
16860.000000 3.120600 149.776973 -0.681086 0.567894
16880.000000 3.090103 149.933869 -0.653769 0.561805
16900.000000 3.060922 150.090549 -0.623661 0.555779
16920.000000 3.033092 150.246959 -0.590938 0.549842
16940.000000 3.006650 150.403050 -0.555776 0.544019
16960.000000 2.981638 150.558779 -0.518347 0.538341
16980.000000 2.958093 150.714111 -0.478818 0.532836
17000.000000 2.936056 150.869017 -0.437354 0.527537
17020.000000 2.915565 151.023475 -0.394114 0.522476
17040.000000 2.896657 151.177473 -0.349253 0.517686
17060.000000 2.879367 151.331009 -0.302922 0.513201
17080.000000 2.863727 151.484086 -0.255264 0.509052
17100.000000 2.849767 151.636721 -0.206419 0.505272
17120.000000 2.837514 151.788938 -0.156521 0.501890
17140.000000 2.826994 151.940769 -0.105697 0.498936
17160.000000 2.818230 152.092256 -0.054071 0.496435
17180.000000 2.811242 152.243447 -0.001762 0.494411
17200.000000 2.806052 152.394398 0.051116 0.492884
17220.000000 2.802679 152.545170 0.104451 0.491869
17240.000000 2.801142 152.695829 0.158134 0.491382
17260.000000 2.801459 152.846441 0.212058 0.491430
17280.000000 2.803648 152.997078 0.266114 0.492018
17300.000000 2.807728 153.147807 0.320195 0.493147
17320.000000 2.813716 153.298696 0.374191 0.494814
17340.000000 2.821628 153.449809 0.427988 0.497010
17360.000000 2.831481 153.601205 0.481469 0.499723
17380.000000 2.843287 153.752936 0.534509 0.502937
17400.000000 2.857057 153.905049 0.586980 0.506630
17420.000000 2.872798 154.057579 0.638741 0.510780
17440.000000 2.890513 154.210553 0.689648 0.515357
17460.000000 2.910200 154.363988 0.739545 0.520332
17480.000000 2.931849 154.517891 0.788265 0.525671
17500.000000 2.955447 154.672256 0.835634 0.531338
17520.000000 2.980972 154.827069 0.881467 0.537297
17540.000000 3.008393 154.982304 0.925571 0.543508
17560.000000 3.037674 155.137925 0.967743 0.549934
17580.000000 3.068769 155.293889 1.007771 0.556535
17600.000000 3.101623 155.450142 1.045440 0.563274
17620.000000 3.136174 155.606626 1.080524 0.570112
17640.000000 3.172351 155.763274 1.112795 0.577015
17660.000000 3.210075 155.920017 1.142020 0.583947
17680.000000 3.249259 156.076780 1.167959 0.590876
17700.000000 3.289806 156.233489 1.190373 0.597771
17720.000000 3.331611 156.390065 1.209018 0.604605
17740.000000 3.374561 156.546432 1.223647 0.611351
17760.000000 3.418530 156.702514 1.234014 0.617983
17780.000000 3.463384 156.858238 1.239871 0.624480
17800.000000 3.508973 157.013531 1.240972 0.630819
17820.000000 3.555130 157.168327 1.237076 0.636981
17840.000000 3.601671 157.322564 1.227948 0.642947
17860.000000 3.648384 157.476184 1.213365 0.648697
17880.000000 3.695026 157.629137 1.193123 0.654213
17900.000000 3.741319 157.781381 1.167044 0.659476
17920.000000 3.786939 157.932883 1.134981 0.664465
17940.000000 3.831515 158.083619 1.096831 0.669159
17960.000000 3.874622 158.233579 1.052546 0.673535
17980.000000 3.915786 158.382763 1.002138 0.677569
18000.000000 3.954484 158.531186 0.945692 0.681233
18020.000000 3.990162 158.678877 0.883378 0.684501
18040.000000 4.022247 158.825880 0.815455 0.687345
18060.000000 4.050173 158.972253 0.742283 0.689741
18080.000000 4.073409 159.118066 0.664330 0.691666
18100.000000 4.091484 159.263406 0.582173 0.693103
18120.000000 4.104015 159.408369 0.496506 0.694041
18140.000000 4.110727 159.553064 0.408129 0.694476
18160.000000 4.111467 159.697610 0.317934 0.694408
18180.000000 4.106211 159.842130 0.226884 0.693845
18200.000000 4.095066 159.986753 0.135976 0.692796
18220.000000 4.078264 160.131606 0.046208 0.691275
18240.000000 4.056150 160.276810 -0.041467 0.689296
18260.000000 4.029172 160.422478 -0.126171 0.686879
18280.000000 3.997855 160.568711 -0.207129 0.684044
18300.000000 3.962786 160.715593 -0.283687 0.680816
18320.000000 3.924582 160.863195 -0.355318 0.677223
18340.000000 3.883867 161.011566 -0.421619 0.673294
18360.000000 3.841244 161.160741 -0.482307 0.669061
18380.000000 3.797277 161.310736 -0.537206 0.664554
18400.000000 3.752473 161.461551 -0.586232 0.659803
18420.000000 3.707272 161.613172 -0.629383 0.654837
18440.000000 3.662044 161.765570 -0.666719 0.649681
18460.000000 3.617092 161.918707 -0.698353 0.644357
18480.000000 3.572656 162.072535 -0.724435 0.638888
18500.000000 3.528920 162.226999 -0.745146 0.633289
18520.000000 3.486024 162.382037 -0.760681 0.627578
18540.000000 3.444068 162.537587 -0.771250 0.621768
18560.000000 3.403126 162.693579 -0.777067 0.615873
18580.000000 3.363251 162.849946 -0.778347 0.609904
18600.000000 3.324481 163.006616 -0.775301 0.603872
18620.000000 3.286845 163.163519 -0.768142 0.597789
18640.000000 3.250367 163.320585 -0.757072 0.591668
18660.000000 3.215069 163.477745 -0.742294 0.585522
18680.000000 3.180975 163.634930 -0.724003 0.579365
18700.000000 3.148108 163.792073 -0.702391 0.573214
18720.000000 3.116497 163.949111 -0.677644 0.567087
18740.000000 3.086173 164.105982 -0.649949 0.561005
18760.000000 3.057168 164.262629 -0.619485 0.554989
18780.000000 3.029519 164.419000 -0.586430 0.549065
18800.000000 3.003264 164.575045 -0.550959 0.543261
18820.000000 2.978443 164.730724 -0.513243 0.537603
18840.000000 2.955095 164.886001 -0.473449 0.532124
18860.000000 2.933260 165.040849 -0.431741 0.526854
18880.000000 2.912976 165.195247 -0.388278 0.521827
18900.000000 2.894280 165.349184 -0.343215 0.517076
18920.000000 2.877206 165.502658 -0.296700 0.512633
18940.000000 2.861786 165.655676 -0.248878 0.508531
18960.000000 2.848050 165.808254 -0.199886 0.504801
18980.000000 2.836025 165.960418 -0.149858 0.501475
19000.000000 2.825735 166.112201 -0.098922 0.498579
19020.000000 2.817205 166.263646 -0.047199 0.496140
19040.000000 2.810453 166.414802 0.005192 0.494180
19060.000000 2.805502 166.565726 0.058137 0.492720
19080.000000 2.802371 166.716479 0.111524 0.491775
19100.000000 2.801077 166.867128 0.165245 0.491357
19120.000000 2.801640 167.017739 0.219192 0.491476
19140.000000 2.804078 167.168384 0.273258 0.492136
19160.000000 2.808409 167.319130 0.327334 0.493337
19180.000000 2.814650 167.470045 0.381310 0.495074
19200.000000 2.822818 167.621193 0.435073 0.497339
19220.000000 2.832928 167.772630 0.488502 0.500119
19240.000000 2.844993 167.924410 0.541475 0.503397
19260.000000 2.859023 168.076575 0.593860 0.507153
19280.000000 2.875025 168.229163 0.645517 0.511360
19300.000000 2.893000 168.382197 0.696300 0.515992
19320.000000 2.912947 168.535694 0.746051 0.521017
19340.000000 2.934855 168.689658 0.794603 0.526401
19360.000000 2.958709 168.844083 0.841780 0.532109
19380.000000 2.984486 168.998954 0.887396 0.538103
19400.000000 3.012155 169.154242 0.931256 0.544345
19420.000000 3.041678 169.309911 0.973157 0.550797
19440.000000 3.073008 169.465916 1.012887 0.557418
19460.000000 3.106090 169.622204 1.050227 0.564172
19480.000000 3.140860 169.778713 1.084953 0.571021
19500.000000 3.177247 169.935378 1.116835 0.577929
19520.000000 3.215169 170.092127 1.145639 0.584863
19540.000000 3.254538 170.248888 1.171127 0.591789
19560.000000 3.295258 170.405583 1.193057 0.598678
19580.000000 3.337221 170.562136 1.211186 0.605502
19600.000000 3.380313 170.718470 1.225266 0.612234
19620.000000 3.424407 170.874510 1.235052 0.618849
19640.000000 3.469367 171.030180 1.240295 0.625326
19660.000000 3.515040 171.185412 1.240749 0.631644
19680.000000 3.561260 171.340137 1.236175 0.637781
19700.000000 3.607836 171.494296 1.226339 0.643719
19720.000000 3.654554 171.647830 1.211020 0.649440
19740.000000 3.701167 171.800692 1.190017 0.654923
19760.000000 3.747390 171.952840 1.163154 0.660151
19780.000000 3.792895 172.104242 1.130292 0.665103
19800.000000 3.837302 172.254876 1.091334 0.669756
19820.000000 3.880181 172.404732 1.046238 0.674088
19840.000000 3.921050 172.553815 0.995026 0.678074
19860.000000 3.959382 172.702139 0.937793 0.681688
19880.000000 3.994618 172.849737 0.874722 0.684901
19900.000000 4.026186 172.996653 0.806083 0.687688
19920.000000 4.053522 173.142947 0.732250 0.690023
19940.000000 4.076101 173.288693 0.653706 0.691884
19960.000000 4.093464 173.433977 0.571043 0.693256
19980.000000 4.105240 173.578898 0.484970 0.694127
20000.000000 4.111169 173.723567 0.396300 0.694495
20020.000000 4.111115 173.868102 0.305936 0.694362
20040.000000 4.105073 174.012628 0.214847 0.693734
20060.000000 4.093165 174.157275 0.124033 0.692622
20080.000000 4.075639 174.302167 0.034488 0.691039
20100.000000 4.052855 174.447426 -0.052843 0.689001
20120.000000 4.025272 174.593163 -0.137094 0.686528
20140.000000 3.993425 174.739477 -0.217506 0.683640
20160.000000 3.957906 174.886451 -0.293441 0.680362
20180.000000 3.919335 175.034152 -0.364388 0.676723
20200.000000 3.878334 175.182628 -0.429961 0.672752
20220.000000 3.835503 175.331910 -0.489893 0.668481
20240.000000 3.791397 175.482014 -0.544019 0.663940
20260.000000 3.746517 175.632937 -0.592268 0.659159
20280.000000 3.701292 175.784662 -0.634646 0.654166
20300.000000 3.656085 175.937160 -0.671221 0.648987
20320.000000 3.611189 176.090391 -0.702112 0.643643
20340.000000 3.566836 176.244306 -0.727474 0.638155
20360.000000 3.523204 176.398850 -0.747490 0.632541
20380.000000 3.480427 176.553960 -0.762357 0.626816
20400.000000 3.438601 176.709571 -0.772286 0.620994
20420.000000 3.397798 176.865617 -0.777492 0.615089
20440.000000 3.358067 177.022028 -0.778188 0.609110
20460.000000 3.319445 177.178733 -0.774587 0.603071
20480.000000 3.281960 177.335662 -0.766899 0.596983
20500.000000 3.245637 177.492744 -0.755329 0.590858
20520.000000 3.210496 177.649911 -0.740075 0.584709
20540.000000 3.176563 177.807094 -0.721335 0.578552
20560.000000 3.143861 177.964227 -0.699298 0.572403
20580.000000 3.112418 178.121246 -0.674152 0.566281
20600.000000 3.082265 178.278091 -0.646080 0.560206
20620.000000 3.053437 178.434705 -0.615264 0.554201
20640.000000 3.025970 178.591035 -0.581880 0.548291
20660.000000 2.999903 178.747034 -0.546102 0.542504
20680.000000 2.975274 178.902662 -0.508102 0.536869
20700.000000 2.952123 179.057884 -0.468046 0.531415
20720.000000 2.930491 179.212673 -0.426098 0.526176
20740.000000 2.910415 179.367010 -0.382415 0.521183
20760.000000 2.891931 179.520886 -0.337151 0.516470
20780.000000 2.875074 179.674300 -0.290456 0.512071
20800.000000 2.859875 179.827258 -0.242471 0.508016
20820.000000 2.846363 179.979780 -0.193335 0.504338
20840.000000 2.834566 180.131891 -0.143180 0.501067
20860.000000 2.824507 180.283627 -0.092132 0.498230
20880.000000 2.816210 180.435031 -0.040315 0.495853
20900.000000 2.809696 180.586153 0.012156 0.493959
20920.000000 2.804984 180.737051 0.065165 0.492565
20940.000000 2.802094 180.887786 0.118603 0.491689
20960.000000 2.801044 181.038426 0.172359 0.491342
20980.000000 2.801854 181.189038 0.226328 0.491532
21000.000000 2.804541 181.339692 0.280402 0.492264
21020.000000 2.809123 181.490457 0.334471 0.493535
21040.000000 2.815618 181.641399 0.388426 0.495343
21060.000000 2.824042 181.792582 0.442151 0.497677
21080.000000 2.834409 181.944062 0.495528 0.500524
21100.000000 2.846733 182.095890 0.548431 0.503867
21120.000000 2.861024 182.248109 0.600727 0.507683
21140.000000 2.877286 182.400754 0.652278 0.511948
21160.000000 2.895522 182.553849 0.702934 0.516634
21180.000000 2.915728 182.707408 0.752536 0.521708
21200.000000 2.937894 182.861433 0.800917 0.527137
21220.000000 2.962004 183.015919 0.847898 0.532885
21240.000000 2.988032 183.170846 0.893294 0.538914
21260.000000 3.015949 183.326187 0.936907 0.545186
21280.000000 3.045714 183.481903 0.978534 0.551662
21300.000000 3.077279 183.637949 1.017960 0.558303
21320.000000 3.110587 183.794269 1.054968 0.565072
21340.000000 3.145575 183.950803 1.089332 0.571931
21360.000000 3.182169 184.107483 1.120821 0.578844
21380.000000 3.220288 184.264238 1.149201 0.585779
21400.000000 3.259841 184.420995 1.174233 0.592702
21420.000000 3.300731 184.577676 1.195675 0.599584
21440.000000 3.342850 184.734204 1.213283 0.606397
21460.000000 3.386082 184.890504 1.226810 0.613115
21480.000000 3.430299 185.046498 1.236010 0.619713
21500.000000 3.475362 185.202115 1.240634 0.626170
21520.000000 3.521117 185.357283 1.240439 0.632465
21540.000000 3.567395 185.511937 1.235183 0.638577
21560.000000 3.614003 185.666016 1.224634 0.644488
21580.000000 3.660722 185.819465 1.208576 0.650178
21600.000000 3.707301 185.972234 1.186808 0.655629
21620.000000 3.753449 186.124285 1.159161 0.660821
21640.000000 3.798832 186.275587 1.125498 0.665735
21660.000000 3.843063 186.426118 1.085730 0.670347
21680.000000 3.885705 186.575872 1.039823 0.674635
21700.000000 3.926270 186.724853 0.987809 0.678574
21720.000000 3.964226 186.873080 0.929793 0.682136
21740.000000 3.999010 187.020584 0.865968 0.685294
21760.000000 4.030050 187.167415 0.796619 0.688023
21780.000000 4.056787 187.313632 0.722134 0.690296
21800.000000 4.078703 187.459311 0.643009 0.692094
21820.000000 4.095346 187.604541 0.559854 0.693400
21840.000000 4.106362 187.749423 0.473389 0.694205
21860.000000 4.111506 187.894067 0.384441 0.694506
21880.000000 4.110659 188.038593 0.293925 0.694307
21900.000000 4.103832 188.183129 0.202815 0.693614
21920.000000 4.091166 188.327800 0.112113 0.692439
21940.000000 4.072922 188.472734 0.022807 0.690796
21960.000000 4.049476 188.618050 -0.064165 0.688699
21980.000000 4.021298 188.763858 -0.147950 0.686170
22000.000000 3.988931 188.910255 -0.227804 0.683228
22020.000000 3.952973 189.057322 -0.303107 0.679901
22040.000000 3.914046 189.205122 -0.373363 0.676216
22060.000000 3.872769 189.353703 -0.438205 0.672204
22080.000000 3.829739 189.503094 -0.497377 0.667896
22100.000000 3.785504 189.653306 -0.550729 0.663322
22120.000000 3.740555 189.804336 -0.598201 0.658511
22140.000000 3.695313 189.956165 -0.639807 0.653492
22160.000000 3.650132 190.108763 -0.675624 0.648290
22180.000000 3.605295 190.262087 -0.705775 0.642926
22200.000000 3.561028 190.416089 -0.730420 0.637420
22220.000000 3.517503 190.570710 -0.749744 0.631791
22240.000000 3.474846 190.725890 -0.763947 0.626053
22260.000000 3.433152 190.881564 -0.773240 0.620219
22280.000000 3.392488 191.037662 -0.777837 0.614303
22300.000000 3.352901 191.194115 -0.777954 0.608316
22320.000000 3.314428 191.350854 -0.773802 0.602269
22340.000000 3.277095 191.507807 -0.765589 0.596175
22360.000000 3.240927 191.664905 -0.753521 0.590046
22380.000000 3.205945 191.822077 -0.737796 0.583896
22400.000000 3.172172 191.979257 -0.718609 0.577739
22420.000000 3.139635 192.136379 -0.696151 0.571592
22440.000000 3.108361 192.293379 -0.670608 0.565475
22460.000000 3.078381 192.450196 -0.642163 0.559408
22480.000000 3.049731 192.606775 -0.610998 0.553414
22500.000000 3.022446 192.763064 -0.577288 0.547519
22520.000000 2.996566 192.919017 -0.541207 0.541751
22540.000000 2.972130 193.074593 -0.502926 0.536137
22560.000000 2.949178 193.229759 -0.462611 0.530710
22580.000000 2.927749 193.384489 -0.420424 0.525501
22600.000000 2.907881 193.538766 -0.376524 0.520544
22620.000000 2.889610 193.692581 -0.331063 0.515871
22640.000000 2.872970 193.845933 -0.284189 0.511515
22660.000000 2.857993 193.998833 -0.236044 0.507508
22680.000000 2.844706 194.151299 -0.186766 0.503882
22700.000000 2.833137 194.303358 -0.136486 0.500667
22720.000000 2.823310 194.455048 -0.085330 0.497890
22740.000000 2.815247 194.606411 -0.033419 0.495575
22760.000000 2.808970 194.757500 0.019129 0.493745
22780.000000 2.804497 194.908373 0.072201 0.492419
22800.000000 2.801849 195.059092 0.125687 0.491613
22820.000000 2.801044 195.209724 0.179478 0.491336
22840.000000 2.802101 195.360338 0.233467 0.491598
22860.000000 2.805037 195.511003 0.287546 0.492401
22880.000000 2.809871 195.661787 0.341607 0.493744
22900.000000 2.816620 195.812758 0.395538 0.495621
22920.000000 2.825299 195.963976 0.449224 0.498024
22940.000000 2.835925 196.115499 0.502545 0.500937
22960.000000 2.848508 196.267377 0.555376 0.504344
22980.000000 2.863058 196.419651 0.607582 0.508221
23000.000000 2.879582 196.572354 0.659023 0.512544
23020.000000 2.898078 196.725509 0.709549 0.517283
23040.000000 2.918544 196.879130 0.759000 0.522406
23060.000000 2.940968 197.033217 0.807206 0.527879
23080.000000 2.965332 197.187762 0.853989 0.533666
23100.000000 2.991612 197.342745 0.899161 0.539730
23120.000000 3.019775 197.498138 0.942524 0.546031
23140.000000 3.049781 197.653901 0.983872 0.552531
23160.000000 3.081579 197.809986 1.022992 0.559191
23180.000000 3.115114 197.966338 1.059663 0.565973
23200.000000 3.150318 198.122895 1.093661 0.572841
23220.000000 3.187118 198.279590 1.124753 0.579760
23240.000000 3.225432 198.436349 1.152704 0.586694
23260.000000 3.265168 198.593100 1.177276 0.593614
23280.000000 3.306226 198.749766 1.198225 0.600488
23300.000000 3.348499 198.906268 1.215309 0.607290
23320.000000 3.391868 199.062532 1.228279 0.613993
23340.000000 3.436205 199.218480 1.236888 0.620575
23360.000000 3.481369 199.374042 1.240890 0.627012
23380.000000 3.527204 199.529146 1.240040 0.633283
23400.000000 3.573537 199.683727 1.234098 0.639370
23420.000000 3.620172 199.837726 1.222834 0.645252
23440.000000 3.666888 199.991088 1.206032 0.650912
23460.000000 3.713428 200.143764 1.183497 0.656330
23480.000000 3.759495 200.295718 1.155062 0.661487
23500.000000 3.804749 200.446918 1.120597 0.666362
23520.000000 3.848796 200.597348 1.080019 0.670933
23540.000000 3.891193 200.746999 1.033302 0.675176
23560.000000 3.931445 200.895879 0.980487 0.679066
23580.000000 3.969014 201.044008 0.921691 0.682577
23600.000000 4.003337 201.191420 0.857118 0.685680
23620.000000 4.033840 201.338166 0.787066 0.688350
23640.000000 4.059969 201.484307 0.711937 0.690561
23660.000000 4.081212 201.629922 0.632243 0.692295
23680.000000 4.097130 201.775100 0.548606 0.693535
23700.000000 4.107382 201.919944 0.461764 0.694274
23720.000000 4.111739 202.064565 0.372555 0.694509
23740.000000 4.110098 202.209086 0.281904 0.694244
23760.000000 4.102489 202.353631 0.190790 0.693487
23780.000000 4.089069 202.498330 0.100216 0.692249
23800.000000 4.070114 202.643308 0.011167 0.690544
23820.000000 4.046015 202.788683 -0.075431 0.688390
23840.000000 4.017250 202.934564 -0.158737 0.685804
23860.000000 3.984374 203.081045 -0.238023 0.682810
23880.000000 3.947988 203.228205 -0.312684 0.679434
23900.000000 3.908715 203.376106 -0.382245 0.675705
23920.000000 3.867174 203.524793 -0.446349 0.671651
23940.000000 3.823954 203.674292 -0.504759 0.667306
23960.000000 3.779598 203.824613 -0.557336 0.662699
23980.000000 3.734588 203.975750 -0.604031 0.657860
24000.000000 3.689336 204.127682 -0.644867 0.652815
24020.000000 3.644185 204.280378 -0.679928 0.647590
24040.000000 3.599412 204.433795 -0.709342 0.642206
24060.000000 3.555234 204.587882 -0.733273 0.636684
24080.000000 3.511816 204.742581 -0.751909 0.631039
24100.000000 3.469282 204.897830 -0.765451 0.625287
24120.000000 3.427721 205.053563 -0.774112 0.619442
24140.000000 3.387196 205.209712 -0.778105 0.613516
24160.000000 3.347755 205.366207 -0.777645 0.607520
24180.000000 3.309431 205.522978 -0.772945 0.601467
24200.000000 3.272251 205.679955 -0.764212 0.595368
24220.000000 3.236238 205.837066 -0.751649 0.589235
24240.000000 3.201414 205.994244 -0.735456 0.583083
24260.000000 3.167803 206.151420 -0.715826 0.576926
24280.000000 3.135431 206.308529 -0.692950 0.570782
24300.000000 3.104326 206.465508 -0.667013 0.564670
24320.000000 3.074520 206.622297 -0.638199 0.558612
24340.000000 3.046048 206.778841 -0.606687 0.552629
24360.000000 3.018947 206.935088 -0.572654 0.546750
24380.000000 2.993255 207.090993 -0.536273 0.541000
24400.000000 2.969013 207.246516 -0.497714 0.535409
24420.000000 2.946260 207.401626 -0.457143 0.530009
24440.000000 2.925035 207.556297 -0.414721 0.524832
24460.000000 2.905376 207.710513 -0.370605 0.519910
24480.000000 2.887318 207.864267 -0.324950 0.515276
24500.000000 2.870896 208.017559 -0.277900 0.510965
24520.000000 2.856140 208.170400 -0.229598 0.507007
24540.000000 2.843079 208.322811 -0.180180 0.503434
24560.000000 2.831739 208.474819 -0.129777 0.500275
24580.000000 2.822144 208.626462 -0.078514 0.497557
24600.000000 2.814315 208.777787 -0.026513 0.495305
24620.000000 2.808275 208.928844 0.026111 0.493541
24640.000000 2.804043 209.079692 0.079244 0.492283
24660.000000 2.801637 209.230396 0.132776 0.491546
24680.000000 2.801077 209.381022 0.186600 0.491340
24700.000000 2.802381 209.531638 0.240607 0.491673
24720.000000 2.805567 209.682315 0.294690 0.492547
24740.000000 2.810652 209.833120 0.348740 0.493961
24760.000000 2.817655 209.984120 0.402645 0.495909
24780.000000 2.826591 210.135376 0.456290 0.498380
24800.000000 2.837474 210.286943 0.509554 0.501360
24820.000000 2.850317 210.438871 0.562310 0.504830
24840.000000 2.865128 210.591200 0.614424 0.508767
24860.000000 2.881911 210.743962 0.665753 0.513147
24880.000000 2.900669 210.897178 0.716146 0.517938
24900.000000 2.921394 211.050860 0.765442 0.523109
24920.000000 2.944075 211.205008 0.813471 0.528626
24940.000000 2.968694 211.359613 0.860052 0.534452
24960.000000 2.995225 211.514652 0.904996 0.540549
24980.000000 3.023634 211.670096 0.948105 0.546879
25000.000000 3.053879 211.825905 0.989171 0.553402
25020.000000 3.085910 211.982028 1.027980 0.560081
25040.000000 3.119669 212.138411 1.064312 0.566876
25060.000000 3.155089 212.294990 1.097939 0.573753
25080.000000 3.192094 212.451697 1.128630 0.580675
25100.000000 3.230601 212.608460 1.156148 0.587610
25120.000000 3.270517 212.765204 1.180256 0.594525
25140.000000 3.311743 212.921853 1.200709 0.601391
25160.000000 3.354167 213.078328 1.217263 0.608182
25180.000000 3.397672 213.234554 1.229671 0.614870
25200.000000 3.442126 213.390456 1.237686 0.621434
25220.000000 3.487388 213.545961 1.241061 0.627850
25240.000000 3.533299 213.700999 1.239552 0.634098
25260.000000 3.579684 213.855507 1.232920 0.640159
25280.000000 3.626343 214.009425 1.220936 0.646013
25300.000000 3.673051 214.162698 1.203388 0.651642
25320.000000 3.719546 214.315282 1.180082 0.657027
25340.000000 3.765527 214.467137 1.150857 0.662147
25360.000000 3.810645 214.618237 1.115589 0.666983
25380.000000 3.854501 214.768563 1.074200 0.671513
25400.000000 3.896644 214.918112 1.026674 0.675711
25420.000000 3.936572 215.066891 0.973060 0.679552
25440.000000 3.973746 215.214923 0.913488 0.683011
25460.000000 4.007597 215.362245 0.848172 0.686058
25480.000000 4.037554 215.508906 0.777424 0.688668
25500.000000 4.063065 215.654974 0.701661 0.690818
25520.000000 4.083628 215.800525 0.621407 0.692487
25540.000000 4.098815 215.945653 0.537303 0.693661
25560.000000 4.108299 216.090461 0.450098 0.694334
25580.000000 4.111867 216.235062 0.360644 0.694502
25600.000000 4.109433 216.379578 0.269874 0.694172
25620.000000 4.101045 216.524137 0.178774 0.693350
25640.000000 4.086875 216.668866 0.088346 0.692050
25660.000000 4.067217 216.813889 -0.000431 0.690285
25680.000000 4.042471 216.959325 -0.086639 0.688072
25700.000000 4.013131 217.105280 -0.169454 0.685432
25720.000000 3.979756 217.251846 -0.248161 0.682386
25740.000000 3.942953 217.399101 -0.322173 0.678961
25760.000000 3.903345 217.547104 -0.391030 0.675187
25780.000000 3.861549 217.695897 -0.454394 0.671094
25800.000000 3.818150 217.845504 -0.512040 0.666712
25820.000000 3.773681 217.995934 -0.563841 0.662073
25840.000000 3.728617 218.147177 -0.609759 0.657205
25860.000000 3.683360 218.299213 -0.649827 0.652135
25880.000000 3.638244 218.452007 -0.684133 0.646888
25900.000000 3.593539 218.605515 -0.712813 0.641485
25920.000000 3.549453 218.759686 -0.736034 0.635945
25940.000000 3.506146 218.914461 -0.753985 0.630285
25960.000000 3.463735 219.069778 -0.766870 0.624520
25980.000000 3.422308 219.225570 -0.774902 0.618664
26000.000000 3.381924 219.381769 -0.778295 0.612728
26020.000000 3.342629 219.538305 -0.777263 0.606724
26040.000000 3.304454 219.695107 -0.772018 0.600664
26060.000000 3.267427 219.852105 -0.762768 0.594559
26080.000000 3.231570 220.009229 -0.749714 0.588423
26100.000000 3.196905 220.166410 -0.733056 0.582270
26120.000000 3.163456 220.323581 -0.712987 0.576114
26140.000000 3.131249 220.480677 -0.689695 0.569973
26160.000000 3.100314 220.637634 -0.663368 0.563867
26180.000000 3.070682 220.794394 -0.634188 0.557817
26200.000000 3.042389 220.950901 -0.602333 0.551846
26220.000000 3.015472 221.107105 -0.567980 0.545982
26240.000000 2.989969 221.262962 -0.531302 0.540251
26260.000000 2.965922 221.418433 -0.492467 0.534684
26280.000000 2.943368 221.573486 -0.451642 0.529312
26300.000000 2.922348 221.728098 -0.408988 0.524166
26320.000000 2.902898 221.882253 -0.364660 0.519280
26340.000000 2.885055 222.035945 -0.318812 0.514688
26360.000000 2.868851 222.189177 -0.271589 0.510421
26380.000000 2.854317 222.341960 -0.223132 0.506512
26400.000000 2.841482 222.494315 -0.173576 0.502992
26420.000000 2.830371 222.646273 -0.123053 0.499890
26440.000000 2.821008 222.797872 -0.071686 0.497232
26460.000000 2.813415 222.949157 -0.019596 0.495044
26480.000000 2.807612 223.100184 0.033102 0.493345
26500.000000 2.803620 223.251010 0.086294 0.492155
26520.000000 2.801457 223.401699 0.139871 0.491488
26540.000000 2.801142 223.552320 0.193725 0.491353
26560.000000 2.802693 223.702940 0.247748 0.491757
26580.000000 2.806129 223.853630 0.301833 0.492703
26600.000000 2.811467 224.004457 0.355870 0.494188
26620.000000 2.818724 224.155487 0.409748 0.496205
26640.000000 2.827917 224.306781 0.463350 0.498745
26660.000000 2.839058 224.458393 0.516554 0.501790
26680.000000 2.852160 224.610372 0.569233 0.505323
26700.000000 2.867231 224.762756 0.621251 0.509321
26720.000000 2.884276 224.915577 0.672466 0.513756
26740.000000 2.903293 225.068855 0.722723 0.518600
26760.000000 2.924278 225.222598 0.771862 0.523819
26780.000000 2.947216 225.376808 0.819710 0.529379
26800.000000 2.972089 225.531471 0.866086 0.535243
26820.000000 2.998870 225.686566 0.910800 0.541373
26840.000000 3.027524 225.842061 0.953651 0.547730
26860.000000 3.058009 225.997914 0.994431 0.554276
26880.000000 3.090272 226.154075 1.032926 0.560972
26900.000000 3.124254 226.310488 1.068913 0.567781
26920.000000 3.159887 226.467088 1.102166 0.574665
26940.000000 3.197096 226.623806 1.132451 0.581591
26960.000000 3.235794 226.780571 1.159533 0.588525
26980.000000 3.275890 226.937307 1.183172 0.595435
27000.000000 3.317280 227.093937 1.203124 0.602293
27020.000000 3.359854 227.250383 1.219145 0.609071
27040.000000 3.403492 227.406571 1.230987 0.615745
27060.000000 3.448061 227.562424 1.238403 0.622290
27080.000000 3.493418 227.717872 1.241147 0.628685
27100.000000 3.539402 227.872844 1.238974 0.634910
27120.000000 3.585835 228.027277 1.231648 0.640944
27140.000000 3.632515 228.181112 1.218942 0.646770
27160.000000 3.679210 228.334297 1.200644 0.652367
27180.000000 3.725656 228.486786 1.176565 0.657718
27200.000000 3.771544 228.638543 1.146548 0.662803
27220.000000 3.816519 228.789542 1.110474 0.667600
27240.000000 3.860176 228.939765 1.068274 0.672087
27260.000000 3.902056 229.089212 1.019939 0.676239
27280.000000 3.941652 229.237891 0.965530 0.680032
27300.000000 3.978420 229.385827 0.905184 0.683437
27320.000000 4.011789 229.533058 0.839131 0.686428
27340.000000 4.041190 229.679637 0.767695 0.688979
27360.000000 4.066075 229.825631 0.691306 0.691066
27380.000000 4.085950 229.971121 0.610504 0.692671
27400.000000 4.100401 230.116200 0.525945 0.693779
27420.000000 4.109112 230.260974 0.438392 0.694385
27440.000000 4.111889 230.405557 0.348710 0.694487
27460.000000 4.108664 230.550071 0.257839 0.694091
27480.000000 4.099500 230.694645 0.166770 0.693206
27500.000000 4.084585 230.839406 0.076505 0.691843
27520.000000 4.064230 230.984478 -0.011983 0.690018
27540.000000 4.038848 231.129976 -0.097789 0.687748
27560.000000 4.008941 231.276007 -0.180099 0.685052
27580.000000 3.975078 231.422660 -0.258217 0.681955
27600.000000 3.937869 231.570011 -0.331572 0.678482
27620.000000 3.897937 231.718116 -0.399720 0.674664
27640.000000 3.855897 231.867015 -0.462340 0.670531
27660.000000 3.812327 232.016731 -0.519218 0.666113
27680.000000 3.767754 232.167269 -0.570243 0.661442
27700.000000 3.722642 232.318618 -0.615385 0.656546
27720.000000 3.677386 232.470756 -0.654686 0.651452
27740.000000 3.632311 232.623647 -0.688240 0.646183
27760.000000 3.587676 232.777246 -0.716189 0.640760
27780.000000 3.543685 232.931501 -0.738703 0.635204
27800.000000 3.500491 233.086351 -0.755973 0.629529
27820.000000 3.458206 233.241735 -0.768205 0.623752
27840.000000 3.416913 233.397584 -0.775611 0.617884
27860.000000 3.376671 233.553832 -0.778408 0.611938
27880.000000 3.337522 233.710407 -0.776807 0.605926
27900.000000 3.299498 233.867239 -0.771022 0.599860
27920.000000 3.262624 234.024257 -0.761257 0.593750
27940.000000 3.226923 234.181393 -0.747716 0.587611
27960.000000 3.192417 234.338577 -0.730597 0.581456
27980.000000 3.159130 234.495741 -0.710091 0.575301
28000.000000 3.127090 234.652822 -0.686388 0.569164
28020.000000 3.096325 234.809756 -0.659674 0.563064
28040.000000 3.066868 234.966486 -0.630130 0.557023
28060.000000 3.038754 235.122956 -0.597935 0.551065
28080.000000 3.012022 235.279117 -0.563265 0.545217
28100.000000 2.986709 235.434925 -0.526292 0.539506
28120.000000 2.962856 235.590342 -0.487186 0.533963
28140.000000 2.940503 235.745338 -0.446110 0.528618
28160.000000 2.919688 235.899890 -0.403225 0.523505
28180.000000 2.900449 236.053984 -0.358689 0.518656
28200.000000 2.882820 236.207616 -0.312650 0.514105
28220.000000 2.866835 236.360787 -0.265256 0.509883
28240.000000 2.852524 236.513512 -0.216647 0.506024
28260.000000 2.839915 236.665813 -0.166956 0.502558
28280.000000 2.829034 236.817721 -0.116314 0.499513
28300.000000 2.819903 236.969276 -0.064845 0.496916
28320.000000 2.812545 237.120524 -0.012668 0.494791
28340.000000 2.806981 237.271520 0.040101 0.493159
28360.000000 2.803229 237.422324 0.093351 0.492037
28380.000000 2.801309 237.573001 0.146970 0.491439
28400.000000 2.801239 237.723617 0.200853 0.491375
28420.000000 2.803039 237.874243 0.254890 0.491851
28440.000000 2.806725 238.024947 0.308975 0.492868
28460.000000 2.812315 238.175797 0.362998 0.494424
28480.000000 2.819827 238.326859 0.416846 0.496511
28500.000000 2.829276 238.478192 0.470402 0.499118
28520.000000 2.840676 238.629850 0.523545 0.502229
28540.000000 2.854038 238.781880 0.576144 0.505825
28560.000000 2.869369 238.934321 0.628065 0.509882
28580.000000 2.886675 239.087201 0.679162 0.514373
28600.000000 2.905952 239.240540 0.729281 0.519269
28620.000000 2.927196 239.394345 0.778259 0.524535
28640.000000 2.950391 239.548615 0.825924 0.530137
28660.000000 2.975518 239.703337 0.872092 0.536038
28680.000000 3.002548 239.858487 0.916571 0.542200
28700.000000 3.031447 240.014032 0.959160 0.548585
28720.000000 3.062169 240.169928 0.999651 0.555153
28740.000000 3.094663 240.326126 1.037828 0.561866
28760.000000 3.128867 240.482567 1.073467 0.568687
28780.000000 3.164713 240.639187 1.106341 0.575579
28800.000000 3.202124 240.795916 1.136217 0.582507
28820.000000 3.241012 240.952681 1.162858 0.589440
28840.000000 3.281284 241.109407 1.186024 0.596345
28860.000000 3.322838 241.266018 1.205471 0.603194
28880.000000 3.365560 241.422434 1.220954 0.609959
28900.000000 3.409328 241.578582 1.232225 0.616617
28920.000000 3.454010 241.734386 1.239039 0.623144
28940.000000 3.499459 241.889774 1.241147 0.629518
28960.000000 3.545513 242.044679 1.238307 0.635718
28980.000000 3.591991 242.199036 1.230283 0.641726
29000.000000 3.638687 242.352789 1.216850 0.647523
29020.000000 3.685366 242.505884 1.197798 0.653089
29040.000000 3.731756 242.658278 1.172944 0.658406
29060.000000 3.777544 242.809936 1.142132 0.663453
29080.000000 3.822370 242.960833 1.105252 0.668211
29100.000000 3.865820 243.110954 1.062241 0.672655
29120.000000 3.907428 243.260298 1.013099 0.676761
29140.000000 3.946683 243.408877 0.957895 0.680504
29160.000000 3.983034 243.556717 0.896781 0.683857
29180.000000 4.015912 243.703859 0.829996 0.686791
29200.000000 4.044746 243.850357 0.757878 0.689282
29220.000000 4.068997 243.996280 0.680873 0.691306
29240.000000 4.088178 244.141710 0.599536 0.692846
29260.000000 4.101886 244.286743 0.514535 0.693888
29280.000000 4.109822 244.431484 0.426649 0.694427
29300.000000 4.111807 244.576051 0.336754 0.694463
29320.000000 4.107791 244.720566 0.245800 0.694002
29340.000000 4.097854 244.865157 0.154781 0.693053
29360.000000 4.082201 245.009952 0.064696 0.691628
29380.000000 4.061156 245.155074 -0.023489 0.689743
29400.000000 4.035146 245.300637 -0.108877 0.687415
29420.000000 4.004683 245.446745 -0.190670 0.684665
29440.000000 3.970342 245.593486 -0.268189 0.681517
29460.000000 3.932737 245.740934 -0.340880 0.677997
29480.000000 3.892493 245.889142 -0.408314 0.674136
29500.000000 3.850218 246.038148 -0.470185 0.669963
29520.000000 3.806486 246.187972 -0.526295 0.665510
29540.000000 3.761817 246.338618 -0.576542 0.660808
29560.000000 3.716665 246.490073 -0.620909 0.655884
29580.000000 3.671416 246.642313 -0.659444 0.650765
29600.000000 3.626385 246.795300 -0.692250 0.645475
29620.000000 3.581825 246.948989 -0.719470 0.640034
29640.000000 3.537931 247.103326 -0.741280 0.634461
29660.000000 3.494851 247.258250 -0.757872 0.628772
29680.000000 3.452693 247.413699 -0.769455 0.622982
29700.000000 3.411536 247.569606 -0.776240 0.617103
29720.000000 3.371437 247.725900 -0.778444 0.611148
29740.000000 3.332435 247.882513 -0.776279 0.605128
29760.000000 3.294561 248.039374 -0.769956 0.599055
29780.000000 3.257840 248.196412 -0.759681 0.592941
29800.000000 3.222296 248.353558 -0.745656 0.586799
29820.000000 3.187950 248.510743 -0.728078 0.580643
29840.000000 3.154827 248.667900 -0.707139 0.574489
29860.000000 3.122953 248.824965 -0.683028 0.568356
29880.000000 3.092358 248.981876 -0.655930 0.562262
29900.000000 3.063077 249.138574 -0.626026 0.556231
29920.000000 3.035143 249.295006 -0.593494 0.550286
29940.000000 3.008596 249.451122 -0.558510 0.544454
29960.000000 2.983474 249.606881 -0.521246 0.538764
29980.000000 2.959817 249.762244 -0.481870 0.533245
30000.000000 2.937665 249.917182 -0.440546 0.527929
30020.000000 2.917056 250.071675 -0.397434 0.522849
30040.000000 2.898027 250.225708 -0.352691 0.518037
30060.000000 2.880614 250.379278 -0.306465 0.513528
30080.000000 2.864848 250.532390 -0.258903 0.509352
30100.000000 2.850761 250.685057 -0.210143 0.505543
30120.000000 2.838378 250.837304 -0.160319 0.502131
30140.000000 2.827727 250.989163 -0.109561 0.499144
30160.000000 2.818829 251.140674 -0.057991 0.496608
30180.000000 2.811707 251.291886 -0.005729 0.494547
30200.000000 2.806381 251.442853 0.047110 0.492981
30220.000000 2.802870 251.593637 0.100414 0.491928
30240.000000 2.801193 251.744301 0.154074 0.491400
30260.000000 2.801370 251.894915 0.207983 0.491407
30280.000000 2.803417 252.045547 0.262033 0.491955
30300.000000 2.807354 252.196267 0.316117 0.493043
30320.000000 2.813197 252.347142 0.370123 0.494670
30340.000000 2.820964 252.498236 0.423939 0.496826
30360.000000 2.830670 252.649608 0.477448 0.499501
30380.000000 2.842328 252.801313 0.530526 0.502677
30400.000000 2.855950 252.953395 0.583044 0.506335
30420.000000 2.871542 253.105893 0.634864 0.510451
30440.000000 2.889108 253.258833 0.685841 0.514998
30460.000000 2.908646 253.412233 0.735819 0.519944
30480.000000 2.930148 253.566100 0.784634 0.525256
30500.000000 2.953599 253.720431 0.832112 0.530900
30520.000000 2.978980 253.875211 0.878067 0.536838
30540.000000 3.006259 254.030415 0.922309 0.543031
30560.000000 3.035401 254.186009 0.964633 0.549442
30580.000000 3.066361 254.341948 1.004831 0.556032
30600.000000 3.099084 254.498182 1.042685 0.562761
30620.000000 3.133509 254.654650 1.077973 0.569594
30640.000000 3.169567 254.811288 1.110464 0.576492
30660.000000 3.207177 254.968026 1.139926 0.583423
30680.000000 3.246254 255.124791 1.166122 0.590354
30700.000000 3.286702 255.281506 1.188811 0.597253
30720.000000 3.328416 255.438095 1.207748 0.604092
30740.000000 3.371283 255.594481 1.222689 0.610845
30760.000000 3.415181 255.750587 1.233386 0.617487
30780.000000 3.459973 255.906340 1.239592 0.623995
30800.000000 3.505511 256.061668 1.241061 0.630347
30820.000000 3.551632 256.216504 1.237550 0.636523
30840.000000 3.598151 256.370785 1.228824 0.642504
30860.000000 3.644859 256.524454 1.214660 0.648271
30880.000000 3.691516 256.677459 1.194852 0.653806
30900.000000 3.737845 256.829758 1.169218 0.659088
30920.000000 3.783529 256.981316 1.137611 0.664099
30940.000000 3.828197 257.132111 1.099923 0.668816
30960.000000 3.871431 257.282129 1.056101 0.673217
30980.000000 3.912759 257.431371 1.006153 0.677277
31000.000000 3.951663 257.579851 0.950158 0.680970
31020.000000 3.987588 257.727596 0.888279 0.684269
31040.000000 4.019964 257.874649 0.820768 0.687146
31060.000000 4.048223 258.021067 0.747977 0.689577
31080.000000 4.071830 258.166920 0.670365 0.691538
31100.000000 4.090309 258.312292 0.588503 0.693012
31120.000000 4.103270 258.457280 0.503074 0.693988
31140.000000 4.110428 258.601991 0.414871 0.694460
31160.000000 4.111621 258.746544 0.324781 0.694431
31180.000000 4.106815 258.891062 0.233760 0.693904
31200.000000 4.096108 259.035673 0.142807 0.692892
31220.000000 4.079722 259.180504 0.052919 0.691405
31240.000000 4.057995 259.325677 -0.034946 0.689461
31260.000000 4.031365 259.471307 -0.119902 0.687076
31280.000000 4.000356 259.617494 -0.201167 0.684272
31300.000000 3.965549 259.764325 -0.278078 0.681073
31320.000000 3.927560 259.911870 -0.350095 0.677506
31340.000000 3.887012 260.060181 -0.416810 0.673602
31360.000000 3.844513 260.209295 -0.477929 0.669390
31380.000000 3.800630 260.359228 -0.533268 0.664903
31400.000000 3.755872 260.509982 -0.582739 0.660170
31420.000000 3.710687 260.661542 -0.626332 0.655219
31440.000000 3.665450 260.813883 -0.664103 0.650076
31460.000000 3.620468 260.966966 -0.696162 0.644764
31480.000000 3.575986 261.120744 -0.722657 0.639305
31500.000000 3.532192 261.275161 -0.743766 0.633716
31520.000000 3.489228 261.430159 -0.759685 0.628013
31540.000000 3.447199 261.585672 -0.770621 0.622210
31560.000000 3.406178 261.741633 -0.776789 0.616320
31580.000000 3.366222 261.897974 -0.778403 0.610356
31600.000000 3.327367 262.054624 -0.775677 0.604329
31620.000000 3.289644 262.211512 -0.768821 0.598250
31640.000000 3.253078 262.368568 -0.758039 0.592131
31660.000000 3.217690 262.525723 -0.743534 0.585986
31680.000000 3.183504 262.682909 -0.725501 0.579830
31700.000000 3.150544 262.840057 -0.704133 0.573678
31720.000000 3.118838 262.997105 -0.679616 0.567548
31740.000000 3.088415 263.153991 -0.652137 0.561461
31760.000000 3.059309 263.310657 -0.621876 0.555440
31780.000000 3.031557 263.467050 -0.589010 0.549509
31800.000000 3.005195 263.623122 -0.553715 0.543694
31820.000000 2.980264 263.778830 -0.516162 0.538024
31840.000000 2.956804 263.934138 -0.476520 0.532530
31860.000000 2.934853 264.089019 -0.434951 0.527244
31880.000000 2.914451 264.243451 -0.391615 0.522197
31900.000000 2.895634 264.397423 -0.346667 0.517424
31920.000000 2.878436 264.550932 -0.300257 0.512956
31940.000000 2.862891 264.703984 -0.252528 0.508828
31960.000000 2.849027 264.856595 -0.203620 0.505069
31980.000000 2.836872 265.008789 -0.153666 0.501711
