0.000000 3.988315 196.004800 0.627899 -0.680341
20.000000 3.964822 195.858587 0.712008 -0.678241
40.000000 3.936119 195.711811 0.791001 -0.675584
60.000000 3.902874 195.564397 0.864329 -0.672401
80.000000 3.865800 195.416287 0.931595 -0.668730
100.000000 3.825611 195.267443 0.992556 -0.664608
120.000000 3.782992 195.117846 1.047098 -0.660077
140.000000 3.738578 194.967492 1.095225 -0.655176
160.000000 3.692932 194.816393 1.137035 -0.649941
180.000000 3.646546 194.664577 1.172707 -0.644408
200.000000 3.599839 194.512081 1.202477 -0.638609
220.000000 3.553159 194.358955 1.226623 -0.632574
240.000000 3.506796 194.205256 1.245453 -0.626331
260.000000 3.460983 194.051046 1.259289 -0.619906
280.000000 3.415910 193.896394 1.268461 -0.613321
300.000000 3.371729 193.741372 1.273295 -0.606601
320.000000 3.328561 193.586055 1.274111 -0.599766
340.000000 3.286502 193.430518 1.271218 -0.592836
360.000000 3.245628 193.274839 1.264913 -0.585831
380.000000 3.205995 193.119096 1.255476 -0.578769
400.000000 3.167646 192.963365 1.243173 -0.571669
420.000000 3.130614 192.807723 1.228252 -0.564548
440.000000 3.094920 192.652242 1.210949 -0.557424
460.000000 3.060576 192.496996 1.191482 -0.550314
480.000000 3.027588 192.342054 1.170058 -0.543235
500.000000 2.995957 192.187481 1.146866 -0.536203
520.000000 2.965677 192.033341 1.122086 -0.529236
540.000000 2.936738 191.879691 1.095884 -0.522349
560.000000 2.909129 191.726585 1.068413 -0.515558
580.000000 2.882833 191.574072 1.039816 -0.508880
600.000000 2.857831 191.422195 1.010224 -0.502330
620.000000 2.834102 191.270992 0.979760 -0.495923
640.000000 2.811624 191.120497 0.948534 -0.489673
660.000000 2.790372 190.970734 0.916648 -0.483594
680.000000 2.770320 190.821725 0.884195 -0.477701
700.000000 2.751444 190.673484 0.851260 -0.472006
720.000000 2.733714 190.526018 0.817916 -0.466521
740.000000 2.717104 190.379332 0.784234 -0.461258
760.000000 2.701585 190.233419 0.750272 -0.456226
780.000000 2.687129 190.088272 0.716085 -0.451437
800.000000 2.673709 189.943875 0.681721 -0.446899
820.000000 2.661296 189.800209 0.647220 -0.442620
840.000000 2.649864 189.657246 0.612620 -0.438608
860.000000 2.639387 189.514958 0.577951 -0.434868
880.000000 2.629838 189.373309 0.543241 -0.431408
900.000000 2.621193 189.232261 0.508512 -0.428231
920.000000 2.613430 189.091771 0.473784 -0.425342
940.000000 2.606526 188.951793 0.439073 -0.422744
960.000000 2.600461 188.812279 0.404394 -0.420440
980.000000 2.595214 188.673175 0.369758 -0.418432
1000.000000 2.590770 188.534430 0.335174 -0.416721
1020.000000 2.587112 188.395986 0.300651 -0.415308
1040.000000 2.584225 188.257787 0.266196 -0.414193
1060.000000 2.582097 188.119774 0.231815 -0.413375
1080.000000 2.580717 187.981889 0.197513 -0.412854
1100.000000 2.580075 187.844072 0.163296 -0.412627
1120.000000 2.580165 187.706263 0.129169 -0.412694
1140.000000 2.580979 187.568404 0.095138 -0.413050
1160.000000 2.582513 187.430436 0.061208 -0.413693
1180.000000 2.584765 187.292303 0.027385 -0.414620
1200.000000 2.587732 187.153948 -0.006322 -0.415826
1220.000000 2.591415 187.015318 -0.039905 -0.417306
1240.000000 2.595813 186.876361 -0.073354 -0.419057
1260.000000 2.600931 186.737027 -0.106656 -0.421072
1280.000000 2.606770 186.597268 -0.139800 -0.423345
1300.000000 2.613335 186.457041 -0.172769 -0.425870
1320.000000 2.620630 186.316305 -0.205545 -0.428641
1340.000000 2.628663 186.175021 -0.238109 -0.431650
1360.000000 2.637438 186.033156 -0.270437 -0.434889
1380.000000 2.646963 185.890678 -0.302504 -0.438350
1400.000000 2.657244 185.747561 -0.334283 -0.442026
1420.000000 2.668290 185.603782 -0.365739 -0.445907
1440.000000 2.680107 185.459323 -0.396840 -0.449983
1460.000000 2.692703 185.314170 -0.427545 -0.454246
1480.000000 2.706085 185.168311 -0.457813 -0.458686
1500.000000 2.720262 185.021741 -0.487596 -0.463293
1520.000000 2.735240 184.874459 -0.516844 -0.468057
1540.000000 2.751027 184.726468 -0.545503 -0.472967
1560.000000 2.767631 184.577773 -0.573513 -0.478013
1580.000000 2.785059 184.428387 -0.600809 -0.483186
1600.000000 2.803319 184.278325 -0.627325 -0.488474
1620.000000 2.822419 184.127605 -0.652987 -0.493869
1640.000000 2.842369 183.976250 -0.677715 -0.499360
1660.000000 2.863178 183.824287 -0.701428 -0.504938
1680.000000 2.884858 183.671745 -0.724035 -0.510594
1700.000000 2.907421 183.518658 -0.745444 -0.516320
1720.000000 2.930880 183.365061 -0.765552 -0.522107
1740.000000 2.955253 183.210995 -0.784255 -0.527948
1760.000000 2.980557 183.056500 -0.801438 -0.533837
1780.000000 3.006813 182.901622 -0.816980 -0.539766
1800.000000 3.034045 182.746408 -0.830754 -0.545730
1820.000000 3.062279 182.590907 -0.842621 -0.551722
1840.000000 3.091544 182.435171 -0.852436 -0.557739
1860.000000 3.121869 182.279254 -0.860040 -0.563775
1880.000000 3.153289 182.123213 -0.865266 -0.569824
1900.000000 3.185836 181.967107 -0.867931 -0.575883
1920.000000 3.219545 181.810995 -0.867842 -0.581946
1940.000000 3.254446 181.654941 -0.864789 -0.588006
1960.000000 3.290566 181.499009 -0.858548 -0.594058
1980.000000 3.327925 181.343267 -0.848880 -0.600094
2000.000000 3.366528 181.187781 -0.835531 -0.606103
2020.000000 3.406365 181.032621 -0.818232 -0.612076
2040.000000 3.447401 180.877856 -0.796705 -0.617998
2060.000000 3.489568 180.723557 -0.770661 -0.623852
2080.000000 3.532754 180.569789 -0.739812 -0.629620
2100.000000 3.576794 180.416617 -0.703877 -0.635277
2120.000000 3.621461 180.264101 -0.662590 -0.640798
2140.000000 3.666449 180.112292 -0.615716 -0.646151
2160.000000 3.711366 179.961231 -0.563071 -0.651302
2180.000000 3.755733 179.810946 -0.504534 -0.656212
2200.000000 3.798977 179.661451 -0.440076 -0.660841
2220.000000 3.840445 179.512741 -0.369778 -0.665144
2240.000000 3.879418 179.364789 -0.293856 -0.669079
2260.000000 3.915134 179.217550 -0.212678 -0.672603
2280.000000 3.946826 179.070954 -0.126778 -0.675673
2300.000000 3.973760 178.924913 -0.036864 -0.678253
2320.000000 3.995268 178.779319 0.056196 -0.680310
2340.000000 4.010796 178.634047 0.151391 -0.681817
2360.000000 4.019928 178.488963 0.247609 -0.682750
2380.000000 4.022415 178.343928 0.343681 -0.683093
2400.000000 4.018191 178.198801 0.438439 -0.682835
2420.000000 4.007373 178.053448 0.530768 -0.681972
2440.000000 3.990256 177.907745 0.619654 -0.680511
2460.000000 3.967291 177.761581 0.704215 -0.678466
2480.000000 3.939056 177.614862 0.783722 -0.675860
2500.000000 3.906213 177.467511 0.857608 -0.672726
2520.000000 3.869472 177.319469 0.925464 -0.669099
2540.000000 3.829550 177.170697 0.987031 -0.665019
2560.000000 3.787134 177.021171 1.042186 -0.660525
2580.000000 3.742865 176.870889 1.090920 -0.655657
2600.000000 3.697314 176.719860 1.133325 -0.650453
2620.000000 3.650979 176.568110 1.169571 -0.644947
2640.000000 3.604287 176.415677 1.199891 -0.639172
2660.000000 3.557591 176.262609 1.224560 -0.633158
2680.000000 3.511187 176.108961 1.243882 -0.626934
2700.000000 3.465312 175.954797 1.258179 -0.620524
2720.000000 3.420162 175.800184 1.267780 -0.613954
2740.000000 3.375890 175.645195 1.273013 -0.607246
2760.000000 3.332622 175.489902 1.274198 -0.600421
2780.000000 3.290454 175.334383 1.271645 -0.593499
2800.000000 3.249464 175.178715 1.265652 -0.586500
2820.000000 3.209711 175.022974 1.256502 -0.579443
2840.000000 3.171239 174.867239 1.244460 -0.572346
2860.000000 3.134080 174.711585 1.229778 -0.565226
2880.000000 3.098258 174.556086 1.212692 -0.558102
2900.000000 3.063785 174.400814 1.193422 -0.550989
2920.000000 3.030668 174.245840 1.172175 -0.543907
2940.000000 2.998908 174.091229 1.149144 -0.536870
2960.000000 2.968500 173.937045 1.124508 -0.529895
2980.000000 2.939434 173.783346 1.098434 -0.523000
3000.000000 2.911699 173.630186 1.071077 -0.516200
3020.000000 2.885279 173.477615 1.042581 -0.509510
3040.000000 2.860154 173.325676 1.013079 -0.502947
3060.000000 2.836305 173.174408 0.982693 -0.496526
3080.000000 2.813709 173.023844 0.951535 -0.490260
3100.000000 2.792342 172.874010 0.919708 -0.484165
3120.000000 2.772177 172.724929 0.887305 -0.478254
3140.000000 2.753190 172.576614 0.854412 -0.472539
3160.000000 2.735352 172.429075 0.821104 -0.467034
3180.000000 2.718637 172.282314 0.787451 -0.461749
3200.000000 2.703015 172.136328 0.753514 -0.456695
3220.000000 2.688460 171.991109 0.719346 -0.451882
3240.000000 2.674942 171.846641 0.684997 -0.447320
3260.000000 2.662435 171.702906 0.650508 -0.443016
3280.000000 2.650910 171.559878 0.615916 -0.438978
3300.000000 2.640343 171.417527 0.581252 -0.435212
3320.000000 2.630707 171.275819 0.546544 -0.431725
3340.000000 2.621978 171.134715 0.511816 -0.428521
3360.000000 2.614132 170.994174 0.477087 -0.425604
3380.000000 2.607147 170.854150 0.442375 -0.422979
3400.000000 2.601002 170.714593 0.407692 -0.420647
3420.000000 2.595679 170.575453 0.373051 -0.418610
3440.000000 2.591159 170.436676 0.338462 -0.416871
3460.000000 2.587426 170.298206 0.303933 -0.415430
3480.000000 2.584467 170.159986 0.269471 -0.414286
3500.000000 2.582267 170.021958 0.235083 -0.413440
3520.000000 2.580816 169.884063 0.200773 -0.412891
3540.000000 2.580105 169.746242 0.166548 -0.412636
3560.000000 2.580125 169.608435 0.132412 -0.412675
3580.000000 2.580870 169.470583 0.098372 -0.413004
3600.000000 2.582336 169.332628 0.064431 -0.413620
3620.000000 2.584520 169.194513 0.030598 -0.414519
3640.000000 2.587419 169.056182 -0.003120 -0.415699
3660.000000 2.591033 168.917581 -0.036715 -0.417154
3680.000000 2.595364 168.778657 -0.070177 -0.418879
3700.000000 2.600413 168.639360 -0.103494 -0.420869
3720.000000 2.606183 168.499644 -0.136654 -0.423118
3740.000000 2.612679 168.359464 -0.169640 -0.425619
3760.000000 2.619905 168.218778 -0.202435 -0.428367
3780.000000 2.627867 168.077547 -0.235020 -0.431353
3800.000000 2.636571 167.935739 -0.267372 -0.434571
3820.000000 2.646024 167.793320 -0.299465 -0.438012
3840.000000 2.656233 167.650265 -0.331272 -0.441667
3860.000000 2.667206 167.506550 -0.362761 -0.445529
3880.000000 2.678949 167.362157 -0.393897 -0.449587
3900.000000 2.691470 167.217070 -0.424642 -0.453833
3920.000000 2.704778 167.071278 -0.454953 -0.458257
3940.000000 2.718879 166.924776 -0.484784 -0.462848
3960.000000 2.733780 166.777562 -0.514086 -0.467597
3980.000000 2.749490 166.629638 -0.542803 -0.472494
4000.000000 2.766016 166.481010 -0.570877 -0.477528
4020.000000 2.783365 166.331689 -0.598245 -0.482689
4040.000000 2.801545 166.181690 -0.624838 -0.487966
4060.000000 2.820565 166.031032 -0.650584 -0.493351
4080.000000 2.840434 165.879736 -0.675405 -0.498834
4100.000000 2.861161 165.727830 -0.699218 -0.504404
4120.000000 2.882758 165.575342 -0.721935 -0.510053
4140.000000 2.905235 165.422305 -0.743461 -0.515772
4160.000000 2.928609 165.268755 -0.763698 -0.521554
4180.000000 2.952894 165.114732 -0.782539 -0.527391
4200.000000 2.978109 164.960276 -0.799871 -0.533275
4220.000000 3.004274 164.805432 -0.815575 -0.539200
4240.000000 3.031412 164.650248 -0.829523 -0.545161
4260.000000 3.059549 164.494772 -0.841578 -0.551151
4280.000000 3.088714 164.339056 -0.851594 -0.557166
4300.000000 3.118937 164.183154 -0.859416 -0.563200
4320.000000 3.150251 164.027123 -0.864876 -0.569248
4340.000000 3.182690 163.871020 -0.867793 -0.575306
4360.000000 3.216287 163.714906 -0.867974 -0.581369
4380.000000 3.251073 163.558844 -0.865213 -0.587430
4400.000000 3.287077 163.402898 -0.859286 -0.593483
4420.000000 3.324317 163.247134 -0.849955 -0.599520
4440.000000 3.362802 163.091621 -0.836967 -0.605533
4460.000000 3.402523 162.936427 -0.820056 -0.611510
4480.000000 3.443447 162.781622 -0.798943 -0.617437
4500.000000 3.485510 162.627275 -0.773341 -0.623299
4520.000000 3.528605 162.473454 -0.742962 -0.629075
4540.000000 3.572573 162.320223 -0.707523 -0.634744
4560.000000 3.617192 162.167642 -0.666755 -0.640279
4580.000000 3.662164 162.015763 -0.620422 -0.645650
4600.000000 3.707108 161.864630 -0.568332 -0.650821
4620.000000 3.751550 161.714270 -0.510359 -0.655756
4640.000000 3.794928 161.564700 -0.446463 -0.660413
4660.000000 3.836595 161.415916 -0.376714 -0.664750
4680.000000 3.875838 161.267894 -0.301313 -0.668722
4700.000000 3.911897 161.120589 -0.220614 -0.672286
4720.000000 3.944005 160.973936 -0.135136 -0.675401
4740.000000 3.971421 160.827846 -0.045569 -0.678029
4760.000000 3.993471 160.682214 0.047233 -0.680138
4780.000000 4.009588 160.536918 0.142272 -0.681698
4800.000000 4.019342 160.391822 0.238442 -0.682687
4820.000000 4.022468 160.246788 0.334578 -0.683086
4840.000000 4.018880 160.101676 0.429510 -0.682886
4860.000000 4.008679 159.956350 0.522117 -0.682080
4880.000000 3.992144 159.810685 0.611371 -0.680675
4900.000000 3.969713 159.664569 0.696377 -0.678685
4920.000000 3.941952 159.517907 0.776392 -0.676131
4940.000000 3.909517 159.370619 0.850832 -0.673046
4960.000000 3.873116 159.222645 0.919275 -0.669464
4980.000000 3.833466 159.073943 0.981448 -0.665425
5000.000000 3.791259 158.924490 1.037215 -0.660969
5020.000000 3.747141 158.774279 1.086557 -0.656136
5040.000000 3.701689 158.623320 1.129558 -0.650962
5060.000000 3.655409 158.471638 1.166382 -0.645483
5080.000000 3.608734 158.319268 1.197254 -0.639732
5100.000000 3.562026 158.166258 1.222448 -0.633740
5120.000000 3.515583 158.012663 1.242265 -0.627534
5140.000000 3.469649 157.858545 1.257026 -0.621141
5160.000000 3.424422 157.703972 1.267060 -0.614585
5180.000000 3.380061 157.549015 1.272694 -0.607889
5200.000000 3.336693 157.393748 1.274250 -0.601074
5220.000000 3.294417 157.238247 1.272041 -0.594161
5240.000000 3.253312 157.082589 1.266363 -0.587169
5260.000000 3.213439 156.926852 1.257501 -0.580116
5280.000000 3.174843 156.771113 1.245723 -0.573022
5300.000000 3.137559 156.615448 1.231282 -0.565904
5320.000000 3.101608 156.459931 1.214415 -0.558779
5340.000000 3.067007 156.304635 1.195344 -0.551665
5360.000000 3.033761 156.149630 1.174277 -0.544579
5380.000000 3.001871 155.994982 1.151407 -0.537537
5400.000000 2.971335 155.840754 1.126916 -0.530556
5420.000000 2.942142 155.687007 1.100972 -0.523652
5440.000000 2.914281 155.533793 1.073731 -0.516842
5460.000000 2.887737 155.381164 1.045338 -0.510142
5480.000000 2.862490 155.229163 1.015926 -0.503566
5500.000000 2.838520 155.077830 0.985619 -0.497130
5520.000000 2.815806 154.927197 0.954530 -0.490849
5540.000000 2.794322 154.777293 0.922762 -0.484737
5560.000000 2.774045 154.628140 0.890411 -0.478808
5580.000000 2.754947 154.479751 0.857561 -0.473074
5600.000000 2.737001 154.332138 0.824289 -0.467548
5620.000000 2.720180 154.185303 0.790666 -0.462242
5640.000000 2.704455 154.039244 0.756753 -0.457165
5660.000000 2.689799 153.893952 0.722606 -0.452329
5680.000000 2.676184 153.749414 0.688272 -0.447743
5700.000000 2.663582 153.605610 0.653794 -0.443414
5720.000000 2.651965 153.462516 0.619210 -0.439350
5740.000000 2.641308 153.320102 0.584552 -0.435559
5760.000000 2.631584 153.178334 0.549848 -0.432045
5780.000000 2.622770 153.037175 0.515121 -0.428813
5800.000000 2.614841 152.896582 0.480391 -0.425869
5820.000000 2.607775 152.756511 0.445676 -0.423216
5840.000000 2.601551 152.616912 0.410990 -0.420856
5860.000000 2.596150 152.477735 0.376345 -0.418791
5880.000000 2.591555 152.338925 0.341751 -0.417024
5900.000000 2.587748 152.200428 0.307216 -0.415554
5920.000000 2.584715 152.062187 0.272747 -0.414382
5940.000000 2.582444 151.924144 0.238351 -0.413508
5960.000000 2.580922 151.786239 0.204034 -0.412930
5980.000000 2.580141 151.648413 0.169801 -0.412648
6000.000000 2.580092 151.510607 0.135656 -0.412659
6020.000000 2.580768 151.372762 0.101606 -0.412960
6040.000000 2.582166 151.234819 0.067656 -0.413549
6060.000000 2.584281 151.096722 0.033813 -0.414422
6080.000000 2.587112 150.958414 0.000083 -0.415575
6100.000000 2.590659 150.819840 -0.033524 -0.417004
6120.000000 2.594921 150.680949 -0.066999 -0.418703
6140.000000 2.599901 150.541690 -0.100331 -0.420668
6160.000000 2.605603 150.402016 -0.133506 -0.422893
6180.000000 2.612029 150.261882 -0.166509 -0.425371
6200.000000 2.619185 150.121245 -0.199324 -0.428095
6220.000000 2.627077 149.980068 -0.231929 -0.431059
6240.000000 2.635711 149.838316 -0.264304 -0.434255
6260.000000 2.645092 149.695957 -0.296424 -0.437675
6280.000000 2.655229 149.552964 -0.328259 -0.441310
6300.000000 2.666129 149.409312 -0.359780 -0.445153
6320.000000 2.677798 149.264984 -0.390951 -0.449193
6340.000000 2.690245 149.119963 -0.421735 -0.453421
6360.000000 2.703478 148.974239 -0.452089 -0.457828
6380.000000 2.717503 148.827805 -0.481968 -0.462404
6400.000000 2.732328 148.680659 -0.511322 -0.467139
6420.000000 2.747960 148.532802 -0.540097 -0.472022
6440.000000 2.764408 148.384240 -0.568235 -0.477043
6460.000000 2.781678 148.234985 -0.595673 -0.482192
6480.000000 2.799779 148.085050 -0.622343 -0.487460
6500.000000 2.818719 147.934453 -0.648173 -0.492835
6520.000000 2.838507 147.783218 -0.673085 -0.498308
6540.000000 2.859152 147.631368 -0.696998 -0.503870
6560.000000 2.880665 147.478934 -0.719823 -0.509512
6580.000000 2.903058 147.325948 -0.741467 -0.515225
6600.000000 2.926346 147.172445 -0.761831 -0.521001
6620.000000 2.950544 147.018465 -0.780809 -0.526833
6640.000000 2.975669 146.864048 -0.798290 -0.532713
6660.000000 3.001743 146.709240 -0.814155 -0.538635
6680.000000 3.028787 146.554086 -0.828275 -0.544592
6700.000000 3.056828 146.398635 -0.840516 -0.550580
6720.000000 3.085894 146.242940 -0.850733 -0.556593
6740.000000 3.116015 146.087053 -0.858771 -0.562625
6760.000000 3.147224 145.931032 -0.864463 -0.568672
6780.000000 3.179554 145.774933 -0.867630 -0.574730
6800.000000 3.213040 145.618817 -0.868080 -0.580792
6820.000000 3.247711 145.462748 -0.865608 -0.586853
6840.000000 3.283598 145.306788 -0.859992 -0.592908
6860.000000 3.320720 145.151004 -0.850996 -0.598947
6880.000000 3.359086 144.995464 -0.838367 -0.604962
6900.000000 3.398691 144.840236 -0.821841 -0.610943
6920.000000 3.439503 144.685391 -0.801140 -0.616876
6940.000000 3.481461 144.530998 -0.775978 -0.622744
6960.000000 3.524464 144.377124 -0.746066 -0.628530
6980.000000 3.568358 144.223834 -0.711120 -0.634210
7000.000000 3.612926 144.071189 -0.670870 -0.639759
7020.000000 3.657880 143.919242 -0.625076 -0.645147
7040.000000 3.702845 143.768036 -0.573540 -0.650339
7060.000000 3.747358 143.617602 -0.516130 -0.655298
7080.000000 3.790864 143.467957 -0.452796 -0.659983
7100.000000 3.832724 143.319098 -0.383597 -0.664352
7120.000000 3.872229 143.171005 -0.308722 -0.668361
7140.000000 3.908624 143.023635 -0.228508 -0.671966
7160.000000 3.941140 142.876923 -0.143457 -0.675125
7180.000000 3.969033 142.730784 -0.054245 -0.677801
7200.000000 3.991621 142.585113 0.038290 -0.679960
7220.000000 4.008323 142.439790 0.133163 -0.681574
7240.000000 4.018697 142.294682 0.229275 -0.682618
7260.000000 4.022460 142.149648 0.325465 -0.683074
7280.000000 4.019509 142.004549 0.420561 -0.682931
7300.000000 4.009928 141.859249 0.513434 -0.682183
7320.000000 3.993980 141.713621 0.603048 -0.680835
7340.000000 3.972087 141.567553 0.688493 -0.678899
7360.000000 3.944805 141.420946 0.769010 -0.676398
7380.000000 3.912785 141.273720 0.844002 -0.673361
7400.000000 3.876731 141.125814 0.913030 -0.669825
7420.000000 3.837359 140.977183 0.975807 -0.665828
7440.000000 3.795367 140.827802 1.032186 -0.661410
7460.000000 3.751404 140.677663 1.082138 -0.656611
7480.000000 3.706056 140.526774 1.125736 -0.651467
7500.000000 3.659836 140.375159 1.163138 -0.646016
7520.000000 3.613182 140.222853 1.194566 -0.640290
7540.000000 3.566463 140.069901 1.220287 -0.634319
7560.000000 3.519983 139.916359 1.240602 -0.628133
7580.000000 3.473992 139.762288 1.255830 -0.621757
7600.000000 3.428690 139.607756 1.266299 -0.615216
7620.000000 3.384241 139.452832 1.272338 -0.608532
7640.000000 3.340773 139.297591 1.274269 -0.601727
7660.000000 3.298390 139.142109 1.272405 -0.594823
7680.000000 3.257171 138.986463 1.267044 -0.587837
7700.000000 3.217178 138.830731 1.258474 -0.580789
7720.000000 3.178459 138.674988 1.246962 -0.573698
7740.000000 3.141049 138.519313 1.232764 -0.566582
7760.000000 3.104971 138.363779 1.216118 -0.559457
7780.000000 3.070241 138.208459 1.197247 -0.552341
7800.000000 3.036865 138.053423 1.176362 -0.545251
7820.000000 3.004847 137.898738 1.153656 -0.538204
7840.000000 2.974182 137.744468 1.129312 -0.531217
7860.000000 2.944862 137.590672 1.103499 -0.524305
7880.000000 2.916875 137.437406 1.076375 -0.517486
7900.000000 2.890206 137.284719 1.048085 -0.510774
7920.000000 2.864836 137.132656 1.018765 -0.504186
7940.000000 2.840746 136.981258 0.988538 -0.497736
7960.000000 2.817914 136.830557 0.957519 -0.491440
7980.000000 2.796314 136.680583 0.925811 -0.485311
8000.000000 2.775923 136.531357 0.893512 -0.479364
8020.000000 2.756714 136.382896 0.860705 -0.473611
8040.000000 2.738659 136.235209 0.827471 -0.468065
8060.000000 2.721732 136.088300 0.793879 -0.462737
8080.000000 2.705905 135.942167 0.759991 -0.457638
8100.000000 2.691149 135.796803 0.725863 -0.452779
8120.000000 2.677436 135.652194 0.691545 -0.448168
8140.000000 2.664738 135.508321 0.657080 -0.443815
8160.000000 2.653029 135.365160 0.622505 -0.439725
8180.000000 2.642282 135.222683 0.587852 -0.435907
8200.000000 2.632470 135.080855 0.553151 -0.432367
8220.000000 2.623570 134.939640 0.518425 -0.429108
8240.000000 2.615558 134.798995 0.483695 -0.426137
8260.000000 2.608410 134.658876 0.448978 -0.423456
8280.000000 2.602107 134.519234 0.414289 -0.421068
8300.000000 2.596629 134.380019 0.379639 -0.418975
8320.000000 2.591958 134.241177 0.345040 -0.417179
8340.000000 2.588077 134.102653 0.310499 -0.415681
8360.000000 2.584971 133.964390 0.276024 -0.414481
8380.000000 2.582628 133.826330 0.241621 -0.413578
8400.000000 2.581035 133.688415 0.207296 -0.412973
8420.000000 2.580184 133.550584 0.173054 -0.412662
8440.000000 2.580065 133.412779 0.138901 -0.412645
8460.000000 2.580673 133.274940 0.104842 -0.412919
8480.000000 2.582002 133.137009 0.070882 -0.413480
8500.000000 2.584049 132.998929 0.037028 -0.414327
8520.000000 2.586812 132.860643 0.003287 -0.415453
8540.000000 2.590290 132.722097 -0.030332 -0.416856
8560.000000 2.594485 132.583238 -0.063820 -0.418530
8580.000000 2.599397 132.444017 -0.097166 -0.420470
8600.000000 2.605029 132.304384 -0.130357 -0.422670
8620.000000 2.611386 132.164295 -0.163377 -0.425124
8640.000000 2.618473 132.023708 -0.196210 -0.427825
8660.000000 2.626295 131.882584 -0.228837 -0.430767
8680.000000 2.634857 131.740888 -0.261235 -0.433941
8700.000000 2.644167 131.598588 -0.293379 -0.437340
8720.000000 2.654232 131.455656 -0.325243 -0.440955
8740.000000 2.665059 131.312068 -0.356795 -0.444779
8760.000000 2.676655 131.167805 -0.388001 -0.448800
8780.000000 2.689027 131.022851 -0.418823 -0.453011
8800.000000 2.702185 130.877194 -0.449220 -0.457402
8820.000000 2.716134 130.730828 -0.479147 -0.461962
8840.000000 2.730882 130.583749 -0.508553 -0.466682
8860.000000 2.746438 130.435959 -0.537386 -0.471551
8880.000000 2.762808 130.287465 -0.565587 -0.476560
8900.000000 2.779999 130.138275 -0.593094 -0.481697
8920.000000 2.798021 129.988404 -0.619840 -0.486954
8940.000000 2.816881 129.837869 -0.645754 -0.492319
8960.000000 2.836587 129.686693 -0.670757 -0.497783
8980.000000 2.857150 129.534901 -0.694768 -0.503337
9000.000000 2.878580 129.382521 -0.717700 -0.508972
9020.000000 2.900890 129.229586 -0.739461 -0.514679
9040.000000 2.924091 129.076131 -0.759951 -0.520449
9060.000000 2.948202 128.922194 -0.779066 -0.526276
9080.000000 2.973238 128.767817 -0.796695 -0.532152
9100.000000 2.999220 128.613044 -0.812718 -0.538070
9120.000000 3.026171 128.457921 -0.827010 -0.544024
9140.000000 3.054116 128.302496 -0.839437 -0.550009
9160.000000 3.083084 128.146822 -0.849853 -0.556020
9180.000000 3.113103 127.990951 -0.858104 -0.562050
9200.000000 3.144207 127.834940 -0.864027 -0.568096
9220.000000 3.176429 127.678846 -0.867442 -0.574153
9240.000000 3.209803 127.522729 -0.868160 -0.580215
9260.000000 3.244361 127.366653 -0.865975 -0.586277
9280.000000 3.280131 127.210679 -0.860668 -0.592332
9300.000000 3.317134 127.054876 -0.852004 -0.598373
9320.000000 3.355382 126.899310 -0.839732 -0.604391
9340.000000 3.394870 126.744049 -0.823589 -0.610376
9360.000000 3.435569 126.589165 -0.803297 -0.616314
9380.000000 3.477422 126.434726 -0.778572 -0.622189
9400.000000 3.520331 126.280799 -0.749125 -0.627984
9420.000000 3.564148 126.127451 -0.714669 -0.633675
9440.000000 3.608664 125.974743 -0.674935 -0.639238
9460.000000 3.653596 125.822727 -0.629677 -0.644642
9480.000000 3.698578 125.671449 -0.578695 -0.649854
9500.000000 3.743156 125.520940 -0.521847 -0.654837
9520.000000 3.786784 125.371220 -0.459076 -0.659551
9540.000000 3.828831 125.222287 -0.390430 -0.663952
9560.000000 3.868592 125.074123 -0.316083 -0.667996
9580.000000 3.905316 124.926686 -0.236357 -0.671641
9600.000000 3.938234 124.779915 -0.151741 -0.674845
9620.000000 3.966598 124.633726 -0.062891 -0.677568
9640.000000 3.989717 124.488016 0.029369 -0.679778
9660.000000 4.007001 124.342665 0.124064 -0.681444
9680.000000 4.017991 124.197542 0.220108 -0.682543
9700.000000 4.022390 124.052507 0.316341 -0.683056
9720.000000 4.020078 123.907421 0.411591 -0.682970
9740.000000 4.011119 123.762145 0.504723 -0.682280
9760.000000 3.995761 123.616554 0.594688 -0.680989
9780.000000 3.974411 123.470532 0.680565 -0.679108
9800.000000 3.947616 123.323980 0.761579 -0.676659
9820.000000 3.916017 123.176816 0.837118 -0.673672
9840.000000 3.880315 123.028976 0.906728 -0.670182
9860.000000 3.841229 122.880416 0.970108 -0.666227
9880.000000 3.799457 122.731106 1.027099 -0.661848
9900.000000 3.755655 122.581040 1.077660 -0.657083
9920.000000 3.710416 122.430222 1.121858 -0.651971
9940.000000 3.664259 122.278674 1.159841 -0.646547
9960.000000 3.617629 122.126432 1.191826 -0.640846
9980.000000 3.570902 121.973540 1.218077 -0.634897
10000.000000 3.524388 121.820051 1.238893 -0.628730
10020.000000 3.478341 121.666028 1.254591 -0.622371
10040.000000 3.432966 121.511536 1.265499 -0.615844
10060.000000 3.388430 121.356646 1.271946 -0.609173
10080.000000 3.344864 121.201432 1.274254 -0.602379
10100.000000 3.302373 121.045970 1.272737 -0.595483
10120.000000 3.261041 120.890337 1.267697 -0.588505
10140.000000 3.220929 120.734609 1.259420 -0.581462
10160.000000 3.182088 120.578864 1.248177 -0.574375
10180.000000 3.144552 120.423179 1.234224 -0.567260
10200.000000 3.108346 120.267628 1.217801 -0.560135
10220.000000 3.073487 120.112285 1.199133 -0.553017
10240.000000 3.039983 119.957219 1.178430 -0.545924
10260.000000 3.007835 119.802498 1.155889 -0.538873
10280.000000 2.977042 119.648186 1.131694 -0.531879
10300.000000 2.947594 119.494343 1.106014 -0.524959
10320.000000 2.919481 119.341024 1.079008 -0.518130
10340.000000 2.892687 119.188279 1.050823 -0.511408
10360.000000 2.867195 119.036156 1.021595 -0.504807
10380.000000 2.842984 118.884692 0.991450 -0.498343
10400.000000 2.820033 118.733924 0.960501 -0.492032
10420.000000 2.798317 118.583880 0.928855 -0.485887
10440.000000 2.777812 118.434582 0.896608 -0.479922
10460.000000 2.758491 118.286047 0.863846 -0.474150
10480.000000 2.740328 118.138286 0.830650 -0.468583
10500.000000 2.723295 117.991303 0.797089 -0.463234
10520.000000 2.707364 117.845097 0.763227 -0.458113
10540.000000 2.692507 117.699660 0.729120 -0.453231
10560.000000 2.678696 117.554980 0.694818 -0.448596
10580.000000 2.665903 117.411038 0.660364 -0.444218
10600.000000 2.654101 117.267811 0.625798 -0.440103
10620.000000 2.643263 117.125270 0.591152 -0.436259
10640.000000 2.633364 116.983382 0.556454 -0.432692
10660.000000 2.624378 116.842110 0.521730 -0.429406
10680.000000 2.616282 116.701413 0.487000 -0.426407
10700.000000 2.609054 116.561246 0.452281 -0.423698
10720.000000 2.602671 116.421561 0.417588 -0.421282
10740.000000 2.597116 116.282307 0.382934 -0.419161
10760.000000 2.592368 116.143432 0.348329 -0.417337
10780.000000 2.588412 116.004880 0.313782 -0.415811
10800.000000 2.585233 115.866595 0.279301 -0.414582
10820.000000 2.582818 115.728518 0.244891 -0.413651
10840.000000 2.581155 115.590591 0.210558 -0.413017
10860.000000 2.580233 115.452755 0.176309 -0.412679
10880.000000 2.580045 115.314950 0.142147 -0.412634
10900.000000 2.580584 115.177117 0.108078 -0.412880
10920.000000 2.581845 115.039197 0.074109 -0.413415
10940.000000 2.583824 114.901134 0.040244 -0.414234
10960.000000 2.586519 114.762870 0.006492 -0.415334
10980.000000 2.589929 114.624351 -0.027139 -0.416711
11000.000000 2.594055 114.485524 -0.060640 -0.418359
11020.000000 2.598898 114.346339 -0.094000 -0.420274
11040.000000 2.604462 114.206748 -0.127206 -0.422450
11060.000000 2.610750 114.066704 -0.160243 -0.424880
11080.000000 2.617767 113.926166 -0.193095 -0.427558
11100.000000 2.625519 113.785095 -0.225742 -0.430477
11120.000000 2.634010 113.643455 -0.258162 -0.433629
11140.000000 2.643249 113.501213 -0.290332 -0.437007
11160.000000 2.653242 113.358343 -0.322224 -0.440602
11180.000000 2.663995 113.214818 -0.353807 -0.444406
11200.000000 2.675518 113.070620 -0.385048 -0.448409
11220.000000 2.687816 112.925732 -0.415908 -0.452603
11240.000000 2.700899 112.780143 -0.446348 -0.456976
11260.000000 2.714772 112.633844 -0.476321 -0.461521
11280.000000 2.729444 112.486833 -0.505779 -0.466226
11300.000000 2.744923 112.339111 -0.534669 -0.471082
11320.000000 2.761215 112.190683 -0.562933 -0.476077
11340.000000 2.778328 112.041559 -0.590509 -0.481203
11360.000000 2.796270 111.891752 -0.617330 -0.486449
11380.000000 2.815050 111.741279 -0.643326 -0.491804
11400.000000 2.834676 111.590163 -0.668419 -0.497259
11420.000000 2.855157 111.438428 -0.692528 -0.502805
11440.000000 2.876504 111.286103 -0.715567 -0.508433
11460.000000 2.898729 111.133219 -0.737444 -0.514133
11480.000000 2.921845 110.979812 -0.758059 -0.519898
11500.000000 2.945868 110.825920 -0.777310 -0.525719
11520.000000 2.970815 110.671583 -0.795085 -0.531591
11540.000000 2.996707 110.516845 -0.811266 -0.537505
11560.000000 3.023565 110.361753 -0.825729 -0.543456
11580.000000 3.051414 110.206355 -0.838338 -0.549439
11600.000000 3.080283 110.050702 -0.848952 -0.555447
11620.000000 3.110201 109.894848 -0.857417 -0.561476
11640.000000 3.141200 109.738848 -0.863568 -0.567520
11660.000000 3.173314 109.582759 -0.867230 -0.573576
11680.000000 3.206577 109.426642 -0.868213 -0.579638
11700.000000 3.241021 109.270558 -0.866314 -0.585700
11720.000000 3.276674 109.114573 -0.861314 -0.591756
11740.000000 3.313560 108.958750 -0.852980 -0.597799
11760.000000 3.351690 108.803158 -0.841062 -0.603820
11780.000000 3.391060 108.647866 -0.825299 -0.609808
11800.000000 3.431646 108.492943 -0.805414 -0.615751
11820.000000 3.473392 108.338458 -0.781124 -0.621633
11840.000000 3.516207 108.184480 -0.752138 -0.627436
11860.000000 3.559945 108.031075 -0.718171 -0.633139
11880.000000 3.604405 107.878303 -0.678950 -0.638715
11900.000000 3.649312 107.726219 -0.634227 -0.644135
11920.000000 3.694308 107.574869 -0.583797 -0.649368
11940.000000 3.738947 107.424286 -0.527511 -0.654374
11960.000000 3.782691 107.274491 -0.465303 -0.659115
11980.000000 3.824917 107.125483 -0.397211 -0.663547
12000.000000 3.864927 106.977247 -0.323394 -0.667628
12020.000000 3.901973 106.829744 -0.244162 -0.671313
12040.000000 3.935287 106.682912 -0.159986 -0.674560
12060.000000 3.964114 106.536672 -0.071505 -0.677331
12080.000000 3.987760 106.390921 0.020469 -0.679591
12100.000000 4.005621 106.245542 0.114979 -0.681310
12120.000000 4.017226 106.100403 0.210943 -0.682464
12140.000000 4.022260 105.955366 0.307209 -0.683033
12160.000000 4.020586 105.810290 0.402602 -0.683005
12180.000000 4.012252 105.665039 0.495982 -0.682372
12200.000000 3.997487 105.519482 0.586291 -0.681137
12220.000000 3.976686 105.373506 0.672592 -0.679312
12240.000000 3.950383 105.227008 0.754098 -0.676916
12260.000000 3.919211 105.079906 0.830180 -0.673979
12280.000000 3.883869 104.932133 0.900369 -0.670535
12300.000000 3.845074 104.783642 0.964351 -0.666623
12320.000000 3.803529 104.634405 1.021953 -0.662282
12340.000000 3.759894 104.484410 1.073125 -0.657552
12360.000000 3.714768 104.333663 1.117923 -0.652471
12380.000000 3.668677 104.182183 1.156489 -0.647076
12400.000000 3.622075 104.030005 1.189034 -0.641399
12420.000000 3.575343 103.877173 1.215818 -0.635473
12440.000000 3.528797 103.723739 1.237138 -0.629326
12460.000000 3.482696 103.569763 1.253309 -0.622984
12480.000000 3.437250 103.415313 1.264659 -0.616472
12500.000000 3.392627 103.260458 1.271515 -0.609814
12520.000000 3.348964 103.105272 1.274204 -0.603031
12540.000000 3.306368 102.949830 1.273038 -0.596143
12560.000000 3.264922 102.794209 1.268320 -0.589172
12580.000000 3.224692 102.638487 1.260339 -0.582134
12600.000000 3.185728 102.482741 1.249367 -0.575050
12620.000000 3.148066 102.327047 1.235661 -0.567937
12640.000000 3.111733 102.171480 1.219464 -0.560813
12660.000000 3.076745 102.016114 1.201000 -0.553694
12680.000000 3.043112 101.861018 1.180482 -0.546598
12700.000000 3.010836 101.706262 1.158108 -0.539541
12720.000000 2.979914 101.551908 1.134062 -0.532541
12740.000000 2.950339 101.398018 1.108517 -0.525614
12760.000000 2.922099 101.244647 1.081631 -0.518776
12780.000000 2.895180 101.091846 1.053552 -0.512042
12800.000000 2.869565 100.939661 1.024418 -0.505429
12820.000000 2.845233 100.788134 0.994354 -0.498952
12840.000000 2.822163 100.637298 0.963477 -0.492625
12860.000000 2.800331 100.487184 0.931894 -0.486464
12880.000000 2.779711 100.337814 0.899700 -0.480481
12900.000000 2.760279 100.189206 0.866984 -0.474690
12920.000000 2.742007 100.041371 0.833825 -0.469104
12940.000000 2.724868 99.894314 0.800296 -0.463733
12960.000000 2.708833 99.748034 0.766460 -0.458590
12980.000000 2.693875 99.602524 0.732374 -0.453685
13000.000000 2.679966 99.457773 0.698089 -0.449026
13020.000000 2.667077 99.313762 0.663648 -0.444623
13040.000000 2.655182 99.170467 0.629091 -0.440483
13060.000000 2.644254 99.027862 0.594451 -0.436613
13080.000000 2.634266 98.885914 0.559757 -0.433019
13100.000000 2.625195 98.744585 0.525035 -0.429707
13120.000000 2.617015 98.603835 0.490304 -0.426680
13140.000000 2.609705 98.463620 0.455583 -0.423943
13160.000000 2.603243 98.323891 0.420887 -0.421499
13180.000000 2.597609 98.184599 0.386229 -0.419350
13200.000000 2.592785 98.045690 0.351620 -0.417498
13220.000000 2.588755 97.907110 0.317067 -0.415943
13240.000000 2.585503 97.768802 0.282579 -0.414686
13260.000000 2.583015 97.630708 0.248162 -0.413727
13280.000000 2.581281 97.492769 0.213822 -0.413065
13300.000000 2.580289 97.354927 0.179564 -0.412699
13320.000000 2.580032 97.217121 0.145393 -0.412626
13340.000000 2.580502 97.079293 0.111316 -0.412844
13360.000000 2.581694 96.941385 0.077336 -0.413352
13380.000000 2.583604 96.803337 0.043462 -0.414144
13400.000000 2.586231 96.665095 0.009699 -0.415217
13420.000000 2.589573 96.526602 -0.023944 -0.416568
13440.000000 2.593631 96.387807 -0.057458 -0.418191
13460.000000 2.598406 96.248658 -0.090832 -0.420080
13480.000000 2.603902 96.109107 -0.124053 -0.422232
13500.000000 2.610121 95.969109 -0.157107 -0.424638
13520.000000 2.617068 95.828620 -0.189977 -0.427293
13540.000000 2.624749 95.687601 -0.222645 -0.430189
13560.000000 2.633170 95.546016 -0.255088 -0.433320
13580.000000 2.642338 95.403833 -0.287283 -0.436676
13600.000000 2.652258 95.261023 -0.319203 -0.440251
13620.000000 2.662939 95.117562 -0.350817 -0.444035
13640.000000 2.674388 94.973429 -0.382091 -0.448020
13660.000000 2.686613 94.828607 -0.412989 -0.452196
13680.000000 2.699620 94.683085 -0.443471 -0.456553
13700.000000 2.713418 94.536854 -0.473490 -0.461081
13720.000000 2.728014 94.389910 -0.503000 -0.465772
13740.000000 2.743415 94.242256 -0.531946 -0.470613
13760.000000 2.759629 94.093895 -0.560272 -0.475596
13780.000000 2.776664 93.944836 -0.587916 -0.480710
13800.000000 2.794527 93.795093 -0.614813 -0.485945
13820.000000 2.813227 93.644684 -0.640890 -0.491290
13840.000000 2.832772 93.493628 -0.666072 -0.496736
13860.000000 2.853171 93.341950 -0.690279 -0.502274
13880.000000 2.874435 93.189680 -0.713424 -0.507894
13900.000000 2.896576 93.036848 -0.735415 -0.513588
13920.000000 2.919607 92.883489 -0.756155 -0.519347
13940.000000 2.943543 92.729641 -0.775540 -0.525163
13960.000000 2.968401 92.575345 -0.793460 -0.531030
13980.000000 2.994202 92.420643 -0.809799 -0.536941
14000.000000 3.020967 92.265583 -0.824430 -0.542889
14020.000000 3.048721 92.110212 -0.837222 -0.548868
14040.000000 3.077491 91.954581 -0.848032 -0.554874
14060.000000 3.107308 91.798744 -0.856708 -0.560901
14080.000000 3.138203 91.642755 -0.863087 -0.566945
14100.000000 3.170210 91.486672 -0.866994 -0.573000
14120.000000 3.203362 91.330555 -0.868241 -0.579061
14140.000000 3.237692 91.174465 -0.866625 -0.585124
14160.000000 3.273229 91.018467 -0.861929 -0.591181
14180.000000 3.309997 90.862626 -0.853923 -0.597225
14200.000000 3.348008 90.707010 -0.842358 -0.603248
14220.000000 3.387261 90.551686 -0.826972 -0.609240
14240.000000 3.427733 90.396725 -0.807492 -0.615188
14260.000000 3.469373 90.242196 -0.783632 -0.621077
14280.000000 3.512090 90.088166 -0.755106 -0.626888
14300.000000 3.555749 89.934704 -0.721625 -0.632601
14320.000000 3.600151 89.781869 -0.682915 -0.638190
14340.000000 3.645029 89.629717 -0.638725 -0.643627
14360.000000 3.690034 89.478296 -0.588845 -0.648879
14380.000000 3.734729 89.327639 -0.533121 -0.653908
14400.000000 3.778584 89.177768 -0.471477 -0.658676
14420.000000 3.820983 89.028687 -0.403940 -0.663140
14440.000000 3.861236 88.880378 -0.330657 -0.667256
14460.000000 3.898597 88.732807 -0.251923 -0.670980
14480.000000 3.932299 88.585915 -0.168192 -0.674271
14500.000000 3.961584 88.439623 -0.080088 -0.677089
14520.000000 3.985750 88.293830 0.011593 -0.679398
14540.000000 4.004185 88.148421 0.105906 -0.681170
14560.000000 4.016401 88.003265 0.201781 -0.682379
14580.000000 4.022069 87.858225 0.298069 -0.683005
14600.000000 4.021034 87.713159 0.393595 -0.683033
14620.000000 4.013327 87.567929 0.487214 -0.682458
14640.000000 3.999159 87.422407 0.577857 -0.681280
14660.000000 3.978912 87.276475 0.664576 -0.679510
14680.000000 3.953105 87.130031 0.746568 -0.677168
14700.000000 3.922368 86.982989 0.823188 -0.674281
14720.000000 3.887392 86.835282 0.893954 -0.670883
14740.000000 3.848894 86.686861 0.958537 -0.667014
14760.000000 3.807582 86.537696 1.016749 -0.662712
14780.000000 3.764119 86.387773 1.068532 -0.658017
14800.000000 3.719110 86.237097 1.113931 -0.652969
14820.000000 3.673091 86.085686 1.153082 -0.647602
14840.000000 3.626521 85.933573 1.186189 -0.641951
14860.000000 3.579786 85.780800 1.213510 -0.636047
14880.000000 3.533210 85.627421 1.235336 -0.629919
14900.000000 3.487057 85.473494 1.251983 -0.623595
14920.000000 3.441541 85.319086 1.263777 -0.617098
14940.000000 3.396834 85.164267 1.271048 -0.610453
14960.000000 3.353074 85.009109 1.274119 -0.603681
14980.000000 3.310372 84.853688 1.273306 -0.596803
15000.000000 3.268814 84.698081 1.268914 -0.589838
15020.000000 3.228466 84.542365 1.261232 -0.582806
15040.000000 3.189379 84.386618 1.250533 -0.575726
15060.000000 3.151593 84.230915 1.237077 -0.568615
15080.000000 3.115132 84.075333 1.221106 -0.561490
15100.000000 3.080016 83.919945 1.202848 -0.554370
15120.000000 3.046254 83.764821 1.182517 -0.547271
15140.000000 3.013848 83.610029 1.160312 -0.540211
15160.000000 2.982798 83.455635 1.136418 -0.533204
15180.000000 2.953095 83.301698 1.111007 -0.526270
15200.000000 2.924729 83.148275 1.084242 -0.519422
15220.000000 2.897685 82.995418 1.056271 -0.512678
15240.000000 2.871947 82.843173 1.027232 -0.506053
15260.000000 2.847494 82.691581 0.997252 -0.499562
15280.000000 2.824304 82.540678 0.966447 -0.493221
15300.000000 2.802355 82.390494 0.934926 -0.487043
15320.000000 2.781622 82.241053 0.902787 -0.481042
15340.000000 2.762078 82.092372 0.870117 -0.475232
15360.000000 2.743697 81.944463 0.836997 -0.469626
15380.000000 2.726451 81.797332 0.803500 -0.464235
15400.000000 2.710312 81.650978 0.769691 -0.459070
15420.000000 2.695253 81.505396 0.735626 -0.454141
15440.000000 2.681245 81.360573 0.701358 -0.449459
15460.000000 2.668260 81.216492 0.666931 -0.445031
15480.000000 2.656272 81.073131 0.632383 -0.440865
15500.000000 2.645253 80.930461 0.597750 -0.436969
15520.000000 2.635177 80.788452 0.563060 -0.433349
15540.000000 2.626019 80.647066 0.528339 -0.430009
15560.000000 2.617755 80.506263 0.493608 -0.426956
15580.000000 2.610364 80.365999 0.458886 -0.424191
15600.000000 2.603822 80.226226 0.424187 -0.421719
15620.000000 2.598110 80.086894 0.389525 -0.419542
15640.000000 2.593210 79.947951 0.354910 -0.417661
15660.000000 2.589105 79.809342 0.320352 -0.416078
15680.000000 2.585779 79.671010 0.285857 -0.414793
15700.000000 2.583220 79.532899 0.251433 -0.413806
15720.000000 2.581414 79.394948 0.217085 -0.413115
15740.000000 2.580352 79.257099 0.182820 -0.412721
15760.000000 2.580025 79.119292 0.148641 -0.412620
15780.000000 2.580426 78.981469 0.114554 -0.412811
15800.000000 2.581549 78.843571 0.080565 -0.413291
15820.000000 2.583392 78.705539 0.046680 -0.414056
15840.000000 2.585951 78.567317 0.012906 -0.415103
15860.000000 2.589225 78.428851 -0.020749 -0.416428
15880.000000 2.593214 78.290087 -0.054275 -0.418025
15900.000000 2.597921 78.150974 -0.087663 -0.419889
15920.000000 2.603348 78.011463 -0.120899 -0.422016
15940.000000 2.609498 77.871509 -0.153970 -0.424398
15960.000000 2.616375 77.731068 -0.186858 -0.427029
15980.000000 2.623987 77.590101 -0.219546 -0.429903
16000.000000 2.632337 77.448572 -0.252011 -0.433012
16020.000000 2.641433 77.306447 -0.284231 -0.436347
16040.000000 2.651282 77.163698 -0.316178 -0.439902
16060.000000 2.661890 77.020300 -0.347823 -0.443667
16080.000000 2.673266 76.876231 -0.379131 -0.447633
16100.000000 2.685416 76.731476 -0.410067 -0.451790
16120.000000 2.698349 76.586020 -0.440590 -0.456131
16140.000000 2.712071 76.439857 -0.470655 -0.460643
16160.000000 2.726590 76.292982 -0.500215 -0.465319
16180.000000 2.741915 76.145395 -0.529218 -0.470146
16200.000000 2.758051 75.997100 -0.557605 -0.475116
16220.000000 2.775008 75.848108 -0.585317 -0.480218
16240.000000 2.792792 75.698429 -0.612288 -0.485442
16260.000000 2.811411 75.548082 -0.638446 -0.490777
16280.000000 2.830875 75.397087 -0.663717 -0.496214
16300.000000 2.851193 75.245467 -0.688020 -0.501743
16320.000000 2.872374 75.093252 -0.711270 -0.507356
16340.000000 2.894431 74.940472 -0.733375 -0.513043
16360.000000 2.917377 74.787162 -0.754238 -0.518796
16380.000000 2.941226 74.633359 -0.773757 -0.524607
16400.000000 2.965996 74.479103 -0.791821 -0.530470
16420.000000 2.991706 74.324438 -0.808315 -0.536377
16440.000000 3.018378 74.169410 -0.823115 -0.542321
16460.000000 3.046037 74.014066 -0.836088 -0.548298
16480.000000 3.074709 73.858458 -0.847093 -0.554302
16500.000000 3.104425 73.702638 -0.855979 -0.560327
16520.000000 3.135216 73.546661 -0.862584 -0.566369
16540.000000 3.167115 73.390584 -0.866734 -0.572423
16560.000000 3.200157 73.234468 -0.868242 -0.578484
16580.000000 3.234374 73.078373 -0.866907 -0.584547
16600.000000 3.269795 72.922364 -0.862515 -0.590605
16620.000000 3.306445 72.766505 -0.854834 -0.596651
16640.000000 3.344338 72.610864 -0.843618 -0.602676
16660.000000 3.383473 72.455510 -0.828608 -0.608672
16680.000000 3.423831 72.300511 -0.809529 -0.614624
16700.000000 3.465362 72.145937 -0.786099 -0.620519
16720.000000 3.507983 71.991858 -0.758029 -0.626339
16740.000000 3.551559 71.838338 -0.725031 -0.632062
16760.000000 3.595901 71.685441 -0.686830 -0.637665
16780.000000 3.640747 71.533223 -0.643172 -0.643117
16800.000000 3.685758 71.381730 -0.593841 -0.648388
16820.000000 3.730503 71.231000 -0.538677 -0.653440
16840.000000 3.774463 71.081053 -0.477597 -0.658235
16860.000000 3.817030 70.931897 -0.410616 -0.662730
16880.000000 3.857518 70.783516 -0.337870 -0.666881
16900.000000 3.895188 70.635877 -0.259638 -0.670644
16920.000000 3.929270 70.488924 -0.176358 -0.673978
16940.000000 3.959008 70.342578 -0.088639 -0.676842
16960.000000 3.983689 70.196743 0.002740 -0.679201
16980.000000 4.002692 70.051303 0.096847 -0.681026
17000.000000 4.015516 69.906129 0.192622 -0.682289
17020.000000 4.021817 69.761083 0.288921 -0.682971
17040.000000 4.021422 69.616025 0.384570 -0.683056
17060.000000 4.014343 69.470817 0.478418 -0.682539
17080.000000 4.000776 69.325329 0.569387 -0.681418
17100.000000 3.981087 69.179440 0.656517 -0.679704
17120.000000 3.955784 69.033049 0.738989 -0.677415
17140.000000 3.925486 68.886067 0.816143 -0.674578
17160.000000 3.890883 68.738426 0.887483 -0.671228
17180.000000 3.852690 68.590074 0.952664 -0.667401
17200.000000 3.811615 68.440980 1.011487 -0.663139
17220.000000 3.768330 68.291130 1.063881 -0.658480
17240.000000 3.723444 68.140525 1.109883 -0.653463
17260.000000 3.677500 67.989183 1.149621 -0.648125
17280.000000 3.630964 67.837135 1.183293 -0.642500
17300.000000 3.584231 67.684423 1.211152 -0.636619
17320.000000 3.537628 67.531098 1.233487 -0.630511
17340.000000 3.491424 67.377221 1.250613 -0.624204
17360.000000 3.445839 67.222856 1.262855 -0.617723
17380.000000 3.401049 67.068072 1.270542 -0.611091
17400.000000 3.357194 66.912943 1.273998 -0.604330
17420.000000 3.314387 66.757544 1.273542 -0.597461
17440.000000 3.272717 66.601952 1.269478 -0.590504
17460.000000 3.232251 66.446243 1.262097 -0.583478
17480.000000 3.193043 66.290495 1.251673 -0.576401
17500.000000 3.155131 66.134785 1.238469 -0.569292
17520.000000 3.118544 65.979189 1.222727 -0.562168
17540.000000 3.083299 65.823779 1.204678 -0.555047
17560.000000 3.049408 65.668627 1.184535 -0.547945
17580.000000 3.016873 65.513800 1.162500 -0.540880
17600.000000 2.985694 65.359365 1.138759 -0.533868
17620.000000 2.955863 65.205383 1.113486 -0.526926
17640.000000 2.927371 65.051908 1.086843 -0.520069
17660.000000 2.900202 64.898995 1.058981 -0.513315
17680.000000 2.874340 64.746690 1.030037 -0.506678
17700.000000 2.849765 64.595035 1.000141 -0.500173
17720.000000 2.826457 64.444065 0.969411 -0.493817
17740.000000 2.804391 64.293812 0.937954 -0.487623
17760.000000 2.783543 64.144299 0.905869 -0.481605
17780.000000 2.763887 63.995545 0.873246 -0.475777
17800.000000 2.745396 63.847562 0.840166 -0.470150
17820.000000 2.728044 63.700357 0.806702 -0.464738
17840.000000 2.711801 63.553929 0.772920 -0.459551
17860.000000 2.696640 63.408274 0.738877 -0.454600
17880.000000 2.682533 63.263379 0.704626 -0.449893
17900.000000 2.669453 63.119229 0.670212 -0.445441
17920.000000 2.657371 62.975800 0.635674 -0.441250
17940.000000 2.646260 62.833066 0.601048 -0.437328
17960.000000 2.636096 62.690996 0.566362 -0.433681
17980.000000 2.626851 62.549552 0.531643 -0.430315
18000.000000 2.618504 62.408695 0.496913 -0.427234
18020.000000 2.611030 62.268382 0.462189 -0.424442
18040.000000 2.604408 62.128564 0.427487 -0.421942
18060.000000 2.598618 61.989193 0.392821 -0.419736
18080.000000 2.593642 61.850215 0.358202 -0.417827
18100.000000 2.589462 61.711577 0.323637 -0.416216
18120.000000 2.586062 61.573221 0.289136 -0.414902
18140.000000 2.583430 61.435091 0.254705 -0.413887
18160.000000 2.581553 61.297127 0.220350 -0.413168
18180.000000 2.580421 61.159271 0.186076 -0.412746
18200.000000 2.580024 61.021463 0.151889 -0.412617
18220.000000 2.580356 60.883644 0.117793 -0.412780
18240.000000 2.581412 60.745755 0.083795 -0.413233
18260.000000 2.583186 60.607739 0.049900 -0.413971
18280.000000 2.585676 60.469538 0.016115 -0.414992
18300.000000 2.588882 60.331097 -0.017552 -0.416290
18320.000000 2.592804 60.192364 -0.051091 -0.417861
18340.000000 2.597442 60.053286 -0.084492 -0.419701
18360.000000 2.602800 59.913815 -0.117744 -0.421802
18380.000000 2.608881 59.773905 -0.150831 -0.424161
18400.000000 2.615690 59.633512 -0.183737 -0.426769
18420.000000 2.623231 59.492597 -0.216445 -0.429620
18440.000000 2.631510 59.351123 -0.248933 -0.432706
18460.000000 2.640535 59.209056 -0.281177 -0.436021
18480.000000 2.650312 59.066367 -0.313151 -0.439555
18500.000000 2.660848 58.923032 -0.344825 -0.443300
18520.000000 2.672150 58.779028 -0.376167 -0.447247
18540.000000 2.684226 58.634338 -0.407140 -0.451387
18560.000000 2.697084 58.488950 -0.437704 -0.455710
18580.000000 2.710731 58.342854 -0.467815 -0.460207
18600.000000 2.725174 58.196046 -0.497426 -0.464867
18620.000000 2.740422 58.048527 -0.526484 -0.469681
18640.000000 2.756481 57.900300 -0.554932 -0.474638
18660.000000 2.773359 57.751373 -0.582711 -0.479727
18680.000000 2.791064 57.601759 -0.609755 -0.484940
18700.000000 2.809604 57.451475 -0.635994 -0.490265
18720.000000 2.828987 57.300540 -0.661353 -0.495692
18740.000000 2.849223 57.148979 -0.685752 -0.501213
18760.000000 2.870321 56.996819 -0.709105 -0.506819
18780.000000 2.892294 56.844091 -0.731323 -0.512499
18800.000000 2.915155 56.690830 -0.752309 -0.518246
18820.000000 2.938917 56.537072 -0.771960 -0.524052
18840.000000 2.963599 56.382858 -0.790168 -0.529910
18860.000000 2.989219 56.228230 -0.806817 -0.535813
18880.000000 3.015798 56.073234 -0.821783 -0.541754
18900.000000 3.043362 55.917919 -0.834936 -0.547728
18920.000000 3.071936 55.762333 -0.846135 -0.553729
18940.000000 3.101552 55.606531 -0.855229 -0.559753
18960.000000 3.132239 55.450566 -0.862058 -0.565794
18980.000000 3.164032 55.294497 -0.866450 -0.571847
19000.000000 3.196963 55.138382 -0.868218 -0.577908
19020.000000 3.231067 54.982282 -0.867163 -0.583970
19040.000000 3.266372 54.826262 -0.863071 -0.590029
19060.000000 3.302904 54.670386 -0.855713 -0.596076
19080.000000 3.340679 54.514721 -0.844845 -0.602104
19100.000000 3.379696 54.359336 -0.830207 -0.608103
19120.000000 3.419939 54.204301 -0.811527 -0.614060
19140.000000 3.461362 54.049684 -0.788524 -0.619961
19160.000000 3.503884 53.895554 -0.760907 -0.625789
19180.000000 3.547376 53.741979 -0.728391 -0.631523
19200.000000 3.591655 53.589020 -0.690696 -0.637138
19220.000000 3.636467 53.436735 -0.647567 -0.642606
19240.000000 3.681479 53.285171 -0.598784 -0.647895
19260.000000 3.726271 53.134367 -0.544180 -0.652970
19280.000000 3.770330 52.984346 -0.483664 -0.657791
19300.000000 3.813058 52.835114 -0.417241 -0.662316
19320.000000 3.853775 52.686661 -0.345034 -0.666502
19340.000000 3.891746 52.538954 -0.267307 -0.670304
19360.000000 3.926203 52.391938 -0.184484 -0.673680
19380.000000 3.956385 52.245538 -0.097157 -0.676591
19400.000000 3.981576 52.099659 -0.006087 -0.679000
19420.000000 4.001143 51.954187 0.087804 -0.680876
19440.000000 4.014573 51.808993 0.183468 -0.682193
19460.000000 4.021505 51.663942 0.279768 -0.682931
19480.000000 4.021749 51.518891 0.375529 -0.683074
19500.000000 4.015300 51.373703 0.469596 -0.682614
19520.000000 4.002338 51.228246 0.560883 -0.681550
19540.000000 3.983211 51.082401 0.648415 -0.679892
19560.000000 3.958417 50.936061 0.731361 -0.677656
19580.000000 3.928566 50.789139 0.809046 -0.674871
19600.000000 3.894341 50.641563 0.880956 -0.671568
19620.000000 3.856459 50.493280 0.946733 -0.667785
19640.000000 3.815629 50.344258 1.006167 -0.663562
19660.000000 3.772526 50.194480 1.059173 -0.658939
19680.000000 3.727769 50.043946 1.105778 -0.653955
19700.000000 3.681904 49.892673 1.146104 -0.648646
19720.000000 3.635406 49.740690 1.180343 -0.643046
19740.000000 3.588677 49.588039 1.208743 -0.637188
19760.000000 3.542049 49.434771 1.231591 -0.631101
19780.000000 3.495797 49.280944 1.249199 -0.624812
19800.000000 3.450145 49.126622 1.261891 -0.618347
19820.000000 3.405272 48.971875 1.269997 -0.611728
19840.000000 3.361323 48.816776 1.273843 -0.604978
19860.000000 3.318413 48.661399 1.273746 -0.598119
19880.000000 3.276631 48.505821 1.270012 -0.591169
19900.000000 3.236048 48.350120 1.262934 -0.584149
19920.000000 3.196718 48.194373 1.252789 -0.577076
19940.000000 3.158682 48.038656 1.239838 -0.569970
19960.000000 3.121968 47.883046 1.224328 -0.562846
19980.000000 3.086595 47.727615 1.206489 -0.555724
20000.000000 3.052574 47.572435 1.186536 -0.548620
20020.000000 3.019911 47.417575 1.164673 -0.541551
20040.000000 2.988603 47.263100 1.141086 -0.534533
20060.000000 2.958644 47.109072 1.115952 -0.527583
20080.000000 2.930025 46.955547 1.089433 -0.520718
20100.000000 2.902730 46.802579 1.061680 -0.513953
20120.000000 2.876745 46.650214 1.032834 -0.507304
20140.000000 2.852049 46.498495 1.003024 -0.500786
20160.000000 2.828621 46.347458 0.972368 -0.494415
20180.000000 2.806438 46.197136 0.940975 -0.488205
20200.000000 2.785475 46.047551 0.908946 -0.482170
20220.000000 2.765707 45.898724 0.876371 -0.476323
20240.000000 2.747106 45.750668 0.843331 -0.470677
20260.000000 2.729647 45.603389 0.809901 -0.465244
20280.000000 2.713299 45.456887 0.776146 -0.460035
20300.000000 2.698037 45.311159 0.742126 -0.455060
20320.000000 2.683831 45.166193 0.707893 -0.450330
20340.000000 2.670654 45.021972 0.673492 -0.445853
20360.000000 2.658478 44.878476 0.638965 -0.441637
20380.000000 2.647276 44.735677 0.604346 -0.437690
20400.000000 2.637023 44.593545 0.569665 -0.434016
20420.000000 2.627692 44.452044 0.534948 -0.430623
20440.000000 2.619260 44.311133 0.500217 -0.427515
20460.000000 2.611704 44.170769 0.465492 -0.424695
20480.000000 2.605002 44.030907 0.430788 -0.422167
20500.000000 2.599134 43.891495 0.396118 -0.419933
20520.000000 2.594081 43.752483 0.361493 -0.417996
20540.000000 2.589826 43.613814 0.326924 -0.416356
20560.000000 2.586353 43.475434 0.292416 -0.415015
20580.000000 2.583648 43.337285 0.257978 -0.413971
20600.000000 2.581700 43.199308 0.223616 -0.413224
20620.000000 2.580497 43.061444 0.189334 -0.412773
20640.000000 2.580031 42.923634 0.155138 -0.412617
20660.000000 2.580294 42.785819 0.121033 -0.412752
20680.000000 2.581280 42.647939 0.087025 -0.413178
20700.000000 2.582986 42.509937 0.053120 -0.413889
20720.000000 2.585409 42.371756 0.019324 -0.414882
20740.000000 2.588546 42.233341 -0.014354 -0.416154
20760.000000 2.592400 42.094637 -0.047906 -0.417700
20780.000000 2.596970 41.955594 -0.081321 -0.419514
20800.000000 2.602259 41.816163 -0.114587 -0.421591
20820.000000 2.608271 41.676296 -0.147690 -0.423925
20840.000000 2.615010 41.535951 -0.180614 -0.426510
20860.000000 2.622481 41.395088 -0.213342 -0.429338
20880.000000 2.630691 41.253668 -0.245851 -0.432403
20900.000000 2.639644 41.111659 -0.278120 -0.435696
20920.000000 2.649349 40.969031 -0.310121 -0.439209
20940.000000 2.659812 40.825758 -0.341825 -0.442934
20960.000000 2.671041 40.681818 -0.373201 -0.446863
20980.000000 2.683044 40.537194 -0.404210 -0.450985
21000.000000 2.695827 40.391873 -0.434815 -0.455291
21020.000000 2.709398 40.245845 -0.464971 -0.459772
21040.000000 2.723766 40.099105 -0.494631 -0.464417
21060.000000 2.738936 39.951653 -0.523744 -0.469216
21080.000000 2.754918 39.803493 -0.552253 -0.474160
21100.000000 2.771718 39.654632 -0.580099 -0.479238
21120.000000 2.789343 39.505083 -0.607216 -0.484439
21140.000000 2.807803 39.354862 -0.633534 -0.489753
21160.000000 2.827106 39.203988 -0.658980 -0.495172
21180.000000 2.847260 39.052485 -0.683474 -0.500684
21200.000000 2.868276 38.900381 -0.706931 -0.506282
21220.000000 2.890166 38.747706 -0.729261 -0.511955
21240.000000 2.912941 38.594494 -0.750368 -0.517697
21260.000000 2.936617 38.440781 -0.770151 -0.523497
21280.000000 2.961210 38.286609 -0.788501 -0.529351
21300.000000 2.986740 38.132018 -0.805303 -0.535249
21320.000000 3.013227 37.977056 -0.820435 -0.541187
21340.000000 3.040696 37.821768 -0.833766 -0.547158
21360.000000 3.069173 37.666206 -0.845157 -0.553157
21380.000000 3.098688 37.510422 -0.854459 -0.559179
21400.000000 3.129272 37.354471 -0.861511 -0.565218
21420.000000 3.160958 37.198409 -0.866142 -0.571271
21440.000000 3.193780 37.042295 -0.868168 -0.577331
21460.000000 3.227770 36.886192 -0.867390 -0.583393
21480.000000 3.262960 36.730161 -0.863597 -0.589453
21500.000000 3.299375 36.574268 -0.856560 -0.595501
21520.000000 3.337031 36.418581 -0.846037 -0.601532
21540.000000 3.375930 36.263166 -0.831769 -0.607534
21560.000000 3.416058 36.108095 -0.813486 -0.613495
21580.000000 3.457372 35.953435 -0.790906 -0.619403
21600.000000 3.499794 35.799256 -0.763741 -0.625238
21620.000000 3.543201 35.645625 -0.731703 -0.630982
21640.000000 3.587415 35.492605 -0.694513 -0.636609
21660.000000 3.632189 35.340253 -0.651911 -0.642093
21680.000000 3.677198 35.188619 -0.603674 -0.647401
21700.000000 3.722031 35.037742 -0.549629 -0.652498
21720.000000 3.766185 34.887645 -0.489678 -0.657344
21740.000000 3.809068 34.738339 -0.423813 -0.661900
21760.000000 3.850007 34.589813 -0.352147 -0.666119
21780.000000 3.888272 34.442036 -0.274930 -0.669960
21800.000000 3.923096 34.294957 -0.192569 -0.673378
21820.000000 3.953717 34.148503 -0.105640 -0.676335
21840.000000 3.979412 34.002579 -0.014890 -0.678793
21860.000000 3.999538 33.857073 0.078776 -0.680721
21880.000000 4.013570 33.711859 0.174320 -0.682093
21900.000000 4.021131 33.566800 0.270610 -0.682886
21920.000000 4.022015 33.421755 0.366473 -0.683086
21940.000000 4.016199 33.276586 0.460749 -0.682684
21960.000000 4.003843 33.131160 0.552344 -0.681677
21980.000000 3.985283 32.985357 0.640272 -0.680075
22000.000000 3.961004 32.839068 0.723686 -0.677893
22020.000000 3.931605 32.692205 0.801896 -0.675158
22040.000000 3.897766 32.544693 0.874373 -0.671903
22060.000000 3.860201 32.396480 0.940745 -0.668164
22080.000000 3.819622 32.247529 1.000788 -0.663982
22100.000000 3.776708 32.097823 1.054406 -0.659395
22120.000000 3.732083 31.947360 1.101617 -0.654444
22140.000000 3.686302 31.796157 1.142533 -0.649164
22160.000000 3.639846 31.644240 1.177341 -0.643591
22180.000000 3.593123 31.491651 1.206285 -0.637756
22200.000000 3.546473 31.338439 1.229648 -0.631690
22220.000000 3.500175 31.184662 1.247740 -0.625419
22240.000000 3.454458 31.030384 1.260886 -0.618969
22260.000000 3.409504 30.875675 1.269414 -0.612364
22280.000000 3.365462 30.720606 1.273652 -0.605626
22300.000000 3.322448 30.565252 1.273916 -0.598776
22320.000000 3.280556 30.409690 1.270516 -0.591834
22340.000000 3.239856 30.253998 1.263744 -0.584819
22360.000000 3.200405 30.098251 1.253879 -0.577751
22380.000000 3.162245 29.942529 1.241184 -0.570647
22400.000000 3.125403 29.786905 1.225907 -0.563524
22420.000000 3.089902 29.631454 1.208280 -0.556401
22440.000000 3.055753 29.476247 1.188520 -0.549295
22460.000000 3.022960 29.321354 1.166830 -0.542221
22480.000000 2.991523 29.166840 1.143400 -0.535198
22500.000000 2.961437 29.012766 1.118406 -0.528241
22520.000000 2.932690 28.859191 1.092012 -0.521367
22540.000000 2.905271 28.706167 1.064370 -0.514592
22560.000000 2.879162 28.553743 1.035622 -0.507931
22580.000000 2.854344 28.401961 1.005898 -0.501400
22600.000000 2.830796 28.250858 0.975318 -0.495015
22620.000000 2.808495 28.100466 0.943991 -0.488789
22640.000000 2.787418 27.950811 0.912019 -0.482736
22660.000000 2.767537 27.801911 0.879492 -0.476871
22680.000000 2.748827 27.653781 0.846493 -0.471205
22700.000000 2.731259 27.506428 0.813097 -0.465751
22720.000000 2.714808 27.359853 0.779370 -0.460520
22740.000000 2.699443 27.214051 0.745373 -0.455523
22760.000000 2.685138 27.069013 0.711158 -0.450770
22780.000000 2.671864 26.924722 0.676772 -0.446268
22800.000000 2.659594 26.781158 0.642255 -0.442027
22820.000000 2.648301 26.638295 0.607643 -0.438053
22840.000000 2.637958 26.496100 0.572966 -0.434354
22860.000000 2.628541 26.354540 0.538252 -0.430934
22880.000000 2.620024 26.213575 0.503522 -0.427798
22900.000000 2.612386 26.073162 0.468796 -0.424951
22920.000000 2.605604 25.933254 0.434089 -0.422395
22940.000000 2.599657 25.793801 0.399415 -0.420133
22960.000000 2.594527 25.654753 0.364786 -0.418168
22980.000000 2.590197 25.516054 0.330210 -0.416500
23000.000000 2.586650 25.377649 0.295697 -0.415129
23020.000000 2.583873 25.239481 0.261252 -0.414057
23040.000000 2.581853 25.101490 0.226882 -0.413282
23060.000000 2.580580 24.963618 0.192592 -0.412803
23080.000000 2.580044 24.825805 0.158388 -0.412619
23100.000000 2.580237 24.687993 0.124274 -0.412727
23120.000000 2.581155 24.550122 0.090257 -0.413125
23140.000000 2.582793 24.412134 0.056342 -0.413809
23160.000000 2.585147 24.273972 0.022535 -0.414776
23180.000000 2.588217 24.135581 -0.011155 -0.416022
23200.000000 2.592002 23.996908 -0.044719 -0.417541
23220.000000 2.596504 23.857899 -0.078147 -0.419330
23240.000000 2.601725 23.718507 -0.111428 -0.421382
23260.000000 2.607668 23.578684 -0.144547 -0.423692
23280.000000 2.614338 23.438386 -0.177490 -0.426253
23300.000000 2.621739 23.297573 -0.210237 -0.429059
23320.000000 2.629878 23.156208 -0.242768 -0.432101
23340.000000 2.638760 23.014256 -0.275061 -0.435373
23360.000000 2.648393 22.871688 -0.307088 -0.438865
23380.000000 2.658784 22.728478 -0.338822 -0.442571
23400.000000 2.669940 22.584602 -0.370230 -0.446480
23420.000000 2.681868 22.440044 -0.401276 -0.450584
23440.000000 2.694577 22.294790 -0.431922 -0.454874
23460.000000 2.708073 22.148829 -0.462122 -0.459338
23480.000000 2.722364 22.002157 -0.491832 -0.463968
23500.000000 2.737458 21.854773 -0.520999 -0.468753
23520.000000 2.753362 21.706680 -0.549568 -0.473684
23540.000000 2.770084 21.557885 -0.577480 -0.478749
23560.000000 2.787631 21.408401 -0.604669 -0.483939
23580.000000 2.806011 21.258243 -0.631066 -0.489243
23600.000000 2.825233 21.107430 -0.656599 -0.494652
23620.000000 2.845305 20.955986 -0.681186 -0.500156
23640.000000 2.866239 20.803938 -0.704746 -0.505746
23660.000000 2.888045 20.651316 -0.727187 -0.511413
23680.000000 2.910735 20.498153 -0.748415 -0.517148
23700.000000 2.934325 20.344487 -0.768328 -0.522943
23720.000000 2.958830 20.190356 -0.786820 -0.528792
23740.000000 2.984270 20.035804 -0.803774 -0.534686
23760.000000 3.010665 19.880874 -0.819071 -0.540621
23780.000000 3.038039 19.725616 -0.832579 -0.546589
23800.000000 3.066419 19.570078 -0.844161 -0.552585
23820.000000 3.095834 19.414312 -0.853668 -0.558605
23840.000000 3.126315 19.258374 -0.860941 -0.564643
23860.000000 3.157895 19.102320 -0.865810 -0.570694
23880.000000 3.190607 18.946209 -0.868092 -0.576754
23900.000000 3.224485 18.790102 -0.867591 -0.582817
23920.000000 3.259560 18.634061 -0.864094 -0.588876
23940.000000 3.295857 18.478153 -0.857376 -0.594926
23960.000000 3.333394 18.322443 -0.847195 -0.600959
23980.000000 3.372176 18.166999 -0.833295 -0.606964
24000.000000 3.412188 18.011892 -0.815406 -0.612930
24020.000000 3.453392 17.857190 -0.793248 -0.618843
24040.000000 3.495712 17.702963 -0.766531 -0.624687
24060.000000 3.539033 17.549277 -0.734969 -0.630440
24080.000000 3.583179 17.396196 -0.698281 -0.636079
24100.000000 3.627913 17.243778 -0.656204 -0.641578
24120.000000 3.672916 17.092074 -0.608512 -0.646904
24140.000000 3.717786 16.941123 -0.555025 -0.652023
24160.000000 3.762029 16.790952 -0.495637 -0.656895
24180.000000 3.805060 16.641571 -0.430333 -0.661480
24200.000000 3.846215 16.492971 -0.359210 -0.665733
24220.000000 3.884767 16.345125 -0.282506 -0.669612
24240.000000 3.919952 16.197983 -0.200613 -0.673072
24260.000000 3.951005 16.051473 -0.114089 -0.676074
24280.000000 3.977198 15.905503 -0.023666 -0.678581
24300.000000 3.997878 15.759963 0.069766 -0.680561
24320.000000 4.012509 15.614727 0.165178 -0.681987
24340.000000 4.020697 15.469659 0.261447 -0.682836
24360.000000 4.022221 15.324619 0.357402 -0.683093
24380.000000 4.017037 15.179467 0.451877 -0.682748
24400.000000 4.005292 15.034071 0.543772 -0.681799
24420.000000 3.987304 14.888308 0.632088 -0.680253
24440.000000 3.963545 14.742070 0.715963 -0.678125
24460.000000 3.934605 14.595265 0.794694 -0.675442
24480.000000 3.901158 14.447818 0.867735 -0.672234
24500.000000 3.863916 14.299673 0.934700 -0.668540
24520.000000 3.823594 14.150793 0.995351 -0.664398
24540.000000 3.780874 14.001159 1.049581 -0.659848
24560.000000 3.736387 13.850768 1.097398 -0.654930
24580.000000 3.690694 13.699634 1.138906 -0.649680
24600.000000 3.644284 13.547784 1.174286 -0.644133
24620.000000 3.597571 13.395256 1.203776 -0.638322
24640.000000 3.550901 13.242101 1.227657 -0.632276
24660.000000 3.504559 13.088375 1.246237 -0.626024
24680.000000 3.458777 12.934142 1.259839 -0.619590
24700.000000 3.413744 12.779471 1.268793 -0.612998
24720.000000 3.369610 12.624433 1.273424 -0.606272
24740.000000 3.326494 12.469103 1.274054 -0.599432
24760.000000 3.284491 12.313558 1.270989 -0.592498
24780.000000 3.243676 12.157874 1.264526 -0.585489
24800.000000 3.204104 12.002130 1.254944 -0.578425
24820.000000 3.165819 11.846402 1.242507 -0.571324
24840.000000 3.128852 11.690765 1.227466 -0.564202
24860.000000 3.093222 11.535294 1.210053 -0.557079
24880.000000 3.058944 11.380062 1.190487 -0.549970
24900.000000 3.026022 11.225136 1.168972 -0.542892
24920.000000 2.994456 11.070583 1.145699 -0.535863
24940.000000 2.964242 10.916465 1.120847 -0.528900
24960.000000 2.935368 10.762840 1.094579 -0.522017
24980.000000 2.907823 10.609762 1.067050 -0.515232
25000.000000 2.881590 10.457278 1.038402 -0.508559
25020.000000 2.856650 10.305433 1.008765 -0.502016
25040.000000 2.832983 10.154265 0.978262 -0.495616
25060.000000 2.810564 10.003804 0.947001 -0.489374
25080.000000 2.789371 9.854078 0.915086 -0.483304
25100.000000 2.769378 9.705105 0.882608 -0.477420
25120.000000 2.750557 9.556902 0.849651 -0.471735
25140.000000 2.732883 9.409474 0.816289 -0.466261
25160.000000 2.716326 9.262825 0.782592 -0.461008
25180.000000 2.700859 9.116950 0.748618 -0.455988
25200.000000 2.686454 8.971840 0.714422 -0.451211
25220.000000 2.673084 8.827479 0.680050 -0.446685
25240.000000 2.660719 8.683847 0.645544 -0.442419
25260.000000 2.649334 8.540918 0.610939 -0.438420
25280.000000 2.638902 8.398661 0.576268 -0.434694
25300.000000 2.629398 8.257043 0.541556 -0.431247
25320.000000 2.620797 8.116023 0.506827 -0.428084
25340.000000 2.613076 7.975559 0.472099 -0.425209
25360.000000 2.606213 7.835605 0.437390 -0.422625
25380.000000 2.600187 7.696111 0.402713 -0.420336
25400.000000 2.594980 7.557027 0.368079 -0.418342
25420.000000 2.590575 7.418297 0.333498 -0.416646
25440.000000 2.586954 7.279867 0.298978 -0.415247
25460.000000 2.584104 7.141678 0.264526 -0.414146
25480.000000 2.582013 7.003673 0.230149 -0.413343
25500.000000 2.580669 6.865792 0.195851 -0.412836
25520.000000 2.580063 6.727976 0.161639 -0.412624
25540.000000 2.580188 6.590167 0.127516 -0.412704
25560.000000 2.581037 6.452304 0.093489 -0.413074
25580.000000 2.582606 6.314329 0.059564 -0.413732
25600.000000 2.584892 6.176187 0.025747 -0.414672
25620.000000 2.587894 6.037820 -0.007954 -0.415891
25640.000000 2.591611 5.899175 -0.041531 -0.417385
25660.000000 2.596045 5.760201 -0.074973 -0.419148
25680.000000 2.601197 5.620847 -0.108268 -0.421176
25700.000000 2.607071 5.481067 -0.141403 -0.423462
25720.000000 2.613672 5.340816 -0.174363 -0.425999
25740.000000 2.621003 5.200054 -0.207130 -0.428781
25760.000000 2.629071 5.058743 -0.239683 -0.431801
25780.000000 2.637883 4.916848 -0.271999 -0.435052
25800.000000 2.647444 4.774340 -0.304053 -0.438524
25820.000000 2.657762 4.631192 -0.335816 -0.442210
25840.000000 2.668845 4.487380 -0.367257 -0.446100
25860.000000 2.680700 4.342888 -0.398339 -0.450186
25880.000000 2.693334 4.197700 -0.429024 -0.454458
25900.000000 2.706755 4.051807 -0.459269 -0.458906
25920.000000 2.720970 3.905203 -0.489028 -0.463521
25940.000000 2.735987 3.757886 -0.518249 -0.468292
25960.000000 2.751814 3.609860 -0.546877 -0.473209
25980.000000 2.768457 3.461132 -0.574854 -0.478261
26000.000000 2.785925 3.311713 -0.602114 -0.483440
26020.000000 2.804226 3.161618 -0.628591 -0.488734
26040.000000 2.823367 3.010867 -0.654209 -0.494133
26060.000000 2.843359 2.859482 -0.678890 -0.499629
26080.000000 2.864210 2.707490 -0.702551 -0.505211
26100.000000 2.885932 2.554921 -0.725103 -0.510870
26120.000000 2.908538 2.401808 -0.746450 -0.516599
26140.000000 2.932041 2.248188 -0.766493 -0.522389
26160.000000 2.956459 2.094100 -0.785124 -0.528233
26180.000000 2.981809 1.939585 -0.802231 -0.534124
26200.000000 3.008112 1.784690 -0.817690 -0.540054
26220.000000 3.035392 1.629461 -0.831375 -0.546020
26240.000000 3.063675 1.473947 -0.843146 -0.552014
26260.000000 3.092990 1.318201 -0.852857 -0.558031
26280.000000 3.123368 1.162277 -0.860350 -0.564068
26300.000000 3.154842 1.006231 -0.865455 -0.570118
26320.000000 3.187445 0.850123 -0.867992 -0.576177
26340.000000 3.221210 0.694013 -0.867764 -0.582240
26360.000000 3.256170 0.537963 -0.864561 -0.588300
26380.000000 3.292350 0.382039 -0.858160 -0.594351
26400.000000 3.329769 0.226307 -0.848320 -0.600386
26420.000000 3.368432 0.070836 -0.834785 -0.606394
26440.000000 3.408329 -0.084307 -0.817288 -0.612365
26460.000000 3.449422 -0.239050 -0.795548 -0.618283
26480.000000 3.491640 -0.393326 -0.769278 -0.624134
26500.000000 3.534872 -0.547066 -0.738189 -0.629897
26520.000000 3.578949 -0.700207 -0.702000 -0.635548
26540.000000 3.623639 -0.852690 -0.660446 -0.641062
26560.000000 3.668633 -1.004464 -0.613297 -0.646406
26580.000000 3.713535 -1.155488 -0.560367 -0.651546
26600.000000 3.757861 -1.305734 -0.501543 -0.656443
26620.000000 3.801035 -1.455190 -0.436799 -0.661057
26640.000000 3.842400 -1.603863 -0.366223 -0.665344
26660.000000 3.881232 -1.751779 -0.290036 -0.669260
26680.000000 3.916770 -1.898986 -0.208614 -0.672762
26700.000000 3.948248 -2.045552 -0.122502 -0.675809
26720.000000 3.974933 -2.191569 -0.032414 -0.678365
26740.000000 3.996163 -2.337145 0.060774 -0.680396
26760.000000 4.011389 -2.482404 0.156045 -0.681875
26780.000000 4.020203 -2.627482 0.252282 -0.682781
26800.000000 4.022365 -2.772519 0.348317 -0.683095
26820.000000 4.017817 -2.917654 0.442982 -0.682807
26840.000000 4.006685 -3.063021 0.535167 -0.681915
26860.000000 3.989273 -3.208744 0.623863 -0.680425
26880.000000 3.966038 -3.354933 0.708194 -0.678352
26900.000000 3.937563 -3.501681 0.787440 -0.675720
26920.000000 3.904515 -3.649064 0.861041 -0.672561
26940.000000 3.867603 -3.797141 0.928597 -0.668911
26960.000000 3.827544 -3.945949 0.989855 -0.664810
26980.000000 3.785024 -4.095511 1.044698 -0.660297
27000.000000 3.740680 -4.245831 1.093122 -0.655412
27020.000000 3.695080 -4.396895 1.135224 -0.650192
27040.000000 3.648719 -4.548679 1.171177 -0.644673
27060.000000 3.602019 -4.701144 1.201216 -0.638885
27080.000000 3.555331 -4.854241 1.225618 -0.632861
27100.000000 3.508947 -5.007916 1.244688 -0.626627
27120.000000 3.463104 -5.162103 1.258750 -0.620209
27140.000000 3.417993 -5.316736 1.268132 -0.613632
27160.000000 3.373767 -5.471742 1.273161 -0.606917
27180.000000 3.330550 -5.627047 1.274158 -0.600087
27200.000000 3.288438 -5.782576 1.271431 -0.593161
27220.000000 3.247507 -5.938249 1.265279 -0.586159
27240.000000 3.207815 -6.093991 1.255982 -0.579099
27260.000000 3.169406 -6.249724 1.243807 -0.572001
27280.000000 3.132312 -6.405373 1.229003 -0.564880
27300.000000 3.096554 -6.560862 1.211806 -0.557756
27320.000000 3.062147 -6.716121 1.192435 -0.550645
27340.000000 3.029096 -6.871079 1.171098 -0.543564
27360.000000 2.997402 -7.025670 1.147985 -0.536530
27380.000000 2.967059 -7.179832 1.123275 -0.529559
27400.000000 2.938058 -7.333506 1.097135 -0.522668
27420.000000 2.910387 -7.486639 1.069720 -0.515873
27440.000000 2.884030 -7.639180 1.041172 -0.509189
27460.000000 2.858968 -7.791088 1.011624 -0.502632
27480.000000 2.835180 -7.942322 0.981198 -0.496218
27500.000000 2.812644 -8.092852 0.950006 -0.489960
27520.000000 2.791336 -8.242649 0.918149 -0.483874
27540.000000 2.771229 -8.391694 0.885720 -0.477972
27560.000000 2.752298 -8.539971 0.852805 -0.472267
27580.000000 2.734516 -8.687472 0.819479 -0.466772
27600.000000 2.717854 -8.834196 0.785811 -0.461498
27620.000000 2.702285 -8.980144 0.751861 -0.456456
27640.000000 2.687780 -9.125326 0.717684 -0.451655
27660.000000 2.674312 -9.269758 0.683327 -0.447105
27680.000000 2.661853 -9.413458 0.648832 -0.442814
27700.000000 2.650376 -9.556453 0.614235 -0.438789
27720.000000 2.639854 -9.698772 0.579569 -0.435037
27740.000000 2.630263 -9.840449 0.544860 -0.431563
27760.000000 2.621577 -9.981525 0.510132 -0.428373
27780.000000 2.613773 -10.122040 0.475403 -0.425470
27800.000000 2.606829 -10.262040 0.440691 -0.422859
27820.000000 2.600725 -10.401575 0.406010 -0.420541
27840.000000 2.595441 -10.540696 0.371372 -0.418519
27860.000000 2.590960 -10.679457 0.336786 -0.416794
27880.000000 2.587265 -10.817914 0.302260 -0.415367
27900.000000 2.584343 -10.956123 0.267801 -0.414238
27920.000000 2.582180 -11.094143 0.233417 -0.413407
27940.000000 2.580765 -11.232033 0.199111 -0.412872
27960.000000 2.580089 -11.369852 0.164890 -0.412631
27980.000000 2.580145 -11.507660 0.130759 -0.412684
28000.000000 2.580925 -11.645516 0.096723 -0.413027
28020.000000 2.582426 -11.783477 0.062788 -0.413657
28040.000000 2.584644 -11.921601 0.028960 -0.414570
28060.000000 2.587578 -12.059944 -0.004753 -0.415763
28080.000000 2.591227 -12.198560 -0.038341 -0.417231
28100.000000 2.595592 -12.337501 -0.071797 -0.418969
28120.000000 2.600676 -12.476817 -0.105107 -0.420972
28140.000000 2.606481 -12.616554 -0.138258 -0.423233
28160.000000 2.613012 -12.756758 -0.171235 -0.425747
28180.000000 2.620274 -12.897470 -0.204021 -0.428506
28200.000000 2.628272 -13.038728 -0.236595 -0.431504
28220.000000 2.637012 -13.180565 -0.268935 -0.434733
28240.000000 2.646502 -13.323014 -0.301015 -0.438184
28260.000000 2.656748 -13.466100 -0.332807 -0.441850
28280.000000 2.667757 -13.609848 -0.364280 -0.445721
28300.000000 2.679538 -13.754275 -0.395398 -0.449789
28320.000000 2.692098 -13.899396 -0.426123 -0.454044
28340.000000 2.705443 -14.045222 -0.456411 -0.458476
28360.000000 2.719583 -14.191758 -0.486218 -0.463075
28380.000000 2.734523 -14.339007 -0.515493 -0.467831
28400.000000 2.750273 -14.486965 -0.544180 -0.472735
28420.000000 2.766838 -14.635627 -0.572222 -0.477775
28440.000000 2.784227 -14.784981 -0.599553 -0.482942
28460.000000 2.802448 -14.935012 -0.626107 -0.488225
28480.000000 2.821509 -15.085702 -0.651810 -0.493615
28500.000000 2.841420 -15.237028 -0.676584 -0.499102
28520.000000 2.862189 -15.388963 -0.700346 -0.504676
28540.000000 2.883827 -15.541479 -0.723007 -0.510329
28560.000000 2.906348 -15.694542 -0.744473 -0.516051
28580.000000 2.929766 -15.848115 -0.764645 -0.521836
28600.000000 2.954096 -16.002161 -0.783415 -0.527675
28620.000000 2.979356 -16.156636 -0.800672 -0.533561
28640.000000 3.005567 -16.311497 -0.816294 -0.539489
28660.000000 3.032753 -16.466697 -0.830153 -0.545451
28680.000000 3.060940 -16.622186 -0.842112 -0.551442
28700.000000 3.090155 -16.777912 -0.852026 -0.557458
28720.000000 3.120431 -16.933821 -0.859737 -0.563493
28740.000000 3.151799 -17.089858 -0.865077 -0.569542
28760.000000 3.184293 -17.245963 -0.867866 -0.575600
28780.000000 3.217947 -17.402076 -0.867910 -0.581663
28800.000000 3.252791 -17.558134 -0.865000 -0.587724
28820.000000 3.288854 -17.714073 -0.858913 -0.593776
28840.000000 3.326155 -17.869826 -0.849411 -0.599813
28860.000000 3.364700 -18.025325 -0.836239 -0.605824
28880.000000 3.404480 -18.180502 -0.819131 -0.611798
28900.000000 3.445462 -18.335286 -0.797807 -0.617723
28920.000000 3.487577 -18.489609 -0.771980 -0.623581
28940.000000 3.530719 -18.643403 -0.741362 -0.629353
28960.000000 3.574724 -18.796604 -0.705670 -0.635016
28980.000000 3.619368 -18.949152 -0.664638 -0.640544
29000.000000 3.664348 -19.100995 -0.618029 -0.645905
29020.000000 3.709279 -19.252092 -0.565656 -0.651066
29040.000000 3.753684 -19.402413 -0.507396 -0.655989
29060.000000 3.796994 -19.551944 -0.443213 -0.660632
29080.000000 3.838561 -19.700691 -0.373184 -0.664951
29100.000000 3.877666 -19.848677 -0.297518 -0.668905
29120.000000 3.913551 -19.995949 -0.216574 -0.672448
29140.000000 3.945448 -20.142572 -0.130880 -0.675540
29160.000000 3.972619 -20.288637 -0.041135 -0.678144
29180.000000 3.994394 -20.434250 0.051800 -0.680226
29200.000000 4.010211 -20.579534 0.146920 -0.681759
29220.000000 4.019648 -20.724623 0.243115 -0.682720
29240.000000 4.022449 -20.869657 0.339220 -0.683091
29260.000000 4.018536 -21.014777 0.434065 -0.682861
29280.000000 4.008021 -21.160117 0.526531 -0.682026
29300.000000 3.991188 -21.305801 0.615599 -0.680592
29320.000000 3.968485 -21.451941 0.700379 -0.678574
29340.000000 3.940481 -21.598632 0.780135 -0.675994
29360.000000 3.907837 -21.745952 0.854293 -0.672883
29380.000000 3.871262 -21.893961 0.922437 -0.669279
29400.000000 3.831472 -22.042699 0.984302 -0.665219
29420.000000 3.789158 -22.192189 1.039756 -0.660743
29440.000000 3.744962 -22.342436 1.088789 -0.655892
29460.000000 3.699459 -22.493430 1.131486 -0.650703
29480.000000 3.653151 -22.645147 1.168015 -0.645210
29500.000000 3.606467 -22.797549 1.198605 -0.639447
29520.000000 3.559765 -22.950589 1.223530 -0.633443
29540.000000 3.513341 -23.104211 1.243095 -0.627228
29560.000000 3.467437 -23.258353 1.257619 -0.620827
29580.000000 3.422249 -23.412946 1.267432 -0.614264
29600.000000 3.377934 -23.567920 1.272861 -0.607561
29620.000000 3.334616 -23.723200 1.274228 -0.600741
29640.000000 3.292395 -23.878710 1.271843 -0.593824
29660.000000 3.251349 -24.034373 1.266004 -0.586828
29680.000000 3.211537 -24.190112 1.256995 -0.579773
29700.000000 3.173004 -24.345849 1.245082 -0.572677
29720.000000 3.135784 -24.501509 1.230518 -0.565558
29740.000000 3.099899 -24.657017 1.213539 -0.558434
29760.000000 3.065363 -24.812301 1.194366 -0.551321
29780.000000 3.032183 -24.967290 1.173207 -0.544236
29800.000000 3.000359 -25.121919 1.150255 -0.537197
29820.000000 2.969888 -25.276124 1.125690 -0.530219
29840.000000 2.940760 -25.429847 1.099680 -0.523320
29860.000000 2.912964 -25.583034 1.072379 -0.516515
29880.000000 2.886482 -25.735633 1.043934 -0.509820
29900.000000 2.861298 -25.887603 1.014476 -0.503250
29920.000000 2.837390 -26.038903 0.984128 -0.496822
29940.000000 2.814735 -26.189501 0.953004 -0.490549
29960.000000 2.793311 -26.339369 0.921206 -0.484445
29980.000000 2.773091 -26.488485 0.888828 -0.478525
30000.000000 2.754050 -26.636836 0.855956 -0.472801
30020.000000 2.736159 -26.784412 0.822666 -0.467286
30040.000000 2.719392 -26.931209 0.789028 -0.461990
30060.000000 2.703720 -27.077231 0.755102 -0.456925
30080.000000 2.689115 -27.222485 0.720944 -0.452101
30100.000000 2.675550 -27.366987 0.686602 -0.447527
30120.000000 2.662996 -27.510756 0.652119 -0.443211
30140.000000 2.651426 -27.653817 0.617531 -0.439160
30160.000000 2.640815 -27.796199 0.582870 -0.435382
30180.000000 2.631136 -27.937936 0.548164 -0.431881
30200.000000 2.622365 -28.079067 0.513436 -0.428664
30220.000000 2.614478 -28.219633 0.478707 -0.425734
30240.000000 2.607454 -28.359681 0.443993 -0.423094
30260.000000 2.601270 -28.499258 0.409309 -0.420749
30280.000000 2.595909 -28.638416 0.374666 -0.418699
30300.000000 2.591352 -28.777209 0.340074 -0.416945
30320.000000 2.587583 -28.915692 0.305542 -0.415490
30340.000000 2.584588 -29.053922 0.271077 -0.414333
30360.000000 2.582353 -29.191958 0.236685 -0.413473
30380.000000 2.580867 -29.329858 0.202372 -0.412910
30400.000000 2.580122 -29.467681 0.168143 -0.412642
30420.000000 2.580108 -29.605487 0.134003 -0.412667
30440.000000 2.580820 -29.743336 0.099957 -0.412982
30460.000000 2.582252 -29.881284 0.066012 -0.413585
30480.000000 2.584402 -30.019391 0.032174 -0.414471
30500.000000 2.587268 -30.157711 -0.001550 -0.415638
30520.000000 2.590849 -30.296298 -0.035151 -0.417080
30540.000000 2.595146 -30.435206 -0.068619 -0.418792
30560.000000 2.600161 -30.574484 -0.101944 -0.420770
30580.000000 2.605898 -30.714180 -0.135111 -0.423007
30600.000000 2.612359 -30.854337 -0.168105 -0.425497
30620.000000 2.619551 -30.994999 -0.200910 -0.428233
30640.000000 2.627479 -31.136203 -0.233505 -0.431209
30660.000000 2.636148 -31.277984 -0.265868 -0.434416
30680.000000 2.645566 -31.420373 -0.297974 -0.437846
30700.000000 2.655740 -31.563398 -0.329795 -0.441492
30720.000000 2.666677 -31.707082 -0.361300 -0.445344
30740.000000 2.678384 -31.851443 -0.392453 -0.449394
30760.000000 2.690869 -31.996498 -0.423217 -0.453631
30780.000000 2.704139 -32.142256 -0.453549 -0.458046
30800.000000 2.718203 -32.288725 -0.483404 -0.462630
30820.000000 2.733067 -32.435906 -0.512732 -0.467372
30840.000000 2.748739 -32.583797 -0.541477 -0.472262
30860.000000 2.765226 -32.732393 -0.569583 -0.477290
30880.000000 2.782537 -32.881681 -0.596985 -0.482445
30900.000000 2.800679 -33.031649 -0.623616 -0.487718
30920.000000 2.819659 -33.182277 -0.649403 -0.493098
30940.000000 2.839488 -33.333543 -0.674269 -0.498576
30960.000000 2.860175 -33.485422 -0.698131 -0.504142
30980.000000 2.881731 -33.637884 -0.720901 -0.509788
31000.000000 2.904167 -33.790896 -0.742485 -0.515504
31020.000000 2.927499 -33.944422 -0.762784 -0.521283
31040.000000 2.951741 -34.098425 -0.781693 -0.527117
31060.000000 2.976912 -34.252861 -0.799098 -0.532999
31080.000000 3.003032 -34.407688 -0.814881 -0.538923
31100.000000 3.030124 -34.562857 -0.828913 -0.544882
31120.000000 3.058214 -34.718321 -0.841060 -0.550871
31140.000000 3.087330 -34.874027 -0.851175 -0.556885
31160.000000 3.117503 -35.029921 -0.859103 -0.562918
31180.000000 3.148766 -35.185948 -0.864676 -0.568966
31200.000000 3.181152 -35.342049 -0.867716 -0.575024
31220.000000 3.214694 -35.498163 -0.868030 -0.581086
31240.000000 3.249424 -35.654230 -0.865410 -0.587147
31260.000000 3.285370 -35.810182 -0.859636 -0.593201
31280.000000 3.322552 -35.965956 -0.850469 -0.599239
31300.000000 3.360979 -36.121483 -0.837658 -0.605253
31320.000000 3.400643 -36.276693 -0.820936 -0.611232
31340.000000 3.441512 -36.431518 -0.800025 -0.617162
31360.000000 3.483524 -36.585887 -0.774639 -0.623027
31380.000000 3.526574 -36.739735 -0.744490 -0.628808
31400.000000 3.570506 -36.892994 -0.709292 -0.634483
31420.000000 3.615100 -37.045607 -0.668779 -0.640025
31440.000000 3.660064 -37.197519 -0.622710 -0.645403
31460.000000 3.705018 -37.348688 -0.570892 -0.650585
31480.000000 3.749496 -37.499084 -0.513195 -0.655532
31500.000000 3.792937 -37.648691 -0.449574 -0.660203
31520.000000 3.834700 -37.797512 -0.380095 -0.664556
31540.000000 3.874072 -37.945569 -0.304952 -0.668546
31560.000000 3.910297 -38.092905 -0.224490 -0.672130
31580.000000 3.942606 -38.239587 -0.139221 -0.675266
31600.000000 3.970256 -38.385701 -0.049826 -0.677918
31620.000000 3.992571 -38.531352 0.042846 -0.680051
31640.000000 4.008975 -38.676661 0.137804 -0.681638
31660.000000 4.019033 -38.821763 0.233947 -0.682653
31680.000000 4.022471 -38.966796 0.330111 -0.683081
31700.000000 4.019196 -39.111902 0.425125 -0.682908
31720.000000 4.009299 -39.257215 0.517864 -0.682131
31740.000000 3.993051 -39.402862 0.607295 -0.680754
31760.000000 3.970883 -39.548954 0.692517 -0.678790
31780.000000 3.943356 -39.695589 0.772779 -0.676263
31800.000000 3.911124 -39.842847 0.847490 -0.673201
31820.000000 3.874892 -39.990788 0.916220 -0.669642
31840.000000 3.835377 -40.139455 0.978690 -0.665623
31860.000000 3.793275 -40.288873 1.034757 -0.661186
31880.000000 3.749232 -40.439048 1.084398 -0.656369
31900.000000 3.703831 -40.589972 1.127691 -0.651210
31920.000000 3.657580 -40.741622 1.164798 -0.645745
31940.000000 3.610915 -40.893961 1.195943 -0.640006
31960.000000 3.564201 -41.046942 1.221394 -0.634024
31980.000000 3.517739 -41.200511 1.241455 -0.627828
