0.000000 3.393812 21.287029 -0.780411 0.023427
20.000000 3.392642 21.291803 -0.775309 0.013881
40.000000 3.392101 21.294149 -0.770052 0.004326
60.000000 3.392188 21.294063 -0.764643 -0.005236
80.000000 3.392907 21.291545 -0.759086 -0.014802
100.000000 3.394256 21.286595 -0.753378 -0.024371
120.000000 3.396239 21.279216 -0.747516 -0.033939
140.000000 3.398856 21.269413 -0.741491 -0.043504
160.000000 3.402110 21.257193 -0.735293 -0.053064
180.000000 3.406001 21.242565 -0.728907 -0.062615
200.000000 3.410533 21.225540 -0.722316 -0.072155
220.000000 3.415706 21.206131 -0.715498 -0.081681
240.000000 3.421522 21.184355 -0.708430 -0.091189
260.000000 3.427984 21.160227 -0.701083 -0.100675
280.000000 3.435092 21.133769 -0.693425 -0.110137
300.000000 3.442847 21.105001 -0.685421 -0.119569
320.000000 3.451249 21.073949 -0.677033 -0.128968
340.000000 3.460298 21.040639 -0.668219 -0.138328
360.000000 3.469992 21.005099 -0.658932 -0.147645
380.000000 3.480327 20.967362 -0.649123 -0.156913
400.000000 3.491300 20.927460 -0.638740 -0.166126
420.000000 3.502905 20.885431 -0.627727 -0.175277
440.000000 3.515132 20.841313 -0.616025 -0.184360
460.000000 3.527971 20.795146 -0.603572 -0.193366
480.000000 3.541409 20.746975 -0.590303 -0.202287
500.000000 3.555427 20.696846 -0.576151 -0.211114
520.000000 3.570004 20.644807 -0.561047 -0.219838
540.000000 3.585115 20.590910 -0.544922 -0.228447
560.000000 3.600727 20.535208 -0.527704 -0.236931
580.000000 3.616805 20.477757 -0.509322 -0.245278
600.000000 3.633305 20.418616 -0.489706 -0.253473
620.000000 3.650177 20.357845 -0.468787 -0.261505
640.000000 3.667363 20.295507 -0.446501 -0.269357
660.000000 3.684798 20.231667 -0.422785 -0.277014
680.000000 3.702406 20.166391 -0.397585 -0.284459
700.000000 3.720106 20.099747 -0.370850 -0.291677
720.000000 3.737805 20.031806 -0.342543 -0.298647
740.000000 3.755402 19.962638 -0.312632 -0.305353
760.000000 3.772787 19.892315 -0.281101 -0.311774
780.000000 3.789843 19.820910 -0.247948 -0.317891
800.000000 3.806444 19.748497 -0.213184 -0.323685
820.000000 3.822460 19.675150 -0.176840 -0.329136
840.000000 3.837757 19.600942 -0.138964 -0.334224
860.000000 3.852198 19.525946 -0.099627 -0.338930
880.000000 3.865645 19.450237 -0.058915 -0.343235
900.000000 3.877965 19.373888 -0.016941 -0.347122
920.000000 3.889028 19.296970 0.026166 -0.350574
940.000000 3.898714 19.219557 0.070256 -0.353575
960.000000 3.906913 19.141720 0.115161 -0.356110
980.000000 3.913529 19.063530 0.160697 -0.358168
1000.000000 3.918483 18.985060 0.206668 -0.359736
1020.000000 3.921711 18.906379 0.252868 -0.360806
1040.000000 3.923174 18.827561 0.299085 -0.361370
1060.000000 3.922849 18.748676 0.345104 -0.361423
1080.000000 3.920740 18.669799 0.390715 -0.360962
1100.000000 3.916868 18.591003 0.435712 -0.359988
1120.000000 3.911277 18.512364 0.479898 -0.358501
1140.000000 3.904033 18.433957 0.523091 -0.356506
1160.000000 3.895217 18.355862 0.565125 -0.354012
1180.000000 3.884927 18.278156 0.605851 -0.351026
1200.000000 3.873275 18.200920 0.645141 -0.347561
1220.000000 3.860383 18.124236 0.682888 -0.343631
1240.000000 3.846380 18.048186 0.719005 -0.339250
1260.000000 3.831400 17.972854 0.753429 -0.334435
1280.000000 3.815581 17.898323 0.786116 -0.329206
1300.000000 3.799058 17.824678 0.817040 -0.323579
1320.000000 3.781966 17.752003 0.846198 -0.317575
1340.000000 3.764433 17.680382 0.873599 -0.311213
1360.000000 3.746585 17.609900 0.899270 -0.304512
1380.000000 3.728537 17.540639 0.923251 -0.297492
1400.000000 3.710400 17.472683 0.945593 -0.290171
1420.000000 3.692274 17.406112 0.966356 -0.282569
1440.000000 3.674252 17.341007 0.985611 -0.274703
1460.000000 3.656419 17.277447 1.003431 -0.266590
1480.000000 3.638852 17.215508 1.019897 -0.258248
1500.000000 3.621619 17.155265 1.035091 -0.249692
1520.000000 3.604780 17.096792 1.049101 -0.240936
1540.000000 3.588391 17.040159 1.062011 -0.231997
1560.000000 3.572498 16.985433 1.073909 -0.222887
1580.000000 3.557144 16.932682 1.084880 -0.213619
1600.000000 3.542364 16.881969 1.095008 -0.204205
1620.000000 3.528189 16.833353 1.104375 -0.194657
1640.000000 3.514647 16.786893 1.113059 -0.184986
1660.000000 3.501759 16.742643 1.121137 -0.175202
1680.000000 3.489545 16.700657 1.128681 -0.165313
1700.000000 3.478022 16.660982 1.135760 -0.155330
1720.000000 3.467203 16.623667 1.142438 -0.145260
1740.000000 3.457100 16.588753 1.148777 -0.135111
1760.000000 3.447721 16.556282 1.154832 -0.124890
1780.000000 3.439074 16.526292 1.160655 -0.114605
1800.000000 3.431166 16.498816 1.166294 -0.104261
1820.000000 3.424001 16.473888 1.171792 -0.093865
1840.000000 3.417584 16.451535 1.177189 -0.083422
1860.000000 3.411918 16.431784 1.182518 -0.072938
1880.000000 3.407006 16.414658 1.187810 -0.062417
1900.000000 3.402850 16.400177 1.193091 -0.051865
1920.000000 3.399452 16.388359 1.198383 -0.041286
1940.000000 3.396815 16.379217 1.203702 -0.030685
1960.000000 3.394939 16.372763 1.209061 -0.020066
1980.000000 3.393825 16.369007 1.214471 -0.009434
2000.000000 3.393477 16.367952 1.219935 0.001207
2020.000000 3.393893 16.369603 1.225455 0.011854
2040.000000 3.395077 16.373960 1.231028 0.022501
2060.000000 3.397029 16.381018 1.236645 0.033144
2080.000000 3.399751 16.390773 1.242297 0.043779
2100.000000 3.403242 16.403215 1.247967 0.054402
2120.000000 3.407505 16.418332 1.253638 0.065008
2140.000000 3.412540 16.436110 1.259287 0.075592
2160.000000 3.418347 16.456531 1.264886 0.086150
2180.000000 3.424927 16.479574 1.270406 0.096676
2200.000000 3.432279 16.505216 1.275813 0.107166
2220.000000 3.440402 16.533429 1.281068 0.117615
2240.000000 3.449295 16.564186 1.286132 0.128017
2260.000000 3.458957 16.597452 1.290958 0.138367
2280.000000 3.469384 16.633195 1.295499 0.148659
2300.000000 3.480572 16.671374 1.299702 0.158888
2320.000000 3.492518 16.711951 1.303513 0.169047
2340.000000 3.505215 16.754882 1.306872 0.179131
2360.000000 3.518657 16.800121 1.309718 0.189134
2380.000000 3.532836 16.847620 1.311985 0.199048
2400.000000 3.547742 16.897329 1.313606 0.208869
2420.000000 3.563364 16.949195 1.314510 0.218590
2440.000000 3.579689 17.003163 1.314621 0.228204
2460.000000 3.596702 17.059177 1.313864 0.237704
2480.000000 3.614387 17.117177 1.312159 0.247084
2500.000000 3.632725 17.177103 1.309425 0.256337
2520.000000 3.651692 17.238894 1.305578 0.265456
2540.000000 3.671265 17.302486 1.300532 0.274433
2560.000000 3.691416 17.367814 1.294200 0.283262
2580.000000 3.712113 17.434811 1.286494 0.291935
2600.000000 3.733319 17.503413 1.277326 0.300443
2620.000000 3.754995 17.573549 1.266605 0.308778
2640.000000 3.777094 17.645153 1.254244 0.316932
2660.000000 3.799564 17.718154 1.240155 0.324896
2680.000000 3.822348 17.792484 1.224253 0.332659
2700.000000 3.845378 17.868072 1.206455 0.340212
2720.000000 3.868582 17.944850 1.186682 0.347543
2740.000000 3.891875 18.022747 1.164860 0.354640
2760.000000 3.915165 18.101693 1.140924 0.361490
2780.000000 3.938350 18.181619 1.114813 0.368079
2800.000000 3.961316 18.262457 1.086476 0.374393
2820.000000 3.983940 18.344137 1.055874 0.380416
2840.000000 4.006088 18.426593 1.022980 0.386131
2860.000000 4.027617 18.509757 0.987779 0.391521
2880.000000 4.048376 18.593562 0.950274 0.396567
2900.000000 4.068207 18.677944 0.910483 0.401252
2920.000000 4.086948 18.762839 0.868444 0.405557
2940.000000 4.104436 18.848184 0.824214 0.409464
2960.000000 4.120510 18.933916 0.777872 0.412957
2980.000000 4.135014 19.019976 0.729520 0.416021
3000.000000 4.147800 19.106306 0.679282 0.418641
3020.000000 4.158736 19.192848 0.627309 0.420808
3040.000000 4.167704 19.279548 0.573773 0.422513
3060.000000 4.174604 19.366354 0.518872 0.423751
3080.000000 4.179360 19.453214 0.462823 0.424519
3100.000000 4.181919 19.540082 0.405864 0.424818
3120.000000 4.182252 19.626911 0.348250 0.424651
3140.000000 4.180355 19.713657 0.290248 0.424021
3160.000000 4.176250 19.800276 0.232130 0.422936
3180.000000 4.169981 19.886727 0.174174 0.421402
3200.000000 4.161619 19.972966 0.116652 0.419429
3220.000000 4.151251 20.058953 0.059829 0.417025
3240.000000 4.138987 20.144643 0.003956 0.414202
3260.000000 4.124954 20.229993 -0.050734 0.410969
3280.000000 4.109292 20.314955 -0.104027 0.407338
3300.000000 4.092151 20.399482 -0.155736 0.403324
3320.000000 4.073694 20.483522 -0.205696 0.398940
3340.000000 4.054084 20.567025 -0.253771 0.394201
3360.000000 4.033489 20.649934 -0.299848 0.389125
3380.000000 4.012076 20.732195 -0.343842 0.383728
3400.000000 3.990008 20.813749 -0.385690 0.378029
3420.000000 3.967440 20.894537 -0.425350 0.372046
3440.000000 3.944522 20.974499 -0.462805 0.365797
3460.000000 3.921391 21.053576 -0.498050 0.359301
3480.000000 3.898175 21.131705 -0.531102 0.352576
3500.000000 3.874989 21.208826 -0.561987 0.345638
3520.000000 3.851936 21.284878 -0.590747 0.338504
3540.000000 3.829108 21.359800 -0.617432 0.331190
3560.000000 3.806584 21.433531 -0.642100 0.323708
3580.000000 3.784433 21.506013 -0.664816 0.316073
3600.000000 3.762714 21.577187 -0.685651 0.308297
3620.000000 3.741476 21.646995 -0.704678 0.300390
3640.000000 3.720759 21.715382 -0.721975 0.292362
3660.000000 3.700598 21.782290 -0.737620 0.284224
3680.000000 3.681019 21.847668 -0.751692 0.275981
3700.000000 3.662044 21.911462 -0.764271 0.267643
3720.000000 3.643690 21.973620 -0.775434 0.259216
3740.000000 3.625969 22.034093 -0.785261 0.250705
3760.000000 3.608890 22.092833 -0.793828 0.242116
3780.000000 3.592461 22.149792 -0.801209 0.233454
3800.000000 3.576685 22.204925 -0.807477 0.224724
3820.000000 3.561565 22.258188 -0.812703 0.215928
3840.000000 3.547103 22.309538 -0.816954 0.207072
3860.000000 3.533298 22.358936 -0.820297 0.198157
3880.000000 3.520150 22.406340 -0.822795 0.189188
3900.000000 3.507657 22.451713 -0.824508 0.180168
3920.000000 3.495818 22.495019 -0.825494 0.171098
3940.000000 3.484629 22.536223 -0.825810 0.161982
3960.000000 3.474090 22.575292 -0.825507 0.152823
3980.000000 3.464196 22.612194 -0.824635 0.143622
4000.000000 3.454947 22.646900 -0.823241 0.134382
4020.000000 3.446340 22.679381 -0.821371 0.125105
4040.000000 3.438371 22.709610 -0.819066 0.115794
4060.000000 3.431040 22.737564 -0.816364 0.106451
4080.000000 3.424345 22.763219 -0.813302 0.097077
4100.000000 3.418283 22.786554 -0.809914 0.087676
4120.000000 3.412853 22.807548 -0.806230 0.078248
4140.000000 3.408054 22.826186 -0.802278 0.068797
4160.000000 3.403884 22.842449 -0.798082 0.059325
4180.000000 3.400344 22.856326 -0.793665 0.049833
4200.000000 3.397432 22.867802 -0.789047 0.040323
4220.000000 3.395148 22.876869 -0.784243 0.030799
4240.000000 3.393492 22.883517 -0.779267 0.021261
4260.000000 3.392464 22.887741 -0.774130 0.011713
4280.000000 3.392065 22.889535 -0.768837 0.002157
4300.000000 3.392296 22.888898 -0.763395 -0.007406
4320.000000 3.393157 22.885827 -0.757804 -0.016973
4340.000000 3.394651 22.880326 -0.752061 -0.026542
4360.000000 3.396777 22.872396 -0.746163 -0.036110
4380.000000 3.399539 22.862044 -0.740100 -0.045674
4400.000000 3.402937 22.849277 -0.733861 -0.055232
4420.000000 3.406973 22.834104 -0.727430 -0.064781
4440.000000 3.411650 22.816537 -0.720789 -0.074318
4460.000000 3.416969 22.796590 -0.713917 -0.083840
4480.000000 3.422932 22.774278 -0.706788 -0.093343
4500.000000 3.429540 22.749619 -0.699373 -0.102824
4520.000000 3.436795 22.722635 -0.691640 -0.112280
4540.000000 3.444697 22.693347 -0.683553 -0.121705
4560.000000 3.453246 22.661780 -0.675072 -0.131095
4580.000000 3.462441 22.627961 -0.666154 -0.140446
4600.000000 3.472281 22.591920 -0.656754 -0.149753
4620.000000 3.482761 22.553689 -0.646820 -0.159009
4640.000000 3.493878 22.513301 -0.636299 -0.168208
4660.000000 3.505625 22.470794 -0.625135 -0.177345
4680.000000 3.517992 22.426208 -0.613268 -0.186410
4700.000000 3.530969 22.379582 -0.600635 -0.195398
4720.000000 3.544540 22.330963 -0.587172 -0.204298
4740.000000 3.558686 22.280396 -0.572810 -0.213103
4760.000000 3.573387 22.227931 -0.557481 -0.221802
4780.000000 3.588614 22.173619 -0.541113 -0.230384
4800.000000 3.604336 22.117516 -0.523637 -0.238838
4820.000000 3.620513 22.059676 -0.504981 -0.247151
4840.000000 3.637102 22.000160 -0.485076 -0.255311
4860.000000 3.654051 21.939028 -0.463853 -0.263303
4880.000000 3.671300 21.876343 -0.441247 -0.271112
4900.000000 3.688781 21.812171 -0.417199 -0.278722
4920.000000 3.706418 21.746578 -0.391654 -0.286118
4940.000000 3.724126 21.679634 -0.364566 -0.293281
4960.000000 3.741811 21.611408 -0.335897 -0.300193
4980.000000 3.759370 21.541972 -0.305620 -0.306835
5000.000000 3.776690 21.471397 -0.273721 -0.313189
5020.000000 3.793654 21.399757 -0.240200 -0.319235
5040.000000 3.810134 21.327126 -0.205074 -0.324953
5060.000000 3.825999 21.253577 -0.168378 -0.330323
5080.000000 3.841114 21.179183 -0.130164 -0.335326
5100.000000 3.855341 21.104019 -0.090506 -0.339943
5120.000000 3.868544 21.028159 -0.049498 -0.344155
5140.000000 3.880590 20.951674 -0.007254 -0.347944
5160.000000 3.891351 20.874638 0.036090 -0.351295
5180.000000 3.900709 20.797122 0.080380 -0.354191
5200.000000 3.908557 20.719199 0.125445 -0.356619
5220.000000 3.914802 20.640939 0.171098 -0.358567
5240.000000 3.919368 20.562415 0.217139 -0.360023
5260.000000 3.922199 20.483696 0.263361 -0.360978
5280.000000 3.923257 20.404856 0.309552 -0.361427
5300.000000 3.922527 20.325967 0.355497 -0.361363
5320.000000 3.920014 20.247102 0.400986 -0.360786
5340.000000 3.915748 20.168335 0.445816 -0.359695
5360.000000 3.909776 20.089742 0.489792 -0.358092
5380.000000 3.902167 20.011399 0.532736 -0.355984
5400.000000 3.893008 19.933385 0.574485 -0.353377
5420.000000 3.882399 19.855778 0.614896 -0.350281
5440.000000 3.870454 19.778661 0.653845 -0.346710
5460.000000 3.857298 19.702113 0.691229 -0.342675
5480.000000 3.843061 19.626219 0.726967 -0.338195
5500.000000 3.827879 19.551061 0.761000 -0.333285
5520.000000 3.811888 19.476724 0.793288 -0.327963
5540.000000 3.795225 19.403292 0.823811 -0.322249
5560.000000 3.778022 19.330848 0.852569 -0.316162
5580.000000 3.760407 19.259478 0.879574 -0.309721
5600.000000 3.742503 19.189266 0.904858 -0.302946
5620.000000 3.724426 19.120294 0.928462 -0.295856
5640.000000 3.706282 19.052645 0.950440 -0.288470
5660.000000 3.688172 18.986400 0.970855 -0.280807
5680.000000 3.670186 18.921639 0.989777 -0.272883
5700.000000 3.652407 18.858440 1.007283 -0.264717
5720.000000 3.634910 18.796879 1.023453 -0.256325
5740.000000 3.617761 18.737032 1.038371 -0.247722
5760.000000 3.601020 18.678970 1.052124 -0.238924
5780.000000 3.584740 18.622763 1.064797 -0.229944
5800.000000 3.568966 18.568481 1.076477 -0.220797
5820.000000 3.553739 18.516186 1.087249 -0.211495
5840.000000 3.539093 18.465943 1.097197 -0.202050
5860.000000 3.525060 18.417812 1.106402 -0.192473
5880.000000 3.511664 18.371848 1.114942 -0.182776
5900.000000 3.498928 18.328108 1.122893 -0.172967
5920.000000 3.486870 18.286642 1.130326 -0.163056
5940.000000 3.475505 18.247499 1.137308 -0.153052
5960.000000 3.464848 18.210725 1.143904 -0.142964
5980.000000 3.454908 18.176362 1.150174 -0.132798
6000.000000 3.445694 18.144451 1.156172 -0.122562
6020.000000 3.437215 18.115028 1.161949 -0.112263
6040.000000 3.429475 18.088128 1.167552 -0.101907
6060.000000 3.422479 18.063781 1.173025 -0.091499
6080.000000 3.416232 18.042017 1.178403 -0.081046
6100.000000 3.410737 18.022860 1.183721 -0.070553
6120.000000 3.405996 18.006332 1.189009 -0.060025
6140.000000 3.402013 17.992454 1.194290 -0.049467
6160.000000 3.398787 17.981242 1.199587 -0.038882
6180.000000 3.396322 17.972709 1.204914 -0.028277
6200.000000 3.394619 17.966866 1.210284 -0.017655
6220.000000 3.393679 17.963722 1.215706 -0.007020
6240.000000 3.393504 17.963282 1.221183 0.003623
6260.000000 3.394095 17.965547 1.226715 0.014270
6280.000000 3.395453 17.970517 1.232299 0.024916
6300.000000 3.397579 17.978188 1.237925 0.035558
6320.000000 3.400475 17.988553 1.243582 0.046191
6340.000000 3.404142 18.001603 1.249255 0.056810
6360.000000 3.408580 18.017326 1.254923 0.067411
6380.000000 3.413790 18.035705 1.260562 0.077990
6400.000000 3.419772 18.056723 1.266147 0.088541
6420.000000 3.426527 18.080358 1.271644 0.099060
6440.000000 3.434054 18.106585 1.277020 0.109541
6460.000000 3.442352 18.135379 1.282236 0.119980
6480.000000 3.451420 18.166708 1.287249 0.130370
6500.000000 3.461256 18.200539 1.292015 0.140708
6520.000000 3.471856 18.236838 1.296484 0.150986
6540.000000 3.483216 18.275565 1.300603 0.161199
6560.000000 3.495333 18.316680 1.304317 0.171342
6580.000000 3.508200 18.360138 1.307565 0.181408
6600.000000 3.521810 18.405895 1.310286 0.191391
6620.000000 3.536155 18.453900 1.312413 0.201285
6640.000000 3.551224 18.504103 1.313877 0.211084
6660.000000 3.567007 18.556451 1.314607 0.220781
6680.000000 3.583490 18.610888 1.314528 0.230370
6700.000000 3.600657 18.667357 1.313563 0.239843
6720.000000 3.618492 18.725800 1.311632 0.249195
6740.000000 3.636974 18.786155 1.308653 0.258418
6760.000000 3.656081 18.848360 1.304541 0.267506
6780.000000 3.675788 18.912352 1.299211 0.276450
6800.000000 3.696066 18.978064 1.292575 0.285244
6820.000000 3.716881 19.045432 1.284545 0.293880
6840.000000 3.738198 19.114387 1.275032 0.302350
6860.000000 3.759974 19.184863 1.263948 0.310645
6880.000000 3.782162 19.256789 1.251202 0.318756
6900.000000 3.804709 19.330098 1.236709 0.326676
6920.000000 3.827555 19.404720 1.220384 0.334392
6940.000000 3.850631 19.480584 1.202144 0.341895
6960.000000 3.873862 19.557622 1.181912 0.349174
6980.000000 3.897163 19.635763 1.159617 0.356216
7000.000000 3.920439 19.714938 1.135192 0.363008
7020.000000 3.943585 19.795077 1.108580 0.369537
7040.000000 3.966484 19.876112 1.079732 0.375786
7060.000000 3.989013 19.957974 1.048612 0.381740
7080.000000 4.011033 20.040596 1.015195 0.387383
7100.000000 4.032401 20.123911 0.979471 0.392697
7120.000000 4.052963 20.207853 0.941445 0.397662
7140.000000 4.072561 20.292357 0.901140 0.402263
7160.000000 4.091032 20.377360 0.858598 0.406479
7180.000000 4.108213 20.462797 0.813880 0.410294
7200.000000 4.123944 20.548609 0.767072 0.413691
7220.000000 4.138071 20.634736 0.718281 0.416655
7240.000000 4.150449 20.721118 0.667635 0.419173
7260.000000 4.160948 20.807701 0.615292 0.421236
7280.000000 4.169454 20.894430 0.561428 0.422835
7300.000000 4.175874 20.981252 0.506246 0.423967
7320.000000 4.180135 21.068119 0.449969 0.424628
7340.000000 4.182191 21.154982 0.392839 0.424821
7360.000000 4.182017 21.241796 0.335113 0.424548
7380.000000 4.179616 21.328517 0.277060 0.423814
7400.000000 4.175015 21.415101 0.218955 0.422627
7420.000000 4.168265 21.501507 0.161074 0.420993
7440.000000 4.159438 21.587693 0.103688 0.418921
7460.000000 4.148630 21.673617 0.047059 0.416421
7480.000000 4.135954 21.759234 -0.008566 0.413503
7500.000000 4.121538 21.844499 -0.062956 0.410179
7520.000000 4.105526 21.929367 -0.115906 0.406461
7540.000000 4.088073 22.013788 -0.167231 0.402361
7560.000000 4.069339 22.097711 -0.216775 0.397895
7580.000000 4.049491 22.181084 -0.264405 0.393078
7600.000000 4.028696 22.263851 -0.310016 0.387928
7620.000000 4.007120 22.345956 -0.353528 0.382461
7640.000000 3.984925 22.427342 -0.394882 0.376696
7660.000000 3.962266 22.507948 -0.434043 0.370651
7680.000000 3.939287 22.587715 -0.470996 0.364344
7700.000000 3.916127 22.666582 -0.505742 0.357795
7720.000000 3.892908 22.744487 -0.538299 0.351020
7740.000000 3.869743 22.821371 -0.568698 0.344036
7760.000000 3.846734 22.897172 -0.596982 0.336860
7780.000000 3.823968 22.971829 -0.623204 0.329506
7800.000000 3.801523 23.045282 -0.647423 0.321989
7820.000000 3.779465 23.117472 -0.669706 0.314321
7840.000000 3.757851 23.188341 -0.690124 0.306514
7860.000000 3.736728 23.257832 -0.708752 0.298579
7880.000000 3.716135 23.325888 -0.725667 0.290525
7900.000000 3.696104 23.392454 -0.740948 0.282362
7920.000000 3.676660 23.457476 -0.754674 0.274098
7940.000000 3.657824 23.520903 -0.766925 0.265739
7960.000000 3.639613 23.582684 -0.777779 0.257292
7980.000000 3.622037 23.642768 -0.787313 0.248763
8000.000000 3.605105 23.701107 -0.795604 0.240157
8020.000000 3.588824 23.757656 -0.802726 0.231479
8040.000000 3.573197 23.812369 -0.808752 0.222733
8060.000000 3.558226 23.865201 -0.813750 0.213924
8080.000000 3.543913 23.916112 -0.817790 0.205054
8100.000000 3.530258 23.965060 -0.820936 0.196127
8120.000000 3.517258 24.012007 -0.823250 0.187146
8140.000000 3.504914 24.056914 -0.824793 0.178114
8160.000000 3.493222 24.099746 -0.825623 0.169034
8180.000000 3.482181 24.140468 -0.825793 0.159908
8200.000000 3.471788 24.179048 -0.825357 0.150739
8220.000000 3.462041 24.215455 -0.824363 0.141529
8240.000000 3.452938 24.249658 -0.822857 0.132280
8260.000000 3.444475 24.281631 -0.820885 0.122996
8280.000000 3.436652 24.311346 -0.818486 0.113677
8300.000000 3.429466 24.338780 -0.815700 0.104326
8320.000000 3.422914 24.363911 -0.812561 0.094946
8340.000000 3.416995 24.386716 -0.809103 0.085539
8360.000000 3.411709 24.407177 -0.805356 0.076106
8380.000000 3.407053 24.425277 -0.801346 0.066650
8400.000000 3.403026 24.441000 -0.797099 0.057172
8420.000000 3.399628 24.454333 -0.792635 0.047676
8440.000000 3.396858 24.465264 -0.787973 0.038163
8460.000000 3.394717 24.473782 -0.783129 0.028636
8480.000000 3.393203 24.479881 -0.778115 0.019096
8500.000000 3.392318 24.483554 -0.772942 0.009545
8520.000000 3.392062 24.484796 -0.767616 -0.000013
8540.000000 3.392436 24.483606 -0.762139 -0.009577
8560.000000 3.393441 24.479984 -0.756514 -0.019145
8580.000000 3.395077 24.473931 -0.750737 -0.028713
8600.000000 3.397348 24.465452 -0.744802 -0.038280
8620.000000 3.400254 24.454551 -0.738700 -0.047843
8640.000000 3.403796 24.441237 -0.732419 -0.057399
8660.000000 3.407978 24.425520 -0.725942 -0.066946
8680.000000 3.412801 24.407411 -0.719251 -0.076480
8700.000000 3.418266 24.386926 -0.712323 -0.085998
8720.000000 3.424375 24.364080 -0.705132 -0.095497
8740.000000 3.431130 24.338892 -0.697648 -0.104972
8760.000000 3.438531 24.311383 -0.689838 -0.114421
8780.000000 3.446580 24.281575 -0.681664 -0.123839
8800.000000 3.455276 24.249495 -0.673088 -0.133221
8820.000000 3.464617 24.215169 -0.664065 -0.142562
8840.000000 3.474603 24.178628 -0.654548 -0.151858
8860.000000 3.485228 24.139905 -0.644486 -0.161101
8880.000000 3.496489 24.099033 -0.633824 -0.170287
8900.000000 3.508377 24.056051 -0.622506 -0.179408
8920.000000 3.520884 24.010997 -0.610471 -0.188457
8940.000000 3.533996 23.963916 -0.597655 -0.197425
8960.000000 3.547700 23.914850 -0.583994 -0.206305
8980.000000 3.561974 23.863848 -0.569419 -0.215086
9000.000000 3.576797 23.810960 -0.553860 -0.223760
9020.000000 3.592140 23.756237 -0.537248 -0.232314
9040.000000 3.607968 23.699734 -0.519510 -0.240737
9060.000000 3.624243 23.641509 -0.500577 -0.249016
9080.000000 3.640919 23.581620 -0.480378 -0.257139
9100.000000 3.657941 23.520130 -0.458847 -0.265091
9120.000000 3.675248 23.457102 -0.435919 -0.272857
9140.000000 3.692772 23.392602 -0.411536 -0.280420
9160.000000 3.710433 23.326697 -0.385645 -0.287764
9180.000000 3.728145 23.259455 -0.358201 -0.294872
9200.000000 3.745810 23.190948 -0.329169 -0.301724
9220.000000 3.763325 23.121247 -0.298524 -0.308303
9240.000000 3.780575 23.050425 -0.266256 -0.314589
9260.000000 3.797441 22.978553 -0.232369 -0.320562
9280.000000 3.813793 22.905707 -0.196884 -0.326203
9300.000000 3.829500 22.831960 -0.159837 -0.331491
9320.000000 3.844425 22.757385 -0.121289 -0.336408
9340.000000 3.858432 22.682057 -0.081315 -0.340934
9360.000000 3.871384 22.606048 -0.040016 -0.345052
9380.000000 3.883149 22.529432 0.002490 -0.348744
9400.000000 3.893601 22.452280 0.046063 -0.351992
9420.000000 3.902625 22.374666 0.090544 -0.354784
9440.000000 3.910117 22.296660 0.135760 -0.357104
9460.000000 3.915987 22.218334 0.181518 -0.358940
9480.000000 3.920164 22.139759 0.227619 -0.360284
9500.000000 3.922595 22.061007 0.273853 -0.361125
9520.000000 3.923248 21.982150 0.320007 -0.361457
9540.000000 3.922112 21.903260 0.365867 -0.361278
9560.000000 3.919199 21.824410 0.411223 -0.360584
9580.000000 3.914540 21.745676 0.455876 -0.359376
9600.000000 3.908190 21.667133 0.499633 -0.357658
9620.000000 3.900222 21.588857 0.542319 -0.355436
9640.000000 3.890724 21.510929 0.583777 -0.352717
9660.000000 3.879801 21.433426 0.623866 -0.349512
9680.000000 3.867571 21.356431 0.662468 -0.345834
9700.000000 3.854158 21.280024 0.699485 -0.341697
9720.000000 3.839694 21.204290 0.734841 -0.337118
9740.000000 3.824317 21.129311 0.768480 -0.332113
9760.000000 3.808161 21.055171 0.800369 -0.326700
9780.000000 3.791364 20.981956 0.830491 -0.320900
9800.000000 3.774056 20.909749 0.858849 -0.314731
9820.000000 3.756365 20.838634 0.885461 -0.308213
9840.000000 3.738413 20.768696 0.910360 -0.301364
9860.000000 3.720311 20.700017 0.933590 -0.294206
9880.000000 3.702167 20.632680 0.955207 -0.286755
9900.000000 3.684077 20.566764 0.975277 -0.279031
9920.000000 3.666131 20.502351 0.993871 -0.271051
9940.000000 3.648410 20.439517 1.011066 -0.262832
9960.000000 3.630986 20.378339 1.026945 -0.254391
9980.000000 3.613925 20.318890 1.041591 -0.245742
10000.000000 3.597284 20.261243 1.055091 -0.236902
10020.000000 3.581115 20.205467 1.067531 -0.227883
10040.000000 3.565461 20.151630 1.078998 -0.218700
10060.000000 3.550363 20.099796 1.089576 -0.209364
10080.000000 3.535854 20.050027 1.099348 -0.199888
10100.000000 3.521964 20.002382 1.108396 -0.190283
10120.000000 3.508716 19.956919 1.116796 -0.180559
10140.000000 3.496132 19.913690 1.124623 -0.170726
10160.000000 3.484230 19.872747 1.131947 -0.160794
10180.000000 3.473025 19.834137 1.138837 -0.150770
10200.000000 3.462529 19.797907 1.145354 -0.140664
10220.000000 3.452753 19.764097 1.151557 -0.130481
10240.000000 3.443706 19.732747 1.157500 -0.120230
10260.000000 3.435393 19.703894 1.163234 -0.109918
10280.000000 3.427822 19.677571 1.168804 -0.099549
10300.000000 3.420996 19.653808 1.174252 -0.089131
10320.000000 3.414919 19.632633 1.179614 -0.078669
10340.000000 3.409595 19.614070 1.184923 -0.068167
10360.000000 3.405026 19.598142 1.190207 -0.057632
10380.000000 3.401214 19.584868 1.195490 -0.047067
10400.000000 3.398161 19.574262 1.200792 -0.036478
10420.000000 3.395869 19.566339 1.206128 -0.025868
10440.000000 3.394339 19.561108 1.211510 -0.015243
10460.000000 3.393572 19.558578 1.216944 -0.004606
10480.000000 3.393571 19.558751 1.222434 0.006039
10500.000000 3.394336 19.561630 1.227978 0.016686
10520.000000 3.395868 19.567213 1.233572 0.027331
10540.000000 3.398169 19.575496 1.239206 0.037972
10560.000000 3.401240 19.586471 1.244869 0.048602
10580.000000 3.405081 19.600129 1.250542 0.059217
10600.000000 3.409694 19.616456 1.256206 0.069814
10620.000000 3.415079 19.635436 1.261835 0.080387
10640.000000 3.421237 19.657049 1.267403 0.090931
10660.000000 3.428167 19.681275 1.272876 0.101442
10680.000000 3.435869 19.708087 1.278219 0.111914
10700.000000 3.444342 19.737458 1.283393 0.122342
10720.000000 3.453585 19.769358 1.288354 0.132721
10740.000000 3.463594 19.803753 1.293057 0.143045
10760.000000 3.474367 19.840606 1.297452 0.153309
10780.000000 3.485900 19.879879 1.301484 0.163507
10800.000000 3.498187 19.921529 1.305097 0.173633
10820.000000 3.511224 19.965513 1.308231 0.183681
10840.000000 3.525001 20.011784 1.310823 0.193644
10860.000000 3.539511 20.060293 1.312805 0.203517
10880.000000 3.554744 20.110987 1.314110 0.213294
10900.000000 3.570686 20.163814 1.314663 0.222967
10920.000000 3.587326 20.218717 1.314390 0.232530
10940.000000 3.604646 20.275640 1.313213 0.241976
10960.000000 3.622629 20.334522 1.311051 0.251299
10980.000000 3.641256 20.395302 1.307822 0.260492
11000.000000 3.660501 20.457918 1.303441 0.269548
11020.000000 3.680340 20.522306 1.297823 0.278459
11040.000000 3.700743 20.588400 1.290879 0.287218
11060.000000 3.721675 20.656134 1.282520 0.295817
11080.000000 3.743100 20.725440 1.272658 0.304247
11100.000000 3.764974 20.796251 1.261204 0.312502
11120.000000 3.787249 20.868497 1.248070 0.320571
11140.000000 3.809869 20.942110 1.233168 0.328445
11160.000000 3.832773 21.017020 1.216416 0.336114
11180.000000 3.855892 21.093157 1.197731 0.343567
11200.000000 3.879147 21.170451 1.177037 0.350793
11220.000000 3.902451 21.248832 1.154264 0.357780
11240.000000 3.925706 21.328232 1.129347 0.364513
11260.000000 3.948807 21.408580 1.102231 0.370980
11280.000000 3.971634 21.489809 1.072871 0.377163
11300.000000 3.994059 21.571850 1.041232 0.383049
11320.000000 4.015944 21.654635 1.007291 0.388618
11340.000000 4.037143 21.738098 0.971044 0.393854
11360.000000 4.057501 21.822173 0.932498 0.398739
11380.000000 4.076857 21.906796 0.891681 0.403254
11400.000000 4.095050 21.991902 0.848639 0.407380
11420.000000 4.111916 22.077431 0.803439 0.411102
11440.000000 4.127296 22.163319 0.756171 0.414402
11460.000000 4.141038 22.249509 0.706946 0.417266
11480.000000 4.153000 22.335941 0.655901 0.419681
11500.000000 4.163056 22.422562 0.603196 0.421640
11520.000000 4.171097 22.509316 0.549015 0.423133
11540.000000 4.177032 22.596153 0.493564 0.424158
11560.000000 4.180796 22.683023 0.437072 0.424713
11580.000000 4.182347 22.769879 0.379783 0.424800
11600.000000 4.181667 22.856676 0.321960 0.424422
11620.000000 4.178764 22.943369 0.263871 0.423584
11640.000000 4.173670 23.029917 0.205792 0.422295
11660.000000 4.166441 23.116277 0.147999 0.420561
11680.000000 4.157156 23.202407 0.090762 0.418391
11700.000000 4.145913 23.288265 0.034340 0.415795
11720.000000 4.132830 23.373806 -0.021023 0.412784
11740.000000 4.118039 23.458986 -0.075104 0.409370
11760.000000 4.101687 23.543756 -0.127700 0.405563
11780.000000 4.083928 23.628069 -0.178634 0.401379
11800.000000 4.064927 23.711872 -0.227754 0.396832
11820.000000 4.044849 23.795112 -0.274935 0.391938
11840.000000 4.023863 23.877734 -0.320076 0.386714
11860.000000 4.002133 23.959681 -0.363102 0.381178
11880.000000 3.979819 24.040895 -0.403961 0.375348
11900.000000 3.957075 24.121316 -0.442622 0.369242
11920.000000 3.934043 24.200884 -0.479073 0.362879
11940.000000 3.910859 24.279538 -0.513320 0.356277
11960.000000 3.887643 24.357217 -0.545384 0.349453
11980.000000 3.864505 24.433860 -0.575300 0.342424
12000.000000 3.841544 24.509407 -0.603111 0.335206
12020.000000 3.818844 24.583796 -0.628873 0.327814
12040.000000 3.796482 24.656968 -0.652646 0.320262
12060.000000 3.774520 24.728863 -0.674500 0.312561
12080.000000 3.753014 24.799425 -0.694505 0.304724
12100.000000 3.732008 24.868594 -0.712738 0.296761
12120.000000 3.711539 24.936317 -0.729275 0.288682
12140.000000 3.691639 25.002537 -0.744196 0.280495
12160.000000 3.672332 25.067203 -0.757581 0.272209
12180.000000 3.653637 25.130260 -0.769507 0.263829
12200.000000 3.635568 25.191660 -0.780055 0.255363
12220.000000 3.618138 25.251352 -0.789301 0.246817
12240.000000 3.601353 25.309290 -0.797320 0.238194
12260.000000 3.585220 25.365426 -0.804187 0.229500
12280.000000 3.569742 25.419715 -0.809974 0.220740
12300.000000 3.554921 25.472116 -0.814749 0.211916
12320.000000 3.540757 25.522585 -0.818580 0.203033
12340.000000 3.527250 25.571082 -0.821531 0.194094
12360.000000 3.514400 25.617569 -0.823666 0.185101
12380.000000 3.502203 25.662009 -0.825042 0.176058
12400.000000 3.490660 25.704365 -0.825717 0.166967
12420.000000 3.479766 25.744604 -0.825746 0.157831
12440.000000 3.469520 25.782693 -0.825178 0.148652
12460.000000 3.459919 25.818602 -0.824064 0.139433
12480.000000 3.450961 25.852302 -0.822449 0.130177
12500.000000 3.442644 25.883765 -0.820377 0.120884
12520.000000 3.434966 25.912965 -0.817887 0.111558
12540.000000 3.427923 25.939878 -0.815017 0.102200
12560.000000 3.421515 25.964482 -0.811803 0.092814
12580.000000 3.415740 25.986757 -0.808277 0.083400
12600.000000 3.410597 26.006684 -0.804468 0.073962
12620.000000 3.406084 26.024246 -0.800402 0.064501
12640.000000 3.402200 26.039428 -0.796104 0.055019
12660.000000 3.398944 26.052217 -0.791594 0.045519
12680.000000 3.396317 26.062601 -0.786889 0.036003
12700.000000 3.394318 26.070571 -0.782006 0.026472
12720.000000 3.392947 26.076120 -0.776955 0.016930
12740.000000 3.392205 26.079241 -0.771747 0.007377
12760.000000 3.392092 26.079932 -0.766386 -0.002183
12780.000000 3.392609 26.078190 -0.760876 -0.011748
12800.000000 3.393757 26.074016 -0.755217 -0.021316
12820.000000 3.395537 26.067412 -0.749404 -0.030884
12840.000000 3.397951 26.058383 -0.743433 -0.040451
12860.000000 3.401002 26.046933 -0.737291 -0.050012
12880.000000 3.404689 26.033073 -0.730967 -0.059567
12900.000000 3.409016 26.016812 -0.724444 -0.069111
12920.000000 3.413984 25.998163 -0.717701 -0.078641
12940.000000 3.419595 25.977141 -0.710716 -0.088155
12960.000000 3.425851 25.953762 -0.703461 -0.097649
12980.000000 3.432752 25.928045 -0.695905 -0.107119
13000.000000 3.440301 25.900012 -0.688016 -0.116561
13020.000000 3.448496 25.869687 -0.679755 -0.125971
13040.000000 3.457339 25.837094 -0.671082 -0.135344
13060.000000 3.466827 25.802263 -0.661951 -0.144676
13080.000000 3.476958 25.765224 -0.652315 -0.153960
13100.000000 3.487728 25.726010 -0.642121 -0.163191
13120.000000 3.499131 25.684656 -0.631316 -0.172363
13140.000000 3.511161 25.641200 -0.619840 -0.181468
13160.000000 3.523806 25.595683 -0.607634 -0.190499
13180.000000 3.537055 25.548147 -0.594632 -0.199448
13200.000000 3.550889 25.498638 -0.580769 -0.208306
13220.000000 3.565291 25.447203 -0.565977 -0.217064
13240.000000 3.580234 25.393894 -0.550186 -0.225711
13260.000000 3.595690 25.338762 -0.533324 -0.234237
13280.000000 3.611623 25.281863 -0.515321 -0.242628
13300.000000 3.627994 25.223255 -0.496107 -0.250874
13320.000000 3.644753 25.162998 -0.475612 -0.258959
13340.000000 3.661845 25.101153 -0.453769 -0.266870
13360.000000 3.679208 25.037786 -0.430516 -0.274591
13380.000000 3.696770 24.972960 -0.405795 -0.282106
13400.000000 3.714451 24.906746 -0.379555 -0.289398
13420.000000 3.732161 24.839211 -0.351754 -0.296450
13440.000000 3.749802 24.770427 -0.322357 -0.303242
13460.000000 3.767267 24.700465 -0.291345 -0.309756
13480.000000 3.784441 24.629398 -0.258709 -0.315972
13500.000000 3.801201 24.557299 -0.224457 -0.321872
13520.000000 3.817419 24.484242 -0.188613 -0.327434
13540.000000 3.832960 24.410300 -0.151220 -0.332640
13560.000000 3.847689 24.335548 -0.112340 -0.337470
13580.000000 3.861468 24.260059 -0.072056 -0.341905
13600.000000 3.874162 24.183906 -0.030472 -0.345928
13620.000000 3.885640 24.107162 0.012289 -0.349520
13640.000000 3.895778 24.029899 0.056082 -0.352666
13660.000000 3.904463 23.952190 0.100746 -0.355352
13680.000000 3.911594 23.874105 0.146102 -0.357563
13700.000000 3.917086 23.795716 0.191956 -0.359289
13720.000000 3.920871 23.717095 0.238106 -0.360519
13740.000000 3.922900 23.638313 0.284340 -0.361245
13760.000000 3.923147 23.559442 0.330446 -0.361462
13780.000000 3.921606 23.480554 0.376210 -0.361165
13800.000000 3.918293 23.401724 0.421424 -0.360355
13820.000000 3.913245 23.323026 0.465890 -0.359031
13840.000000 3.906521 23.244537 0.509419 -0.357198
13860.000000 3.898197 23.166334 0.551840 -0.354862
13880.000000 3.888366 23.088495 0.592998 -0.352032
13900.000000 3.877136 23.011100 0.632760 -0.348719
13920.000000 3.864626 22.934231 0.671009 -0.344935
13940.000000 3.850963 22.857970 0.707655 -0.340696
13960.000000 3.836280 22.782400 0.742626 -0.336019
13980.000000 3.820714 22.707604 0.775871 -0.330920
14000.000000 3.804401 22.633666 0.807359 -0.325418
14020.000000 3.787477 22.560672 0.837080 -0.319532
14040.000000 3.770071 22.488706 0.865040 -0.313282
14060.000000 3.752311 22.417851 0.891260 -0.306687
14080.000000 3.734314 22.348191 0.915775 -0.299767
14100.000000 3.716194 22.279810 0.938634 -0.292540
14120.000000 3.698054 22.212788 0.959895 -0.285026
14140.000000 3.679989 22.147206 0.979623 -0.277242
14160.000000 3.662087 22.083144 0.997892 -0.269206
14180.000000 3.644428 22.020679 1.014782 -0.260935
14200.000000 3.627081 21.959887 1.030373 -0.252446
14220.000000 3.610110 21.900841 1.044752 -0.243752
14240.000000 3.593572 21.843613 1.058004 -0.234870
14260.000000 3.577516 21.788271 1.070215 -0.225813
14280.000000 3.561986 21.734883 1.081473 -0.216594
14300.000000 3.547018 21.683512 1.091861 -0.207226
14320.000000 3.532647 21.634220 1.101462 -0.197720
14340.000000 3.518900 21.587065 1.110356 -0.188087
14360.000000 3.505801 21.542104 1.118619 -0.178337
14380.000000 3.493371 21.499390 1.126326 -0.168481
14400.000000 3.481626 21.458972 1.133546 -0.158527
14420.000000 3.470580 21.420898 1.140346 -0.148484
14440.000000 3.460247 21.385213 1.146787 -0.138359
14460.000000 3.450636 21.351958 1.152926 -0.128161
14480.000000 3.441755 21.321172 1.158818 -0.117896
14500.000000 3.433610 21.292890 1.164511 -0.107570
14520.000000 3.426207 21.267145 1.170050 -0.097190
14540.000000 3.419551 21.243967 1.175475 -0.086761
14560.000000 3.413645 21.223383 1.180822 -0.076289
14580.000000 3.408492 21.205417 1.186123 -0.065780
14600.000000 3.404095 21.190089 1.191405 -0.055237
14620.000000 3.400455 21.177419 1.196691 -0.044666
14640.000000 3.397574 21.167421 1.202000 -0.034072
14660.000000 3.395455 21.160108 1.207345 -0.023458
14680.000000 3.394098 21.155489 1.212738 -0.012830
14700.000000 3.393505 21.153572 1.218185 -0.002191
14720.000000 3.393677 21.154359 1.223687 0.008454
14740.000000 3.394616 21.157852 1.229243 0.019102
14760.000000 3.396322 21.164048 1.234847 0.029746
14780.000000 3.398798 21.172943 1.240489 0.040385
14800.000000 3.402044 21.184528 1.246156 0.051012
14820.000000 3.406060 21.198793 1.251829 0.061624
14840.000000 3.410848 21.215723 1.257487 0.072215
14860.000000 3.416409 21.235302 1.263105 0.082782
14880.000000 3.422742 21.257510 1.268654 0.093319
14900.000000 3.429847 21.282325 1.274101 0.103821
14920.000000 3.437724 21.309720 1.279409 0.114284
14940.000000 3.446372 21.339668 1.284539 0.124702
14960.000000 3.455789 21.372137 1.289446 0.135069
14980.000000 3.465972 21.407093 1.294083 0.145380
15000.000000 3.476917 21.444499 1.298400 0.155629
15020.000000 3.488622 21.484315 1.302342 0.165811
15040.000000 3.501080 21.526499 1.305852 0.175920
15060.000000 3.514285 21.571006 1.308869 0.185949
15080.000000 3.528230 21.617789 1.311328 0.195893
15100.000000 3.542905 21.666798 1.313163 0.205744
15120.000000 3.558299 21.717981 1.314304 0.215498
15140.000000 3.574401 21.771284 1.314676 0.225146
15160.000000 3.591197 21.826651 1.314205 0.234684
15180.000000 3.608669 21.884023 1.312811 0.244103
15200.000000 3.626800 21.943342 1.310415 0.253397
15220.000000 3.645569 22.004544 1.306932 0.262560
15240.000000 3.664952 22.067568 1.302278 0.271583
15260.000000 3.684921 22.132348 1.296367 0.280460
15280.000000 3.705447 22.198820 1.289109 0.289183
15300.000000 3.726495 22.266917 1.280417 0.297745
15320.000000 3.748026 22.336570 1.270202 0.306136
15340.000000 3.769995 22.407713 1.258374 0.314349
15360.000000 3.792353 22.480276 1.244847 0.322375
15380.000000 3.815044 22.554189 1.229532 0.330203
15400.000000 3.838003 22.629383 1.212348 0.337824
15420.000000 3.861160 22.705789 1.193214 0.345227
15440.000000 3.884434 22.783336 1.172054 0.352400
15460.000000 3.907736 22.861954 1.148800 0.359330
15480.000000 3.930966 22.941575 1.123389 0.366004
15500.000000 3.954015 23.022129 1.095768 0.372408
15520.000000 3.976762 23.103548 1.065893 0.378526
15540.000000 3.999077 23.185764 1.033733 0.384341
15560.000000 4.020820 23.268708 0.999269 0.389836
15580.000000 4.041842 23.352316 0.962498 0.394994
15600.000000 4.061986 23.436521 0.923434 0.399797
15620.000000 4.081093 23.521259 0.882107 0.404225
15640.000000 4.098999 23.606467 0.838569 0.408261
15660.000000 4.115541 23.692082 0.792891 0.411888
15680.000000 4.130563 23.778044 0.745169 0.415090
15700.000000 4.143913 23.864294 0.695518 0.417853
15720.000000 4.155453 23.950774 0.644081 0.420166
15740.000000 4.165061 24.037430 0.591024 0.422019
15760.000000 4.172631 24.124207 0.536536 0.423407
15780.000000 4.178079 24.211056 0.480828 0.424325
15800.000000 4.181343 24.297927 0.424133 0.424774
15820.000000 4.182389 24.384773 0.366700 0.424755
15840.000000 4.181202 24.471550 0.308792 0.424272
15860.000000 4.177798 24.558214 0.250681 0.423331
15880.000000 4.172214 24.644723 0.192644 0.421940
15900.000000 4.164511 24.731034 0.134954 0.420106
15920.000000 4.154773 24.817107 0.077879 0.417839
15940.000000 4.143101 24.902896 0.021677 0.415148
15960.000000 4.129619 24.988360 -0.033415 0.412044
15980.000000 4.114460 25.073451 -0.087176 0.408540
16000.000000 4.097775 25.158122 -0.139409 0.404647
16020.000000 4.079720 25.242323 -0.189944 0.400379
16040.000000 4.060460 25.326003 -0.238634 0.395752
16060.000000 4.040161 25.409108 -0.285360 0.390781
16080.000000 4.018992 25.491582 -0.330027 0.385485
16100.000000 3.997115 25.573368 -0.372565 0.379880
16120.000000 3.974691 25.654407 -0.412927 0.373986
16140.000000 3.951869 25.734640 -0.451087 0.367820
16160.000000 3.928792 25.814006 -0.487037 0.361401
16180.000000 3.905590 25.892444 -0.520786 0.354747
16200.000000 3.882382 25.969894 -0.552359 0.347875
16220.000000 3.859276 26.046293 -0.581793 0.340803
16240.000000 3.836367 26.121582 -0.609134 0.333544
16260.000000 3.813738 26.195700 -0.634439 0.326114
16280.000000 3.791461 26.268588 -0.657771 0.318527
16300.000000 3.769599 26.340186 -0.679199 0.310794
16320.000000 3.748202 26.410436 -0.698795 0.302928
16340.000000 3.727315 26.479282 -0.716636 0.294938
16360.000000 3.706973 26.546669 -0.732800 0.286834
16380.000000 3.687206 26.612541 -0.747365 0.278624
16400.000000 3.668036 26.676846 -0.760412 0.270315
16420.000000 3.649482 26.739532 -0.772019 0.261916
16440.000000 3.631557 26.800548 -0.782265 0.253431
16460.000000 3.614272 26.859847 -0.791225 0.244867
16480.000000 3.597635 26.917379 -0.798977 0.236228
16500.000000 3.581650 26.973100 -0.805592 0.227518
16520.000000 3.566321 27.026965 -0.811143 0.218743
16540.000000 3.551649 27.078931 -0.815698 0.209906
16560.000000 3.537635 27.128956 -0.819324 0.201009
16580.000000 3.524277 27.177000 -0.822085 0.192058
16600.000000 3.511575 27.223026 -0.824043 0.183053
16620.000000 3.499527 27.266996 -0.825255 0.173999
16640.000000 3.488131 27.308875 -0.825779 0.164898
16660.000000 3.477384 27.348629 -0.825668 0.155752
16680.000000 3.467285 27.386226 -0.824972 0.146564
16700.000000 3.457830 27.421636 -0.823740 0.137336
16720.000000 3.449018 27.454831 -0.822018 0.128071
16740.000000 3.440846 27.485782 -0.819847 0.118771
16760.000000 3.433312 27.514465 -0.817267 0.109437
16780.000000 3.426414 27.540856 -0.814317 0.100073
16800.000000 3.420150 27.564934 -0.811029 0.090680
16820.000000 3.414518 27.586678 -0.807437 0.081261
16840.000000 3.409518 27.606069 -0.803567 0.071817
16860.000000 3.405147 27.623092 -0.799447 0.062351
16880.000000 3.401406 27.637732 -0.795098 0.052865
16900.000000 3.398293 27.649976 -0.790543 0.043361
16920.000000 3.395809 27.659814 -0.785796 0.033841
16940.000000 3.393952 27.667235 -0.780874 0.024308
16960.000000 3.392724 27.672233 -0.775787 0.014763
16980.000000 3.392124 27.674803 -0.770544 0.005209
17000.000000 3.392154 27.674942 -0.765149 -0.004353
17020.000000 3.392814 27.672649 -0.759605 -0.013919
17040.000000 3.394105 27.667923 -0.753912 -0.023487
17060.000000 3.396029 27.660768 -0.748064 -0.033055
17080.000000 3.398588 27.651189 -0.742054 -0.042621
17100.000000 3.401782 27.639192 -0.735873 -0.052181
17120.000000 3.405615 27.624786 -0.729505 -0.061733
17140.000000 3.410087 27.607982 -0.722934 -0.071274
17160.000000 3.415201 27.588793 -0.716138 -0.080801
17180.000000 3.420958 27.567234 -0.709094 -0.090311
17200.000000 3.427360 27.543323 -0.701774 -0.099800
17220.000000 3.434409 27.517079 -0.694146 -0.109264
17240.000000 3.442104 27.488524 -0.686176 -0.118699
17260.000000 3.450446 27.457681 -0.677825 -0.128101
17280.000000 3.459435 27.424578 -0.669052 -0.137466
17300.000000 3.469069 27.389244 -0.659811 -0.146787
17320.000000 3.479346 27.351708 -0.650052 -0.156059
17340.000000 3.490260 27.312005 -0.639725 -0.165278
17360.000000 3.501807 27.270171 -0.628773 -0.174435
17380.000000 3.513977 27.226243 -0.617137 -0.183524
17400.000000 3.526760 27.180264 -0.604755 -0.192537
17420.000000 3.540143 27.132277 -0.591564 -0.201467
17440.000000 3.554108 27.082326 -0.577497 -0.210303
17460.000000 3.568635 27.030462 -0.562484 -0.219036
17480.000000 3.583697 26.976734 -0.546456 -0.227657
17500.000000 3.599265 26.921196 -0.529342 -0.236153
17520.000000 3.615301 26.863905 -0.511070 -0.244513
17540.000000 3.631764 26.804917 -0.491571 -0.252723
17560.000000 3.648604 26.744294 -0.470776 -0.260770
17580.000000 3.665764 26.682098 -0.448618 -0.268639
17600.000000 3.683179 26.618394 -0.425037 -0.276315
17620.000000 3.700775 26.553248 -0.399976 -0.283781
17640.000000 3.718470 26.486727 -0.373385 -0.291020
17660.000000 3.736173 26.418903 -0.345224 -0.298014
17680.000000 3.753784 26.349845 -0.315462 -0.304745
17700.000000 3.771193 26.279626 -0.284082 -0.311193
17720.000000 3.788284 26.208318 -0.251078 -0.317340
17740.000000 3.804933 26.135995 -0.216462 -0.323164
17760.000000 3.821009 26.062731 -0.180262 -0.328647
17780.000000 3.836378 25.988599 -0.142525 -0.333770
17800.000000 3.850904 25.913673 -0.103319 -0.338512
17820.000000 3.864448 25.838027 -0.062731 -0.342855
17840.000000 3.876878 25.761734 -0.020868 -0.346781
17860.000000 3.888062 25.684866 0.022141 -0.350274
17880.000000 3.897880 25.607495 0.066147 -0.353317
17900.000000 3.906221 25.529695 0.110984 -0.355896
17920.000000 3.912987 25.451535 0.156470 -0.357998
17940.000000 3.918097 25.373087 0.202409 -0.359612
17960.000000 3.921486 25.294423 0.248597 -0.360728
17980.000000 3.923113 25.215614 0.294821 -0.361339
18000.000000 3.922954 25.136732 0.340868 -0.361439
18020.000000 3.921009 25.057851 0.386525 -0.361026
18040.000000 3.917298 24.979045 0.431586 -0.360099
18060.000000 3.911864 24.900388 0.475855 -0.358659
18080.000000 3.904770 24.821957 0.519147 -0.356712
18100.000000 3.896095 24.743829 0.561295 -0.354263
18120.000000 3.885937 24.666084 0.602147 -0.351322
18140.000000 3.874406 24.588801 0.641575 -0.347901
18160.000000 3.861622 24.512063 0.679468 -0.344013
18180.000000 3.847716 24.435951 0.715740 -0.339673
18200.000000 3.832821 24.360549 0.750322 -0.334898
18220.000000 3.817073 24.285941 0.783170 -0.329706
18240.000000 3.800610 24.212210 0.814258 -0.324115
18260.000000 3.783565 24.139442 0.843579 -0.318145
18280.000000 3.766068 24.067720 0.871141 -0.311815
18300.000000 3.748244 23.997129 0.896970 -0.305145
18320.000000 3.730210 23.927752 0.921105 -0.298153
18340.000000 3.712076 23.859672 0.943596 -0.290860
18360.000000 3.693945 23.792970 0.964503 -0.283283
18380.000000 3.675910 23.727726 0.983893 -0.275440
18400.000000 3.658056 23.664020 1.001843 -0.267350
18420.000000 3.640462 23.601928 1.018430 -0.259028
18440.000000 3.623195 23.541526 1.033739 -0.250490
18460.000000 3.606318 23.482886 1.047854 -0.241753
18480.000000 3.589885 23.426080 1.060863 -0.232830
18500.000000 3.573944 23.371176 1.072851 -0.223735
18520.000000 3.558539 23.318240 1.083903 -0.214481
18540.000000 3.543704 23.267335 1.094106 -0.205081
18560.000000 3.529472 23.218523 1.103539 -0.195545
18580.000000 3.515870 23.171861 1.112283 -0.185884
18600.000000 3.502921 23.127405 1.120414 -0.176110
18620.000000 3.490645 23.085208 1.128005 -0.166231
18640.000000 3.479057 23.045318 1.135124 -0.156256
18660.000000 3.468173 23.007782 1.141837 -0.146194
18680.000000 3.458003 22.972645 1.148204 -0.136052
18700.000000 3.448556 22.939947 1.154283 -0.125837
18720.000000 3.439842 22.909726 1.160125 -0.115558
18740.000000 3.431865 22.882017 1.165780 -0.105219
18760.000000 3.424631 22.856852 1.171289 -0.094827
18780.000000 3.418145 22.834260 1.176694 -0.084388
18800.000000 3.412410 22.814268 1.182028 -0.073908
18820.000000 3.407428 22.796899 1.187322 -0.063390
18840.000000 3.403202 22.782173 1.192604 -0.052841
18860.000000 3.399734 22.770108 1.197893 -0.042264
18880.000000 3.397026 22.760718 1.203209 -0.031665
18900.000000 3.395080 22.754016 1.208564 -0.021048
18920.000000 3.393896 22.750009 1.213969 -0.010416
18940.000000 3.393477 22.748705 1.219428 0.000224
18960.000000 3.393823 22.750107 1.224943 0.010870
18980.000000 3.394936 22.754213 1.230511 0.021517
19000.000000 3.396817 22.761022 1.236125 0.032161
19020.000000 3.399467 22.770528 1.241774 0.042797
19040.000000 3.402887 22.782722 1.247443 0.053421
19060.000000 3.407079 22.797593 1.253115 0.064029
19080.000000 3.412042 22.815126 1.258767 0.074615
19100.000000 3.417778 22.835304 1.264372 0.085176
19120.000000 3.424287 22.858105 1.269900 0.095705
19140.000000 3.431567 22.883508 1.275319 0.106199
19160.000000 3.439619 22.911485 1.280590 0.116652
19180.000000 3.448442 22.942008 1.285673 0.127059
19200.000000 3.458032 22.975045 1.290524 0.137413
19220.000000 3.468388 23.010560 1.295093 0.147711
19240.000000 3.479507 23.048516 1.299330 0.157946
19260.000000 3.491383 23.088873 1.303179 0.168112
19280.000000 3.504011 23.131588 1.306582 0.178203
19300.000000 3.517385 23.176616 1.309478 0.188213
19320.000000 3.531496 23.223908 1.311802 0.198136
19340.000000 3.546335 23.273415 1.313486 0.207966
19360.000000 3.561891 23.325084 1.314458 0.217697
19380.000000 3.578152 23.378861 1.314646 0.227320
19400.000000 3.595103 23.434688 1.313972 0.236832
19420.000000 3.612726 23.492507 1.312359 0.246223
19440.000000 3.631004 23.552258 1.309723 0.255488
19460.000000 3.649914 23.613879 1.305982 0.264619
19480.000000 3.669433 23.677307 1.301050 0.273610
19500.000000 3.689531 23.742478 1.294841 0.282453
19520.000000 3.710179 23.809324 1.287266 0.291140
19540.000000 3.731340 23.877780 1.278236 0.299664
19560.000000 3.752974 23.947777 1.267663 0.308016
19580.000000 3.775036 24.019248 1.255457 0.316187
19600.000000 3.797475 24.092123 1.241531 0.324169
19620.000000 3.820232 24.166333 1.225800 0.331951
19640.000000 3.843243 24.241809 1.208180 0.339524
19660.000000 3.866433 24.318479 1.188593 0.346875
19680.000000 3.889722 24.396276 1.166964 0.353994
19700.000000 3.913017 24.475128 1.143225 0.360868
19720.000000 3.936216 24.554967 1.117317 0.367482
19740.000000 3.959207 24.635723 1.089188 0.373822
19760.000000 3.981868 24.717328 1.058797 0.379872
19780.000000 4.004066 24.799715 1.026115 0.385616
19800.000000 4.025659 24.882816 0.991128 0.391037
19820.000000 4.046495 24.966565 0.953835 0.396116
19840.000000 4.066419 25.050897 0.914254 0.400835
19860.000000 4.085267 25.135747 0.872420 0.405176
19880.000000 4.102878 25.221053 0.828389 0.409120
19900.000000 4.119089 25.306752 0.782238 0.412652
19920.000000 4.133744 25.392784 0.734067 0.415756
19940.000000 4.146695 25.479091 0.683998 0.418418
19960.000000 4.157807 25.565616 0.632178 0.420627
19980.000000 4.166961 25.652304 0.578779 0.422375
20000.000000 4.174056 25.739102 0.523994 0.423656
20020.000000 4.179012 25.825959 0.468042 0.424468
20040.000000 4.181776 25.912829 0.411157 0.424810
20060.000000 4.182315 25.999663 0.353592 0.424685
20080.000000 4.180624 26.086418 0.295614 0.424098
20100.000000 4.176721 26.173051 0.237496 0.423055
20120.000000 4.170649 26.259519 0.179513 0.421562
20140.000000 4.162477 26.345780 0.121940 0.419629
20160.000000 4.152290 26.431792 0.065041 0.417265
20180.000000 4.140196 26.517511 0.009070 0.414480
20200.000000 4.126321 26.602894 -0.045738 0.411284
20220.000000 4.110803 26.687894 -0.099168 0.407690
20240.000000 4.093792 26.772463 -0.151031 0.403710
20260.000000 4.075449 26.856551 -0.201159 0.399360
20280.000000 4.055939 26.940105 -0.249413 0.394653
20300.000000 4.035428 27.023072 -0.295679 0.389607
20320.000000 4.014084 27.105394 -0.339868 0.384240
20340.000000 3.992069 27.187016 -0.381915 0.378568
20360.000000 3.969542 27.267877 -0.421779 0.372610
20380.000000 3.946650 27.347919 -0.459438 0.366385
20400.000000 3.923533 27.427080 -0.494887 0.359911
20420.000000 3.900320 27.505299 -0.528140 0.353206
20440.000000 3.877127 27.582516 -0.559224 0.346288
20460.000000 3.854058 27.658669 -0.588179 0.339171
20480.000000 3.831205 27.733697 -0.615053 0.331873
20500.000000 3.808650 27.807541 -0.639904 0.324406
20520.000000 3.786462 27.880141 -0.662798 0.316785
20540.000000 3.764701 27.951439 -0.683803 0.309021
20560.000000 3.743416 28.021375 -0.702994 0.301125
20580.000000 3.722650 28.089895 -0.720448 0.293109
20600.000000 3.702436 28.156943 -0.736242 0.284980
20620.000000 3.682803 28.222464 -0.750456 0.276747
20640.000000 3.663771 28.286406 -0.763169 0.268417
20660.000000 3.645359 28.348718 -0.774460 0.259998
20680.000000 3.627579 28.409348 -0.784408 0.251495
20700.000000 3.610440 28.468250 -0.793088 0.242913
20720.000000 3.593951 28.525376 -0.800575 0.234257
20740.000000 3.578115 28.580679 -0.806943 0.225533
20760.000000 3.562934 28.634117 -0.812262 0.216743
20780.000000 3.548412 28.685646 -0.816600 0.207892
20800.000000 3.534546 28.735225 -0.820025 0.198983
20820.000000 3.521337 28.782815 -0.822598 0.190019
20840.000000 3.508784 28.828377 -0.824381 0.181003
20860.000000 3.496884 28.871875 -0.825432 0.171938
20880.000000 3.485635 28.913275 -0.825807 0.162826
20900.000000 3.475036 28.952542 -0.825559 0.153671
20920.000000 3.465083 28.989646 -0.824738 0.144474
20940.000000 3.455774 29.024556 -0.823391 0.135237
20960.000000 3.447108 29.057244 -0.821563 0.125964
20980.000000 3.439081 29.087682 -0.819296 0.116656
21000.000000 3.431691 29.115848 -0.816629 0.107315
21020.000000 3.424937 29.141716 -0.813599 0.097944
21040.000000 3.418816 29.165265 -0.810240 0.088545
21060.000000 3.413328 29.186477 -0.806582 0.079120
21080.000000 3.408471 29.205333 -0.802653 0.069671
21100.000000 3.404243 29.221816 -0.798479 0.060200
21120.000000 3.400645 29.235913 -0.794082 0.050710
21140.000000 3.397674 29.247612 -0.789482 0.041202
21160.000000 3.395332 29.256902 -0.784694 0.031679
21180.000000 3.393618 29.263774 -0.779734 0.022143
21200.000000 3.392533 29.268222 -0.774611 0.012596
21220.000000 3.392076 29.270241 -0.769333 0.003040
21240.000000 3.392248 29.269828 -0.763904 -0.006523
21260.000000 3.393051 29.266982 -0.758327 -0.016090
21280.000000 3.394486 29.261705 -0.752598 -0.025658
21300.000000 3.396554 29.253999 -0.746715 -0.035226
21320.000000 3.399257 29.243871 -0.740667 -0.044791
21340.000000 3.402596 29.231326 -0.734445 -0.054349
21360.000000 3.406573 29.216375 -0.728032 -0.063899
21380.000000 3.411191 29.199029 -0.721412 -0.073438
21400.000000 3.416451 29.179301 -0.714562 -0.082961
21420.000000 3.422354 29.157206 -0.707458 -0.092466
21440.000000 3.428903 29.132764 -0.700071 -0.101950
21460.000000 3.436098 29.105994 -0.692369 -0.111408
21480.000000 3.443940 29.076917 -0.684316 -0.120836
21500.000000 3.452429 29.045560 -0.675873 -0.130230
21520.000000 3.461565 29.011948 -0.666998 -0.139585
21540.000000 3.471345 28.976111 -0.657643 -0.148895
21560.000000 3.481766 28.938080 -0.647761 -0.158156
21580.000000 3.492825 28.897890 -0.637297 -0.167361
21600.000000 3.504514 28.855578 -0.626195 -0.176503
21620.000000 3.516824 28.811181 -0.614395 -0.185576
21640.000000 3.529745 28.764742 -0.601836 -0.194571
21660.000000 3.543262 28.716305 -0.588452 -0.203480
21680.000000 3.557356 28.665916 -0.574176 -0.212294
21700.000000 3.572007 28.613624 -0.558939 -0.221003
21720.000000 3.587187 28.559481 -0.542671 -0.229596
21740.000000 3.602864 28.503541 -0.525300 -0.238062
21760.000000 3.619001 28.445859 -0.506756 -0.246389
21780.000000 3.635554 28.386495 -0.486969 -0.254564
21800.000000 3.652472 28.325510 -0.465870 -0.262572
21820.000000 3.669696 28.262966 -0.443395 -0.270398
21840.000000 3.687158 28.198928 -0.419482 -0.278028
21860.000000 3.704784 28.133464 -0.394078 -0.285444
21880.000000 3.722490 28.066642 -0.367134 -0.292629
21900.000000 3.740181 27.998531 -0.338612 -0.299565
21920.000000 3.757756 27.929203 -0.308484 -0.306234
21940.000000 3.775104 27.858731 -0.276735 -0.312615
21960.000000 3.792106 27.787186 -0.243364 -0.318690
21980.000000 3.808636 27.714643 -0.208385 -0.324439
22000.000000 3.824563 27.641176 -0.171832 -0.329842
22020.000000 3.839753 27.566857 -0.133755 -0.334880
22040.000000 3.854068 27.491762 -0.094227 -0.339533
22060.000000 3.867371 27.415962 -0.053339 -0.343783
22080.000000 3.879529 27.339532 -0.011204 -0.347612
22100.000000 3.890414 27.262544 0.032044 -0.351004
22120.000000 3.899906 27.185069 0.076254 -0.353943
22140.000000 3.907898 27.107181 0.121255 -0.356415
22160.000000 3.914294 27.028949 0.166861 -0.358407
22180.000000 3.919018 26.950446 0.212875 -0.359909
22200.000000 3.922011 26.871743 0.259090 -0.360911
22220.000000 3.923234 26.792911 0.305293 -0.361407
22240.000000 3.922669 26.714023 0.351269 -0.361391
22260.000000 3.920320 26.635153 0.396809 -0.360861
22280.000000 3.916214 26.556374 0.441708 -0.359817
22300.000000 3.910397 26.477761 0.485770 -0.358262
22320.000000 3.902937 26.399392 0.528817 -0.356200
22340.000000 3.893916 26.321344 0.570683 -0.353638
22360.000000 3.883436 26.243697 0.611223 -0.350587
22380.000000 3.871610 26.166530 0.650311 -0.347059
22400.000000 3.858561 26.089927 0.687844 -0.343067
22420.000000 3.844418 26.013969 0.723737 -0.338627
22440.000000 3.829317 25.938740 0.757929 -0.333756
22460.000000 3.813396 25.864323 0.790379 -0.328471
22480.000000 3.796789 25.790803 0.821066 -0.322793
22500.000000 3.779630 25.718265 0.849986 -0.316739
22520.000000 3.762048 25.646793 0.877153 -0.310331
22540.000000 3.744166 25.576470 0.902594 -0.303586
22560.000000 3.726100 25.507380 0.926351 -0.296524
22580.000000 3.707958 25.439605 0.948477 -0.289164
22600.000000 3.689841 25.373227 0.969033 -0.281526
22620.000000 3.671840 25.308325 0.988090 -0.273625
22640.000000 3.654039 25.244979 1.005723 -0.265481
22660.000000 3.636512 25.183264 1.022013 -0.257109
22680.000000 3.619329 25.123255 1.037043 -0.248525
22700.000000 3.602548 25.065025 1.050900 -0.239744
22720.000000 3.586223 25.008645 1.063669 -0.230781
22740.000000 3.570400 24.954181 1.075437 -0.221649
22760.000000 3.555121 24.901701 1.086290 -0.212361
22780.000000 3.540421 24.851266 1.096311 -0.202928
22800.000000 3.526330 24.802937 1.105581 -0.193363
22820.000000 3.512874 24.756771 1.114179 -0.183676
22840.000000 3.500076 24.712823 1.122182 -0.173877
22860.000000 3.487955 24.671145 1.129659 -0.163975
22880.000000 3.476526 24.631785 1.136681 -0.153980
22900.000000 3.465802 24.594790 1.143310 -0.143899
22920.000000 3.455796 24.560203 1.149607 -0.133740
22940.000000 3.446515 24.528063 1.155627 -0.123510
22960.000000 3.437967 24.498409 1.161423 -0.113217
22980.000000 3.430158 24.471275 1.167041 -0.102865
23000.000000 3.423094 24.446691 1.172524 -0.092463
23020.000000 3.416778 24.424687 1.177909 -0.082014
23040.000000 3.411213 24.405288 1.183232 -0.071524
23060.000000 3.406403 24.388517 1.188521 -0.060999
23080.000000 3.402349 24.374393 1.193802 -0.050443
23100.000000 3.399053 24.362934 1.199096 -0.039861
23120.000000 3.396518 24.354153 1.204420 -0.029257
23140.000000 3.394744 24.348062 1.209786 -0.018636
23160.000000 3.393734 24.344669 1.215203 -0.008003
23180.000000 3.393488 24.343978 1.220675 0.002640
23200.000000 3.394008 24.345993 1.226202 0.013286
23220.000000 3.395295 24.350714 1.231781 0.023933
23240.000000 3.397351 24.358135 1.237404 0.034575
23260.000000 3.400175 24.368252 1.243059 0.045209
23280.000000 3.403771 24.381055 1.248731 0.055830
23300.000000 3.408137 24.396531 1.254400 0.066433
23320.000000 3.413276 24.414666 1.260043 0.077014
23340.000000 3.419187 24.435440 1.265634 0.087568
23360.000000 3.425871 24.458835 1.271141 0.098090
23380.000000 3.433327 24.484824 1.276529 0.108575
23400.000000 3.441554 24.513381 1.281762 0.119017
23420.000000 3.450550 24.544477 1.286796 0.129413
23440.000000 3.460315 24.578079 1.291587 0.139755
23460.000000 3.470845 24.614152 1.296085 0.150039
23480.000000 3.482135 24.652656 1.300239 0.160259
23500.000000 3.494183 24.693552 1.303992 0.170408
23520.000000 3.506981 24.736796 1.307286 0.180482
23540.000000 3.520522 24.782342 1.310058 0.190473
23560.000000 3.534799 24.830142 1.312243 0.200375
23580.000000 3.549802 24.880144 1.313771 0.210183
23600.000000 3.565520 24.932296 1.314572 0.219890
23620.000000 3.581938 24.986543 1.314571 0.229489
23640.000000 3.599043 25.042827 1.313692 0.238973
23660.000000 3.616817 25.101090 1.311853 0.248337
23680.000000 3.635240 25.161271 1.308974 0.257572
23700.000000 3.654291 25.223308 1.304970 0.266672
23720.000000 3.673943 25.287137 1.299757 0.275630
23740.000000 3.694169 25.352693 1.293245 0.284438
23760.000000 3.714937 25.419911 1.285348 0.293089
23780.000000 3.736209 25.488722 1.275976 0.301574
23800.000000 3.757944 25.559060 1.265040 0.309886
23820.000000 3.780097 25.630856 1.252451 0.318015
23840.000000 3.802613 25.704040 1.238123 0.325952
23860.000000 3.825434 25.778543 1.221970 0.333688
23880.000000 3.848492 25.854296 1.203911 0.341211
23900.000000 3.871712 25.931228 1.183867 0.348511
23920.000000 3.895011 26.009270 1.161765 0.355576
23940.000000 3.918293 26.088352 1.137539 0.362392
23960.000000 3.941455 26.168405 1.111131 0.368945
23980.000000 3.964383 26.249360 1.082491 0.375221
24000.000000 3.986951 26.331149 1.051583 0.381203
24020.000000 4.009024 26.413703 1.018378 0.386875
24040.000000 4.030459 26.496957 0.982867 0.392220
24060.000000 4.051102 26.580844 0.945053 0.397219
24080.000000 4.070796 26.665299 0.904957 0.401854
24100.000000 4.089378 26.750258 0.862619 0.406106
24120.000000 4.106685 26.835658 0.818100 0.409959
24140.000000 4.122556 26.921438 0.771481 0.413395
24160.000000 4.136837 27.007538 0.722867 0.416399
24180.000000 4.149382 27.093899 0.672387 0.418959
24200.000000 4.160060 27.180466 0.620193 0.421065
24220.000000 4.168754 27.267183 0.566462 0.422707
24240.000000 4.175370 27.353999 0.511393 0.423882
24260.000000 4.179833 27.440864 0.455207 0.424587
24280.000000 4.182094 27.527729 0.398145 0.424823
24300.000000 4.182127 27.614550 0.340463 0.424593
24320.000000 4.179931 27.701281 0.282429 0.423901
24340.000000 4.175531 27.787879 0.224317 0.422755
24360.000000 4.168976 27.874304 0.166404 0.421162
24380.000000 4.160338 27.960512 0.108960 0.419130
24400.000000 4.149709 28.046462 0.052251 0.416670
24420.000000 4.137199 28.132109 -0.003476 0.413790
24440.000000 4.122939 28.217409 -0.057990 0.410503
24460.000000 4.107068 28.302315 -0.111080 0.406820
24480.000000 4.089741 28.386779 -0.162563 0.402755
24500.000000 4.071119 28.470751 -0.212277 0.398323
24520.000000 4.051367 28.554177 -0.260089 0.393538
24540.000000 4.030652 28.637002 -0.305890 0.388417
24560.000000 4.009142 28.719171 -0.349598 0.382979
24580.000000 3.986997 28.800625 -0.391154 0.377240
24600.000000 3.964374 28.881306 -0.430518 0.371220
24620.000000 3.941420 28.961153 -0.467675 0.364937
24640.000000 3.918270 29.040105 -0.502624 0.358410
24660.000000 3.895052 29.118103 -0.535382 0.351655
24680.000000 3.871878 29.195083 -0.565979 0.344690
24700.000000 3.848850 29.270986 -0.594457 0.337531
24720.000000 3.826058 29.345752 -0.620867 0.330193
24740.000000 3.803581 29.419318 -0.645268 0.322690
24760.000000 3.781485 29.491628 -0.667727 0.315035
24780.000000 3.759828 29.562621 -0.688314 0.307240
24800.000000 3.738657 29.632242 -0.707104 0.299317
24820.000000 3.718014 29.700432 -0.724174 0.291274
24840.000000 3.697930 29.767138 -0.739603 0.283120
24860.000000 3.678431 29.832306 -0.753470 0.274865
24880.000000 3.659538 29.895882 -0.765853 0.266514
24900.000000 3.641268 29.957817 -0.776833 0.258076
24920.000000 3.623633 30.018059 -0.786486 0.249554
24940.000000 3.606642 30.076562 -0.794889 0.240955
24960.000000 3.590300 30.133278 -0.802116 0.232284
24980.000000 3.574612 30.188162 -0.808239 0.223544
25000.000000 3.559581 30.241170 -0.813330 0.214740
25020.000000 3.545208 30.292260 -0.817455 0.205876
25040.000000 3.531491 30.341392 -0.820681 0.196954
25060.000000 3.518431 30.388525 -0.823070 0.187978
25080.000000 3.506026 30.433622 -0.824682 0.178950
25100.000000 3.494275 30.476647 -0.825575 0.169874
25120.000000 3.483173 30.517565 -0.825804 0.160753
25140.000000 3.472721 30.556345 -0.825421 0.151587
25160.000000 3.462914 30.592953 -0.824477 0.142381
25180.000000 3.453752 30.627361 -0.823017 0.133136
25200.000000 3.445230 30.659541 -0.821086 0.123855
25220.000000 3.437348 30.689466 -0.818725 0.114539
25240.000000 3.430103 30.717112 -0.815972 0.105191
25260.000000 3.423492 30.742456 -0.812865 0.095814
25280.000000 3.417516 30.765476 -0.809435 0.086409
25300.000000 3.412171 30.786155 -0.805713 0.076978
25320.000000 3.407456 30.804474 -0.801727 0.067524
25340.000000 3.403371 30.820417 -0.797500 0.058049
25360.000000 3.399916 30.833971 -0.793056 0.048554
25380.000000 3.397088 30.845124 -0.788411 0.039043
25400.000000 3.394888 30.853866 -0.783584 0.029516
25420.000000 3.393317 30.860188 -0.778585 0.019977
25440.000000 3.392374 30.864085 -0.773426 0.010428
25460.000000 3.392060 30.865553 -0.768114 0.000870
25480.000000 3.392375 30.864588 -0.762652 -0.008693
25500.000000 3.393321 30.861190 -0.757040 -0.018261
25520.000000 3.394900 30.855361 -0.751277 -0.027829
25540.000000 3.397112 30.847106 -0.745357 -0.037397
25560.000000 3.399959 30.836428 -0.739271 -0.046960
25580.000000 3.403442 30.823337 -0.733007 -0.056517
25600.000000 3.407565 30.807841 -0.726549 -0.066065
25620.000000 3.412328 30.789953 -0.719879 -0.075600
25640.000000 3.417734 30.769686 -0.712974 -0.085119
25660.000000 3.423784 30.747058 -0.705808 -0.094620
25680.000000 3.430479 30.722085 -0.698352 -0.104098
25700.000000 3.437821 30.694790 -0.690574 -0.113550
25720.000000 3.445809 30.665193 -0.682436 -0.122970
25740.000000 3.454445 30.633322 -0.673899 -0.132356
25760.000000 3.463727 30.599202 -0.664919 -0.141701
25780.000000 3.473653 30.562865 -0.655449 -0.151001
25800.000000 3.484220 30.524341 -0.645439 -0.160250
25820.000000 3.495422 30.483666 -0.634836 -0.169441
25840.000000 3.507253 30.440877 -0.623580 -0.178569
25860.000000 3.519703 30.396014 -0.611614 -0.187624
25880.000000 3.532760 30.349118 -0.598874 -0.196600
25900.000000 3.546410 30.300233 -0.585293 -0.205489
25920.000000 3.560633 30.249408 -0.570805 -0.214280
25940.000000 3.575406 30.196692 -0.555340 -0.222963
25960.000000 3.590701 30.142136 -0.538828 -0.231529
25980.000000 3.606487 30.085795 -0.521198 -0.239964
26000.000000 3.622722 30.027727 -0.502378 -0.248258
26020.000000 3.639363 29.967989 -0.482299 -0.256396
26040.000000 3.656356 29.906645 -0.460893 -0.264364
26060.000000 3.673640 29.843756 -0.438097 -0.272148
26080.000000 3.691146 29.779389 -0.413851 -0.279730
26100.000000 3.708798 29.713610 -0.388101 -0.287095
26120.000000 3.726509 29.646490 -0.360802 -0.294226
26140.000000 3.744183 29.578097 -0.331918 -0.301102
26160.000000 3.761716 29.508503 -0.301423 -0.307707
26180.000000 3.778996 29.437781 -0.269305 -0.314021
26200.000000 3.795902 29.366003 -0.235567 -0.320024
26220.000000 3.812308 29.293244 -0.200228 -0.325696
26240.000000 3.828080 29.219577 -0.163323 -0.331018
26260.000000 3.843083 29.145075 -0.124910 -0.335970
26280.000000 3.857180 29.069814 -0.085065 -0.340533
26300.000000 3.870235 28.993865 -0.043883 -0.344689
26320.000000 3.882115 28.917301 -0.001483 -0.348421
26340.000000 3.892694 28.840197 0.041997 -0.351711
26360.000000 3.901855 28.762622 0.086402 -0.354545
26380.000000 3.909492 28.684649 0.131557 -0.356910
26400.000000 3.915515 28.606350 0.177274 -0.358791
26420.000000 3.919851 28.527795 0.223352 -0.360180
26440.000000 3.922445 28.449056 0.269582 -0.361068
26460.000000 3.923263 28.370205 0.315753 -0.361448
26480.000000 3.922292 28.291315 0.361649 -0.361316
26500.000000 3.919541 28.212459 0.407060 -0.360669
26520.000000 3.915042 28.133711 0.451786 -0.359509
26540.000000 3.908846 28.055147 0.495633 -0.357838
26560.000000 3.901023 27.976843 0.538426 -0.355662
26580.000000 3.891662 27.898879 0.580003 -0.352989
26600.000000 3.880867 27.821334 0.620224 -0.349828
26620.000000 3.868752 27.744289 0.658967 -0.346193
26640.000000 3.855443 27.667824 0.696134 -0.342098
26660.000000 3.841071 27.592024 0.731646 -0.337559
26680.000000 3.825772 27.516972 0.765446 -0.332592
26700.000000 3.809683 27.442751 0.797497 -0.327217
26720.000000 3.792939 27.369447 0.827783 -0.321452
26740.000000 3.775673 27.297143 0.856303 -0.315316
26760.000000 3.758012 27.225924 0.883076 -0.308829
26780.000000 3.740079 27.155874 0.908131 -0.302010
26800.000000 3.721986 27.087075 0.931512 -0.294879
26820.000000 3.703842 27.019610 0.953276 -0.287455
26840.000000 3.685743 26.953560 0.973486 -0.279755
26860.000000 3.667780 26.889005 0.992213 -0.271798
26880.000000 3.650035 26.826022 1.009534 -0.263601
26900.000000 3.632581 26.764687 1.025531 -0.255179
26920.000000 3.615484 26.705076 1.040287 -0.246549
26940.000000 3.598802 26.647260 1.053890 -0.237726
26960.000000 3.582587 26.591308 1.066424 -0.228723
26980.000000 3.566885 26.537289 1.077977 -0.219554
27000.000000 3.551734 26.485267 1.088634 -0.210232
27020.000000 3.537169 26.435305 1.098477 -0.200769
27040.000000 3.523220 26.387462 1.107588 -0.191175
27060.000000 3.509912 26.341794 1.116045 -0.181462
27080.000000 3.497266 26.298357 1.123922 -0.171639
27100.000000 3.485300 26.257201 1.131290 -0.161715
27120.000000 3.474030 26.218374 1.138217 -0.151700
27140.000000 3.463468 26.181921 1.144766 -0.141600
27160.000000 3.453626 26.147886 1.150995 -0.131425
27180.000000 3.444511 26.116308 1.156961 -0.121180
27200.000000 3.436130 26.087223 1.162712 -0.110873
27220.000000 3.428490 26.060664 1.168295 -0.100509
27240.000000 3.421595 26.036664 1.173753 -0.090096
27260.000000 3.415449 26.015248 1.179121 -0.079637
27280.000000 3.410055 25.996444 1.184434 -0.069139
27300.000000 3.405416 25.980272 1.189719 -0.058606
27320.000000 3.401534 25.966751 1.195002 -0.048044
27340.000000 3.398411 25.955899 1.200301 -0.037457
27360.000000 3.396049 25.947727 1.205634 -0.026849
27380.000000 3.394448 25.942248 1.211011 -0.016225
27400.000000 3.393611 25.939467 1.216440 -0.005588
27420.000000 3.393539 25.939391 1.221924 0.005055
27440.000000 3.394233 25.942020 1.227464 0.015702
27460.000000 3.395694 25.947353 1.233053 0.026348
27480.000000 3.397924 25.955387 1.238685 0.036989
27500.000000 3.400924 25.966114 1.244345 0.047620
27520.000000 3.404694 25.979525 1.250018 0.058237
27540.000000 3.409236 25.995605 1.255684 0.068836
27560.000000 3.414550 26.014341 1.261318 0.079411
27580.000000 3.420636 26.035712 1.266892 0.089958
27600.000000 3.427495 26.059697 1.272375 0.100472
27620.000000 3.435126 26.086272 1.277732 0.110948
27640.000000 3.443528 26.115408 1.282923 0.121381
27660.000000 3.452699 26.147076 1.287906 0.131764
27680.000000 3.462637 26.181241 1.292635 0.142094
27700.000000 3.473340 26.217869 1.297060 0.152364
27720.000000 3.484803 26.256920 1.301128 0.162568
27740.000000 3.497021 26.298353 1.304782 0.172701
27760.000000 3.509988 26.342123 1.307963 0.182756
27780.000000 3.523698 26.388185 1.310608 0.192728
27800.000000 3.538140 26.436489 1.312650 0.202609
27820.000000 3.553307 26.486983 1.314020 0.212395
27840.000000 3.569184 26.539616 1.314645 0.222078
27860.000000 3.585760 26.594330 1.314452 0.231651
27880.000000 3.603018 26.651068 1.313361 0.241109
27900.000000 3.620941 26.709772 1.311294 0.250444
27920.000000 3.639509 26.770379 1.308167 0.259649
27940.000000 3.658698 26.832829 1.303897 0.268718
27960.000000 3.678484 26.897055 1.298396 0.277642
27980.000000 3.698835 26.962994 1.291578 0.286415
28000.000000 3.719721 27.030579 1.283354 0.295029
28020.000000 3.741102 27.099743 1.273635 0.303476
28040.000000 3.762936 27.170418 1.262331 0.311747
28060.000000 3.785176 27.242535 1.249356 0.319833
28080.000000 3.807767 27.316024 1.234621 0.327726
28100.000000 3.830647 27.390817 1.218043 0.335414
28120.000000 3.853749 27.466844 1.199540 0.342888
28140.000000 3.876995 27.544034 1.179034 0.350136
28160.000000 3.900299 27.622318 1.156456 0.357145
28180.000000 3.923563 27.701626 1.131740 0.363902
28200.000000 3.946683 27.781890 1.104829 0.370394
28220.000000 3.969540 27.863040 1.075678 0.376605
28240.000000 3.992008 27.945009 1.044250 0.382518
28260.000000 4.013949 28.027728 1.010523 0.388118
28280.000000 4.035218 28.111131 0.974489 0.393385
28300.000000 4.055660 28.195152 0.936154 0.398303
28320.000000 4.075115 28.279727 0.895545 0.402853
28340.000000 4.093422 28.364792 0.852706 0.407016
28360.000000 4.110418 28.450284 0.807703 0.410775
28380.000000 4.125941 28.536141 0.760621 0.414115
28400.000000 4.139841 28.622305 0.711572 0.417020
28420.000000 4.151973 28.708718 0.660688 0.419477
28440.000000 4.162210 28.795324 0.608129 0.421478
28460.000000 4.170441 28.882068 0.554076 0.423015
28480.000000 4.176574 28.968899 0.498733 0.424083
28500.000000 4.180541 29.055768 0.442327 0.424681
28520.000000 4.182297 29.142627 0.385102 0.424811
28540.000000 4.181823 29.229431 0.327316 0.424476
28560.000000 4.179124 29.316136 0.269240 0.423681
28580.000000 4.174231 29.402699 0.211149 0.422433
28600.000000 4.167196 29.489078 0.153318 0.420739
28620.000000 4.158097 29.575231 0.096019 0.418609
28640.000000 4.147031 29.661116 0.039511 0.416053
28660.000000 4.134112 29.746688 -0.015960 0.413080
28680.000000 4.119473 29.831903 -0.070168 0.409702
28700.000000 4.103259 29.916714 -0.122909 0.405931
28720.000000 4.085623 30.001071 -0.174004 0.401781
28740.000000 4.066730 30.084923 -0.223297 0.397267
28760.000000 4.046745 30.168217 -0.270661 0.392405
28780.000000 4.025835 30.250899 -0.315994 0.387210
28800.000000 4.004167 30.332910 -0.359218 0.381702
28820.000000 3.981900 30.414194 -0.400279 0.375898
28840.000000 3.959190 30.494691 -0.439143 0.369817
28860.000000 3.936179 30.574341 -0.475798 0.363477
28880.000000 3.913003 30.653082 -0.510249 0.356896
28900.000000 3.889786 30.730854 -0.542513 0.350092
28920.000000 3.866636 30.807595 -0.572625 0.343082
28940.000000 3.843655 30.883245 -0.600629 0.335881
28960.000000 3.820928 30.957744 -0.626577 0.328504
28980.000000 3.798532 31.031031 -0.650532 0.320966
29000.000000 3.776530 31.103047 -0.672560 0.313278
29020.000000 3.754980 31.173734 -0.692733 0.305453
29040.000000 3.733926 31.243034 -0.711126 0.297502
29060.000000 3.713406 31.310893 -0.727816 0.289433
29080.000000 3.693453 31.377254 -0.742884 0.281256
29100.000000 3.674090 31.442065 -0.756407 0.272978
29120.000000 3.655338 31.505274 -0.768465 0.264607
29140.000000 3.637211 31.566829 -0.779137 0.256149
29160.000000 3.619721 31.626681 -0.788499 0.247609
29180.000000 3.602876 31.684782 -0.796629 0.238994
29200.000000 3.586683 31.741086 -0.803599 0.230306
29220.000000 3.571144 31.795549 -0.809483 0.221552
29240.000000 3.556262 31.848125 -0.814348 0.212734
29260.000000 3.542038 31.898774 -0.818264 0.203856
29280.000000 3.528470 31.947455 -0.821294 0.194922
29300.000000 3.515559 31.994130 -0.823501 0.185934
29320.000000 3.503303 32.038760 -0.824945 0.176895
29340.000000 3.491699 32.081310 -0.825683 0.167809
29360.000000 3.480745 32.121746 -0.825769 0.158677
29380.000000 3.470439 32.160035 -0.825255 0.149502
29400.000000 3.460779 32.196147 -0.824189 0.140287
29420.000000 3.451762 32.230052 -0.822618 0.131033
29440.000000 3.443386 32.261722 -0.820586 0.121744
29460.000000 3.435648 32.291132 -0.818133 0.112421
29480.000000 3.428547 32.318258 -0.815297 0.103066
29500.000000 3.422081 32.343076 -0.812114 0.093682
29520.000000 3.416247 32.365567 -0.808615 0.084271
29540.000000 3.411046 32.385711 -0.804831 0.074835
29560.000000 3.406474 32.403493 -0.800788 0.065376
29580.000000 3.402532 32.418895 -0.796510 0.055896
29600.000000 3.399219 32.431905 -0.792019 0.046397
29620.000000 3.396534 32.442512 -0.787331 0.036882
29640.000000 3.394477 32.450705 -0.782464 0.027353
29660.000000 3.393048 32.456478 -0.777429 0.017811
29680.000000 3.392247 32.459824 -0.772234 0.008260
29700.000000 3.392076 32.460739 -0.766888 -0.001299
29720.000000 3.392534 32.459222 -0.761391 -0.010864
29740.000000 3.393624 32.455273 -0.755746 -0.020432
29760.000000 3.395346 32.448893 -0.749948 -0.030000
29780.000000 3.397702 32.440087 -0.743991 -0.039567
29800.000000 3.400693 32.428861 -0.737866 -0.049129
29820.000000 3.404322 32.415223 -0.731559 -0.058684
29840.000000 3.408590 32.399184 -0.725055 -0.068230
29860.000000 3.413498 32.380755 -0.718334 -0.077761
29880.000000 3.419050 32.359951 -0.711372 -0.087277
29900.000000 3.425246 32.336789 -0.704143 -0.096773
29920.000000 3.432088 32.311287 -0.696617 -0.106245
29940.000000 3.439576 32.283467 -0.688760 -0.115690
29960.000000 3.447712 32.253352 -0.680535 -0.125103
29980.000000 3.456495 32.220968 -0.671901 -0.134480
30000.000000 3.465923 32.186343 -0.662815 -0.143816
30020.000000 3.475995 32.149506 -0.653227 -0.153105
30040.000000 3.486706 32.110491 -0.643087 -0.162341
30060.000000 3.498052 32.069334 -0.632341 -0.171518
30080.000000 3.510024 32.026070 -0.620930 -0.180630
30100.000000 3.522613 31.980742 -0.608793 -0.189668
30120.000000 3.535806 31.933390 -0.595868 -0.198625
30140.000000 3.549587 31.884062 -0.582088 -0.207492
30160.000000 3.563937 31.832803 -0.567384 -0.216260
30180.000000 3.578832 31.779664 -0.551688 -0.224918
30200.000000 3.594242 31.724699 -0.534928 -0.233455
30220.000000 3.610133 31.667961 -0.517034 -0.241859
30240.000000 3.626465 31.609508 -0.497934 -0.250119
30260.000000 3.643190 31.549401 -0.477560 -0.258219
30280.000000 3.660254 31.487700 -0.455845 -0.266147
30300.000000 3.677595 31.424470 -0.432724 -0.273886
30320.000000 3.695142 31.359777 -0.408141 -0.281421
30340.000000 3.712815 31.293688 -0.382044 -0.288735
30360.000000 3.730526 31.226272 -0.354388 -0.295809
30380.000000 3.748178 31.157600 -0.325140 -0.302626
30400.000000 3.765664 31.087744 -0.294277 -0.309166
30420.000000 3.782870 31.016776 -0.261791 -0.315411
30440.000000 3.799673 30.944769 -0.227688 -0.321341
30460.000000 3.815947 30.871798 -0.191989 -0.326935
30480.000000 3.831556 30.797935 -0.154737 -0.332175
30500.000000 3.846366 30.723254 -0.115992 -0.337040
30520.000000 3.860239 30.647830 -0.075834 -0.341513
30540.000000 3.873039 30.571735 -0.034365 -0.345574
30560.000000 3.884634 30.495043 0.008293 -0.349207
30580.000000 3.894901 30.417825 0.051998 -0.352395
30600.000000 3.903725 30.340154 0.096589 -0.355124
30620.000000 3.911003 30.262101 0.141888 -0.357379
30640.000000 3.916649 30.183737 0.187705 -0.359150
30660.000000 3.920594 30.105134 0.233836 -0.360426
30680.000000 3.922787 30.026364 0.280072 -0.361199
30700.000000 3.923199 29.947498 0.326198 -0.361463
30720.000000 3.921823 29.868609 0.372003 -0.361214
30740.000000 3.918672 29.789770 0.417276 -0.360451
30760.000000 3.913783 29.711057 0.461819 -0.359175
30780.000000 3.907211 29.632546 0.505442 -0.357388
30800.000000 3.899031 29.554313 0.547972 -0.355099
30820.000000 3.889335 29.476437 0.589253 -0.352314
30840.000000 3.878229 29.398998 0.629149 -0.349045
30860.000000 3.865832 29.322077 0.667542 -0.345304
30880.000000 3.852270 29.245756 0.704340 -0.341107
30900.000000 3.837676 29.170118 0.739467 -0.336469
30920.000000 3.822185 29.095247 0.772873 -0.331408
30940.000000 3.805936 29.021227 0.804525 -0.325942
30960.000000 3.789062 28.948142 0.834409 -0.320091
30980.000000 3.771696 28.876077 0.862531 -0.313874
31000.000000 3.753963 28.805116 0.888910 -0.307310
31020.000000 3.735983 28.735343 0.913581 -0.300419
31040.000000 3.717870 28.666839 0.936591 -0.293220
31060.000000 3.699728 28.599688 0.957996 -0.285731
31080.000000 3.681652 28.533971 0.977863 -0.277972
31100.000000 3.663732 28.469765 0.996264 -0.269959
31120.000000 3.646047 28.407149 1.013277 -0.261709
31140.000000 3.628668 28.346200 1.028985 -0.253239
31160.000000 3.611660 28.286989 1.043472 -0.244564
31180.000000 3.595080 28.229590 1.056824 -0.235698
31200.000000 3.578978 28.174071 1.069129 -0.226657
31220.000000 3.563397 28.120500 1.080471 -0.217452
31240.000000 3.548376 28.068940 1.090936 -0.208097
31260.000000 3.533949 28.019453 1.100606 -0.198603
31280.000000 3.520143 27.972099 1.109562 -0.188982
31300.000000 3.506983 27.926933 1.117880 -0.179243
31320.000000 3.494490 27.884009 1.125636 -0.169396
31340.000000 3.482681 27.843377 1.132898 -0.159451
31360.000000 3.471571 27.805085 1.139734 -0.149415
31380.000000 3.461172 27.769177 1.146205 -0.139298
31400.000000 3.451493 27.735696 1.152370 -0.129106
31420.000000 3.442544 27.704680 1.158283 -0.118846
31440.000000 3.434331 27.676166 1.163992 -0.108526
31460.000000 3.426860 27.650185 1.169543 -0.098151
31480.000000 3.420135 27.626769 1.174977 -0.087726
31500.000000 3.414159 27.605944 1.180331 -0.077258
31520.000000 3.408936 27.587735 1.185635 -0.066752
31540.000000 3.404469 27.572163 1.190917 -0.056212
31560.000000 3.400759 27.559246 1.196202 -0.045644
31580.000000 3.397808 27.549001 1.201508 -0.035051
31600.000000 3.395619 27.541440 1.206849 -0.024439
31620.000000 3.394191 27.536572 1.212238 -0.013812
31640.000000 3.393528 27.534405 1.217679 -0.003174
31660.000000 3.393629 27.534942 1.223176 0.007471
31680.000000 3.394497 27.538185 1.228728 0.018118
31700.000000 3.396133 27.544132 1.234328 0.028763
31720.000000 3.398537 27.552777 1.239967 0.039402
31740.000000 3.401711 27.564114 1.245632 0.050031
31760.000000 3.405657 27.578132 1.251305 0.060644
31780.000000 3.410374 27.594817 1.256966 0.071238
31800.000000 3.415863 27.614152 1.262589 0.081807
31820.000000 3.422125 27.636118 1.268145 0.092347
31840.000000 3.429159 27.660693 1.273603 0.102853
31860.000000 3.436965 27.687852 1.278926 0.113319
31880.000000 3.445541 27.717565 1.284074 0.123741
31900.000000 3.454887 27.749803 1.289003 0.134113
31920.000000 3.464999 27.784530 1.293668 0.144430
31940.000000 3.475874 27.821711 1.298016 0.154685
31960.000000 3.487509 27.861306 1.301995 0.164874
31980.000000 3.499898 27.903273 1.305548 0.174990
