0.000000 3.988739 196.004659 0.626998 -0.740377
20.000000 3.962959 195.845457 0.718244 -0.738595
40.000000 3.931029 195.685399 0.803458 -0.736304
60.000000 3.893790 195.524339 0.881950 -0.733537
80.000000 3.852140 195.362161 0.953237 -0.730330
100.000000 3.806967 195.198771 1.017030 -0.726722
120.000000 3.759117 195.034102 1.073210 -0.722752
140.000000 3.709355 194.868112 1.121804 -0.718459
160.000000 3.658350 194.700780 1.162958 -0.713878
180.000000 3.606675 194.532104 1.196912 -0.709042
200.000000 3.554806 194.362098 1.223972 -0.703981
220.000000 3.503133 194.190790 1.244490 -0.698724
240.000000 3.451974 194.018220 1.258847 -0.693297
260.000000 3.401585 193.844436 1.267434 -0.687724
280.000000 3.352169 193.669493 1.270643 -0.682028
300.000000 3.303893 193.493451 1.268859 -0.676232
320.000000 3.256887 193.316376 1.262455 -0.670356
340.000000 3.211258 193.138335 1.251784 -0.664420
360.000000 3.167089 192.959402 1.237185 -0.658446
380.000000 3.124447 192.779647 1.218974 -0.652452
400.000000 3.083385 192.599145 1.197451 -0.646460
420.000000 3.043944 192.417971 1.172897 -0.640489
440.000000 3.006156 192.236198 1.145575 -0.634559
460.000000 2.970043 192.053899 1.115734 -0.628691
480.000000 2.935622 191.871144 1.083603 -0.622906
500.000000 2.902904 191.688002 1.049401 -0.617223
520.000000 2.871896 191.504538 1.013329 -0.611665
540.000000 2.842598 191.320814 0.975578 -0.606252
560.000000 2.815011 191.136888 0.936324 -0.601004
580.000000 2.789128 190.952811 0.895731 -0.595941
600.000000 2.764941 190.768633 0.853951 -0.591084
620.000000 2.742440 190.584396 0.811124 -0.586452
640.000000 2.721612 190.400137 0.767379 -0.582063
660.000000 2.702441 190.215886 0.722837 -0.577933
680.000000 2.684909 190.031670 0.677605 -0.574080
700.000000 2.668998 189.847508 0.631786 -0.570517
720.000000 2.654687 189.663415 0.585470 -0.567258
740.000000 2.641955 189.479398 0.538743 -0.564315
760.000000 2.630780 189.295463 0.491684 -0.561698
780.000000 2.621139 189.111607 0.444366 -0.559415
800.000000 2.613010 188.927826 0.396857 -0.557473
820.000000 2.606370 188.744111 0.349223 -0.555877
840.000000 2.601198 188.560450 0.301525 -0.554631
860.000000 2.597473 188.376827 0.253824 -0.553736
880.000000 2.595176 188.193228 0.206176 -0.553192
900.000000 2.594288 188.009633 0.158640 -0.552998
920.000000 2.594791 187.826025 0.111272 -0.553150
940.000000 2.596670 187.642385 0.064129 -0.553644
960.000000 2.599910 187.458698 0.017267 -0.554473
980.000000 2.604497 187.274945 -0.029255 -0.555631
1000.000000 2.610419 187.091115 -0.075379 -0.557107
1020.000000 2.617662 186.907194 -0.121044 -0.558893
1040.000000 2.626217 186.723175 -0.166187 -0.560977
1060.000000 2.636072 186.539052 -0.210743 -0.563347
1080.000000 2.647215 186.354825 -0.254645 -0.565990
1100.000000 2.659636 186.170494 -0.297823 -0.568891
1120.000000 2.673324 185.986066 -0.340201 -0.572036
1140.000000 2.688268 185.801552 -0.381704 -0.575410
1160.000000 2.704454 185.616967 -0.422248 -0.578997
1180.000000 2.721871 185.432328 -0.461747 -0.582781
1200.000000 2.740506 185.247659 -0.500110 -0.586745
1220.000000 2.760348 185.062987 -0.537242 -0.590875
1240.000000 2.781384 184.878342 -0.573040 -0.595154
1260.000000 2.803604 184.693758 -0.607399 -0.599567
1280.000000 2.826997 184.509272 -0.640205 -0.604099
1300.000000 2.851556 184.324925 -0.671341 -0.608735
1320.000000 2.877277 184.140761 -0.700681 -0.613463
1340.000000 2.904156 183.956824 -0.728095 -0.618270
1360.000000 2.932197 183.773165 -0.753443 -0.623144
1380.000000 2.961406 183.589833 -0.776580 -0.628075
1400.000000 2.991794 183.406881 -0.797349 -0.633054
1420.000000 3.023378 183.224364 -0.815587 -0.638072
1440.000000 3.056178 183.042340 -0.831117 -0.643122
1460.000000 3.090223 182.860867 -0.843751 -0.648197
1480.000000 3.125542 182.680006 -0.853288 -0.653290
1500.000000 3.162169 182.499818 -0.859509 -0.658395
1520.000000 3.200139 182.320370 -0.862180 -0.663507
1540.000000 3.239486 182.141725 -0.861049 -0.668619
1560.000000 3.280238 181.963952 -0.855841 -0.673724
1580.000000 3.322413 181.787119 -0.846266 -0.678814
1600.000000 3.366010 181.611295 -0.832011 -0.683880
1620.000000 3.411004 181.436550 -0.812747 -0.688909
1640.000000 3.457331 181.262949 -0.788134 -0.693886
1660.000000 3.504876 181.090558 -0.757822 -0.698795
1680.000000 3.553457 180.919435 -0.721471 -0.703614
1700.000000 3.602809 180.749630 -0.678757 -0.708318
1720.000000 3.652567 180.581181 -0.629394 -0.712876
1740.000000 3.702252 180.414111 -0.573159 -0.717257
1760.000000 3.751259 180.248424 -0.509915 -0.721421
1780.000000 3.798863 180.084096 -0.439649 -0.725328
1800.000000 3.844225 179.921080 -0.362497 -0.728936
1820.000000 3.886425 179.759297 -0.278779 -0.732200
1840.000000 3.924495 179.598637 -0.189025 -0.735078
1860.000000 3.957475 179.438959 -0.093992 -0.737531
1880.000000 3.984467 179.280093 0.005338 -0.739524
1900.000000 4.004695 179.121845 0.107778 -0.741026
1920.000000 4.017552 178.964003 0.211975 -0.742013
1940.000000 4.022644 178.806341 0.316476 -0.742466
1960.000000 4.019813 178.648634 0.419805 -0.742371
1980.000000 4.009152 178.490658 0.520539 -0.741725
2000.000000 3.990994 178.332205 0.617377 -0.740530
2020.000000 3.965886 178.173082 0.709191 -0.738801
2040.000000 3.934547 178.013118 0.795056 -0.736560
2060.000000 3.897810 177.852167 0.874260 -0.733840
2080.000000 3.856568 177.690107 0.946299 -0.730676
2100.000000 3.811715 177.526844 1.010865 -0.727107
2120.000000 3.764102 177.362308 1.067824 -0.723173
2140.000000 3.714502 177.196455 1.117187 -0.718911
2160.000000 3.663597 177.029260 1.159092 -0.714358
2180.000000 3.611967 176.860720 1.193767 -0.709546
2200.000000 3.560098 176.690849 1.221515 -0.704507
2220.000000 3.508390 176.519673 1.242684 -0.699269
2240.000000 3.457166 176.347230 1.257652 -0.693858
2260.000000 3.406688 176.173567 1.266810 -0.688299
2280.000000 3.357165 175.998740 1.270551 -0.682615
2300.000000 3.308765 175.822807 1.269259 -0.676827
2320.000000 3.261625 175.645834 1.263310 -0.670958
2340.000000 3.215851 175.467889 1.253059 -0.665028
2360.000000 3.171529 175.289043 1.238846 -0.659057
2380.000000 3.128729 175.109369 1.220990 -0.653065
2400.000000 3.087504 174.928940 1.199792 -0.647071
2420.000000 3.047896 174.747831 1.175535 -0.641097
2440.000000 3.009937 174.566116 1.148484 -0.635162
2460.000000 2.973652 174.383867 1.118889 -0.629287
2480.000000 2.939058 174.201155 1.086982 -0.623492
2500.000000 2.906166 174.018050 1.052981 -0.617798
2520.000000 2.874983 173.834616 1.017092 -0.612226
2540.000000 2.845511 173.650916 0.979504 -0.606797
2560.000000 2.817749 173.467008 0.940396 -0.601531
2580.000000 2.791692 173.282945 0.899932 -0.596449
2600.000000 2.767333 173.098775 0.858266 -0.591570
2620.000000 2.744661 172.914542 0.815540 -0.586914
2640.000000 2.723662 172.730283 0.771884 -0.582499
2660.000000 2.704323 172.546030 0.727418 -0.578342
2680.000000 2.686624 172.361810 0.682252 -0.574460
2700.000000 2.670549 172.177642 0.636488 -0.570867
2720.000000 2.656076 171.993541 0.590219 -0.567576
2740.000000 2.643184 171.809516 0.543530 -0.564601
2760.000000 2.631850 171.625572 0.496501 -0.561950
2780.000000 2.622054 171.441709 0.449206 -0.559632
2800.000000 2.613771 171.257921 0.401714 -0.557655
2820.000000 2.606980 171.074199 0.354090 -0.556024
2840.000000 2.601659 170.890533 0.306396 -0.554742
2860.000000 2.597788 170.706907 0.258692 -0.553811
2880.000000 2.595345 170.523306 0.211037 -0.553231
2900.000000 2.594314 170.339712 0.163487 -0.553002
2920.000000 2.594676 170.156106 0.116099 -0.553119
2940.000000 2.596416 169.972470 0.068930 -0.553578
2960.000000 2.599518 169.788788 0.022037 -0.554373
2980.000000 2.603968 169.605043 -0.024523 -0.555498
3000.000000 2.609753 169.421221 -0.070690 -0.556942
3020.000000 2.616863 169.237310 -0.116404 -0.558697
3040.000000 2.625284 169.053302 -0.161604 -0.560751
3060.000000 2.635006 168.869190 -0.206223 -0.563093
3080.000000 2.646019 168.684973 -0.250195 -0.565708
3100.000000 2.658310 168.500652 -0.293450 -0.568583
3120.000000 2.671869 168.316234 -0.335914 -0.571704
3140.000000 2.686685 168.131728 -0.377509 -0.575055
3160.000000 2.702745 167.947149 -0.418155 -0.578621
3180.000000 2.720037 167.762515 -0.457765 -0.582386
3200.000000 2.738548 167.577848 -0.496248 -0.586333
3220.000000 2.758268 167.393175 -0.533510 -0.590446
3240.000000 2.779182 167.208526 -0.569449 -0.594711
3260.000000 2.801281 167.023934 -0.603960 -0.599111
3280.000000 2.824555 166.839436 -0.636930 -0.603631
3300.000000 2.848996 166.655073 -0.668242 -0.608257
3320.000000 2.874598 166.470888 -0.697772 -0.612976
3340.000000 2.901359 166.286926 -0.725389 -0.617776
3360.000000 2.929281 166.103236 -0.750954 -0.622643
3380.000000 2.958370 165.919868 -0.774324 -0.627569
3400.000000 2.988637 165.736875 -0.795342 -0.632544
3420.000000 3.020098 165.554311 -0.813846 -0.637559
3440.000000 3.052773 165.372234 -0.829661 -0.642605
3460.000000 3.086689 165.190702 -0.842600 -0.647678
3480.000000 3.121877 165.009775 -0.852462 -0.652769
3500.000000 3.158368 164.829516 -0.859032 -0.657873
3520.000000 3.196200 164.649989 -0.862077 -0.662985
3540.000000 3.235405 164.471259 -0.861346 -0.668097
3560.000000 3.276012 164.293394 -0.856568 -0.673203
3580.000000 3.318041 164.116462 -0.847453 -0.678296
3600.000000 3.361494 163.940532 -0.833690 -0.683364
3620.000000 3.406348 163.765673 -0.814954 -0.688397
3640.000000 3.452543 163.591953 -0.790902 -0.693381
3660.000000 3.499970 163.419435 -0.761188 -0.698298
3680.000000 3.548456 163.248180 -0.725469 -0.703127
3700.000000 3.597745 163.078239 -0.683418 -0.707844
3720.000000 3.647482 162.909650 -0.634746 -0.712419
3740.000000 3.697199 162.742439 -0.579220 -0.716819
3760.000000 3.746307 162.576611 -0.516695 -0.721007
3780.000000 3.794090 162.412146 -0.447142 -0.724942
3800.000000 3.839723 162.249000 -0.370681 -0.728582
3820.000000 3.882290 162.087095 -0.287613 -0.731883
3840.000000 3.920826 161.926326 -0.198445 -0.734803
3860.000000 3.954368 161.766555 -0.103910 -0.737301
3880.000000 3.982010 161.607615 -0.004967 -0.739343
3900.000000 4.002959 161.449314 0.097215 -0.740896
3920.000000 4.016591 161.291440 0.201298 -0.741936
3940.000000 4.022486 161.133771 0.305836 -0.742444
3960.000000 4.020464 160.976078 0.409351 -0.742406
3980.000000 4.010592 160.818140 0.510412 -0.741816
4000.000000 3.993178 160.659745 0.607703 -0.740677
4020.000000 3.968749 160.500698 0.700076 -0.739001
4040.000000 3.938008 160.340827 0.786585 -0.736812
4060.000000 3.901782 160.179982 0.866495 -0.734139
4080.000000 3.860959 160.018041 0.939283 -0.731018
4100.000000 3.816435 159.854904 1.004621 -0.727489
4120.000000 3.769067 159.690501 1.062358 -0.723590
4140.000000 3.719637 159.524783 1.112493 -0.719360
4160.000000 3.668836 159.357726 1.155149 -0.714835
4180.000000 3.617256 159.189323 1.190550 -0.710048
4200.000000 3.565393 159.019587 1.218990 -0.705031
4220.000000 3.513652 158.848542 1.240814 -0.699812
4240.000000 3.462365 158.676227 1.256397 -0.694417
4260.000000 3.411800 158.502686 1.266130 -0.688872
4280.000000 3.362172 158.327975 1.270406 -0.683200
4300.000000 3.313651 158.152152 1.269611 -0.677422
4320.000000 3.266376 157.975282 1.264120 -0.671561
4340.000000 3.220459 157.797433 1.254293 -0.665636
4360.000000 3.175985 157.618676 1.240469 -0.659668
4380.000000 3.133027 157.439083 1.222971 -0.653677
4400.000000 3.091639 157.258728 1.202101 -0.647683
4420.000000 3.051864 157.077685 1.178144 -0.641705
4440.000000 3.013736 156.896028 1.151367 -0.635766
4460.000000 2.977279 156.713831 1.122020 -0.629883
4480.000000 2.942512 156.531163 1.090339 -0.624079
4500.000000 2.909446 156.348095 1.056543 -0.618374
4520.000000 2.878088 156.164691 1.020837 -0.612789
4540.000000 2.848442 155.981016 0.983414 -0.607344
4560.000000 2.820505 155.797126 0.944453 -0.602061
4580.000000 2.794275 155.613077 0.904121 -0.596959
4600.000000 2.769742 155.428916 0.862571 -0.592058
4620.000000 2.746898 155.244687 0.819947 -0.587379
4640.000000 2.725730 155.060430 0.776380 -0.582938
4660.000000 2.706221 154.876175 0.731991 -0.578754
4680.000000 2.688357 154.691950 0.686892 -0.574843
4700.000000 2.672116 154.507776 0.641185 -0.571220
4720.000000 2.657481 154.323667 0.594963 -0.567898
4740.000000 2.644428 154.139635 0.548314 -0.564890
4760.000000 2.632937 153.955683 0.501316 -0.562205
4780.000000 2.622984 153.771811 0.454045 -0.559853
4800.000000 2.614548 153.588016 0.406570 -0.557841
4820.000000 2.607605 153.404288 0.358956 -0.556175
4840.000000 2.602135 153.220617 0.311267 -0.554857
4860.000000 2.598117 153.036988 0.263561 -0.553890
4880.000000 2.595530 152.853385 0.215898 -0.553275
4900.000000 2.594355 152.669790 0.168335 -0.553009
4920.000000 2.594576 152.486187 0.120928 -0.553091
4940.000000 2.596176 152.302555 0.073734 -0.553515
4960.000000 2.599139 152.118878 0.026810 -0.554277
4980.000000 2.603452 151.935140 -0.019786 -0.555368
5000.000000 2.609102 151.751327 -0.065996 -0.556780
5020.000000 2.616077 151.567425 -0.111760 -0.558504
5040.000000 2.624364 151.383427 -0.157014 -0.560528
5060.000000 2.633954 151.199326 -0.201696 -0.562841
5080.000000 2.644836 151.015120 -0.245737 -0.565429
5100.000000 2.656997 150.830809 -0.289069 -0.568278
5120.000000 2.670427 150.646401 -0.331617 -0.571375
5140.000000 2.685115 150.461904 -0.373305 -0.574703
5160.000000 2.701048 150.277331 -0.414051 -0.578248
5180.000000 2.718215 150.092702 -0.453771 -0.581993
5200.000000 2.736603 149.908037 -0.492374 -0.585922
5220.000000 2.756199 149.723363 -0.529765 -0.590019
5240.000000 2.776993 149.538710 -0.565844 -0.594269
5260.000000 2.798971 149.354110 -0.600506 -0.598656
5280.000000 2.822125 149.169601 -0.633638 -0.603164
5300.000000 2.846447 148.985223 -0.665125 -0.607780
5320.000000 2.871931 148.801017 -0.694843 -0.612491
5340.000000 2.898573 148.617030 -0.722661 -0.617282
5360.000000 2.926377 148.433310 -0.748442 -0.622144
5380.000000 2.955347 148.249907 -0.772043 -0.627064
5400.000000 2.985493 148.066873 -0.793309 -0.632034
5420.000000 3.016831 147.884263 -0.812077 -0.637045
5440.000000 3.049381 147.702134 -0.828175 -0.642089
5460.000000 3.083169 147.520543 -0.841416 -0.647159
5480.000000 3.118225 147.339552 -0.851602 -0.652249
5500.000000 3.154582 147.159222 -0.858519 -0.657352
5520.000000 3.192275 146.979617 -0.861935 -0.662463
5540.000000 3.231339 146.800803 -0.861602 -0.667575
5560.000000 3.271802 146.622846 -0.857250 -0.672683
5580.000000 3.313685 146.445816 -0.848591 -0.677777
5600.000000 3.356993 146.269780 -0.835318 -0.682848
5620.000000 3.401706 146.094809 -0.817104 -0.687885
5640.000000 3.447768 145.920969 -0.793611 -0.692875
5660.000000 3.495076 145.748326 -0.764491 -0.697800
5680.000000 3.543464 145.576940 -0.729401 -0.702639
5700.000000 3.592686 145.406862 -0.688010 -0.707368
5720.000000 3.642396 145.238134 -0.640026 -0.711959
5740.000000 3.692140 145.070782 -0.585208 -0.716378
5760.000000 3.741341 144.904813 -0.523401 -0.720590
5780.000000 3.789296 144.740210 -0.454563 -0.724553
5800.000000 3.835189 144.576932 -0.378797 -0.728225
5820.000000 3.878112 144.414905 -0.296384 -0.731563
5840.000000 3.917104 144.254026 -0.207809 -0.734524
5860.000000 3.951199 144.094160 -0.113781 -0.737067
5880.000000 3.979482 143.935144 -0.015238 -0.739156
5900.000000 4.001147 143.776787 0.086672 -0.740761
5920.000000 4.015548 143.618880 0.190626 -0.741854
5940.000000 4.022246 143.461200 0.295185 -0.742417
5960.000000 4.021034 143.303520 0.398872 -0.742435
5980.000000 4.011952 143.145617 0.500246 -0.741901
6000.000000 3.995287 142.987277 0.597978 -0.740818
6020.000000 3.971545 142.828305 0.690900 -0.739196
6040.000000 3.941413 142.668526 0.778045 -0.737058
6060.000000 3.905706 142.507787 0.858656 -0.734433
6080.000000 3.865311 142.345962 0.932189 -0.731356
6100.000000 3.821125 142.182951 0.998298 -0.727867
6120.000000 3.774010 142.018680 1.056813 -0.724004
6140.000000 3.724757 141.853098 1.107720 -0.719806
6160.000000 3.674067 141.686178 1.151131 -0.715310
6180.000000 3.622543 141.517912 1.187260 -0.710548
6200.000000 3.570688 141.348311 1.216396 -0.705553
6220.000000 3.518918 141.177399 1.238878 -0.700353
6240.000000 3.467572 141.005211 1.255081 -0.694975
6260.000000 3.416923 140.831793 1.265393 -0.689445
6280.000000 3.367190 140.657198 1.270208 -0.683784
6300.000000 3.318549 140.481486 1.269913 -0.678016
6320.000000 3.271142 140.304720 1.264886 -0.672162
6340.000000 3.225082 140.126968 1.255485 -0.666243
6360.000000 3.180457 139.948300 1.242054 -0.660279
6380.000000 3.137342 139.768789 1.224917 -0.654289
6400.000000 3.095791 139.588509 1.204378 -0.648294
6420.000000 3.055850 139.407533 1.180723 -0.642314
6440.000000 3.017552 139.225935 1.154222 -0.636370
6460.000000 2.980924 139.043789 1.125127 -0.630481
6480.000000 2.945984 138.861166 1.093674 -0.624668
6500.000000 2.912743 138.678136 1.060084 -0.618951
6520.000000 2.881211 138.494764 1.024564 -0.613353
6540.000000 2.851390 138.311113 0.987308 -0.607893
6560.000000 2.823279 138.127243 0.948497 -0.602592
6580.000000 2.796875 137.943208 0.908297 -0.597471
6600.000000 2.772170 137.759056 0.866865 -0.592549
6620.000000 2.749154 137.574833 0.824344 -0.587846
6640.000000 2.727815 137.390576 0.780867 -0.583380
6660.000000 2.708138 137.206320 0.736557 -0.579169
6680.000000 2.690106 137.022091 0.691526 -0.575230
6700.000000 2.673700 136.837911 0.645876 -0.571576
6720.000000 2.658902 136.653795 0.599703 -0.568223
6740.000000 2.645689 136.469755 0.553093 -0.565182
6760.000000 2.634039 136.285794 0.506128 -0.562464
6780.000000 2.623930 136.101915 0.458882 -0.560078
6800.000000 2.615340 135.918112 0.411424 -0.558031
6820.000000 2.608246 135.734378 0.363822 -0.556329
6840.000000 2.602627 135.550701 0.316137 -0.554975
6860.000000 2.598461 135.367068 0.268431 -0.553973
6880.000000 2.595729 135.183464 0.220761 -0.553321
6900.000000 2.594411 134.999869 0.173185 -0.553020
6920.000000 2.594490 134.816267 0.125759 -0.553067
6940.000000 2.595950 134.632639 0.078541 -0.553456
6960.000000 2.598774 134.448968 0.031587 -0.554184
6980.000000 2.602950 134.265237 -0.015046 -0.555242
7000.000000 2.608464 134.081432 -0.061298 -0.556622
7020.000000 2.615304 133.897540 -0.107110 -0.558314
7040.000000 2.623458 133.713552 -0.152419 -0.560308
7060.000000 2.632916 133.529461 -0.197163 -0.562592
7080.000000 2.643666 133.345265 -0.241272 -0.565152
7100.000000 2.655697 133.160966 -0.284680 -0.567976
7120.000000 2.668998 132.976567 -0.327311 -0.571048
7140.000000 2.683558 132.792078 -0.369090 -0.574353
7160.000000 2.699365 132.607513 -0.409937 -0.577876
7180.000000 2.716406 132.422888 -0.449765 -0.581602
7200.000000 2.734670 132.238226 -0.488486 -0.585513
7220.000000 2.754144 132.053552 -0.526006 -0.589594
7240.000000 2.774815 131.868895 -0.562224 -0.593829
7260.000000 2.796673 131.684288 -0.597035 -0.598202
7280.000000 2.819708 131.499768 -0.630329 -0.602699
7300.000000 2.843911 131.315374 -0.661990 -0.607305
7320.000000 2.869276 131.131149 -0.691893 -0.612006
7340.000000 2.895800 130.947138 -0.719912 -0.616790
7360.000000 2.923485 130.763388 -0.745908 -0.621644
7380.000000 2.952335 130.579950 -0.769738 -0.626559
7400.000000 2.982361 130.396876 -0.791249 -0.631525
7420.000000 3.013576 130.214220 -0.810280 -0.636532
7440.000000 3.046001 130.032039 -0.826659 -0.641573
7460.000000 3.079662 129.850391 -0.840201 -0.646640
7480.000000 3.114587 129.669336 -0.850709 -0.651728
7500.000000 3.150810 129.488935 -0.857969 -0.656830
7520.000000 3.188365 129.309253 -0.861754 -0.661941
7540.000000 3.227287 129.130355 -0.861815 -0.667054
7560.000000 3.267606 128.952308 -0.857886 -0.672162
7580.000000 3.309344 128.775180 -0.849681 -0.677257
7600.000000 3.352507 128.599040 -0.836894 -0.682332
7620.000000 3.397078 128.423957 -0.819200 -0.687373
7640.000000 3.443006 128.249998 -0.796262 -0.692368
7660.000000 3.490194 128.077230 -0.767732 -0.697300
7680.000000 3.538481 127.905713 -0.733267 -0.702149
7700.000000 3.587631 127.735499 -0.692534 -0.706891
7720.000000 3.637311 127.566632 -0.645234 -0.711497
7740.000000 3.687076 127.399139 -0.591123 -0.715936
7760.000000 3.736362 127.233029 -0.530033 -0.720171
7780.000000 3.784480 127.068288 -0.461911 -0.724161
7800.000000 3.830624 126.904878 -0.386843 -0.727865
7820.000000 3.873894 126.742727 -0.305090 -0.731239
7840.000000 3.913332 126.581737 -0.217116 -0.734240
7860.000000 3.947970 126.421775 -0.123605 -0.736827
7880.000000 3.976886 126.262680 -0.025474 -0.738964
7900.000000 3.999258 126.104264 0.076151 -0.740620
7920.000000 4.014425 125.946321 0.179960 -0.741767
7940.000000 4.021923 125.788629 0.284526 -0.742385
7960.000000 4.021521 125.630959 0.388369 -0.742459
7980.000000 4.013234 125.473089 0.490043 -0.741981
8000.000000 3.997323 125.314803 0.588202 -0.740953
8020.000000 3.974275 125.155904 0.681664 -0.739386
8040.000000 3.944759 124.996215 0.769436 -0.737299
8060.000000 3.909582 124.835580 0.850743 -0.734722
8080.000000 3.869624 124.673871 0.925018 -0.731690
8100.000000 3.825784 124.510985 0.991895 -0.728241
8120.000000 3.778930 124.346845 1.051188 -0.724415
8140.000000 3.729862 124.181399 1.102869 -0.720249
8160.000000 3.679290 124.014616 1.147037 -0.715781
8180.000000 3.627826 123.846488 1.183898 -0.711045
8200.000000 3.575985 123.677022 1.213732 -0.706073
8220.000000 3.524190 123.506242 1.236877 -0.700893
8240.000000 3.472787 123.334182 1.253703 -0.695532
8260.000000 3.422055 123.160888 1.264599 -0.690016
8280.000000 3.372220 122.986411 1.269957 -0.684367
8300.000000 3.323461 122.810810 1.270167 -0.678610
8320.000000 3.275922 122.634148 1.265605 -0.672763
8340.000000 3.229720 122.456493 1.256635 -0.666850
8360.000000 3.184945 122.277916 1.243601 -0.660889
8380.000000 3.141673 122.098488 1.226827 -0.654901
8400.000000 3.099960 121.918282 1.206622 -0.648906
8420.000000 3.059853 121.737374 1.183273 -0.642924
8440.000000 3.021386 121.555836 1.157051 -0.636974
8460.000000 2.984587 121.373743 1.128210 -0.631079
8480.000000 2.949473 121.191166 1.096987 -0.625257
8500.000000 2.916059 121.008174 1.063605 -0.619530
8520.000000 2.884352 120.824834 1.028273 -0.613919
8540.000000 2.854356 120.641209 0.991186 -0.608443
8560.000000 2.826071 120.457358 0.952525 -0.603125
8580.000000 2.799492 120.273337 0.912460 -0.597985
8600.000000 2.774614 120.089195 0.871147 -0.593042
8620.000000 2.751426 119.904978 0.828731 -0.588316
8640.000000 2.729917 119.720723 0.785346 -0.583825
8660.000000 2.710071 119.536465 0.741116 -0.579587
8680.000000 2.691872 119.352233 0.696153 -0.575619
8700.000000 2.675301 119.168046 0.650562 -0.571936
8720.000000 2.660340 118.983924 0.604438 -0.568551
8740.000000 2.646966 118.799875 0.557870 -0.565478
8760.000000 2.635157 118.615907 0.510937 -0.562727
8780.000000 2.624892 118.432019 0.463716 -0.560306
8800.000000 2.616148 118.248208 0.416277 -0.558224
8820.000000 2.608903 118.064468 0.368687 -0.556487
8840.000000 2.603134 117.880786 0.321008 -0.555098
8860.000000 2.598821 117.697149 0.273300 -0.554059
8880.000000 2.595943 117.513543 0.225624 -0.553372
8900.000000 2.594481 117.329948 0.178036 -0.553035
8920.000000 2.594418 117.146347 0.130592 -0.553046
8940.000000 2.595738 116.962723 0.083350 -0.553401
8960.000000 2.598424 116.779057 0.036367 -0.554094
8980.000000 2.602462 116.595333 -0.010301 -0.555119
9000.000000 2.607840 116.411536 -0.056595 -0.556466
9020.000000 2.614545 116.227653 -0.102455 -0.558127
9040.000000 2.622566 116.043675 -0.147818 -0.560091
9060.000000 2.631891 115.859595 -0.192622 -0.562346
9080.000000 2.642509 115.675410 -0.236800 -0.564879
9100.000000 2.654410 115.491121 -0.280282 -0.567676
9120.000000 2.667582 115.306732 -0.322996 -0.570723
9140.000000 2.682014 115.122252 -0.364866 -0.574005
9160.000000 2.697694 114.937693 -0.405812 -0.577507
9180.000000 2.714610 114.753074 -0.445748 -0.581213
9200.000000 2.732750 114.568415 -0.484587 -0.585105
9220.000000 2.752100 114.383740 -0.522233 -0.589170
9240.000000 2.772650 114.199080 -0.558589 -0.593390
9260.000000 2.794388 114.014467 -0.593549 -0.597750
9280.000000 2.817303 113.829936 -0.627003 -0.602234
9300.000000 2.841386 113.645528 -0.658836 -0.606830
9320.000000 2.866633 113.461283 -0.688925 -0.611522
9340.000000 2.893039 113.277248 -0.717141 -0.616298
9360.000000 2.920605 113.093469 -0.743350 -0.621146
9380.000000 2.949336 112.909997 -0.767408 -0.626055
9400.000000 2.979241 112.726883 -0.789164 -0.631016
9420.000000 3.010334 112.544182 -0.808456 -0.636019
9440.000000 3.042635 112.361950 -0.825114 -0.641057
9460.000000 3.076168 112.180245 -0.838954 -0.646122
9480.000000 3.110962 111.999126 -0.849781 -0.651208
9500.000000 3.147051 111.818656 -0.857383 -0.656309
9520.000000 3.184468 111.638898 -0.861534 -0.661419
9540.000000 3.223249 111.459917 -0.861987 -0.666532
9560.000000 3.263425 111.281779 -0.858478 -0.671641
9580.000000 3.305017 111.104554 -0.850724 -0.676738
9600.000000 3.348035 110.928310 -0.838419 -0.681815
9620.000000 3.392464 110.753116 -0.821241 -0.686860
9640.000000 3.438257 110.579040 -0.798854 -0.691861
9660.000000 3.485322 110.406147 -0.770911 -0.696800
9680.000000 3.533507 110.234500 -0.737067 -0.701659
9700.000000 3.582583 110.064151 -0.696989 -0.706413
9720.000000 3.632226 109.895144 -0.650372 -0.711034
9740.000000 3.682007 109.727510 -0.596965 -0.715492
9760.000000 3.731371 109.561259 -0.536593 -0.719749
9780.000000 3.779643 109.396380 -0.469187 -0.723766
9800.000000 3.826029 109.232837 -0.394819 -0.727501
9820.000000 3.869635 109.070562 -0.313731 -0.730911
9840.000000 3.909509 108.909458 -0.226364 -0.733952
9860.000000 3.944681 108.749398 -0.133381 -0.736583
9880.000000 3.974221 108.590222 -0.035673 -0.738768
9900.000000 3.997295 108.431747 0.065652 -0.740474
9920.000000 4.013222 108.273766 0.169303 -0.741674
9940.000000 4.021518 108.116058 0.273858 -0.742346
9960.000000 4.021926 107.958397 0.377843 -0.742476
9980.000000 4.014436 107.800557 0.479802 -0.742055
10000.000000 3.999285 107.642323 0.578378 -0.741083
10020.000000 3.976937 107.483495 0.672367 -0.739570
10040.000000 3.948046 107.323894 0.760760 -0.737535
10060.000000 3.913408 107.163362 0.842757 -0.735007
10080.000000 3.873896 107.001768 0.917769 -0.732019
10100.000000 3.830412 106.839006 0.985413 -0.728611
10120.000000 3.783828 106.674997 1.045485 -0.724821
10140.000000 3.734952 106.509685 1.097940 -0.720689
10160.000000 3.684504 106.343040 1.142867 -0.716250
10180.000000 3.633106 106.175049 1.180462 -0.711540
10200.000000 3.581282 106.005719 1.210999 -0.706590
10220.000000 3.529465 105.835072 1.234810 -0.701430
10240.000000 3.478008 105.663141 1.252264 -0.696087
10260.000000 3.427197 105.489970 1.263747 -0.690585
10280.000000 3.377261 105.315611 1.269652 -0.684949
10300.000000 3.328385 105.140122 1.270370 -0.679202
10320.000000 3.280716 104.963566 1.266279 -0.673364
10340.000000 3.234373 104.786009 1.257743 -0.667456
10360.000000 3.189449 104.607523 1.245108 -0.661499
10380.000000 3.146020 104.428178 1.228702 -0.655513
10400.000000 3.104146 104.248048 1.208834 -0.649518
10420.000000 3.063873 104.067208 1.185793 -0.643533
10440.000000 3.025238 103.885732 1.159852 -0.637580
10460.000000 2.988267 103.703692 1.131267 -0.631678
10480.000000 2.952980 103.521161 1.100277 -0.625847
10500.000000 2.919392 103.338208 1.067106 -0.620110
10520.000000 2.887511 103.154900 1.031964 -0.614486
10540.000000 2.857340 102.971302 0.995048 -0.608996
10560.000000 2.828880 102.787472 0.956539 -0.603661
10580.000000 2.802128 102.603466 0.916610 -0.598501
10600.000000 2.777076 102.419334 0.875418 -0.593537
10620.000000 2.753717 102.235122 0.833108 -0.588788
10640.000000 2.732036 102.050870 0.789816 -0.584272
10660.000000 2.712021 101.866611 0.745667 -0.580008
10680.000000 2.693655 101.682375 0.700774 -0.576011
10700.000000 2.676919 101.498183 0.655243 -0.572298
10720.000000 2.661794 101.314053 0.609169 -0.568883
10740.000000 2.648259 101.129997 0.562642 -0.565777
10760.000000 2.636292 100.946020 0.515743 -0.562992
10780.000000 2.625870 100.762124 0.468548 -0.560538
10800.000000 2.616972 100.578306 0.421128 -0.558421
10820.000000 2.609574 100.394558 0.373550 -0.556648
10840.000000 2.603656 100.210871 0.325878 -0.555223
10860.000000 2.599195 100.027231 0.278171 -0.554149
10880.000000 2.596171 99.843622 0.230489 -0.553426
10900.000000 2.594566 99.660027 0.182889 -0.553053
10920.000000 2.594361 99.476428 0.135428 -0.553029
10940.000000 2.595540 99.292806 0.088163 -0.553349
10960.000000 2.598087 99.109145 0.041150 -0.554008
10980.000000 2.601988 98.925428 -0.005553 -0.554999
11000.000000 2.607230 98.741639 -0.051888 -0.556314
11020.000000 2.613800 98.557765 -0.097794 -0.557944
11040.000000 2.621687 98.373797 -0.143212 -0.559877
11060.000000 2.630879 98.189728 -0.188076 -0.562103
11080.000000 2.641366 98.005554 -0.232321 -0.564608
11100.000000 2.653137 97.821275 -0.275877 -0.567379
11120.000000 2.666180 97.636896 -0.318673 -0.570401
11140.000000 2.680483 97.452425 -0.360633 -0.573660
11160.000000 2.696037 97.267874 -0.401676 -0.577140
11180.000000 2.712827 97.083260 -0.441720 -0.580825
11200.000000 2.730842 96.898603 -0.480674 -0.584700
11220.000000 2.750070 96.713929 -0.518447 -0.588747
11240.000000 2.770498 96.529266 -0.554939 -0.592952
11260.000000 2.792114 96.344646 -0.590046 -0.597299
11280.000000 2.814909 96.160106 -0.623660 -0.601771
11300.000000 2.838874 95.975683 -0.655663 -0.606356
11320.000000 2.864002 95.791419 -0.685936 -0.611039
11340.000000 2.890290 95.607361 -0.714350 -0.615807
11360.000000 2.917738 95.423553 -0.740771 -0.620648
11380.000000 2.946349 95.240048 -0.765055 -0.625551
11400.000000 2.976134 95.056895 -0.787053 -0.630507
11420.000000 3.007105 94.874149 -0.806604 -0.635506
11440.000000 3.039281 94.691867 -0.823539 -0.640541
11460.000000 3.072687 94.510105 -0.837676 -0.645604
11480.000000 3.107351 94.328923 -0.848820 -0.650688
11500.000000 3.143306 94.148384 -0.856761 -0.655788
11520.000000 3.180586 93.968550 -0.861275 -0.660897
11540.000000 3.219227 93.789487 -0.862118 -0.666010
11560.000000 3.259258 93.611260 -0.859026 -0.671119
11580.000000 3.300705 93.433939 -0.851719 -0.676218
11600.000000 3.343578 93.257591 -0.839893 -0.681298
11620.000000 3.387864 93.082287 -0.823228 -0.686347
11640.000000 3.433522 92.908093 -0.801388 -0.691353
11660.000000 3.480463 92.735077 -0.774029 -0.696299
11680.000000 3.528542 92.563300 -0.740803 -0.701167
11700.000000 3.577540 92.392816 -0.701375 -0.705933
11720.000000 3.627144 92.223671 -0.655439 -0.710569
11740.000000 3.676933 92.055896 -0.602735 -0.715045
11760.000000 3.726369 91.889504 -0.543079 -0.719324
11780.000000 3.774787 91.724486 -0.476391 -0.723368
11800.000000 3.821405 91.560809 -0.402726 -0.727134
11820.000000 3.865338 91.398408 -0.322307 -0.730579
11840.000000 3.905638 91.237190 -0.235554 -0.733660
11860.000000 3.941333 91.077030 -0.143108 -0.736334
11880.000000 3.971488 90.917773 -0.045835 -0.738566
11900.000000 3.995257 90.759235 0.055178 -0.740322
11920.000000 4.011940 90.601213 0.158654 -0.741575
11940.000000 4.021030 90.443488 0.263185 -0.742302
11960.000000 4.022248 90.285832 0.367295 -0.742488
11980.000000 4.015557 90.128021 0.469526 -0.742124
12000.000000 4.001171 89.969837 0.568505 -0.741208
12020.000000 3.979531 89.811078 0.663013 -0.739749
12040.000000 3.951273 89.651563 0.752017 -0.737766
12060.000000 3.917182 89.491132 0.834697 -0.735286
12080.000000 3.878128 89.329652 0.910444 -0.732344
12100.000000 3.835008 89.167014 0.978852 -0.728977
12120.000000 3.788702 89.003135 1.039701 -0.725225
12140.000000 3.740025 88.837958 1.092932 -0.721125
12160.000000 3.689707 88.671450 1.138620 -0.716717
12180.000000 3.638381 88.503596 1.176952 -0.712033
12200.000000 3.586579 88.334402 1.208196 -0.707106
12220.000000 3.534744 88.163888 1.232677 -0.701966
12240.000000 3.483236 87.992086 1.250762 -0.696640
12260.000000 3.432348 87.819040 1.262837 -0.691153
12280.000000 3.382314 87.644800 1.269294 -0.685530
12300.000000 3.333322 87.469423 1.270524 -0.679793
12320.000000 3.285524 87.292973 1.266906 -0.673963
12340.000000 3.239040 87.115515 1.258808 -0.668062
12360.000000 3.193968 86.937120 1.246576 -0.662109
12380.000000 3.150383 86.757860 1.230541 -0.656125
12400.000000 3.108348 86.577807 1.211012 -0.650130
12420.000000 3.067910 86.397036 1.188283 -0.644143
12440.000000 3.029106 86.215621 1.162626 -0.638185
12460.000000 2.991964 86.033636 1.134300 -0.632277
12480.000000 2.956505 85.851151 1.103544 -0.626439
12500.000000 2.922743 85.668239 1.070586 -0.620691
12520.000000 2.890687 85.484964 1.035636 -0.615054
12540.000000 2.860342 85.301393 0.998892 -0.609549
12560.000000 2.831707 85.117584 0.960539 -0.604198
12580.000000 2.804781 84.933593 0.920747 -0.599019
12600.000000 2.779556 84.749472 0.879677 -0.594034
12620.000000 2.756024 84.565267 0.837475 -0.589262
12640.000000 2.734173 84.381017 0.794278 -0.584722
12660.000000 2.713989 84.196757 0.750210 -0.580431
12680.000000 2.695455 84.012517 0.705389 -0.576407
12700.000000 2.678553 83.828320 0.659918 -0.572664
12720.000000 2.663265 83.644183 0.613895 -0.569218
12740.000000 2.649568 83.460119 0.567411 -0.566080
12760.000000 2.637442 83.276134 0.520546 -0.563262
12780.000000 2.626864 83.092230 0.473378 -0.560773
12800.000000 2.617811 82.908404 0.425978 -0.558622
12820.000000 2.610261 82.724650 0.378413 -0.556813
12840.000000 2.604193 82.540957 0.330747 -0.555353
12860.000000 2.599584 82.357312 0.283041 -0.554242
12880.000000 2.596415 82.173701 0.235354 -0.553484
12900.000000 2.594665 81.990105 0.187743 -0.553075
12920.000000 2.594318 81.806507 0.140265 -0.553016
12940.000000 2.595357 81.622889 0.092978 -0.553301
12960.000000 2.597765 81.439233 0.045937 -0.553926
12980.000000 2.601528 81.255522 -0.000801 -0.554883
13000.000000 2.606634 81.071741 -0.047176 -0.556165
13020.000000 2.613069 80.887877 -0.093129 -0.557763
13040.000000 2.620822 80.703919 -0.138599 -0.559666
13060.000000 2.629881 80.519860 -0.183523 -0.561862
13080.000000 2.640237 80.335697 -0.227834 -0.564340
13100.000000 2.651877 80.151429 -0.271464 -0.567084
13120.000000 2.664790 79.967059 -0.314341 -0.570081
13140.000000 2.678966 79.782597 -0.356389 -0.573317
13160.000000 2.694392 79.598053 -0.397530 -0.576775
13180.000000 2.711056 79.413445 -0.437680 -0.580440
13200.000000 2.728947 79.228792 -0.476750 -0.584296
13220.000000 2.748051 79.044118 -0.514648 -0.588327
13240.000000 2.768357 78.859453 -0.551275 -0.592516
13260.000000 2.789853 78.674827 -0.586529 -0.596849
13280.000000 2.812528 78.490276 -0.620300 -0.601309
13300.000000 2.836374 78.305839 -0.652473 -0.605883
13320.000000 2.861384 78.121558 -0.682929 -0.610557
13340.000000 2.887553 77.937476 -0.711539 -0.615316
13360.000000 2.914882 77.753641 -0.738169 -0.620151
13380.000000 2.943375 77.570102 -0.762678 -0.625048
13400.000000 2.973039 77.386911 -0.784916 -0.629999
13420.000000 3.003888 77.204121 -0.804725 -0.634994
13440.000000 3.035940 77.021789 -0.821935 -0.640026
13460.000000 3.069219 76.839971 -0.836366 -0.645086
13480.000000 3.103754 76.658727 -0.847825 -0.650168
13500.000000 3.139575 76.478120 -0.856104 -0.655267
13520.000000 3.176718 76.298211 -0.860978 -0.660375
13540.000000 3.215218 76.119066 -0.862207 -0.665488
13560.000000 3.255107 75.940751 -0.859530 -0.670598
13580.000000 3.296409 75.763334 -0.852667 -0.675698
13600.000000 3.339136 75.586884 -0.841316 -0.680780
13620.000000 3.383279 75.411469 -0.825161 -0.685833
13640.000000 3.428800 75.237160 -0.803865 -0.690844
13660.000000 3.475615 75.064020 -0.777085 -0.695798
13680.000000 3.523587 74.892114 -0.744474 -0.700674
13700.000000 3.572504 74.721496 -0.705694 -0.705452
13720.000000 3.622063 74.552212 -0.660435 -0.710103
13740.000000 3.671856 74.384296 -0.608432 -0.714597
13760.000000 3.721357 74.217763 -0.549491 -0.718898
13780.000000 3.769913 74.052606 -0.483521 -0.722967
13800.000000 3.816753 73.888794 -0.410561 -0.726764
13820.000000 3.861003 73.726267 -0.330816 -0.730243
13840.000000 3.901718 73.564934 -0.244685 -0.733363
13860.000000 3.937928 73.404672 -0.152784 -0.736081
13880.000000 3.968689 73.245331 -0.055957 -0.738360
13900.000000 3.993144 73.086728 0.044729 -0.740166
13920.000000 4.010578 72.928664 0.148017 -0.741471
13940.000000 4.020460 72.770919 0.252507 -0.742253
13960.000000 4.022487 72.613266 0.356728 -0.742494
13980.000000 4.016599 72.455481 0.459215 -0.742186
14000.000000 4.002981 72.297344 0.558586 -0.741326
14020.000000 3.982055 72.138653 0.653601 -0.739922
14040.000000 3.954440 71.979223 0.743208 -0.737992
14060.000000 3.920906 71.818892 0.826565 -0.735561
14080.000000 3.882316 71.657525 0.903042 -0.732665
14100.000000 3.839571 71.495009 0.972212 -0.729339
14120.000000 3.793552 71.331260 1.033838 -0.725624
14140.000000 3.745082 71.166217 1.087845 -0.721559
14160.000000 3.694901 70.999846 1.134297 -0.717180
14180.000000 3.643651 70.832129 1.173369 -0.712522
14200.000000 3.591876 70.663072 1.205322 -0.707619
14220.000000 3.540026 70.492691 1.230477 -0.702500
14240.000000 3.488471 70.321019 1.249198 -0.697191
14260.000000 3.437508 70.148097 1.261868 -0.691720
14280.000000 3.387377 69.973976 1.268881 -0.686110
14300.000000 3.338272 69.798713 1.270627 -0.680383
14320.000000 3.290346 69.622369 1.267487 -0.674562
14340.000000 3.243723 69.445012 1.259830 -0.668667
14360.000000 3.198502 69.266709 1.248005 -0.662718
14380.000000 3.154763 69.087534 1.232343 -0.656737
14400.000000 3.112567 68.907558 1.213158 -0.650742
14420.000000 3.071964 68.726857 1.190742 -0.644753
14440.000000 3.032992 68.545505 1.165372 -0.638792
14460.000000 2.995679 68.363574 1.137307 -0.632878
14480.000000 2.960048 68.181138 1.106789 -0.627031
14500.000000 2.926112 67.998265 1.074046 -0.621273
14520.000000 2.893882 67.815025 1.039290 -0.615624
14540.000000 2.863361 67.631481 1.002721 -0.610105
14560.000000 2.834552 67.447694 0.964523 -0.604736
14580.000000 2.807452 67.263719 0.924871 -0.599539
14600.000000 2.782054 67.079609 0.883924 -0.594534
14620.000000 2.758349 66.895410 0.841831 -0.589739
14640.000000 2.736327 66.711163 0.798730 -0.585174
14660.000000 2.715973 66.526903 0.754746 -0.580857
14680.000000 2.697272 66.342660 0.709996 -0.576805
14700.000000 2.680205 66.158458 0.664587 -0.573033
14720.000000 2.664753 65.974314 0.618617 -0.569555
14740.000000 2.650894 65.790242 0.572175 -0.566386
14760.000000 2.638609 65.606249 0.525346 -0.563535
14780.000000 2.627874 65.422336 0.478205 -0.561012
14800.000000 2.618666 65.238503 0.430826 -0.558826
14820.000000 2.610964 65.054742 0.383275 -0.556982
14840.000000 2.604745 64.871043 0.335617 -0.555486
14860.000000 2.599988 64.687395 0.287912 -0.554340
14880.000000 2.596673 64.503780 0.240220 -0.553545
14900.000000 2.594779 64.320184 0.192599 -0.553101
14920.000000 2.594290 64.136587 0.145105 -0.553006
14940.000000 2.595188 63.952972 0.097795 -0.553256
14960.000000 2.597457 63.769321 0.050726 -0.553846
14980.000000 2.601082 63.585616 0.003955 -0.554770
15000.000000 2.606051 63.401842 -0.042459 -0.556020
15020.000000 2.612351 63.217987 -0.088458 -0.557586
15040.000000 2.619970 63.034039 -0.133981 -0.559458
15060.000000 2.628897 62.849991 -0.178963 -0.561625
15080.000000 2.639120 62.665839 -0.223340 -0.564074
15100.000000 2.650630 62.481581 -0.267043 -0.566792
15120.000000 2.663414 62.297222 -0.310000 -0.569764
15140.000000 2.677461 62.112768 -0.352137 -0.572976
15160.000000 2.692760 61.928232 -0.393374 -0.576412
15180.000000 2.709299 61.743629 -0.433629 -0.580057
15200.000000 2.727065 61.558980 -0.472813 -0.583894
15220.000000 2.746046 61.374307 -0.510835 -0.587908
15240.000000 2.766229 61.189639 -0.547597 -0.592082
15260.000000 2.787604 61.005008 -0.582996 -0.596400
15280.000000 2.810160 60.820448 -0.616923 -0.600848
15300.000000 2.833886 60.635998 -0.649265 -0.605411
15320.000000 2.858777 60.451698 -0.679902 -0.610075
15340.000000 2.884828 60.267594 -0.708706 -0.614827
15360.000000 2.912039 60.083732 -0.735545 -0.619654
15380.000000 2.940412 59.900160 -0.760277 -0.624546
15400.000000 2.969956 59.716931 -0.782755 -0.629491
15420.000000 3.000683 59.534098 -0.802819 -0.634482
15440.000000 3.032612 59.351716 -0.820302 -0.639510
15460.000000 3.065765 59.169843 -0.835026 -0.644568
15480.000000 3.100169 58.988538 -0.846797 -0.649648
15500.000000 3.135858 58.807863 -0.855411 -0.654745
15520.000000 3.172865 58.627879 -0.860644 -0.659853
15540.000000 3.211225 58.448653 -0.862257 -0.664966
15560.000000 3.250970 58.270250 -0.859991 -0.670077
15580.000000 3.292127 58.092739 -0.853568 -0.675178
15600.000000 3.334708 57.916187 -0.842690 -0.680263
15620.000000 3.378708 57.740664 -0.827040 -0.685319
15640.000000 3.424091 57.566238 -0.806285 -0.690335
15660.000000 3.470780 57.392976 -0.780081 -0.695295
15680.000000 3.518642 57.220941 -0.748080 -0.700181
15700.000000 3.567474 57.050189 -0.709945 -0.704969
15720.000000 3.616985 56.880768 -0.665361 -0.709635
15740.000000 3.666776 56.712711 -0.614056 -0.714146
15760.000000 3.716334 56.546037 -0.555830 -0.718468
15780.000000 3.765020 56.380740 -0.490579 -0.722564
15800.000000 3.812074 56.216793 -0.418326 -0.726390
15820.000000 3.856631 56.054139 -0.339259 -0.729904
15840.000000 3.897752 55.892688 -0.253755 -0.733062
15860.000000 3.934465 55.732324 -0.162408 -0.735823
15880.000000 3.965824 55.572896 -0.066039 -0.738148
15900.000000 3.990959 55.414228 0.034308 -0.740004
15920.000000 4.009137 55.256118 0.137393 -0.741361
15940.000000 4.019808 55.098350 0.241827 -0.742197
15960.000000 4.022644 54.940699 0.346143 -0.742495
15980.000000 4.017559 54.782937 0.448872 -0.742243
16000.000000 4.004715 54.624846 0.548621 -0.741439
16020.000000 3.984510 54.466220 0.644132 -0.740090
16040.000000 3.957544 54.306873 0.734334 -0.738212
16060.000000 3.924576 54.146641 0.818361 -0.735832
16080.000000 3.886462 53.985385 0.895563 -0.732981
16100.000000 3.844100 53.822991 0.965493 -0.729697
16120.000000 3.798376 53.659371 1.027896 -0.726020
16140.000000 3.750120 53.494463 1.082680 -0.721989
16160.000000 3.700083 53.328228 1.129896 -0.717640
16180.000000 3.648916 53.160649 1.169711 -0.713010
16200.000000 3.597172 52.991727 1.202377 -0.708130
16220.000000 3.545312 52.821480 1.228210 -0.703031
16240.000000 3.493712 52.649938 1.247571 -0.697741
16260.000000 3.442676 52.477142 1.260841 -0.692286
16280.000000 3.392451 52.303141 1.268413 -0.686689
16300.000000 3.343233 52.127992 1.270679 -0.680973
16320.000000 3.295181 51.951756 1.268021 -0.675160
16340.000000 3.248420 51.774498 1.260808 -0.669272
16360.000000 3.203053 51.596289 1.249393 -0.663328
16380.000000 3.159159 51.417199 1.234109 -0.657348
16400.000000 3.116803 51.237302 1.215269 -0.651354
16420.000000 3.076035 51.056672 1.193170 -0.645364
16440.000000 3.036895 50.875382 1.168090 -0.639399
16460.000000 2.999412 50.693507 1.140289 -0.633479
16480.000000 2.963608 50.511119 1.110010 -0.627624
16500.000000 2.929499 50.328288 1.077484 -0.621856
16520.000000 2.897094 50.145083 1.042925 -0.616195
16540.000000 2.866399 49.961567 1.006532 -0.610662
16560.000000 2.837415 49.777802 0.968493 -0.605277
16580.000000 2.810141 49.593844 0.928981 -0.600061
16600.000000 2.784569 49.409746 0.888159 -0.595035
16620.000000 2.760692 49.225554 0.846177 -0.590218
16640.000000 2.738499 49.041310 0.803173 -0.585629
16660.000000 2.717975 48.857050 0.759273 -0.581286
16680.000000 2.699106 48.672804 0.714597 -0.577206
16700.000000 2.681873 48.488596 0.669250 -0.573405
16720.000000 2.666257 48.304446 0.623333 -0.569897
16740.000000 2.652237 48.120366 0.576936 -0.566695
16760.000000 2.639792 47.936365 0.530142 -0.563811
16780.000000 2.628899 47.752444 0.483030 -0.561254
16800.000000 2.619537 47.568603 0.435672 -0.559033
16820.000000 2.611682 47.384835 0.388136 -0.557154
16840.000000 2.605313 47.201130 0.340485 -0.555623
16860.000000 2.600407 47.017477 0.292783 -0.554441
16880.000000 2.596946 46.833860 0.245087 -0.553610
16900.000000 2.594908 46.650263 0.197456 -0.553130
16920.000000 2.594276 46.466667 0.149946 -0.553000
16940.000000 2.595033 46.283054 0.102615 -0.553215
16960.000000 2.597163 46.099407 0.055519 -0.553771
16980.000000 2.600650 45.915709 0.008715 -0.554661
17000.000000 2.605483 45.731943 -0.037739 -0.555878
17020.000000 2.611647 45.548097 -0.083783 -0.557412
17040.000000 2.619132 45.364159 -0.129357 -0.559253
17060.000000 2.627926 45.180121 -0.174397 -0.561391
17080.000000 2.638018 44.995979 -0.218839 -0.563812
17100.000000 2.649396 44.811732 -0.262614 -0.566502
17120.000000 2.662050 44.627383 -0.305650 -0.569449
17140.000000 2.675969 44.442939 -0.347875 -0.572638
17160.000000 2.691141 44.258411 -0.389207 -0.576052
17180.000000 2.707554 44.073814 -0.429566 -0.579676
17200.000000 2.725195 43.889168 -0.468864 -0.583494
17220.000000 2.744052 43.704496 -0.507009 -0.587490
17240.000000 2.764114 43.519827 -0.543904 -0.591649
17260.000000 2.785368 43.335190 -0.579447 -0.595953
17280.000000 2.807803 43.150621 -0.613530 -0.600389
17300.000000 2.831410 42.966158 -0.646039 -0.604941
17320.000000 2.856183 42.781841 -0.676856 -0.609595
17340.000000 2.882115 42.597715 -0.705853 -0.614338
17360.000000 2.909208 42.413825 -0.732899 -0.619158
17380.000000 2.937462 42.230222 -0.757853 -0.624044
17400.000000 2.966886 42.046955 -0.780568 -0.628984
17420.000000 2.997492 41.864079 -0.800886 -0.633971
17440.000000 3.029297 41.681649 -0.818641 -0.638996
17460.000000 3.062323 41.499721 -0.833655 -0.644050
17480.000000 3.096599 41.318355 -0.845737 -0.649129
17500.000000 3.132155 41.137613 -0.854682 -0.654224
17520.000000 3.169025 40.957556 -0.860271 -0.659331
17540.000000 3.207245 40.778249 -0.862265 -0.664444
17560.000000 3.246848 40.599760 -0.860408 -0.669555
17580.000000 3.287860 40.422154 -0.854423 -0.674658
17600.000000 3.330296 40.245501 -0.844014 -0.679745
17620.000000 3.374152 40.069869 -0.828866 -0.684804
17640.000000 3.419396 39.895328 -0.808648 -0.689825
17660.000000 3.465956 39.721945 -0.783016 -0.694792
17680.000000 3.513707 39.549782 -0.751623 -0.699686
17700.000000 3.562452 39.378897 -0.714129 -0.704486
17720.000000 3.611909 39.209338 -0.670217 -0.709165
17740.000000 3.661694 39.041141 -0.619609 -0.713693
17760.000000 3.711303 38.874325 -0.562096 -0.718037
17780.000000 3.760111 38.708888 -0.497563 -0.722157
17800.000000 3.807369 38.544806 -0.426020 -0.726013
17820.000000 3.852223 38.382023 -0.347634 -0.729561
17840.000000 3.893739 38.220454 -0.262764 -0.732757
17860.000000 3.930947 38.059986 -0.171980 -0.735561
17880.000000 3.962894 37.900470 -0.076080 -0.737932
17900.000000 3.988701 37.741732 0.023915 -0.739837
17920.000000 4.007617 37.583575 0.126782 -0.741246
17940.000000 4.019074 37.425783 0.231145 -0.742136
17960.000000 4.022718 37.268130 0.335541 -0.742490
17980.000000 4.018439 37.110390 0.438498 -0.742294
18000.000000 4.006373 36.952342 0.538611 -0.741546
18020.000000 3.986894 36.793780 0.634607 -0.740252
18040.000000 3.960586 36.634515 0.725395 -0.738427
18060.000000 3.928193 36.474380 0.810086 -0.736097
18080.000000 3.890563 36.313234 0.888008 -0.733292
18100.000000 3.848593 36.150960 0.958696 -0.730051
18120.000000 3.803173 35.987469 1.021873 -0.726413
18140.000000 3.755140 35.822694 1.077435 -0.722416
18160.000000 3.705253 35.656596 1.125419 -0.718098
18180.000000 3.654175 35.489154 1.165979 -0.713494
18200.000000 3.602467 35.320369 1.199361 -0.708639
18220.000000 3.550601 35.150257 1.225876 -0.703561
18240.000000 3.498959 34.978845 1.245880 -0.698289
18260.000000 3.447853 34.806175 1.259754 -0.692849
18280.000000 3.397536 34.632294 1.267889 -0.687266
18300.000000 3.348207 34.457260 1.270679 -0.681561
18320.000000 3.300029 34.281131 1.268507 -0.675757
18340.000000 3.253132 34.103975 1.261743 -0.669876
18360.000000 3.207618 33.925860 1.250742 -0.663936
18380.000000 3.163571 33.746856 1.235837 -0.657960
18400.000000 3.121055 33.567038 1.217347 -0.651966
18420.000000 3.080124 33.386480 1.195568 -0.645974
18440.000000 3.040816 33.205254 1.170780 -0.640006
18460.000000 3.003162 33.023436 1.143245 -0.634080
18480.000000 2.967186 32.841097 1.113209 -0.628218
18500.000000 2.932903 32.658308 1.080902 -0.622440
18520.000000 2.900324 32.475137 1.046540 -0.616767
18540.000000 2.869454 32.291650 1.010326 -0.611220
18560.000000 2.840296 32.107908 0.972446 -0.605819
18580.000000 2.812847 31.923967 0.933078 -0.600586
18600.000000 2.787102 31.739881 0.892383 -0.595539
18620.000000 2.763053 31.555697 0.850512 -0.590700
18640.000000 2.740688 31.371456 0.807606 -0.586087
18660.000000 2.719995 31.187196 0.763793 -0.581718
18680.000000 2.700957 31.002948 0.719190 -0.577610
18700.000000 2.683558 30.818735 0.673908 -0.573779
18720.000000 2.667777 30.634579 0.628044 -0.570241
18740.000000 2.653596 30.450491 0.581692 -0.567007
18760.000000 2.640991 30.266481 0.534935 -0.564090
18780.000000 2.629941 30.082552 0.487853 -0.561500
18800.000000 2.620423 29.898703 0.440516 -0.559244
18820.000000 2.612415 29.714928 0.392995 -0.557330
18840.000000 2.605895 29.531218 0.345354 -0.555763
18860.000000 2.600842 29.347560 0.297654 -0.554545
18880.000000 2.597234 29.163940 0.249954 -0.553679
18900.000000 2.595051 28.980341 0.202314 -0.553163
18920.000000 2.594277 28.796746 0.154789 -0.552997
18940.000000 2.594893 28.613136 0.107438 -0.553177
18960.000000 2.596883 28.429494 0.060315 -0.553699
18980.000000 2.600232 28.245801 0.013479 -0.554555
19000.000000 2.604928 28.062043 -0.033014 -0.555739
19020.000000 2.610957 27.878205 -0.079103 -0.557241
19040.000000 2.618308 27.694277 -0.124727 -0.559052
19060.000000 2.626969 27.510250 -0.169825 -0.561159
19080.000000 2.636928 27.326119 -0.214331 -0.563552
19100.000000 2.648176 27.141882 -0.258177 -0.566216
19120.000000 2.660700 26.957543 -0.301293 -0.569137
19140.000000 2.674490 26.773108 -0.343603 -0.572302
19160.000000 2.689535 26.588588 -0.385031 -0.575693
19180.000000 2.705821 26.403998 -0.425493 -0.579297
19200.000000 2.723338 26.219356 -0.464904 -0.583096
19220.000000 2.742072 26.034686 -0.503171 -0.587075
19240.000000 2.762011 25.850014 -0.540198 -0.591217
19260.000000 2.783144 25.665373 -0.575883 -0.595507
19280.000000 2.805459 25.480795 -0.610120 -0.599930
19300.000000 2.828947 25.296319 -0.642796 -0.604471
19320.000000 2.853600 25.111986 -0.673791 -0.609115
19340.000000 2.879415 24.927838 -0.702980 -0.613850
19360.000000 2.906388 24.743922 -0.730231 -0.618663
19380.000000 2.934524 24.560287 -0.755405 -0.623542
19400.000000 2.963828 24.376984 -0.778356 -0.628478
19420.000000 2.994312 24.194065 -0.798926 -0.633460
19440.000000 3.025994 24.011587 -0.816951 -0.638481
19460.000000 3.058894 23.829605 -0.832253 -0.643533
19480.000000 3.093041 23.648179 -0.844643 -0.648609
19500.000000 3.128465 23.467370 -0.853919 -0.653704
19520.000000 3.165200 23.287240 -0.859861 -0.658810
19540.000000 3.203280 23.107854 -0.862234 -0.663922
19560.000000 3.242740 22.929278 -0.860782 -0.669034
19580.000000 3.283607 22.751579 -0.855231 -0.674138
19600.000000 3.325898 22.574825 -0.845288 -0.679226
19620.000000 3.369610 22.399086 -0.830639 -0.684289
19640.000000 3.414715 22.224431 -0.810954 -0.689315
19660.000000 3.461146 22.050926 -0.785891 -0.694288
19680.000000 3.508782 21.878636 -0.755102 -0.699190
19700.000000 3.557437 21.707618 -0.718246 -0.704001
19720.000000 3.606838 21.537922 -0.675003 -0.708693
19740.000000 3.656609 21.369584 -0.625089 -0.713239
19760.000000 3.706263 21.202627 -0.568289 -0.717603
19780.000000 3.755185 21.037051 -0.504474 -0.721748
19800.000000 3.802639 20.872832 -0.433642 -0.725632
19820.000000 3.847781 20.709919 -0.355942 -0.729214
19840.000000 3.889682 20.548232 -0.271712 -0.732448
19860.000000 3.927374 20.387657 -0.181499 -0.735294
19880.000000 3.959900 20.228051 -0.086077 -0.737711
19900.000000 3.986370 20.069243 0.013553 -0.739665
19920.000000 4.006020 19.911037 0.116187 -0.741126
19940.000000 4.018258 19.753218 0.220463 -0.742070
19960.000000 4.022710 19.595561 0.324924 -0.742479
19980.000000 4.019237 19.437840 0.428094 -0.742339
20000.000000 4.007952 19.279833 0.528559 -0.741648
20020.000000 3.989207 19.121332 0.625029 -0.740409
20040.000000 3.963565 18.962147 0.716392 -0.738637
20060.000000 3.931755 18.802108 0.801740 -0.736357
20080.000000 3.894619 18.641071 0.880378 -0.733599
20100.000000 3.853051 18.478917 0.951820 -0.730401
20120.000000 3.807944 18.315553 1.015772 -0.726801
20140.000000 3.760141 18.150912 1.072112 -0.722839
20160.000000 3.710412 17.984950 1.120863 -0.718552
20180.000000 3.659427 17.817646 1.162171 -0.713977
20200.000000 3.607761 17.648997 1.196273 -0.709145
20220.000000 3.555891 17.479019 1.223473 -0.704089
20240.000000 3.504211 17.307739 1.244125 -0.698836
20260.000000 3.453039 17.135195 1.258607 -0.693412
20280.000000 3.402631 16.961435 1.267310 -0.687842
20300.000000 3.353193 16.786516 1.270628 -0.682148
20320.000000 3.304891 16.610496 1.268945 -0.676354
20340.000000 3.257858 16.433442 1.262634 -0.670479
20360.000000 3.212199 16.255421 1.252049 -0.664545
20380.000000 3.167998 16.076505 1.237528 -0.658571
20400.000000 3.125324 15.896767 1.219390 -0.652578
20420.000000 3.084229 15.716280 1.197934 -0.646585
20440.000000 3.044754 15.535120 1.173441 -0.640614
20460.000000 3.006930 15.353358 1.146174 -0.634683
20480.000000 2.970782 15.171069 1.116383 -0.628813
20500.000000 2.936325 14.988323 1.084298 -0.623026
20520.000000 2.903572 14.805188 1.050137 -0.617341
20540.000000 2.872527 14.621731 1.014103 -0.611780
20560.000000 2.843195 14.438012 0.976385 -0.606363
20580.000000 2.815571 14.254089 0.937161 -0.601112
20600.000000 2.789653 14.070015 0.896594 -0.596045
20620.000000 2.765431 13.885839 0.854837 -0.591184
20640.000000 2.742894 13.701603 0.812030 -0.586547
20660.000000 2.722031 13.517343 0.768304 -0.582152
20680.000000 2.702825 13.333092 0.723777 -0.578017
20700.000000 2.685260 13.148875 0.678559 -0.574157
20720.000000 2.669315 12.964712 0.632751 -0.570588
20740.000000 2.654971 12.780617 0.586444 -0.567323
20760.000000 2.642206 12.596599 0.539725 -0.564373
20780.000000 2.630998 12.412662 0.492672 -0.561749
20800.000000 2.621325 12.228805 0.445359 -0.559459
20820.000000 2.613164 12.045022 0.397854 -0.557510
20840.000000 2.606494 11.861306 0.350221 -0.555907
20860.000000 2.601291 11.677643 0.302524 -0.554653
20880.000000 2.597536 11.494020 0.254822 -0.553751
20900.000000 2.595209 11.310420 0.207173 -0.553200
20920.000000 2.594292 11.126826 0.159635 -0.552998
20940.000000 2.594766 10.943218 0.112262 -0.553143
20960.000000 2.596617 10.759580 0.065114 -0.553630
20980.000000 2.599829 10.575893 0.018246 -0.554452
21000.000000 2.604388 10.392142 -0.028285 -0.555603
21020.000000 2.610281 10.208313 -0.074417 -0.557073
21040.000000 2.617497 10.024395 -0.120092 -0.558853
21060.000000 2.626025 9.840378 -0.165247 -0.560931
21080.000000 2.635852 9.656257 -0.209816 -0.563295
21100.000000 2.646969 9.472032 -0.253733 -0.565932
21120.000000 2.659363 9.287703 -0.296926 -0.568828
21140.000000 2.673025 9.103277 -0.339323 -0.571968
21160.000000 2.687942 8.918765 -0.380844 -0.575337
21180.000000 2.704102 8.734181 -0.421409 -0.578919
21200.000000 2.721493 8.549543 -0.460931 -0.582699
21220.000000 2.740104 8.364875 -0.499319 -0.586661
21240.000000 2.759920 8.180203 -0.536477 -0.590787
21260.000000 2.780932 7.995556 -0.572305 -0.595063
21280.000000 2.803126 7.810971 -0.606695 -0.599473
21300.000000 2.826495 7.626483 -0.639535 -0.604003
21320.000000 2.851030 7.442132 -0.670707 -0.608637
21340.000000 2.876726 7.257963 -0.700086 -0.613363
21360.000000 2.903581 7.074022 -0.727542 -0.618168
21380.000000 2.931598 6.890356 -0.752935 -0.623041
21400.000000 2.960782 6.707016 -0.776119 -0.627971
21420.000000 2.991145 6.524056 -0.796940 -0.632949
21440.000000 3.022704 6.341530 -0.815232 -0.637967
21460.000000 3.055479 6.159495 -0.830821 -0.643016
21480.000000 3.089497 5.978009 -0.843518 -0.648090
21500.000000 3.124789 5.797135 -0.853121 -0.653183
21520.000000 3.161388 5.616933 -0.859414 -0.658288
21540.000000 3.199330 5.437468 -0.862162 -0.663400
21560.000000 3.238648 5.258805 -0.861113 -0.668512
21580.000000 3.279370 5.081014 -0.855994 -0.673617
21600.000000 3.321515 4.904160 -0.846514 -0.678708
21620.000000 3.365082 4.728315 -0.832360 -0.683774
21640.000000 3.410048 4.553546 -0.813205 -0.688804
21660.000000 3.456348 4.379920 -0.788706 -0.693783
21680.000000 3.503868 4.207503 -0.758518 -0.698693
21700.000000 3.552430 4.036353 -0.722297 -0.703514
21720.000000 3.601770 3.866520 -0.679719 -0.708221
21740.000000 3.651524 3.698043 -0.630498 -0.712783
21760.000000 3.701216 3.530944 -0.574408 -0.717167
21780.000000 3.750244 3.365227 -0.511312 -0.721336
21800.000000 3.797885 3.200872 -0.441192 -0.725249
21820.000000 3.843304 3.037829 -0.364181 -0.728863
21840.000000 3.885580 2.876021 -0.280596 -0.732135
21860.000000 3.923747 2.715339 -0.190963 -0.735022
21880.000000 3.956842 2.555642 -0.096031 -0.737485
21900.000000 3.983969 2.396761 0.003221 -0.739487
21920.000000 4.004345 2.238502 0.105609 -0.741000
21940.000000 4.017361 2.080654 0.209784 -0.741998
21960.000000 4.022618 1.922991 0.314294 -0.742462
21980.000000 4.019953 1.765287 0.417662 -0.742379
22000.000000 4.009454 1.607319 0.518464 -0.741744
22020.000000 3.991448 1.448878 0.615396 -0.740560
22040.000000 3.966479 1.289770 0.707326 -0.738842
22060.000000 3.935261 1.129825 0.793324 -0.736612
22080.000000 3.898629 0.968896 0.872673 -0.733902
22100.000000 3.857472 0.806861 0.944866 -0.730747
22120.000000 3.812686 0.643624 1.009591 -0.727186
22140.000000 3.765122 0.479116 1.066709 -0.723259
22160.000000 3.715557 0.313290 1.116230 -0.719004
22180.000000 3.664672 0.146123 1.158289 -0.714456
22200.000000 3.613052 -0.022388 1.193113 -0.709649
22220.000000 3.561184 -0.192232 1.221003 -0.704615
22240.000000 3.509469 -0.363381 1.242306 -0.699380
22260.000000 3.458232 -0.535798 1.257400 -0.693973
22280.000000 3.407736 -0.709436 1.266675 -0.688416
22300.000000 3.358191 -0.884240 1.270525 -0.682735
22320.000000 3.309767 -1.060150 1.269335 -0.676950
22340.000000 3.262598 -1.237102 1.263480 -0.671082
22360.000000 3.216795 -1.415027 1.253316 -0.665153
22380.000000 3.172442 -1.593855 1.239182 -0.659182
22400.000000 3.129609 -1.773512 1.221399 -0.653190
22420.000000 3.088351 -1.953926 1.200268 -0.647197
22440.000000 3.048709 -2.135021 1.176073 -0.641222
22460.000000 3.010715 -2.316725 1.149078 -0.635286
22480.000000 2.974395 -2.498963 1.119533 -0.629409
22500.000000 2.939765 -2.681666 1.087672 -0.623612
22520.000000 2.906837 -2.864764 1.053714 -0.617916
22540.000000 2.875619 -3.048191 1.017862 -0.612342
22560.000000 2.846111 -3.231886 0.980308 -0.606909
22580.000000 2.818313 -3.415791 0.941229 -0.601640
22600.000000 2.792221 -3.599851 0.900793 -0.596553
22620.000000 2.767826 -3.784019 0.859150 -0.591670
22640.000000 2.745118 -3.968251 0.816445 -0.587009
22660.000000 2.724085 -4.152510 0.772807 -0.582589
22680.000000 2.704711 -4.336763 0.728357 -0.578427
22700.000000 2.686978 -4.520985 0.683204 -0.574538
22720.000000 2.670869 -4.705154 0.637452 -0.570939
22740.000000 2.656363 -4.889256 0.591192 -0.567642
22760.000000 2.643438 -5.073283 0.544512 -0.564660
22780.000000 2.632072 -5.257228 0.497489 -0.562002
22800.000000 2.622243 -5.441093 0.450199 -0.559677
22820.000000 2.613929 -5.624883 0.402711 -0.557693
22840.000000 2.607107 -5.808605 0.355088 -0.556055
22860.000000 2.601756 -5.992273 0.307395 -0.554765
22880.000000 2.597854 -6.175899 0.259691 -0.553827
22900.000000 2.595382 -6.359501 0.212034 -0.553240
22920.000000 2.594321 -6.543095 0.164481 -0.553003
22940.000000 2.594655 -6.726701 0.117090 -0.553113
22960.000000 2.596365 -6.910335 0.069916 -0.553565
22980.000000 2.599439 -7.094016 0.023016 -0.554353
23000.000000 2.603861 -7.277760 -0.023551 -0.555471
23020.000000 2.609619 -7.461580 -0.069727 -0.556909
23040.000000 2.616700 -7.645489 -0.115452 -0.558657
23060.000000 2.625094 -7.829496 -0.160662 -0.560705
23080.000000 2.634789 -8.013605 -0.205295 -0.563041
23100.000000 2.645775 -8.197820 -0.249281 -0.565650
23120.000000 2.658040 -8.382139 -0.292552 -0.568521
23140.000000 2.671572 -8.566555 -0.335033 -0.571636
23160.000000 2.686362 -8.751059 -0.376647 -0.574983
23180.000000 2.702395 -8.935636 -0.417314 -0.578544
23200.000000 2.719662 -9.120269 -0.456946 -0.582305
23220.000000 2.738148 -9.304936 -0.495454 -0.586248
23240.000000 2.757842 -9.489609 -0.532743 -0.590359
23260.000000 2.778732 -9.674259 -0.568711 -0.594620
23280.000000 2.800806 -9.858853 -0.603253 -0.599017
23300.000000 2.824056 -10.043353 -0.636256 -0.603535
23320.000000 2.848472 -10.227719 -0.667604 -0.608159
23340.000000 2.874049 -10.411909 -0.697173 -0.612877
23360.000000 2.900786 -10.595876 -0.724831 -0.617674
23380.000000 2.928684 -10.779572 -0.750441 -0.622541
23400.000000 2.957749 -10.962947 -0.773858 -0.627466
23420.000000 2.987991 -11.145949 -0.794927 -0.632439
23440.000000 3.019426 -11.328522 -0.813485 -0.637453
23460.000000 3.052076 -11.510610 -0.829358 -0.642499
23480.000000 3.085966 -11.692154 -0.842360 -0.647571
23500.000000 3.121126 -11.873094 -0.852289 -0.652662
23520.000000 3.157590 -12.053367 -0.858930 -0.657766
23540.000000 3.195393 -12.232911 -0.862051 -0.662878
23560.000000 3.234569 -12.411658 -0.861402 -0.667990
23580.000000 3.275147 -12.589542 -0.856712 -0.673097
23600.000000 3.317146 -12.766494 -0.847690 -0.678189
23620.000000 3.360570 -12.942446 -0.834029 -0.683258
23640.000000 3.405394 -13.117328 -0.815399 -0.688292
23660.000000 3.451562 -13.291073 -0.791463 -0.693277
23680.000000 3.498965 -13.463616 -0.761871 -0.698196
23700.000000 3.547431 -13.634898 -0.726281 -0.703027
23720.000000 3.596706 -13.804868 -0.684366 -0.707746
23740.000000 3.646438 -13.973485 -0.635835 -0.712324
23760.000000 3.696162 -14.140725 -0.580454 -0.716728
23780.000000 3.745289 -14.306582 -0.518077 -0.720921
23800.000000 3.793108 -14.471075 -0.448670 -0.724863
23820.000000 3.838795 -14.634248 -0.372352 -0.728509
23840.000000 3.881436 -14.796178 -0.289418 -0.731818
23860.000000 3.920066 -14.956969 -0.200371 -0.734746
23880.000000 3.953723 -15.116760 -0.105939 -0.737254
23900.000000 3.981497 -15.275715 -0.007077 -0.739305
23920.000000 4.002593 -15.434028 0.095050 -0.740869
23940.000000 4.016383 -15.591908 0.199108 -0.741920
23960.000000 4.022444 -15.749580 0.303651 -0.742439
23980.000000 4.020588 -15.907269 0.407203 -0.742413
24000.000000 4.010877 -16.065200 0.508330 -0.741834
24020.000000 3.993616 -16.223584 0.605712 -0.740706
24040.000000 3.969328 -16.382615 0.698198 -0.739041
24060.000000 3.938711 -16.542467 0.784838 -0.736863
24080.000000 3.902591 -16.703290 0.864893 -0.734199
24100.000000 3.861855 -16.865208 0.937834 -0.731088
24120.000000 3.817400 -17.028318 1.003330 -0.727567
24140.000000 3.770083 -17.192694 1.061227 -0.723676
24160.000000 3.720689 -17.358384 1.111520 -0.719452
24180.000000 3.669910 -17.525413 1.154331 -0.714933
24200.000000 3.618341 -17.693788 1.189881 -0.710151
24220.000000 3.566479 -17.863496 1.218463 -0.705138
24240.000000 3.514732 -18.034514 1.240422 -0.699923
24260.000000 3.463433 -18.206803 1.256132 -0.694532
24280.000000 3.412851 -18.380319 1.265983 -0.688990
24300.000000 3.363200 -18.555006 1.270369 -0.683320
24320.000000 3.314655 -18.730806 1.269677 -0.677544
24340.000000 3.267353 -18.907655 1.264281 -0.671684
24360.000000 3.221406 -19.085484 1.254541 -0.665760
24380.000000 3.176902 -19.264223 1.240797 -0.659793
24400.000000 3.133911 -19.443799 1.223373 -0.653802
24420.000000 3.092490 -19.624139 1.202571 -0.647808
24440.000000 3.052681 -19.805168 1.178675 -0.641830
24460.000000 3.014518 -19.986813 1.151955 -0.635889
24480.000000 2.978026 -20.169000 1.122660 -0.630006
24500.000000 2.943223 -20.351659 1.091025 -0.624200
24520.000000 2.910121 -20.534719 1.057271 -0.618493
24540.000000 2.878727 -20.718116 1.021603 -0.612904
24560.000000 2.849045 -20.901787 0.984215 -0.607457
24580.000000 2.821073 -21.085672 0.945284 -0.602170
24600.000000 2.794807 -21.269719 0.904979 -0.597064
24620.000000 2.770239 -21.453878 0.863453 -0.592159
24640.000000 2.747360 -21.638105 0.820850 -0.587474
24660.000000 2.726156 -21.822363 0.777301 -0.583029
24680.000000 2.706613 -22.006618 0.732929 -0.578839
24700.000000 2.688714 -22.190844 0.687843 -0.574922
24720.000000 2.672440 -22.375019 0.642148 -0.571293
24740.000000 2.657771 -22.559129 0.595936 -0.567965
24760.000000 2.644685 -22.743163 0.549295 -0.564949
24780.000000 2.633162 -22.927117 0.502304 -0.562258
24800.000000 2.623177 -23.110990 0.455038 -0.559899
24820.000000 2.614709 -23.294787 0.407566 -0.557880
24840.000000 2.607736 -23.478516 0.359955 -0.556206
24860.000000 2.602235 -23.662188 0.312266 -0.554881
24880.000000 2.598186 -23.845818 0.264560 -0.553907
24900.000000 2.595569 -24.029422 0.216896 -0.553284
24920.000000 2.594366 -24.213016 0.169330 -0.553011
24940.000000 2.594557 -24.396619 0.121919 -0.553086
24960.000000 2.596128 -24.580250 0.074720 -0.553503
24980.000000 2.599063 -24.763926 0.027790 -0.554257
25000.000000 2.603348 -24.947662 -0.018814 -0.555342
25020.000000 2.608970 -25.131474 -0.065033 -0.556748
25040.000000 2.615917 -25.315374 -0.110806 -0.558465
25060.000000 2.624177 -25.499370 -0.156072 -0.560483
25080.000000 2.633740 -25.683469 -0.200766 -0.562790
25100.000000 2.644594 -25.867673 -0.244822 -0.565372
25120.000000 2.656729 -26.051981 -0.288169 -0.568216
25140.000000 2.670133 -26.236388 -0.330734 -0.571307
25160.000000 2.684794 -26.420883 -0.372441 -0.574631
25180.000000 2.700702 -26.605454 -0.413208 -0.578171
25200.000000 2.717843 -26.790082 -0.452950 -0.581912
25220.000000 2.736205 -26.974747 -0.491577 -0.585838
25240.000000 2.755777 -27.159420 -0.528995 -0.589932
25260.000000 2.776545 -27.344075 -0.565102 -0.594179
25280.000000 2.798499 -27.528676 -0.599795 -0.598563
25300.000000 2.821628 -27.713187 -0.632961 -0.603069
25320.000000 2.845926 -27.897569 -0.664483 -0.607683
25340.000000 2.871385 -28.081778 -0.694239 -0.612391
25360.000000 2.898003 -28.265770 -0.722098 -0.617181
25380.000000 2.925783 -28.449496 -0.747924 -0.622041
25400.000000 2.954728 -28.632907 -0.771572 -0.626960
25420.000000 2.984849 -28.815949 -0.792888 -0.631930
25440.000000 3.016162 -28.998568 -0.811711 -0.636940
25460.000000 3.048686 -29.180708 -0.827866 -0.641983
25480.000000 3.082448 -29.362311 -0.841170 -0.647052
25500.000000 3.117477 -29.543315 -0.851422 -0.652142
25520.000000 3.153807 -29.723660 -0.858409 -0.657245
25540.000000 3.191472 -29.903281 -0.861901 -0.662356
25560.000000 3.230506 -30.082112 -0.861649 -0.667468
25580.000000 3.270939 -30.260087 -0.857384 -0.672576
25600.000000 3.312793 -30.437138 -0.848819 -0.677670
25620.000000 3.356071 -30.613195 -0.835645 -0.682742
25640.000000 3.400755 -30.788189 -0.817539 -0.687780
25660.000000 3.446790 -30.962053 -0.794160 -0.692771
25680.000000 3.494073 -31.134722 -0.765161 -0.697697
25700.000000 3.542441 -31.306136 -0.730199 -0.702538
25720.000000 3.591648 -31.476241 -0.688944 -0.707270
25740.000000 3.641352 -31.644998 -0.641100 -0.711864
25760.000000 3.691102 -31.812379 -0.586427 -0.716288
25780.000000 3.740320 -31.978377 -0.524768 -0.720504
25800.000000 3.788309 -32.143007 -0.456077 -0.724473
25820.000000 3.834255 -32.306313 -0.380454 -0.728152
25840.000000 3.877250 -32.468365 -0.298176 -0.731497
25860.000000 3.916334 -32.629267 -0.209723 -0.734466
25880.000000 3.950542 -32.789152 -0.115801 -0.737018
25900.000000 3.978955 -32.948185 -0.017341 -0.739117
25920.000000 4.000765 -33.106554 0.084511 -0.740732
25940.000000 4.015324 -33.264468 0.188437 -0.741837
25960.000000 4.022187 -33.422150 0.292999 -0.742411
25980.000000 4.021140 -33.579828 0.396719 -0.742441
26000.000000 4.012222 -33.737724 0.498156 -0.741918
26020.000000 3.995711 -33.896052 0.595976 -0.740846
26040.000000 3.972111 -34.055009 0.689010 -0.739235
26060.000000 3.942104 -34.214770 0.776284 -0.737108
26080.000000 3.906506 -34.375488 0.857038 -0.734493
26100.000000 3.866200 -34.537288 0.930724 -0.731425
26120.000000 3.822084 -34.700273 0.996990 -0.727944
26140.000000 3.775021 -34.864518 1.055665 -0.724089
26160.000000 3.725806 -35.030072 1.106731 -0.719897
26180.000000 3.675140 -35.196964 1.150297 -0.715407
26200.000000 3.623628 -35.365201 1.186576 -0.710650
26220.000000 3.571775 -35.534774 1.215855 -0.705660
26240.000000 3.520000 -35.705660 1.238473 -0.700464
26260.000000 3.468642 -35.877821 1.254803 -0.695090
26280.000000 3.417976 -36.051214 1.265235 -0.689562
26300.000000 3.368221 -36.225785 1.270161 -0.683904
26320.000000 3.319556 -36.401474 1.269969 -0.678138
26340.000000 3.272122 -36.578219 1.265037 -0.672286
26360.000000 3.226032 -36.755951 1.255724 -0.666368
26380.000000 3.181377 -36.934600 1.242375 -0.660404
26400.000000 3.138229 -37.114094 1.225312 -0.654414
26420.000000 3.096645 -37.294359 1.204841 -0.648420
26440.000000 3.056670 -37.475322 1.181249 -0.642439
26460.000000 3.018338 -37.656907 1.154805 -0.636494
26480.000000 2.981674 -37.839042 1.125762 -0.630603
26500.000000 2.946698 -38.021656 1.094356 -0.624788
26520.000000 2.913422 -38.204678 1.060808 -0.619070
26540.000000 2.881854 -38.388044 1.025327 -0.613469
26560.000000 2.851997 -38.571689 0.988105 -0.608006
26580.000000 2.823851 -38.755555 0.949325 -0.602701
26600.000000 2.797410 -38.939588 0.909152 -0.597576
26620.000000 2.772670 -39.123738 0.867744 -0.592650
26640.000000 2.749619 -39.307960 0.825245 -0.587942
26660.000000 2.728245 -39.492216 0.781787 -0.583471
26680.000000 2.708533 -39.676472 0.737494 -0.579255
26700.000000 2.690467 -39.860702 0.692476 -0.575309
26720.000000 2.674028 -40.044884 0.646838 -0.571650
26740.000000 2.659196 -40.229001 0.600675 -0.568290
26760.000000 2.645949 -40.413043 0.554074 -0.565243
26780.000000 2.634267 -40.597005 0.507115 -0.562518
26800.000000 2.624126 -40.780886 0.459874 -0.560125
26820.000000 2.615505 -40.964691 0.412420 -0.558070
26840.000000 2.608380 -41.148426 0.364820 -0.556361
26860.000000 2.602730 -41.332104 0.317137 -0.555000
26880.000000 2.598534 -41.515737 0.269430 -0.553990
26900.000000 2.595772 -41.699342 0.221759 -0.553331
26920.000000 2.594424 -41.882937 0.174180 -0.553023
26940.000000 2.594474 -42.066538 0.126751 -0.553062
26960.000000 2.595905 -42.250166 0.079528 -0.553445
26980.000000 2.598701 -42.433836 0.032567 -0.554165
27000.000000 2.602849 -42.617565 -0.014072 -0.555216
27020.000000 2.608335 -42.801369 -0.060333 -0.556590
27040.000000 2.615147 -42.985259 -0.106155 -0.558276
27060.000000 2.623274 -43.169245 -0.151476 -0.560263
27080.000000 2.632705 -43.353333 -0.196231 -0.562541
27100.000000 2.643427 -43.537527 -0.240355 -0.565096
27120.000000 2.655432 -43.721824 -0.283778 -0.567914
27140.000000 2.668707 -43.906221 -0.326426 -0.570981
27160.000000 2.683240 -44.090708 -0.368224 -0.574282
27180.000000 2.699021 -44.275272 -0.409091 -0.577800
27200.000000 2.716037 -44.459896 -0.448942 -0.581522
27220.000000 2.734275 -44.644557 -0.487687 -0.585429
27240.000000 2.753723 -44.829232 -0.525233 -0.589507
27260.000000 2.774370 -45.013889 -0.561479 -0.593738
27280.000000 2.796203 -45.198497 -0.596321 -0.598109
27300.000000 2.819213 -45.383019 -0.629648 -0.602603
27320.000000 2.843392 -45.567416 -0.661344 -0.607207
27340.000000 2.868732 -45.751646 -0.691286 -0.611906
27360.000000 2.895233 -45.935662 -0.719345 -0.616689
27380.000000 2.922893 -46.119418 -0.745385 -0.621542
27400.000000 2.951719 -46.302863 -0.769262 -0.626456
27420.000000 2.981719 -46.485945 -0.790823 -0.631420
27440.000000 3.012910 -46.668610 -0.809908 -0.636426
27460.000000 3.045309 -46.850801 -0.826344 -0.641467
27480.000000 3.078944 -47.032462 -0.839948 -0.646534
27500.000000 3.113842 -47.213530 -0.850521 -0.651621
27520.000000 3.150037 -47.393945 -0.857852 -0.656723
27540.000000 3.187564 -47.573642 -0.861712 -0.661834
27560.000000 3.226457 -47.752557 -0.861854 -0.666946
27580.000000 3.266747 -47.930623 -0.858012 -0.672055
27600.000000 3.308455 -48.107771 -0.849899 -0.677151
27620.000000 3.351588 -48.283933 -0.837211 -0.682226
27640.000000 3.396130 -48.459039 -0.819623 -0.687268
27660.000000 3.442030 -48.633021 -0.796798 -0.692264
27680.000000 3.489193 -48.805815 -0.768390 -0.697198
27700.000000 3.537460 -48.977359 -0.734052 -0.702049
27720.000000 3.586595 -49.147601 -0.693454 -0.706793
27740.000000 3.636267 -49.316496 -0.646295 -0.711403
27760.000000 3.686036 -49.484019 -0.592328 -0.715845
27780.000000 3.735339 -49.650157 -0.531386 -0.720084
27800.000000 3.783489 -49.814926 -0.463411 -0.724080
27820.000000 3.829683 -49.978364 -0.388486 -0.727791
27840.000000 3.873023 -50.140540 -0.306869 -0.731172
27860.000000 3.912552 -50.301554 -0.219018 -0.734181
27880.000000 3.947300 -50.461536 -0.125616 -0.736778
27900.000000 3.976344 -50.620647 -0.027570 -0.738925
27920.000000 3.998862 -50.779074 0.073994 -0.740590
27940.000000 4.014185 -50.937025 0.177772 -0.741748
27960.000000 4.021847 -51.094721 0.282337 -0.742377
27980.000000 4.021611 -51.252388 0.386210 -0.742463
28000.000000 4.013487 -51.410252 0.487944 -0.741997
28020.000000 3.997732 -51.568527 0.586190 -0.740980
28040.000000 3.974827 -51.727411 0.679760 -0.739424
28060.000000 3.945438 -51.887083 0.767661 -0.737348
28080.000000 3.910371 -52.047696 0.849110 -0.734781
28100.000000 3.870504 -52.209382 0.923537 -0.731758
28120.000000 3.826737 -52.372242 0.990571 -0.728317
28140.000000 3.779937 -52.536355 1.050024 -0.724498
28160.000000 3.730908 -52.701774 1.101864 -0.720340
28180.000000 3.680361 -52.868528 1.146188 -0.715878
28200.000000 3.628910 -53.036628 1.183199 -0.711147
28220.000000 3.577072 -53.206066 1.213177 -0.706179
28240.000000 3.525272 -53.376819 1.236459 -0.701003
28260.000000 3.473858 -53.548852 1.253413 -0.695646
28280.000000 3.423110 -53.722122 1.264429 -0.690133
28300.000000 3.373254 -53.896574 1.269899 -0.684487
28320.000000 3.324471 -54.072153 1.270213 -0.678731
28340.000000 3.276905 -54.248792 1.265747 -0.672887
28360.000000 3.230673 -54.426427 1.256866 -0.666974
28380.000000 3.185868 -54.604986 1.243913 -0.661014
28400.000000 3.142564 -54.784397 1.227215 -0.655027
28420.000000 3.100818 -54.964587 1.207079 -0.649031
28440.000000 3.060677 -55.145482 1.183793 -0.643049
28460.000000 3.022175 -55.327007 1.157628 -0.637099
28480.000000 2.985340 -55.509089 1.128839 -0.631202
28500.000000 2.950191 -55.691657 1.097664 -0.625378
28520.000000 2.916741 -55.874641 1.064325 -0.619649
28540.000000 2.884999 -56.057974 1.029032 -0.614035
28560.000000 2.854967 -56.241594 0.991980 -0.608557
28580.000000 2.826646 -56.425440 0.953350 -0.603235
28600.000000 2.800032 -56.609458 0.913313 -0.598091
28620.000000 2.775118 -56.793598 0.872024 -0.593143
28640.000000 2.751895 -56.977814 0.829630 -0.588412
28660.000000 2.730350 -57.162069 0.786264 -0.583916
28680.000000 2.710470 -57.346326 0.742051 -0.579673
28700.000000 2.692236 -57.530560 0.697102 -0.575699
28720.000000 2.675632 -57.714747 0.651523 -0.572010
28740.000000 2.660637 -57.898872 0.605410 -0.568619
28760.000000 2.647230 -58.082922 0.558849 -0.565539
28780.000000 2.635389 -58.266892 0.511924 -0.562781
28800.000000 2.625092 -58.450781 0.464708 -0.560353
28820.000000 2.616316 -58.634593 0.417273 -0.558264
28840.000000 2.609039 -58.818335 0.369685 -0.556520
28860.000000 2.603240 -59.002018 0.322007 -0.555123
28880.000000 2.598896 -59.185656 0.274300 -0.554077
28900.000000 2.595988 -59.369263 0.226622 -0.553383
28920.000000 2.594497 -59.552858 0.179032 -0.553038
28940.000000 2.594406 -59.736458 0.131585 -0.553042
28960.000000 2.595696 -59.920082 0.084338 -0.553390
28980.000000 2.598353 -60.103746 0.037348 -0.554076
29000.000000 2.602364 -60.287469 -0.009327 -0.555094
29020.000000 2.607714 -60.471265 -0.055629 -0.556435
29040.000000 2.614391 -60.655146 -0.101499 -0.558089
29060.000000 2.622384 -60.839121 -0.146873 -0.560047
29080.000000 2.631682 -61.023199 -0.191690 -0.562296
29100.000000 2.642274 -61.207382 -0.235881 -0.564823
29120.000000 2.654148 -61.391669 -0.279379 -0.567615
29140.000000 2.667293 -61.576056 -0.322110 -0.570657
29160.000000 2.681699 -61.760534 -0.363998 -0.573934
29180.000000 2.697353 -61.945091 -0.404964 -0.577432
29200.000000 2.714243 -62.129709 -0.444922 -0.581133
29220.000000 2.732357 -62.314368 -0.483785 -0.585022
29240.000000 2.751683 -62.499042 -0.521457 -0.589083
29260.000000 2.772207 -62.683703 -0.557841 -0.593300
29280.000000 2.793920 -62.868318 -0.592831 -0.597657
29300.000000 2.816810 -63.052851 -0.626318 -0.602139
29320.000000 2.840870 -63.237262 -0.658186 -0.606732
29340.000000 2.866092 -63.421511 -0.688313 -0.611423
29360.000000 2.892474 -63.605551 -0.716570 -0.616197
29380.000000 2.920016 -63.789335 -0.742823 -0.621044
29400.000000 2.948722 -63.972814 -0.766927 -0.625952
29420.000000 2.978602 -64.155936 -0.788733 -0.630911
29440.000000 3.009670 -64.338646 -0.808078 -0.635914
29460.000000 3.041945 -64.520889 -0.824793 -0.640951
29480.000000 3.075452 -64.702606 -0.838694 -0.646015
29500.000000 3.110220 -64.883738 -0.849586 -0.651101
29520.000000 3.146281 -65.064222 -0.857259 -0.656202
29540.000000 3.183670 -65.243996 -0.861484 -0.661312
29560.000000 3.222422 -65.422994 -0.862017 -0.666425
29580.000000 3.262568 -65.601149 -0.858595 -0.671534
29600.000000 3.304131 -65.778394 -0.850932 -0.676631
29620.000000 3.347119 -65.954660 -0.838725 -0.681709
29640.000000 3.391519 -66.129877 -0.821653 -0.686755
29660.000000 3.437284 -66.303977 -0.799379 -0.691757
29680.000000 3.484324 -66.476895 -0.771556 -0.696697
29700.000000 3.532487 -66.648569 -0.737839 -0.701558
29720.000000 3.581547 -66.818946 -0.697895 -0.706314
29740.000000 3.631183 -66.987981 -0.651418 -0.710939
29760.000000 3.680966 -67.155644 -0.598155 -0.715400
29780.000000 3.730346 -67.321924 -0.537930 -0.719662
29800.000000 3.778648 -67.486831 -0.470672 -0.723685
29820.000000 3.825082 -67.650402 -0.396448 -0.727426
29840.000000 3.868756 -67.812703 -0.315497 -0.730843
29860.000000 3.908719 -67.973830 -0.228255 -0.733892
29880.000000 3.943999 -68.133910 -0.135382 -0.736533
29900.000000 3.973665 -68.293102 -0.037762 -0.738727
29920.000000 3.996883 -68.451590 0.063500 -0.740443
29940.000000 4.012966 -68.609580 0.167116 -0.741654
29960.000000 4.021425 -68.767291 0.271668 -0.742338
29980.000000 4.021999 -68.924951 0.375679 -0.742479
30000.000000 4.014672 -69.082785 0.477695 -0.742070
30020.000000 3.999678 -69.241008 0.576355 -0.741109
30040.000000 3.977475 -69.399822 0.670452 -0.739607
30060.000000 3.948714 -69.559405 0.758971 -0.737583
30080.000000 3.914187 -69.719916 0.841108 -0.735064
30100.000000 3.874768 -69.881487 0.916272 -0.732086
30120.000000 3.831358 -70.044223 0.984073 -0.728687
30140.000000 3.784831 -70.208206 1.044304 -0.724904
30160.000000 3.735995 -70.373489 1.096918 -0.720779
30180.000000 3.685573 -70.540107 1.142002 -0.716346
30200.000000 3.634189 -70.708070 1.179747 -0.711642
30220.000000 3.582369 -70.877372 1.210429 -0.706696
30240.000000 3.530548 -71.047992 1.234378 -0.701540
30260.000000 3.479081 -71.219896 1.251961 -0.696200
30280.000000 3.428254 -71.393041 1.263565 -0.690702
30300.000000 3.378298 -71.567376 1.269583 -0.685069
30320.000000 3.329398 -71.742842 1.270406 -0.679323
30340.000000 3.281702 -71.919377 1.266412 -0.673487
30360.000000 3.235330 -72.096913 1.257965 -0.667580
30380.000000 3.190375 -72.275381 1.245413 -0.661624
30400.000000 3.146914 -72.454708 1.229082 -0.655639
30420.000000 3.105007 -72.634822 1.209284 -0.649643
30440.000000 3.064700 -72.815648 1.186307 -0.643658
30460.000000 3.026030 -72.997112 1.160424 -0.637704
30480.000000 2.989024 -73.179141 1.131892 -0.631801
30500.000000 2.953702 -73.361662 1.100949 -0.625969
30520.000000 2.920078 -73.544607 1.067822 -0.620229
30540.000000 2.888161 -73.727908 1.032719 -0.614602
30560.000000 2.857955 -73.911501 0.995838 -0.609109
30580.000000 2.829459 -74.095326 0.957362 -0.603771
30600.000000 2.802671 -74.279329 0.917460 -0.598607
30620.000000 2.777584 -74.463459 0.876293 -0.593639
30640.000000 2.754189 -74.647669 0.834005 -0.588885
30660.000000 2.732473 -74.831921 0.790733 -0.584364
30680.000000 2.712424 -75.016180 0.746600 -0.580094
30700.000000 2.694023 -75.200417 0.701722 -0.576092
30720.000000 2.677253 -75.384610 0.656203 -0.572373
30740.000000 2.662095 -75.568742 0.610140 -0.568951
30760.000000 2.648526 -75.752800 0.563621 -0.565839
30780.000000 2.636527 -75.936778 0.516729 -0.563047
30800.000000 2.626073 -76.120676 0.469540 -0.560586
30820.000000 2.617143 -76.304495 0.422124 -0.558462
30840.000000 2.609714 -76.488244 0.374549 -0.556682
30860.000000 2.603765 -76.671933 0.326877 -0.555250
30880.000000 2.599273 -76.855574 0.279170 -0.554168
30900.000000 2.596220 -77.039183 0.231487 -0.553437
30920.000000 2.594585 -77.222779 0.183885 -0.553058
30940.000000 2.594351 -77.406377 0.136421 -0.553026
30960.000000 2.595501 -77.589998 0.089151 -0.553339
30980.000000 2.598020 -77.773658 0.042132 -0.553991
31000.000000 2.601893 -77.957374 -0.004578 -0.554975
31020.000000 2.607107 -78.141161 -0.050921 -0.556283
31040.000000 2.613649 -78.325033 -0.096837 -0.557906
31060.000000 2.621508 -78.508999 -0.142265 -0.559834
31080.000000 2.630674 -78.693066 -0.187142 -0.562053
31100.000000 2.641133 -78.877238 -0.231400 -0.564552
31120.000000 2.652877 -79.061514 -0.274972 -0.567318
31140.000000 2.665893 -79.245892 -0.317784 -0.570335
31160.000000 2.680171 -79.430361 -0.359762 -0.573589
31180.000000 2.695698 -79.614911 -0.400826 -0.577065
31200.000000 2.712462 -79.799524 -0.440891 -0.580746
31220.000000 2.730452 -79.984179 -0.479870 -0.584617
31240.000000 2.749654 -80.168853 -0.517668 -0.588661
31260.000000 2.770057 -80.353517 -0.554188 -0.592863
31280.000000 2.791649 -80.538138 -0.589326 -0.597206
31300.000000 2.814420 -80.722681 -0.622971 -0.601676
31320.000000 2.838360 -80.907106 -0.655010 -0.606259
31340.000000 2.863464 -81.091373 -0.685320 -0.610940
31360.000000 2.889727 -81.275437 -0.713775 -0.615706
31380.000000 2.917151 -81.459250 -0.740238 -0.620546
31400.000000 2.945738 -81.642763 -0.764569 -0.625448
31420.000000 2.975497 -81.825923 -0.786616 -0.630403
31440.000000 3.006443 -82.008678 -0.806221 -0.635401
31460.000000 3.038594 -82.190971 -0.823212 -0.640435
31480.000000 3.071974 -82.372744 -0.837410 -0.645497
31500.000000 3.106612 -82.553938 -0.848618 -0.650581
31520.000000 3.142539 -82.734492 -0.856629 -0.655681
31540.000000 3.179791 -82.914341 -0.861217 -0.660790
31560.000000 3.218403 -83.093422 -0.862140 -0.665903
31580.000000 3.258405 -83.271666 -0.859133 -0.671012
31600.000000 3.299822 -83.449007 -0.851917 -0.676112
31620.000000 3.342665 -83.625376 -0.840189 -0.681192
31640.000000 3.386922 -83.800703 -0.823629 -0.686242
31660.000000 3.432551 -83.974920 -0.801901 -0.691248
31680.000000 3.479467 -84.147962 -0.774661 -0.696196
31700.000000 3.527524 -84.319766 -0.741562 -0.701066
31720.000000 3.576506 -84.490277 -0.702267 -0.705834
31740.000000 3.626100 -84.659450 -0.656470 -0.710474
31760.000000 3.675891 -84.827255 -0.603910 -0.714953
31780.000000 3.725341 -84.993676 -0.544401 -0.719237
31800.000000 3.773788 -85.158722 -0.477860 -0.723286
31820.000000 3.820452 -85.322427 -0.404340 -0.727058
31840.000000 3.864451 -85.484853 -0.324059 -0.730510
31860.000000 3.904837 -85.646095 -0.237434 -0.733599
31880.000000 3.940639 -85.806275 -0.145098 -0.736283
31900.000000 3.970919 -85.965550 -0.047916 -0.738524
31920.000000 3.994829 -86.124101 0.053031 -0.740291
31940.000000 4.011667 -86.282131 0.156470 -0.741554
31960.000000 4.020920 -86.439861 0.260993 -0.742293
31980.000000 4.022304 -86.597515 0.365128 -0.742490
