0.000000 3.385181 21.286364 -0.780411 0.018599
20.000000 3.384334 21.289914 -0.775192 0.009026
40.000000 3.384114 21.291022 -0.769833 -0.000554
60.000000 3.384524 21.289686 -0.764337 -0.010140
80.000000 3.385564 21.285907 -0.758704 -0.019730
100.000000 3.387235 21.279685 -0.752933 -0.029321
120.000000 3.389540 21.271025 -0.747016 -0.038911
140.000000 3.392479 21.259933 -0.740945 -0.048498
160.000000 3.396056 21.246416 -0.734707 -0.058078
180.000000 3.400271 21.230485 -0.728285 -0.067649
200.000000 3.405127 21.212151 -0.721662 -0.077208
220.000000 3.410626 21.191428 -0.714813 -0.086751
240.000000 3.416770 21.168334 -0.707712 -0.096277
260.000000 3.423560 21.142886 -0.700331 -0.105780
280.000000 3.430999 21.115106 -0.692634 -0.115257
300.000000 3.439086 21.085016 -0.684586 -0.124704
320.000000 3.447823 21.052641 -0.676146 -0.134116
340.000000 3.457207 21.018010 -0.667269 -0.143489
360.000000 3.467239 20.981151 -0.657907 -0.152818
380.000000 3.477914 20.942098 -0.648011 -0.162096
400.000000 3.489228 20.900886 -0.637524 -0.171317
420.000000 3.501174 20.857551 -0.626389 -0.180476
440.000000 3.513745 20.812133 -0.614545 -0.189563
460.000000 3.526927 20.764675 -0.601927 -0.198573
480.000000 3.540707 20.715221 -0.588470 -0.207495
500.000000 3.555066 20.663818 -0.574105 -0.216321
520.000000 3.569982 20.610518 -0.558760 -0.225041
540.000000 3.585427 20.555370 -0.542364 -0.233643
560.000000 3.601369 20.498432 -0.524844 -0.242117
580.000000 3.617768 20.439759 -0.506127 -0.250450
600.000000 3.634580 20.379411 -0.486144 -0.258628
620.000000 3.651752 20.317449 -0.464824 -0.266637
640.000000 3.669224 20.253939 -0.442101 -0.274462
660.000000 3.686926 20.188944 -0.417914 -0.282088
680.000000 3.704781 20.122533 -0.392209 -0.289496
700.000000 3.722703 20.054776 -0.364936 -0.296670
720.000000 3.740594 19.985742 -0.336060 -0.303591
740.000000 3.758350 19.915503 -0.305551 -0.310240
760.000000 3.775857 19.844133 -0.273398 -0.316598
780.000000 3.792993 19.771704 -0.239600 -0.322644
800.000000 3.809630 19.698290 -0.204176 -0.328359
820.000000 3.825633 19.623966 -0.167161 -0.333723
840.000000 3.840863 19.548806 -0.128611 -0.338716
860.000000 3.855182 19.472883 -0.088602 -0.343318
880.000000 3.868450 19.396271 -0.047231 -0.347512
900.000000 3.880533 19.319043 -0.004617 -0.351278
920.000000 3.891299 19.241272 0.039102 -0.354601
940.000000 3.900631 19.163030 0.083766 -0.357466
960.000000 3.908420 19.084388 0.129199 -0.359857
980.000000 3.914573 19.005418 0.175210 -0.361762
1000.000000 3.919015 18.926192 0.221594 -0.363172
1020.000000 3.921689 18.846779 0.268139 -0.364076
1040.000000 3.922560 18.767254 0.314629 -0.364469
1060.000000 3.921614 18.687687 0.360844 -0.364345
1080.000000 3.918861 18.608152 0.406572 -0.363704
1100.000000 3.914331 18.528723 0.451606 -0.362545
1120.000000 3.908077 18.449477 0.495750 -0.360871
1140.000000 3.900172 18.370490 0.538823 -0.358687
1160.000000 3.890704 18.291841 0.580664 -0.356003
1180.000000 3.879779 18.213608 0.621127 -0.352828
1200.000000 3.867516 18.135874 0.660090 -0.349175
1220.000000 3.854040 18.058720 0.697452 -0.345059
1240.000000 3.839488 17.982229 0.733133 -0.340496
1260.000000 3.823996 17.906485 0.767077 -0.335502
1280.000000 3.807704 17.831572 0.799245 -0.330097
1300.000000 3.790751 17.757576 0.829622 -0.324301
1320.000000 3.773270 17.684581 0.858208 -0.318131
1340.000000 3.755391 17.612671 0.885021 -0.311610
1360.000000 3.737238 17.541932 0.910094 -0.304755
1380.000000 3.718927 17.472446 0.933473 -0.297586
1400.000000 3.700564 17.404296 0.955212 -0.290123
1420.000000 3.682250 17.337564 0.975379 -0.282384
1440.000000 3.664076 17.272330 0.994047 -0.274387
1460.000000 3.646124 17.208672 1.011293 -0.266150
1480.000000 3.628467 17.146668 1.027202 -0.257688
1500.000000 3.611173 17.086392 1.041859 -0.249017
1520.000000 3.594299 17.027916 1.055351 -0.240153
1540.000000 3.577898 16.971311 1.067768 -0.231110
1560.000000 3.562015 16.916645 1.079197 -0.221901
1580.000000 3.546689 16.863983 1.089725 -0.212539
1600.000000 3.531955 16.813389 1.099435 -0.203035
1620.000000 3.517841 16.764921 1.108412 -0.193402
1640.000000 3.504374 16.718638 1.116733 -0.183650
1660.000000 3.491573 16.674594 1.124475 -0.173788
1680.000000 3.479458 16.632840 1.131709 -0.163826
1700.000000 3.468043 16.593425 1.138505 -0.153773
1720.000000 3.457340 16.556395 1.144927 -0.143636
1740.000000 3.447359 16.521792 1.151034 -0.133423
1760.000000 3.438109 16.489657 1.156883 -0.123142
1780.000000 3.429598 16.460027 1.162524 -0.112798
1800.000000 3.421829 16.432935 1.168004 -0.102398
1820.000000 3.414808 16.408413 1.173367 -0.091948
1840.000000 3.408539 16.386488 1.178649 -0.081454
1860.000000 3.403024 16.367187 1.183885 -0.070920
1880.000000 3.398265 16.350532 1.189103 -0.060352
1900.000000 3.394265 16.336541 1.194329 -0.049754
1920.000000 3.391025 16.325233 1.199584 -0.039130
1940.000000 3.388548 16.316620 1.204883 -0.028486
1960.000000 3.386834 16.310713 1.210240 -0.017826
1980.000000 3.385884 16.307521 1.215661 -0.007153
2000.000000 3.385700 16.307048 1.221151 0.003528
2020.000000 3.386284 16.309297 1.226711 0.014213
2040.000000 3.387636 16.314266 1.232334 0.024898
2060.000000 3.389758 16.321953 1.238015 0.035578
2080.000000 3.392651 16.332350 1.243740 0.046250
2100.000000 3.396317 16.345448 1.249493 0.056908
2120.000000 3.400755 16.361234 1.255255 0.067549
2140.000000 3.405967 16.379693 1.261002 0.078167
2160.000000 3.411954 16.400807 1.266707 0.088758
2180.000000 3.418715 16.424554 1.272337 0.099318
2200.000000 3.426250 16.450909 1.277859 0.109840
2220.000000 3.434560 16.479846 1.283234 0.120321
2240.000000 3.443642 16.511335 1.288419 0.130754
2260.000000 3.453494 16.545343 1.293368 0.141134
2280.000000 3.464115 16.581833 1.298032 0.151456
2300.000000 3.475499 16.620767 1.302358 0.161713
2320.000000 3.487644 16.662104 1.306290 0.171901
2340.000000 3.500543 16.705801 1.309768 0.182012
2360.000000 3.514190 16.751810 1.312729 0.192042
2380.000000 3.528576 16.800083 1.315106 0.201983
2400.000000 3.543692 16.850569 1.316832 0.211829
2420.000000 3.559527 16.903214 1.317832 0.221574
2440.000000 3.576068 16.957963 1.318033 0.231212
2460.000000 3.593301 17.014758 1.317355 0.240735
2480.000000 3.611207 17.073539 1.315720 0.250137
2500.000000 3.629769 17.134246 1.313043 0.259411
2520.000000 3.648964 17.196816 1.309241 0.268550
2540.000000 3.668767 17.261185 1.304225 0.277546
2560.000000 3.689149 17.327287 1.297909 0.286393
2580.000000 3.710081 17.395056 1.290201 0.295083
2600.000000 3.731524 17.464424 1.281013 0.303608
2620.000000 3.753438 17.535324 1.270253 0.311959
2640.000000 3.775777 17.607685 1.257833 0.320128
2660.000000 3.798489 17.681438 1.243662 0.328105
2680.000000 3.821514 17.756514 1.227655 0.335881
2700.000000 3.844786 17.832842 1.209727 0.343446
2720.000000 3.868229 17.910352 1.189799 0.350787
2740.000000 3.891760 17.988974 1.167796 0.357893
2760.000000 3.915285 18.068638 1.143650 0.364751
2780.000000 3.938699 18.149274 1.117301 0.371347
2800.000000 3.961888 18.230814 1.088698 0.377667
2820.000000 3.984725 18.313188 1.057800 0.383693
2840.000000 4.007076 18.396329 1.024580 0.389409
2860.000000 4.028792 18.480169 0.989024 0.394798
2880.000000 4.049722 18.564643 0.951135 0.399841
2900.000000 4.069704 18.649685 0.910932 0.404519
2920.000000 4.088573 18.735231 0.868454 0.408815
2940.000000 4.106164 18.821218 0.823761 0.412710
2960.000000 4.122311 18.907585 0.776933 0.416187
2980.000000 4.136857 18.994272 0.728075 0.419231
3000.000000 4.149653 19.081220 0.677315 0.421829
3020.000000 4.160563 19.168374 0.624806 0.423969
3040.000000 4.169469 19.255679 0.570727 0.425644
3060.000000 4.176272 19.343082 0.515279 0.426848
3080.000000 4.180895 19.430535 0.458684 0.427579
3100.000000 4.183285 19.517990 0.401188 0.427838
3120.000000 4.183416 19.605401 0.343049 0.427627
3140.000000 4.181287 19.692724 0.284540 0.426952
3160.000000 4.176920 19.779918 0.225939 0.425819
3180.000000 4.170365 19.866939 0.167529 0.424236
3200.000000 4.161694 19.953747 0.109587 0.422211
3220.000000 4.151000 20.040299 0.052380 0.419754
3240.000000 4.138397 20.126554 -0.003837 0.416875
3260.000000 4.124014 20.212466 -0.058829 0.413586
3280.000000 4.107996 20.297989 -0.112383 0.409898
3300.000000 4.090500 20.383074 -0.164309 0.405826
3320.000000 4.071688 20.467673 -0.214444 0.401384
3340.000000 4.051730 20.551731 -0.262652 0.396587
3360.000000 4.030796 20.635194 -0.308824 0.391453
3380.000000 4.009057 20.718006 -0.352875 0.385999
3400.000000 3.986676 20.800109 -0.394745 0.380244
3420.000000 3.963811 20.881444 -0.434396 0.374206
3440.000000 3.940614 20.961951 -0.471811 0.367905
3460.000000 3.917221 21.041569 -0.506991 0.361358
3480.000000 3.893761 21.120236 -0.539952 0.354584
3500.000000 3.870350 21.197892 -0.570727 0.347600
3520.000000 3.847089 21.274474 -0.599358 0.340422
3540.000000 3.824069 21.349923 -0.625898 0.333065
3560.000000 3.801370 21.424178 -0.650407 0.325543
3580.000000 3.779059 21.497179 -0.672954 0.317871
3600.000000 3.757193 21.568868 -0.693609 0.310058
3620.000000 3.735821 21.639186 -0.712450 0.302118
3640.000000 3.714981 21.708078 -0.729554 0.294058
3660.000000 3.694707 21.775488 -0.745002 0.285889
3680.000000 3.675024 21.841361 -0.758873 0.277618
3700.000000 3.655953 21.905646 -0.771250 0.269253
3720.000000 3.637510 21.968290 -0.782211 0.260800
3740.000000 3.619706 22.029244 -0.791835 0.252265
3760.000000 3.602549 22.088459 -0.800200 0.243652
3780.000000 3.586046 22.145889 -0.807381 0.234968
3800.000000 3.570201 22.201486 -0.813451 0.226216
3820.000000 3.555014 22.255208 -0.818482 0.217399
3840.000000 3.540488 22.307011 -0.822542 0.208523
3860.000000 3.526621 22.356855 -0.825698 0.199589
3880.000000 3.513412 22.404699 -0.828014 0.190601
3900.000000 3.500860 22.450507 -0.829549 0.181561
3920.000000 3.488962 22.494240 -0.830364 0.172474
3940.000000 3.477716 22.535865 -0.830513 0.163340
3960.000000 3.467119 22.575347 -0.830050 0.154162
3980.000000 3.457169 22.612656 -0.829025 0.144943
4000.000000 3.447863 22.647761 -0.827485 0.135686
4020.000000 3.439199 22.680633 -0.825475 0.126391
4040.000000 3.431173 22.711247 -0.823038 0.117063
4060.000000 3.423784 22.739576 -0.820212 0.107702
4080.000000 3.417031 22.765599 -0.817035 0.098310
4100.000000 3.410910 22.789292 -0.813540 0.088891
4120.000000 3.405421 22.810636 -0.809757 0.079446
4140.000000 3.400561 22.829615 -0.805716 0.069976
4160.000000 3.396331 22.846210 -0.801442 0.060485
4180.000000 3.392728 22.860408 -0.796956 0.050975
4200.000000 3.389753 22.872198 -0.792280 0.041446
4220.000000 3.387405 22.881567 -0.787428 0.031903
4240.000000 3.385685 22.888507 -0.782416 0.022346
4260.000000 3.384591 22.893012 -0.777254 0.012777
4280.000000 3.384126 22.895077 -0.771949 0.003200
4300.000000 3.384289 22.894699 -0.766506 -0.006384
4320.000000 3.385081 22.891876 -0.760927 -0.015973
4340.000000 3.386505 22.886611 -0.755211 -0.025564
4360.000000 3.388561 22.878906 -0.749352 -0.035155
4380.000000 3.391252 22.868766 -0.743343 -0.044743
4400.000000 3.394579 22.856197 -0.737171 -0.054326
4420.000000 3.398543 22.841211 -0.730824 -0.063900
4440.000000 3.403148 22.823816 -0.724282 -0.073464
4460.000000 3.408395 22.804028 -0.717524 -0.083015
4480.000000 3.414286 22.781861 -0.710526 -0.092547
4500.000000 3.420823 22.757333 -0.703258 -0.102060
4520.000000 3.428008 22.730463 -0.695689 -0.111547
4540.000000 3.435841 22.701275 -0.687783 -0.121007
4560.000000 3.444323 22.669792 -0.679502 -0.130433
4580.000000 3.453454 22.636042 -0.670801 -0.139822
4600.000000 3.463232 22.600052 -0.661635 -0.149169
4620.000000 3.473655 22.561855 -0.651955 -0.158468
4640.000000 3.484720 22.521484 -0.641706 -0.167712
4660.000000 3.496419 22.478975 -0.630832 -0.176896
4680.000000 3.508747 22.434369 -0.619273 -0.186012
4700.000000 3.521691 22.387705 -0.606967 -0.195053
4720.000000 3.535239 22.339027 -0.593847 -0.204010
4740.000000 3.549373 22.288382 -0.579845 -0.212875
4760.000000 3.564074 22.235819 -0.564892 -0.221638
4780.000000 3.579315 22.181389 -0.548917 -0.230288
4800.000000 3.595067 22.125145 -0.531846 -0.238814
4820.000000 3.611292 22.067145 -0.513607 -0.247203
4840.000000 3.627948 22.007446 -0.494128 -0.255443
4860.000000 3.644986 21.946109 -0.473339 -0.263521
4880.000000 3.662348 21.883197 -0.451174 -0.271420
4900.000000 3.679969 21.818776 -0.427567 -0.279125
4920.000000 3.697774 21.752912 -0.402463 -0.286621
4940.000000 3.715680 21.685674 -0.375810 -0.293889
4960.000000 3.733595 21.617132 -0.347565 -0.300911
4980.000000 3.751417 21.547356 -0.317699 -0.307669
5000.000000 3.769036 21.476420 -0.286190 -0.314143
5020.000000 3.786332 21.404397 -0.253035 -0.320314
5040.000000 3.803181 21.331361 -0.218245 -0.326161
5060.000000 3.819448 21.257384 -0.181848 -0.331665
5080.000000 3.834998 21.182543 -0.143891 -0.336805
5100.000000 3.849690 21.106910 -0.104444 -0.341563
5120.000000 3.863387 21.030559 -0.063593 -0.345919
5140.000000 3.875949 20.953564 -0.021451 -0.349855
5160.000000 3.887246 20.875997 0.021853 -0.353353
5180.000000 3.897154 20.797931 0.066167 -0.356399
5200.000000 3.905559 20.719437 0.111321 -0.358977
5220.000000 3.912363 20.640587 0.157129 -0.361074
5240.000000 3.917483 20.561453 0.203392 -0.362679
5260.000000 3.920855 20.482105 0.249900 -0.363782
5280.000000 3.922435 20.402615 0.296437 -0.364376
5300.000000 3.922201 20.323055 0.342786 -0.364455
5320.000000 3.920153 20.243499 0.388730 -0.364017
5340.000000 3.916314 20.164020 0.434059 -0.363060
5360.000000 3.910728 20.084694 0.478574 -0.361587
5380.000000 3.903460 20.005596 0.522087 -0.359603
5400.000000 3.894593 19.926805 0.564429 -0.357114
5420.000000 3.884225 19.848399 0.605448 -0.354130
5440.000000 3.872471 19.770460 0.645012 -0.350663
5460.000000 3.859455 19.693069 0.683012 -0.346726
5480.000000 3.845308 19.616308 0.719359 -0.342336
5500.000000 3.830168 19.540261 0.753989 -0.337508
5520.000000 3.814173 19.465013 0.786856 -0.332263
5540.000000 3.797463 19.390648 0.817936 -0.326617
5560.000000 3.780172 19.317250 0.847222 -0.320591
5580.000000 3.762435 19.244905 0.874727 -0.314205
5600.000000 3.744375 19.173697 0.900477 -0.307479
5620.000000 3.726112 19.103710 0.924513 -0.300431
5640.000000 3.707757 19.035027 0.946887 -0.293081
5660.000000 3.689413 18.967730 0.967662 -0.285448
5680.000000 3.671174 18.901900 0.986907 -0.277550
5700.000000 3.653125 18.837616 1.004701 -0.269404
5720.000000 3.635345 18.774954 1.021123 -0.261028
5740.000000 3.617901 18.713992 1.036260 -0.252438
5760.000000 3.600856 18.654803 1.050199 -0.243648
5780.000000 3.584264 18.597457 1.063027 -0.234673
5800.000000 3.568173 18.542023 1.074832 -0.225527
5820.000000 3.552624 18.488569 1.085702 -0.216224
5840.000000 3.537654 18.437157 1.095723 -0.206774
5860.000000 3.523295 18.387849 1.104978 -0.197191
5880.000000 3.509571 18.340704 1.113546 -0.187484
5900.000000 3.496507 18.295776 1.121506 -0.177664
5920.000000 3.484122 18.253119 1.128931 -0.167740
5940.000000 3.472430 18.212782 1.135891 -0.157722
5960.000000 3.461447 18.174812 1.142452 -0.147616
5980.000000 3.451182 18.139254 1.148676 -0.137433
6000.000000 3.441645 18.106148 1.154619 -0.127177
6020.000000 3.432844 18.075532 1.160336 -0.116857
6040.000000 3.424784 18.047442 1.165874 -0.106479
6060.000000 3.417469 18.021909 1.171278 -0.096048
6080.000000 3.410905 17.998964 1.176587 -0.085570
6100.000000 3.405094 17.978632 1.181837 -0.075051
6120.000000 3.400039 17.960938 1.187059 -0.064496
6140.000000 3.395741 17.945901 1.192280 -0.053909
6160.000000 3.392204 17.933540 1.197521 -0.043295
6180.000000 3.389428 17.923870 1.202801 -0.032658
6200.000000 3.387414 17.916902 1.208134 -0.022004
6220.000000 3.386165 17.912646 1.213529 -0.011335
6240.000000 3.385681 17.911107 1.218992 -0.000657
6260.000000 3.385964 17.912290 1.224525 0.010027
6280.000000 3.387015 17.916193 1.230124 0.020713
6300.000000 3.388835 17.922816 1.235784 0.031395
6320.000000 3.391426 17.932152 1.241493 0.042070
6340.000000 3.394789 17.944193 1.247237 0.052734
6360.000000 3.398924 17.958928 1.252998 0.063382
6380.000000 3.403833 17.976342 1.258754 0.074010
6400.000000 3.409516 17.996418 1.264479 0.084612
6420.000000 3.415974 18.019136 1.270143 0.095185
6440.000000 3.423206 18.044473 1.275712 0.105723
6460.000000 3.431212 18.072402 1.281149 0.116220
6480.000000 3.439992 18.102895 1.286413 0.126672
6500.000000 3.449543 18.135920 1.291460 0.137074
6520.000000 3.459863 18.171442 1.296242 0.147419
6540.000000 3.470949 18.209424 1.300707 0.157703
6560.000000 3.482796 18.249825 1.304800 0.167919
6580.000000 3.495401 18.292603 1.308464 0.178061
6600.000000 3.508755 18.337711 1.311635 0.188123
6620.000000 3.522853 18.385104 1.314249 0.198099
6640.000000 3.537684 18.434729 1.316238 0.207983
6660.000000 3.553239 18.486534 1.317531 0.217769
6680.000000 3.569505 18.540466 1.318054 0.227449
6700.000000 3.586469 18.596466 1.317730 0.237018
6720.000000 3.604113 18.654476 1.316480 0.246468
6740.000000 3.622421 18.714437 1.314221 0.255793
6760.000000 3.641370 18.776284 1.310870 0.264986
6780.000000 3.660938 18.839956 1.306340 0.274039
6800.000000 3.681097 18.905387 1.300544 0.282946
6820.000000 3.701818 18.972511 1.293392 0.291698
6840.000000 3.723065 19.041261 1.284795 0.300289
6860.000000 3.744800 19.111569 1.274661 0.308709
6880.000000 3.766978 19.183365 1.262902 0.316950
6900.000000 3.789551 19.256581 1.249427 0.325004
6920.000000 3.812460 19.331148 1.234150 0.332860
6940.000000 3.835644 19.406993 1.216984 0.340508
6960.000000 3.859030 19.484049 1.197849 0.347938
6980.000000 3.882537 19.562244 1.176667 0.355138
7000.000000 3.906076 19.641508 1.153369 0.362095
7020.000000 3.929547 19.721772 1.127889 0.368796
7040.000000 3.952838 19.802965 1.100174 0.375225
7060.000000 3.975829 19.885021 1.070179 0.381368
7080.000000 3.998387 19.967869 1.037872 0.387208
7100.000000 4.020370 20.051443 1.003232 0.392727
7120.000000 4.041627 20.135677 0.966255 0.397908
7140.000000 4.062000 20.220504 0.926955 0.402731
7160.000000 4.081324 20.305860 0.885363 0.407179
7180.000000 4.099435 20.391681 0.841529 0.411233
7200.000000 4.116167 20.477907 0.795526 0.414876
7220.000000 4.131359 20.564475 0.747449 0.418091
7240.000000 4.144858 20.651328 0.697417 0.420865
7260.000000 4.156522 20.738408 0.645574 0.423186
7280.000000 4.166226 20.825660 0.592088 0.425044
7300.000000 4.173863 20.913031 0.537150 0.426432
7320.000000 4.179347 21.000471 0.480977 0.427349
7340.000000 4.182617 21.087930 0.423803 0.427793
7360.000000 4.183635 21.175364 0.365884 0.427766
7380.000000 4.182389 21.262726 0.307487 0.427272
7400.000000 4.178895 21.349975 0.248889 0.426317
7420.000000 4.173190 21.437069 0.190371 0.424909
7440.000000 4.165337 21.523966 0.132213 0.423056
7460.000000 4.155424 21.610623 0.074687 0.420767
7480.000000 4.143554 21.697000 0.018053 0.418052
7500.000000 4.129851 21.783051 -0.037446 0.414922
7520.000000 4.114456 21.868732 -0.091587 0.411389
7540.000000 4.097520 21.953995 -0.144171 0.407466
7560.000000 4.079203 22.038790 -0.195026 0.403167
7580.000000 4.059674 22.123066 -0.244004 0.398507
7600.000000 4.039102 22.206769 -0.290985 0.393503
7620.000000 4.017659 22.289843 -0.335875 0.388172
7640.000000 3.995509 22.372231 -0.378605 0.382533
7660.000000 3.972816 22.453875 -0.419128 0.376604
7680.000000 3.949732 22.534713 -0.457420 0.370404
7700.000000 3.926400 22.614686 -0.493474 0.363951
7720.000000 3.902952 22.693733 -0.527302 0.357264
7740.000000 3.879509 22.771792 -0.558929 0.350360
7760.000000 3.856177 22.848803 -0.588394 0.343256
7780.000000 3.833053 22.924703 -0.615746 0.335967
7800.000000 3.810220 22.999432 -0.641043 0.328509
7820.000000 3.787749 23.072932 -0.664350 0.320894
7840.000000 3.765703 23.145141 -0.685738 0.313135
7860.000000 3.744132 23.216003 -0.705280 0.305243
7880.000000 3.723079 23.285461 -0.723055 0.297229
7900.000000 3.702580 23.353458 -0.739142 0.289102
7920.000000 3.682663 23.419939 -0.753622 0.280870
7940.000000 3.663351 23.484853 -0.766574 0.272541
7960.000000 3.644660 23.548146 -0.778080 0.264122
7980.000000 3.626604 23.609768 -0.788219 0.255618
8000.000000 3.609193 23.669670 -0.797068 0.247035
8020.000000 3.592433 23.727804 -0.804704 0.238379
8040.000000 3.576330 23.784125 -0.811201 0.229652
8060.000000 3.560885 23.838586 -0.816631 0.220861
8080.000000 3.546100 23.891146 -0.821063 0.212007
8100.000000 3.531975 23.941762 -0.824566 0.203095
8120.000000 3.518509 23.990395 -0.827203 0.194128
8140.000000 3.505700 24.037004 -0.829037 0.185109
8160.000000 3.493546 24.081555 -0.830127 0.176039
8180.000000 3.482044 24.124009 -0.830531 0.166923
8200.000000 3.471194 24.164335 -0.830301 0.157762
8220.000000 3.460990 24.202499 -0.829490 0.148560
8240.000000 3.451432 24.238471 -0.828146 0.139317
8260.000000 3.442517 24.272221 -0.826315 0.130037
8280.000000 3.434241 24.303723 -0.824041 0.120721
8300.000000 3.426603 24.332950 -0.821363 0.111372
8320.000000 3.419601 24.359879 -0.818319 0.101993
8340.000000 3.413232 24.384487 -0.814945 0.092584
8360.000000 3.407496 24.406754 -0.811271 0.083149
8380.000000 3.402390 24.426661 -0.807329 0.073689
8400.000000 3.397913 24.444191 -0.803143 0.064206
8420.000000 3.394065 24.459331 -0.798737 0.054703
8440.000000 3.390844 24.472065 -0.794133 0.045181
8460.000000 3.388250 24.482383 -0.789349 0.035643
8480.000000 3.386284 24.490276 -0.784398 0.026091
8500.000000 3.384945 24.495736 -0.779293 0.016527
8520.000000 3.384233 24.498757 -0.774043 0.006953
8540.000000 3.384150 24.499336 -0.768654 -0.002629
8560.000000 3.384696 24.497471 -0.763129 -0.012216
8580.000000 3.385872 24.493163 -0.757467 -0.021806
8600.000000 3.387680 24.486413 -0.751665 -0.031397
8620.000000 3.390122 24.477226 -0.745715 -0.040987
8640.000000 3.393199 24.465608 -0.739609 -0.050572
8660.000000 3.396914 24.451567 -0.733333 -0.060151
8680.000000 3.401268 24.435115 -0.726869 -0.069719
8700.000000 3.406263 24.416262 -0.720199 -0.079275
8720.000000 3.411901 24.395025 -0.713298 -0.088815
8740.000000 3.418185 24.371420 -0.706139 -0.098336
8760.000000 3.425116 24.345465 -0.698692 -0.107834
8780.000000 3.432695 24.317183 -0.690923 -0.117305
8800.000000 3.440923 24.286596 -0.682793 -0.126745
8820.000000 3.449799 24.253730 -0.674262 -0.136149
8840.000000 3.459324 24.218614 -0.665285 -0.145513
8860.000000 3.469495 24.181277 -0.655812 -0.154831
8880.000000 3.480309 24.141754 -0.645792 -0.164097
8900.000000 3.491761 24.100078 -0.635170 -0.173306
8920.000000 3.503843 24.056289 -0.623887 -0.182449
8940.000000 3.516547 24.010426 -0.611881 -0.191521
8960.000000 3.529860 23.962532 -0.599088 -0.200512
8980.000000 3.543767 23.912652 -0.585440 -0.209414
9000.000000 3.558249 23.860834 -0.570868 -0.218218
9020.000000 3.573282 23.807129 -0.555302 -0.226913
9040.000000 3.588837 23.751589 -0.538668 -0.235489
9060.000000 3.604882 23.694270 -0.520896 -0.243934
9080.000000 3.621375 23.635229 -0.501911 -0.252234
9100.000000 3.638269 23.574527 -0.481644 -0.260377
9120.000000 3.655512 23.512225 -0.460025 -0.268347
9140.000000 3.673040 23.448387 -0.436991 -0.276131
9160.000000 3.690782 23.383080 -0.412480 -0.283711
9180.000000 3.708659 23.316372 -0.386439 -0.291070
9200.000000 3.726582 23.248332 -0.358822 -0.298190
9220.000000 3.744453 23.179031 -0.329594 -0.305054
9240.000000 3.762165 23.108541 -0.298730 -0.311642
9260.000000 3.779603 23.036935 -0.266220 -0.317934
9280.000000 3.796642 22.964287 -0.232068 -0.323910
9300.000000 3.813153 22.890670 -0.196295 -0.329551
9320.000000 3.829000 22.816159 -0.158943 -0.334836
9340.000000 3.844045 22.740827 -0.120070 -0.339746
9360.000000 3.858149 22.664748 -0.079757 -0.344261
9380.000000 3.871171 22.587997 -0.038106 -0.348364
9400.000000 3.882979 22.510646 0.004760 -0.352036
9420.000000 3.893445 22.432766 0.048697 -0.355261
9440.000000 3.902452 22.354432 0.093543 -0.358024
9460.000000 3.909894 22.275713 0.139118 -0.360311
9480.000000 3.915682 22.196681 0.185227 -0.362110
9500.000000 3.919745 22.117408 0.231665 -0.363411
9520.000000 3.922031 22.037966 0.278216 -0.364205
9540.000000 3.922509 21.958425 0.324665 -0.364486
9560.000000 3.921170 21.878858 0.370793 -0.364250
9580.000000 3.918029 21.799340 0.416388 -0.363497
9600.000000 3.913121 21.719945 0.461244 -0.362226
9620.000000 3.906503 21.640748 0.505171 -0.360441
9640.000000 3.898251 21.561828 0.547991 -0.358148
9660.000000 3.888458 21.483262 0.589545 -0.355357
9680.000000 3.877234 21.405130 0.629693 -0.352078
9700.000000 3.864696 21.327514 0.668318 -0.348323
9720.000000 3.850976 21.250497 0.705322 -0.344108
9740.000000 3.836209 21.174160 0.740631 -0.339450
9760.000000 3.820532 21.098589 0.774192 -0.334366
9780.000000 3.804086 21.023868 0.805974 -0.328875
9800.000000 3.787006 20.950081 0.835962 -0.322996
9820.000000 3.769429 20.877314 0.864163 -0.316749
9840.000000 3.751480 20.805650 0.890596 -0.310153
9860.000000 3.733283 20.735175 0.915298 -0.303229
9880.000000 3.714952 20.665971 0.938316 -0.295995
9900.000000 3.696592 20.598122 0.959709 -0.288471
9920.000000 3.678301 20.531707 0.979545 -0.280674
9940.000000 3.660168 20.466808 0.997898 -0.272624
9960.000000 3.642274 20.403502 1.014848 -0.264336
9980.000000 3.624690 20.341865 1.030478 -0.255828
10000.000000 3.607482 20.281972 1.044875 -0.247114
10020.000000 3.590706 20.223896 1.058128 -0.238210
10040.000000 3.574414 20.167705 1.070323 -0.229130
10060.000000 3.558648 20.113468 1.081550 -0.219887
10080.000000 3.543448 20.061248 1.091893 -0.210493
10100.000000 3.528846 20.011109 1.101438 -0.200961
10120.000000 3.514870 19.963110 1.110266 -0.191301
10140.000000 3.501545 19.917307 1.118455 -0.181524
10160.000000 3.488892 19.873754 1.126081 -0.171640
10180.000000 3.476927 19.832503 1.133216 -0.161657
10200.000000 3.465665 19.793600 1.139925 -0.151585
10220.000000 3.455117 19.757092 1.146274 -0.141431
10240.000000 3.445294 19.723020 1.152321 -0.131203
10260.000000 3.436204 19.691425 1.158120 -0.120907
10280.000000 3.427853 19.662341 1.163722 -0.110551
10300.000000 3.420246 19.635803 1.169174 -0.100140
10320.000000 3.413387 19.611841 1.174516 -0.089680
10340.000000 3.407281 19.590482 1.179785 -0.079177
10360.000000 3.401929 19.571752 1.185015 -0.068635
10380.000000 3.397335 19.555672 1.190233 -0.058060
10400.000000 3.393499 19.542261 1.195464 -0.047456
10420.000000 3.390424 19.531535 1.200727 -0.036828
10440.000000 3.388112 19.523507 1.206038 -0.026180
10460.000000 3.386563 19.518188 1.211408 -0.015516
10480.000000 3.385779 19.515584 1.216844 -0.004841
10500.000000 3.385762 19.515700 1.222349 0.005841
10520.000000 3.386512 19.518538 1.227923 0.016527
10540.000000 3.388030 19.524096 1.233560 0.027211
10560.000000 3.390319 19.532370 1.239251 0.037889
10580.000000 3.393379 19.543353 1.244984 0.048558
10600.000000 3.397212 19.557034 1.250741 0.059213
10620.000000 3.401818 19.573400 1.256502 0.069849
10640.000000 3.407197 19.592435 1.262242 0.080462
10660.000000 3.413352 19.614121 1.267933 0.091047
10680.000000 3.420281 19.638435 1.273543 0.101599
10700.000000 3.427984 19.665352 1.279037 0.112113
10720.000000 3.436460 19.694844 1.284374 0.122583
10740.000000 3.445709 19.726881 1.289512 0.133006
10760.000000 3.455728 19.761429 1.294404 0.143374
10780.000000 3.466515 19.798452 1.298999 0.153682
10800.000000 3.478064 19.837910 1.303245 0.163925
10820.000000 3.490373 19.879762 1.307084 0.174097
10840.000000 3.503435 19.923963 1.310455 0.184191
10860.000000 3.517242 19.970467 1.313295 0.194202
10880.000000 3.531787 20.019223 1.315538 0.204123
10900.000000 3.547060 20.070181 1.317112 0.213948
10920.000000 3.563049 20.123286 1.317946 0.223670
10940.000000 3.579741 20.178483 1.317963 0.233283
10960.000000 3.597121 20.235713 1.317085 0.242781
10980.000000 3.615171 20.294917 1.315232 0.252156
11000.000000 3.633872 20.356032 1.312319 0.261401
11020.000000 3.653200 20.418997 1.308261 0.270510
11040.000000 3.673131 20.483747 1.302971 0.279475
11060.000000 3.693636 20.550216 1.296361 0.288288
11080.000000 3.714681 20.618337 1.288341 0.296943
11100.000000 3.736229 20.688042 1.278820 0.305431
11120.000000 3.758240 20.759264 1.267708 0.313743
11140.000000 3.780664 20.831932 1.254916 0.321872
11160.000000 3.803449 20.905978 1.240355 0.329806
11180.000000 3.826534 20.981331 1.223939 0.337537
11200.000000 3.849849 21.057921 1.205585 0.345054
11220.000000 3.873319 21.135677 1.185214 0.352346
11240.000000 3.896857 21.214531 1.162753 0.359400
11260.000000 3.920367 21.294411 1.138135 0.366202
11280.000000 3.943743 21.375249 1.111301 0.372740
11300.000000 3.966867 21.456975 1.082204 0.378997
11320.000000 3.989610 21.539521 1.050805 0.384957
11340.000000 4.011836 21.622819 1.017080 0.390604
11360.000000 4.033396 21.706802 0.981019 0.395920
11380.000000 4.054134 21.791404 0.942627 0.400885
11400.000000 4.073889 21.876560 0.901927 0.405483
11420.000000 4.092496 21.962207 0.858964 0.409693
11440.000000 4.109787 22.048282 0.813801 0.413499
11460.000000 4.125601 22.134723 0.766523 0.416884
11480.000000 4.139781 22.221471 0.717242 0.419832
11500.000000 4.152179 22.308469 0.666090 0.422331
11520.000000 4.162665 22.395660 0.613225 0.424371
11540.000000 4.171123 22.482990 0.558832 0.425945
11560.000000 4.177460 22.570409 0.503115 0.427046
11580.000000 4.181603 22.657866 0.446304 0.427675
11600.000000 4.183506 22.745315 0.388646 0.427832
11620.000000 4.183147 22.832711 0.330404 0.427520
11640.000000 4.180530 22.920010 0.271851 0.426746
11660.000000 4.175684 23.007169 0.213268 0.425514
11680.000000 4.168664 23.094148 0.154936 0.423835
11700.000000 4.159547 23.180904 0.097130 0.421715
11720.000000 4.148429 23.267396 0.040117 0.419166
11740.000000 4.135429 23.353580 -0.015854 0.416197
11760.000000 4.120680 23.439411 -0.070552 0.412821
11780.000000 4.104328 23.524844 -0.123768 0.409049
11800.000000 4.086533 23.609828 -0.175320 0.404895
11820.000000 4.067458 23.694314 -0.225048 0.400375
11840.000000 4.047275 23.778248 -0.272824 0.395503
11860.000000 4.026152 23.861575 -0.318543 0.390299
11880.000000 4.004260 23.944239 -0.362126 0.384778
11900.000000 3.981761 24.026181 -0.403518 0.378960
11920.000000 3.958813 24.107342 -0.442686 0.372864
11940.000000 3.935561 24.187661 -0.479616 0.366508
11960.000000 3.912144 24.267079 -0.514314 0.359911
11980.000000 3.888685 24.345532 -0.546799 0.353090
12000.000000 3.865298 24.422960 -0.577106 0.346062
12020.000000 3.842082 24.499303 -0.605279 0.338844
12040.000000 3.819125 24.574498 -0.631374 0.331450
12060.000000 3.796505 24.648486 -0.655453 0.323895
12080.000000 3.774286 24.721208 -0.677583 0.316191
12100.000000 3.752523 24.792605 -0.697839 0.308350
12120.000000 3.731262 24.862620 -0.716297 0.300383
12140.000000 3.710543 24.931195 -0.733036 0.292299
12160.000000 3.690395 24.998277 -0.748136 0.284107
12180.000000 3.670843 25.063811 -0.761677 0.275815
12200.000000 3.651907 25.127745 -0.773740 0.267430
12220.000000 3.633601 25.190027 -0.784405 0.258959
12240.000000 3.615936 25.250609 -0.793750 0.250407
12260.000000 3.598921 25.309441 -0.801852 0.241778
12280.000000 3.582560 25.366478 -0.808787 0.233079
12300.000000 3.566857 25.421673 -0.814626 0.224312
12320.000000 3.551814 25.474983 -0.819441 0.215483
12340.000000 3.537430 25.526365 -0.823300 0.206593
12360.000000 3.523706 25.575780 -0.826269 0.197647
12380.000000 3.510639 25.623186 -0.828410 0.188648
12400.000000 3.498229 25.668548 -0.829785 0.179598
12420.000000 3.486472 25.711827 -0.830451 0.170500
12440.000000 3.475367 25.752991 -0.830463 0.161356
12460.000000 3.464911 25.792006 -0.829874 0.152170
12480.000000 3.455100 25.828840 -0.828733 0.142942
12500.000000 3.445933 25.863464 -0.827088 0.133677
12520.000000 3.437407 25.895849 -0.824982 0.124375
12540.000000 3.429520 25.925971 -0.822458 0.115039
12560.000000 3.422269 25.953802 -0.819553 0.105671
12580.000000 3.415652 25.979322 -0.816304 0.096273
12600.000000 3.409668 26.002509 -0.812744 0.086848
12620.000000 3.404315 26.023342 -0.808904 0.077397
12640.000000 3.399592 26.041806 -0.804810 0.067923
12660.000000 3.395497 26.057884 -0.800488 0.058428
12680.000000 3.392031 26.071561 -0.795960 0.048913
12700.000000 3.389192 26.082827 -0.791244 0.039382
12720.000000 3.386980 26.091671 -0.786356 0.029835
12740.000000 3.385395 26.098085 -0.781311 0.020275
12760.000000 3.384437 26.102062 -0.776117 0.010705
12780.000000 3.384108 26.103598 -0.770782 0.001126
12800.000000 3.384407 26.102691 -0.765310 -0.008460
12820.000000 3.385336 26.099340 -0.759701 -0.018049
12840.000000 3.386897 26.093546 -0.753955 -0.027640
12860.000000 3.389090 26.085313 -0.748064 -0.037231
12880.000000 3.391918 26.074646 -0.742021 -0.046818
12900.000000 3.395383 26.061554 -0.735813 -0.056399
12920.000000 3.399486 26.046044 -0.729425 -0.065972
12940.000000 3.404229 26.028131 -0.722838 -0.075533
12960.000000 3.409616 26.007826 -0.716030 -0.085080
12980.000000 3.415646 25.985146 -0.708976 -0.094609
13000.000000 3.422324 25.960109 -0.701646 -0.104116
13020.000000 3.429648 25.932736 -0.694007 -0.113598
13040.000000 3.437622 25.903049 -0.686024 -0.123051
13060.000000 3.446245 25.871073 -0.677655 -0.132469
13080.000000 3.455516 25.836835 -0.668858 -0.141850
13100.000000 3.465434 25.800364 -0.659585 -0.151186
13120.000000 3.475996 25.761693 -0.649786 -0.160474
13140.000000 3.487199 25.720857 -0.639407 -0.169706
13160.000000 3.499035 25.677891 -0.628390 -0.178875
13180.000000 3.511497 25.632835 -0.616675 -0.187976
13200.000000 3.524573 25.585731 -0.604198 -0.197000
13220.000000 3.538250 25.536624 -0.590893 -0.205938
13240.000000 3.552509 25.485560 -0.576691 -0.214781
13260.000000 3.567329 25.432588 -0.561523 -0.223521
13280.000000 3.582683 25.377760 -0.545316 -0.232144
13300.000000 3.598540 25.321132 -0.527998 -0.240642
13320.000000 3.614863 25.262758 -0.509497 -0.249000
13340.000000 3.631606 25.202699 -0.489741 -0.257206
13360.000000 3.648719 25.141016 -0.468660 -0.265246
13380.000000 3.666143 25.077772 -0.446187 -0.273105
13400.000000 3.683811 25.013033 -0.422261 -0.280767
13420.000000 3.701645 24.946866 -0.396826 -0.288214
13440.000000 3.719561 24.879339 -0.369831 -0.295430
13460.000000 3.737465 24.810524 -0.341238 -0.302397
13480.000000 3.755253 24.740491 -0.311017 -0.309095
13500.000000 3.772812 24.669313 -0.279152 -0.315505
13520.000000 3.790022 24.597065 -0.245642 -0.321608
13540.000000 3.806756 24.523818 -0.210500 -0.327382
13560.000000 3.822880 24.449648 -0.173761 -0.332809
13580.000000 3.838256 24.374629 -0.135475 -0.337868
13600.000000 3.852745 24.298834 -0.095715 -0.342541
13620.000000 3.866207 24.222338 -0.054575 -0.346807
13640.000000 3.878507 24.145213 -0.012169 -0.350650
13660.000000 3.889513 24.067532 0.031367 -0.354052
13680.000000 3.899104 23.989367 0.075877 -0.356997
13700.000000 3.907171 23.910790 0.121189 -0.359472
13720.000000 3.913617 23.831873 0.167113 -0.361464
13740.000000 3.918363 23.752686 0.213447 -0.362961
13760.000000 3.921350 23.673301 0.259980 -0.363954
13780.000000 3.922538 23.593790 0.306495 -0.364437
13800.000000 3.921911 23.514225 0.352774 -0.364404
13820.000000 3.919473 23.434679 0.398603 -0.363854
13840.000000 3.915251 23.355227 0.443772 -0.362785
13860.000000 3.909295 23.275943 0.488085 -0.361201
13880.000000 3.901673 23.196905 0.531359 -0.359106
13900.000000 3.892472 23.118191 0.573427 -0.356509
13920.000000 3.881794 23.039879 0.614141 -0.353420
13940.000000 3.869756 22.962052 0.653375 -0.349850
13960.000000 3.856484 22.884790 0.691023 -0.345813
13980.000000 3.842110 22.808177 0.727004 -0.341327
14000.000000 3.826773 22.732296 0.761255 -0.336408
14020.000000 3.810611 22.657231 0.793737 -0.331074
14040.000000 3.793764 22.583068 0.824428 -0.325344
14060.000000 3.776366 22.509892 0.853327 -0.319239
14080.000000 3.758548 22.437786 0.880449 -0.312777
14100.000000 3.740434 22.366835 0.905824 -0.305979
14120.000000 3.722142 22.297123 0.929496 -0.298864
14140.000000 3.703781 22.228733 0.951518 -0.291452
14160.000000 3.685452 22.161747 0.971956 -0.283760
14180.000000 3.667248 22.096245 0.990880 -0.275807
14200.000000 3.649251 22.032305 1.008370 -0.267610
14220.000000 3.631537 21.970006 1.024507 -0.259186
14240.000000 3.614175 21.909421 1.039377 -0.250551
14260.000000 3.597223 21.850625 1.053067 -0.241720
14280.000000 3.580736 21.793687 1.065666 -0.232707
14300.000000 3.564759 21.738676 1.077262 -0.223526
14320.000000 3.549333 21.685659 1.087941 -0.214190
14340.000000 3.534493 21.634698 1.097789 -0.204711
14360.000000 3.520269 21.585853 1.106888 -0.195100
14380.000000 3.506686 21.539183 1.115318 -0.185367
14400.000000 3.493768 21.494743 1.123156 -0.175524
14420.000000 3.481531 21.452584 1.130475 -0.165579
14440.000000 3.469992 21.412755 1.137343 -0.155541
14460.000000 3.459163 21.375304 1.143826 -0.145418
14480.000000 3.449056 21.340273 1.149984 -0.135218
14500.000000 3.439677 21.307703 1.155874 -0.124948
14520.000000 3.431036 21.277631 1.161548 -0.114615
14540.000000 3.423137 21.250092 1.167054 -0.104225
14560.000000 3.415985 21.225117 1.172434 -0.093783
14580.000000 3.409583 21.202735 1.177727 -0.083296
14600.000000 3.403936 21.182973 1.182969 -0.072769
14620.000000 3.399044 21.165852 1.188189 -0.062206
14640.000000 3.394911 21.151394 1.193412 -0.051613
14660.000000 3.391538 21.139614 1.198660 -0.040994
14680.000000 3.388927 21.130528 1.203951 -0.030353
14700.000000 3.387079 21.124146 1.209297 -0.019695
14720.000000 3.385995 21.120478 1.214706 -0.009024
14740.000000 3.385677 21.119528 1.220184 0.001656
14760.000000 3.386126 21.121300 1.225731 0.012341
14780.000000 3.387344 21.125793 1.231344 0.023026
14800.000000 3.389331 21.133003 1.237016 0.033707
14820.000000 3.392089 21.142926 1.242734 0.044380
14840.000000 3.395618 21.155551 1.248484 0.055041
14860.000000 3.399921 21.170867 1.254246 0.065685
14880.000000 3.404998 21.188859 1.259997 0.076308
14900.000000 3.410848 21.209509 1.265711 0.086904
14920.000000 3.417474 21.232796 1.271357 0.097469
14940.000000 3.424874 21.258697 1.276901 0.107999
14960.000000 3.433048 21.287183 1.282304 0.118487
14980.000000 3.441994 21.318227 1.287526 0.128929
15000.000000 3.451712 21.351796 1.292520 0.139319
15020.000000 3.462198 21.387854 1.297237 0.149651
15040.000000 3.473449 21.426362 1.301627 0.159921
15060.000000 3.485461 21.467282 1.305632 0.170121
15080.000000 3.498228 21.510568 1.309194 0.180246
15100.000000 3.511745 21.556175 1.312250 0.190290
15120.000000 3.526002 21.604055 1.314735 0.200247
15140.000000 3.540991 21.654157 1.316580 0.210111
15160.000000 3.556701 21.706428 1.317712 0.219874
15180.000000 3.573119 21.760812 1.318059 0.229531
15200.000000 3.590231 21.817252 1.317541 0.239074
15220.000000 3.608021 21.875690 1.316079 0.248498
15240.000000 3.626469 21.936064 1.313591 0.257795
15260.000000 3.645555 21.998312 1.309992 0.266958
15280.000000 3.665253 22.062371 1.305196 0.275980
15300.000000 3.685537 22.128174 1.299114 0.284854
15320.000000 3.706374 22.195655 1.291657 0.293572
15340.000000 3.727730 22.264748 1.282734 0.302126
15360.000000 3.749565 22.335384 1.272257 0.310508
15380.000000 3.771833 22.407494 1.260134 0.318710
15400.000000 3.794484 22.481008 1.246276 0.326721
15420.000000 3.817459 22.555857 1.230597 0.334534
15440.000000 3.840692 22.631971 1.213011 0.342136
15460.000000 3.864112 22.709279 1.193439 0.349517
15480.000000 3.887634 22.787712 1.171805 0.356665
15500.000000 3.911167 22.867198 1.148040 0.363568
15520.000000 3.934609 22.947669 1.122081 0.370211
15540.000000 3.957846 23.029055 1.093875 0.376580
15560.000000 3.980754 23.111288 1.063382 0.382658
15580.000000 4.003200 23.194299 1.030570 0.388430
15600.000000 4.025039 23.278021 0.995424 0.393878
15620.000000 4.046118 23.362389 0.957943 0.398983
15640.000000 4.066278 23.447336 0.918144 0.403727
15660.000000 4.085354 23.532798 0.876061 0.408091
15680.000000 4.103180 23.618712 0.831751 0.412057
15700.000000 4.119592 23.705017 0.785290 0.415609
15720.000000 4.134430 23.791652 0.736779 0.418730
15740.000000 4.147543 23.878559 0.686342 0.421407
15760.000000 4.158793 23.965681 0.634128 0.423628
15780.000000 4.168058 24.052963 0.580310 0.425384
15800.000000 4.175236 24.140353 0.525086 0.426671
15820.000000 4.180245 24.227801 0.468675 0.427485
15840.000000 4.183029 24.315259 0.411318 0.427827
15860.000000 4.183557 24.402681 0.353273 0.427698
15880.000000 4.181823 24.490022 0.294808 0.427104
15900.000000 4.177845 24.577241 0.236204 0.426051
15920.000000 4.171669 24.664296 0.177740 0.424545
15940.000000 4.163363 24.751144 0.119696 0.422597
15960.000000 4.153016 24.837745 0.062341 0.420215
15980.000000 4.140738 24.924054 0.005933 0.417410
16000.000000 4.126657 25.010030 -0.049290 0.414191
16020.000000 4.110915 25.095624 -0.103110 0.410573
16040.000000 4.093666 25.180790 -0.155333 0.406567
16060.000000 4.075072 25.265477 -0.205793 0.402188
16080.000000 4.055303 25.349634 -0.254348 0.397452
16100.000000 4.034528 25.433205 -0.300884 0.392376
16120.000000 4.012918 25.516136 -0.345311 0.386977
16140.000000 3.990637 25.598368 -0.387566 0.381274
16160.000000 3.967847 25.679842 -0.427608 0.375284
16180.000000 3.944697 25.760498 -0.465415 0.369028
16200.000000 3.921329 25.840276 -0.500986 0.362523
16220.000000 3.897872 25.919114 -0.534335 0.355787
16240.000000 3.874445 25.996952 -0.565490 0.348839
16260.000000 3.851150 26.073727 -0.594493 0.341693
16280.000000 3.828083 26.149379 -0.621395 0.334366
16300.000000 3.805322 26.223847 -0.646256 0.326873
16320.000000 3.782939 26.297072 -0.669141 0.319226
16340.000000 3.760991 26.368995 -0.690122 0.311437
16360.000000 3.739529 26.439557 -0.709276 0.303518
16380.000000 3.718593 26.508703 -0.726678 0.295479
16400.000000 3.698218 26.576377 -0.742411 0.287328
16420.000000 3.678430 26.642524 -0.756553 0.279075
16440.000000 3.659251 26.707090 -0.769185 0.270726
16460.000000 3.640696 26.770026 -0.780389 0.262288
16480.000000 3.622779 26.831280 -0.790242 0.253766
16500.000000 3.605509 26.890803 -0.798822 0.245167
16520.000000 3.588891 26.948549 -0.806205 0.236495
16540.000000 3.572930 27.004470 -0.812464 0.227754
16560.000000 3.557628 27.058524 -0.817672 0.218949
16580.000000 3.542986 27.110666 -0.821898 0.210083
16600.000000 3.529004 27.160856 -0.825208 0.201159
16620.000000 3.515680 27.209054 -0.827666 0.192180
16640.000000 3.503013 27.255221 -0.829334 0.183149
16660.000000 3.491000 27.299321 -0.830271 0.174070
16680.000000 3.479640 27.341317 -0.830533 0.164944
16700.000000 3.468930 27.381178 -0.830173 0.155774
16720.000000 3.458866 27.418870 -0.829243 0.146562
16740.000000 3.449448 27.454363 -0.827790 0.137311
16760.000000 3.440671 27.487629 -0.825859 0.128023
16780.000000 3.432533 27.518640 -0.823494 0.118700
16800.000000 3.425033 27.547371 -0.820734 0.109344
16820.000000 3.418169 27.573799 -0.817616 0.099958
16840.000000 3.411937 27.597902 -0.814174 0.090544
16860.000000 3.406337 27.619660 -0.810440 0.081103
16880.000000 3.401367 27.639054 -0.806442 0.071638
16900.000000 3.397027 27.656068 -0.802207 0.062150
16920.000000 3.393314 27.670688 -0.797757 0.052643
16940.000000 3.390229 27.682900 -0.793112 0.043118
16960.000000 3.387771 27.692694 -0.788291 0.033576
16980.000000 3.385941 27.700060 -0.783306 0.024022
17000.000000 3.384737 27.704993 -0.778169 0.014455
17020.000000 3.384162 27.707485 -0.772888 0.004879
17040.000000 3.384215 27.707536 -0.767470 -0.004704
17060.000000 3.384897 27.705142 -0.761915 -0.014292
17080.000000 3.386210 27.700304 -0.756223 -0.023883
17100.000000 3.388155 27.693026 -0.750389 -0.033474
17120.000000 3.390734 27.683312 -0.744407 -0.043063
17140.000000 3.393949 27.671169 -0.738265 -0.052647
17160.000000 3.397802 27.656605 -0.731950 -0.062223
17180.000000 3.402295 27.639632 -0.725443 -0.071789
17200.000000 3.407429 27.620262 -0.718725 -0.081342
17220.000000 3.413207 27.598511 -0.711771 -0.090878
17240.000000 3.419631 27.574395 -0.704553 -0.100394
17260.000000 3.426702 27.547935 -0.697039 -0.109887
17280.000000 3.434421 27.519151 -0.689195 -0.119351
17300.000000 3.442789 27.488069 -0.680982 -0.128784
17320.000000 3.451806 27.454713 -0.672358 -0.138180
17340.000000 3.461471 27.419114 -0.663278 -0.147534
17360.000000 3.471782 27.381301 -0.653691 -0.156842
17380.000000 3.482734 27.341308 -0.643546 -0.166096
17400.000000 3.494323 27.299172 -0.632786 -0.175291
17420.000000 3.506541 27.254930 -0.621351 -0.184420
17440.000000 3.519378 27.208624 -0.609180 -0.193474
17460.000000 3.532821 27.160296 -0.596208 -0.202447
17480.000000 3.546855 27.109992 -0.582366 -0.211329
17500.000000 3.561458 27.057762 -0.567585 -0.220110
17520.000000 3.576606 27.003655 -0.551794 -0.228780
17540.000000 3.592271 26.947725 -0.534920 -0.237329
17560.000000 3.608416 26.890028 -0.516891 -0.245743
17580.000000 3.625000 26.830622 -0.497634 -0.254011
17600.000000 3.641975 26.769568 -0.477080 -0.262117
17620.000000 3.659285 26.706928 -0.455161 -0.270049
17640.000000 3.676865 26.642767 -0.431811 -0.277790
17660.000000 3.694644 26.577151 -0.406973 -0.285323
17680.000000 3.712538 26.510148 -0.380595 -0.292632
17700.000000 3.730459 26.441829 -0.352632 -0.299699
17720.000000 3.748305 26.372265 -0.323051 -0.306504
17740.000000 3.765968 26.301527 -0.291831 -0.313030
17760.000000 3.783330 26.229689 -0.258965 -0.319255
17780.000000 3.800266 26.156825 -0.224460 -0.325160
17800.000000 3.816645 26.083008 -0.188341 -0.330726
17820.000000 3.832330 26.008313 -0.150654 -0.335931
17840.000000 3.847183 25.932813 -0.111461 -0.340757
17860.000000 3.861064 25.856583 -0.070849 -0.345185
17880.000000 3.873835 25.779695 -0.028924 -0.349196
17900.000000 3.885363 25.702223 0.014186 -0.352773
17920.000000 3.895523 25.624239 0.058335 -0.355899
17940.000000 3.904199 25.545815 0.103355 -0.358560
17960.000000 3.911290 25.467023 0.149062 -0.360742
17980.000000 3.916710 25.387933 0.195260 -0.362434
18000.000000 3.920392 25.308617 0.241741 -0.363626
18020.000000 3.922288 25.229147 0.288288 -0.364309
18040.000000 3.922373 25.149595 0.334686 -0.364479
18060.000000 3.920642 25.070032 0.380716 -0.364131
18080.000000 3.917115 24.990534 0.426168 -0.363265
18100.000000 3.911831 24.911176 0.470840 -0.361883
18120.000000 3.904852 24.832032 0.514541 -0.359987
18140.000000 3.896258 24.753182 0.557100 -0.357586
18160.000000 3.886146 24.674703 0.598361 -0.354688
18180.000000 3.874626 24.596676 0.638188 -0.351305
18200.000000 3.861822 24.519183 0.676469 -0.347449
18220.000000 3.847864 24.442305 0.713112 -0.343137
18240.000000 3.832887 24.366128 0.748046 -0.338385
18260.000000 3.817032 24.290733 0.781225 -0.333211
18280.000000 3.800437 24.216207 0.812618 -0.327635
18300.000000 3.783239 24.142634 0.842219 -0.321674
18320.000000 3.765570 24.070098 0.870034 -0.315350
18340.000000 3.747558 23.998685 0.896089 -0.308681
18360.000000 3.729322 23.928478 0.920422 -0.301688
18380.000000 3.710976 23.859561 0.943083 -0.294390
18400.000000 3.692623 23.792015 0.964133 -0.286805
18420.000000 3.674359 23.725922 0.983642 -0.278952
18440.000000 3.656271 23.661361 1.001684 -0.270849
18460.000000 3.638438 23.598409 1.018341 -0.262512
18480.000000 3.620931 23.537144 1.033697 -0.253958
18500.000000 3.603812 23.477639 1.047839 -0.245202
18520.000000 3.587137 23.419964 1.060855 -0.236259
18540.000000 3.570955 23.364191 1.072833 -0.227142
18560.000000 3.555308 23.310385 1.083861 -0.217865
18580.000000 3.540235 23.258611 1.094025 -0.208441
18600.000000 3.525766 23.208930 1.103407 -0.198880
18620.000000 3.511929 23.161402 1.112090 -0.189194
18640.000000 3.498748 23.116081 1.120152 -0.179393
18660.000000 3.486243 23.073023 1.127665 -0.169487
18680.000000 3.474429 23.032276 1.134702 -0.159484
18700.000000 3.463320 22.993888 1.141328 -0.149393
18720.000000 3.452929 22.957904 1.147607 -0.139223
18740.000000 3.443264 22.924365 1.153595 -0.128979
18760.000000 3.434333 22.893310 1.159348 -0.118670
18780.000000 3.426142 22.864774 1.164914 -0.108302
18800.000000 3.418697 22.838791 1.170338 -0.097879
18820.000000 3.412001 22.815391 1.175662 -0.087410
18840.000000 3.406058 22.794599 1.180920 -0.076898
18860.000000 3.400870 22.776441 1.186145 -0.066348
18880.000000 3.396440 22.760938 1.191364 -0.055766
18900.000000 3.392769 22.748107 1.196600 -0.045157
18920.000000 3.389859 22.737964 1.201872 -0.034524
18940.000000 3.387712 22.730521 1.207195 -0.023872
18960.000000 3.386328 22.725789 1.212579 -0.013206
18980.000000 3.385710 22.723774 1.218030 -0.002529
19000.000000 3.385859 22.724479 1.223550 0.008155
19020.000000 3.386775 22.727906 1.229138 0.018840
19040.000000 3.388461 22.734053 1.234788 0.029523
19060.000000 3.390916 22.742914 1.240489 0.040200
19080.000000 3.394144 22.754482 1.246229 0.050866
19100.000000 3.398143 22.768745 1.251988 0.061518
19120.000000 3.402917 22.785691 1.257747 0.072149
19140.000000 3.408464 22.805302 1.263479 0.082756
19160.000000 3.414786 22.827559 1.269156 0.093334
19180.000000 3.421883 22.852438 1.274744 0.103879
19200.000000 3.429753 22.879915 1.280207 0.114383
19220.000000 3.438397 22.909961 1.285505 0.124844
19240.000000 3.447813 22.942545 1.290593 0.135255
19260.000000 3.457999 22.977632 1.295425 0.145611
19280.000000 3.468950 23.015185 1.299950 0.155905
19300.000000 3.480665 23.055165 1.304112 0.166133
19320.000000 3.493137 23.097529 1.307855 0.176289
19340.000000 3.506361 23.142233 1.311117 0.186366
19360.000000 3.520329 23.189229 1.313834 0.196357
19380.000000 3.535032 23.238466 1.315938 0.206258
19400.000000 3.550461 23.289894 1.317358 0.216061
19420.000000 3.566604 23.343456 1.318022 0.225761
19440.000000 3.583446 23.399098 1.317852 0.235349
19460.000000 3.600972 23.456761 1.316770 0.244821
19480.000000 3.619165 23.516384 1.314694 0.254168
19500.000000 3.638004 23.577905 1.311540 0.263385
19520.000000 3.657465 23.641262 1.307223 0.272463
19540.000000 3.677523 23.706389 1.301655 0.281396
19560.000000 3.698147 23.773221 1.294747 0.290176
19580.000000 3.719305 23.841691 1.286410 0.298795
19600.000000 3.740957 23.911731 1.276552 0.307246
19620.000000 3.763061 23.983271 1.265085 0.315519
19640.000000 3.785568 24.056244 1.251917 0.323606
19660.000000 3.808423 24.130578 1.236961 0.331498
19680.000000 3.831564 24.206205 1.220133 0.339183
19700.000000 3.854920 24.283054 1.201348 0.346652
19720.000000 3.878412 24.361054 1.180531 0.353894
19740.000000 3.901953 24.440136 1.157608 0.360894
19760.000000 3.925443 24.520229 1.132515 0.367640
19780.000000 3.948775 24.601265 1.105195 0.374119
19800.000000 3.971827 24.683174 1.075603 0.380313
19820.000000 3.994471 24.765889 1.043702 0.386207
19840.000000 4.016565 24.849340 1.009471 0.391784
19860.000000 4.037961 24.933463 0.972904 0.397025
19880.000000 4.058500 25.018191 0.934010 0.401912
19900.000000 4.078021 25.103459 0.892816 0.406427
19920.000000 4.096356 25.189203 0.849370 0.410552
19940.000000 4.113342 25.275362 0.803741 0.414268
19960.000000 4.128815 25.361875 0.756020 0.417559
19980.000000 4.142621 25.448682 0.706321 0.420412
20000.000000 4.154616 25.535726 0.654784 0.422812
20020.000000 4.164672 25.622952 0.601572 0.424752
20040.000000 4.172678 25.710306 0.546874 0.426223
20060.000000 4.178545 25.797737 0.490901 0.427223
20080.000000 4.182206 25.885197 0.433885 0.427749
20100.000000 4.183620 25.972638 0.376077 0.427804
20120.000000 4.182771 26.060016 0.317744 0.427392
20140.000000 4.179668 26.147288 0.259161 0.426517
20160.000000 4.174347 26.234412 0.200609 0.425188
20180.000000 4.166865 26.321346 0.142368 0.423413
20200.000000 4.157306 26.408049 0.084711 0.421199
20220.000000 4.145770 26.494478 0.027903 0.418558
20240.000000 4.132379 26.580589 -0.027812 0.415501
20260.000000 4.117270 26.666338 -0.082206 0.412037
20280.000000 4.100593 26.751678 -0.135076 0.408181
20300.000000 4.082506 26.836559 -0.186245 0.403947
20320.000000 4.063177 26.920930 -0.235561 0.399349
20340.000000 4.042776 27.004737 -0.282900 0.394404
20360.000000 4.021472 27.087926 -0.328162 0.389130
20380.000000 3.999435 27.170438 -0.371275 0.383543
20400.000000 3.976826 27.252216 -0.412187 0.377663
20420.000000 3.953800 27.333200 -0.450871 0.371509
20440.000000 3.930501 27.413329 -0.487317 0.365100
20460.000000 3.907064 27.492543 -0.521533 0.358452
20480.000000 3.883612 27.570780 -0.553544 0.351585
20500.000000 3.860254 27.647978 -0.583385 0.344515
20520.000000 3.837087 27.724077 -0.611103 0.337257
20540.000000 3.814197 27.799016 -0.636756 0.329828
20560.000000 3.791658 27.872736 -0.660406 0.322239
20580.000000 3.769534 27.945176 -0.682125 0.314504
20600.000000 3.747876 28.016278 -0.701985 0.306635
20620.000000 3.726730 28.085986 -0.720064 0.298642
20640.000000 3.706132 28.154242 -0.736441 0.290534
20660.000000 3.686111 28.220994 -0.751197 0.282320
20680.000000 3.666691 28.286186 -0.764411 0.274008
20700.000000 3.647890 28.349766 -0.776165 0.265603
20720.000000 3.629722 28.411685 -0.786538 0.257114
20740.000000 3.612197 28.471892 -0.795607 0.248545
20760.000000 3.595323 28.530339 -0.803450 0.239901
20780.000000 3.579104 28.586981 -0.810141 0.231187
20800.000000 3.563544 28.641772 -0.815753 0.222406
20820.000000 3.548644 28.694668 -0.820355 0.213563
20840.000000 3.534403 28.745628 -0.824016 0.204661
20860.000000 3.520821 28.794610 -0.826800 0.195704
20880.000000 3.507897 28.841577 -0.828771 0.186693
20900.000000 3.495628 28.886491 -0.829987 0.177632
20920.000000 3.484013 28.929316 -0.830507 0.168524
20940.000000 3.473048 28.970017 -0.830385 0.159371
20960.000000 3.462732 29.008562 -0.829672 0.150175
20980.000000 3.453061 29.044920 -0.828418 0.140940
21000.000000 3.444033 29.079062 -0.826670 0.131666
21020.000000 3.435645 29.110959 -0.824470 0.122356
21040.000000 3.427896 29.140587 -0.821860 0.113013
21060.000000 3.420782 29.167920 -0.818878 0.103639
21080.000000 3.414303 29.192936 -0.815559 0.094235
21100.000000 3.408456 29.215615 -0.811935 0.084804
21120.000000 3.403239 29.235937 -0.808038 0.075348
21140.000000 3.398652 29.253885 -0.803893 0.065869
21160.000000 3.394694 29.269445 -0.799524 0.056370
21180.000000 3.391363 29.282601 -0.794954 0.046851
21200.000000 3.388660 29.293344 -0.790200 0.037316
21220.000000 3.386583 29.301662 -0.785277 0.027766
21240.000000 3.385134 29.307549 -0.780199 0.018204
21260.000000 3.384312 29.310998 -0.774974 0.008632
21280.000000 3.384119 29.312005 -0.769609 -0.000949
21300.000000 3.384555 29.310569 -0.764107 -0.010535
21320.000000 3.385620 29.306688 -0.758469 -0.020125
21340.000000 3.387318 29.300366 -0.752692 -0.029717
21360.000000 3.389648 29.291606 -0.746769 -0.039307
21380.000000 3.392614 29.280413 -0.740691 -0.048893
21400.000000 3.396217 29.266796 -0.734446 -0.058473
21420.000000 3.400458 29.250766 -0.728016 -0.068043
21440.000000 3.405341 29.232333 -0.721384 -0.077601
21460.000000 3.410867 29.211513 -0.714525 -0.087145
21480.000000 3.417037 29.188321 -0.707414 -0.096669
21500.000000 3.423854 29.162777 -0.700020 -0.106171
21520.000000 3.431320 29.134900 -0.692310 -0.115647
21540.000000 3.439434 29.104715 -0.684246 -0.125093
21560.000000 3.448197 29.072247 -0.675788 -0.134504
21580.000000 3.457608 29.037523 -0.666892 -0.143875
21600.000000 3.467666 29.000574 -0.657510 -0.153201
21620.000000 3.478367 28.961431 -0.647590 -0.162477
21640.000000 3.489708 28.920130 -0.637078 -0.171696
21660.000000 3.501680 28.876708 -0.625915 -0.180852
21680.000000 3.514276 28.831206 -0.614040 -0.189936
21700.000000 3.527484 28.783664 -0.601390 -0.198942
21720.000000 3.541288 28.734129 -0.587897 -0.207861
21740.000000 3.555670 28.682647 -0.573492 -0.216683
21760.000000 3.570609 28.629269 -0.558105 -0.225398
21780.000000 3.586075 28.574047 -0.541664 -0.233995
21800.000000 3.602036 28.517036 -0.524096 -0.242464
21820.000000 3.618454 28.458293 -0.505329 -0.250790
21840.000000 3.635282 28.397877 -0.485292 -0.258962
21860.000000 3.652467 28.335850 -0.463915 -0.266964
21880.000000 3.669950 28.272277 -0.441133 -0.274781
21900.000000 3.687660 28.207223 -0.416885 -0.282398
21920.000000 3.705520 28.140755 -0.391115 -0.289797
21940.000000 3.723442 28.072944 -0.363778 -0.296961
21960.000000 3.741329 28.003859 -0.334834 -0.303871
21980.000000 3.759078 27.933572 -0.304258 -0.310508
22000.000000 3.776572 27.862156 -0.272036 -0.316853
22020.000000 3.793690 27.789685 -0.238171 -0.322886
22040.000000 3.810303 27.716233 -0.202680 -0.328587
22060.000000 3.826277 27.641873 -0.165601 -0.333936
22080.000000 3.841473 27.566679 -0.126989 -0.338913
22100.000000 3.855751 27.490726 -0.086922 -0.343499
22120.000000 3.868973 27.414088 -0.045497 -0.347676
22140.000000 3.881003 27.336836 -0.002835 -0.351424
22160.000000 3.891713 27.259044 0.040926 -0.354729
22180.000000 3.900984 27.180784 0.085626 -0.357574
22200.000000 3.908707 27.102127 0.131086 -0.359945
22220.000000 3.914791 27.023146 0.177117 -0.361830
22240.000000 3.919160 26.943910 0.223512 -0.363219
22260.000000 3.921760 26.864492 0.270059 -0.364102
22280.000000 3.922556 26.784963 0.316541 -0.364474
22300.000000 3.921536 26.705396 0.362741 -0.364329
22320.000000 3.918709 26.625864 0.408444 -0.363666
22340.000000 3.914107 26.546441 0.453445 -0.362486
22360.000000 3.907783 26.467204 0.497548 -0.360791
22380.000000 3.899811 26.388230 0.540574 -0.358587
22400.000000 3.890281 26.309596 0.582360 -0.355882
22420.000000 3.879299 26.231382 0.622764 -0.352687
22440.000000 3.866983 26.153670 0.661663 -0.349015
22460.000000 3.853461 26.076542 0.698957 -0.344880
22480.000000 3.838867 26.000080 0.734568 -0.340298
22500.000000 3.823339 25.924368 0.768438 -0.335287
22520.000000 3.807018 25.849492 0.800533 -0.329866
22540.000000 3.790039 25.775535 0.830836 -0.324054
22560.000000 3.772540 25.702583 0.859349 -0.317869
22580.000000 3.754647 25.630720 0.886089 -0.311333
22600.000000 3.736485 25.560031 0.911092 -0.304465
22620.000000 3.718170 25.490598 0.934401 -0.297284
22640.000000 3.699807 25.422505 0.956075 -0.289809
22660.000000 3.681498 25.355834 0.976178 -0.282060
22680.000000 3.663331 25.290663 0.994785 -0.274052
22700.000000 3.645389 25.227072 1.011975 -0.265805
22720.000000 3.627746 25.165137 1.027830 -0.257334
22740.000000 3.610468 25.104934 1.042437 -0.248655
22760.000000 3.593613 25.046534 1.055884 -0.239784
22780.000000 3.577232 24.990008 1.068259 -0.230733
22800.000000 3.561371 24.935423 1.079649 -0.221518
22820.000000 3.546069 24.882846 1.090141 -0.212150
22840.000000 3.531360 24.832337 1.099819 -0.202641
22860.000000 3.517273 24.783959 1.108767 -0.193003
22880.000000 3.503833 24.737767 1.117063 -0.183245
22900.000000 3.491060 24.693816 1.124782 -0.173379
22920.000000 3.478973 24.652158 1.131998 -0.163413
22940.000000 3.467587 24.612840 1.138777 -0.153356
22960.000000 3.456914 24.575909 1.145185 -0.143216
22980.000000 3.446963 24.541408 1.151280 -0.133000
23000.000000 3.437744 24.509375 1.157119 -0.122716
23020.000000 3.429263 24.479849 1.162753 -0.112370
23040.000000 3.421525 24.452862 1.168228 -0.101968
23060.000000 3.414535 24.428447 1.173586 -0.091517
23080.000000 3.408296 24.406630 1.178866 -0.081020
23100.000000 3.402812 24.387438 1.184100 -0.070485
23120.000000 3.398085 24.370892 1.189318 -0.059915
23140.000000 3.394116 24.357012 1.194545 -0.049316
23160.000000 3.390908 24.345814 1.199802 -0.038692
23180.000000 3.388462 24.337312 1.205103 -0.028047
23200.000000 3.386779 24.331518 1.210462 -0.017386
23220.000000 3.385861 24.328437 1.215886 -0.006712
23240.000000 3.385709 24.328077 1.221379 0.003969
23260.000000 3.386325 24.330438 1.226941 0.014654
23280.000000 3.387709 24.335519 1.232568 0.025339
23300.000000 3.389862 24.343318 1.238250 0.036018
23320.000000 3.392787 24.353826 1.243977 0.046689
23340.000000 3.396484 24.367035 1.249731 0.057347
23360.000000 3.400955 24.382932 1.255493 0.067987
23380.000000 3.406199 24.401501 1.261239 0.078604
23400.000000 3.412217 24.422724 1.266941 0.089194
23420.000000 3.419010 24.446579 1.272568 0.099752
23440.000000 3.426578 24.473041 1.278084 0.110273
23460.000000 3.434919 24.502084 1.283452 0.120752
23480.000000 3.444033 24.533678 1.288628 0.131183
23500.000000 3.453917 24.567788 1.293566 0.141561
23520.000000 3.464569 24.604380 1.298217 0.151880
23540.000000 3.475985 24.643414 1.302529 0.162135
23560.000000 3.488161 24.684850 1.306443 0.172319
23580.000000 3.501091 24.728642 1.309901 0.182428
23600.000000 3.514769 24.774746 1.312839 0.192454
23620.000000 3.529185 24.823111 1.315191 0.202391
23640.000000 3.544331 24.873687 1.316888 0.212233
23660.000000 3.560196 24.926420 1.317857 0.221974
23680.000000 3.576765 24.981254 1.318023 0.231607
23700.000000 3.594026 25.038132 1.317308 0.241125
23720.000000 3.611960 25.096994 1.315631 0.250522
23740.000000 3.630548 25.157780 1.312909 0.259790
23760.000000 3.649768 25.220425 1.309059 0.268923
23780.000000 3.669596 25.284867 1.303991 0.277914
23800.000000 3.690002 25.351039 1.297619 0.286755
23820.000000 3.710955 25.418875 1.289852 0.295438
23840.000000 3.732418 25.488308 1.280601 0.303956
23860.000000 3.754351 25.559269 1.269775 0.312300
23880.000000 3.776707 25.631688 1.257284 0.320461
23900.000000 3.799432 25.705498 1.243039 0.328430
23920.000000 3.822469 25.780627 1.226954 0.336198
23940.000000 3.845749 25.857005 1.208945 0.343753
23960.000000 3.869198 25.934562 1.188933 0.351085
23980.000000 3.892731 26.013229 1.166843 0.358181
24000.000000 3.916254 26.092934 1.142608 0.365029
24020.000000 3.939661 26.173609 1.116166 0.371614
24040.000000 3.962838 26.255184 1.087469 0.377921
24060.000000 3.985658 26.337591 1.056476 0.383935
24080.000000 4.007985 26.420762 1.023160 0.389638
24100.000000 4.029672 26.504630 0.987508 0.395013
24120.000000 4.050566 26.589128 0.949523 0.400041
24140.000000 4.070505 26.674192 0.909225 0.404704
24160.000000 4.089325 26.759758 0.866655 0.408984
24180.000000 4.106859 26.845762 0.821871 0.412862
24200.000000 4.122943 26.932143 0.774957 0.416322
24220.000000 4.137420 27.018842 0.726018 0.419347
24240.000000 4.150141 27.105800 0.675183 0.421926
24260.000000 4.160971 27.192961 0.622606 0.424047
24280.000000 4.169792 27.280271 0.568466 0.425703
24300.000000 4.176506 27.367678 0.512966 0.426887
24320.000000 4.181038 27.455132 0.456330 0.427599
24340.000000 4.183336 27.542585 0.398801 0.427839
24360.000000 4.183373 27.629994 0.340642 0.427609
24380.000000 4.181151 27.717312 0.282123 0.426915
24400.000000 4.176692 27.804499 0.223525 0.425763
24420.000000 4.170049 27.891513 0.165129 0.424161
24440.000000 4.161292 27.978311 0.107212 0.422118
24460.000000 4.150517 28.064852 0.050041 0.419643
24480.000000 4.137838 28.151093 -0.006131 0.416747
24500.000000 4.123385 28.236990 -0.061067 0.413442
24520.000000 4.107303 28.322496 -0.114557 0.409738
24540.000000 4.089749 28.407562 -0.166412 0.405650
24560.000000 4.070886 28.492139 -0.216471 0.401193
24580.000000 4.050885 28.576174 -0.264597 0.396382
24600.000000 4.029915 28.659612 -0.310683 0.391234
24620.000000 4.008145 28.742396 -0.354645 0.385768
24640.000000 3.985741 28.824469 -0.396424 0.380000
24660.000000 3.962860 28.905771 -0.435983 0.373952
24680.000000 3.939652 28.986242 -0.473306 0.367640
24700.000000 3.916254 29.065822 -0.508393 0.361083
24720.000000 3.892794 29.144448 -0.541264 0.354300
24740.000000 3.869387 29.222061 -0.571950 0.347308
24760.000000 3.846134 29.298598 -0.600494 0.340122
24780.000000 3.823127 29.373999 -0.626948 0.332758
24800.000000 3.800442 29.448203 -0.651375 0.325230
24820.000000 3.778148 29.521151 -0.673842 0.317551
24840.000000 3.756302 29.592784 -0.694421 0.309733
24860.000000 3.734950 29.663045 -0.713189 0.301788
24880.000000 3.714134 29.731877 -0.730223 0.293723
24900.000000 3.693884 29.799224 -0.745604 0.285550
24920.000000 3.674226 29.865033 -0.759413 0.277275
24940.000000 3.655180 29.929252 -0.771729 0.268906
24960.000000 3.636763 29.991827 -0.782634 0.260450
24980.000000 3.618985 30.052710 -0.792204 0.251911
25000.000000 3.601856 30.111853 -0.800519 0.243296
25020.000000 3.585380 30.169207 -0.807653 0.234608
25040.000000 3.569561 30.224728 -0.813679 0.225853
25060.000000 3.554402 30.278372 -0.818668 0.217035
25080.000000 3.539903 30.330095 -0.822690 0.208155
25100.000000 3.526063 30.379857 -0.825810 0.199219
25120.000000 3.512882 30.427618 -0.828092 0.190229
25140.000000 3.500357 30.473341 -0.829597 0.181188
25160.000000 3.488486 30.516988 -0.830383 0.172098
25180.000000 3.477266 30.558525 -0.830506 0.162962
25200.000000 3.466696 30.597919 -0.830018 0.153783
25220.000000 3.456773 30.635137 -0.828971 0.144562
25240.000000 3.447493 30.670150 -0.827411 0.135303
25260.000000 3.438855 30.702930 -0.825383 0.126007
25280.000000 3.430856 30.733450 -0.822929 0.116677
25300.000000 3.423493 30.761685 -0.820088 0.107315
25320.000000 3.416766 30.787611 -0.816897 0.097922
25340.000000 3.410671 30.811208 -0.813389 0.088502
25360.000000 3.405208 30.832456 -0.809596 0.079056
25380.000000 3.400374 30.851336 -0.805545 0.069585
25400.000000 3.396170 30.867833 -0.801261 0.060094
25420.000000 3.392593 30.881932 -0.796767 0.050582
25440.000000 3.389644 30.893621 -0.792083 0.041053
25460.000000 3.387322 30.902891 -0.787225 0.031509
25480.000000 3.385627 30.909731 -0.782206 0.021951
25500.000000 3.384559 30.914135 -0.777038 0.012383
25520.000000 3.384120 30.916099 -0.771727 0.002805
25540.000000 3.384309 30.915620 -0.766279 -0.006779
25560.000000 3.385128 30.912697 -0.760694 -0.016368
25580.000000 3.386577 30.907331 -0.754972 -0.025959
25600.000000 3.388660 30.899526 -0.749107 -0.035550
25620.000000 3.391377 30.889285 -0.743091 -0.045138
25640.000000 3.394729 30.876617 -0.736913 -0.054721
25660.000000 3.398720 30.861531 -0.730558 -0.064295
25680.000000 3.403352 30.844037 -0.724008 -0.073859
25700.000000 3.408625 30.824150 -0.717241 -0.083408
25720.000000 3.414543 30.801886 -0.710232 -0.092940
25740.000000 3.421107 30.777261 -0.702952 -0.102451
25760.000000 3.428318 30.750295 -0.695370 -0.111938
25780.000000 3.436178 30.721012 -0.687450 -0.121396
25800.000000 3.444686 30.689435 -0.679151 -0.130821
25820.000000 3.453844 30.655591 -0.670433 -0.140209
25840.000000 3.463649 30.619510 -0.661247 -0.149553
25860.000000 3.474099 30.581222 -0.651544 -0.158850
25880.000000 3.485189 30.540763 -0.641270 -0.168092
25900.000000 3.496915 30.498167 -0.630369 -0.177273
25920.000000 3.509268 30.453475 -0.618781 -0.186386
25940.000000 3.522238 30.406727 -0.606442 -0.195424
25960.000000 3.535810 30.357967 -0.593287 -0.204378
25980.000000 3.549969 30.307242 -0.579248 -0.213239
26000.000000 3.564692 30.254601 -0.564254 -0.221997
26020.000000 3.579955 30.200095 -0.548235 -0.230642
26040.000000 3.595727 30.143778 -0.531117 -0.239162
26060.000000 3.611970 30.085706 -0.512828 -0.247546
26080.000000 3.628644 30.025938 -0.493297 -0.255780
26100.000000 3.645696 29.964535 -0.472453 -0.263850
26120.000000 3.663070 29.901560 -0.450229 -0.271742
26140.000000 3.680700 29.837078 -0.426562 -0.279439
26160.000000 3.698511 29.771156 -0.401395 -0.286925
26180.000000 3.716419 29.703863 -0.374677 -0.294183
26200.000000 3.734332 29.635268 -0.346366 -0.301195
26220.000000 3.752148 29.565443 -0.316432 -0.307942
26240.000000 3.769756 29.494461 -0.284856 -0.314404
26260.000000 3.787037 29.422395 -0.251633 -0.320561
26280.000000 3.803864 29.349318 -0.216776 -0.326395
26300.000000 3.820104 29.275305 -0.180313 -0.331884
26320.000000 3.835621 29.200429 -0.142294 -0.337009
26340.000000 3.850276 29.124765 -0.102786 -0.341750
26360.000000 3.863928 29.048386 -0.061880 -0.346089
26380.000000 3.876441 28.971366 -0.019687 -0.350008
26400.000000 3.887683 28.893777 0.023662 -0.353488
26420.000000 3.897531 28.815692 0.068014 -0.356515
26440.000000 3.905872 28.737182 0.113198 -0.359073
26460.000000 3.912608 28.658319 0.159029 -0.361150
26480.000000 3.917657 28.579174 0.205306 -0.362735
26500.000000 3.920955 28.499819 0.251820 -0.363817
26520.000000 3.922461 28.420325 0.298353 -0.364390
26540.000000 3.922152 28.340764 0.344690 -0.364448
26560.000000 3.920030 28.261210 0.390612 -0.363988
26580.000000 3.916118 28.181735 0.435912 -0.363010
26600.000000 3.910461 28.102417 0.480389 -0.361516
26620.000000 3.903125 28.023330 0.523858 -0.359510
26640.000000 3.894194 27.944553 0.566148 -0.357000
26660.000000 3.883767 27.866165 0.607109 -0.353996
26680.000000 3.871959 27.788247 0.646610 -0.350509
26700.000000 3.858893 27.710880 0.684544 -0.346554
26720.000000 3.844703 27.634147 0.720822 -0.342145
26740.000000 3.829524 27.558132 0.755379 -0.337300
26760.000000 3.813497 27.482918 0.788173 -0.332038
26780.000000 3.796760 27.408591 0.819179 -0.326376
26800.000000 3.779449 27.335235 0.848391 -0.320335
26820.000000 3.761695 27.262936 0.875823 -0.313935
26840.000000 3.743625 27.191776 0.901501 -0.307194
26860.000000 3.725356 27.121842 0.925468 -0.300133
26880.000000 3.707000 27.053214 0.947775 -0.292772
26900.000000 3.688658 26.985976 0.968485 -0.285127
26920.000000 3.670425 26.920208 0.987669 -0.277219
26940.000000 3.652386 26.855989 1.005405 -0.269063
26960.000000 3.634618 26.793396 1.021772 -0.260678
26980.000000 3.617190 26.732506 1.036858 -0.252079
27000.000000 3.600162 26.673391 1.050749 -0.243281
27020.000000 3.583590 26.616122 1.063533 -0.234299
27040.000000 3.567520 26.560769 1.075298 -0.225147
27060.000000 3.551995 26.507398 1.086132 -0.215837
27080.000000 3.537050 26.456072 1.096119 -0.206382
27100.000000 3.522716 26.406852 1.105344 -0.196793
27120.000000 3.509019 26.359797 1.113886 -0.187081
27140.000000 3.495983 26.314962 1.121822 -0.177257
27160.000000 3.483626 26.272399 1.129227 -0.167329
27180.000000 3.471963 26.232159 1.136169 -0.157307
27200.000000 3.461009 26.194288 1.142715 -0.147198
27220.000000 3.450775 26.158830 1.148926 -0.137011
27240.000000 3.441268 26.125825 1.154859 -0.126753
27260.000000 3.432497 26.095313 1.160567 -0.116430
27280.000000 3.424467 26.067328 1.166099 -0.106050
27300.000000 3.417184 26.041901 1.171498 -0.095617
27320.000000 3.410651 26.019063 1.176804 -0.085137
27340.000000 3.404871 25.998840 1.182053 -0.074617
27360.000000 3.399847 25.981255 1.187274 -0.064060
27380.000000 3.395581 25.966328 1.192495 -0.053472
27400.000000 3.392074 25.954078 1.197738 -0.042857
27420.000000 3.389329 25.944519 1.203020 -0.032219
27440.000000 3.387347 25.937663 1.208355 -0.021564
27460.000000 3.386130 25.933518 1.213753 -0.010895
27480.000000 3.385677 25.932092 1.219219 -0.000216
27500.000000 3.385992 25.933386 1.224754 0.010468
27520.000000 3.387075 25.937402 1.230356 0.021153
27540.000000 3.388927 25.944137 1.236018 0.031835
27560.000000 3.391550 25.953585 1.241729 0.042510
27580.000000 3.394944 25.965737 1.247474 0.053174
27600.000000 3.399111 25.980583 1.253236 0.063821
27620.000000 3.404052 25.998107 1.258991 0.074448
27640.000000 3.409767 26.018293 1.264714 0.085049
27660.000000 3.416257 26.041119 1.270374 0.095620
27680.000000 3.423521 26.066563 1.275939 0.106156
27700.000000 3.431559 26.094599 1.281369 0.116652
27720.000000 3.440370 26.125197 1.286626 0.127102
27740.000000 3.449953 26.158325 1.291663 0.137502
27760.000000 3.460305 26.193950 1.296433 0.147845
27780.000000 3.471422 26.232032 1.300884 0.158126
27800.000000 3.483301 26.272532 1.304960 0.168338
27820.000000 3.495936 26.315406 1.308604 0.178477
27840.000000 3.509322 26.360610 1.311754 0.188536
27860.000000 3.523450 26.408096 1.314344 0.198509
27880.000000 3.538311 26.457812 1.316306 0.208389
27900.000000 3.553896 26.509706 1.317569 0.218170
27920.000000 3.570191 26.563724 1.318058 0.227846
27940.000000 3.587183 26.619808 1.317698 0.237410
27960.000000 3.604855 26.677900 1.316407 0.246855
27980.000000 3.623190 26.737940 1.314105 0.256175
28000.000000 3.642165 26.799864 1.310707 0.265362
28020.000000 3.661758 26.863610 1.306127 0.274409
28040.000000 3.681941 26.929112 1.300276 0.283310
28060.000000 3.702684 26.996304 1.293067 0.292056
28080.000000 3.723952 27.065119 1.284408 0.300639
28100.000000 3.745706 27.135490 1.274209 0.309052
28120.000000 3.767901 27.207346 1.262381 0.317286
28140.000000 3.790489 27.280620 1.248834 0.325332
28160.000000 3.813411 27.355240 1.233480 0.333179
28180.000000 3.836605 27.431137 1.216235 0.340819
28200.000000 3.859997 27.508241 1.197017 0.348240
28220.000000 3.883508 27.586481 1.175749 0.355430
28240.000000 3.907046 27.665788 1.152362 0.362377
28260.000000 3.930512 27.746091 1.126791 0.369066
28280.000000 3.953793 27.827322 1.098983 0.375484
28300.000000 3.976769 27.909411 1.068893 0.381615
28320.000000 3.999306 27.992291 1.036489 0.387442
28340.000000 4.021262 28.075894 1.001753 0.392947
28360.000000 4.042486 28.160153 0.964681 0.398114
28380.000000 4.062818 28.245003 0.925285 0.402922
28400.000000 4.082096 28.330379 0.883599 0.407354
28420.000000 4.100154 28.416219 0.839674 0.411392
28440.000000 4.116825 28.502460 0.793584 0.415017
28460.000000 4.131950 28.589041 0.745424 0.418215
28480.000000 4.145376 28.675904 0.695314 0.420970
28500.000000 4.156962 28.762993 0.643400 0.423272
28520.000000 4.166582 28.850250 0.589850 0.425110
28540.000000 4.174132 28.937625 0.534857 0.426480
28560.000000 4.179526 29.025067 0.478637 0.427377
28580.000000 4.182704 29.112526 0.421428 0.427801
28600.000000 4.183628 29.199957 0.363484 0.427754
28620.000000 4.182290 29.287316 0.305073 0.427241
28640.000000 4.178703 29.374560 0.246473 0.426268
28660.000000 4.172908 29.461646 0.187964 0.424842
28680.000000 4.164969 29.548534 0.129827 0.422970
28700.000000 4.154972 29.635181 0.072332 0.420664
28720.000000 4.143024 29.721544 0.015740 0.417931
28740.000000 4.129249 29.807582 -0.039707 0.414785
28760.000000 4.113787 29.893246 -0.093787 0.411235
28780.000000 4.096791 29.978491 -0.146304 0.407296
28800.000000 4.078421 30.063266 -0.197084 0.402982
28820.000000 4.058845 30.147519 -0.245981 0.398308
28840.000000 4.038234 30.231197 -0.292878 0.393290
28860.000000 4.016758 30.314244 -0.337680 0.387946
28880.000000 3.994583 30.396603 -0.380320 0.382294
28900.000000 3.971871 30.478214 -0.420752 0.376354
28920.000000 3.948774 30.559018 -0.458951 0.370143
28940.000000 3.925434 30.638954 -0.494913 0.363680
28960.000000 3.901985 30.717961 -0.528650 0.356984
28980.000000 3.878544 30.795979 -0.560187 0.350071
29000.000000 3.855219 30.872944 -0.589564 0.342959
29020.000000 3.832105 30.948797 -0.616830 0.335663
29040.000000 3.809286 31.023478 -0.642043 0.328198
29060.000000 3.786832 31.096925 -0.665270 0.320576
29080.000000 3.764804 31.169080 -0.686580 0.312812
29100.000000 3.743253 31.239885 -0.706047 0.304915
29120.000000 3.722223 31.309284 -0.723751 0.296896
29140.000000 3.701747 31.377219 -0.739771 0.288764
29160.000000 3.681855 31.443637 -0.754186 0.280529
29180.000000 3.662567 31.508485 -0.767077 0.272196
29200.000000 3.643902 31.571710 -0.778525 0.263773
29220.000000 3.625873 31.633262 -0.788609 0.255265
29240.000000 3.608489 31.693092 -0.797406 0.246680
29260.000000 3.591756 31.751152 -0.804994 0.238020
29280.000000 3.575680 31.807397 -0.811445 0.229291
29300.000000 3.560262 31.861781 -0.816833 0.220497
29320.000000 3.545505 31.914262 -0.821225 0.211641
29340.000000 3.531407 31.964797 -0.824691 0.202727
29360.000000 3.517967 32.013347 -0.827294 0.193757
29380.000000 3.505185 32.059872 -0.829096 0.184736
29400.000000 3.493058 32.104337 -0.830157 0.175664
29420.000000 3.481584 32.146704 -0.830533 0.166546
29440.000000 3.470760 32.186941 -0.830279 0.157384
29460.000000 3.460584 32.225016 -0.829445 0.148179
29480.000000 3.451052 32.260896 -0.828080 0.138935
29500.000000 3.442163 32.294554 -0.826230 0.129653
29520.000000 3.433914 32.325963 -0.823938 0.120336
29540.000000 3.426302 32.355096 -0.821244 0.110986
29560.000000 3.419326 32.381929 -0.818186 0.101605
29580.000000 3.412983 32.406441 -0.814799 0.092196
29600.000000 3.407273 32.428611 -0.811114 0.082759
29620.000000 3.402193 32.448421 -0.807161 0.073298
29640.000000 3.397742 32.465853 -0.802965 0.063814
29660.000000 3.393919 32.480893 -0.798551 0.054310
29680.000000 3.390725 32.493528 -0.793940 0.044788
29700.000000 3.388157 32.503746 -0.789148 0.035250
29720.000000 3.386216 32.511539 -0.784190 0.025697
29740.000000 3.384903 32.516898 -0.779080 0.016132
29760.000000 3.384217 32.519819 -0.773824 0.006558
29780.000000 3.384160 32.520297 -0.768429 -0.003024
29800.000000 3.384732 32.518332 -0.762898 -0.012611
29820.000000 3.385934 32.513922 -0.757230 -0.022202
29840.000000 3.387769 32.507072 -0.751422 -0.031793
29860.000000 3.390237 32.497784 -0.745467 -0.041382
29880.000000 3.393340 32.486066 -0.739354 -0.050967
29900.000000 3.397081 32.471926 -0.733070 -0.060545
29920.000000 3.401461 32.455374 -0.726598 -0.070114
29940.000000 3.406483 32.436423 -0.719919 -0.079669
29960.000000 3.412148 32.415088 -0.713008 -0.089208
29980.000000 3.418458 32.391386 -0.705838 -0.098728
30000.000000 3.425416 32.365334 -0.698379 -0.108225
30020.000000 3.433021 32.336956 -0.690595 -0.117695
30040.000000 3.441276 32.306275 -0.682450 -0.127133
30060.000000 3.450179 32.273316 -0.673901 -0.136536
30080.000000 3.459731 32.238107 -0.664904 -0.145898
30100.000000 3.469928 32.200680 -0.655410 -0.155214
30120.000000 3.480769 32.161067 -0.645367 -0.164478
30140.000000 3.492246 32.119304 -0.634718 -0.173684
30160.000000 3.504355 32.075428 -0.623407 -0.182825
30180.000000 3.517084 32.029480 -0.611370 -0.191893
30200.000000 3.530422 31.981504 -0.598542 -0.200881
30220.000000 3.544353 31.931543 -0.584858 -0.209779
30240.000000 3.558858 31.879646 -0.570246 -0.218579
30260.000000 3.573913 31.825865 -0.554637 -0.227269
30280.000000 3.589490 31.770250 -0.537959 -0.235840
30300.000000 3.605553 31.712859 -0.520137 -0.244279
30320.000000 3.622064 31.653749 -0.501101 -0.252573
30340.000000 3.638974 31.592979 -0.480780 -0.260709
30360.000000 3.656229 31.530612 -0.459104 -0.268672
30380.000000 3.673767 31.466713 -0.436010 -0.276448
30400.000000 3.691517 31.401347 -0.411437 -0.284019
30420.000000 3.709398 31.334582 -0.385331 -0.291368
30440.000000 3.727321 31.266489 -0.357649 -0.298479
30460.000000 3.745187 31.197137 -0.328354 -0.305331
30480.000000 3.762891 31.126600 -0.297422 -0.311907
30500.000000 3.780314 31.054950 -0.264844 -0.318186
30520.000000 3.797334 30.982260 -0.230625 -0.324149
30540.000000 3.813820 30.908604 -0.194786 -0.329776
30560.000000 3.829637 30.834058 -0.157370 -0.335046
30580.000000 3.844647 30.758694 -0.118435 -0.339940
30600.000000 3.858708 30.682586 -0.078065 -0.344439
30620.000000 3.871683 30.605809 -0.036362 -0.348524
30640.000000 3.883438 30.528434 0.006551 -0.352178
30660.000000 3.893846 30.450535 0.050529 -0.355384
30680.000000 3.902790 30.372183 0.095409 -0.358128
30700.000000 3.910166 30.293449 0.141010 -0.360395
30720.000000 3.915884 30.214407 0.187137 -0.362173
30740.000000 3.919875 30.135125 0.233583 -0.363453
30760.000000 3.922087 30.055677 0.280135 -0.364226
30780.000000 3.922490 29.976134 0.326575 -0.364486
30800.000000 3.921076 29.896568 0.372685 -0.364230
30820.000000 3.917861 29.817053 0.418253 -0.363454
30840.000000 3.912882 29.737665 0.463075 -0.362162
30860.000000 3.906194 29.658478 0.506960 -0.360356
30880.000000 3.897877 29.579570 0.549731 -0.358043
30900.000000 3.888023 29.501020 0.591229 -0.355231
30920.000000 3.876742 29.422909 0.631317 -0.351932
30940.000000 3.864153 29.345316 0.669876 -0.348158
30960.000000 3.850387 29.268325 0.706811 -0.343925
30980.000000 3.835579 29.192018 0.742050 -0.339249
31000.000000 3.819868 29.116480 0.775538 -0.334148
31020.000000 3.803393 29.041796 0.807246 -0.328640
31040.000000 3.786291 28.968050 0.837160 -0.322746
31060.000000 3.768695 28.895326 0.865287 -0.316484
31080.000000 3.750734 28.823710 0.891648 -0.309874
31100.000000 3.732529 28.753286 0.916280 -0.302936
31120.000000 3.714195 28.684136 0.939230 -0.295690
31140.000000 3.695836 28.616344 0.960558 -0.288154
31160.000000 3.677550 28.549990 0.980331 -0.280347
31180.000000 3.659425 28.485155 0.998624 -0.272287
31200.000000 3.641542 28.421916 1.015518 -0.263990
31220.000000 3.623973 28.360350 1.031095 -0.255472
31240.000000 3.606781 28.300531 1.045444 -0.246751
31260.000000 3.590025 28.242531 1.058651 -0.237839
31280.000000 3.573753 28.186419 1.070805 -0.228752
31300.000000 3.558010 28.132264 1.081993 -0.219502
31320.000000 3.542834 28.080129 1.092302 -0.210102
31340.000000 3.528257 28.030077 1.101816 -0.200565
31360.000000 3.514308 27.982167 1.110616 -0.190900
31380.000000 3.501010 27.936456 1.118780 -0.181118
31400.000000 3.488385 27.892997 1.126385 -0.171230
31420.000000 3.476448 27.851841 1.133500 -0.161244
31440.000000 3.465216 27.813037 1.140194 -0.151168
31460.000000 3.454698 27.776628 1.146529 -0.141011
31480.000000 3.444905 27.742658 1.152564 -0.130780
31500.000000 3.435845 27.711165 1.158355 -0.120481
31520.000000 3.427524 27.682186 1.163950 -0.110123
31540.000000 3.419948 27.655753 1.169396 -0.099710
31560.000000 3.413120 27.631898 1.174734 -0.089248
31580.000000 3.407045 27.610647 1.180001 -0.078743
31600.000000 3.401725 27.592026 1.185230 -0.068200
31620.000000 3.397161 27.576056 1.190448 -0.057623
31640.000000 3.393357 27.562755 1.195680 -0.047018
31660.000000 3.390314 27.552140 1.200945 -0.036389
31680.000000 3.388033 27.544224 1.206258 -0.025740
31700.000000 3.386516 27.539016 1.211631 -0.015076
31720.000000 3.385763 27.536524 1.217069 -0.004401
31740.000000 3.385777 27.536753 1.222578 0.006282
31760.000000 3.386559 27.539703 1.228154 0.016967
31780.000000 3.388110 27.545373 1.233793 0.027651
31800.000000 3.390430 27.553759 1.239487 0.038330
31820.000000 3.393522 27.564853 1.245221 0.048998
31840.000000 3.397387 27.578645 1.250978 0.059652
31860.000000 3.402024 27.595122 1.256739 0.070287
31880.000000 3.407436 27.614267 1.262478 0.080899
31900.000000 3.413622 27.636062 1.268166 0.091483
31920.000000 3.420583 27.660483 1.273773 0.102033
31940.000000 3.428318 27.687507 1.279260 0.112545
31960.000000 3.436827 27.717105 1.284590 0.123014
31980.000000 3.446107 27.749246 1.289719 0.133434
