0.000000 3.988739 196.004800 0.627999 -0.739719
20.000000 3.962920 195.845740 0.719139 -0.737928
40.000000 3.930967 195.685825 0.804250 -0.735628
60.000000 3.893724 195.524912 0.882644 -0.732851
80.000000 3.852082 195.362884 0.953843 -0.729635
100.000000 3.806932 195.199648 1.017559 -0.726017
120.000000 3.759113 195.035140 1.073674 -0.722038
140.000000 3.709391 194.869317 1.122218 -0.717735
160.000000 3.658432 194.702158 1.163336 -0.713143
180.000000 3.606808 194.533662 1.197268 -0.708297
200.000000 3.554991 194.363845 1.224321 -0.703225
220.000000 3.503373 194.192734 1.244846 -0.697957
240.000000 3.452268 194.020369 1.259223 -0.692519
260.000000 3.401933 193.846798 1.267843 -0.686935
280.000000 3.352570 193.672077 1.271097 -0.681228
300.000000 3.304344 193.496267 1.269369 -0.675420
320.000000 3.257387 193.319432 1.263031 -0.669532
340.000000 3.211803 193.141641 1.252437 -0.663585
360.000000 3.167677 192.962967 1.237922 -0.657598
380.000000 3.125073 192.783481 1.219805 -0.651592
400.000000 3.084046 192.603257 1.198384 -0.645586
420.000000 3.044635 192.422370 1.173939 -0.639601
440.000000 3.006872 192.240894 1.146733 -0.633657
460.000000 2.970779 192.058900 1.117013 -0.627775
480.000000 2.936374 191.876461 1.085009 -0.621974
500.000000 2.903666 191.693643 1.050939 -0.616275
520.000000 2.872662 191.510512 1.015004 -0.610700
540.000000 2.843363 191.327130 0.977393 -0.605269
560.000000 2.815768 191.143554 0.938283 -0.600003
580.000000 2.789870 190.959836 0.897837 -0.594921
600.000000 2.765663 190.776025 0.856206 -0.590043
620.000000 2.743134 190.592163 0.813530 -0.585390
640.000000 2.722272 190.408287 0.769939 -0.580978
660.000000 2.703059 190.224427 0.725551 -0.576824
680.000000 2.685479 190.040609 0.680475 -0.572946
700.000000 2.669513 189.856852 0.634811 -0.569357
720.000000 2.655139 189.673170 0.588651 -0.566072
740.000000 2.642337 189.489572 0.542079 -0.563100
760.000000 2.631085 189.306061 0.495175 -0.560454
780.000000 2.621359 189.122636 0.448009 -0.558141
800.000000 2.613138 188.939290 0.400652 -0.556169
820.000000 2.606399 188.756016 0.353166 -0.554541
840.000000 2.601120 188.572799 0.305613 -0.553263
860.000000 2.597282 188.389625 0.258052 -0.552335
880.000000 2.594863 188.206478 0.210541 -0.551758
900.000000 2.593846 188.023337 0.163136 -0.551531
920.000000 2.594213 187.840186 0.115893 -0.551649
940.000000 2.595949 187.657005 0.068866 -0.552110
960.000000 2.599038 187.473775 0.022114 -0.552906
980.000000 2.603467 187.290480 -0.024309 -0.554031
1000.000000 2.609223 187.107106 -0.070342 -0.555476
1020.000000 2.616294 186.923640 -0.115928 -0.557231
1040.000000 2.624670 186.740072 -0.161004 -0.559284
1060.000000 2.634339 186.556395 -0.205506 -0.561625
1080.000000 2.645290 186.372609 -0.249369 -0.564240
1100.000000 2.657514 186.188713 -0.292521 -0.567115
1120.000000 2.670998 186.004712 -0.334892 -0.570235
1140.000000 2.685732 185.820617 -0.376404 -0.573586
1160.000000 2.701704 185.636441 -0.416977 -0.577151
1180.000000 2.718902 185.452200 -0.456525 -0.580916
1200.000000 2.737314 185.267919 -0.494960 -0.584864
1220.000000 2.756928 185.083621 -0.532186 -0.588979
1240.000000 2.777732 184.899336 -0.568104 -0.593245
1260.000000 2.799716 184.715099 -0.602608 -0.597647
1280.000000 2.822870 184.530944 -0.635587 -0.602170
1300.000000 2.847186 184.346913 -0.666926 -0.606800
1320.000000 2.872659 184.163047 -0.696500 -0.611523
1340.000000 2.899286 183.979393 -0.724180 -0.616327
1360.000000 2.927070 183.795997 -0.749831 -0.621200
1380.000000 2.956016 183.612911 -0.773306 -0.626132
1400.000000 2.986135 183.430186 -0.794453 -0.631113
1420.000000 3.017443 183.247877 -0.813111 -0.636135
1440.000000 3.049959 183.066040 -0.829105 -0.641189
1460.000000 3.083711 182.884734 -0.842251 -0.646270
1480.000000 3.118727 182.704020 -0.852350 -0.651369
1500.000000 3.155043 182.523958 -0.859189 -0.656483
1520.000000 3.192692 182.344613 -0.862536 -0.661604
1540.000000 3.231709 182.166050 -0.862144 -0.666726
1560.000000 3.272123 181.988337 -0.857744 -0.671844
1580.000000 3.313956 181.811541 -0.849049 -0.676948
1600.000000 3.357212 181.635732 -0.835750 -0.682029
1620.000000 3.401871 181.460979 -0.817523 -0.687077
1640.000000 3.447878 181.287349 -0.794030 -0.692076
1660.000000 3.495131 181.114907 -0.764924 -0.697011
1680.000000 3.543464 180.943714 -0.729861 -0.701860
1700.000000 3.592632 180.773821 -0.688513 -0.706600
1720.000000 3.642292 180.605271 -0.640585 -0.711201
1740.000000 3.691990 180.438089 -0.585838 -0.715631
1760.000000 3.741152 180.272284 -0.524115 -0.719853
1780.000000 3.789079 180.107839 -0.455374 -0.723827
1800.000000 3.834956 179.944712 -0.379715 -0.727510
1820.000000 3.877879 179.782833 -0.297416 -0.730858
1840.000000 3.916888 179.622098 -0.208958 -0.733830
1860.000000 3.951021 179.462373 -0.115047 -0.736383
1880.000000 3.979361 179.303497 -0.016613 -0.738483
1900.000000 4.001105 179.145280 0.085198 -0.740098
1920.000000 4.015604 178.987514 0.189070 -0.741202
1940.000000 4.022418 178.829978 0.293569 -0.741774
1960.000000 4.021335 178.672445 0.397219 -0.741801
1980.000000 4.012392 178.514693 0.498583 -0.741276
2000.000000 3.995871 178.356509 0.596332 -0.740200
2020.000000 3.972274 178.197699 0.689298 -0.738584
2040.000000 3.942283 178.038087 0.776512 -0.736452
2060.000000 3.906710 177.877522 0.857215 -0.733831
2080.000000 3.866439 177.715878 0.930861 -0.730757
2100.000000 3.822364 177.553055 0.997099 -0.727269
2120.000000 3.775349 177.388978 1.055759 -0.723406
2140.000000 3.726184 177.223598 1.106824 -0.719207
2160.000000 3.675570 177.056886 1.150402 -0.714708
2180.000000 3.624111 176.888837 1.186705 -0.709944
2200.000000 3.572311 176.719458 1.216021 -0.704944
2220.000000 3.520588 176.548776 1.238687 -0.699739
2240.000000 3.469281 176.376825 1.255077 -0.694355
2260.000000 3.418663 176.203652 1.265577 -0.688817
2280.000000 3.368955 176.029309 1.270582 -0.683149
2300.000000 3.320333 175.853856 1.270478 -0.677372
2320.000000 3.272939 175.677356 1.265641 -0.671508
2340.000000 3.226885 175.499877 1.256431 -0.665579
2360.000000 3.182263 175.321490 1.243191 -0.659603
2380.000000 3.139144 175.142267 1.226245 -0.653601
2400.000000 3.097585 174.962282 1.205896 -0.647593
2420.000000 3.057630 174.781609 1.182432 -0.641599
2440.000000 3.019313 174.600321 1.156121 -0.635639
2460.000000 2.982660 174.418493 1.127214 -0.629733
2480.000000 2.947689 174.236194 1.095950 -0.623903
2500.000000 2.914412 174.053495 1.062547 -0.618168
2520.000000 2.882838 173.870462 1.027214 -0.612549
2540.000000 2.852969 173.687157 0.990143 -0.607068
2560.000000 2.824805 173.503640 0.951516 -0.601744
2580.000000 2.798340 173.319964 0.911498 -0.596598
2600.000000 2.773569 173.136180 0.870247 -0.591650
2620.000000 2.750480 172.952330 0.827906 -0.586920
2640.000000 2.729062 172.768455 0.784607 -0.582425
2660.000000 2.709300 172.584586 0.740473 -0.578183
2680.000000 2.691176 172.400752 0.695616 -0.574211
2700.000000 2.674673 172.216972 0.650138 -0.570524
2720.000000 2.659769 172.033264 0.604134 -0.567136
2740.000000 2.646444 171.849638 0.557691 -0.564058
2760.000000 2.634676 171.666098 0.510889 -0.561302
2780.000000 2.624442 171.482644 0.463803 -0.558877
2800.000000 2.615721 171.299273 0.416503 -0.556790
2820.000000 2.608488 171.115976 0.369053 -0.555047
2840.000000 2.602724 170.932741 0.321516 -0.553651
2860.000000 2.598406 170.749555 0.273951 -0.552606
2880.000000 2.595515 170.566401 0.226417 -0.551912
2900.000000 2.594031 170.383260 0.178970 -0.551568
2920.000000 2.593937 170.200115 0.131667 -0.551571
2940.000000 2.595217 170.016945 0.084561 -0.551918
2960.000000 2.597855 169.833734 0.037711 -0.552603
2980.000000 2.601838 169.650463 -0.008828 -0.553619
3000.000000 2.607152 169.467117 -0.054998 -0.554958
3020.000000 2.613785 169.283682 -0.100741 -0.556610
3040.000000 2.621725 169.100149 -0.145994 -0.558565
3060.000000 2.630963 168.916509 -0.190695 -0.560811
3080.000000 2.641487 168.732760 -0.234779 -0.563336
3100.000000 2.653286 168.548900 -0.278177 -0.566125
3120.000000 2.666350 168.364933 -0.320818 -0.569165
3140.000000 2.680667 168.180869 -0.362626 -0.572441
3160.000000 2.696226 167.996717 -0.403522 -0.575936
3180.000000 2.713016 167.812496 -0.443422 -0.579636
3200.000000 2.731024 167.628226 -0.482240 -0.583525
3220.000000 2.750237 167.443930 -0.519880 -0.587585
3240.000000 2.770645 167.259638 -0.556247 -0.591803
3260.000000 2.792236 167.075381 -0.591236 -0.596161
3280.000000 2.814999 166.891194 -0.624738 -0.600645
3300.000000 2.838927 166.707117 -0.656638 -0.605241
3320.000000 2.864014 166.523191 -0.686816 -0.609934
3340.000000 2.890255 166.339461 -0.715145 -0.614713
3360.000000 2.917652 166.155973 -0.741489 -0.619564
3380.000000 2.946209 165.972778 -0.765708 -0.624477
3400.000000 2.975934 165.789926 -0.787652 -0.629443
3420.000000 3.006842 165.607472 -0.807160 -0.634452
3440.000000 3.038951 165.425471 -0.824065 -0.639496
3460.000000 3.072287 165.243981 -0.838185 -0.644569
3480.000000 3.106877 165.063062 -0.849326 -0.649663
3500.000000 3.142754 164.882774 -0.857279 -0.654772
3520.000000 3.179954 164.703182 -0.861821 -0.659891
3540.000000 3.218510 164.524351 -0.862708 -0.665014
3560.000000 3.258454 164.346346 -0.859679 -0.670134
3580.000000 3.299811 164.169236 -0.852453 -0.675243
3600.000000 3.342592 163.993089 -0.840728 -0.680333
3620.000000 3.386786 163.817975 -0.824186 -0.685394
3640.000000 3.432351 163.643962 -0.802492 -0.690411
3660.000000 3.479203 163.471117 -0.775301 -0.695369
3680.000000 3.527198 163.299500 -0.742268 -0.700250
3700.000000 3.576119 163.129167 -0.703056 -0.705029
3720.000000 3.625659 162.960164 -0.657357 -0.709680
3740.000000 3.675403 162.792523 -0.604912 -0.714171
3760.000000 3.724816 162.626258 -0.545533 -0.718467
3780.000000 3.773240 162.461361 -0.479135 -0.722528
3800.000000 3.819899 162.297801 -0.405767 -0.726314
3820.000000 3.863915 162.135514 -0.325645 -0.729779
3840.000000 3.904341 161.974410 -0.239179 -0.732881
3860.000000 3.940210 161.814364 -0.146999 -0.735578
3880.000000 3.970583 161.655224 -0.049960 -0.737834
3900.000000 3.994613 161.496809 0.050861 -0.739614
3920.000000 4.011595 161.338916 0.154200 -0.740891
3940.000000 4.021013 161.181328 0.258652 -0.741643
3960.000000 4.022578 161.023819 0.362750 -0.741854
3980.000000 4.016244 160.866165 0.465033 -0.741513
4000.000000 4.002212 160.708148 0.564129 -0.740620
4020.000000 3.980912 160.549568 0.658812 -0.739183
4040.000000 3.952973 160.390242 0.748044 -0.737221
4060.000000 3.919171 160.230011 0.830995 -0.734759
4080.000000 3.880370 160.068740 0.907049 -0.731833
4100.000000 3.837469 159.906321 0.975791 -0.728479
4120.000000 3.791345 159.742670 1.036994 -0.724737
4140.000000 3.742815 159.577729 1.090592 -0.720646
4160.000000 3.692614 159.411465 1.136654 -0.716244
4180.000000 3.641377 159.243862 1.175361 -0.711564
4200.000000 3.589640 159.074926 1.206977 -0.706640
4220.000000 3.537850 158.904676 1.231826 -0.701500
4240.000000 3.486370 158.733145 1.250272 -0.696173
4260.000000 3.435495 158.560375 1.262697 -0.690684
4280.000000 3.385461 158.386417 1.269496 -0.685057
4300.000000 3.336459 158.211328 1.271058 -0.679314
4320.000000 3.288640 158.035170 1.267762 -0.673477
4340.000000 3.242128 157.858011 1.259975 -0.667567
4360.000000 3.197018 157.679920 1.248046 -0.661605
4380.000000 3.153390 157.500969 1.232304 -0.655609
4400.000000 3.111303 157.321230 1.213060 -0.649601
4420.000000 3.070808 157.140778 1.190607 -0.643600
4440.000000 3.031940 156.959688 1.165218 -0.637627
4460.000000 2.994728 156.778032 1.137153 -0.631701
4480.000000 2.959193 156.595883 1.106651 -0.625843
4500.000000 2.925349 156.413311 1.073940 -0.620073
4520.000000 2.893205 156.230382 1.039230 -0.614414
4540.000000 2.862766 156.047161 1.002719 -0.608884
4560.000000 2.834032 155.863709 0.964593 -0.603505
4580.000000 2.806999 155.680080 0.925022 -0.598298
4600.000000 2.781663 155.496327 0.884167 -0.593281
4620.000000 2.758013 155.312495 0.842175 -0.588476
4640.000000 2.736038 155.128624 0.799183 -0.583900
4660.000000 2.715724 154.944750 0.755315 -0.579572
4680.000000 2.697055 154.760901 0.710687 -0.575508
4700.000000 2.680011 154.577101 0.665406 -0.571724
4720.000000 2.664575 154.393368 0.619568 -0.568234
4740.000000 2.650725 154.209713 0.573262 -0.565052
4760.000000 2.638439 154.026144 0.526572 -0.562187
4780.000000 2.627695 153.842662 0.479573 -0.559651
4800.000000 2.618470 153.659264 0.432337 -0.557450
4820.000000 2.610742 153.475943 0.384930 -0.555591
4840.000000 2.604489 153.292689 0.337415 -0.554079
4860.000000 2.599690 153.109489 0.289853 -0.552917
4880.000000 2.596324 152.926326 0.242303 -0.552105
4900.000000 2.594372 152.743182 0.194821 -0.551644
4920.000000 2.593815 152.560041 0.147463 -0.551532
4940.000000 2.594637 152.376881 0.100285 -0.551764
4960.000000 2.596823 152.193686 0.053343 -0.552337
4980.000000 2.600358 152.010436 0.006694 -0.553243
5000.000000 2.605228 151.827117 -0.039607 -0.554475
5020.000000 2.611421 151.643713 -0.085498 -0.556023
5040.000000 2.618926 151.460214 -0.130922 -0.557879
5060.000000 2.627731 151.276611 -0.175815 -0.560029
5080.000000 2.637826 151.092898 -0.220113 -0.562462
5100.000000 2.649200 150.909075 -0.263748 -0.565164
5120.000000 2.661842 150.725144 -0.306650 -0.568122
5140.000000 2.675742 150.541110 -0.348745 -0.571320
5160.000000 2.690887 150.356987 -0.389955 -0.574744
5180.000000 2.707266 150.172787 -0.430198 -0.578377
5200.000000 2.724868 149.988530 -0.469388 -0.582205
5220.000000 2.743680 149.804240 -0.507432 -0.586210
5240.000000 2.763690 149.619943 -0.544236 -0.590376
5260.000000 2.784886 149.435671 -0.579697 -0.594689
5280.000000 2.807259 149.251456 -0.613709 -0.599133
5300.000000 2.830798 149.067338 -0.646158 -0.603693
5320.000000 2.855498 148.883357 -0.676926 -0.608355
5340.000000 2.881353 148.699556 -0.705887 -0.613106
5360.000000 2.908363 148.515982 -0.732911 -0.617935
5380.000000 2.936532 148.332683 -0.757857 -0.622828
5400.000000 2.965865 148.149710 -0.780578 -0.627778
5420.000000 2.996375 147.967117 -0.800919 -0.632773
5440.000000 3.028081 147.784958 -0.818714 -0.637806
5460.000000 3.061004 147.603291 -0.833785 -0.642870
5480.000000 3.095171 147.422174 -0.845945 -0.647957
5500.000000 3.130614 147.241669 -0.854988 -0.653062
5520.000000 3.167367 147.061837 -0.860696 -0.658179
5540.000000 3.205466 146.882744 -0.862833 -0.663301
5560.000000 3.244943 146.704455 -0.861144 -0.668423
5580.000000 3.285826 146.527039 -0.855354 -0.673537
5600.000000 3.328131 146.350562 -0.845168 -0.678634
5620.000000 3.371855 146.175095 -0.830274 -0.683706
5640.000000 3.416969 146.000707 -0.810340 -0.688739
5660.000000 3.463403 145.827463 -0.785026 -0.693719
5680.000000 3.511036 145.655429 -0.753983 -0.698628
5700.000000 3.559677 145.484661 -0.716873 -0.703444
5720.000000 3.609050 145.315210 -0.673375 -0.708141
5740.000000 3.658779 145.147111 -0.623211 -0.712689
5760.000000 3.708370 144.980385 -0.566165 -0.717055
5780.000000 3.757206 144.815033 -0.502116 -0.721199
5800.000000 3.804548 144.651031 -0.431063 -0.725081
5820.000000 3.849551 144.488328 -0.353164 -0.728658
5840.000000 3.891285 144.326840 -0.268760 -0.731887
5860.000000 3.928784 144.166456 -0.178406 -0.734724
5880.000000 3.961094 144.007032 -0.082883 -0.737131
5900.000000 3.987332 143.848396 0.016806 -0.739073
5920.000000 4.006737 143.690352 0.119454 -0.740521
5940.000000 4.018729 143.532688 0.223696 -0.741451
5960.000000 4.022937 143.375178 0.328076 -0.741844
5980.000000 4.019233 143.217596 0.431125 -0.741689
6000.000000 4.007738 143.059724 0.531431 -0.740980
6020.000000 3.988807 142.901353 0.627715 -0.739723
6040.000000 3.963007 142.742296 0.718872 -0.737934
6060.000000 3.931072 142.582383 0.804002 -0.735636
6080.000000 3.893843 142.421474 0.882418 -0.732861
6100.000000 3.852214 142.259449 0.953639 -0.729645
6120.000000 3.807072 142.096217 1.017378 -0.726029
6140.000000 3.759261 141.931713 1.073516 -0.722051
6160.000000 3.709543 141.765894 1.122083 -0.717748
6180.000000 3.658587 141.598739 1.163223 -0.713158
6200.000000 3.606964 141.430247 1.197177 -0.708312
6220.000000 3.555148 141.260434 1.224249 -0.703241
6240.000000 3.503528 141.089326 1.244794 -0.697974
6260.000000 3.452422 140.916965 1.259189 -0.692536
6280.000000 3.402083 140.743398 1.267825 -0.686952
6300.000000 3.352717 140.568680 1.271095 -0.681246
6320.000000 3.304488 140.392873 1.269381 -0.675438
6340.000000 3.257527 140.216041 1.263057 -0.669550
6360.000000 3.211939 140.038254 1.252475 -0.663603
6380.000000 3.167807 139.859582 1.237972 -0.657616
6400.000000 3.125200 139.680098 1.219865 -0.651610
6420.000000 3.084167 139.499877 1.198453 -0.645604
6440.000000 3.044752 139.318992 1.174017 -0.639619
6460.000000 3.006983 139.137517 1.146819 -0.633675
6480.000000 2.970886 138.955525 1.117106 -0.627792
6500.000000 2.936475 138.773086 1.085109 -0.621991
6520.000000 2.903762 138.590269 1.051044 -0.616292
6540.000000 2.872753 138.407139 1.015115 -0.610717
6560.000000 2.843449 138.223758 0.977509 -0.605285
6580.000000 2.815848 138.040182 0.938403 -0.600018
6600.000000 2.789946 137.856465 0.897961 -0.594936
6620.000000 2.765733 137.672655 0.856333 -0.590058
6640.000000 2.743200 137.488793 0.813660 -0.585403
6660.000000 2.722332 137.304916 0.770072 -0.580990
6680.000000 2.703115 137.121056 0.725686 -0.576836
6700.000000 2.685530 136.937238 0.680612 -0.572957
6720.000000 2.669558 136.753481 0.634950 -0.569368
6740.000000 2.655180 136.569799 0.588791 -0.566081
6760.000000 2.642374 136.386200 0.542221 -0.563109
6780.000000 2.631117 136.202689 0.495317 -0.560462
6800.000000 2.621386 136.019263 0.448152 -0.558148
6820.000000 2.613160 135.835918 0.400795 -0.556174
6840.000000 2.606417 135.652643 0.353309 -0.554546
6860.000000 2.601134 135.469426 0.305757 -0.553266
6880.000000 2.597291 135.286253 0.258196 -0.552337
6900.000000 2.594868 135.103105 0.210685 -0.551759
6920.000000 2.593847 134.919965 0.163279 -0.551531
6940.000000 2.594210 134.736813 0.116035 -0.551648
6960.000000 2.595942 134.553632 0.069008 -0.552108
6980.000000 2.599027 134.370403 0.022254 -0.552903
7000.000000 2.603452 134.187108 -0.024169 -0.554027
7020.000000 2.609204 134.003734 -0.070204 -0.555471
7040.000000 2.616271 133.820268 -0.115791 -0.557225
7060.000000 2.624643 133.636700 -0.160869 -0.559278
7080.000000 2.634308 133.453025 -0.205373 -0.561618
7100.000000 2.645255 133.269238 -0.249237 -0.564231
7120.000000 2.657475 133.085342 -0.292392 -0.567105
7140.000000 2.670955 132.901342 -0.334766 -0.570225
7160.000000 2.685685 132.717247 -0.376280 -0.573575
7180.000000 2.701653 132.533071 -0.416856 -0.577140
7200.000000 2.718848 132.348831 -0.456408 -0.580904
7220.000000 2.737256 132.164549 -0.494846 -0.584852
7240.000000 2.756867 131.980251 -0.532075 -0.588966
7260.000000 2.777668 131.795967 -0.567997 -0.593232
7280.000000 2.799648 131.611729 -0.602506 -0.597633
7300.000000 2.822798 131.427575 -0.635490 -0.602156
7320.000000 2.847111 131.243543 -0.666834 -0.606786
7340.000000 2.872580 131.059677 -0.696413 -0.611509
7360.000000 2.899204 130.876021 -0.724100 -0.616312
7380.000000 2.926985 130.692625 -0.749756 -0.621185
7400.000000 2.955927 130.509537 -0.773238 -0.626117
7420.000000 2.986043 130.326811 -0.794393 -0.631098
7440.000000 3.017346 130.144501 -0.813058 -0.636120
7460.000000 3.049859 129.962663 -0.829061 -0.641174
7480.000000 3.083607 129.781355 -0.842216 -0.646254
7500.000000 3.118620 129.600639 -0.852324 -0.651354
7520.000000 3.154931 129.420575 -0.859173 -0.656467
7540.000000 3.192576 129.241227 -0.862532 -0.661588
7560.000000 3.231589 129.062662 -0.862151 -0.666711
7580.000000 3.271999 128.884946 -0.857764 -0.671828
7600.000000 3.313828 128.708148 -0.849082 -0.676932
7620.000000 3.357079 128.532336 -0.835797 -0.682014
7640.000000 3.401734 128.357579 -0.817586 -0.687061
7660.000000 3.447737 128.183946 -0.794109 -0.692061
7680.000000 3.494987 128.011500 -0.765021 -0.696996
7700.000000 3.543317 127.840303 -0.729976 -0.701846
7720.000000 3.592482 127.670407 -0.688648 -0.706586
7740.000000 3.642141 127.501852 -0.640740 -0.711187
7760.000000 3.691841 127.334666 -0.586013 -0.715618
7780.000000 3.741005 127.168857 -0.524312 -0.719841
7800.000000 3.788936 127.004408 -0.455592 -0.723815
7820.000000 3.834821 126.841277 -0.379954 -0.727499
7840.000000 3.877754 126.679394 -0.297674 -0.730849
7860.000000 3.916777 126.518656 -0.209234 -0.733821
7880.000000 3.950926 126.358929 -0.115338 -0.736376
7900.000000 3.979285 126.200050 -0.016916 -0.738478
7920.000000 4.001050 126.041831 0.084887 -0.740094
7940.000000 4.015572 125.884064 0.188755 -0.741199
7960.000000 4.022409 125.726528 0.293254 -0.741773
7980.000000 4.021350 125.568995 0.396909 -0.741802
8000.000000 4.012431 125.411244 0.498282 -0.741278
8020.000000 3.995932 125.253062 0.596043 -0.740204
8040.000000 3.972355 125.094254 0.689025 -0.738590
8060.000000 3.942382 124.934644 0.776258 -0.736459
8080.000000 3.906825 124.774082 0.856982 -0.733839
8100.000000 3.866566 124.612442 0.930649 -0.730767
8120.000000 3.822502 124.449622 0.996910 -0.727280
8140.000000 3.775494 124.285550 1.055594 -0.723419
8160.000000 3.726335 124.120173 1.106681 -0.719221
8180.000000 3.675724 123.953466 1.150281 -0.714722
8200.000000 3.624267 123.785420 1.186607 -0.709958
8220.000000 3.572468 123.616046 1.215943 -0.704959
8240.000000 3.520744 123.445368 1.238628 -0.699755
8260.000000 3.469435 123.273421 1.255036 -0.694371
8280.000000 3.418814 123.100251 1.265554 -0.688834
8300.000000 3.369103 122.925911 1.270575 -0.683166
8320.000000 3.320478 122.750461 1.270485 -0.677390
8340.000000 3.273080 122.573965 1.265662 -0.671526
8360.000000 3.227022 122.396489 1.256465 -0.665597
8380.000000 3.182396 122.218104 1.243237 -0.659621
8400.000000 3.139272 122.038884 1.226301 -0.653619
8420.000000 3.097708 121.858901 1.205962 -0.647611
8440.000000 3.057748 121.678230 1.182507 -0.641617
8460.000000 3.019426 121.496944 1.156204 -0.635657
8480.000000 2.982768 121.315117 1.127305 -0.629751
8500.000000 2.947792 121.132820 1.096047 -0.623920
8520.000000 2.914510 120.950122 1.062651 -0.618185
8540.000000 2.882931 120.767089 1.027323 -0.612566
8560.000000 2.853057 120.583785 0.990258 -0.607084
8580.000000 2.824887 120.400269 0.951634 -0.601760
8600.000000 2.798418 120.216593 0.911621 -0.596613
8620.000000 2.773641 120.032809 0.870374 -0.591665
8640.000000 2.750548 119.848960 0.828036 -0.586934
8660.000000 2.729125 119.665084 0.784740 -0.582438
8680.000000 2.709357 119.481216 0.740608 -0.578195
8700.000000 2.691229 119.297381 0.695752 -0.574223
8720.000000 2.674720 119.113602 0.650276 -0.570535
8740.000000 2.659812 118.929893 0.604273 -0.567145
8760.000000 2.646482 118.746266 0.557832 -0.564067
8780.000000 2.634709 118.562726 0.511031 -0.561310
8800.000000 2.624471 118.379272 0.463946 -0.558884
8820.000000 2.615745 118.195901 0.416646 -0.556796
8840.000000 2.608508 118.012604 0.369196 -0.555051
8860.000000 2.602739 117.829369 0.321659 -0.553655
8880.000000 2.598417 117.646183 0.274095 -0.552609
8900.000000 2.595521 117.463028 0.226561 -0.551914
8920.000000 2.594033 117.279888 0.179114 -0.551569
8940.000000 2.593936 117.096742 0.131809 -0.551571
8960.000000 2.595211 116.913573 0.084703 -0.551917
8980.000000 2.597845 116.730361 0.037852 -0.552600
9000.000000 2.601824 116.547090 -0.008688 -0.553615
9020.000000 2.607134 116.363745 -0.054860 -0.554953
9040.000000 2.613763 116.180311 -0.100603 -0.556605
9060.000000 2.621699 115.996778 -0.145858 -0.558559
9080.000000 2.630933 115.813138 -0.190561 -0.560804
9100.000000 2.641453 115.629389 -0.234647 -0.563328
9120.000000 2.653249 115.445529 -0.278047 -0.566116
9140.000000 2.666309 115.261563 -0.320690 -0.569156
9160.000000 2.680622 115.077499 -0.362501 -0.572430
9180.000000 2.696178 114.893348 -0.403400 -0.575925
9200.000000 2.712963 114.709127 -0.443303 -0.579625
9220.000000 2.730967 114.524857 -0.482124 -0.583513
9240.000000 2.750177 114.340561 -0.519769 -0.587573
9260.000000 2.770581 114.156269 -0.556139 -0.591790
9280.000000 2.792169 113.972011 -0.591132 -0.596148
9300.000000 2.814929 113.787825 -0.624639 -0.600631
9320.000000 2.838853 113.603747 -0.656544 -0.605227
9340.000000 2.863936 113.419821 -0.686728 -0.609920
9360.000000 2.890174 113.236090 -0.715062 -0.614698
9380.000000 2.917568 113.052601 -0.741413 -0.619549
9400.000000 2.946121 112.869405 -0.765639 -0.624462
9420.000000 2.975842 112.686552 -0.787589 -0.629428
9440.000000 3.006747 112.504096 -0.807105 -0.634437
9460.000000 3.038853 112.322094 -0.824018 -0.639481
9480.000000 3.072184 112.140602 -0.838146 -0.644553
9500.000000 3.106771 111.959681 -0.849297 -0.649647
9520.000000 3.142644 111.779392 -0.857260 -0.654757
9540.000000 3.179839 111.599798 -0.861812 -0.659876
9560.000000 3.218391 111.420964 -0.862711 -0.664999
9580.000000 3.258331 111.242957 -0.859694 -0.670118
9600.000000 3.299684 111.065844 -0.852481 -0.675228
9620.000000 3.342461 110.889694 -0.840771 -0.680318
9640.000000 3.386651 110.714577 -0.824244 -0.685378
9660.000000 3.432212 110.540561 -0.802566 -0.690396
9680.000000 3.479060 110.367711 -0.775392 -0.695355
9700.000000 3.527051 110.196090 -0.742377 -0.700235
9720.000000 3.575970 110.025754 -0.703184 -0.705015
9740.000000 3.625509 109.856747 -0.657506 -0.709666
9760.000000 3.675252 109.689101 -0.605081 -0.714158
9780.000000 3.724668 109.522832 -0.545723 -0.718454
9800.000000 3.773096 109.357932 -0.479346 -0.722517
9820.000000 3.819762 109.194367 -0.405999 -0.726303
9840.000000 3.863787 109.032077 -0.325897 -0.729769
9860.000000 3.904226 108.870969 -0.239450 -0.732872
9880.000000 3.940109 108.710920 -0.147285 -0.735571
9900.000000 3.970500 108.551778 -0.050260 -0.737828
9920.000000 3.994551 108.393361 0.050552 -0.739609
9940.000000 4.011554 108.235467 0.153885 -0.740888
9960.000000 4.020996 108.077878 0.258336 -0.741642
9980.000000 4.022585 107.920370 0.362437 -0.741854
10000.000000 4.016275 107.762716 0.464728 -0.741515
10020.000000 4.002265 107.604701 0.563836 -0.740624
10040.000000 3.980987 107.446122 0.658534 -0.739188
10060.000000 3.953067 107.286799 0.747783 -0.737227
10080.000000 3.919281 107.126571 0.830755 -0.734767
10100.000000 3.880494 106.965303 0.906830 -0.731842
10120.000000 3.837604 106.802887 0.975595 -0.728490
10140.000000 3.791488 106.639240 1.036821 -0.724749
10160.000000 3.742965 106.474304 1.090441 -0.720659
10180.000000 3.692768 106.308043 1.136526 -0.716258
10200.000000 3.641532 106.140445 1.175255 -0.711579
10220.000000 3.589797 105.971513 1.206892 -0.706655
10240.000000 3.538006 105.801267 1.231761 -0.701516
10260.000000 3.486525 105.629739 1.250225 -0.696190
10280.000000 3.435648 105.456973 1.262669 -0.690701
10300.000000 3.385611 105.283018 1.269484 -0.685074
10320.000000 3.336605 105.107933 1.271060 -0.679332
10340.000000 3.288783 104.931778 1.267779 -0.673495
10360.000000 3.242266 104.754622 1.260005 -0.667585
10380.000000 3.197152 104.576534 1.248088 -0.661623
10400.000000 3.153519 104.397585 1.232357 -0.655627
10420.000000 3.111428 104.217848 1.213123 -0.649619
10440.000000 3.070927 104.037399 1.190679 -0.643618
10460.000000 3.032055 103.856310 1.165299 -0.637644
10480.000000 2.994838 103.674656 1.137241 -0.631718
10500.000000 2.959297 103.492508 1.106747 -0.625860
10520.000000 2.925448 103.309937 1.074041 -0.620091
10540.000000 2.893299 103.127009 1.039337 -0.614431
10560.000000 2.862855 102.943789 1.002832 -0.608900
10580.000000 2.834116 102.760337 0.964710 -0.603521
10600.000000 2.807079 102.576709 0.925144 -0.598313
10620.000000 2.781737 102.392956 0.884293 -0.593296
10640.000000 2.758082 102.209124 0.842304 -0.588490
10660.000000 2.736102 102.025254 0.799314 -0.583914
10680.000000 2.715783 101.841379 0.755449 -0.579585
10700.000000 2.697108 101.657531 0.710823 -0.575520
10720.000000 2.680060 101.473731 0.665544 -0.571735
10740.000000 2.664619 101.289997 0.619707 -0.568245
10760.000000 2.650764 101.106342 0.573403 -0.565061
10780.000000 2.638473 100.922773 0.526714 -0.562195
10800.000000 2.627725 100.739290 0.479716 -0.559658
10820.000000 2.618495 100.555892 0.432480 -0.557456
10840.000000 2.610763 100.372571 0.385073 -0.555596
10860.000000 2.604506 100.189317 0.337559 -0.554083
10880.000000 2.599702 100.006116 0.289997 -0.552920
10900.000000 2.596332 99.822953 0.242446 -0.552107
10920.000000 2.594375 99.639810 0.194964 -0.551645
10940.000000 2.593815 99.456668 0.147606 -0.551532
10960.000000 2.594633 99.273509 0.100427 -0.551763
10980.000000 2.596814 99.090314 0.053485 -0.552335
11000.000000 2.600345 98.907064 0.006834 -0.553240
11020.000000 2.605211 98.723745 -0.039467 -0.554471
11040.000000 2.611400 98.540342 -0.085360 -0.556018
11060.000000 2.618901 98.356843 -0.130786 -0.557873
11080.000000 2.627702 98.173240 -0.175680 -0.560022
11100.000000 2.637793 97.989528 -0.219980 -0.562454
11120.000000 2.649164 97.805705 -0.263617 -0.565156
11140.000000 2.661802 97.621774 -0.306522 -0.568113
11160.000000 2.675698 97.437741 -0.348619 -0.571310
11180.000000 2.690839 97.253617 -0.389832 -0.574733
11200.000000 2.707215 97.069418 -0.430078 -0.578366
11220.000000 2.724813 96.885161 -0.469271 -0.582193
11240.000000 2.743621 96.700871 -0.507319 -0.586197
11260.000000 2.763627 96.516574 -0.544127 -0.590363
11280.000000 2.784820 96.332301 -0.579592 -0.594676
11300.000000 2.807189 96.148087 -0.613608 -0.599119
11320.000000 2.830725 95.963969 -0.646062 -0.603679
11340.000000 2.855421 95.779987 -0.676836 -0.608341
11360.000000 2.881273 95.596185 -0.705803 -0.613092
11380.000000 2.908280 95.412610 -0.732832 -0.617920
11400.000000 2.936445 95.229311 -0.757785 -0.622813
11420.000000 2.965774 95.046337 -0.780513 -0.627762
11440.000000 2.996281 94.863742 -0.800861 -0.632758
11460.000000 3.027983 94.681582 -0.818664 -0.637791
11480.000000 3.060902 94.499913 -0.833744 -0.642855
11500.000000 3.095066 94.318795 -0.845913 -0.647942
11520.000000 3.130505 94.138287 -0.854966 -0.653047
11540.000000 3.167254 93.958454 -0.860684 -0.658164
11560.000000 3.205349 93.779358 -0.862833 -0.663286
11580.000000 3.244821 93.601067 -0.861155 -0.668407
11600.000000 3.285700 93.423647 -0.855378 -0.673521
11620.000000 3.328001 93.247168 -0.845206 -0.678619
11640.000000 3.371721 93.071698 -0.830326 -0.683690
11660.000000 3.416830 92.897306 -0.810408 -0.688724
11680.000000 3.463261 92.724059 -0.785111 -0.693704
11700.000000 3.510890 92.552021 -0.754086 -0.698613
11720.000000 3.559528 92.381250 -0.716995 -0.703430
11740.000000 3.608900 92.211794 -0.673517 -0.708127
11760.000000 3.658629 92.043691 -0.623373 -0.712676
11780.000000 3.708221 91.876961 -0.566348 -0.717042
11800.000000 3.757060 91.711605 -0.502320 -0.721187
11820.000000 3.804408 91.547599 -0.431288 -0.725070
11840.000000 3.849419 91.384891 -0.353409 -0.728648
11860.000000 3.891164 91.223400 -0.269024 -0.731878
11880.000000 3.928678 91.063013 -0.178688 -0.734716
11900.000000 3.961005 90.903587 -0.083178 -0.737124
11920.000000 3.987262 90.744949 0.016500 -0.739068
11940.000000 4.006690 90.586904 0.119141 -0.740518
11960.000000 4.018704 90.429238 0.223380 -0.741449
11980.000000 4.022936 90.271728 0.327762 -0.741844
12000.000000 4.019257 90.114147 0.430817 -0.741690
12020.000000 4.007784 89.956276 0.531134 -0.740983
12040.000000 3.988875 89.797907 0.627432 -0.739728
12060.000000 3.963095 89.638852 0.718606 -0.737940
12080.000000 3.931177 89.478942 0.803755 -0.735643
12100.000000 3.893963 89.318036 0.882192 -0.732870
12120.000000 3.852345 89.156014 0.953435 -0.729656
12140.000000 3.807213 88.992787 1.017197 -0.726040
12160.000000 3.759409 88.828286 1.073358 -0.722063
12180.000000 3.709696 88.662471 1.121947 -0.717762
12200.000000 3.658743 88.495320 1.163110 -0.713172
12220.000000 3.607120 88.326832 1.197084 -0.708327
12240.000000 3.555304 88.157023 1.224178 -0.703256
12260.000000 3.503683 87.985920 1.244741 -0.697990
12280.000000 3.452575 87.813562 1.259154 -0.692553
12300.000000 3.402234 87.639999 1.267807 -0.686969
12320.000000 3.352865 87.465284 1.271092 -0.681263
12340.000000 3.304632 87.289480 1.269394 -0.675456
12360.000000 3.257667 87.112651 1.263082 -0.669568
12380.000000 3.212074 86.934867 1.252513 -0.663621
12400.000000 3.167939 86.756197 1.238021 -0.657634
12420.000000 3.125326 86.576716 1.219925 -0.651628
12440.000000 3.084289 86.396497 1.198523 -0.645622
12460.000000 3.044868 86.215613 1.174095 -0.639637
12480.000000 3.007095 86.034140 1.146905 -0.633693
12500.000000 2.970992 85.852150 1.117199 -0.627810
12520.000000 2.936577 85.669712 1.085209 -0.622009
12540.000000 2.903859 85.486896 1.051150 -0.616310
12560.000000 2.872844 85.303767 1.015226 -0.610734
12580.000000 2.843535 85.120387 0.977625 -0.605302
12600.000000 2.815929 84.936811 0.938523 -0.600034
12620.000000 2.790022 84.753095 0.898085 -0.594951
12640.000000 2.765804 84.569284 0.856460 -0.590072
12660.000000 2.743265 84.385423 0.813791 -0.585417
12680.000000 2.722393 84.201546 0.770205 -0.581003
12700.000000 2.703170 84.017686 0.725821 -0.576849
12720.000000 2.685580 83.833867 0.680749 -0.572969
12740.000000 2.669604 83.650110 0.635088 -0.569378
12760.000000 2.655221 83.466428 0.588931 -0.566090
12780.000000 2.642410 83.282829 0.542362 -0.563117
12800.000000 2.631148 83.099318 0.495459 -0.560469
12820.000000 2.621413 82.915892 0.448295 -0.558154
12840.000000 2.613183 82.732546 0.400938 -0.556179
12860.000000 2.606435 82.549271 0.353453 -0.554550
12880.000000 2.601148 82.366054 0.305900 -0.553270
12900.000000 2.597300 82.182880 0.258340 -0.552340
12920.000000 2.594873 81.999732 0.210828 -0.551761
12940.000000 2.593848 81.816592 0.163422 -0.551531
12960.000000 2.594207 81.633441 0.116177 -0.551648
12980.000000 2.595934 81.450260 0.069150 -0.552106
13000.000000 2.599015 81.267030 0.022395 -0.552900
13020.000000 2.603436 81.083736 -0.024029 -0.554023
13040.000000 2.609184 80.900363 -0.070066 -0.555466
13060.000000 2.616248 80.716897 -0.115654 -0.557219
13080.000000 2.624616 80.533329 -0.160733 -0.559271
13100.000000 2.634277 80.349654 -0.205239 -0.561610
13120.000000 2.645220 80.165868 -0.249106 -0.564223
13140.000000 2.657436 79.981972 -0.292263 -0.567096
13160.000000 2.670913 79.797973 -0.334639 -0.570215
13180.000000 2.685639 79.613878 -0.376156 -0.573565
13200.000000 2.701603 79.429702 -0.416735 -0.577129
13220.000000 2.718794 79.245462 -0.456290 -0.580893
13240.000000 2.737199 79.061180 -0.494731 -0.584840
13260.000000 2.756806 78.876883 -0.531965 -0.588953
13280.000000 2.777603 78.692598 -0.567891 -0.593219
13300.000000 2.799580 78.508360 -0.602404 -0.597620
13320.000000 2.822727 78.324205 -0.635393 -0.602142
13340.000000 2.847036 78.140173 -0.666742 -0.606772
13360.000000 2.872502 77.956306 -0.696327 -0.611494
13380.000000 2.899122 77.772650 -0.724019 -0.616298
13400.000000 2.926899 77.589253 -0.749682 -0.621171
13420.000000 2.955838 77.406164 -0.773171 -0.626102
13440.000000 2.985950 77.223437 -0.794333 -0.631083
13460.000000 3.017250 77.041125 -0.813006 -0.636104
13480.000000 3.049759 76.859286 -0.829017 -0.641159
13500.000000 3.083503 76.677977 -0.842180 -0.646239
13520.000000 3.118512 76.497258 -0.852299 -0.651339
13540.000000 3.154819 76.317192 -0.859158 -0.656452
13560.000000 3.192460 76.137842 -0.862527 -0.661573
13580.000000 3.231469 75.959275 -0.862158 -0.666695
13600.000000 3.271875 75.781556 -0.857783 -0.671813
13620.000000 3.313699 75.604755 -0.849115 -0.676917
13640.000000 3.356947 75.428940 -0.835845 -0.681998
13660.000000 3.401597 75.254180 -0.817649 -0.687046
13680.000000 3.447596 75.080543 -0.794189 -0.692046
13700.000000 3.494842 74.908094 -0.765117 -0.696981
13720.000000 3.543169 74.736893 -0.730091 -0.701831
13740.000000 3.592333 74.566992 -0.688782 -0.706572
13760.000000 3.641991 74.398434 -0.640895 -0.711174
13780.000000 3.691691 74.231244 -0.586189 -0.715605
13800.000000 3.740858 74.065430 -0.524509 -0.719828
13820.000000 3.788794 73.900977 -0.455810 -0.723804
13840.000000 3.834686 73.737843 -0.380192 -0.727489
13860.000000 3.877630 73.575956 -0.297932 -0.730839
13880.000000 3.916666 73.415214 -0.209510 -0.733813
13900.000000 3.950831 73.255484 -0.115629 -0.736369
13920.000000 3.979209 73.096603 -0.017219 -0.738472
13940.000000 4.000995 72.938383 0.084576 -0.740090
13960.000000 4.015540 72.780615 0.188439 -0.741197
13980.000000 4.022400 72.623078 0.292938 -0.741773
14000.000000 4.021365 72.465546 0.396598 -0.741803
14020.000000 4.012469 72.307796 0.497981 -0.741281
14040.000000 3.995993 72.149615 0.595755 -0.740208
14060.000000 3.972436 71.990809 0.688753 -0.738596
14080.000000 3.942481 71.831202 0.776003 -0.736466
14100.000000 3.906940 71.670643 0.856748 -0.733848
14120.000000 3.866694 71.509006 0.930438 -0.730777
14140.000000 3.822640 71.346191 0.996722 -0.727291
14160.000000 3.775640 71.182122 1.055428 -0.723431
14180.000000 3.726486 71.016749 1.106538 -0.719234
14200.000000 3.675879 70.850046 1.150161 -0.714736
14220.000000 3.624423 70.682004 1.186507 -0.709973
14240.000000 3.572624 70.512634 1.215864 -0.704975
14260.000000 3.520900 70.341960 1.238570 -0.699771
14280.000000 3.469589 70.170016 1.254996 -0.694388
14300.000000 3.418966 69.996850 1.265531 -0.688851
14320.000000 3.369252 69.822514 1.270567 -0.683183
14340.000000 3.320623 69.647067 1.270493 -0.677407
14360.000000 3.273221 69.470574 1.265684 -0.671544
14380.000000 3.227159 69.293101 1.256499 -0.665615
14400.000000 3.182528 69.114719 1.243283 -0.659639
14420.000000 3.139400 68.935501 1.226357 -0.653637
14440.000000 3.097831 68.755520 1.206029 -0.647629
14460.000000 3.057866 68.574851 1.182582 -0.641635
14480.000000 3.019539 68.393567 1.156288 -0.635675
14500.000000 2.982876 68.211741 1.127396 -0.629769
14520.000000 2.947895 68.029445 1.096145 -0.623938
14540.000000 2.914608 67.846749 1.062755 -0.618202
14560.000000 2.883024 67.663717 1.027433 -0.612583
14580.000000 2.853144 67.480414 0.990372 -0.607100
14600.000000 2.824970 67.296898 0.951753 -0.601776
14620.000000 2.798495 67.113223 0.911744 -0.596629
14640.000000 2.773713 66.929439 0.870500 -0.591679
14660.000000 2.750615 66.745590 0.828165 -0.586947
14680.000000 2.729187 66.561714 0.784872 -0.582451
14700.000000 2.709415 66.377846 0.740742 -0.578208
14720.000000 2.691281 66.194011 0.695889 -0.574234
14740.000000 2.674767 66.010231 0.650414 -0.570545
14760.000000 2.659854 65.826523 0.604413 -0.567155
14780.000000 2.646520 65.642896 0.557973 -0.564076
14800.000000 2.634742 65.459355 0.511173 -0.561318
14820.000000 2.624500 65.275901 0.464088 -0.558891
14840.000000 2.615769 65.092529 0.416789 -0.556802
14860.000000 2.608528 64.909232 0.369340 -0.555056
14880.000000 2.602754 64.725997 0.321803 -0.553659
14900.000000 2.598428 64.542810 0.274239 -0.552612
14920.000000 2.595528 64.359656 0.226704 -0.551915
14940.000000 2.594036 64.176515 0.179257 -0.551569
14960.000000 2.593934 63.993370 0.131952 -0.551570
14980.000000 2.595205 63.810201 0.084845 -0.551915
15000.000000 2.597835 63.626989 0.037993 -0.552598
15020.000000 2.601810 63.443719 -0.008548 -0.553612
15040.000000 2.607115 63.260373 -0.054721 -0.554949
15060.000000 2.613741 63.076939 -0.100466 -0.556599
15080.000000 2.621673 62.893407 -0.145722 -0.558553
15100.000000 2.630903 62.709768 -0.190427 -0.560797
15120.000000 2.641419 62.526019 -0.234515 -0.563320
15140.000000 2.653211 62.342160 -0.277917 -0.566108
15160.000000 2.666267 62.158194 -0.320562 -0.569146
15180.000000 2.680577 61.974130 -0.362376 -0.572420
15200.000000 2.696129 61.789979 -0.403277 -0.575915
15220.000000 2.712911 61.605758 -0.443184 -0.579613
15240.000000 2.730911 61.421488 -0.482008 -0.583501
15260.000000 2.750117 61.237192 -0.519657 -0.587560
15280.000000 2.770518 61.052900 -0.556031 -0.591777
15300.000000 2.792102 60.868642 -0.591028 -0.596134
15320.000000 2.814858 60.684455 -0.624540 -0.600618
15340.000000 2.838779 60.500378 -0.656450 -0.605213
15360.000000 2.863859 60.316451 -0.686639 -0.609906
15380.000000 2.890093 60.132719 -0.714979 -0.614684
15400.000000 2.917483 59.949230 -0.741336 -0.619534
15420.000000 2.946033 59.766032 -0.765569 -0.624447
15440.000000 2.975751 59.583178 -0.787526 -0.629413
15460.000000 3.006651 59.400721 -0.807050 -0.634421
15480.000000 3.038754 59.218717 -0.823971 -0.639466
15500.000000 3.072082 59.037224 -0.838108 -0.644538
15520.000000 3.106664 58.856301 -0.849268 -0.649632
15540.000000 3.142534 58.676010 -0.857241 -0.654741
15560.000000 3.179725 58.496414 -0.861804 -0.659860
15580.000000 3.218272 58.317578 -0.862714 -0.664983
15600.000000 3.258209 58.139568 -0.859709 -0.670103
15620.000000 3.299557 57.962452 -0.852509 -0.675212
15640.000000 3.342330 57.786299 -0.840813 -0.680303
15660.000000 3.386515 57.611179 -0.824302 -0.685363
15680.000000 3.432072 57.437159 -0.802640 -0.690381
15700.000000 3.478916 57.264306 -0.775483 -0.695340
15720.000000 3.526905 57.092681 -0.742486 -0.700221
15740.000000 3.575821 56.922341 -0.703312 -0.705001
15760.000000 3.625359 56.753330 -0.657654 -0.709652
15780.000000 3.675102 56.585680 -0.605250 -0.714145
15800.000000 3.724519 56.419407 -0.545913 -0.718442
15820.000000 3.772952 56.254502 -0.479557 -0.722505
15840.000000 3.819624 56.090934 -0.406231 -0.726292
15860.000000 3.863659 55.928640 -0.326149 -0.729759
15880.000000 3.904110 55.767528 -0.239720 -0.732863
15900.000000 3.940009 55.607477 -0.147572 -0.735563
15920.000000 3.970418 55.448332 -0.050559 -0.737821
15940.000000 3.994488 55.289913 0.050243 -0.739605
15960.000000 4.011514 55.132018 0.153570 -0.740885
15980.000000 4.020980 54.974429 0.258020 -0.741640
16000.000000 4.022593 54.816920 0.362124 -0.741854
16020.000000 4.016306 54.659267 0.464423 -0.741517
16040.000000 4.002319 54.501253 0.563542 -0.740627
16060.000000 3.981061 54.342677 0.658255 -0.739194
16080.000000 3.953160 54.183356 0.747523 -0.737234
16100.000000 3.919391 54.023131 0.830514 -0.734775
16120.000000 3.880618 53.861866 0.906611 -0.731852
16140.000000 3.837739 53.699454 0.975398 -0.728500
16160.000000 3.791631 53.535811 1.036647 -0.724761
16180.000000 3.743114 53.370879 1.090290 -0.720672
16200.000000 3.692921 53.204622 1.136398 -0.716271
16220.000000 3.641688 53.037028 1.175149 -0.711593
16240.000000 3.589953 52.868100 1.206807 -0.706670
16260.000000 3.538163 52.697858 1.231696 -0.701532
16280.000000 3.486680 52.526334 1.250179 -0.696206
16300.000000 3.435800 52.353571 1.262640 -0.690718
16320.000000 3.385761 52.179620 1.269471 -0.685091
16340.000000 3.336752 52.004538 1.271063 -0.679349
16360.000000 3.288926 51.828387 1.267796 -0.673513
16380.000000 3.242405 51.651233 1.260035 -0.667603
16400.000000 3.197286 51.473148 1.248130 -0.661641
16420.000000 3.153649 51.294201 1.232410 -0.655645
16440.000000 3.111553 51.114467 1.213186 -0.649637
16460.000000 3.071047 50.934019 1.190751 -0.643636
16480.000000 3.032170 50.752933 1.165380 -0.637662
16500.000000 2.994948 50.571280 1.137330 -0.631736
16520.000000 2.959402 50.389134 1.106842 -0.625878
16540.000000 2.925548 50.206564 1.074143 -0.620108
16560.000000 2.893394 50.023637 1.039445 -0.614447
16580.000000 2.862945 49.840418 1.002945 -0.608917
16600.000000 2.834200 49.656967 0.964828 -0.603537
16620.000000 2.807158 49.473339 0.925266 -0.598328
16640.000000 2.781811 49.289586 0.884418 -0.593311
16660.000000 2.758151 49.105754 0.842432 -0.588504
16680.000000 2.736166 48.921884 0.799445 -0.583927
16700.000000 2.715842 48.738009 0.755583 -0.579597
16720.000000 2.697162 48.554161 0.710959 -0.575532
16740.000000 2.680110 48.370360 0.665681 -0.571746
16760.000000 2.664664 48.186627 0.619846 -0.568255
16780.000000 2.650804 48.002972 0.573544 -0.565070
16800.000000 2.638508 47.819402 0.526855 -0.562204
16820.000000 2.627755 47.635919 0.479858 -0.559665
16840.000000 2.618521 47.452520 0.432623 -0.557462
16860.000000 2.610784 47.269199 0.385217 -0.555601
16880.000000 2.604523 47.085945 0.337702 -0.554087
16900.000000 2.599715 46.902744 0.290141 -0.552923
16920.000000 2.596340 46.719581 0.242590 -0.552109
16940.000000 2.594379 46.536438 0.195107 -0.551646
16960.000000 2.593814 46.353296 0.147749 -0.551531
16980.000000 2.594628 46.170137 0.100570 -0.551762
17000.000000 2.596806 45.986942 0.053626 -0.552332
17020.000000 2.600332 45.803693 0.006975 -0.553237
17040.000000 2.605194 45.620374 -0.039328 -0.554466
17060.000000 2.611379 45.436971 -0.085222 -0.556013
17080.000000 2.618876 45.253472 -0.130649 -0.557866
17100.000000 2.627674 45.069869 -0.175545 -0.560015
17120.000000 2.637761 44.886157 -0.219847 -0.562446
17140.000000 2.649127 44.702335 -0.263486 -0.565147
17160.000000 2.661762 44.518404 -0.306393 -0.568103
17180.000000 2.675654 44.334372 -0.348493 -0.571300
17200.000000 2.690792 44.150248 -0.389709 -0.574723
17220.000000 2.707164 43.966049 -0.429958 -0.578355
17240.000000 2.724758 43.781793 -0.469154 -0.582181
17260.000000 2.743562 43.597503 -0.507206 -0.586185
17280.000000 2.763565 43.413206 -0.544018 -0.590351
17300.000000 2.784754 43.228933 -0.579487 -0.594663
17320.000000 2.807120 43.044718 -0.613508 -0.599106
17340.000000 2.830652 42.860599 -0.645967 -0.603665
17360.000000 2.855345 42.676617 -0.676745 -0.608327
17380.000000 2.881193 42.492815 -0.705718 -0.613077
17400.000000 2.908197 42.309239 -0.732753 -0.617905
17420.000000 2.936358 42.125938 -0.757712 -0.622799
17440.000000 2.965684 41.942964 -0.780448 -0.627747
17460.000000 2.996187 41.760368 -0.800804 -0.632743
17480.000000 3.027886 41.578206 -0.818614 -0.637776
17500.000000 3.060801 41.396536 -0.833703 -0.642839
17520.000000 3.094960 41.215416 -0.845880 -0.647927
17540.000000 3.130396 41.034906 -0.854943 -0.653031
17560.000000 3.167141 40.855071 -0.860672 -0.658148
17580.000000 3.205231 40.675973 -0.862832 -0.663270
17600.000000 3.244700 40.497679 -0.861166 -0.668392
17620.000000 3.285574 40.320257 -0.855402 -0.673506
17640.000000 3.327871 40.143774 -0.845243 -0.678603
17660.000000 3.371586 39.968301 -0.830378 -0.683675
17680.000000 3.416692 39.793906 -0.810476 -0.688709
17700.000000 3.463118 39.620656 -0.785195 -0.693689
17720.000000 3.510744 39.448614 -0.754189 -0.698599
17740.000000 3.559380 39.277838 -0.717116 -0.703415
17760.000000 3.608750 39.108378 -0.673658 -0.708113
17780.000000 3.658478 38.940271 -0.623535 -0.712662
17800.000000 3.708072 38.773537 -0.566531 -0.717029
17820.000000 3.756914 38.608177 -0.502524 -0.721175
17840.000000 3.804268 38.444167 -0.431514 -0.725059
17860.000000 3.849287 38.281456 -0.353655 -0.728638
17880.000000 3.891044 38.119961 -0.269289 -0.731868
17900.000000 3.928572 37.959571 -0.178969 -0.734708
17920.000000 3.960916 37.800142 -0.083474 -0.737118
17940.000000 3.987193 37.641501 0.016194 -0.739063
17960.000000 4.006642 37.483455 0.118827 -0.740514
17980.000000 4.018679 37.325788 0.223064 -0.741447
18000.000000 4.022935 37.168278 0.327448 -0.741843
18020.000000 4.019280 37.010698 0.430508 -0.741691
18040.000000 4.007830 36.852828 0.530836 -0.740986
18060.000000 3.988942 36.694461 0.627148 -0.739733
18080.000000 3.963183 36.535408 0.718339 -0.737946
18100.000000 3.931282 36.375501 0.803507 -0.735651
18120.000000 3.894083 36.214598 0.881965 -0.732879
18140.000000 3.852477 36.052580 0.953231 -0.729666
18160.000000 3.807354 35.889356 1.017015 -0.726052
18180.000000 3.759557 35.724860 1.073200 -0.722076
18200.000000 3.709848 35.559049 1.121812 -0.717775
18220.000000 3.658898 35.391902 1.162996 -0.713186
18240.000000 3.607277 35.223418 1.196992 -0.708342
18260.000000 3.555461 35.053612 1.224106 -0.703272
18280.000000 3.503839 34.882513 1.244688 -0.698006
18300.000000 3.452729 34.710159 1.259119 -0.692569
18320.000000 3.402385 34.536599 1.267789 -0.686986
18340.000000 3.353013 34.361888 1.271090 -0.681281
18360.000000 3.304776 34.186088 1.269406 -0.675473
18380.000000 3.257807 34.009262 1.263108 -0.669586
18400.000000 3.212210 33.831480 1.252551 -0.663639
18420.000000 3.168070 33.652813 1.238070 -0.657652
18440.000000 3.125452 33.473334 1.219985 -0.651646
18460.000000 3.084411 33.293117 1.198592 -0.645641
18480.000000 3.044985 33.112236 1.174173 -0.639655
18500.000000 3.007207 32.930764 1.146991 -0.633711
18520.000000 2.971099 32.748775 1.117293 -0.627828
18540.000000 2.936678 32.566339 1.085309 -0.622026
18560.000000 2.903955 32.383524 1.051256 -0.616327
18580.000000 2.872935 32.200396 1.015337 -0.610750
18600.000000 2.843621 32.017016 0.977741 -0.605318
18620.000000 2.816010 31.833441 0.938644 -0.600050
18640.000000 2.790097 31.649725 0.898209 -0.594966
18660.000000 2.765875 31.465915 0.856588 -0.590087
18680.000000 2.743331 31.282053 0.813921 -0.585431
18700.000000 2.722453 31.098176 0.770338 -0.581016
18720.000000 2.703226 30.914316 0.725957 -0.576861
18740.000000 2.685631 30.730497 0.680886 -0.572980
18760.000000 2.669650 30.546740 0.635227 -0.569388
18780.000000 2.655262 30.363057 0.589071 -0.566100
18800.000000 2.642446 30.179459 0.542503 -0.563126
18820.000000 2.631180 29.995947 0.495601 -0.560477
18840.000000 2.621441 29.812521 0.448438 -0.558161
18860.000000 2.613206 29.629175 0.401082 -0.556185
18880.000000 2.606453 29.445899 0.353597 -0.554555
18900.000000 2.601162 29.262682 0.306044 -0.553273
18920.000000 2.597310 29.079508 0.258483 -0.552342
18940.000000 2.594879 28.896360 0.210972 -0.551762
18960.000000 2.593849 28.713220 0.163565 -0.551531
18980.000000 2.594204 28.530069 0.116320 -0.551647
19000.000000 2.595927 28.346888 0.069292 -0.552104
19020.000000 2.599004 28.163659 0.022536 -0.552898
19040.000000 2.603421 27.980365 -0.023889 -0.554020
19060.000000 2.609165 27.796992 -0.069927 -0.555461
19080.000000 2.616225 27.613526 -0.115517 -0.557213
19100.000000 2.624588 27.429959 -0.160598 -0.559264
19120.000000 2.634246 27.246284 -0.205105 -0.561603
19140.000000 2.645185 27.062498 -0.248974 -0.564215
19160.000000 2.657397 26.878603 -0.292134 -0.567087
19180.000000 2.670870 26.694603 -0.334512 -0.570206
19200.000000 2.685592 26.510509 -0.376032 -0.573554
19220.000000 2.701553 26.326333 -0.416614 -0.577118
19240.000000 2.718740 26.142094 -0.456172 -0.580881
19260.000000 2.737141 25.957812 -0.494617 -0.584827
19280.000000 2.756745 25.773514 -0.531854 -0.588941
19300.000000 2.777538 25.589229 -0.567784 -0.593206
19320.000000 2.799512 25.404991 -0.602301 -0.597606
19340.000000 2.822655 25.220836 -0.635295 -0.602129
19360.000000 2.846960 25.036803 -0.666649 -0.606757
19380.000000 2.872423 24.852936 -0.696240 -0.611480
19400.000000 2.899040 24.669279 -0.723938 -0.616283
19420.000000 2.926813 24.485881 -0.749608 -0.621156
19440.000000 2.955749 24.302792 -0.773103 -0.626087
19460.000000 2.985857 24.120063 -0.794273 -0.631068
19480.000000 3.017153 23.937750 -0.812953 -0.636089
19500.000000 3.049659 23.755909 -0.828972 -0.641143
19520.000000 3.083399 23.574598 -0.842145 -0.646223
19540.000000 3.118404 23.393878 -0.852273 -0.651323
19560.000000 3.154708 23.213810 -0.859142 -0.656436
19580.000000 3.192344 23.034458 -0.862522 -0.661557
19600.000000 3.231349 22.855888 -0.862165 -0.666680
19620.000000 3.271751 22.678167 -0.857803 -0.671797
19640.000000 3.313571 22.501362 -0.849148 -0.676901
19660.000000 3.356814 22.325544 -0.835892 -0.681983
19680.000000 3.401460 22.150781 -0.817712 -0.687031
19700.000000 3.447455 21.977140 -0.794268 -0.692031
19720.000000 3.494698 21.804688 -0.765214 -0.696967
19740.000000 3.543022 21.633483 -0.730207 -0.701817
19760.000000 3.592183 21.463578 -0.688917 -0.706557
19780.000000 3.641840 21.295016 -0.641050 -0.711160
19800.000000 3.691541 21.127821 -0.586365 -0.715592
19820.000000 3.740711 20.962003 -0.524707 -0.719816
19840.000000 3.788652 20.797546 -0.456029 -0.723792
19860.000000 3.834551 20.634408 -0.380431 -0.727478
19880.000000 3.877505 20.472518 -0.298190 -0.730830
19900.000000 3.916555 20.311773 -0.209786 -0.733805
19920.000000 3.950736 20.152040 -0.115920 -0.736362
19940.000000 3.979133 19.993157 -0.017523 -0.738466
19960.000000 4.000939 19.834935 0.084264 -0.740086
19980.000000 4.015507 19.677166 0.188123 -0.741194
20000.000000 4.022391 19.519628 0.292623 -0.741772
20020.000000 4.021380 19.362097 0.396287 -0.741804
20040.000000 4.012508 19.204347 0.497679 -0.741283
20060.000000 3.996054 19.046169 0.595466 -0.740212
20080.000000 3.972518 18.887365 0.688480 -0.738601
20100.000000 3.942581 18.727761 0.775749 -0.736473
20120.000000 3.907055 18.567205 0.856514 -0.733856
20140.000000 3.866822 18.405571 0.930226 -0.730787
20160.000000 3.822778 18.242759 0.996532 -0.727302
20180.000000 3.775786 18.078694 1.055262 -0.723443
20200.000000 3.726637 17.913326 1.106394 -0.719247
20220.000000 3.676034 17.746626 1.150040 -0.714750
20240.000000 3.624580 17.578589 1.186408 -0.709988
20260.000000 3.572781 17.409223 1.215785 -0.704990
20280.000000 3.521056 17.238552 1.238510 -0.699787
20300.000000 3.469743 17.066613 1.254955 -0.694404
20320.000000 3.419118 16.893450 1.265507 -0.688868
20340.000000 3.369401 16.719117 1.270560 -0.683201
20360.000000 3.320768 16.543674 1.270501 -0.677425
20380.000000 3.273363 16.367183 1.265705 -0.671562
20400.000000 3.227297 16.189713 1.256533 -0.665633
20420.000000 3.182661 16.011334 1.243328 -0.659657
20440.000000 3.139528 15.832118 1.226414 -0.653655
20460.000000 3.097955 15.652140 1.206095 -0.647647
20480.000000 3.057985 15.471472 1.182658 -0.641653
20500.000000 3.019653 15.290190 1.156371 -0.635693
20520.000000 2.982984 15.108366 1.127488 -0.629787
20540.000000 2.947998 14.926072 1.096243 -0.623955
20560.000000 2.914706 14.743376 1.062859 -0.618219
20580.000000 2.883117 14.560346 1.027542 -0.612600
20600.000000 2.853232 14.377043 0.990487 -0.607117
20620.000000 2.825052 14.193527 0.951872 -0.601791
20640.000000 2.798573 14.009853 0.911867 -0.596644
20660.000000 2.773786 13.826069 0.870627 -0.591694
20680.000000 2.750682 13.642220 0.828295 -0.586961
20700.000000 2.729249 13.458345 0.785004 -0.582464
20720.000000 2.709472 13.274476 0.740877 -0.578220
20740.000000 2.691333 13.090641 0.696025 -0.574246
20760.000000 2.674815 12.906861 0.650553 -0.570556
20780.000000 2.659897 12.723152 0.604553 -0.567165
20800.000000 2.646558 12.539525 0.558114 -0.564085
20820.000000 2.634776 12.355984 0.511315 -0.561326
20840.000000 2.624528 12.172530 0.464231 -0.558897
20860.000000 2.615793 11.989158 0.416932 -0.556807
20880.000000 2.608547 11.805860 0.369483 -0.555061
20900.000000 2.602770 11.622625 0.321947 -0.553662
20920.000000 2.598439 11.439439 0.274382 -0.552614
20940.000000 2.595535 11.256284 0.226848 -0.551917
20960.000000 2.594038 11.073143 0.179400 -0.551570
20980.000000 2.593932 10.889998 0.132095 -0.551570
21000.000000 2.595200 10.706829 0.084988 -0.551914
21020.000000 2.597825 10.523618 0.038135 -0.552595
21040.000000 2.601796 10.340347 -0.008408 -0.553608
21060.000000 2.607097 10.157002 -0.054582 -0.554944
21080.000000 2.613719 9.973569 -0.100328 -0.556594
21100.000000 2.621648 9.790036 -0.145586 -0.558546
21120.000000 2.630873 9.606398 -0.190292 -0.560790
21140.000000 2.641386 9.422649 -0.234382 -0.563312
21160.000000 2.653173 9.238790 -0.277787 -0.566099
21180.000000 2.666226 9.054825 -0.320435 -0.569137
21200.000000 2.680532 8.870761 -0.362250 -0.572410
21220.000000 2.696080 8.686610 -0.403155 -0.575904
21240.000000 2.712858 8.502390 -0.443065 -0.579602
21260.000000 2.730855 8.318120 -0.481893 -0.583489
21280.000000 2.750057 8.133824 -0.519545 -0.587548
21300.000000 2.770454 7.949532 -0.555923 -0.591764
21320.000000 2.792035 7.765274 -0.590925 -0.596121
21340.000000 2.814788 7.581087 -0.624441 -0.600604
21360.000000 2.838705 7.397008 -0.656356 -0.605199
21380.000000 2.863781 7.213081 -0.686551 -0.609891
21400.000000 2.890012 7.029349 -0.714897 -0.614669
21420.000000 2.917398 6.845859 -0.741260 -0.619520
21440.000000 2.945944 6.662660 -0.765499 -0.624433
21460.000000 2.975659 6.479805 -0.787463 -0.629398
21480.000000 3.006556 6.297347 -0.806995 -0.634406
21500.000000 3.038655 6.115341 -0.823924 -0.639450
21520.000000 3.071979 5.933847 -0.838070 -0.644522
21540.000000 3.106558 5.752922 -0.849238 -0.649616
21560.000000 3.142423 5.572629 -0.857222 -0.654726
21580.000000 3.179610 5.393030 -0.861795 -0.659845
21600.000000 3.218154 5.214192 -0.862717 -0.664968
21620.000000 3.258086 5.036179 -0.859725 -0.670087
21640.000000 3.299430 4.859060 -0.852538 -0.675197
21660.000000 3.342198 4.682905 -0.840856 -0.680287
21680.000000 3.386379 4.507781 -0.824359 -0.685348
21700.000000 3.431932 4.333758 -0.802713 -0.690366
21720.000000 3.478773 4.160901 -0.775574 -0.695325
21740.000000 3.526758 3.989273 -0.742595 -0.700206
21760.000000 3.575672 3.818928 -0.703440 -0.704986
21780.000000 3.625208 3.649913 -0.657802 -0.709638
21800.000000 3.674952 3.482260 -0.605419 -0.714131
21820.000000 3.724371 3.315982 -0.546103 -0.718429
21840.000000 3.772808 3.151073 -0.479769 -0.722493
21860.000000 3.819487 2.987501 -0.406464 -0.726281
21880.000000 3.863531 2.825203 -0.326401 -0.729749
21900.000000 3.903994 2.664088 -0.239990 -0.732854
21920.000000 3.939908 2.504034 -0.147858 -0.735556
21940.000000 3.970335 2.344886 -0.050859 -0.737815
21960.000000 3.994426 2.186465 0.049934 -0.739600
21980.000000 4.011474 2.028569 0.153255 -0.740882
22000.000000 4.020963 1.870979 0.257704 -0.741639
22020.000000 4.022600 1.713471 0.361811 -0.741854
22040.000000 4.016337 1.555819 0.464117 -0.741519
22060.000000 4.002372 1.397806 0.563248 -0.740631
22080.000000 3.981136 1.239232 0.657977 -0.739199
22100.000000 3.953254 1.079913 0.747262 -0.737241
22120.000000 3.919501 0.919691 0.830273 -0.734784
22140.000000 3.880742 0.758430 0.906391 -0.731861
22160.000000 3.837874 0.596022 0.975201 -0.728511
22180.000000 3.791775 0.432382 1.036473 -0.724773
22200.000000 3.743264 0.267454 1.090140 -0.720685
22220.000000 3.693075 0.101201 1.136269 -0.716285
22240.000000 3.641844 -0.066389 1.175042 -0.711608
22260.000000 3.590110 -0.235313 1.206721 -0.706685
22280.000000 3.538319 -0.405551 1.231630 -0.701548
22300.000000 3.486835 -0.577071 1.250132 -0.696222
22320.000000 3.435953 -0.749830 1.262611 -0.690735
22340.000000 3.385911 -0.923778 1.269459 -0.685109
22360.000000 3.336898 -1.098857 1.271066 -0.679367
22380.000000 3.289068 -1.275005 1.267813 -0.673531
22400.000000 3.242543 -1.452155 1.260065 -0.667621
22420.000000 3.197421 -1.630238 1.248172 -0.661659
22440.000000 3.153778 -1.809182 1.232463 -0.655664
22460.000000 3.111678 -1.988914 1.213249 -0.649655
22480.000000 3.071168 -2.169359 1.190824 -0.643654
22500.000000 3.032285 -2.350444 1.165461 -0.637680
22520.000000 2.995058 -2.532095 1.137419 -0.631754
22540.000000 2.959507 -2.714240 1.106938 -0.625895
22560.000000 2.925648 -2.896809 1.074246 -0.620125
22580.000000 2.893489 -3.079735 1.039553 -0.614464
22600.000000 2.863034 -3.262953 1.003058 -0.608933
22620.000000 2.834285 -3.446404 0.964945 -0.603553
22640.000000 2.807237 -3.630031 0.925387 -0.598344
22660.000000 2.781885 -3.813784 0.884543 -0.593326
22680.000000 2.758220 -3.997615 0.842561 -0.588518
22700.000000 2.736230 -4.181486 0.799577 -0.583941
22720.000000 2.715901 -4.365360 0.755716 -0.579610
22740.000000 2.697217 -4.549209 0.711095 -0.575544
22760.000000 2.680159 -4.733009 0.665819 -0.571757
22780.000000 2.664708 -4.916743 0.619986 -0.568265
22800.000000 2.650843 -5.100399 0.573684 -0.565079
22820.000000 2.638543 -5.283969 0.526997 -0.562212
22840.000000 2.627785 -5.467452 0.480001 -0.559672
22860.000000 2.618547 -5.650851 0.432766 -0.557468
22880.000000 2.610805 -5.834172 0.385360 -0.555606
22900.000000 2.604539 -6.017426 0.337846 -0.554091
22920.000000 2.599727 -6.200627 0.290285 -0.552926
22940.000000 2.596348 -6.383791 0.242734 -0.552111
22960.000000 2.594383 -6.566934 0.195251 -0.551647
22980.000000 2.593814 -6.750076 0.147892 -0.551531
23000.000000 2.594624 -6.933235 0.100712 -0.551761
23020.000000 2.596797 -7.116430 0.053768 -0.552330
23040.000000 2.600319 -7.299679 0.007115 -0.553233
23060.000000 2.605177 -7.482997 -0.039188 -0.554462
23080.000000 2.611359 -7.666400 -0.085084 -0.556008
23100.000000 2.618852 -7.849898 -0.130512 -0.557860
23120.000000 2.627645 -8.033501 -0.175410 -0.560008
23140.000000 2.637729 -8.217212 -0.219714 -0.562438
23160.000000 2.649091 -8.401035 -0.263355 -0.565138
23180.000000 2.661722 -8.584965 -0.306264 -0.568094
23200.000000 2.675610 -8.768997 -0.348367 -0.571290
23220.000000 2.690744 -8.953120 -0.389585 -0.574712
23240.000000 2.707112 -9.137319 -0.429838 -0.578344
23260.000000 2.724703 -9.321576 -0.469037 -0.582169
23280.000000 2.743504 -9.505866 -0.507093 -0.586172
23300.000000 2.763503 -9.690163 -0.543908 -0.590338
23320.000000 2.784688 -9.874436 -0.579382 -0.594649
23340.000000 2.807050 -10.058651 -0.613407 -0.599092
23360.000000 2.830579 -10.242770 -0.645871 -0.603651
23380.000000 2.855269 -10.426752 -0.676655 -0.608312
23400.000000 2.881113 -10.610555 -0.705633 -0.613063
23420.000000 2.908113 -10.794132 -0.732675 -0.617890
23440.000000 2.936271 -10.977433 -0.757640 -0.622784
23460.000000 2.965593 -11.160409 -0.780382 -0.627732
23480.000000 2.996093 -11.343006 -0.800746 -0.632727
23500.000000 3.027788 -11.525169 -0.818564 -0.637760
23520.000000 3.060699 -11.706841 -0.833662 -0.642824
23540.000000 3.094855 -11.887963 -0.845848 -0.647911
23560.000000 3.130286 -12.068474 -0.854921 -0.653016
23580.000000 3.167028 -12.248312 -0.860660 -0.658133
23600.000000 3.205114 -12.427412 -0.862831 -0.663255
23620.000000 3.244578 -12.605709 -0.861177 -0.668376
23640.000000 3.285449 -12.783134 -0.855426 -0.673490
23660.000000 3.327741 -12.959619 -0.845281 -0.678588
23680.000000 3.371452 -13.135095 -0.830431 -0.683660
23700.000000 3.416553 -13.309494 -0.810545 -0.688694
23720.000000 3.462976 -13.482748 -0.785280 -0.693674
23740.000000 3.510599 -13.654793 -0.754292 -0.698584
23760.000000 3.559232 -13.825573 -0.717238 -0.703401
23780.000000 3.608600 -13.995037 -0.673800 -0.708099
23800.000000 3.658328 -14.163148 -0.623697 -0.712649
23820.000000 3.707922 -14.329886 -0.566714 -0.717016
23840.000000 3.756768 -14.495250 -0.502728 -0.721163
23860.000000 3.804128 -14.659264 -0.431739 -0.725048
23880.000000 3.849156 -14.821980 -0.353900 -0.728628
23900.000000 3.890924 -14.983478 -0.269554 -0.731859
23920.000000 3.928466 -15.143871 -0.179251 -0.734700
23940.000000 3.960827 -15.303303 -0.083769 -0.737111
23960.000000 3.987123 -15.461945 0.015887 -0.739058
23980.000000 4.006594 -15.619993 0.118513 -0.740511
24000.000000 4.018654 -15.777661 0.222747 -0.741445
24020.000000 4.022934 -15.935171 0.327133 -0.741843
24040.000000 4.019302 -16.092751 0.430200 -0.741692
24060.000000 4.007876 -16.250619 0.530538 -0.740989
24080.000000 3.989010 -16.408984 0.626863 -0.739737
24100.000000 3.963270 -16.568035 0.718071 -0.737952
24120.000000 3.931387 -16.727939 0.803259 -0.735659
24140.000000 3.894202 -16.888839 0.881738 -0.732888
24160.000000 3.852608 -17.050854 0.953026 -0.729676
24180.000000 3.807495 -17.214074 1.016834 -0.726063
24200.000000 3.759704 -17.378566 1.073041 -0.722088
24220.000000 3.710001 -17.544374 1.121676 -0.717789
24240.000000 3.659054 -17.711516 1.162883 -0.713200
24260.000000 3.607434 -17.879996 1.196900 -0.708357
24280.000000 3.555617 -18.049798 1.224034 -0.703288
24300.000000 3.503994 -18.220893 1.244636 -0.698022
24320.000000 3.452882 -18.393243 1.259085 -0.692586
24340.000000 3.402536 -18.566799 1.267771 -0.687004
24360.000000 3.353160 -18.741507 1.271088 -0.681298
24380.000000 3.304920 -18.917305 1.269418 -0.675491
24400.000000 3.257947 -19.094127 1.263134 -0.669604
24420.000000 3.212346 -19.271907 1.252589 -0.663657
24440.000000 3.168201 -19.450571 1.238120 -0.657670
24460.000000 3.125579 -19.630048 1.220045 -0.651664
24480.000000 3.084532 -19.810263 1.198662 -0.645659
24500.000000 3.045102 -19.991142 1.174251 -0.639674
24520.000000 3.007319 -20.172612 1.147077 -0.633729
24540.000000 2.971206 -20.354599 1.117386 -0.627845
24560.000000 2.936780 -20.537034 1.085409 -0.622043
24580.000000 2.904051 -20.719848 1.051362 -0.616344
24600.000000 2.873027 -20.902976 1.015449 -0.610767
24620.000000 2.843707 -21.086355 0.977857 -0.605334
24640.000000 2.816091 -21.269929 0.938764 -0.600065
24660.000000 2.790173 -21.453645 0.898333 -0.594981
24680.000000 2.765945 -21.637455 0.856715 -0.590101
24700.000000 2.743397 -21.821317 0.814052 -0.585445
24720.000000 2.722514 -22.005193 0.770471 -0.581029
24740.000000 2.703282 -22.189054 0.726092 -0.576873
24760.000000 2.685682 -22.372872 0.681024 -0.572991
24780.000000 2.669696 -22.556630 0.635366 -0.569399
24800.000000 2.655304 -22.740313 0.589212 -0.566109
24820.000000 2.642483 -22.923912 0.542645 -0.563134
24840.000000 2.631212 -23.107424 0.495743 -0.560484
24860.000000 2.621468 -23.290850 0.448581 -0.558167
24880.000000 2.613228 -23.474196 0.401225 -0.556190
24900.000000 2.606471 -23.657472 0.353740 -0.554559
24920.000000 2.601175 -23.840689 0.306188 -0.553276
24940.000000 2.597319 -24.023863 0.258627 -0.552344
24960.000000 2.594884 -24.207011 0.211115 -0.551763
24980.000000 2.593850 -24.390151 0.163709 -0.551531
25000.000000 2.594201 -24.573302 0.116463 -0.551646
25020.000000 2.595920 -24.756483 0.069434 -0.552102
25040.000000 2.598993 -24.939712 0.022677 -0.552895
25060.000000 2.603405 -25.123006 -0.023749 -0.554016
25080.000000 2.609146 -25.306379 -0.069788 -0.555457
25100.000000 2.616201 -25.489844 -0.115380 -0.557208
25120.000000 2.624561 -25.673411 -0.160462 -0.559258
25140.000000 2.634214 -25.857086 -0.204972 -0.561595
25160.000000 2.645150 -26.040871 -0.248842 -0.564207
25180.000000 2.657358 -26.224766 -0.292004 -0.567078
25200.000000 2.670827 -26.408765 -0.334385 -0.570196
25220.000000 2.685546 -26.592859 -0.375908 -0.573544
25240.000000 2.701503 -26.777035 -0.416492 -0.577107
25260.000000 2.718686 -26.961275 -0.456054 -0.580869
25280.000000 2.737084 -27.145556 -0.494502 -0.584815
25300.000000 2.756684 -27.329854 -0.531743 -0.588928
25320.000000 2.777474 -27.514139 -0.567677 -0.593192
25340.000000 2.799444 -27.698377 -0.602199 -0.597593
25360.000000 2.822583 -27.882533 -0.635198 -0.602115
25380.000000 2.846885 -28.066566 -0.666557 -0.606743
25400.000000 2.872344 -28.250433 -0.696153 -0.611465
25420.000000 2.898958 -28.434091 -0.723858 -0.616269
25440.000000 2.926727 -28.617490 -0.749533 -0.621141
25460.000000 2.955659 -28.800581 -0.773035 -0.626072
25480.000000 2.985764 -28.983310 -0.794212 -0.631053
25500.000000 3.017057 -29.165625 -0.812901 -0.636074
25520.000000 3.049559 -29.347467 -0.828928 -0.641128
25540.000000 3.083295 -29.528780 -0.842110 -0.646208
25560.000000 3.118296 -29.709502 -0.852247 -0.651308
25580.000000 3.154596 -29.889572 -0.859126 -0.656421
25600.000000 3.192228 -30.068926 -0.862518 -0.661542
25620.000000 3.231229 -30.247499 -0.862172 -0.666664
25640.000000 3.271626 -30.425223 -0.857822 -0.671782
25660.000000 3.313442 -30.602030 -0.849181 -0.676886
25680.000000 3.356681 -30.777851 -0.835940 -0.681968
25700.000000 3.401323 -30.952618 -0.817775 -0.687016
25720.000000 3.447314 -31.126262 -0.794347 -0.692016
25740.000000 3.494553 -31.298718 -0.765311 -0.696952
25760.000000 3.542874 -31.469927 -0.730322 -0.701802
25780.000000 3.592033 -31.639835 -0.689052 -0.706543
25800.000000 3.641690 -31.808402 -0.641205 -0.711146
25820.000000 3.691391 -31.975600 -0.586541 -0.715579
25840.000000 3.740563 -32.141423 -0.524904 -0.719803
25860.000000 3.788509 -32.305884 -0.456247 -0.723780
25880.000000 3.834417 -32.469026 -0.380670 -0.727467
25900.000000 3.877381 -32.630920 -0.298449 -0.730820
25920.000000 3.916444 -32.791668 -0.210062 -0.733796
25940.000000 3.950641 -32.951404 -0.116212 -0.736355
25960.000000 3.979057 -33.110289 -0.017826 -0.738461
25980.000000 4.000884 -33.268513 0.083952 -0.740081
26000.000000 4.015474 -33.426283 0.187807 -0.741192
26020.000000 4.022382 -33.583821 0.292307 -0.741771
26040.000000 4.021395 -33.741352 0.395976 -0.741804
26060.000000 4.012547 -33.899100 0.497377 -0.741285
26080.000000 3.996115 -34.057278 0.595176 -0.740216
26100.000000 3.972599 -34.216079 0.688206 -0.738607
26120.000000 3.942680 -34.375681 0.775494 -0.736480
26140.000000 3.907170 -34.536233 0.856280 -0.733865
26160.000000 3.866950 -34.697864 0.930014 -0.730797
26180.000000 3.822917 -34.860672 0.996343 -0.727314
26200.000000 3.775932 -35.024733 1.055095 -0.723455
26220.000000 3.726788 -35.190098 1.106251 -0.719260
26240.000000 3.676188 -35.356793 1.149919 -0.714764
26260.000000 3.624736 -35.524826 1.186309 -0.710003
26280.000000 3.572938 -35.694189 1.215707 -0.705006
26300.000000 3.521212 -35.864855 1.238451 -0.699803
26320.000000 3.469897 -36.036791 1.254914 -0.694421
26340.000000 3.419270 -36.209950 1.265484 -0.688885
26360.000000 3.369550 -36.384279 1.270553 -0.683218
26380.000000 3.320914 -36.559719 1.270508 -0.677442
26400.000000 3.273504 -36.736207 1.265726 -0.671580
26420.000000 3.227434 -36.913674 1.256567 -0.665651
26440.000000 3.182794 -37.092050 1.243374 -0.659675
26460.000000 3.139656 -37.271264 1.226470 -0.653673
26480.000000 3.098078 -37.451240 1.206161 -0.647665
26500.000000 3.058103 -37.631906 1.182733 -0.641671
26520.000000 3.019766 -37.813186 1.156455 -0.635711
26540.000000 2.983093 -37.995009 1.127579 -0.629804
26560.000000 2.948101 -38.177302 1.096341 -0.623973
26580.000000 2.914805 -38.359996 1.062963 -0.618237
26600.000000 2.883210 -38.543026 1.027652 -0.612616
26620.000000 2.853320 -38.726328 0.990601 -0.607133
26640.000000 2.825135 -38.909843 0.951991 -0.601807
26660.000000 2.798650 -39.093517 0.911990 -0.596659
26680.000000 2.773858 -39.277300 0.870753 -0.591709
26700.000000 2.750750 -39.461149 0.828424 -0.586975
26720.000000 2.729312 -39.645024 0.785136 -0.582478
26740.000000 2.709529 -39.828893 0.741012 -0.578233
26760.000000 2.691386 -40.012728 0.696162 -0.574257
26780.000000 2.674863 -40.196508 0.650691 -0.570567
26800.000000 2.659940 -40.380217 0.604693 -0.567175
26820.000000 2.646596 -40.563845 0.558255 -0.564093
26840.000000 2.634809 -40.747386 0.511457 -0.561334
26860.000000 2.624557 -40.930841 0.464374 -0.558904
26880.000000 2.615817 -41.114213 0.417076 -0.556813
26900.000000 2.608567 -41.297511 0.369627 -0.555066
26920.000000 2.602785 -41.480746 0.322091 -0.553666
26940.000000 2.598450 -41.663933 0.274526 -0.552617
26960.000000 2.595541 -41.847087 0.226992 -0.551918
26980.000000 2.594041 -42.030228 0.179544 -0.551570
27000.000000 2.593930 -42.213373 0.132238 -0.551569
27020.000000 2.595194 -42.396542 0.085130 -0.551912
27040.000000 2.597815 -42.579753 0.038276 -0.552593
27060.000000 2.601782 -42.763024 -0.008267 -0.553605
27080.000000 2.607079 -42.946369 -0.054442 -0.554940
27100.000000 2.613696 -43.129802 -0.100190 -0.556588
27120.000000 2.621622 -43.313334 -0.145450 -0.558540
27140.000000 2.630844 -43.496972 -0.190158 -0.560783
27160.000000 2.641352 -43.680720 -0.234250 -0.563304
27180.000000 2.653136 -43.864579 -0.277657 -0.566090
27200.000000 2.666184 -44.048544 -0.320307 -0.569127
27220.000000 2.680487 -44.232608 -0.362125 -0.572400
27240.000000 2.696031 -44.416758 -0.403033 -0.575893
27260.000000 2.712806 -44.600978 -0.442946 -0.579590
27280.000000 2.730798 -44.785248 -0.481777 -0.583477
27300.000000 2.749998 -44.969544 -0.519432 -0.587535
27320.000000 2.770391 -45.153836 -0.555815 -0.591751
27340.000000 2.791967 -45.338094 -0.590821 -0.596107
27360.000000 2.814717 -45.522282 -0.624342 -0.600590
27380.000000 2.838631 -45.706360 -0.656262 -0.605185
27400.000000 2.863703 -45.890288 -0.686462 -0.609877
27420.000000 2.889931 -46.074021 -0.714814 -0.614654
27440.000000 2.917314 -46.257512 -0.741183 -0.619505
27460.000000 2.945856 -46.440712 -0.765429 -0.624418
27480.000000 2.975567 -46.623568 -0.787400 -0.629383
27500.000000 3.006461 -46.806027 -0.806940 -0.634391
27520.000000 3.038556 -46.988034 -0.823877 -0.639435
27540.000000 3.071876 -47.169530 -0.838031 -0.644507
27560.000000 3.106451 -47.350457 -0.849209 -0.649601
27580.000000 3.142313 -47.530752 -0.857203 -0.654710
27600.000000 3.179496 -47.710353 -0.861787 -0.659829
27620.000000 3.218035 -47.889194 -0.862720 -0.664952
27640.000000 3.257963 -48.067209 -0.859740 -0.670072
27660.000000 3.299303 -48.244331 -0.852566 -0.675181
27680.000000 3.342066 -48.420489 -0.840898 -0.680272
27700.000000 3.386243 -48.595616 -0.824417 -0.685333
27720.000000 3.431792 -48.769643 -0.802787 -0.690351
27740.000000 3.478629 -48.942503 -0.775665 -0.695310
27760.000000 3.526611 -49.114135 -0.742704 -0.700191
27780.000000 3.575523 -49.284484 -0.703568 -0.704972
27800.000000 3.625058 -49.453503 -0.657950 -0.709625
27820.000000 3.674802 -49.621161 -0.605588 -0.714118
27840.000000 3.724222 -49.787442 -0.546293 -0.718416
27860.000000 3.772664 -49.952355 -0.479980 -0.722481
27880.000000 3.819349 -50.115932 -0.406696 -0.726270
27900.000000 3.863402 -50.278233 -0.326653 -0.729739
27920.000000 3.903878 -50.439351 -0.240261 -0.732846
27940.000000 3.939807 -50.599409 -0.148145 -0.735548
27960.000000 3.970252 -50.758559 -0.051159 -0.737809
27980.000000 3.994363 -50.916982 0.049624 -0.739595
28000.000000 4.011434 -51.074879 0.152940 -0.740879
28020.000000 4.020946 -51.232470 0.257388 -0.741637
28040.000000 4.022607 -51.389978 0.361498 -0.741854
28060.000000 4.016367 -51.547630 0.463812 -0.741521
28080.000000 4.002426 -51.705641 0.562954 -0.740634
28100.000000 3.981211 -51.864213 0.657697 -0.739204
28120.000000 3.953348 -52.023529 0.747001 -0.737247
28140.000000 3.919611 -52.183748 0.830032 -0.734792
28160.000000 3.880866 -52.345006 0.906172 -0.731871
28180.000000 3.838009 -52.507411 0.975004 -0.728522
28200.000000 3.791919 -52.671046 1.036299 -0.724785
28220.000000 3.743414 -52.835971 1.089988 -0.720698
28240.000000 3.693229 -53.002219 1.136141 -0.716299
28260.000000 3.642000 -53.169806 1.174936 -0.711622
28280.000000 3.590267 -53.338726 1.206636 -0.706701
28300.000000 3.538475 -53.508960 1.231565 -0.701564
28320.000000 3.486990 -53.680476 1.250085 -0.696239
28340.000000 3.436106 -53.853231 1.262582 -0.690751
28360.000000 3.386061 -54.027175 1.269446 -0.685126
28380.000000 3.337045 -54.202251 1.271068 -0.679384
28400.000000 3.289211 -54.378396 1.267829 -0.673548
28420.000000 3.242682 -54.555543 1.260095 -0.667639
28440.000000 3.197555 -54.733623 1.248214 -0.661677
28460.000000 3.153908 -54.912565 1.232516 -0.655682
28480.000000 3.111803 -55.092295 1.213312 -0.649674
28500.000000 3.071288 -55.272738 1.190896 -0.643673
28520.000000 3.032400 -55.453821 1.165542 -0.637699
28540.000000 2.995168 -55.635470 1.137507 -0.631772
28560.000000 2.959612 -55.817614 1.107034 -0.625913
28580.000000 2.925748 -56.000182 1.074348 -0.620143
28600.000000 2.893584 -56.183106 1.039661 -0.614481
28620.000000 2.863124 -56.366324 1.003171 -0.608950
28640.000000 2.834369 -56.549774 0.965063 -0.603569
28660.000000 2.807316 -56.733401 0.925509 -0.598359
28680.000000 2.781959 -56.917153 0.884669 -0.593341
28700.000000 2.758289 -57.100984 0.842690 -0.588533
28720.000000 2.736294 -57.284855 0.799708 -0.583954
28740.000000 2.715960 -57.468729 0.755850 -0.579623
28760.000000 2.697271 -57.652578 0.711231 -0.575556
28780.000000 2.680208 -57.836379 0.665957 -0.571768
28800.000000 2.664752 -58.020113 0.620125 -0.568275
28820.000000 2.650883 -58.203769 0.573825 -0.565088
28840.000000 2.638578 -58.387339 0.527139 -0.562220
28860.000000 2.627815 -58.570822 0.480143 -0.559679
28880.000000 2.618572 -58.754221 0.432909 -0.557474
28900.000000 2.610827 -58.937543 0.385504 -0.555611
28920.000000 2.604556 -59.120797 0.337990 -0.554095
28940.000000 2.599739 -59.303999 0.290429 -0.552929
28960.000000 2.596356 -59.487162 0.242878 -0.552113
28980.000000 2.594387 -59.670305 0.195394 -0.551648
29000.000000 2.593814 -59.853447 0.148035 -0.551531
29020.000000 2.594619 -60.036606 0.100855 -0.551759
29040.000000 2.596789 -60.219801 0.053909 -0.552328
29060.000000 2.600307 -60.403049 0.007256 -0.553230
29080.000000 2.605161 -60.586368 -0.039049 -0.554458
29100.000000 2.611338 -60.769770 -0.084946 -0.556003
29120.000000 2.618827 -60.953268 -0.130376 -0.557854
29140.000000 2.627617 -61.136870 -0.175275 -0.560001
29160.000000 2.637696 -61.320582 -0.219581 -0.562431
29180.000000 2.649055 -61.504404 -0.263224 -0.565130
29200.000000 2.661682 -61.688334 -0.306136 -0.568085
29220.000000 2.675566 -61.872366 -0.348241 -0.571280
29240.000000 2.690696 -62.056488 -0.389462 -0.574701
29260.000000 2.707061 -62.240687 -0.429717 -0.578332
29280.000000 2.724648 -62.424943 -0.468920 -0.582157
29300.000000 2.743445 -62.609233 -0.506979 -0.586160
29320.000000 2.763440 -62.793530 -0.543799 -0.590325
29340.000000 2.784622 -62.977804 -0.579277 -0.594636
29360.000000 2.806981 -63.162019 -0.613307 -0.599078
29380.000000 2.830506 -63.346138 -0.645775 -0.603637
29400.000000 2.855192 -63.530121 -0.676564 -0.608298
29420.000000 2.881033 -63.713925 -0.705548 -0.613048
29440.000000 2.908030 -63.897502 -0.732596 -0.617876
29460.000000 2.936184 -64.080804 -0.757568 -0.622769
29480.000000 2.965503 -64.263781 -0.780317 -0.627717
29500.000000 2.995999 -64.446379 -0.800688 -0.632712
29520.000000 3.027690 -64.628544 -0.818514 -0.637745
29540.000000 3.060598 -64.810217 -0.833620 -0.642808
29560.000000 3.094750 -64.991341 -0.845816 -0.647896
29580.000000 3.130177 -65.171854 -0.854898 -0.653001
29600.000000 3.166914 -65.351694 -0.860648 -0.658117
29620.000000 3.204997 -65.530797 -0.862830 -0.663239
29640.000000 3.244457 -65.709096 -0.861188 -0.668361
29660.000000 3.285323 -65.886524 -0.855449 -0.673475
29680.000000 3.327610 -66.063012 -0.845319 -0.678573
29700.000000 3.371318 -66.238491 -0.830483 -0.683645
29720.000000 3.416415 -66.412893 -0.810613 -0.688678
29740.000000 3.462834 -66.586151 -0.785365 -0.693659
29760.000000 3.510453 -66.758200 -0.754395 -0.698569
29780.000000 3.559083 -66.928983 -0.717360 -0.703386
29800.000000 3.608450 -67.098451 -0.673941 -0.708085
29820.000000 3.658177 -67.266567 -0.623859 -0.712635
29840.000000 3.707773 -67.433309 -0.566897 -0.717003
29860.000000 3.756622 -67.598677 -0.502933 -0.721150
29880.000000 3.803988 -67.762695 -0.431964 -0.725036
29900.000000 3.849024 -67.925415 -0.354146 -0.728617
29920.000000 3.890803 -68.086916 -0.269818 -0.731850
29940.000000 3.928359 -68.247313 -0.179532 -0.734692
29960.000000 3.960738 -68.406747 -0.084065 -0.737105
29980.000000 3.987054 -68.565392 0.015580 -0.739053
30000.000000 4.006546 -68.723441 0.118199 -0.740507
30020.000000 4.018629 -68.881109 0.222431 -0.741443
30040.000000 4.022933 -69.038620 0.326818 -0.741843
30060.000000 4.019325 -69.196199 0.429891 -0.741694
30080.000000 4.007922 -69.354066 0.530239 -0.740992
30100.000000 3.989078 -69.512430 0.626579 -0.739742
30120.000000 3.963358 -69.671478 0.717804 -0.737959
30140.000000 3.931492 -69.831379 0.803011 -0.735666
30160.000000 3.894322 -69.992276 0.881511 -0.732897
30180.000000 3.852740 -70.154287 0.952822 -0.729687
30200.000000 3.807636 -70.317503 1.016652 -0.726075
30220.000000 3.759852 -70.481992 1.072882 -0.722101
30240.000000 3.710153 -70.647795 1.121540 -0.717802
30260.000000 3.659209 -70.814934 1.162769 -0.713215
30280.000000 3.607591 -70.983409 1.196807 -0.708372
30300.000000 3.555774 -71.153207 1.223962 -0.703303
30320.000000 3.504150 -71.324299 1.244583 -0.698038
30340.000000 3.453036 -71.496645 1.259050 -0.692603
30360.000000 3.402687 -71.670198 1.267753 -0.687021
30380.000000 3.353308 -71.844902 1.271086 -0.681315
30400.000000 3.305064 -72.020697 1.269430 -0.675509
30420.000000 3.258087 -72.197516 1.263159 -0.669622
30440.000000 3.212482 -72.375293 1.252627 -0.663675
30460.000000 3.168333 -72.553954 1.238169 -0.657689
30480.000000 3.125706 -72.733429 1.220105 -0.651683
30500.000000 3.084654 -72.913642 1.198731 -0.645677
30520.000000 3.045219 -73.094519 1.174330 -0.639692
30540.000000 3.007431 -73.275987 1.147164 -0.633747
30560.000000 2.971313 -73.457973 1.117480 -0.627863
30580.000000 2.936882 -73.640407 1.085509 -0.622061
30600.000000 2.904148 -73.823220 1.051468 -0.616361
30620.000000 2.873118 -74.006346 1.015560 -0.610784
30640.000000 2.843793 -74.189725 0.977973 -0.605350
30660.000000 2.816172 -74.373299 0.938885 -0.600081
30680.000000 2.790249 -74.557014 0.898457 -0.594996
30700.000000 2.766016 -74.740824 0.856843 -0.590116
30720.000000 2.743463 -74.924686 0.814182 -0.585458
30740.000000 2.722575 -75.108562 0.770604 -0.581042
30760.000000 2.703337 -75.292423 0.726227 -0.576885
30780.000000 2.685733 -75.476242 0.681161 -0.573002
30800.000000 2.669742 -75.659999 0.635505 -0.569409
30820.000000 2.655345 -75.843682 0.589352 -0.566119
30840.000000 2.642519 -76.027282 0.542786 -0.563143
30860.000000 2.631244 -76.210794 0.495886 -0.560492
30880.000000 2.621495 -76.394221 0.448724 -0.558174
30900.000000 2.613251 -76.577567 0.401369 -0.556196
30920.000000 2.606490 -76.760843 0.353884 -0.554563
30940.000000 2.601189 -76.944060 0.306332 -0.553280
30960.000000 2.597329 -77.127234 0.258771 -0.552347
30980.000000 2.594889 -77.310382 0.211259 -0.551764
31000.000000 2.593851 -77.493522 0.163852 -0.551531
31020.000000 2.594197 -77.676673 0.116606 -0.551645
31040.000000 2.595912 -77.859854 0.069576 -0.552100
31060.000000 2.598981 -78.043083 0.022818 -0.552892
31080.000000 2.603390 -78.226377 -0.023609 -0.554012
31100.000000 2.609126 -78.409749 -0.069649 -0.555452
31120.000000 2.616178 -78.593214 -0.115242 -0.557202
31140.000000 2.624534 -78.776781 -0.160326 -0.559251
31160.000000 2.634183 -78.960455 -0.204838 -0.561588
31180.000000 2.645115 -79.144240 -0.248710 -0.564198
31200.000000 2.657319 -79.328135 -0.291875 -0.567069
31220.000000 2.670785 -79.512134 -0.334258 -0.570186
31240.000000 2.685500 -79.696228 -0.375783 -0.573533
31260.000000 2.701453 -79.880403 -0.416371 -0.577096
31280.000000 2.718633 -80.064642 -0.455935 -0.580858
31300.000000 2.737026 -80.248924 -0.494388 -0.584803
31320.000000 2.756622 -80.433222 -0.531632 -0.588915
31340.000000 2.777409 -80.617506 -0.567571 -0.593179
31360.000000 2.799375 -80.801745 -0.602097 -0.597579
31380.000000 2.822511 -80.985901 -0.635100 -0.602101
31400.000000 2.846810 -81.169934 -0.666465 -0.606729
31420.000000 2.872265 -81.353803 -0.696067 -0.611451
31440.000000 2.898875 -81.537461 -0.723777 -0.616254
31460.000000 2.926642 -81.720861 -0.749458 -0.621126
31480.000000 2.955570 -81.903952 -0.772968 -0.626057
31500.000000 2.985671 -82.086683 -0.794152 -0.631038
31520.000000 3.016960 -82.268999 -0.812848 -0.636059
31540.000000 3.049458 -82.450843 -0.828884 -0.641113
31560.000000 3.083191 -82.632157 -0.842074 -0.646193
31580.000000 3.118188 -82.812881 -0.852221 -0.651292
31600.000000 3.154484 -82.992954 -0.859111 -0.656405
31620.000000 3.192112 -83.172310 -0.862513 -0.661526
31640.000000 3.231108 -83.350885 -0.862179 -0.666649
31660.000000 3.271502 -83.528612 -0.857842 -0.671766
31680.000000 3.313313 -83.705422 -0.849214 -0.676871
31700.000000 3.356548 -83.881246 -0.835987 -0.681952
31720.000000 3.401185 -84.056016 -0.817837 -0.687001
31740.000000 3.447173 -84.229663 -0.794426 -0.692001
31760.000000 3.494408 -84.402123 -0.765408 -0.696937
31780.000000 3.542726 -84.573336 -0.730437 -0.701788
31800.000000 3.591883 -84.743248 -0.689187 -0.706529
31820.000000 3.641539 -84.911819 -0.641360 -0.711133
31840.000000 3.691241 -85.079022 -0.586717 -0.715565
31860.000000 3.740416 -85.244848 -0.525101 -0.719791
31880.000000 3.788367 -85.409313 -0.456466 -0.723769
31900.000000 3.834281 -85.572459 -0.380909 -0.727457
31920.000000 3.877256 -85.734357 -0.298708 -0.730810
31940.000000 3.916332 -85.895109 -0.210339 -0.733788
31960.000000 3.950545 -86.054847 -0.116503 -0.736348
31980.000000 3.978980 -86.213735 -0.018130 -0.738455
