0.000000 3.979657 196.004800 0.625860 0.531365
20.000000 3.994051 196.119519 0.570869 0.533529
40.000000 4.005443 196.234236 0.513620 0.535187
60.000000 4.013670 196.348935 0.454479 0.536331
80.000000 4.018616 196.463601 0.393850 0.536958
100.000000 4.020206 196.578225 0.332168 0.537068
120.000000 4.018420 196.692799 0.269892 0.536663
140.000000 4.013285 196.807319 0.207494 0.535750
160.000000 4.004876 196.921778 0.145448 0.534336
180.000000 3.993318 197.036171 0.084218 0.532434
200.000000 3.978775 197.150491 0.024250 0.530056
220.000000 3.961452 197.264726 -0.034042 0.527216
240.000000 3.941580 197.378862 -0.090281 0.523931
260.000000 3.919419 197.492878 -0.144134 0.520220
280.000000 3.895239 197.606750 -0.195314 0.516102
300.000000 3.869323 197.720448 -0.243584 0.511600
320.000000 3.841952 197.833935 -0.288759 0.506736
340.000000 3.813402 197.947170 -0.330697 0.501533
360.000000 3.783938 198.060106 -0.369304 0.496014
380.000000 3.753806 198.172691 -0.404526 0.490203
400.000000 3.723237 198.284870 -0.436346 0.484123
420.000000 3.692436 198.396584 -0.464780 0.477796
440.000000 3.661587 198.507769 -0.489872 0.471244
460.000000 3.630853 198.618360 -0.511690 0.464487
480.000000 3.600374 198.728291 -0.530320 0.457544
500.000000 3.570269 198.837493 -0.545867 0.450435
520.000000 3.540641 198.945898 -0.558446 0.443176
540.000000 3.511574 199.053437 -0.568183 0.435786
560.000000 3.483138 199.160042 -0.575209 0.428279
580.000000 3.455392 199.265646 -0.579664 0.420673
600.000000 3.428381 199.370184 -0.581685 0.412981
620.000000 3.402144 199.473591 -0.581416 0.405220
640.000000 3.376708 199.575807 -0.578996 0.397402
660.000000 3.352098 199.676774 -0.574567 0.389544
680.000000 3.328329 199.776435 -0.568267 0.381659
700.000000 3.305413 199.874740 -0.560230 0.373761
720.000000 3.283357 199.971640 -0.550591 0.365864
740.000000 3.262164 200.067091 -0.539475 0.357984
760.000000 3.241835 200.161055 -0.527009 0.350135
780.000000 3.222367 200.253495 -0.513310 0.342330
800.000000 3.203753 200.344382 -0.498495 0.334583
820.000000 3.185987 200.433691 -0.482671 0.326910
840.000000 3.169056 200.521401 -0.465943 0.319324
860.000000 3.152950 200.607499 -0.448410 0.311839
880.000000 3.137653 200.691975 -0.430164 0.304469
900.000000 3.123150 200.774824 -0.411292 0.297226
920.000000 3.109422 200.856049 -0.391875 0.290124
940.000000 3.096452 200.935657 -0.371990 0.283175
960.000000 3.084218 201.013658 -0.351705 0.276392
980.000000 3.072699 201.090072 -0.331085 0.269785
1000.000000 3.061874 201.164919 -0.310189 0.263365
1020.000000 3.051721 201.238228 -0.289069 0.257143
1040.000000 3.042215 201.310029 -0.267773 0.251129
1060.000000 3.033335 201.380360 -0.246344 0.245331
1080.000000 3.025056 201.449262 -0.224819 0.239758
1100.000000 3.017356 201.516778 -0.203231 0.234418
1120.000000 3.010211 201.582958 -0.181610 0.229318
1140.000000 3.003600 201.647853 -0.159979 0.224464
1160.000000 2.997500 201.711519 -0.138358 0.219863
1180.000000 2.991890 201.774014 -0.116763 0.215520
1200.000000 2.986750 201.835401 -0.095208 0.211440
1220.000000 2.982061 201.895741 -0.073702 0.207628
1240.000000 2.977804 201.955103 -0.052252 0.204087
1260.000000 2.973962 202.013554 -0.030860 0.200822
1280.000000 2.970519 202.071165 -0.009530 0.197835
1300.000000 2.967460 202.128008 0.011742 0.195130
1320.000000 2.964772 202.184157 0.032957 0.192708
1340.000000 2.962444 202.239687 0.054122 0.190574
1360.000000 2.960464 202.294675 0.075243 0.188728
1380.000000 2.958823 202.349197 0.096328 0.187173
1400.000000 2.957515 202.403334 0.117388 0.185909
1420.000000 2.956532 202.457163 0.138432 0.184940
1440.000000 2.955872 202.510766 0.159474 0.184266
1460.000000 2.955531 202.564222 0.180525 0.183889
1480.000000 2.955508 202.617613 0.201598 0.183809
1500.000000 2.955803 202.671020 0.222707 0.184027
1520.000000 2.956420 202.724525 0.243865 0.184545
1540.000000 2.957361 202.778210 0.265087 0.185364
1560.000000 2.958634 202.832157 0.286384 0.186483
1580.000000 2.960244 202.886446 0.307772 0.187904
1600.000000 2.962202 202.941160 0.329262 0.189626
1620.000000 2.964518 202.996380 0.350865 0.191650
1640.000000 2.967205 203.052185 0.372594 0.193976
1660.000000 2.970277 203.108657 0.394457 0.196603
1680.000000 2.973750 203.165872 0.416464 0.199532
1700.000000 2.977643 203.223910 0.438619 0.202760
1720.000000 2.981974 203.282847 0.460929 0.206287
1740.000000 2.986765 203.342758 0.483396 0.210111
1760.000000 2.992039 203.403715 0.506019 0.214230
1780.000000 2.997820 203.465790 0.528796 0.218641
1800.000000 3.004133 203.529053 0.551720 0.223342
1820.000000 3.011005 203.593570 0.574783 0.228328
1840.000000 3.018465 203.659403 0.597971 0.233595
1860.000000 3.026541 203.726614 0.621268 0.239137
1880.000000 3.035264 203.795260 0.644650 0.244949
1900.000000 3.044664 203.865393 0.668091 0.251024
1920.000000 3.054772 203.937062 0.691559 0.257353
1940.000000 3.065620 204.010311 0.715018 0.263929
1960.000000 3.077239 204.085181 0.738422 0.270740
1980.000000 3.089658 204.161704 0.761722 0.277778
2000.000000 3.102907 204.239910 0.784862 0.285028
2020.000000 3.117016 204.319822 0.807778 0.292480
2040.000000 3.132010 204.401455 0.830401 0.300118
2060.000000 3.147915 204.484820 0.852651 0.307929
2080.000000 3.164751 204.569922 0.874444 0.315895
2100.000000 3.182540 204.656756 0.895688 0.324001
2120.000000 3.201295 204.745315 0.916281 0.332227
2140.000000 3.221028 204.835581 0.936115 0.340557
2160.000000 3.241747 204.927531 0.955076 0.348970
2180.000000 3.263453 205.021136 0.973040 0.357447
2200.000000 3.286143 205.116360 0.989879 0.365967
2220.000000 3.309808 205.213161 1.005456 0.374509
2240.000000 3.334430 205.311491 1.019629 0.383053
2260.000000 3.359986 205.411296 1.032250 0.391576
2280.000000 3.386446 205.512518 1.043168 0.400058
2300.000000 3.413771 205.615094 1.052225 0.408476
2320.000000 3.441911 205.718957 1.059262 0.416810
2340.000000 3.470810 205.824037 1.064118 0.425038
2360.000000 3.500401 205.930260 1.066630 0.433139
2380.000000 3.530603 206.037550 1.066636 0.441091
2400.000000 3.561327 206.145831 1.063978 0.448873
2420.000000 3.592470 206.255024 1.058501 0.456466
2440.000000 3.623914 206.365050 1.050056 0.463848
2460.000000 3.655527 206.475833 1.038504 0.470998
2480.000000 3.687161 206.587294 1.023716 0.477896
2500.000000 3.718650 206.699357 1.005581 0.484521
2520.000000 3.749813 206.811951 0.984003 0.490851
2540.000000 3.780447 206.925004 0.958910 0.496867
2560.000000 3.810336 207.038450 0.930252 0.502545
2580.000000 3.839243 207.152225 0.898013 0.507864
2600.000000 3.866918 207.266271 0.862206 0.512802
2620.000000 3.893101 207.380534 0.822882 0.517338
2640.000000 3.917523 207.494965 0.780131 0.521449
2660.000000 3.939914 207.609521 0.734086 0.525117
2680.000000 3.960011 207.724161 0.684926 0.528321
2700.000000 3.977560 207.838854 0.632876 0.531045
2720.000000 3.992334 207.953572 0.578205 0.533275
2740.000000 4.004128 208.068291 0.521232 0.534999
2760.000000 4.012778 208.182993 0.462316 0.536211
2780.000000 4.018158 208.297664 0.401858 0.536906
2800.000000 4.020190 208.412293 0.340288 0.537083
2820.000000 4.018846 208.526875 0.278063 0.536745
2840.000000 4.014145 208.641402 0.215654 0.535898
2860.000000 4.006159 208.755869 0.153535 0.534549
2880.000000 3.995005 208.870271 0.092173 0.532711
2900.000000 3.980842 208.984601 0.032015 0.530394
2920.000000 3.963870 209.098848 -0.026519 0.527613
2940.000000 3.944318 209.212998 -0.083047 0.524385
2960.000000 3.922441 209.327031 -0.137229 0.520729
2980.000000 3.898510 209.440924 -0.188773 0.516664
3000.000000 3.872805 209.554646 -0.237437 0.512211
3020.000000 3.845609 209.668163 -0.283025 0.507393
3040.000000 3.817198 209.781433 -0.325394 0.502233
3060.000000 3.787839 209.894411 -0.364441 0.496754
3080.000000 3.757781 210.007046 -0.400108 0.490980
3100.000000 3.727257 210.119282 -0.432373 0.484934
3120.000000 3.696475 210.231059 -0.461249 0.478638
3140.000000 3.665623 210.342317 -0.486775 0.472114
3160.000000 3.634866 210.452990 -0.509017 0.465382
3180.000000 3.604346 210.563011 -0.528059 0.458463
3200.000000 3.574186 210.672313 -0.544003 0.451374
3220.000000 3.544490 210.780826 -0.556963 0.444134
3240.000000 3.515345 210.888482 -0.567065 0.436760
3260.000000 3.486823 210.995213 -0.574439 0.429268
3280.000000 3.458984 211.100952 -0.579222 0.421674
3300.000000 3.431875 211.205633 -0.581554 0.413993
3320.000000 3.405534 211.309192 -0.581576 0.406239
3340.000000 3.379992 211.411568 -0.579430 0.398429
3360.000000 3.355273 211.512701 -0.575256 0.390575
3380.000000 3.331393 211.612536 -0.569193 0.382692
3400.000000 3.308364 211.711021 -0.561377 0.374795
3420.000000 3.286195 211.808108 -0.551939 0.366898
3440.000000 3.264890 211.903751 -0.541010 0.359015
3460.000000 3.244448 211.997912 -0.528714 0.351160
3480.000000 3.224867 212.090553 -0.515170 0.343348
3500.000000 3.206142 212.181645 -0.500494 0.335594
3520.000000 3.188265 212.271162 -0.484796 0.327910
3540.000000 3.171226 212.359082 -0.468181 0.320312
3560.000000 3.155013 212.445392 -0.450748 0.312813
3580.000000 3.139611 212.530080 -0.432590 0.305427
3600.000000 3.125004 212.613143 -0.413795 0.298167
3620.000000 3.111176 212.694581 -0.394446 0.291046
3640.000000 3.098108 212.774399 -0.374618 0.284076
3660.000000 3.085778 212.852610 -0.354381 0.277270
3680.000000 3.074167 212.929230 -0.333802 0.270639
3700.000000 3.063253 213.004281 -0.312939 0.264195
3720.000000 3.053013 213.077790 -0.291845 0.257946
3740.000000 3.043424 213.149786 -0.270569 0.251904
3760.000000 3.034463 213.220308 -0.249156 0.246078
3780.000000 3.026107 213.289394 -0.227641 0.240475
3800.000000 3.018332 213.357089 -0.206061 0.235104
3820.000000 3.011116 213.423441 -0.184442 0.229972
3840.000000 3.004436 213.488501 -0.162811 0.225085
3860.000000 2.998270 213.552325 -0.141187 0.220451
3880.000000 2.992598 213.614970 -0.119588 0.216074
3900.000000 2.987397 213.676498 -0.098028 0.211959
3920.000000 2.982650 213.736972 -0.076515 0.208112
3940.000000 2.978337 213.796458 -0.055057 0.204535
3960.000000 2.974442 213.855024 -0.033658 0.201233
3980.000000 2.970947 213.912741 -0.012319 0.198210
4000.000000 2.967839 213.969681 0.008960 0.195468
4020.000000 2.965104 214.025916 0.030182 0.193009
4040.000000 2.962729 214.081523 0.051353 0.190837
4060.000000 2.960703 214.136577 0.072479 0.188953
4080.000000 2.959019 214.191156 0.093569 0.187360
4100.000000 2.957667 214.245339 0.114631 0.186058
4120.000000 2.956643 214.299204 0.135677 0.185050
4140.000000 2.955940 214.352831 0.156719 0.184338
4160.000000 2.955557 214.406302 0.177768 0.183921
4180.000000 2.955492 214.459697 0.198837 0.183802
4200.000000 2.955746 214.513097 0.219941 0.183982
4220.000000 2.956321 214.566585 0.241092 0.184460
4240.000000 2.957219 214.620242 0.262304 0.185239
4260.000000 2.958448 214.674149 0.283591 0.186319
4280.000000 2.960014 214.728389 0.304966 0.187700
4300.000000 2.961925 214.783043 0.326442 0.189383
4320.000000 2.964194 214.838192 0.348030 0.191368
4340.000000 2.966831 214.893916 0.369742 0.193654
4360.000000 2.969852 214.950296 0.391587 0.196242
4380.000000 2.973272 215.007410 0.413574 0.199131
4400.000000 2.977109 215.065336 0.435710 0.202320
4420.000000 2.981381 215.124151 0.457999 0.205808
4440.000000 2.986111 215.183929 0.480445 0.209593
4460.000000 2.991320 215.244745 0.503048 0.213674
4480.000000 2.997033 215.306671 0.525805 0.218047
4500.000000 3.003275 215.369774 0.548710 0.222710
4520.000000 3.010072 215.434123 0.571756 0.227659
4540.000000 3.017453 215.499780 0.594929 0.232889
4560.000000 3.025447 215.566808 0.618212 0.238396
4580.000000 3.034084 215.635262 0.641584 0.244173
4600.000000 3.043394 215.705197 0.665019 0.250214
4620.000000 3.053408 215.776663 0.688486 0.256510
4640.000000 3.064157 215.849703 0.711948 0.263054
4660.000000 3.075673 215.924359 0.735362 0.269835
4680.000000 3.087985 216.000664 0.758679 0.276844
4700.000000 3.101124 216.078648 0.781844 0.284067
4720.000000 3.115119 216.158335 0.804793 0.291493
4740.000000 3.129996 216.239742 0.827458 0.299108
4760.000000 3.145780 216.322880 0.849762 0.306897
4780.000000 3.162493 216.407754 0.871620 0.314844
4800.000000 3.180156 216.494363 0.892941 0.322932
4820.000000 3.198784 216.582696 0.913625 0.331144
4840.000000 3.218388 216.672740 0.933565 0.339461
4860.000000 3.238978 216.764471 0.952647 0.347865
4880.000000 3.260555 216.857861 0.970750 0.356334
4900.000000 3.283117 216.952876 0.987743 0.364850
4920.000000 3.306654 217.049472 1.003493 0.373390
4940.000000 3.331152 217.147605 1.017858 0.381935
4960.000000 3.356588 217.247220 1.030691 0.390462
4980.000000 3.382932 217.348260 1.041841 0.398951
5000.000000 3.410145 217.450663 1.051150 0.407379
5020.000000 3.438182 217.554361 1.058461 0.415725
5040.000000 3.466986 217.659286 1.063612 0.423968
5060.000000 3.496490 217.765363 1.066440 0.432086
5080.000000 3.526617 217.872518 1.066784 0.440059
5100.000000 3.557278 217.980674 1.064483 0.447865
5120.000000 3.588373 218.089752 1.059384 0.455483
5140.000000 3.619784 218.199674 1.051336 0.462894
5160.000000 3.651383 218.310361 1.040198 0.470076
5180.000000 3.683023 218.421738 1.025841 0.477008
5200.000000 3.714542 218.533727 1.008150 0.483670
5220.000000 3.745758 218.646255 0.987027 0.490040
5240.000000 3.776474 218.759252 0.962397 0.496098
5260.000000 3.806473 218.872650 0.934208 0.501821
5280.000000 3.835523 218.986386 0.902438 0.507188
5300.000000 3.863374 219.100399 0.867096 0.512178
5320.000000 3.889768 219.214637 0.828228 0.516767
5340.000000 3.914435 219.329049 0.785919 0.520936
5360.000000 3.937108 219.443590 0.740297 0.524662
5380.000000 3.957519 219.558222 0.691533 0.527928
5400.000000 3.975416 219.672909 0.639846 0.530716
5420.000000 3.990565 219.787625 0.585501 0.533011
5440.000000 4.002760 219.902345 0.528810 0.534803
5460.000000 4.011829 220.017050 0.470127 0.536082
5480.000000 4.017643 220.131725 0.409846 0.536844
5500.000000 4.020116 220.246361 0.348397 0.537089
5520.000000 4.019214 220.360949 0.286231 0.536818
5540.000000 4.014950 220.475483 0.223819 0.536037
5560.000000 4.007388 220.589959 0.161636 0.534754
5580.000000 3.996640 220.704370 0.100148 0.532979
5600.000000 3.982861 220.818710 0.039808 0.530724
5620.000000 3.966244 220.932969 -0.018961 0.528003
5640.000000 3.947016 221.047132 -0.075772 0.524833
5660.000000 3.925428 221.161182 -0.130279 0.521232
5680.000000 3.901750 221.275094 -0.182184 0.517219
5700.000000 3.876261 221.388841 -0.231236 0.512815
5720.000000 3.849244 221.502387 -0.277237 0.508044
5740.000000 3.820977 221.615692 -0.320033 0.502927
5760.000000 3.791728 221.728711 -0.359520 0.497489
5780.000000 3.761748 221.841394 -0.395631 0.491752
5800.000000 3.731272 221.953685 -0.428342 0.485740
5820.000000 3.700513 222.065526 -0.457660 0.479476
5840.000000 3.669661 222.176856 -0.483621 0.472980
5860.000000 3.638882 222.287609 -0.506288 0.466275
5880.000000 3.608324 222.397719 -0.525744 0.459379
5900.000000 3.578111 222.507119 -0.542088 0.452311
5920.000000 3.548349 222.615739 -0.555432 0.445090
5940.000000 3.519127 222.723512 -0.565900 0.437733
5960.000000 3.490520 222.830368 -0.573624 0.430255
5980.000000 3.462588 222.936240 -0.578738 0.422674
6000.000000 3.435381 223.041064 -0.581383 0.415003
6020.000000 3.408938 223.144773 -0.581700 0.407258
6040.000000 3.383290 223.247307 -0.579830 0.399454
6060.000000 3.358462 223.348606 -0.575913 0.391605
6080.000000 3.334471 223.448614 -0.570090 0.383725
6100.000000 3.311331 223.547279 -0.562495 0.375829
6120.000000 3.289049 223.644551 -0.553263 0.367931
6140.000000 3.267630 223.740386 -0.542522 0.360046
6160.000000 3.247075 223.834743 -0.530397 0.352186
6180.000000 3.227382 223.927585 -0.517010 0.344368
6200.000000 3.208545 224.018881 -0.502476 0.336605
6220.000000 3.190558 224.108605 -0.486906 0.328912
6240.000000 3.173410 224.196736 -0.470405 0.321302
6260.000000 3.157089 224.283257 -0.453074 0.313789
6280.000000 3.141582 224.368158 -0.435006 0.306387
6300.000000 3.126872 224.451434 -0.416289 0.299110
6320.000000 3.112943 224.533084 -0.397008 0.291970
6340.000000 3.099776 224.613114 -0.377238 0.284979
6360.000000 3.087351 224.691535 -0.357052 0.278151
6380.000000 3.075648 224.768362 -0.336514 0.271497
6400.000000 3.064643 224.843617 -0.315684 0.265027
6420.000000 3.054316 224.917326 -0.294618 0.258753
6440.000000 3.044643 224.989519 -0.273364 0.252683
6460.000000 3.035601 225.060231 -0.251966 0.246828
6480.000000 3.027167 225.129503 -0.230463 0.241195
6500.000000 3.019318 225.197377 -0.208889 0.235794
6520.000000 3.012030 225.263902 -0.187274 0.230630
6540.000000 3.005281 225.329128 -0.165643 0.225711
6560.000000 2.999049 225.393110 -0.144017 0.221043
6580.000000 2.993313 225.455907 -0.122415 0.216632
6600.000000 2.988052 225.517577 -0.100848 0.212483
6620.000000 2.983246 225.578185 -0.079328 0.208600
6640.000000 2.978878 225.637797 -0.057863 0.204988
6660.000000 2.974929 225.696480 -0.036456 0.201650
6680.000000 2.971383 225.754304 -0.015110 0.198590
6700.000000 2.968225 225.811341 0.006177 0.195811
6720.000000 2.965441 225.867665 0.027407 0.193315
6740.000000 2.963019 225.923349 0.048584 0.191105
6760.000000 2.960949 225.978472 0.069716 0.189183
6780.000000 2.959220 226.033108 0.090809 0.187552
6800.000000 2.957825 226.087338 0.111875 0.186212
6820.000000 2.956758 226.141240 0.132922 0.185166
6840.000000 2.956014 226.194894 0.153964 0.184414
6860.000000 2.955589 226.248381 0.175011 0.183959
6880.000000 2.955483 226.301781 0.196077 0.183801
6900.000000 2.955695 226.355176 0.217175 0.183941
6920.000000 2.956227 226.408648 0.238319 0.184381
6940.000000 2.957083 226.462278 0.259523 0.185120
6960.000000 2.958268 226.516148 0.280799 0.186161
6980.000000 2.959789 226.570340 0.302162 0.187502
7000.000000 2.961655 226.624935 0.323624 0.189146
7020.000000 2.963876 226.680014 0.345196 0.191091
7040.000000 2.966464 226.735659 0.366891 0.193338
7060.000000 2.969434 226.791948 0.388719 0.195886
7080.000000 2.972801 226.848961 0.410687 0.198736
7100.000000 2.976582 226.906777 0.432803 0.201885
7120.000000 2.980796 226.965471 0.455072 0.205334
7140.000000 2.985465 227.025119 0.477497 0.209081
7160.000000 2.990610 227.085795 0.500079 0.213123
7180.000000 2.996256 227.147571 0.522816 0.217458
7200.000000 3.002426 227.210516 0.545703 0.222083
7220.000000 3.009150 227.274698 0.568731 0.226995
7240.000000 3.016453 227.340181 0.591888 0.232189
7260.000000 3.024365 227.407026 0.615158 0.237660
7280.000000 3.032915 227.475290 0.638520 0.243402
7300.000000 3.042135 227.545029 0.661948 0.249408
7320.000000 3.052055 227.616291 0.685413 0.255672
7340.000000 3.062706 227.689123 0.708878 0.262184
7360.000000 3.074120 227.763565 0.732301 0.268934
7380.000000 3.086327 227.839652 0.755634 0.275914
7400.000000 3.099356 227.917415 0.778821 0.283110
7420.000000 3.113237 227.996878 0.801803 0.290510
7440.000000 3.127997 228.078059 0.824509 0.298101
7460.000000 3.143661 228.160970 0.846865 0.305868
7480.000000 3.160251 228.245617 0.868787 0.313795
7500.000000 3.177789 228.331998 0.890184 0.321866
7520.000000 3.196289 228.420107 0.910957 0.330062
7540.000000 3.215766 228.509928 0.931001 0.338367
7560.000000 3.236226 228.601439 0.950202 0.346760
7580.000000 3.257674 228.694614 0.968440 0.355222
7600.000000 3.280107 228.789418 0.985586 0.363733
7620.000000 3.303517 228.885811 1.001507 0.372271
7640.000000 3.327891 228.983745 1.016061 0.380817
7660.000000 3.353205 229.083169 1.029104 0.389347
7680.000000 3.379432 229.184026 1.040482 0.397842
7700.000000 3.406534 229.286254 1.050042 0.406279
7720.000000 3.434466 229.389787 1.057623 0.414637
7740.000000 3.463173 229.494555 1.063066 0.422895
7760.000000 3.492589 229.600485 1.066207 0.431031
7780.000000 3.522640 229.707504 1.066886 0.439024
7800.000000 3.553237 229.815533 1.064941 0.446853
7820.000000 3.584281 229.924494 1.060216 0.454497
7840.000000 3.615658 230.034310 1.052562 0.461936
7860.000000 3.647240 230.144902 1.041836 0.469149
7880.000000 3.678884 230.256193 1.027908 0.476115
7900.000000 3.710428 230.368106 1.010659 0.482814
7920.000000 3.741695 230.480568 0.989991 0.489223
7940.000000 3.772488 230.593507 0.965824 0.495323
7960.000000 3.802594 230.706856 0.938103 0.501092
7980.000000 3.831782 230.820551 0.906801 0.506507
8000.000000 3.859805 230.934532 0.871925 0.511547
8020.000000 3.886404 231.048743 0.833515 0.516190
8040.000000 3.911313 231.163134 0.791650 0.520415
8060.000000 3.934262 231.277661 0.746453 0.524200
8080.000000 3.954984 231.392283 0.698089 0.527527
8100.000000 3.973224 231.506965 0.646771 0.530379
8120.000000 3.988745 231.621679 0.592758 0.532739
8140.000000 4.001337 231.736399 0.536354 0.534597
8160.000000 4.010824 231.851107 0.477910 0.535944
8180.000000 4.017070 231.965787 0.417815 0.536774
8200.000000 4.019984 232.080428 0.356493 0.537086
8220.000000 4.019524 232.195023 0.294395 0.536883
8240.000000 4.015697 232.309565 0.231988 0.536168
8260.000000 4.008562 232.424048 0.169748 0.534950
8280.000000 3.998224 232.538468 0.108143 0.533239
8300.000000 3.984831 232.652818 0.047628 0.531046
8320.000000 3.968574 232.767088 -0.011370 0.528385
8340.000000 3.949674 232.881264 -0.068458 0.525273
8360.000000 3.928380 232.995330 -0.123285 0.521727
8380.000000 3.904960 233.109262 -0.175545 0.517767
8400.000000 3.879692 233.223033 -0.224984 0.513413
8420.000000 3.852859 233.336607 -0.271393 0.508689
8440.000000 3.824740 233.449946 -0.314617 0.503616
8460.000000 3.795604 233.563006 -0.354541 0.498218
8480.000000 3.765706 233.675735 -0.391096 0.492519
8500.000000 3.735283 233.788081 -0.424253 0.486542
8520.000000 3.704550 233.899985 -0.454013 0.480310
8540.000000 3.673699 234.011385 -0.480411 0.473843
8560.000000 3.642902 234.122217 -0.503505 0.467164
8580.000000 3.612308 234.232415 -0.523376 0.460292
8600.000000 3.582043 234.341912 -0.540121 0.453246
8620.000000 3.552216 234.450638 -0.553851 0.446044
8640.000000 3.522920 234.558526 -0.564689 0.438703
8660.000000 3.494228 234.665506 -0.572764 0.431241
8680.000000 3.466205 234.771511 -0.578212 0.423672
8700.000000 3.438901 234.876475 -0.581172 0.416012
8720.000000 3.412355 234.980334 -0.581786 0.408276
8740.000000 3.386602 235.083025 -0.580194 0.400479
8760.000000 3.361665 235.184489 -0.576538 0.392635
8780.000000 3.337564 235.284669 -0.570956 0.384758
8800.000000 3.314312 235.383513 -0.563586 0.376863
8820.000000 3.291917 235.480970 -0.554560 0.368965
8840.000000 3.270385 235.576996 -0.544009 0.361077
8860.000000 3.249717 235.671548 -0.532059 0.353213
8880.000000 3.229911 235.764590 -0.518831 0.345389
8900.000000 3.210963 235.856091 -0.504440 0.337618
8920.000000 3.192865 235.946022 -0.489000 0.329915
8940.000000 3.175608 236.034362 -0.472615 0.322293
8960.000000 3.159179 236.121095 -0.455387 0.314766
8980.000000 3.143566 236.206209 -0.437410 0.307349
9000.000000 3.128753 236.289697 -0.418774 0.300055
9020.000000 3.114723 236.371560 -0.399562 0.292896
9040.000000 3.101457 236.451801 -0.379852 0.285886
9060.000000 3.088937 236.530432 -0.359716 0.279036
9080.000000 3.077140 236.607467 -0.339221 0.272358
9100.000000 3.066045 236.682926 -0.318426 0.265864
9120.000000 3.055631 236.756836 -0.297388 0.259563
9140.000000 3.045873 236.829225 -0.276156 0.253466
9160.000000 3.036750 236.900129 -0.254774 0.247582
9180.000000 3.028238 236.969587 -0.233283 0.241920
9200.000000 3.020313 237.037642 -0.211716 0.236487
9220.000000 3.012953 237.104341 -0.190105 0.231292
9240.000000 3.006135 237.169734 -0.168475 0.226341
9260.000000 2.999836 237.233876 -0.146848 0.221640
9280.000000 2.994037 237.296824 -0.125241 0.217195
9300.000000 2.988714 237.358639 -0.103669 0.213011
9320.000000 2.983850 237.419382 -0.082143 0.209093
9340.000000 2.979426 237.479120 -0.060670 0.205445
9360.000000 2.975423 237.537921 -0.039256 0.202071
9380.000000 2.971825 237.595853 -0.017901 0.198975
9400.000000 2.968617 237.652989 0.003393 0.196158
9420.000000 2.965785 237.709402 0.024630 0.193625
9440.000000 2.963316 237.765166 0.045814 0.191378
9460.000000 2.961200 237.820358 0.066951 0.189418
9480.000000 2.959427 237.875054 0.088049 0.187749
9500.000000 2.957989 237.929332 0.109118 0.186371
9520.000000 2.956880 237.983273 0.130167 0.185286
9540.000000 2.956093 238.036955 0.151209 0.184496
9560.000000 2.955627 238.090459 0.172254 0.184001
9580.000000 2.955479 238.143866 0.193317 0.183804
9600.000000 2.955649 238.197257 0.214410 0.183906
9620.000000 2.956139 238.250714 0.235548 0.184306
9640.000000 2.956952 238.304318 0.256743 0.185006
9660.000000 2.958094 238.358152 0.278009 0.186007
9680.000000 2.959571 238.412297 0.299359 0.187310
9700.000000 2.961391 238.466835 0.320808 0.188913
9720.000000 2.963565 238.521847 0.342365 0.190819
9740.000000 2.966104 238.577412 0.364044 0.193026
9760.000000 2.969023 238.633613 0.385853 0.195535
9780.000000 2.972337 238.690527 0.407802 0.198345
9800.000000 2.976063 238.748232 0.429898 0.201456
9820.000000 2.980219 238.806807 0.452147 0.204866
9840.000000 2.984827 238.866326 0.474552 0.208573
9860.000000 2.989909 238.926864 0.497114 0.212577
9880.000000 2.995487 238.988492 0.519831 0.216874
9900.000000 3.001588 239.051280 0.542698 0.221461
9920.000000 3.008237 239.115296 0.565708 0.226336
9940.000000 3.015462 239.180605 0.588849 0.231493
9960.000000 3.023293 239.247268 0.612105 0.236928
9980.000000 3.031758 239.315344 0.635457 0.242635
10000.000000 3.040889 239.384886 0.658878 0.248607
10020.000000 3.050715 239.455946 0.682340 0.254837
10040.000000 3.061269 239.528570 0.705807 0.261317
10060.000000 3.072581 239.602799 0.729238 0.268037
10080.000000 3.084682 239.678669 0.752586 0.274987
10100.000000 3.097602 239.756211 0.775796 0.282156
10120.000000 3.111370 239.835450 0.798808 0.289530
10140.000000 3.126013 239.916406 0.821555 0.297097
10160.000000 3.141557 239.999090 0.843961 0.304841
10180.000000 3.158026 240.083509 0.865944 0.312748
10200.000000 3.175438 240.169664 0.887415 0.320801
10220.000000 3.193812 240.257547 0.908276 0.328983
10240.000000 3.213160 240.347145 0.928422 0.337274
10260.000000 3.233491 240.438437 0.947740 0.345657
10280.000000 3.254810 240.531396 0.966111 0.354111
10300.000000 3.277114 240.625988 0.983408 0.362617
10320.000000 3.300397 240.722175 0.999497 0.371153
10340.000000 3.324645 240.819910 1.014239 0.379698
10360.000000 3.349838 240.919143 1.027487 0.388232
10380.000000 3.375947 241.019815 1.039093 0.396733
10400.000000 3.402938 241.121868 1.048899 0.405179
10420.000000 3.430764 241.225233 1.056749 0.413548
10440.000000 3.459373 241.329844 1.062481 0.421820
10460.000000 3.488700 241.435626 1.065933 0.429973
10480.000000 3.518672 241.542507 1.066943 0.437986
10500.000000 3.549203 241.650408 1.065350 0.445838
10520.000000 3.580195 241.759252 1.060998 0.453508
10540.000000 3.611535 241.868960 1.053736 0.460975
10560.000000 3.643098 241.979455 1.043420 0.468218
10580.000000 3.674743 242.090659 1.029918 0.475218
10600.000000 3.706310 242.202494 1.013110 0.481952
10620.000000 3.737624 242.314888 0.992895 0.488401
10640.000000 3.768491 242.427769 0.969189 0.494543
10660.000000 3.798700 242.541069 0.941936 0.500356
10680.000000 3.828021 242.654722 0.911104 0.505819
10700.000000 3.856211 242.768668 0.876694 0.510909
10720.000000 3.883012 242.882852 0.838743 0.515605
10740.000000 3.908158 242.997223 0.797324 0.519886
10760.000000 3.931378 243.111734 0.752555 0.523730
10780.000000 3.952407 243.226345 0.704594 0.527119
10800.000000 3.970986 243.341022 0.653649 0.530033
10820.000000 3.986876 243.455732 0.599972 0.532459
10840.000000 3.999862 243.570453 0.543863 0.534383
10860.000000 4.009764 243.685163 0.485665 0.535797
10880.000000 4.016441 243.799848 0.425762 0.536695
10900.000000 4.019794 243.914495 0.364576 0.537075
10920.000000 4.019776 244.029096 0.302553 0.536939
10940.000000 4.016388 244.143645 0.240160 0.536291
10960.000000 4.009681 244.258136 0.177871 0.535138
10980.000000 3.999755 244.372565 0.116156 0.533491
11000.000000 3.986752 244.486925 0.055474 0.531360
11020.000000 3.970858 244.601205 -0.003746 0.528760
11040.000000 3.952290 244.715395 -0.061105 0.525705
11060.000000 3.931295 244.829477 -0.116246 0.522215
11080.000000 3.908137 244.943428 -0.168858 0.518308
11100.000000 3.883095 245.057221 -0.218679 0.514005
11120.000000 3.856451 245.170823 -0.265495 0.509327
11140.000000 3.828485 245.284196 -0.309143 0.504299
11160.000000 3.799467 245.397295 -0.349504 0.498942
11180.000000 3.769656 245.510070 -0.386503 0.493282
11200.000000 3.739288 245.622469 -0.420105 0.487340
11220.000000 3.708584 245.734434 -0.450309 0.481139
11240.000000 3.677739 245.845904 -0.477144 0.474702
11260.000000 3.646926 245.956814 -0.500667 0.468050
11280.000000 3.616297 246.067100 -0.520955 0.461202
11300.000000 3.585983 246.176692 -0.538103 0.454178
11320.000000 3.556093 246.285523 -0.552221 0.446995
11340.000000 3.526723 246.393524 -0.563430 0.439672
11360.000000 3.497948 246.500627 -0.571859 0.432224
11380.000000 3.469834 246.606764 -0.577643 0.424668
11400.000000 3.442433 246.711868 -0.580921 0.417019
11420.000000 3.415787 246.815875 -0.581834 0.409293
11440.000000 3.389928 246.918722 -0.580523 0.401503
11460.000000 3.364883 247.020350 -0.577129 0.393664
11480.000000 3.340672 247.120702 -0.571791 0.385791
11500.000000 3.317308 247.219723 -0.564648 0.377898
11520.000000 3.294800 247.317365 -0.555831 0.369999
11540.000000 3.273155 247.413580 -0.545473 0.362109
11560.000000 3.252374 247.508328 -0.533699 0.354241
11580.000000 3.232456 247.601569 -0.520631 0.346411
11600.000000 3.213395 247.693273 -0.506387 0.338632
11620.000000 3.195186 247.783412 -0.491078 0.330919
11640.000000 3.177820 247.871961 -0.474811 0.323285
11660.000000 3.161283 247.958905 -0.457687 0.315746
11680.000000 3.145565 248.044231 -0.439803 0.308314
11700.000000 3.130648 248.127933 -0.421248 0.301002
11720.000000 3.116516 248.210008 -0.402107 0.293825
11740.000000 3.103152 248.290462 -0.382458 0.286795
11760.000000 3.090534 248.369302 -0.362374 0.279923
11780.000000 3.078644 248.446545 -0.341922 0.273222
11800.000000 3.067459 248.522209 -0.321164 0.266703
11820.000000 3.056956 248.596320 -0.300155 0.260377
11840.000000 3.047114 248.668907 -0.278945 0.254252
11860.000000 3.037909 248.740003 -0.257581 0.248340
11880.000000 3.029318 248.809648 -0.236102 0.242648
11900.000000 3.021318 248.877884 -0.214543 0.237185
11920.000000 3.013885 248.944757 -0.192936 0.231959
11940.000000 3.006997 249.010319 -0.171308 0.226975
11960.000000 3.000632 249.074621 -0.149679 0.222241
11980.000000 2.994768 249.137722 -0.128068 0.217762
12000.000000 2.989385 249.199682 -0.106491 0.213544
12020.000000 2.984462 249.260562 -0.084959 0.209591
12040.000000 2.979981 249.320428 -0.063478 0.205907
12060.000000 2.975923 249.379347 -0.042056 0.202497
12080.000000 2.972273 249.437389 -0.020694 0.199364
12100.000000 2.969015 249.494626 0.000609 0.196511
12120.000000 2.966134 249.551129 0.021853 0.193941
12140.000000 2.963619 249.606973 0.043043 0.191656
12160.000000 2.961458 249.662236 0.064186 0.189659
12180.000000 2.959640 249.716992 0.085289 0.187951
12200.000000 2.958159 249.771321 0.106361 0.186534
12220.000000 2.957006 249.825301 0.127412 0.185411
12240.000000 2.956178 249.879012 0.148454 0.184582
12260.000000 2.955670 249.932535 0.169498 0.184049
12280.000000 2.955480 249.985950 0.190558 0.183813
12300.000000 2.955608 250.039338 0.211646 0.183875
12320.000000 2.956057 250.092782 0.232777 0.184237
12340.000000 2.956827 250.146363 0.253964 0.184898
12360.000000 2.957926 250.200162 0.275220 0.185859
12380.000000 2.959358 250.254262 0.296559 0.187122
12400.000000 2.961132 250.308743 0.317993 0.188686
12420.000000 2.963259 250.363688 0.339536 0.190552
12440.000000 2.965750 250.419177 0.361198 0.192720
12460.000000 2.968619 250.475290 0.382990 0.195190
12480.000000 2.971880 250.532106 0.404920 0.197960
12500.000000 2.975551 250.589703 0.426997 0.201032
12520.000000 2.979650 250.648160 0.449225 0.204402
12540.000000 2.984197 250.707551 0.471610 0.208071
12560.000000 2.989215 250.767951 0.494151 0.212036
12580.000000 2.994728 250.829432 0.516848 0.216295
12600.000000 3.000758 250.892065 0.539696 0.220844
12620.000000 3.007334 250.955917 0.562688 0.225681
12640.000000 3.014483 251.021053 0.585813 0.230802
12660.000000 3.022232 251.087535 0.609055 0.236201
12680.000000 3.030613 251.155422 0.632395 0.241872
12700.000000 3.039655 251.224770 0.655809 0.247810
12720.000000 3.049388 251.295629 0.679267 0.254007
12740.000000 3.059845 251.368045 0.702736 0.260455
12760.000000 3.071056 251.442062 0.726174 0.267144
12780.000000 3.083052 251.517715 0.749535 0.274065
12800.000000 3.095863 251.595037 0.772767 0.281205
12820.000000 3.109518 251.674053 0.795809 0.288553
12840.000000 3.124045 251.754782 0.818594 0.296096
12860.000000 3.139470 251.837240 0.841050 0.303818
12880.000000 3.155816 251.921432 0.863093 0.311705
12900.000000 3.173104 252.007360 0.884637 0.319739
12920.000000 3.191351 252.095017 0.905583 0.327905
12940.000000 3.210571 252.184391 0.925829 0.336183
12960.000000 3.230773 252.275462 0.945262 0.344555
12980.000000 3.251962 252.368205 0.963764 0.353001
13000.000000 3.274138 252.462586 0.981209 0.361501
13020.000000 3.297294 252.558567 0.997464 0.370034
13040.000000 3.321416 252.656102 1.012390 0.378580
13060.000000 3.346487 252.755141 1.025843 0.387116
13080.000000 3.372478 252.855629 1.037672 0.395622
13100.000000 3.399355 252.957504 1.047723 0.404077
13120.000000 3.427075 253.060702 1.055838 0.412458
13140.000000 3.455584 253.165153 1.061857 0.420744
13160.000000 3.484822 253.270787 1.065616 0.428913
13180.000000 3.514714 253.377527 1.066955 0.436946
13200.000000 3.545177 253.485299 1.065712 0.444820
13220.000000 3.576115 253.594024 1.061731 0.452514
13240.000000 3.607416 253.703624 1.054858 0.460009
13260.000000 3.638958 253.814020 1.044950 0.467283
13280.000000 3.670600 253.925135 1.031872 0.474316
13300.000000 3.702187 254.036893 1.015503 0.481087
13320.000000 3.733545 254.149218 0.995738 0.487574
13340.000000 3.764482 254.262039 0.972494 0.493757
13360.000000 3.794790 254.375287 0.945707 0.499614
13380.000000 3.824241 254.488897 0.915344 0.505124
13400.000000 3.852594 254.602809 0.881402 0.510265
13420.000000 3.879591 254.716965 0.843911 0.515014
13440.000000 3.904969 254.831314 0.802941 0.519350
13460.000000 3.928457 254.945809 0.758602 0.523253
13480.000000 3.949788 255.060409 0.711048 0.526702
13500.000000 3.968701 255.175079 0.660481 0.529679
13520.000000 3.984956 255.289787 0.607145 0.532169
13540.000000 3.998334 255.404507 0.551336 0.534160
13560.000000 4.008649 255.519220 0.493390 0.535641
13580.000000 4.015754 255.633909 0.433688 0.536606
13600.000000 4.019546 255.748561 0.372644 0.537054
13620.000000 4.019971 255.863169 0.310705 0.536986
13640.000000 4.017022 255.977725 0.248333 0.536405
13660.000000 4.010745 256.092224 0.186003 0.535318
13680.000000 4.001233 256.206661 0.124187 0.533734
13700.000000 3.988623 256.321030 0.063344 0.531666
13720.000000 3.973096 256.435322 0.003910 0.529126
13740.000000 3.954865 256.549525 -0.053714 0.526131
13760.000000 3.934172 256.663621 -0.109164 0.522696
13780.000000 3.911282 256.777591 -0.162124 0.518843
13800.000000 3.886471 256.891407 -0.212323 0.514590
13820.000000 3.860021 257.005036 -0.259543 0.509960
13840.000000 3.832212 257.118441 -0.303613 0.504976
13860.000000 3.803317 257.231578 -0.344410 0.499662
13880.000000 3.773595 257.344399 -0.381852 0.494039
13900.000000 3.743288 257.456851 -0.415899 0.488133
13920.000000 3.712616 257.568876 -0.446547 0.481965
13940.000000 3.681779 257.680414 -0.473821 0.475558
13960.000000 3.650953 257.791401 -0.497773 0.468933
13980.000000 3.620292 257.901772 -0.518479 0.462109
14000.000000 3.589930 258.011459 -0.536032 0.455107
14020.000000 3.559979 258.120394 -0.550540 0.447944
14040.000000 3.530536 258.228508 -0.562123 0.440638
14060.000000 3.501679 258.335732 -0.570909 0.433206
14080.000000 3.473476 258.441999 -0.577031 0.425663
14100.000000 3.445979 258.547242 -0.580630 0.418026
14120.000000 3.419231 258.651396 -0.581844 0.410308
14140.000000 3.393268 258.754399 -0.580816 0.402526
14160.000000 3.368115 258.856190 -0.577687 0.394692
14180.000000 3.343794 258.956712 -0.572596 0.386823
14200.000000 3.320318 259.055910 -0.565681 0.378932
14220.000000 3.297698 259.153735 -0.557076 0.371033
14240.000000 3.275940 259.250140 -0.546912 0.363141
14260.000000 3.255046 259.345081 -0.535317 0.355269
14280.000000 3.235015 259.438522 -0.522411 0.347433
14300.000000 3.215842 259.530429 -0.508315 0.339647
14320.000000 3.197522 259.620774 -0.493139 0.331924
14340.000000 3.180046 259.709533 -0.476991 0.324280
14360.000000 3.163402 259.796688 -0.459974 0.316727
14380.000000 3.147577 259.882226 -0.442185 0.309280
14400.000000 3.132556 259.966141 -0.423713 0.301952
14420.000000 3.118322 260.048429 -0.404644 0.294757
14440.000000 3.104858 260.129094 -0.385057 0.287706
14460.000000 3.092144 260.208145 -0.365026 0.280813
14480.000000 3.080160 260.285596 -0.344619 0.274089
14500.000000 3.068884 260.361466 -0.323897 0.267546
14520.000000 3.058293 260.435779 -0.302918 0.261194
14540.000000 3.048366 260.508563 -0.281732 0.255042
14560.000000 3.039079 260.579852 -0.260385 0.249102
14580.000000 3.030409 260.649685 -0.238919 0.243381
14600.000000 3.022333 260.718103 -0.217369 0.237887
14620.000000 3.014827 260.785152 -0.195767 0.232629
14640.000000 3.007869 260.850882 -0.174140 0.227613
14660.000000 3.001437 260.915346 -0.152510 0.222846
14680.000000 2.995508 260.978601 -0.130896 0.218334
14700.000000 2.990063 261.040706 -0.109314 0.214081
14720.000000 2.985081 261.101724 -0.087775 0.210093
14740.000000 2.980543 261.161719 -0.066288 0.206374
14760.000000 2.976431 261.220759 -0.044857 0.202928
14780.000000 2.972728 261.278912 -0.023487 0.199759
14800.000000 2.969420 261.336249 -0.002177 0.196869
14820.000000 2.966491 261.392844 0.019074 0.194261
14840.000000 2.963928 261.448771 0.040272 0.191939
14860.000000 2.961721 261.504105 0.061420 0.189904
14880.000000 2.959859 261.558923 0.082528 0.188158
14900.000000 2.958334 261.613303 0.103603 0.186703
14920.000000 2.957139 261.667325 0.124657 0.185541
14940.000000 2.956268 261.721067 0.145699 0.184674
14960.000000 2.955718 261.774609 0.166742 0.184102
14980.000000 2.955487 261.828034 0.187799 0.183827
15000.000000 2.955573 261.881421 0.208883 0.183850
15020.000000 2.955980 261.934853 0.230008 0.184172
15040.000000 2.956708 261.988411 0.251186 0.184794
15060.000000 2.957763 262.042177 0.272432 0.185716
15080.000000 2.959151 262.096233 0.293760 0.186939
15100.000000 2.960880 262.150660 0.315181 0.188464
15120.000000 2.962960 262.205539 0.336709 0.190291
15140.000000 2.965403 262.260952 0.358355 0.192419
15160.000000 2.968221 262.316979 0.380129 0.194849
15180.000000 2.971430 262.373698 0.402041 0.197581
15200.000000 2.975046 262.431189 0.424098 0.200613
15220.000000 2.979088 262.489529 0.446306 0.203944
15240.000000 2.983576 262.548794 0.468670 0.207574
15260.000000 2.988531 262.609057 0.491191 0.211500
15280.000000 2.993977 262.670393 0.513868 0.215721
15300.000000 2.999938 262.732871 0.536696 0.220232
15320.000000 3.006441 262.796559 0.559670 0.225032
15340.000000 3.013513 262.861523 0.582778 0.230115
15360.000000 3.021182 262.927826 0.606006 0.235478
15380.000000 3.029479 262.995526 0.629334 0.241114
15400.000000 3.038432 263.064680 0.652740 0.247018
15420.000000 3.048073 263.135338 0.676194 0.253181
15440.000000 3.058434 263.207548 0.699664 0.259597
15460.000000 3.069544 263.281353 0.723109 0.266255
15480.000000 3.081436 263.356790 0.746483 0.273146
15500.000000 3.094138 263.433892 0.769735 0.280258
15520.000000 3.107681 263.512684 0.792805 0.287580
15540.000000 3.122093 263.593189 0.815628 0.295098
15560.000000 3.137399 263.675419 0.838131 0.302797
15580.000000 3.153623 263.759384 0.860234 0.310663
15600.000000 3.170786 263.845085 0.881848 0.318680
15620.000000 3.188907 263.932516 0.902878 0.326829
15640.000000 3.207999 264.021667 0.923222 0.335093
15660.000000 3.228072 264.112517 0.942768 0.343454
15680.000000 3.249132 264.205043 0.961399 0.351891
15700.000000 3.271179 264.299211 0.978990 0.360386
15720.000000 3.294206 264.394985 0.995408 0.368916
15740.000000 3.318204 264.492319 1.010517 0.377461
15760.000000 3.343151 264.591165 1.024171 0.386000
15780.000000 3.369024 264.691466 1.036221 0.394511
15800.000000 3.395787 264.793163 1.046514 0.402974
15820.000000 3.423399 264.896192 1.054892 0.411365
15840.000000 3.451809 265.000483 1.061194 0.419665
15860.000000 3.480955 265.105966 1.065258 0.427851
15880.000000 3.510766 265.212566 1.066923 0.435903
15900.000000 3.541160 265.320207 1.066027 0.443799
15920.000000 3.572041 265.428812 1.062413 0.451518
15940.000000 3.603302 265.538302 1.055927 0.459040
15960.000000 3.634820 265.648598 1.046424 0.466344
15980.000000 3.666457 265.759624 1.033769 0.473410
16000.000000 3.698061 265.871301 1.017837 0.480216
16020.000000 3.729459 265.983556 0.998522 0.486741
16040.000000 3.760463 266.096316 0.975737 0.492966
16060.000000 3.790865 266.209512 0.949417 0.498867
16080.000000 3.820442 266.323079 0.919523 0.504423
16100.000000 3.848953 266.436954 0.886049 0.509613
16120.000000 3.876143 266.551081 0.849019 0.514415
16140.000000 3.901748 266.665407 0.808499 0.518807
16160.000000 3.925499 266.779886 0.764593 0.522767
16180.000000 3.947127 266.894475 0.717451 0.526276
16200.000000 3.966371 267.009137 0.667265 0.529317
16220.000000 3.982987 267.123841 0.614276 0.531871
16240.000000 3.996753 267.238562 0.558772 0.533928
16260.000000 4.007478 267.353276 0.501085 0.535476
16280.000000 4.015010 267.467969 0.441590 0.536509
16300.000000 4.019241 267.582627 0.380697 0.537025
16320.000000 4.020108 267.697241 0.318849 0.537024
16340.000000 4.017599 267.811804 0.256507 0.536510
16360.000000 4.011754 267.926311 0.194145 0.535488
16380.000000 4.002658 268.040756 0.132235 0.533969
16400.000000 3.990444 268.155135 0.071239 0.531964
16420.000000 3.975287 268.269437 0.011596 0.529485
16440.000000 3.957397 268.383652 -0.046286 0.526548
16460.000000 3.937012 268.497764 -0.102040 0.523170
16480.000000 3.914395 268.611752 -0.155342 0.519370
16500.000000 3.889819 268.725589 -0.205916 0.515169
16520.000000 3.863567 268.839245 -0.253537 0.510587
16540.000000 3.835920 268.952682 -0.298027 0.505648
16560.000000 3.807153 269.065857 -0.339258 0.500375
16580.000000 3.777525 269.178722 -0.377142 0.494792
16600.000000 3.747281 269.291225 -0.411635 0.488922
16620.000000 3.716645 269.403310 -0.442727 0.482787
16640.000000 3.685819 269.514915 -0.470440 0.476410
16660.000000 3.654982 269.625978 -0.494824 0.469812
16680.000000 3.624292 269.736434 -0.515950 0.463013
16700.000000 3.593884 269.846214 -0.533910 0.456033
16720.000000 3.563873 269.955251 -0.548810 0.448890
16740.000000 3.534359 270.063476 -0.560769 0.441602
16760.000000 3.505421 270.170821 -0.569913 0.434186
16780.000000 3.477129 270.277217 -0.576376 0.426656
16800.000000 3.449537 270.382598 -0.580297 0.419030
16820.000000 3.422689 270.486898 -0.581816 0.411323
16840.000000 3.396621 270.590055 -0.581073 0.403548
16860.000000 3.371361 270.692008 -0.578211 0.395720
16880.000000 3.346930 270.792699 -0.573369 0.387855
16900.000000 3.323343 270.892074 -0.566685 0.379966
16920.000000 3.300611 270.990081 -0.558294 0.372067
16940.000000 3.278740 271.086674 -0.548327 0.364173
16960.000000 3.257732 271.181810 -0.536912 0.356298
16980.000000 3.237588 271.275449 -0.524171 0.348457
17000.000000 3.218304 271.367559 -0.510224 0.340663
17020.000000 3.199873 271.458110 -0.495183 0.332931
17040.000000 3.182286 271.547077 -0.479157 0.325276
17060.000000 3.165534 271.634443 -0.462248 0.317710
17080.000000 3.149602 271.720194 -0.444555 0.310249
17100.000000 3.134477 271.804321 -0.426167 0.302905
17120.000000 3.120142 271.886822 -0.407172 0.295691
17140.000000 3.106578 271.967699 -0.387648 0.288621
17160.000000 3.093767 272.046961 -0.367672 0.281706
17180.000000 3.081688 272.124620 -0.347310 0.274960
17200.000000 3.070320 272.200696 -0.326626 0.268392
17220.000000 3.059642 272.275211 -0.305677 0.262014
17240.000000 3.049629 272.348194 -0.284516 0.255836
17260.000000 3.040259 272.419677 -0.263188 0.249867
17280.000000 3.031510 272.489698 -0.241735 0.244117
17300.000000 3.023357 272.558298 -0.220194 0.238593
17320.000000 3.015778 272.625524 -0.198597 0.233304
17340.000000 3.008749 272.691423 -0.176972 0.228256
17360.000000 3.002250 272.756050 -0.155341 0.223456
17380.000000 2.996256 272.819460 -0.133724 0.218910
17400.000000 2.990749 272.881713 -0.112137 0.214623
17420.000000 2.985708 272.942869 -0.090592 0.210600
17440.000000 2.981112 273.002994 -0.069098 0.206846
17460.000000 2.976946 273.062155 -0.047660 0.203364
17480.000000 2.973190 273.120420 -0.026282 0.200158
17500.000000 2.969831 273.177860 -0.004964 0.197231
17520.000000 2.966853 273.234548 0.016295 0.194586
17540.000000 2.964243 273.290558 0.037499 0.192227
17560.000000 2.961990 273.345965 0.058654 0.190154
17580.000000 2.960083 273.400847 0.079767 0.188370
17600.000000 2.958515 273.455280 0.100846 0.186877
17620.000000 2.957277 273.509344 0.121901 0.185677
17640.000000 2.956364 273.563118 0.142944 0.184771
17660.000000 2.955772 273.616682 0.163987 0.184160
17680.000000 2.955499 273.670117 0.185041 0.183846
17700.000000 2.955544 273.723505 0.206121 0.183830
17720.000000 2.955908 273.776926 0.227239 0.184113
17740.000000 2.956594 273.830463 0.248410 0.184696
17760.000000 2.957606 273.884197 0.269646 0.185578
17780.000000 2.958950 273.938210 0.290962 0.186762
17800.000000 2.960634 273.992584 0.312371 0.188247
17820.000000 2.962668 274.047400 0.333884 0.190034
17840.000000 2.965062 274.102738 0.355514 0.192123
17860.000000 2.967830 274.158680 0.377270 0.194514
17880.000000 2.970987 274.215304 0.399164 0.197206
17900.000000 2.974549 274.272690 0.421202 0.200199
17920.000000 2.978534 274.330914 0.443390 0.203491
17940.000000 2.982962 274.390053 0.465733 0.207082
17960.000000 2.987855 274.450182 0.488233 0.210969
17980.000000 2.993235 274.511373 0.510890 0.215151
18000.000000 2.999128 274.573698 0.533699 0.219625
18020.000000 3.005558 274.637224 0.556654 0.224387
18040.000000 3.012554 274.702017 0.579745 0.229434
18060.000000 3.020143 274.768141 0.602958 0.234760
18080.000000 3.028356 274.835655 0.626275 0.240361
18100.000000 3.037221 274.904616 0.649672 0.246230
18120.000000 3.046771 274.975074 0.673122 0.252360
18140.000000 3.057035 275.047078 0.696592 0.258743
18160.000000 3.068046 275.120672 0.720042 0.265370
18180.000000 3.079833 275.195894 0.743428 0.272231
18200.000000 3.092428 275.272776 0.766699 0.279315
18220.000000 3.105859 275.351346 0.789797 0.286610
18240.000000 3.120156 275.431625 0.812657 0.294103
18260.000000 3.135343 275.513629 0.835206 0.301779
18280.000000 3.151446 275.597367 0.857366 0.309624
18300.000000 3.168485 275.682840 0.879049 0.317622
18320.000000 3.186479 275.770046 0.900162 0.325755
18340.000000 3.205443 275.858972 0.920601 0.334005
18360.000000 3.225388 275.949601 0.940259 0.342355
18380.000000 3.246318 276.041909 0.959016 0.350783
18400.000000 3.268236 276.135864 0.976751 0.359271
18420.000000 3.291136 276.231430 0.993330 0.367798
18440.000000 3.315007 276.328563 1.008618 0.376342
18460.000000 3.339832 276.427214 1.022471 0.384883
18480.000000 3.365585 276.527328 1.034740 0.393399
18500.000000 3.392234 276.628846 1.045272 0.401869
18520.000000 3.419738 276.731704 1.053909 0.410271
18540.000000 3.448046 276.835834 1.060492 0.418584
18560.000000 3.477100 276.941165 1.064859 0.426786
18580.000000 3.506828 277.047623 1.066847 0.434857
18600.000000 3.537151 277.155132 1.066296 0.442774
18620.000000 3.567974 277.263615 1.063046 0.450518
18640.000000 3.599191 277.372994 1.056945 0.458067
18660.000000 3.630683 277.483189 1.047845 0.465401
18680.000000 3.662314 277.594123 1.035609 0.472499
18700.000000 3.693931 277.705720 1.020113 0.479340
18720.000000 3.725366 277.817903 1.001247 0.485904
18740.000000 3.756433 277.930601 0.978921 0.492169
18760.000000 3.786927 278.043744 0.953066 0.498113
18780.000000 3.816625 278.157265 0.923641 0.503716
18800.000000 3.845290 278.271103 0.890634 0.508955
18820.000000 3.872668 278.385201 0.854067 0.513809
18840.000000 3.898496 278.499504 0.813999 0.518256
18860.000000 3.922505 278.613965 0.770530 0.522274
18880.000000 3.944426 278.728541 0.723801 0.525843
18900.000000 3.963996 278.843196 0.674000 0.528946
18920.000000 3.980969 278.957897 0.621363 0.531565
18940.000000 3.995120 279.072616 0.566171 0.533687
18960.000000 4.006253 279.187333 0.508749 0.535303
18980.000000 4.014210 279.302029 0.449468 0.536404
19000.000000 4.018877 279.416692 0.388734 0.536987
19020.000000 4.020186 279.531312 0.326984 0.537054
19040.000000 4.018119 279.645882 0.264680 0.536606
19060.000000 4.012706 279.760396 0.202294 0.535651
19080.000000 4.004029 279.874850 0.140298 0.534196
19100.000000 3.992215 279.989238 0.079157 0.532254
19120.000000 3.977432 280.103551 0.019313 0.529836
19140.000000 3.959887 280.217778 -0.038822 0.526958
19160.000000 3.939814 280.331905 -0.094873 0.523637
19180.000000 3.917473 280.445910 -0.148513 0.519891
19200.000000 3.893138 280.559769 -0.199458 0.515741
19220.000000 3.867089 280.673451 -0.247477 0.511208
19240.000000 3.839610 280.786918 -0.292386 0.506314
19260.000000 3.810973 280.900130 -0.334049 0.501084
19280.000000 3.781444 281.013039 -0.372375 0.495540
19300.000000 3.751268 281.125593 -0.407313 0.489706
19320.000000 3.720671 281.237735 -0.438849 0.483604
19340.000000 3.689859 281.349407 -0.467003 0.477258
19360.000000 3.659015 281.460545 -0.491818 0.470687
19380.000000 3.628297 281.571083 -0.513366 0.463914
19400.000000 3.597844 281.680956 -0.531735 0.456957
19420.000000 3.567776 281.790094 -0.547029 0.449834
19440.000000 3.538192 281.898430 -0.559366 0.442564
19460.000000 3.509175 282.005893 -0.568871 0.435163
19480.000000 3.480794 282.112417 -0.575678 0.427648
19500.000000 3.453108 282.217935 -0.579923 0.420034
19520.000000 3.426160 282.322380 -0.581748 0.412336
19540.000000 3.399989 282.425691 -0.581294 0.404569
19560.000000 3.374622 282.527805 -0.578701 0.396748
19580.000000 3.350081 282.628664 -0.574111 0.388886
19600.000000 3.326383 282.728214 -0.567660 0.380999
19620.000000 3.303538 282.826404 -0.559485 0.373101
19640.000000 3.281554 282.923184 -0.549717 0.365206
19660.000000 3.260434 283.018513 -0.538484 0.357328
19680.000000 3.240177 283.112350 -0.525911 0.349481
19700.000000 3.220780 283.204662 -0.512115 0.341680
19720.000000 3.202238 283.295418 -0.497211 0.333940
19740.000000 3.184541 283.384594 -0.481308 0.326273
19760.000000 3.167680 283.472171 -0.464509 0.318695
19780.000000 3.151642 283.558133 -0.446912 0.311219
19800.000000 3.136412 283.642473 -0.428611 0.303859
19820.000000 3.121974 283.725187 -0.409690 0.296628
19840.000000 3.108311 283.806277 -0.390232 0.289538
19860.000000 3.095402 283.885749 -0.370310 0.282602
19880.000000 3.083229 283.963618 -0.349995 0.275833
19900.000000 3.071769 284.039899 -0.329350 0.269241
19920.000000 3.061001 284.114617 -0.308433 0.262838
19940.000000 3.050903 284.187799 -0.287297 0.256633
19960.000000 3.041450 284.259476 -0.265988 0.250636
19980.000000 3.032621 284.329686 -0.244549 0.244857
20000.000000 3.024391 284.398470 -0.223018 0.239303
20020.000000 3.016738 284.465873 -0.201427 0.233983
20040.000000 3.009639 284.531943 -0.179804 0.228903
20060.000000 3.003071 284.596734 -0.158173 0.224070
20080.000000 2.997013 284.660300 -0.136553 0.219490
20100.000000 2.991443 284.722700 -0.114962 0.215169
20120.000000 2.986342 284.783997 -0.093410 0.211112
20140.000000 2.981689 284.844253 -0.071909 0.207322
20160.000000 2.977467 284.903536 -0.050463 0.203804
20180.000000 2.973659 284.961914 -0.029077 0.200562
20200.000000 2.970249 285.019459 -0.007751 0.197598
20220.000000 2.967222 285.076241 0.013515 0.194917
20240.000000 2.964564 285.132335 0.034726 0.192519
20260.000000 2.962265 285.187817 0.055887 0.190409
20280.000000 2.960314 285.242763 0.077005 0.188587
20300.000000 2.958701 285.297250 0.098087 0.187056
20320.000000 2.957420 285.351358 0.119145 0.185817
20340.000000 2.956465 285.405165 0.140189 0.184873
20360.000000 2.955831 285.458752 0.161231 0.184223
20380.000000 2.955517 285.512200 0.182283 0.183870
20400.000000 2.955520 285.565589 0.203359 0.183815
20420.000000 2.955842 285.619001 0.224472 0.184059
20440.000000 2.956486 285.672519 0.245635 0.184602
20460.000000 2.957455 285.726222 0.266862 0.185446
20480.000000 2.958755 285.780194 0.288167 0.186590
20500.000000 2.960394 285.834516 0.309562 0.188036
20520.000000 2.962381 285.889269 0.331061 0.189783
20540.000000 2.964728 285.944535 0.352675 0.191833
20560.000000 2.967446 286.000393 0.374414 0.194184
20580.000000 2.970551 286.056923 0.396289 0.196836
20600.000000 2.974059 286.114205 0.418308 0.199790
20620.000000 2.977987 286.172315 0.440476 0.203043
20640.000000 2.982356 286.231330 0.462799 0.206595
20660.000000 2.987187 286.291325 0.485279 0.210444
20680.000000 2.992502 286.352373 0.507915 0.214587
20700.000000 2.998326 286.414545 0.530704 0.219023
20720.000000 3.004685 286.477910 0.553641 0.223748
20740.000000 3.011605 286.542534 0.576715 0.228757
20760.000000 3.019115 286.608481 0.599913 0.234047
20780.000000 3.027244 286.675809 0.623217 0.239612
20800.000000 3.036022 286.744577 0.646605 0.245447
20820.000000 3.045481 286.814837 0.670050 0.251543
20840.000000 3.055650 286.886636 0.693519 0.257893
20860.000000 3.066561 286.960019 0.716975 0.264489
20880.000000 3.078245 287.035026 0.740372 0.271320
20900.000000 3.090732 287.111689 0.763661 0.278375
20920.000000 3.104052 287.190036 0.786785 0.285643
20940.000000 3.118234 287.270091 0.809680 0.293111
20960.000000 3.133303 287.351868 0.832274 0.300764
20980.000000 3.149285 287.435379 0.854490 0.308588
21000.000000 3.166200 287.520625 0.876241 0.316567
21020.000000 3.184069 287.607604 0.897434 0.324683
21040.000000 3.202905 287.696306 0.917967 0.332919
21060.000000 3.222721 287.786714 0.937734 0.341257
21080.000000 3.243522 287.878803 0.956616 0.349676
21100.000000 3.265311 287.972545 0.974491 0.358157
21120.000000 3.288082 288.067903 0.991230 0.366680
21140.000000 3.311827 288.164833 1.006695 0.375223
21160.000000 3.336528 288.263288 1.020744 0.383766
21180.000000 3.362162 288.363214 1.033229 0.392286
21200.000000 3.388695 288.464551 1.043998 0.400764
21220.000000 3.416090 288.567237 1.052892 0.409176
21240.000000 3.444296 288.671205 1.059753 0.417502
21260.000000 3.473256 288.776383 1.064419 0.425720
21280.000000 3.502900 288.882698 1.066728 0.433809
21300.000000 3.533150 288.990074 1.066518 0.441747
21320.000000 3.563913 289.098434 1.063631 0.449515
21340.000000 3.595086 289.207700 1.057911 0.457091
21360.000000 3.626549 289.317792 1.049212 0.464454
21380.000000 3.658170 289.428634 1.037394 0.471584
21400.000000 3.689798 289.540148 1.022331 0.478460
21420.000000 3.721268 289.652259 1.003912 0.485061
21440.000000 3.752394 289.764894 0.982043 0.491366
21460.000000 3.782975 289.877982 0.956653 0.497354
21480.000000 3.812791 289.991458 0.927697 0.503003
21500.000000 3.841605 290.105258 0.895159 0.508291
21520.000000 3.869166 290.219324 0.859056 0.513196
21540.000000 3.895212 290.333603 0.819441 0.517697
21560.000000 3.919474 290.448046 0.776410 0.521773
21580.000000 3.941684 290.562610 0.730098 0.525402
21600.000000 3.961577 290.677256 0.680687 0.528567
21620.000000 3.978903 290.791952 0.628406 0.531250
21640.000000 3.993435 290.906671 0.573531 0.533438
21660.000000 4.004973 291.021389 0.516381 0.535120
21680.000000 4.013353 291.136088 0.457321 0.536289
21700.000000 4.018456 291.250756 0.396752 0.536940
21720.000000 4.020207 291.365382 0.335110 0.537074
21740.000000 4.018581 291.479959 0.272852 0.536694
21760.000000 4.013603 291.594481 0.210449 0.535804
21780.000000 4.005347 291.708944 0.148376 0.534415
21800.000000 3.993935 291.823340 0.087097 0.532535
21820.000000 3.979530 291.937664 0.027059 0.530179
21840.000000 3.962333 292.051903 -0.031321 0.527360
21860.000000 3.942577 292.166044 -0.087666 0.524096
21880.000000 3.920518 292.280066 -0.141638 0.520405
21900.000000 3.896427 292.393946 -0.192950 0.516307
21920.000000 3.870587 292.507653 -0.241364 0.511822
21940.000000 3.843279 292.621151 -0.286688 0.506975
21960.000000 3.814779 292.734398 -0.328782 0.501787
21980.000000 3.785352 292.847350 -0.367549 0.496283
22000.000000 3.755247 292.959953 -0.402932 0.490485
22020.000000 3.724693 293.072153 -0.434914 0.484417
22040.000000 3.693899 293.183890 -0.463508 0.478102
22060.000000 3.663049 293.295101 -0.488757 0.471560
22080.000000 3.632306 293.405722 -0.510728 0.464811
22100.000000 3.601812 293.515686 -0.529507 0.457877
22120.000000 3.571687 293.624924 -0.545198 0.450775
22140.000000 3.542034 293.733368 -0.557915 0.443524
22160.000000 3.512939 293.840950 -0.567783 0.436139
22180.000000 3.484472 293.947601 -0.574935 0.428638
22200.000000 3.456691 294.053254 -0.579508 0.421036
22220.000000 3.429645 294.157844 -0.581642 0.413348
22240.000000 3.403370 294.261306 -0.581478 0.405589
22260.000000 3.377896 294.363580 -0.579157 0.397774
22280.000000 3.353246 294.464607 -0.574821 0.389917
22300.000000 3.329437 294.564332 -0.568606 0.382033
22320.000000 3.306480 294.662702 -0.560649 0.374135
22340.000000 3.284383 294.759669 -0.551082 0.366239
22360.000000 3.263150 294.855191 -0.540034 0.358358
22380.000000 3.242780 294.949225 -0.527629 0.350506
22400.000000 3.223271 295.041738 -0.513986 0.342698
22420.000000 3.204617 295.132700 -0.499221 0.334949
22440.000000 3.186810 295.222084 -0.483443 0.327272
22460.000000 3.169841 295.309871 -0.466756 0.319682
22480.000000 3.153696 295.396045 -0.449258 0.312192
22500.000000 3.138361 295.480598 -0.431044 0.304816
22520.000000 3.123820 295.563525 -0.412200 0.297566
22540.000000 3.110056 295.644827 -0.392807 0.290458
22560.000000 3.097050 295.724510 -0.372942 0.283501
22580.000000 3.084781 295.802588 -0.352675 0.276710
22600.000000 3.073230 295.879076 -0.332070 0.270094
22620.000000 3.062372 295.953997 -0.311185 0.263665
22640.000000 3.052188 296.027378 -0.290075 0.257434
22660.000000 3.042652 296.099250 -0.268786 0.251409
22680.000000 3.033742 296.169650 -0.247362 0.245601
22700.000000 3.025435 296.238619 -0.225841 0.240017
22720.000000 3.017708 296.306199 -0.204256 0.234666
22740.000000 3.010538 296.372441 -0.182636 0.229554
22760.000000 3.003902 296.437396 -0.161004 0.224689
22780.000000 2.997778 296.501119 -0.139382 0.220075
22800.000000 2.992145 296.563669 -0.117786 0.215720
22820.000000 2.986984 296.625106 -0.096229 0.211628
22840.000000 2.982273 296.685495 -0.074721 0.207803
22860.000000 2.977996 296.744902 -0.053267 0.204249
22880.000000 2.974135 296.803395 -0.031873 0.200970
22900.000000 2.970673 296.861044 -0.010540 0.197970
22920.000000 2.967597 296.917922 0.010734 0.195252
22940.000000 2.964892 296.974102 0.031952 0.192817
22960.000000 2.962546 297.029660 0.053119 0.190669
22980.000000 2.960550 297.084671 0.074242 0.188809
23000.000000 2.958893 297.139214 0.095329 0.187240
23020.000000 2.957569 297.193367 0.116389 0.185963
23040.000000 2.956572 297.247209 0.137435 0.184980
23060.000000 2.955896 297.300820 0.158476 0.184291
23080.000000 2.955540 297.354282 0.179526 0.183900
23100.000000 2.955501 297.407674 0.200598 0.183806
23120.000000 2.955782 297.461079 0.221705 0.184010
23140.000000 2.956383 297.514577 0.242861 0.184514
23160.000000 2.957309 297.568252 0.264079 0.185318
23180.000000 2.958566 297.622184 0.285373 0.186423
23200.000000 2.960160 297.676456 0.306755 0.187829
23220.000000 2.962101 297.731148 0.328240 0.189537
23240.000000 2.964400 297.786342 0.349838 0.191547
23260.000000 2.967069 297.842118 0.371561 0.193859
23280.000000 2.970122 297.898556 0.393417 0.196472
23300.000000 2.973576 297.955734 0.415417 0.199386
23320.000000 2.977448 298.013732 0.437565 0.202600
23340.000000 2.981759 298.072624 0.459868 0.206113
23360.000000 2.986527 298.132486 0.482327 0.209923
23380.000000 2.991778 298.193393 0.504942 0.214028
23400.000000 2.997534 298.255414 0.527712 0.218426
23420.000000 3.003821 298.318618 0.550630 0.223113
23440.000000 3.010666 298.383074 0.573687 0.228085
23460.000000 3.018097 298.448844 0.596869 0.233339
23480.000000 3.026144 298.515988 0.620161 0.238868
23500.000000 3.034835 298.584564 0.643539 0.244668
23520.000000 3.044203 298.654626 0.666979 0.250730
23540.000000 3.054277 298.726221 0.690447 0.257047
23560.000000 3.065089 298.799395 0.713906 0.263611
23580.000000 3.076670 298.874187 0.737314 0.270412
23600.000000 3.089050 298.950631 0.760620 0.277439
23620.000000 3.102260 299.028757 0.783769 0.284680
23640.000000 3.116327 299.108587 0.806698 0.292122
23660.000000 3.131279 299.190138 0.829336 0.299752
23680.000000 3.147140 299.273421 0.851606 0.307555
23700.000000 3.163932 299.358440 0.873423 0.315514
23720.000000 3.181674 299.445193 0.894694 0.323613
23740.000000 3.200383 299.533670 0.915320 0.331835
23760.000000 3.220070 299.623855 0.935193 0.340160
23780.000000 3.240742 299.715726 0.954198 0.348570
23800.000000 3.262402 299.809254 0.972213 0.357044
23820.000000 3.285045 299.904402 0.989108 0.365562
23840.000000 3.308664 300.001129 1.004748 0.374104
23860.000000 3.333241 300.099387 1.018991 0.382648
23880.000000 3.358754 300.199124 1.031689 0.391173
23900.000000 3.385172 300.300280 1.042691 0.399657
23920.000000 3.412456 300.402794 1.051840 0.408079
23940.000000 3.440559 300.506597 1.058976 0.416417
23960.000000 3.469424 300.611621 1.063939 0.424651
23980.000000 3.498983 300.717791 1.066566 0.432758
24000.000000 3.529158 300.825033 1.066695 0.440717
24020.000000 3.559860 300.933268 1.064167 0.448508
24040.000000 3.590986 301.042420 1.058827 0.456111
24060.000000 3.622418 301.152409 1.050526 0.463503
24080.000000 3.654026 301.263157 1.039123 0.470664
24100.000000 3.685663 301.374587 1.024492 0.477575
24120.000000 3.717163 301.486624 1.006518 0.484213
24140.000000 3.748345 301.599194 0.985105 0.490558
24160.000000 3.779010 301.712227 0.960180 0.496589
24180.000000 3.808939 301.825656 0.931692 0.502283
24200.000000 3.837898 301.939417 0.899623 0.507620
24220.000000 3.865638 302.053451 0.863984 0.512577
24240.000000 3.891898 302.167705 0.824825 0.517132
24260.000000 3.916409 302.282130 0.782233 0.521264
24280.000000 3.938902 302.396680 0.736342 0.524953
24300.000000 3.959113 302.511317 0.687325 0.528180
24320.000000 3.976789 302.626009 0.635405 0.530927
24340.000000 3.991699 302.740725 0.580852 0.533180
24360.000000 4.003639 302.855445 0.523980 0.534929
24380.000000 4.012441 302.970148 0.465148 0.536165
24400.000000 4.017978 303.084820 0.404753 0.536884
24420.000000 4.020170 303.199452 0.343226 0.537086
24440.000000 4.018986 303.314036 0.281022 0.536772
24460.000000 4.014443 303.428566 0.218611 0.535949
24480.000000 4.006611 303.543036 0.156467 0.534625
24500.000000 3.995603 303.657442 0.095059 0.532809
24520.000000 3.981579 303.771775 0.034834 0.530514
24540.000000 3.964735 303.886026 -0.023786 0.527755
24560.000000 3.945300 304.000181 -0.080417 0.524548
24580.000000 3.923527 304.114220 -0.134718 0.520912
24600.000000 3.899687 304.228120 -0.186393 0.516866
24620.000000 3.874060 304.341851 -0.235197 0.512430
24640.000000 3.846928 304.455379 -0.280936 0.507629
24660.000000 3.818568 304.568662 -0.323459 0.502485
24680.000000 3.789248 304.681655 -0.362665 0.497021
24700.000000 3.759219 304.794307 -0.398493 0.491260
24720.000000 3.728711 304.906563 -0.430920 0.485226
24740.000000 3.697937 305.018364 -0.459956 0.478942
24760.000000 3.667085 305.129648 -0.485639 0.472428
24780.000000 3.636320 305.240350 -0.508035 0.465706
24800.000000 3.605786 305.350403 -0.527227 0.458795
24820.000000 3.575606 305.459740 -0.543315 0.451714
24840.000000 3.545886 305.568293 -0.556415 0.444481
24860.000000 3.516714 305.675991 -0.566649 0.437113
24880.000000 3.488161 305.782768 -0.574149 0.429626
24900.000000 3.460288 305.888555 -0.579051 0.422036
24920.000000 3.433143 305.993288 -0.581497 0.414359
24940.000000 3.406765 306.096901 -0.581625 0.406608
24960.000000 3.381185 306.199334 -0.579579 0.398800
24980.000000 3.356426 306.300528 -0.575498 0.390948
25000.000000 3.332506 306.400426 -0.569521 0.383066
25020.000000 3.309437 306.498976 -0.561785 0.375170
25040.000000 3.287227 306.596130 -0.552422 0.367272
25060.000000 3.265880 306.691843 -0.541560 0.359388
25080.000000 3.245397 306.786074 -0.529326 0.351532
25100.000000 3.225776 306.878788 -0.515839 0.343718
25120.000000 3.207011 306.969954 -0.501214 0.335960
25140.000000 3.189094 307.059546 -0.485562 0.328273
25160.000000 3.172015 307.147543 -0.468988 0.320670
25180.000000 3.155763 307.233929 -0.451592 0.313166
25200.000000 3.140323 307.318695 -0.433466 0.305774
25220.000000 3.125679 307.401835 -0.414700 0.298508
25240.000000 3.111815 307.483349 -0.395375 0.291380
25260.000000 3.098710 307.563244 -0.375567 0.284403
25280.000000 3.086346 307.641531 -0.355349 0.277589
25300.000000 3.074702 307.718226 -0.334785 0.270950
25320.000000 3.063755 307.793351 -0.313933 0.264496
25340.000000 3.053484 307.866932 -0.292849 0.258238
25360.000000 3.043864 307.939000 -0.271582 0.252186
25380.000000 3.034874 308.009590 -0.250173 0.246349
25400.000000 3.026490 308.078743 -0.228663 0.240735
25420.000000 3.018688 308.146503 -0.207085 0.235353
25440.000000 3.011446 308.212918 -0.185468 0.230210
25460.000000 3.004741 308.278038 -0.163836 0.225311
25480.000000 2.998551 308.341919 -0.142212 0.220665
25500.000000 2.992856 308.404619 -0.120612 0.216275
25520.000000 2.987633 308.466198 -0.099049 0.212148
25540.000000 2.982865 308.526721 -0.077534 0.208288
25560.000000 2.978532 308.586252 -0.056073 0.204699
25580.000000 2.974617 308.644861 -0.034671 0.201384
25600.000000 2.971104 308.702616 -0.013330 0.198347
25620.000000 2.967978 308.759591 0.007952 0.195591
25640.000000 2.965225 308.815858 0.029177 0.193119
25660.000000 2.962833 308.871493 0.050351 0.190934
25680.000000 2.960792 308.926572 0.071479 0.189036
25700.000000 2.959091 308.981171 0.092570 0.187429
25720.000000 2.957724 309.035371 0.113633 0.186113
25740.000000 2.956684 309.089249 0.134680 0.185092
25760.000000 2.955966 309.142886 0.155721 0.184365
25780.000000 2.955568 309.196363 0.176769 0.183934
25800.000000 2.955488 309.249759 0.197838 0.183801
25820.000000 2.955727 309.303158 0.218939 0.183966
25840.000000 2.956286 309.356639 0.240088 0.184431
25860.000000 2.957169 309.410286 0.261297 0.185196
25880.000000 2.958382 309.464180 0.282580 0.186261
25900.000000 2.959932 309.518403 0.303950 0.187628
25920.000000 2.961827 309.573035 0.325421 0.189297
25940.000000 2.964078 309.628159 0.347004 0.191267
25960.000000 2.966698 309.683854 0.368709 0.193539
25980.000000 2.969700 309.740201 0.390548 0.196113
26000.000000 2.973100 309.797278 0.412528 0.198987
26020.000000 2.976917 309.855164 0.434657 0.202162
26040.000000 2.981169 309.913934 0.456939 0.205636
26060.000000 2.985876 309.973666 0.479377 0.209407
26080.000000 2.991062 310.034431 0.501973 0.213474
26100.000000 2.996750 310.096302 0.524723 0.217833
26120.000000 3.002967 310.159348 0.547621 0.222483
26140.000000 3.009737 310.223636 0.570661 0.227418
26160.000000 3.017090 310.289230 0.593828 0.232635
26180.000000 3.025054 310.356192 0.617106 0.238129
26200.000000 3.033659 310.424577 0.640475 0.243893
26220.000000 3.042937 310.494441 0.663907 0.249922
26240.000000 3.052916 310.565833 0.687374 0.256206
26260.000000 3.063630 310.638798 0.710837 0.262738
26280.000000 3.075109 310.713376 0.734254 0.269509
26300.000000 3.087383 310.789602 0.757577 0.276507
26320.000000 3.100482 310.867506 0.780750 0.283720
26340.000000 3.114436 310.947112 0.803711 0.291137
26360.000000 3.129270 311.028437 0.826391 0.298743
26380.000000 3.145011 311.111493 0.848714 0.306524
26400.000000 3.161680 311.196285 0.870595 0.314464
26420.000000 3.179297 311.282811 0.891944 0.322546
26440.000000 3.197879 311.371063 0.912661 0.330752
26460.000000 3.217437 311.461026 0.932639 0.339065
26480.000000 3.237980 311.552678 0.951764 0.347465
26500.000000 3.259510 311.645991 0.969915 0.355932
26520.000000 3.282025 311.740929 0.986965 0.364445
26540.000000 3.305517 311.837452 1.002777 0.372985
26560.000000 3.329969 311.935513 1.017211 0.381530
26580.000000 3.355361 312.035059 1.030120 0.390059
26600.000000 3.381663 312.136033 1.041353 0.398549
26620.000000 3.408836 312.238372 1.050753 0.406981
26640.000000 3.436835 312.342011 1.058162 0.415331
26660.000000 3.465604 312.446879 1.063419 0.423580
26680.000000 3.495076 312.552903 1.066361 0.431704
26700.000000 3.525176 312.660009 1.066826 0.439684
26720.000000 3.555814 312.768119 1.064655 0.447499
26740.000000 3.586891 312.877155 1.059691 0.455127
26760.000000 3.618290 312.987039 1.051786 0.462548
26780.000000 3.649883 313.097692 1.040797 0.469741
26800.000000 3.681525 313.209037 1.026596 0.476685
26820.000000 3.713053 313.320999 1.009065 0.483360
26840.000000 3.744288 313.433503 0.988107 0.489745
26860.000000 3.775032 313.546480 0.963645 0.495818
26880.000000 3.805071 313.659860 0.935625 0.501558
26900.000000 3.834171 313.773581 0.904025 0.506942
26920.000000 3.862085 313.887583 0.868851 0.511950
26940.000000 3.888553 314.001811 0.830149 0.516559
26960.000000 3.913309 314.116215 0.788000 0.520748
26980.000000 3.936082 314.230751 0.742532 0.524496
27000.000000 3.956606 314.345380 0.693912 0.527784
27020.000000 3.974628 314.460066 0.642358 0.530595
27040.000000 3.989912 314.574780 0.588133 0.532914
27060.000000 4.002251 314.689500 0.531545 0.534729
27080.000000 4.011472 314.804206 0.472948 0.536033
27100.000000 4.017442 314.918884 0.412734 0.536820
27120.000000 4.020075 315.033522 0.351329 0.537089
27140.000000 4.019333 315.148112 0.289187 0.536843
27160.000000 4.015227 315.262649 0.226776 0.536086
27180.000000 4.007819 315.377127 0.164571 0.534826
27200.000000 3.997219 315.491542 0.103040 0.533074
27220.000000 3.983580 315.605885 0.042636 0.530841
27240.000000 3.967093 315.720148 -0.016217 0.528142
27260.000000 3.947983 315.834316 -0.073129 0.524993
27280.000000 3.926501 315.948372 -0.127752 0.521412
27300.000000 3.902916 316.062292 -0.179786 0.517418
27320.000000 3.877506 316.176047 -0.228979 0.513032
27340.000000 3.850555 316.289603 -0.275128 0.508278
27360.000000 3.822341 316.402921 -0.318079 0.503177
27380.000000 3.793132 316.515955 -0.357724 0.497753
27400.000000 3.763182 316.628654 -0.393996 0.492030
27420.000000 3.732725 316.740965 -0.426868 0.486031
27440.000000 3.701975 316.852829 -0.456346 0.479778
27460.000000 3.671122 316.964184 -0.482466 0.473293
27480.000000 3.640337 317.074966 -0.505287 0.466597
27500.000000 3.609765 317.185109 -0.524893 0.459710
27520.000000 3.579533 317.294544 -0.541382 0.452650
27540.000000 3.549748 317.403202 -0.554865 0.445436
27560.000000 3.520499 317.511017 -0.565467 0.438085
27580.000000 3.491861 317.617918 -0.573317 0.430612
27600.000000 3.463896 317.723839 -0.578552 0.423035
27620.000000 3.436654 317.828713 -0.581311 0.415368
27640.000000 3.410174 317.932476 -0.581735 0.407627
27660.000000 3.384488 318.035067 -0.579966 0.399825
27680.000000 3.359620 318.136426 -0.576143 0.391978
27700.000000 3.335589 318.236497 -0.570407 0.384099
27720.000000 3.312408 318.335227 -0.562893 0.376204
27740.000000 3.290086 318.432566 -0.553735 0.368305
27760.000000 3.268626 318.528470 -0.543063 0.360419
27780.000000 3.248030 318.622897 -0.531001 0.352558
27800.000000 3.228296 318.715812 -0.517671 0.344738
27820.000000 3.209419 318.807182 -0.503189 0.336972
27840.000000 3.191391 318.896982 -0.487666 0.329275
27860.000000 3.174204 318.985188 -0.471207 0.321660
27880.000000 3.157844 319.071786 -0.453913 0.314142
27900.000000 3.142298 319.156764 -0.435877 0.306735
27920.000000 3.127552 319.240117 -0.417190 0.299452
27940.000000 3.113586 319.321844 -0.397934 0.292305
27960.000000 3.100383 319.401950 -0.378185 0.285307
27980.000000 3.087924 319.480447 -0.358017 0.278471
28000.000000 3.076186 319.557350 -0.337494 0.271808
28020.000000 3.065149 319.632679 -0.316677 0.265330
28040.000000 3.054791 319.706460 -0.295621 0.259046
28060.000000 3.045087 319.778724 -0.274375 0.252966
28080.000000 3.036016 319.849506 -0.252983 0.247101
28100.000000 3.027554 319.918845 -0.231484 0.241457
28120.000000 3.019677 319.986784 -0.209913 0.236044
28140.000000 3.012363 320.053372 -0.188299 0.230869
28160.000000 3.005589 320.118658 -0.166668 0.225939
28180.000000 2.999333 320.182698 -0.145042 0.221259
28200.000000 2.993574 320.245550 -0.123438 0.216835
28220.000000 2.988291 320.307272 -0.101869 0.212674
28240.000000 2.983464 320.367929 -0.080347 0.208778
28260.000000 2.979075 320.427587 -0.058879 0.205153
28280.000000 2.975107 320.486312 -0.037469 0.201802
28300.000000 2.971542 320.544175 -0.016120 0.198729
28320.000000 2.968366 320.601248 0.005169 0.195936
28340.000000 2.965565 320.657604 0.026402 0.193427
28360.000000 2.963126 320.713317 0.047581 0.191203
28380.000000 2.961039 320.768464 0.068715 0.189268
28400.000000 2.959295 320.823122 0.089810 0.187622
28420.000000 2.957884 320.877370 0.110877 0.186269
28440.000000 2.956802 320.931285 0.131925 0.185209
28460.000000 2.956042 320.984949 0.152966 0.184443
28480.000000 2.955602 321.038442 0.174013 0.183974
28500.000000 2.955481 321.091845 0.195078 0.183802
28520.000000 2.955678 321.145238 0.216174 0.183928
28540.000000 2.956194 321.198704 0.237316 0.184353
28560.000000 2.957035 321.252325 0.258516 0.185079
28580.000000 2.958204 321.306182 0.279789 0.186105
28600.000000 2.959709 321.360357 0.301147 0.187432
28620.000000 2.961559 321.414931 0.322604 0.189061
28640.000000 2.963762 321.469985 0.344171 0.190992
28660.000000 2.966333 321.525601 0.365860 0.193224
28680.000000 2.969284 321.581858 0.387681 0.195759
28700.000000 2.972632 321.638835 0.409642 0.198594
28720.000000 2.976393 321.696611 0.431751 0.201729
28740.000000 2.980587 321.755262 0.454013 0.205164
28760.000000 2.985233 321.814863 0.476431 0.208897
28780.000000 2.990355 321.875489 0.499006 0.212925
28800.000000 2.995976 321.937211 0.521736 0.217246
28820.000000 3.002122 322.000099 0.544615 0.221858
28840.000000 3.008818 322.064221 0.567637 0.226756
28860.000000 3.016093 322.129641 0.590788 0.231936
28880.000000 3.023976 322.196420 0.614053 0.237394
28900.000000 3.032495 322.264616 0.637411 0.243123
28920.000000 3.041683 322.334283 0.660837 0.249118
28940.000000 3.051569 322.405472 0.684301 0.255369
28960.000000 3.062185 322.478229 0.707767 0.261869
28980.000000 3.073561 322.552594 0.731192 0.268609
29000.000000 3.085730 322.628602 0.754531 0.275578
29020.000000 3.098719 322.706285 0.777727 0.282764
29040.000000 3.112560 322.785667 0.800719 0.290155
29060.000000 3.127277 322.866766 0.823441 0.297737
29080.000000 3.142898 322.949595 0.845815 0.305496
29100.000000 3.159444 323.034160 0.867759 0.313416
29120.000000 3.176936 323.120459 0.889183 0.321480
29140.000000 3.195391 323.208486 0.909988 0.329671
29160.000000 3.214821 323.298226 0.930069 0.337971
29180.000000 3.235234 323.389658 0.949313 0.346361
29200.000000 3.256635 323.482755 0.967599 0.354820
29220.000000 3.279022 323.577483 0.984800 0.363329
29240.000000 3.302386 323.673801 1.000782 0.371866
29260.000000 3.326714 323.771663 1.015405 0.380412
29280.000000 3.351985 323.871018 1.028522 0.388944
29300.000000 3.378169 323.971809 1.039983 0.397441
29320.000000 3.405231 324.073973 1.049632 0.405881
29340.000000 3.433125 324.177445 1.057311 0.414243
29360.000000 3.461796 324.282157 1.062859 0.422506
29380.000000 3.491180 324.388034 1.066113 0.430648
29400.000000 3.521203 324.495002 1.066911 0.438649
29420.000000 3.551776 324.602985 1.065094 0.446486
29440.000000 3.582801 324.711904 1.060505 0.454139
29460.000000 3.614165 324.821682 1.052993 0.461589
29480.000000 3.645741 324.932239 1.042416 0.468813
29500.000000 3.677385 325.043498 1.028642 0.475791
29520.000000 3.708938 325.155383 1.011553 0.482502
29540.000000 3.740222 325.267821 0.991049 0.488926
29560.000000 3.771043 325.380739 0.967049 0.495041
29580.000000 3.801186 325.494070 0.939497 0.500826
29600.000000 3.830423 325.607750 0.908366 0.506258
29620.000000 3.858507 325.721718 0.873658 0.511317
29640.000000 3.885180 325.835920 0.835414 0.515979
29660.000000 3.910175 325.950304 0.793710 0.520224
29680.000000 3.933223 326.064825 0.748668 0.524031
29700.000000 3.954056 326.179443 0.700449 0.527380
29720.000000 3.972419 326.294123 0.649266 0.530255
29740.000000 3.988074 326.408836 0.595374 0.532639
29760.000000 4.000810 326.523556 0.539076 0.534521
29780.000000 4.010447 326.638265 0.480720 0.535891
29800.000000 4.016849 326.752947 0.420694 0.536746
29820.000000 4.019922 326.867590 0.359420 0.537083
29840.000000 4.019622 326.982187 0.297348 0.536904
29860.000000 4.015954 327.096732 0.234945 0.536214
29880.000000 4.008974 327.211218 0.172686 0.535019
29900.000000 3.998784 327.325641 0.111041 0.533331
29920.000000 3.985532 327.439994 0.050464 0.531160
29940.000000 3.969406 327.554268 -0.008615 0.528522
29960.000000 3.950625 327.668450 -0.065801 0.525430
29980.000000 3.929439 327.782521 -0.120742 0.521905
30000.000000 3.906113 327.896461 -0.173131 0.517963
30020.000000 3.880927 328.010239 -0.222708 0.513628
30040.000000 3.854162 328.123824 -0.269265 0.508920
30060.000000 3.826097 328.237175 -0.312642 0.503864
30080.000000 3.797004 328.350249 -0.352724 0.498481
30100.000000 3.767137 328.462995 -0.389441 0.492796
30120.000000 3.736733 328.575360 -0.422758 0.486831
30140.000000 3.706010 328.687286 -0.452679 0.480610
30160.000000 3.675161 328.798712 -0.479235 0.474155
30180.000000 3.644358 328.909572 -0.502484 0.467485
30200.000000 3.613751 329.019802 -0.522506 0.460622
30220.000000 3.583468 329.129334 -0.539396 0.453583
30240.000000 3.553618 329.238098 -0.553267 0.446389
30260.000000 3.524295 329.346027 -0.564239 0.439054
30280.000000 3.495573 329.453051 -0.572441 0.431597
30300.000000 3.467517 329.559104 -0.578011 0.424033
30320.000000 3.440178 329.664119 -0.581086 0.416377
30340.000000 3.413596 329.768032 -0.581808 0.408644
30360.000000 3.387804 329.870780 -0.580317 0.400849
30380.000000 3.362828 329.972303 -0.576755 0.393007
30400.000000 3.338687 330.072546 -0.571262 0.385132
30420.000000 3.315394 330.171454 -0.563973 0.377238
30440.000000 3.292959 330.268978 -0.555023 0.369339
30460.000000 3.271386 330.365072 -0.544542 0.361450
30480.000000 3.250677 330.459695 -0.532655 0.353585
30500.000000 3.230831 330.552810 -0.519485 0.345759
30520.000000 3.211842 330.644384 -0.505147 0.337985
30540.000000 3.193703 330.734390 -0.489754 0.330278
30560.000000 3.176407 330.822806 -0.473411 0.322652
30580.000000 3.159939 330.909615 -0.456221 0.315121
30600.000000 3.144288 330.994806 -0.438277 0.307698
30620.000000 3.129437 331.078371 -0.419671 0.300398
30640.000000 3.115371 331.160311 -0.400484 0.293232
30660.000000 3.102069 331.240629 -0.380796 0.286214
30680.000000 3.089513 331.319336 -0.360679 0.279357
30700.000000 3.077683 331.396446 -0.340199 0.272671
30720.000000 3.066555 331.471980 -0.319418 0.266167
30740.000000 3.056109 331.545962 -0.298390 0.259857
30760.000000 3.046321 331.618423 -0.277166 0.253750
30780.000000 3.037168 331.689396 -0.255790 0.247856
30800.000000 3.028628 331.758922 -0.234303 0.242183
30820.000000 3.020676 331.827042 -0.212740 0.236740
30840.000000 3.013289 331.893804 -0.191130 0.231533
30860.000000 3.006446 331.959258 -0.169500 0.226570
30880.000000 3.000123 332.023458 -0.147872 0.221857
30900.000000 2.994300 332.086461 -0.126264 0.217400
30920.000000 2.988956 332.148328 -0.104691 0.213203
30940.000000 2.984071 332.209121 -0.083162 0.209273
30960.000000 2.979626 332.268905 -0.061686 0.205612
30980.000000 2.975603 332.327749 -0.040269 0.202225
31000.000000 2.971986 332.385721 -0.018912 0.199115
31020.000000 2.968760 332.442893 0.002386 0.196286
31040.000000 2.965910 332.499338 0.023625 0.193739
31060.000000 2.963425 332.555131 0.044811 0.191478
31080.000000 2.961293 332.610348 0.065951 0.189505
31100.000000 2.959504 332.665066 0.087051 0.187821
31120.000000 2.958050 332.719363 0.108120 0.186429
31140.000000 2.956925 332.773317 0.129170 0.185331
31160.000000 2.956123 332.827010 0.150212 0.184526
31180.000000 2.955642 332.880520 0.171257 0.184018
31200.000000 2.955478 332.933930 0.192319 0.183807
31220.000000 2.955634 332.987320 0.213410 0.183894
31240.000000 2.956108 333.040772 0.234545 0.184280
31260.000000 2.956906 333.094368 0.255737 0.184966
31280.000000 2.958032 333.148189 0.276999 0.185953
31300.000000 2.959493 333.202318 0.298346 0.187241
31320.000000 2.961297 333.256835 0.319789 0.188831
31340.000000 2.963453 333.311822 0.341341 0.190722
31360.000000 2.965975 333.367360 0.363014 0.192915
31380.000000 2.968876 333.423528 0.384817 0.195410
31400.000000 2.972171 333.480407 0.406759 0.198206
31420.000000 2.975876 333.538073 0.428848 0.201302
31440.000000 2.980012 333.596605 0.451090 0.204698
31460.000000 2.984598 333.656078 0.473487 0.208391
31480.000000 2.989657 333.716565 0.496041 0.212381
31500.000000 2.995211 333.778140 0.518751 0.216664
31520.000000 3.001286 333.840872 0.541612 0.221238
31540.000000 3.007909 333.904829 0.564615 0.226098
31560.000000 3.015107 333.970075 0.587750 0.231242
31580.000000 3.022908 334.036672 0.611001 0.236664
31600.000000 3.031343 334.104680 0.634349 0.242358
31620.000000 3.040441 334.174152 0.657767 0.248318
31640.000000 3.050234 334.245139 0.681228 0.254536
31660.000000 3.060752 334.317688 0.704696 0.261005
31680.000000 3.072028 334.391840 0.728130 0.267714
31700.000000 3.084091 334.467631 0.751482 0.274653
31720.000000 3.096971 334.545093 0.774700 0.281811
31740.000000 3.110698 334.624252 0.797723 0.289176
31760.000000 3.125299 334.705125 0.820484 0.296734
31780.000000 3.140800 334.787727 0.842908 0.304471
31800.000000 3.157224 334.872065 0.864914 0.312370
31820.000000 3.174592 334.958137 0.886411 0.320417
31840.000000 3.192919 335.045939 0.907303 0.328592
31860.000000 3.212221 335.135455 0.927485 0.336879
31880.000000 3.232506 335.226668 0.946845 0.345258
31900.000000 3.253777 335.319548 0.965264 0.353709
31920.000000 3.276035 335.414065 0.982615 0.362213
31940.000000 3.299272 335.510177 0.998764 0.370748
31960.000000 3.323475 335.607840 1.013573 0.379294
31980.000000 3.348624 335.707002 1.026896 0.387828
