0.000000 3.979657 196.004800 0.625860 0.531365
20.000000 3.993728 196.119497 0.569897 0.533531
40.000000 4.004718 196.234203 0.511725 0.535181
60.000000 4.012467 196.348901 0.451721 0.536308
80.000000 4.016858 196.463577 0.390300 0.536908
100.000000 4.017823 196.578222 0.327910 0.536982
120.000000 4.015345 196.692830 0.265021 0.536533
140.000000 4.009456 196.807395 0.202118 0.535567
160.000000 4.000242 196.921912 0.139686 0.534092
180.000000 3.987832 197.036376 0.078197 0.532121
200.000000 3.972402 197.150777 0.018106 0.529665
220.000000 3.954162 197.265106 -0.040166 0.526739
240.000000 3.933355 197.379345 -0.096236 0.523360
260.000000 3.910246 197.493474 -0.149765 0.519547
280.000000 3.885116 197.607466 -0.200464 0.515319
300.000000 3.858253 197.721289 -0.248093 0.510698
320.000000 3.829944 197.834904 -0.292462 0.505706
340.000000 3.800469 197.948266 -0.333429 0.500367
360.000000 3.770095 198.061326 -0.370900 0.494703
380.000000 3.739072 198.174030 -0.404818 0.488739
400.000000 3.707637 198.286317 -0.435157 0.482501
420.000000 3.676010 198.398127 -0.461916 0.476012
440.000000 3.644392 198.509393 -0.485126 0.469296
460.000000 3.612966 198.620047 -0.504844 0.462376
480.000000 3.581890 198.730020 -0.521158 0.455275
500.000000 3.551303 198.839240 -0.534174 0.448016
520.000000 3.521323 198.947635 -0.544019 0.440622
540.000000 3.492050 199.055136 -0.550837 0.433116
560.000000 3.463568 199.161674 -0.554783 0.425521
580.000000 3.435945 199.267184 -0.556022 0.417860
600.000000 3.409234 199.371603 -0.554726 0.410155
620.000000 3.383478 199.474872 -0.551070 0.402428
640.000000 3.358708 199.576938 -0.545231 0.394702
660.000000 3.334945 199.677753 -0.537386 0.387000
680.000000 3.312204 199.777275 -0.527708 0.379342
700.000000 3.290488 199.875467 -0.516368 0.371745
720.000000 3.269788 199.972296 -0.503527 0.364223
740.000000 3.250081 200.067736 -0.489336 0.356791
760.000000 3.231342 200.161765 -0.473930 0.349457
780.000000 3.213542 200.254366 -0.457435 0.342236
800.000000 3.196657 200.345528 -0.439966 0.335138
820.000000 3.180662 200.435243 -0.421627 0.328177
840.000000 3.165533 200.523512 -0.402516 0.321363
860.000000 3.151246 200.610339 -0.382721 0.314710
880.000000 3.137778 200.695733 -0.362323 0.308229
900.000000 3.125105 200.779709 -0.341398 0.301932
920.000000 3.113205 200.862288 -0.320013 0.295830
940.000000 3.102055 200.943496 -0.298229 0.289935
960.000000 3.091633 201.023361 -0.276105 0.284257
980.000000 3.081915 201.101921 -0.253688 0.278808
1000.000000 3.072881 201.179214 -0.231026 0.273597
1020.000000 3.064509 201.255286 -0.208157 0.268634
1040.000000 3.056777 201.330185 -0.185117 0.263928
1060.000000 3.049666 201.403964 -0.161938 0.259489
1080.000000 3.043155 201.476681 -0.138644 0.255323
1100.000000 3.037226 201.548397 -0.115259 0.251438
1120.000000 3.031861 201.619175 -0.091801 0.247843
1140.000000 3.027044 201.689083 -0.068286 0.244543
1160.000000 3.022758 201.758191 -0.044724 0.241544
1180.000000 3.018990 201.826573 -0.021126 0.238853
1200.000000 3.015728 201.894304 0.002504 0.236473
1220.000000 3.012960 201.961463 0.026161 0.234411
1240.000000 3.010676 202.028128 0.049844 0.232670
1260.000000 3.008869 202.094383 0.073554 0.231254
1280.000000 3.007534 202.160309 0.097291 0.230167
1300.000000 3.006666 202.225992 0.121060 0.229411
1320.000000 3.006263 202.291517 0.144865 0.228990
1340.000000 3.006325 202.356972 0.168710 0.228906
1360.000000 3.006853 202.422442 0.192601 0.229160
1380.000000 3.007853 202.488016 0.216544 0.229755
1400.000000 3.009330 202.553782 0.240544 0.230691
1420.000000 3.011292 202.619826 0.264606 0.231969
1440.000000 3.013750 202.686237 0.288734 0.233590
1460.000000 3.016716 202.753101 0.312931 0.235553
1480.000000 3.020205 202.820504 0.337198 0.237858
1500.000000 3.024233 202.888532 0.361534 0.240503
1520.000000 3.028819 202.957266 0.385938 0.243488
1540.000000 3.033983 203.026790 0.410402 0.246808
1560.000000 3.039748 203.097181 0.434918 0.250462
1580.000000 3.046137 203.168518 0.459475 0.254445
1600.000000 3.053176 203.240875 0.484056 0.258753
1620.000000 3.060891 203.314323 0.508640 0.263379
1640.000000 3.069312 203.388929 0.533202 0.268318
1660.000000 3.078465 203.464757 0.557712 0.273562
1680.000000 3.088382 203.541867 0.582131 0.279101
1700.000000 3.099090 203.620312 0.606418 0.284927
1720.000000 3.110619 203.700142 0.630522 0.291028
1740.000000 3.122998 203.781400 0.654387 0.297392
1760.000000 3.136254 203.864126 0.677948 0.304004
1780.000000 3.150412 203.948349 0.701133 0.310851
1800.000000 3.165497 204.034094 0.723862 0.317916
1820.000000 3.181528 204.121381 0.746045 0.325181
1840.000000 3.198522 204.210218 0.767587 0.332627
1860.000000 3.216492 204.300611 0.788380 0.340235
1880.000000 3.235445 204.392555 0.808312 0.347982
1900.000000 3.255384 204.486039 0.827259 0.355847
1920.000000 3.276301 204.581044 0.845094 0.363806
1940.000000 3.298186 204.677544 0.861678 0.371834
1960.000000 3.321018 204.775506 0.876869 0.379906
1980.000000 3.344766 204.874891 0.890518 0.387996
2000.000000 3.369390 204.975651 0.902474 0.396078
2020.000000 3.394841 205.077737 0.912580 0.404124
2040.000000 3.421055 205.181089 0.920683 0.412109
2060.000000 3.447959 205.285647 0.926626 0.420005
2080.000000 3.475465 205.391345 0.930258 0.427784
2100.000000 3.503474 205.498112 0.931435 0.435421
2120.000000 3.531870 205.605879 0.930020 0.442889
2140.000000 3.560529 205.714572 0.925887 0.450162
2160.000000 3.589307 205.824118 0.918928 0.457216
2180.000000 3.618052 205.934442 0.909049 0.464026
2200.000000 3.646594 206.045473 0.896180 0.470570
2220.000000 3.674758 206.157139 0.880272 0.476825
2240.000000 3.702354 206.269373 0.861305 0.482771
2260.000000 3.729189 206.382108 0.839284 0.488387
2280.000000 3.755062 206.495284 0.814243 0.493656
2300.000000 3.779773 206.608843 0.786246 0.498559
2320.000000 3.803123 206.722730 0.755380 0.503080
2340.000000 3.824919 206.836895 0.721755 0.507204
2360.000000 3.844977 206.951292 0.685498 0.510915
2380.000000 3.863122 207.065878 0.646757 0.514201
2400.000000 3.879187 207.180614 0.605706 0.517054
2420.000000 3.893019 207.295466 0.562545 0.519464
2440.000000 3.904478 207.410402 0.517505 0.521424
2460.000000 3.913442 207.525396 0.470845 0.522927
2480.000000 3.919813 207.640423 0.422847 0.523971
2500.000000 3.923520 207.755462 0.373819 0.524551
2520.000000 3.924520 207.870493 0.324079 0.524667
2540.000000 3.922798 207.985497 0.273969 0.524319
2560.000000 3.918375 208.100458 0.223837 0.523513
2580.000000 3.911296 208.215358 0.174019 0.522250
2600.000000 3.901638 208.330179 0.124854 0.520539
2620.000000 3.889503 208.444900 0.076671 0.518384
2640.000000 3.875018 208.559501 0.029787 0.515795
2660.000000 3.858338 208.673956 -0.015489 0.512785
2680.000000 3.839643 208.788238 -0.058861 0.509370
2700.000000 3.819133 208.902319 -0.100057 0.505569
2720.000000 3.797025 209.016166 -0.138829 0.501399
2740.000000 3.773544 209.129741 -0.174972 0.496882
2760.000000 3.748918 209.243003 -0.208317 0.492038
2780.000000 3.723373 209.355907 -0.238736 0.486889
2800.000000 3.697129 209.468404 -0.266143 0.481459
2820.000000 3.670395 209.580443 -0.290486 0.475770
2840.000000 3.643364 209.691966 -0.311753 0.469846
2860.000000 3.616215 209.802919 -0.329960 0.463712
2880.000000 3.589109 209.913242 -0.345151 0.457390
2900.000000 3.562191 210.022876 -0.357394 0.450905
2920.000000 3.535585 210.131761 -0.366778 0.444279
2940.000000 3.509404 210.239841 -0.373405 0.437535
2960.000000 3.483742 210.347057 -0.377392 0.430696
2980.000000 3.458679 210.453355 -0.378862 0.423785
3000.000000 3.434285 210.558683 -0.377949 0.416822
3020.000000 3.410616 210.662993 -0.374786 0.409830
3040.000000 3.387719 210.766239 -0.369512 0.402831
3060.000000 3.365632 210.868381 -0.362266 0.395845
3080.000000 3.344383 210.969384 -0.353183 0.388894
3100.000000 3.323996 211.069216 -0.342399 0.381997
3120.000000 3.304485 211.167854 -0.330045 0.375176
3140.000000 3.285863 211.265276 -0.316247 0.368451
3160.000000 3.268134 211.361470 -0.301128 0.361840
3180.000000 3.251299 211.456427 -0.284804 0.355363
3200.000000 3.235356 211.550148 -0.267386 0.349039
3220.000000 3.220298 211.642637 -0.248978 0.342886
3240.000000 3.206119 211.733904 -0.229679 0.336921
3260.000000 3.192805 211.823968 -0.209581 0.331160
3280.000000 3.180344 211.912852 -0.188767 0.325620
3300.000000 3.168722 212.000585 -0.167318 0.320317
3320.000000 3.157922 212.087203 -0.145304 0.315264
3340.000000 3.147929 212.172748 -0.122790 0.310474
3360.000000 3.138724 212.257264 -0.099838 0.305962
3380.000000 3.130291 212.340805 -0.076500 0.301738
3400.000000 3.122612 212.423425 -0.052824 0.297814
3420.000000 3.115671 212.505186 -0.028852 0.294200
3440.000000 3.109452 212.586153 -0.004623 0.290905
3460.000000 3.103940 212.666394 0.019831 0.287937
3480.000000 3.099121 212.745982 0.044481 0.285304
3500.000000 3.094982 212.824991 0.069301 0.283014
3520.000000 3.091512 212.903501 0.094270 0.281071
3540.000000 3.088703 212.981592 0.119370 0.279480
3560.000000 3.086547 213.059345 0.144584 0.278248
3580.000000 3.085038 213.136847 0.169899 0.277376
3600.000000 3.084173 213.214181 0.195301 0.276868
3620.000000 3.083951 213.291435 0.220779 0.276726
3640.000000 3.084373 213.368696 0.246324 0.276951
3660.000000 3.085442 213.446051 0.271924 0.277544
3680.000000 3.087163 213.523588 0.297570 0.278505
3700.000000 3.089544 213.601393 0.323250 0.279833
3720.000000 3.092594 213.679551 0.348953 0.281526
3740.000000 3.096325 213.758148 0.374664 0.283582
3760.000000 3.100751 213.837266 0.400367 0.285997
3780.000000 3.105886 213.916985 0.426045 0.288767
3800.000000 3.111749 213.997384 0.451675 0.291886
3820.000000 3.118357 214.078537 0.477233 0.295348
3840.000000 3.125731 214.160518 0.502689 0.299146
3860.000000 3.133891 214.243393 0.528010 0.303272
3880.000000 3.142858 214.327227 0.553158 0.307716
3900.000000 3.152655 214.412078 0.578089 0.312468
3920.000000 3.163304 214.498003 0.602753 0.317516
3940.000000 3.174825 214.585048 0.627093 0.322847
3960.000000 3.187239 214.673259 0.651049 0.328447
3980.000000 3.200566 214.762673 0.674550 0.334301
4000.000000 3.214822 214.853321 0.697520 0.340393
4020.000000 3.230022 214.945227 0.719874 0.346704
4040.000000 3.246179 215.038409 0.741523 0.353217
4060.000000 3.263301 215.132880 0.762367 0.359912
4080.000000 3.281390 215.228643 0.782300 0.366769
4100.000000 3.300448 215.325696 0.801208 0.373764
4120.000000 3.320466 215.424029 0.818970 0.380878
4140.000000 3.341434 215.523626 0.835460 0.388085
4160.000000 3.363330 215.624465 0.850543 0.395362
4180.000000 3.386128 215.726516 0.864080 0.402686
4200.000000 3.409792 215.829744 0.875926 0.410031
4220.000000 3.434277 215.934108 0.885935 0.417372
4240.000000 3.459530 216.039564 0.893954 0.424684
4260.000000 3.485485 216.146060 0.899832 0.431941
4280.000000 3.512066 216.253542 0.903415 0.439117
4300.000000 3.539182 216.361953 0.904555 0.446187
4320.000000 3.566734 216.471231 0.903104 0.453125
4340.000000 3.594604 216.581314 0.898923 0.459904
4360.000000 3.622661 216.692137 0.891881 0.466500
4380.000000 3.650760 216.803636 0.881860 0.472886
4400.000000 3.678737 216.915744 0.868758 0.479036
4420.000000 3.706417 217.028397 0.852495 0.484925
4440.000000 3.733604 217.141532 0.833012 0.490527
4460.000000 3.760091 217.255087 0.810282 0.495818
4480.000000 3.785660 217.369004 0.784310 0.500773
4500.000000 3.810088 217.483227 0.755130 0.505369
4520.000000 3.833152 217.597704 0.722803 0.509584
4540.000000 3.854632 217.712384 0.687419 0.513399
4560.000000 3.874309 217.827223 0.649107 0.516796
4580.000000 3.891969 217.942180 0.608038 0.519761
4600.000000 3.907414 218.057221 0.564421 0.522281
4620.000000 3.920462 218.172312 0.518502 0.524343
4640.000000 3.930955 218.287428 0.470564 0.525941
4660.000000 3.938766 218.402544 0.420920 0.527068
4680.000000 3.943799 218.517641 0.369912 0.527720
4700.000000 3.945994 218.632701 0.317903 0.527901
4720.000000 3.945331 218.747710 0.265269 0.527608
4740.000000 3.941824 218.862652 0.212400 0.526847
4760.000000 3.935527 218.977516 0.159680 0.525626
4780.000000 3.926528 219.092285 0.107487 0.523953
4800.000000 3.914949 219.206947 0.056183 0.521839
4820.000000 3.900938 219.321483 0.006108 0.519296
4840.000000 3.884667 219.435873 -0.042424 0.516338
4860.000000 3.866325 219.550094 -0.089134 0.512980
4880.000000 3.846117 219.664118 -0.133776 0.509237
4900.000000 3.824251 219.777915 -0.176141 0.505128
4920.000000 3.800942 219.891450 -0.216056 0.500669
4940.000000 3.776399 220.004682 -0.253380 0.495878
4960.000000 3.750828 220.117569 -0.288010 0.490773
4980.000000 3.724424 220.230063 -0.319869 0.485372
5000.000000 3.697371 220.342114 -0.348909 0.479692
5020.000000 3.669842 220.453666 -0.375108 0.473750
5040.000000 3.641990 220.564662 -0.398464 0.467562
5060.000000 3.613960 220.675043 -0.418996 0.461144
5080.000000 3.585881 220.784746 -0.436737 0.454513
5100.000000 3.557875 220.893707 -0.451730 0.447690
5120.000000 3.530060 221.001865 -0.464026 0.440691
5140.000000 3.502541 221.109153 -0.473686 0.433532
5160.000000 3.475418 221.215507 -0.480788 0.426231
5180.000000 3.448778 221.320862 -0.485419 0.418804
5200.000000 3.422697 221.425154 -0.487681 0.411271
5220.000000 3.397243 221.528322 -0.487683 0.403649
5240.000000 3.372468 221.630304 -0.485543 0.395955
5260.000000 3.348422 221.731043 -0.481383 0.388206
5280.000000 3.325140 221.830484 -0.475327 0.380423
5300.000000 3.302653 221.928577 -0.467504 0.372623
5320.000000 3.280983 222.025275 -0.458041 0.364823
5340.000000 3.260148 222.120535 -0.447064 0.357041
5360.000000 3.240159 222.214322 -0.434697 0.349295
5380.000000 3.221021 222.306602 -0.421060 0.341603
5400.000000 3.202735 222.397349 -0.406272 0.333982
5420.000000 3.185300 222.486543 -0.390443 0.326448
5440.000000 3.168707 222.574168 -0.373681 0.319018
5460.000000 3.152949 222.660215 -0.356088 0.311709
5480.000000 3.138011 222.744681 -0.337759 0.304535
5500.000000 3.123879 222.827569 -0.318783 0.297511
5520.000000 3.110536 222.908886 -0.299245 0.290652
5540.000000 3.097962 222.988647 -0.279221 0.283970
5560.000000 3.086136 223.066871 -0.258781 0.277480
5580.000000 3.075037 223.143585 -0.237991 0.271192
5600.000000 3.064642 223.218818 -0.216909 0.265117
5620.000000 3.054928 223.292605 -0.195587 0.259268
5640.000000 3.045871 223.364987 -0.174072 0.253652
5660.000000 3.037447 223.436008 -0.152407 0.248279
5680.000000 3.029632 223.505718 -0.130626 0.243158
5700.000000 3.022403 223.574168 -0.108761 0.238295
5720.000000 3.015736 223.641416 -0.086839 0.233697
5740.000000 3.009610 223.707522 -0.064882 0.229371
5760.000000 3.004004 223.772548 -0.042908 0.225322
5780.000000 2.998896 223.836560 -0.020931 0.221554
5800.000000 2.994268 223.899626 0.001039 0.218073
5820.000000 2.990101 223.961818 0.022993 0.214883
5840.000000 2.986379 224.023209 0.044928 0.211985
5860.000000 2.983087 224.083872 0.066841 0.209384
5880.000000 2.980210 224.143884 0.088733 0.207083
5900.000000 2.977736 224.203324 0.110607 0.205082
5920.000000 2.975655 224.262270 0.132467 0.203385
5940.000000 2.973958 224.320803 0.154319 0.201994
5960.000000 2.972637 224.379003 0.176172 0.200908
5980.000000 2.971687 224.436952 0.198033 0.200130
6000.000000 2.971104 224.494733 0.219914 0.199660
6020.000000 2.970886 224.552428 0.241823 0.199500
6040.000000 2.971032 224.610121 0.263773 0.199650
6060.000000 2.971545 224.667894 0.285776 0.200109
6080.000000 2.972428 224.725831 0.307841 0.200880
6100.000000 2.973686 224.784014 0.329982 0.201961
6120.000000 2.975326 224.842528 0.352209 0.203352
6140.000000 2.977358 224.901452 0.374534 0.205053
6160.000000 2.979791 224.960870 0.396965 0.207064
6180.000000 2.982640 225.020861 0.419512 0.209383
6200.000000 2.985919 225.081506 0.442184 0.212009
6220.000000 2.989644 225.142883 0.464986 0.214942
6240.000000 2.993834 225.205068 0.487924 0.218179
6260.000000 2.998509 225.268139 0.511000 0.221719
6280.000000 3.003693 225.332168 0.534216 0.225559
6300.000000 3.009408 225.397227 0.557569 0.229697
6320.000000 3.015681 225.463386 0.581055 0.234130
6340.000000 3.022540 225.530712 0.604668 0.238854
6360.000000 3.030016 225.599269 0.628395 0.243866
6380.000000 3.038138 225.669118 0.652224 0.249161
6400.000000 3.046942 225.740318 0.676134 0.254734
6420.000000 3.056463 225.812922 0.700102 0.260581
6440.000000 3.066738 225.886981 0.724102 0.266696
6460.000000 3.077807 225.962542 0.748098 0.273073
6480.000000 3.089712 226.039647 0.772052 0.279705
6500.000000 3.102495 226.118333 0.795916 0.286586
6520.000000 3.116203 226.198633 0.819638 0.293708
6540.000000 3.130884 226.280575 0.843154 0.301065
6560.000000 3.146582 226.364181 0.866389 0.308652
6580.000000 3.163333 226.449470 0.889248 0.316457
6600.000000 3.181164 226.536454 0.911620 0.324469
6620.000000 3.200097 226.625140 0.933385 0.332668
6640.000000 3.220153 226.715526 0.954415 0.341035
6660.000000 3.241344 226.807601 0.974573 0.349547
6680.000000 3.263677 226.901347 0.993712 0.358178
6700.000000 3.287152 226.996736 1.011673 0.366900
6720.000000 3.311756 227.093733 1.028291 0.375687
6740.000000 3.337469 227.192295 1.043392 0.384508
6760.000000 3.364258 227.292369 1.056799 0.393333
6780.000000 3.392080 227.393897 1.068327 0.402132
6800.000000 3.420878 227.496813 1.077793 0.410875
6820.000000 3.450586 227.601047 1.085010 0.419531
6840.000000 3.481121 227.706522 1.089798 0.428073
6860.000000 3.512389 227.813158 1.091977 0.436471
6880.000000 3.544284 227.920872 1.091379 0.444698
6900.000000 3.576690 228.029581 1.087841 0.452729
6920.000000 3.609482 228.139198 1.081210 0.460538
6940.000000 3.642527 228.249637 1.071336 0.468103
6960.000000 3.675681 228.360813 1.058082 0.475402
6980.000000 3.708778 228.472642 1.041327 0.482415
7000.000000 3.741637 228.585043 1.020964 0.489122
7020.000000 3.774057 228.697938 0.996909 0.495503
7040.000000 3.805819 228.811255 0.969101 0.501536
7060.000000 3.836684 228.924923 0.937509 0.507201
7080.000000 3.866396 229.038877 0.902133 0.512476
7100.000000 3.894686 229.153060 0.863008 0.517340
7120.000000 3.921272 229.267417 0.820210 0.521770
7140.000000 3.945868 229.381899 0.773857 0.525745
7160.000000 3.968191 229.496464 0.724112 0.529246
7180.000000 3.987965 229.611075 0.671187 0.532255
7200.000000 4.004934 229.725702 0.615343 0.534756
7220.000000 4.018867 229.840318 0.556889 0.536735
7240.000000 4.029569 229.954905 0.496182 0.538184
7260.000000 4.036888 230.069446 0.433624 0.539098
7280.000000 4.040719 230.183931 0.369654 0.539475
7300.000000 4.041007 230.298353 0.304742 0.539318
7320.000000 4.037753 230.412707 0.239377 0.538631
7340.000000 4.031011 230.526990 0.174061 0.537423
7360.000000 4.020887 230.641198 0.109288 0.535704
7380.000000 4.007532 230.755326 0.045539 0.533487
7400.000000 3.991144 230.869369 -0.016730 0.530787
7420.000000 3.971956 230.983313 -0.077104 0.527619
7440.000000 3.950228 231.097145 -0.135209 0.524004
7460.000000 3.926246 231.210841 -0.190722 0.519959
7480.000000 3.900303 231.324377 -0.243373 0.515509
7500.000000 3.872701 231.437718 -0.292944 0.510674
7520.000000 3.843737 231.550825 -0.339269 0.505481
7540.000000 3.813696 231.663654 -0.382232 0.499952
7560.000000 3.782851 231.776155 -0.421762 0.494113
7580.000000 3.751450 231.888273 -0.457828 0.487987
7600.000000 3.719722 231.999950 -0.490436 0.481598
7620.000000 3.687869 232.111121 -0.519623 0.474967
7640.000000 3.656067 232.221721 -0.545452 0.468116
7660.000000 3.624472 232.331681 -0.568008 0.461064
7680.000000 3.593212 232.440933 -0.587393 0.453829
7700.000000 3.562398 232.549403 -0.603723 0.446429
7720.000000 3.532119 232.657020 -0.617125 0.438879
7740.000000 3.502449 232.763712 -0.627732 0.431194
7760.000000 3.473448 232.869407 -0.635683 0.423387
7780.000000 3.445163 232.974033 -0.641120 0.415473
7800.000000 3.417631 233.077521 -0.644184 0.407462
7820.000000 3.390881 233.179802 -0.645019 0.399367
7840.000000 3.364933 233.280809 -0.643765 0.391200
7860.000000 3.339804 233.380477 -0.640560 0.382971
7880.000000 3.315505 233.478745 -0.635541 0.374691
7900.000000 3.292042 233.575552 -0.628840 0.366373
7920.000000 3.269419 233.670841 -0.620586 0.358025
7940.000000 3.247636 233.764560 -0.610904 0.349660
7960.000000 3.226692 233.856657 -0.599914 0.341288
7980.000000 3.206581 233.947087 -0.587734 0.332921
8000.000000 3.187297 234.035805 -0.574473 0.324568
8020.000000 3.168833 234.122774 -0.560241 0.316242
8040.000000 3.151178 234.207959 -0.545138 0.307954
8060.000000 3.134321 234.291329 -0.529264 0.299714
8080.000000 3.118250 234.372859 -0.512710 0.291534
8100.000000 3.102949 234.452527 -0.495564 0.283425
8120.000000 3.088404 234.530317 -0.477911 0.275399
8140.000000 3.074597 234.606218 -0.459827 0.267465
8160.000000 3.061510 234.680222 -0.441386 0.259634
8180.000000 3.049124 234.752326 -0.422656 0.251917
8200.000000 3.037419 234.822533 -0.403700 0.244323
8220.000000 3.026373 234.890851 -0.384577 0.236863
8240.000000 3.015965 234.957290 -0.365342 0.229544
8260.000000 3.006173 235.021866 -0.346042 0.222375
8280.000000 2.996973 235.084598 -0.326722 0.215365
8300.000000 2.988343 235.145512 -0.307423 0.208520
8320.000000 2.980258 235.204634 -0.288180 0.201848
8340.000000 2.972695 235.261996 -0.269026 0.195354
8360.000000 2.965631 235.317632 -0.249987 0.189045
8380.000000 2.959042 235.371579 -0.231089 0.182925
8400.000000 2.952906 235.423879 -0.212351 0.177000
8420.000000 2.947199 235.474575 -0.193790 0.171272
8440.000000 2.941899 235.523712 -0.175422 0.165746
8460.000000 2.936985 235.571338 -0.157256 0.160424
8480.000000 2.932436 235.617503 -0.139302 0.155311
8500.000000 2.928231 235.662259 -0.121564 0.150406
8520.000000 2.924351 235.705658 -0.104048 0.145713
8540.000000 2.920777 235.747755 -0.086753 0.141231
8560.000000 2.917492 235.788607 -0.069680 0.136965
8580.000000 2.914478 235.828270 -0.052825 0.132911
8600.000000 2.911720 235.866801 -0.036187 0.129075
8620.000000 2.909202 235.904260 -0.019757 0.125450
8640.000000 2.906910 235.940706 -0.003532 0.122045
8660.000000 2.904831 235.976198 0.012499 0.118852
8680.000000 2.902952 236.010796 0.028345 0.115876
8700.000000 2.901263 236.044562 0.044015 0.113116
8720.000000 2.899752 236.077556 0.059520 0.110568
8740.000000 2.898409 236.109838 0.074876 0.108231
8760.000000 2.897227 236.141470 0.090092 0.106117
8780.000000 2.896197 236.172516 0.105182 0.104214
8800.000000 2.895312 236.203035 0.120161 0.102524
8820.000000 2.894566 236.233090 0.135046 0.101046
8840.000000 2.893954 236.262742 0.149850 0.099780
8860.000000 2.893471 236.292052 0.164592 0.098727
8880.000000 2.893115 236.321084 0.179287 0.097888
8900.000000 2.892882 236.349899 0.193951 0.097269
8920.000000 2.892772 236.378563 0.208601 0.096869
8940.000000 2.892784 236.407140 0.223255 0.096686
8960.000000 2.892917 236.435692 0.237928 0.096721
8980.000000 2.893174 236.464283 0.252640 0.096969
9000.000000 2.893555 236.492975 0.267406 0.097435
9020.000000 2.894065 236.521834 0.282243 0.098124
9040.000000 2.894706 236.550924 0.297168 0.099040
9060.000000 2.895483 236.580311 0.312201 0.100182
9080.000000 2.896403 236.610063 0.327358 0.101554
9100.000000 2.897473 236.640246 0.342659 0.103160
9120.000000 2.898700 236.670927 0.358123 0.104999
9140.000000 2.900093 236.702174 0.373763 0.107071
9160.000000 2.901662 236.734055 0.389595 0.109386
9180.000000 2.903420 236.766640 0.405638 0.111945
9200.000000 2.905377 236.799999 0.421909 0.114747
9220.000000 2.907550 236.834200 0.438422 0.117799
9240.000000 2.909951 236.869315 0.455196 0.121103
9260.000000 2.912600 236.905413 0.472243 0.124660
9280.000000 2.915512 236.942567 0.489580 0.128476
9300.000000 2.918710 236.980845 0.507218 0.132550
9320.000000 2.922212 237.020321 0.525172 0.136887
9340.000000 2.926043 237.061063 0.543451 0.141489
9360.000000 2.930226 237.103142 0.562066 0.146356
9380.000000 2.934787 237.146629 0.581022 0.151492
9400.000000 2.939754 237.191591 0.600326 0.156896
9420.000000 2.945155 237.238097 0.619980 0.162568
9440.000000 2.951022 237.286213 0.639984 0.168509
9460.000000 2.957385 237.336002 0.660333 0.174717
9480.000000 2.964278 237.387527 0.681021 0.181191
9500.000000 2.971736 237.440849 0.702035 0.187926
9520.000000 2.979792 237.496022 0.723361 0.194920
9540.000000 2.988484 237.553102 0.744976 0.202167
9560.000000 2.997847 237.612136 0.766854 0.209660
9580.000000 3.007918 237.673169 0.788964 0.217392
9600.000000 3.018733 237.736242 0.811266 0.225354
9620.000000 3.030329 237.801390 0.833716 0.233536
9640.000000 3.042739 237.868640 0.856261 0.241925
9660.000000 3.055998 237.938015 0.878842 0.250508
9680.000000 3.070137 238.009532 0.901392 0.259271
9700.000000 3.085185 238.083198 0.923836 0.268197
9720.000000 3.101167 238.159016 0.946092 0.277269
9740.000000 3.118106 238.236979 0.968069 0.286469
9760.000000 3.136021 238.317074 0.989672 0.295776
9780.000000 3.154928 238.399278 1.010795 0.305168
9800.000000 3.174840 238.483562 1.031331 0.314627
9820.000000 3.195769 238.569889 1.051166 0.324131
9840.000000 3.217722 238.658215 1.070179 0.333663
9860.000000 3.240700 238.748489 1.088243 0.343201
9880.000000 3.264699 238.840655 1.105222 0.352727
9900.000000 3.289710 238.934650 1.120975 0.362220
9920.000000 3.315715 239.030408 1.135356 0.371663
9940.000000 3.342693 239.127855 1.148216 0.381036
9960.000000 3.370616 239.226915 1.159397 0.390321
9980.000000 3.399448 239.327509 1.168742 0.399499
10000.000000 3.429146 239.429554 1.176088 0.408553
10020.000000 3.459661 239.532963 1.181270 0.417465
10040.000000 3.490934 239.637650 1.184122 0.426218
10060.000000 3.522899 239.743525 1.184477 0.434795
10080.000000 3.555478 239.850500 1.182169 0.443180
10100.000000 3.588583 239.958485 1.177032 0.451355
10120.000000 3.622115 240.067390 1.168907 0.459306
10140.000000 3.655960 240.177128 1.157638 0.467015
10160.000000 3.689990 240.287612 1.143078 0.474465
10180.000000 3.724059 240.398759 1.125091 0.481641
10200.000000 3.758003 240.510486 1.103556 0.488524
10220.000000 3.791638 240.622716 1.078366 0.495097
10240.000000 3.824757 240.735374 1.049438 0.501339
10260.000000 3.857133 240.848389 1.016714 0.507232
10280.000000 3.888516 240.961698 0.980162 0.512754
10300.000000 3.918639 241.075238 0.939786 0.517883
10320.000000 3.947214 241.188956 0.895627 0.522597
10340.000000 3.973944 241.302802 0.847766 0.526873
10360.000000 3.998527 241.416732 0.796328 0.530688
10380.000000 4.020662 241.530708 0.741487 0.534023
10400.000000 4.040063 241.644698 0.683468 0.536856
10420.000000 4.056462 241.758676 0.622546 0.539174
10440.000000 4.069627 241.872620 0.559049 0.540963
10460.000000 4.079361 241.986516 0.493356 0.542215
10480.000000 4.085519 242.100353 0.425891 0.542926
10500.000000 4.088006 242.214125 0.357121 0.543097
10520.000000 4.086786 242.327830 0.287542 0.542731
10540.000000 4.081879 242.441469 0.217671 0.541835
10560.000000 4.073359 242.555042 0.148033 0.540419
10580.000000 4.061359 242.668551 0.079144 0.538495
10600.000000 4.046057 242.781995 0.011502 0.536075
10620.000000 4.027675 242.895370 -0.054431 0.533176
10640.000000 4.006475 243.008666 -0.118233 0.529814
10660.000000 3.982743 243.121871 -0.179533 0.526009
10680.000000 3.956787 243.234963 -0.238016 0.521782
10700.000000 3.928926 243.347916 -0.293424 0.517155
10720.000000 3.899479 243.460697 -0.345554 0.512153
10740.000000 3.868758 243.573266 -0.394257 0.506801
10760.000000 3.837063 243.685580 -0.439434 0.501125
10780.000000 3.804672 243.797586 -0.481035 0.495149
10800.000000 3.771840 243.909229 -0.519045 0.488898
10820.000000 3.738795 244.020450 -0.553488 0.482395
10840.000000 3.705736 244.131184 -0.584415 0.475663
10860.000000 3.672837 244.241364 -0.611905 0.468721
10880.000000 3.640243 244.350922 -0.636055 0.461588
10900.000000 3.608076 244.459787 -0.656976 0.454282
10920.000000 3.576435 244.567885 -0.674793 0.446819
10940.000000 3.545401 244.675145 -0.689641 0.439211
10960.000000 3.515038 244.781494 -0.701656 0.431474
10980.000000 3.485395 244.886857 -0.710984 0.423618
11000.000000 3.456510 244.991164 -0.717766 0.415654
11020.000000 3.428411 245.094341 -0.722148 0.407593
11040.000000 3.401119 245.196320 -0.724272 0.399444
11060.000000 3.374647 245.297030 -0.724280 0.391216
11080.000000 3.349005 245.396404 -0.722311 0.382919
11100.000000 3.324198 245.494378 -0.718499 0.374560
11120.000000 3.300228 245.590887 -0.712977 0.366148
11140.000000 3.277094 245.685871 -0.705874 0.357692
11160.000000 3.254793 245.779270 -0.697313 0.349201
11180.000000 3.233322 245.871029 -0.687415 0.340682
11200.000000 3.212674 245.961096 -0.676296 0.332145
11220.000000 3.192842 246.049419 -0.664069 0.323598
11240.000000 3.173819 246.135954 -0.650841 0.315050
11260.000000 3.155593 246.220655 -0.636716 0.306511
11280.000000 3.138155 246.303485 -0.621792 0.297990
11300.000000 3.121494 246.384408 -0.606165 0.289496
11320.000000 3.105596 246.463391 -0.589925 0.281038
11340.000000 3.090447 246.540407 -0.573157 0.272625
11360.000000 3.076032 246.615433 -0.555942 0.264268
11380.000000 3.062335 246.688449 -0.538358 0.255975
11400.000000 3.049339 246.759440 -0.520474 0.247754
11420.000000 3.037026 246.828395 -0.502361 0.239617
11440.000000 3.025379 246.895308 -0.484081 0.231571
11460.000000 3.014377 246.960176 -0.465694 0.223625
11480.000000 3.004002 247.023002 -0.447255 0.215788
11500.000000 2.994233 247.083791 -0.428816 0.208067
11520.000000 2.985049 247.142553 -0.410422 0.200469
11540.000000 2.976428 247.199303 -0.392118 0.193002
11560.000000 2.968348 247.254056 -0.373940 0.185671
11580.000000 2.960787 247.306834 -0.355924 0.178482
11600.000000 2.953723 247.357660 -0.338101 0.171440
11620.000000 2.947133 247.406562 -0.320498 0.164550
11640.000000 2.940994 247.453567 -0.303139 0.157815
11660.000000 2.935286 247.498709 -0.286046 0.151240
11680.000000 2.929985 247.542022 -0.269236 0.144827
11700.000000 2.925070 247.583540 -0.252724 0.138578
11720.000000 2.920521 247.623303 -0.236523 0.132496
11740.000000 2.916317 247.661351 -0.220643 0.126582
11760.000000 2.912438 247.697723 -0.205091 0.120836
11780.000000 2.908864 247.732462 -0.189872 0.115261
11800.000000 2.905577 247.765612 -0.174991 0.109855
11820.000000 2.902559 247.797216 -0.160449 0.104619
11840.000000 2.899792 247.827319 -0.146247 0.099553
11860.000000 2.897260 247.855967 -0.132382 0.094656
11880.000000 2.894948 247.883204 -0.118853 0.089927
11900.000000 2.892839 247.909077 -0.105656 0.085364
11920.000000 2.890920 247.933632 -0.092785 0.080967
11940.000000 2.889176 247.956915 -0.080235 0.076735
11960.000000 2.887596 247.978971 -0.068000 0.072664
11980.000000 2.886166 247.999848 -0.056072 0.068755
12000.000000 2.884876 248.019590 -0.044442 0.065005
12020.000000 2.883714 248.038243 -0.033103 0.061412
12040.000000 2.882670 248.055851 -0.022045 0.057973
12060.000000 2.881734 248.072460 -0.011259 0.054687
12080.000000 2.880898 248.088114 -0.000735 0.051554
12100.000000 2.880153 248.102857 0.009537 0.048570
12120.000000 2.879491 248.116733 0.019568 0.045733
12140.000000 2.878904 248.129784 0.029368 0.043040
12160.000000 2.878387 248.142053 0.038947 0.040490
12180.000000 2.877933 248.153581 0.048317 0.038082
12200.000000 2.877536 248.164411 0.057489 0.035813
12220.000000 2.877190 248.174583 0.066473 0.033681
12240.000000 2.876890 248.184139 0.075280 0.031686
12260.000000 2.876633 248.193117 0.083922 0.029824
12280.000000 2.876413 248.201559 0.092410 0.028096
12300.000000 2.876227 248.209503 0.100754 0.026502
12320.000000 2.876071 248.216990 0.108965 0.025037
12340.000000 2.875943 248.224058 0.117056 0.023702
12360.000000 2.875839 248.230744 0.125036 0.022494
12380.000000 2.875757 248.237089 0.132918 0.021413
12400.000000 2.875695 248.243128 0.140711 0.020458
12420.000000 2.875651 248.248900 0.148428 0.019629
12440.000000 2.875622 248.254442 0.156078 0.018926
12460.000000 2.875609 248.259792 0.163673 0.018346
12480.000000 2.875609 248.264987 0.171224 0.017889
12500.000000 2.875622 248.270063 0.178741 0.017556
12520.000000 2.875647 248.275057 0.186236 0.017347
12540.000000 2.875684 248.280007 0.193720 0.017262
12560.000000 2.875733 248.284950 0.201204 0.017300
12580.000000 2.875793 248.289922 0.208700 0.017463
12600.000000 2.875866 248.294962 0.216218 0.017750
12620.000000 2.875952 248.300105 0.223770 0.018160
12640.000000 2.876052 248.305389 0.231367 0.018698
12660.000000 2.876166 248.310853 0.239019 0.019362
12680.000000 2.876298 248.316534 0.246740 0.020154
12700.000000 2.876448 248.322471 0.254540 0.021074
12720.000000 2.876617 248.328703 0.262432 0.022126
12740.000000 2.876810 248.335268 0.270426 0.023308
12760.000000 2.877029 248.342205 0.278536 0.024624
12780.000000 2.877275 248.349556 0.286774 0.026075
12800.000000 2.877554 248.357361 0.295150 0.027662
12820.000000 2.877869 248.365659 0.303679 0.029386
12840.000000 2.878223 248.374493 0.312372 0.031251
12860.000000 2.878622 248.383905 0.321243 0.033260
12880.000000 2.879070 248.393937 0.330305 0.035413
12900.000000 2.879574 248.404634 0.339569 0.037714
12920.000000 2.880138 248.416038 0.349050 0.040165
12940.000000 2.880770 248.428194 0.358759 0.042769
12960.000000 2.881477 248.441149 0.368712 0.045528
12980.000000 2.882267 248.454948 0.378921 0.048445
13000.000000 2.883148 248.469638 0.389400 0.051525
13020.000000 2.884129 248.485267 0.400162 0.054769
13040.000000 2.885221 248.501883 0.411221 0.058180
13060.000000 2.886432 248.519535 0.422589 0.061761
13080.000000 2.887776 248.538273 0.434280 0.065516
13100.000000 2.889264 248.558148 0.446307 0.069449
13120.000000 2.890909 248.579209 0.458683 0.073562
13140.000000 2.892726 248.601510 0.471419 0.077857
13160.000000 2.894729 248.625102 0.484528 0.082340
13180.000000 2.896935 248.650038 0.498021 0.087011
13200.000000 2.899361 248.676370 0.511909 0.091875
13220.000000 2.902024 248.704152 0.526200 0.096932
13240.000000 2.904944 248.733437 0.540905 0.102188
13260.000000 2.908142 248.764278 0.556030 0.107643
13280.000000 2.911639 248.796729 0.571581 0.113299
13300.000000 2.915459 248.830842 0.587564 0.119158
13320.000000 2.919624 248.866668 0.603982 0.125221
13340.000000 2.924160 248.904261 0.620835 0.131490
13360.000000 2.929094 248.943669 0.638123 0.137963
13380.000000 2.934452 248.984942 0.655841 0.144643
13400.000000 2.940264 249.028128 0.673985 0.151526
13420.000000 2.946557 249.073273 0.692543 0.158613
13440.000000 2.953364 249.120419 0.711504 0.165900
13460.000000 2.960713 249.169608 0.730851 0.173386
13480.000000 2.968638 249.220879 0.750565 0.181065
13500.000000 2.977170 249.274265 0.770621 0.188934
13520.000000 2.986341 249.329800 0.790990 0.196988
13540.000000 2.996184 249.387510 0.811638 0.205219
13560.000000 3.006730 249.447419 0.832526 0.213621
13580.000000 3.018011 249.509545 0.853610 0.222185
13600.000000 3.030058 249.573903 0.874841 0.230901
13620.000000 3.042902 249.640501 0.896161 0.239760
13640.000000 3.056570 249.709342 0.917511 0.248749
13660.000000 3.071092 249.780423 0.938824 0.257858
13680.000000 3.086496 249.853736 0.960028 0.267073
13700.000000 3.102805 249.929266 0.981044 0.276383
13720.000000 3.120044 250.006992 1.001787 0.285774
13740.000000 3.138231 250.086889 1.022163 0.295232
13760.000000 3.157383 250.168924 1.042074 0.304741
13780.000000 3.177513 250.253058 1.061412 0.314287
13800.000000 3.198629 250.339248 1.080066 0.323854
13820.000000 3.220736 250.427443 1.097915 0.333426
13840.000000 3.243835 250.517590 1.114836 0.342987
13860.000000 3.267922 250.609627 1.130696 0.352520
13880.000000 3.292988 250.703489 1.145361 0.362009
13900.000000 3.319017 250.799107 1.158686 0.371436
13920.000000 3.345991 250.896408 1.170527 0.380786
13940.000000 3.373883 250.995313 1.180730 0.390042
13960.000000 3.402660 251.095744 1.189141 0.399188
13980.000000 3.432283 251.197617 1.195600 0.408206
14000.000000 3.462706 251.300847 1.199945 0.417083
14020.000000 3.493875 251.405348 1.202013 0.425800
14040.000000 3.525725 251.511032 1.201637 0.434344
14060.000000 3.558185 251.617810 1.198652 0.442698
14080.000000 3.591170 251.725595 1.192895 0.450847
14100.000000 3.624585 251.834298 1.184204 0.458775
14120.000000 3.658320 251.943833 1.172424 0.466467
14140.000000 3.692253 252.054115 1.157406 0.473907
14160.000000 3.726240 252.165061 1.139013 0.481078
14180.000000 3.760123 252.276590 1.117118 0.487963
14200.000000 3.793721 252.388624 1.091614 0.494544
14220.000000 3.826830 252.501091 1.062412 0.500801
14240.000000 3.859227 252.613921 1.029449 0.506715
14260.000000 3.890665 252.727049 0.992689 0.512265
14280.000000 3.920875 252.840415 0.952129 0.517429
14300.000000 3.949574 252.953964 0.907804 0.522183
14320.000000 3.976463 253.067647 0.859786 0.526505
14340.000000 4.001238 253.181421 0.808195 0.530371
14360.000000 4.023598 253.295246 0.753197 0.533761
14380.000000 4.043249 253.409092 0.695008 0.536655
14400.000000 4.059923 253.522931 0.633896 0.539036
14420.000000 4.073377 253.636742 0.570184 0.540890
14440.000000 4.083413 253.750510 0.504242 0.542210
14460.000000 4.089876 253.864225 0.436491 0.542990
14480.000000 4.092666 253.977880 0.367392 0.543230
14500.000000 4.091737 254.091475 0.297442 0.542934
14520.000000 4.087103 254.205008 0.227157 0.542108
14540.000000 4.078833 254.318483 0.157063 0.540761
14560.000000 4.067053 254.431900 0.087681 0.538904
14580.000000 4.051936 254.545260 0.019514 0.536550
14600.000000 4.033702 254.658559 -0.046969 0.533715
14620.000000 4.012606 254.771790 -0.111338 0.530414
14640.000000 3.988936 254.884938 -0.173216 0.526667
14660.000000 3.962998 254.997986 -0.232277 0.522494
14680.000000 3.935112 255.110906 -0.288255 0.517918
14700.000000 3.905597 255.223667 -0.340940 0.512962
14720.000000 3.874771 255.336230 -0.390175 0.507652
14740.000000 3.842934 255.448551 -0.435856 0.502012
14760.000000 3.810369 255.560578 -0.477924 0.496068
14780.000000 3.777336 255.672257 -0.516360 0.489843
14800.000000 3.744065 255.783526 -0.551183 0.483362
14820.000000 3.710760 255.894323 -0.582440 0.476645
14840.000000 3.677598 256.004579 -0.610205 0.469713
14860.000000 3.644729 256.114225 -0.634573 0.462585
14880.000000 3.612276 256.223189 -0.655652 0.455278
14900.000000 3.580342 256.331398 -0.673567 0.447807
14920.000000 3.549011 256.438777 -0.688448 0.440187
14940.000000 3.518348 256.545253 -0.700433 0.432431
14960.000000 3.488405 256.650749 -0.709665 0.424549
14980.000000 3.459221 256.755192 -0.716286 0.416555
15000.000000 3.430828 256.858510 -0.720442 0.408457
15020.000000 3.403246 256.960628 -0.722276 0.400266
15040.000000 3.376494 257.061477 -0.721931 0.391990
15060.000000 3.350580 257.160987 -0.719545 0.383640
15080.000000 3.325512 257.259091 -0.715257 0.375223
15100.000000 3.301295 257.355722 -0.709201 0.366750
15120.000000 3.277929 257.450819 -0.701507 0.358229
15140.000000 3.255413 257.544321 -0.692303 0.349670
15160.000000 3.233745 257.636170 -0.681712 0.341081
15180.000000 3.212921 257.726312 -0.669854 0.332474
15200.000000 3.192936 257.814696 -0.656844 0.323858
15220.000000 3.173782 257.901275 -0.642795 0.315243
15240.000000 3.155451 257.986006 -0.627813 0.306640
15260.000000 3.137933 258.068850 -0.612003 0.298061
15280.000000 3.121218 258.149772 -0.595462 0.289516
15300.000000 3.105291 258.228741 -0.578285 0.281018
15320.000000 3.090139 258.305732 -0.560559 0.272577
15340.000000 3.075747 258.380726 -0.542371 0.264207
15360.000000 3.062101 258.453706 -0.523801 0.255920
15380.000000 3.049183 258.524663 -0.504926 0.247729
15400.000000 3.036976 258.593594 -0.485820 0.239647
15420.000000 3.025461 258.660499 -0.466549 0.231686
15440.000000 3.014618 258.725384 -0.447176 0.223857
15460.000000 3.004424 258.788261 -0.427757 0.216169
15480.000000 2.994858 258.849147 -0.408345 0.208635
15500.000000 2.985894 258.908061 -0.388986 0.201261
15520.000000 2.977509 258.965029 -0.369724 0.194058
15540.000000 2.969678 259.020082 -0.350594 0.187032
15560.000000 2.962375 259.073251 -0.331630 0.180191
15580.000000 2.955576 259.124573 -0.312861 0.173540
15600.000000 2.949255 259.174090 -0.294310 0.167086
15620.000000 2.943387 259.221844 -0.275998 0.160832
15640.000000 2.937948 259.267881 -0.257941 0.154782
15660.000000 2.932914 259.312250 -0.240153 0.148941
15680.000000 2.928262 259.355000 -0.222643 0.143310
15700.000000 2.923967 259.396184 -0.205419 0.137891
15720.000000 2.920010 259.435855 -0.188485 0.132686
15740.000000 2.916367 259.474070 -0.171843 0.127696
15760.000000 2.913020 259.510884 -0.155492 0.122921
15780.000000 2.909948 259.546355 -0.139431 0.118362
15800.000000 2.907134 259.580540 -0.123654 0.114018
15820.000000 2.904560 259.613499 -0.108158 0.109889
15840.000000 2.902209 259.645290 -0.092933 0.105973
15860.000000 2.900066 259.675973 -0.077973 0.102270
15880.000000 2.898117 259.705607 -0.063266 0.098779
15900.000000 2.896347 259.734251 -0.048803 0.095497
15920.000000 2.894745 259.761966 -0.034572 0.092425
15940.000000 2.893298 259.788811 -0.020561 0.089561
15960.000000 2.891996 259.814845 -0.006758 0.086900
15980.000000 2.890829 259.840128 0.006851 0.084444
16000.000000 2.889788 259.864717 0.020280 0.082191
16020.000000 2.888864 259.888672 0.033542 0.080139
16040.000000 2.888050 259.912052 0.046652 0.078288
16060.000000 2.887340 259.934914 0.059626 0.076634
16080.000000 2.886727 259.957317 0.072478 0.075174
16100.000000 2.886207 259.979318 0.085221 0.073911
16120.000000 2.885775 260.000973 0.097873 0.072841
16140.000000 2.885427 260.022341 0.110448 0.071965
16160.000000 2.885160 260.043478 0.122962 0.071283
16180.000000 2.884972 260.064441 0.135430 0.070793
16200.000000 2.884861 260.085288 0.147869 0.070495
16220.000000 2.884826 260.106074 0.160293 0.070387
16240.000000 2.884867 260.126857 0.172719 0.070471
16260.000000 2.884984 260.147692 0.185163 0.070745
16280.000000 2.885178 260.168636 0.197642 0.071211
16300.000000 2.885450 260.189746 0.210170 0.071868
16320.000000 2.885803 260.211078 0.222764 0.072718
16340.000000 2.886240 260.232689 0.235441 0.073759
16360.000000 2.886764 260.254636 0.248217 0.074993
16380.000000 2.887380 260.276975 0.261108 0.076422
16400.000000 2.888093 260.299766 0.274130 0.078053
16420.000000 2.888908 260.323066 0.287297 0.079881
16440.000000 2.889833 260.346933 0.300627 0.081907
16460.000000 2.890875 260.371426 0.314135 0.084132
16480.000000 2.892042 260.396601 0.327838 0.086558
16500.000000 2.893343 260.422519 0.341750 0.089189
16520.000000 2.894788 260.449239 0.355887 0.092029
16540.000000 2.896389 260.476820 0.370264 0.095076
16560.000000 2.898157 260.505322 0.384895 0.098330
16580.000000 2.900105 260.534805 0.399795 0.101801
16600.000000 2.902248 260.565329 0.414976 0.105484
16620.000000 2.904600 260.596954 0.430452 0.109381
16640.000000 2.907178 260.629741 0.446235 0.113499
16660.000000 2.909999 260.663750 0.462337 0.117834
16680.000000 2.913081 260.699041 0.478767 0.122393
16700.000000 2.916445 260.735673 0.495534 0.127174
16720.000000 2.920112 260.773707 0.512647 0.132177
16740.000000 2.924103 260.813201 0.530111 0.137407
16760.000000 2.928441 260.854213 0.547931 0.142861
16780.000000 2.933153 260.896799 0.566109 0.148541
16800.000000 2.938263 260.941017 0.584645 0.154445
16820.000000 2.943798 260.986919 0.603537 0.160574
16840.000000 2.949787 261.034560 0.622781 0.166927
16860.000000 2.956258 261.083989 0.642367 0.173500
16880.000000 2.963242 261.135255 0.662284 0.180292
16900.000000 2.970769 261.188404 0.682519 0.187300
16920.000000 2.978871 261.243478 0.703050 0.194519
16940.000000 2.987580 261.300518 0.723856 0.201943
16960.000000 2.996929 261.359559 0.744909 0.209569
16980.000000 3.006949 261.420633 0.766175 0.217389
17000.000000 3.017674 261.483769 0.787618 0.225395
17020.000000 3.029136 261.548989 0.809193 0.233580
17040.000000 3.041366 261.616311 0.830853 0.241933
17060.000000 3.054395 261.685749 0.852541 0.250445
17080.000000 3.068254 261.757311 0.874198 0.259105
17100.000000 3.082968 261.830997 0.895754 0.267899
17120.000000 3.098566 261.906804 0.917136 0.276816
17140.000000 3.115071 261.984721 0.938264 0.285840
17160.000000 3.132503 262.064732 0.959048 0.294959
17180.000000 3.150883 262.146814 0.979396 0.304156
17200.000000 3.170224 262.230939 0.999205 0.313415
17220.000000 3.190538 262.317071 1.018367 0.322721
17240.000000 3.211833 262.405169 1.036767 0.332056
17260.000000 3.234111 262.495186 1.054284 0.341402
17280.000000 3.257370 262.587069 1.070791 0.350743
17300.000000 3.281603 262.680761 1.086154 0.360060
17320.000000 3.306799 262.776198 1.100234 0.369337
17340.000000 3.332941 262.873314 1.112886 0.378555
17360.000000 3.360003 262.972035 1.123962 0.387697
17380.000000 3.387956 263.072288 1.133306 0.396746
17400.000000 3.416762 263.173994 1.140762 0.405685
17420.000000 3.446374 263.277073 1.146167 0.414496
17440.000000 3.476739 263.381440 1.149358 0.423161
17460.000000 3.507791 263.487013 1.150170 0.431664
17480.000000 3.539456 263.593704 1.148438 0.439989
17500.000000 3.571651 263.701427 1.143999 0.448117
17520.000000 3.604276 263.810098 1.136693 0.456032
17540.000000 3.637220 263.919630 1.126365 0.463716
17560.000000 3.670357 264.029939 1.112867 0.471152
17580.000000 3.703543 264.140942 1.096064 0.478322
17600.000000 3.736616 264.252560 1.075831 0.485208
17620.000000 3.769395 264.364715 1.052063 0.491790
17640.000000 3.801679 264.477333 1.024675 0.498049
17660.000000 3.833245 264.590344 0.993605 0.503964
17680.000000 3.863852 264.703683 0.958822 0.509513
17700.000000 3.893237 264.817289 0.920326 0.514675
17720.000000 3.921124 264.931106 0.878155 0.519428
17740.000000 3.947226 265.045084 0.832386 0.523749
17760.000000 3.971252 265.159177 0.783143 0.527615
17780.000000 3.992910 265.273348 0.730593 0.531008
17800.000000 4.011924 265.387562 0.674956 0.533907
17820.000000 4.028034 265.501791 0.616500 0.536297
17840.000000 4.041013 265.616013 0.555546 0.538165
17860.000000 4.050668 265.730210 0.492461 0.539503
17880.000000 4.056855 265.844371 0.427658 0.540306
17900.000000 4.059477 265.958488 0.361592 0.540573
17920.000000 4.058491 266.072555 0.294742 0.540307
17940.000000 4.053911 266.186571 0.227613 0.539514
17960.000000 4.045803 266.300535 0.160713 0.538201
17980.000000 4.034287 266.414445 0.094547 0.536381
18000.000000 4.019530 266.528297 0.029601 0.534064
18020.000000 4.001742 266.642085 -0.033669 0.531267
18040.000000 3.981168 266.755800 -0.094846 0.528004
18060.000000 3.958083 266.869424 -0.153559 0.524294
18080.000000 3.932781 266.982935 -0.209491 0.520158
18100.000000 3.905566 267.096307 -0.262377 0.515617
18120.000000 3.876745 267.209505 -0.312005 0.510694
18140.000000 3.846620 267.322488 -0.358217 0.505412
18160.000000 3.815482 267.435209 -0.400902 0.499796
18180.000000 3.783602 267.547617 -0.439996 0.493869
18200.000000 3.751231 267.659654 -0.475473 0.487655
18220.000000 3.718594 267.771259 -0.507342 0.481177
18240.000000 3.685892 267.882365 -0.535645 0.474455
18260.000000 3.653299 267.992904 -0.560447 0.467509
18280.000000 3.620966 268.102804 -0.581835 0.460359
18300.000000 3.589021 268.211991 -0.599911 0.453021
18320.000000 3.557571 268.320390 -0.614793 0.445513
18340.000000 3.526705 268.427926 -0.626607 0.437850
18360.000000 3.496495 268.534521 -0.635489 0.430046
18380.000000 3.467002 268.640101 -0.641576 0.422115
18400.000000 3.438272 268.744590 -0.645013 0.414071
18420.000000 3.410343 268.847914 -0.645945 0.405928
18440.000000 3.383248 268.950002 -0.644515 0.397701
18460.000000 3.357017 269.050785 -0.640868 0.389407
18480.000000 3.331676 269.150196 -0.635149 0.381061
18500.000000 3.307248 269.248175 -0.627503 0.372683
18520.000000 3.283752 269.344664 -0.618075 0.364289
18540.000000 3.261198 269.439609 -0.607010 0.355899
18560.000000 3.239593 269.532964 -0.594450 0.347529
18580.000000 3.218940 269.624687 -0.580536 0.339199
18600.000000 3.199236 269.714741 -0.565402 0.330929
18620.000000 3.180475 269.803097 -0.549179 0.322737
18640.000000 3.162648 269.889733 -0.531992 0.314641
18660.000000 3.145740 269.974632 -0.513960 0.306661
18680.000000 3.129736 270.057786 -0.495194 0.298812
18700.000000 3.114615 270.139191 -0.475798 0.291113
18720.000000 3.100357 270.218853 -0.455871 0.283580
18740.000000 3.086936 270.296783 -0.435502 0.276227
18760.000000 3.074327 270.372997 -0.414772 0.269069
18780.000000 3.062501 270.447520 -0.393757 0.262117
18800.000000 3.051431 270.520379 -0.372522 0.255384
18820.000000 3.041088 270.591611 -0.351130 0.248880
18840.000000 3.031445 270.661253 -0.329637 0.242612
18860.000000 3.022473 270.729349 -0.308094 0.236585
18880.000000 3.014145 270.795945 -0.286545 0.230803
18900.000000 3.006429 270.861091 -0.265023 0.225267
18920.000000 2.999291 270.924837 -0.243552 0.219981
18940.000000 2.992702 270.987238 -0.222151 0.214947
18960.000000 2.986632 271.048350 -0.200836 0.210167
18980.000000 2.981054 271.108231 -0.179617 0.205643
19000.000000 2.975941 271.166942 -0.158504 0.201377
19020.000000 2.971272 271.224547 -0.137500 0.197372
19040.000000 2.967023 271.281108 -0.116609 0.193630
19060.000000 2.963174 271.336693 -0.095832 0.190153
19080.000000 2.959706 271.391369 -0.075165 0.186941
19100.000000 2.956603 271.445205 -0.054606 0.183997
19120.000000 2.953848 271.498272 -0.034148 0.181323
19140.000000 2.951427 271.550641 -0.013784 0.178919
19160.000000 2.949329 271.602385 0.006495 0.176787
19180.000000 2.947542 271.653577 0.026698 0.174929
19200.000000 2.946056 271.704292 0.046837 0.173345
19220.000000 2.944865 271.754604 0.066924 0.172037
19240.000000 2.943960 271.804589 0.086973 0.171006
19260.000000 2.943338 271.854326 0.106996 0.170255
19280.000000 2.942995 271.903889 0.127009 0.169783
19300.000000 2.942930 271.953357 0.147025 0.169591
19320.000000 2.943142 272.002809 0.167060 0.169681
19340.000000 2.943633 272.052320 0.187130 0.170054
19360.000000 2.944405 272.101972 0.207249 0.170711
19380.000000 2.945464 272.151841 0.227432 0.171652
19400.000000 2.946814 272.202006 0.247695 0.172878
19420.000000 2.948465 272.252545 0.268051 0.174391
19440.000000 2.950425 272.303538 0.288515 0.176193
19460.000000 2.952706 272.355063 0.309099 0.178282
19480.000000 2.955319 272.407197 0.329816 0.180661
19500.000000 2.958281 272.460018 0.350678 0.183329
19520.000000 2.961605 272.513604 0.371693 0.186287
19540.000000 2.965311 272.568029 0.392870 0.189534
19560.000000 2.969417 272.623370 0.414215 0.193071
19580.000000 2.973944 272.679700 0.435732 0.196897
19600.000000 2.978915 272.737092 0.457425 0.201010
19620.000000 2.984354 272.795617 0.479291 0.205408
19640.000000 2.990285 272.855344 0.501327 0.210091
19660.000000 2.996736 272.916340 0.523527 0.215055
19680.000000 3.003735 272.978670 0.545879 0.220297
19700.000000 3.011310 273.042395 0.568370 0.225813
19720.000000 3.019492 273.107575 0.590981 0.231597
19740.000000 3.028311 273.174264 0.613687 0.237645
19760.000000 3.037799 273.242514 0.636461 0.243949
19780.000000 3.047986 273.312373 0.659268 0.250502
19800.000000 3.058904 273.383882 0.682068 0.257294
19820.000000 3.070583 273.457080 0.704815 0.264317
19840.000000 3.083054 273.532000 0.727456 0.271558
19860.000000 3.096345 273.608667 0.749931 0.279006
19880.000000 3.110483 273.687104 0.772175 0.286647
19900.000000 3.125491 273.767325 0.794112 0.294467
19920.000000 3.141393 273.849337 0.815662 0.302449
19940.000000 3.158205 273.933143 0.836736 0.310577
19960.000000 3.175943 274.018737 0.857238 0.318831
19980.000000 3.194615 274.106106 0.877066 0.327194
20000.000000 3.214226 274.195232 0.896110 0.335645
20020.000000 3.234776 274.286088 0.914254 0.344162
20040.000000 3.256255 274.378642 0.931377 0.352725
20060.000000 3.278649 274.472854 0.947353 0.361311
20080.000000 3.301936 274.568678 0.962050 0.369897
20100.000000 3.326089 274.666064 0.975337 0.378460
20120.000000 3.351072 274.764955 0.987080 0.386978
20140.000000 3.376845 274.865289 0.997142 0.395431
20160.000000 3.403362 274.967000 1.005388 0.403796
20180.000000 3.430569 275.070021 1.011681 0.412054
20200.000000 3.458404 275.174279 1.015884 0.420187
20220.000000 3.486799 275.279701 1.017860 0.428173
20240.000000 3.515674 275.386211 1.017476 0.435993
20260.000000 3.544942 275.493734 1.014600 0.443634
20280.000000 3.574504 275.602192 1.009105 0.451076
20300.000000 3.604251 275.711511 1.000869 0.458300
20320.000000 3.634059 275.821615 0.989780 0.465290
20340.000000 3.663796 275.932430 0.975733 0.472028
20360.000000 3.693311 276.043884 0.958637 0.478497
20380.000000 3.722441 276.155907 0.938414 0.484676
20400.000000 3.751008 276.268432 0.915004 0.490549
20420.000000 3.778817 276.381395 0.888372 0.496097
20440.000000 3.805662 276.494735 0.858502 0.501298
20460.000000 3.831321 276.608397 0.825412 0.506135
20480.000000 3.855565 276.722326 0.789148 0.510588
20500.000000 3.878158 276.836475 0.749792 0.514636
20520.000000 3.898863 276.950801 0.707467 0.518263
20540.000000 3.917446 277.065264 0.662334 0.521450
20560.000000 3.933684 277.179831 0.614596 0.524183
20580.000000 3.947371 277.294470 0.564501 0.526448
20600.000000 3.958327 277.409158 0.512337 0.528233
20620.000000 3.966398 277.523874 0.458432 0.529532
20640.000000 3.971471 277.638600 0.403149 0.530339
20660.000000 3.973467 277.753323 0.346880 0.530653
20680.000000 3.972354 277.868030 0.290044 0.530474
20700.000000 3.968143 277.982712 0.233069 0.529807
20720.000000 3.960888 278.097360 0.176393 0.528657
20740.000000 3.950686 278.211964 0.120447 0.527034
20760.000000 3.937673 278.326512 0.065652 0.524948
20780.000000 3.922023 278.440991 0.012405 0.522411
20800.000000 3.903938 278.555384 -0.038924 0.519439
20820.000000 3.883647 278.669669 -0.088002 0.516048
20840.000000 3.861396 278.783820 -0.134533 0.512257
20860.000000 3.837444 278.897807 -0.178268 0.508085
20880.000000 3.812055 279.011593 -0.219000 0.503555
20900.000000 3.785494 279.125137 -0.256567 0.498688
20920.000000 3.758019 279.238394 -0.290853 0.493509
20940.000000 3.729874 279.351312 -0.321785 0.488040
20960.000000 3.701292 279.463836 -0.349331 0.482307
20980.000000 3.672486 279.575910 -0.373495 0.476333
21000.000000 3.643650 279.687472 -0.394318 0.470145
21020.000000 3.614954 279.798459 -0.411870 0.463765
21040.000000 3.586548 279.908809 -0.426248 0.457216
21060.000000 3.558551 280.018456 -0.437577 0.450522
21080.000000 3.531064 280.127338 -0.445996 0.443705
21100.000000 3.504167 280.235395 -0.451649 0.436787
21120.000000 3.477927 280.342565 -0.454684 0.429788
21140.000000 3.452399 280.448795 -0.455251 0.422729
21160.000000 3.427628 280.554029 -0.453496 0.415628
21180.000000 3.403649 280.658218 -0.449567 0.408504
21200.000000 3.380490 280.761316 -0.443608 0.401375
21220.000000 3.358174 280.863281 -0.435758 0.394260
21240.000000 3.336715 280.964076 -0.426154 0.387177
21260.000000 3.316126 281.063668 -0.414928 0.380142
21280.000000 3.296414 281.162029 -0.402206 0.373174
21300.000000 3.277582 281.259137 -0.388111 0.366290
21320.000000 3.259631 281.354975 -0.372758 0.359508
21340.000000 3.242558 281.449530 -0.356258 0.352844
21360.000000 3.226357 281.542798 -0.338717 0.346316
21380.000000 3.211020 281.634779 -0.320233 0.339939
21400.000000 3.196538 281.725479 -0.300900 0.333731
21420.000000 3.182898 281.814909 -0.280805 0.327707
21440.000000 3.170087 281.903088 -0.260029 0.321882
21460.000000 3.158089 281.990040 -0.238647 0.316271
21480.000000 3.146890 282.075793 -0.216728 0.310889
21500.000000 3.136472 282.160383 -0.194336 0.305748
21520.000000 3.126819 282.243851 -0.171527 0.300862
21540.000000 3.117912 282.326241 -0.148354 0.296242
21560.000000 3.109734 282.407605 -0.124863 0.291901
21580.000000 3.102268 282.487997 -0.101096 0.287848
21600.000000 3.095498 282.567477 -0.077089 0.284094
21620.000000 3.089407 282.646108 -0.052875 0.280648
21640.000000 3.083980 282.723959 -0.028481 0.277519
21660.000000 3.079204 282.801100 -0.003931 0.274713
21680.000000 3.075065 282.877605 0.020754 0.272239
21700.000000 3.071553 282.953552 0.045557 0.270102
21720.000000 3.068658 283.029021 0.070464 0.268309
21740.000000 3.066372 283.104092 0.095463 0.266863
21760.000000 3.064689 283.178850 0.120544 0.265770
21780.000000 3.063606 283.253380 0.145699 0.265033
21800.000000 3.063121 283.327769 0.170920 0.264655
21820.000000 3.063234 283.402105 0.196203 0.264639
21840.000000 3.063947 283.476475 0.221540 0.264986
21860.000000 3.065267 283.550968 0.246928 0.265697
21880.000000 3.067198 283.625672 0.272358 0.266773
21900.000000 3.069751 283.700676 0.297826 0.268213
21920.000000 3.072938 283.776065 0.323321 0.270017
21940.000000 3.076771 283.851927 0.348835 0.272182
21960.000000 3.081266 283.928345 0.374355 0.274706
21980.000000 3.086441 284.005401 0.399866 0.277585
22000.000000 3.092314 284.083177 0.425350 0.280815
22020.000000 3.098908 284.161748 0.450784 0.284391
22040.000000 3.106244 284.241189 0.476143 0.288306
22060.000000 3.114344 284.321572 0.501396 0.292553
22080.000000 3.123235 284.402961 0.526506 0.297123
22100.000000 3.132940 284.485420 0.551431 0.302007
22120.000000 3.143483 284.569006 0.576124 0.307193
22140.000000 3.154891 284.653770 0.600529 0.312670
22160.000000 3.167186 284.739759 0.624586 0.318424
22180.000000 3.180390 284.827014 0.648224 0.324440
22200.000000 3.194526 284.915568 0.671366 0.330702
22220.000000 3.209609 285.005449 0.693929 0.337193
22240.000000 3.225657 285.096678 0.715818 0.343894
22260.000000 3.242679 285.189267 0.736933 0.350786
22280.000000 3.260682 285.283223 0.757163 0.357846
22300.000000 3.279669 285.378545 0.776391 0.365053
22320.000000 3.299634 285.475224 0.794492 0.372384
22340.000000 3.320565 285.573245 0.811331 0.379814
22360.000000 3.342444 285.672585 0.826770 0.387318
22380.000000 3.365242 285.773214 0.840663 0.394870
22400.000000 3.388922 285.875097 0.852857 0.402443
22420.000000 3.413437 285.978191 0.863200 0.410011
22440.000000 3.438727 286.082448 0.871532 0.417546
22460.000000 3.464722 286.187816 0.877698 0.425021
22480.000000 3.491337 286.294238 0.881540 0.432407
22500.000000 3.518476 286.401653 0.882905 0.439676
22520.000000 3.546025 286.509995 0.881649 0.446801
22540.000000 3.573858 286.619200 0.877634 0.453754
22560.000000 3.601834 286.729200 0.870738 0.460508
22580.000000 3.629794 286.839925 0.860852 0.467036
22600.000000 3.657566 286.951309 0.847892 0.473312
22620.000000 3.684965 287.063283 0.831792 0.479310
22640.000000 3.711790 287.175781 0.812518 0.485005
22660.000000 3.737834 287.288742 0.790064 0.490375
22680.000000 3.762878 287.402105 0.764458 0.495395
22700.000000 3.786702 287.515814 0.735764 0.500046
22720.000000 3.809084 287.629815 0.704080 0.504308
22740.000000 3.829809 287.744061 0.669542 0.508161
22760.000000 3.848670 287.858507 0.632320 0.511592
22780.000000 3.865476 287.973114 0.592615 0.514586
22800.000000 3.880053 288.087845 0.550659 0.517131
22820.000000 3.892252 288.202669 0.506708 0.519217
22840.000000 3.901948 288.317555 0.461038 0.520837
22860.000000 3.909043 288.432478 0.413941 0.521986
22880.000000 3.913469 288.547413 0.365720 0.522663
22900.000000 3.915184 288.662338 0.316695 0.522866
22920.000000 3.914177 288.777233 0.267188 0.522599
22940.000000 3.910463 288.892078 0.217528 0.521867
22960.000000 3.904086 289.006854 0.168047 0.520672
22980.000000 3.895114 289.121541 0.119074 0.519021
23000.000000 3.883643 289.236118 0.070929 0.516921
23020.000000 3.869792 289.350562 0.023924 0.514382
23040.000000 3.853706 289.464849 -0.021638 0.511416
23060.000000 3.835550 289.578950 -0.065471 0.508038
23080.000000 3.815508 289.692837 -0.107309 0.504262
23100.000000 3.793779 289.806475 -0.146908 0.500107
23120.000000 3.770574 289.919828 -0.184053 0.495588
23140.000000 3.746110 290.032854 -0.218562 0.490726
23160.000000 3.720608 290.145508 -0.250287 0.485541
23180.000000 3.694282 290.257741 -0.279116 0.480055
23200.000000 3.667343 290.369500 -0.304971 0.474288
23220.000000 3.639991 290.480729 -0.327809 0.468263
23240.000000 3.612411 290.591368 -0.347620 0.462003
23260.000000 3.584775 290.701357 -0.364424 0.455530
23280.000000 3.557238 290.810633 -0.378267 0.448868
23300.000000 3.529937 290.919133 -0.389219 0.442038
23320.000000 3.502995 291.026793 -0.397367 0.435064
23340.000000 3.476518 291.133551 -0.402816 0.427969
23360.000000 3.450596 291.239346 -0.405685 0.420773
23380.000000 3.425308 291.344119 -0.406099 0.413500
23400.000000 3.400718 291.447814 -0.404193 0.406172
23420.000000 3.376879 291.550380 -0.400103 0.398809
23440.000000 3.353835 291.651766 -0.393970 0.391433
23460.000000 3.331620 291.751931 -0.385935 0.384066
23480.000000 3.310260 291.850834 -0.376136 0.376728
23500.000000 3.289773 291.948441 -0.364711 0.369439
23520.000000 3.270173 292.044726 -0.351792 0.362221
23540.000000 3.251465 292.139665 -0.337507 0.355092
23560.000000 3.233652 292.233242 -0.321981 0.348073
23580.000000 3.216731 292.325448 -0.305330 0.341180
23600.000000 3.200696 292.416279 -0.287666 0.334434
23620.000000 3.185537 292.505738 -0.269093 0.327851
23640.000000 3.171241 292.593834 -0.249709 0.321448
23660.000000 3.157795 292.680582 -0.229605 0.315242
23680.000000 3.145180 292.766004 -0.208864 0.309247
23700.000000 3.133378 292.850128 -0.187564 0.303478
23720.000000 3.122371 292.932987 -0.165774 0.297949
23740.000000 3.112137 293.014620 -0.143559 0.292672
23760.000000 3.102655 293.095071 -0.120976 0.287661
23780.000000 3.093904 293.174390 -0.098075 0.282925
23800.000000 3.085864 293.252631 -0.074903 0.278474
23820.000000 3.078513 293.329852 -0.051497 0.274320
23840.000000 3.071832 293.406118 -0.027893 0.270469
23860.000000 3.065801 293.481494 -0.004121 0.266930
23880.000000 3.060403 293.556050 0.019796 0.263710
23900.000000 3.055620 293.629860 0.043835 0.260815
23920.000000 3.051438 293.703001 0.067980 0.258250
23940.000000 3.047841 293.775551 0.092218 0.256022
23960.000000 3.044819 293.847591 0.116537 0.254133
23980.000000 3.042361 293.919204 0.140929 0.252587
24000.000000 3.040459 293.990475 0.165389 0.251389
24020.000000 3.039106 294.061490 0.189911 0.250539
24040.000000 3.038299 294.132336 0.214495 0.250041
24060.000000 3.038034 294.203100 0.239138 0.249895
24080.000000 3.038312 294.273870 0.263840 0.250102
24100.000000 3.039135 294.344735 0.288599 0.250663
24120.000000 3.040508 294.415782 0.313417 0.251577
24140.000000 3.042437 294.487100 0.338291 0.252843
24160.000000 3.044930 294.558774 0.363221 0.254461
24180.000000 3.047998 294.630891 0.388204 0.256428
24200.000000 3.051655 294.703535 0.413235 0.258741
24220.000000 3.055914 294.776789 0.438308 0.261398
24240.000000 3.060792 294.850733 0.463416 0.264394
24260.000000 3.066307 294.925445 0.488545 0.267724
24280.000000 3.072480 295.001001 0.513684 0.271384
24300.000000 3.079332 295.077473 0.538813 0.275368
24320.000000 3.086884 295.154930 0.563910 0.279667
24340.000000 3.095160 295.233437 0.588951 0.284274
24360.000000 3.104186 295.313056 0.613904 0.289181
24380.000000 3.113985 295.393842 0.638734 0.294377
24400.000000 3.124583 295.475848 0.663398 0.299853
24420.000000 3.136004 295.559119 0.687852 0.305595
24440.000000 3.148274 295.643698 0.712040 0.311593
24460.000000 3.161416 295.729620 0.735905 0.317832
24480.000000 3.175453 295.816914 0.759379 0.324297
24500.000000 3.190406 295.905602 0.782391 0.330973
24520.000000 3.206296 295.995703 0.804858 0.337845
24540.000000 3.223140 296.087225 0.826694 0.344895
24560.000000 3.240953 296.180174 0.847802 0.352105
24580.000000 3.259747 296.274545 0.868081 0.359457
24600.000000 3.279531 296.370329 0.887417 0.366932
24620.000000 3.300312 296.467511 0.905692 0.374510
24640.000000 3.322090 296.566067 0.922777 0.382172
24660.000000 3.344864 296.665969 0.938535 0.389898
24680.000000 3.368626 296.767182 0.952818 0.397666
24700.000000 3.393365 296.869666 0.965470 0.405457
24720.000000 3.419062 296.973375 0.976323 0.413248
24740.000000 3.445693 297.078257 0.985200 0.421018
24760.000000 3.473224 297.184257 0.991910 0.428745
24780.000000 3.501598 297.291314 0.996254 0.436406
24800.000000 3.530735 297.399366 0.998033 0.443974
24820.000000 3.560528 297.508344 0.997053 0.451423
24840.000000 3.590852 297.618180 0.993128 0.458724
24860.000000 3.621567 297.728802 0.986084 0.465846
24880.000000 3.652512 297.840137 0.975763 0.472758
24900.000000 3.683508 297.952112 0.962026 0.479431
24920.000000 3.714355 298.064654 0.944757 0.485836
24940.000000 3.744838 298.177690 0.923870 0.491945
24960.000000 3.774724 298.291152 0.899308 0.497732
24980.000000 3.803764 298.404975 0.871047 0.503170
25000.000000 3.831699 298.519096 0.839103 0.508234
25020.000000 3.858259 298.633457 0.803528 0.512900
25040.000000 3.883172 298.748008 0.764419 0.517145
25060.000000 3.906165 298.862699 0.721911 0.520949
25080.000000 3.926973 298.977490 0.676186 0.524290
25100.000000 3.945347 299.092342 0.627466 0.527152
25120.000000 3.961054 299.207224 0.576016 0.529519
25140.000000 3.973893 299.322110 0.522142 0.531381
25160.000000 3.983693 299.436977 0.466193 0.532730
25180.000000 3.990321 299.551807 0.408554 0.533560
25200.000000 3.993691 299.666585 0.349643 0.533871
25220.000000 3.993760 299.781302 0.289901 0.533661
25240.000000 3.990536 299.895947 0.229786 0.532941
25260.000000 3.984073 300.010513 0.169760 0.531715
25280.000000 3.974472 300.124991 0.110280 0.529993
25300.000000 3.961878 300.239371 0.051787 0.527789
25320.000000 3.946470 300.353641 -0.005302 0.525116
25340.000000 3.928465 300.467786 -0.060607 0.521990
25360.000000 3.908100 300.581785 -0.113784 0.518430
25380.000000 3.885634 300.695615 -0.164538 0.514455
25400.000000 3.861335 300.809244 -0.212618 0.510086
25420.000000 3.835476 300.922639 -0.257824 0.505347
25440.000000 3.808327 301.035760 -0.300000 0.500259
25460.000000 3.780146 301.148560 -0.339037 0.494846
25480.000000 3.751180 301.260991 -0.374870 0.489131
25500.000000 3.721656 301.372999 -0.407467 0.483137
25520.000000 3.691783 301.484525 -0.436834 0.476887
25540.000000 3.661746 301.595508 -0.463003 0.470401
25560.000000 3.631709 301.705887 -0.486031 0.463700
25580.000000 3.601817 301.815594 -0.505994 0.456804
25600.000000 3.572192 301.924564 -0.522983 0.449729
25620.000000 3.542941 302.032729 -0.537103 0.442494
25640.000000 3.514151 302.140021 -0.548468 0.435113
25660.000000 3.485898 302.246371 -0.557198 0.427602
25680.000000 3.458244 302.351713 -0.563418 0.419976
25700.000000 3.431239 302.455980 -0.567255 0.412248
25720.000000 3.404925 302.559107 -0.568839 0.404432
25740.000000 3.379337 302.661030 -0.568298 0.396541
25760.000000 3.354500 302.761688 -0.565762 0.388586
25780.000000 3.330438 302.861021 -0.561358 0.380580
25800.000000 3.307165 302.958973 -0.555212 0.372537
25820.000000 3.284695 303.055490 -0.547447 0.364469
25840.000000 3.263036 303.150523 -0.538184 0.356390
25860.000000 3.242194 303.244023 -0.527541 0.348312
25880.000000 3.222169 303.335950 -0.515632 0.340249
25900.000000 3.202962 303.426264 -0.502569 0.332213
25920.000000 3.184569 303.514932 -0.488458 0.324220
25940.000000 3.166986 303.601925 -0.473402 0.316282
25960.000000 3.150202 303.687219 -0.457500 0.308413
25980.000000 3.134210 303.770794 -0.440846 0.300626
26000.000000 3.118997 303.852636 -0.423529 0.292935
26020.000000 3.104549 303.932737 -0.405635 0.285353
26040.000000 3.090849 304.011094 -0.387242 0.277891
26060.000000 3.077882 304.087707 -0.368426 0.270563
26080.000000 3.065627 304.162584 -0.349255 0.263379
26100.000000 3.054064 304.235737 -0.329794 0.256351
26120.000000 3.043172 304.307182 -0.310100 0.249490
26140.000000 3.032929 304.376940 -0.290229 0.242804
26160.000000 3.023312 304.445038 -0.270227 0.236302
26180.000000 3.014297 304.511506 -0.250139 0.229994
26200.000000 3.005862 304.576378 -0.230004 0.223887
26220.000000 2.997981 304.639693 -0.209855 0.217988
26240.000000 2.990631 304.701491 -0.189723 0.212303
26260.000000 2.983789 304.761819 -0.169632 0.206839
26280.000000 2.977432 304.820725 -0.149605 0.201599
26300.000000 2.971537 304.878259 -0.129660 0.196590
26320.000000 2.966082 304.934475 -0.109811 0.191814
26340.000000 2.961046 304.989430 -0.090069 0.187277
26360.000000 2.956408 305.043182 -0.070443 0.182980
26380.000000 2.952150 305.095791 -0.050937 0.178926
26400.000000 2.948252 305.147320 -0.031555 0.175117
26420.000000 2.944696 305.197831 -0.012296 0.171558
26440.000000 2.941468 305.247390 0.006840 0.168248
26460.000000 2.938550 305.296063 0.025858 0.165189
26480.000000 2.935930 305.343918 0.044764 0.162382
26500.000000 2.933594 305.391022 0.063565 0.159830
26520.000000 2.931531 305.437446 0.082269 0.157529
26540.000000 2.929730 305.483259 0.100888 0.155488
26560.000000 2.928181 305.528532 0.119431 0.153701
26580.000000 2.926878 305.573337 0.137913 0.152170
26600.000000 2.925812 305.617743 0.156345 0.150896
26620.000000 2.924980 305.661826 0.174743 0.149884
26640.000000 2.924376 305.705657 0.193122 0.149130
26660.000000 2.923998 305.749309 0.211497 0.148636
26680.000000 2.923846 305.792857 0.229886 0.148402
26700.000000 2.923917 305.836372 0.248303 0.148429
26720.000000 2.924216 305.879930 0.266767 0.148719
26740.000000 2.924743 305.923604 0.285295 0.149273
26760.000000 2.925503 305.967470 0.303904 0.150092
26780.000000 2.926502 306.011601 0.322613 0.151175
26800.000000 2.927749 306.056072 0.341438 0.152523
26820.000000 2.929250 306.100956 0.360399 0.154141
26840.000000 2.931018 306.146330 0.379511 0.156031
26860.000000 2.933064 306.192269 0.398792 0.158190
26880.000000 2.935403 306.238847 0.418261 0.160625
26900.000000 2.938050 306.286139 0.437932 0.163334
26920.000000 2.941024 306.334219 0.457823 0.166321
26940.000000 2.944344 306.383163 0.477947 0.169587
26960.000000 2.948033 306.433043 0.498320 0.173136
26980.000000 2.952115 306.483935 0.518955 0.176967
27000.000000 2.956617 306.535912 0.539862 0.181085
27020.000000 2.961568 306.589046 0.561051 0.185491
27040.000000 2.966998 306.643410 0.582526 0.190188
27060.000000 2.972937 306.699075 0.604284 0.195179
27080.000000 2.979417 306.756112 0.626319 0.200468
27100.000000 2.986469 306.814593 0.648618 0.206057
27120.000000 2.994127 306.874585 0.671165 0.211945
27140.000000 3.002425 306.936156 0.693940 0.218131
27160.000000 3.011400 306.999368 0.716923 0.224609
27180.000000 3.021093 307.064282 0.740086 0.231376
27200.000000 3.031540 307.130952 0.763396 0.238425
27220.000000 3.042783 307.199428 0.786815 0.245747
27240.000000 3.054861 307.269758 0.810294 0.253333
27260.000000 3.067812 307.341979 0.833779 0.261171
27280.000000 3.081673 307.416125 0.857206 0.269249
27300.000000 3.096481 307.492223 0.880502 0.277550
27320.000000 3.112267 307.570291 0.903586 0.286058
27340.000000 3.129061 307.650341 0.926366 0.294754
27360.000000 3.146889 307.732374 0.948742 0.303617
27380.000000 3.165772 307.816386 0.970605 0.312626
27400.000000 3.185724 307.902362 0.991836 0.321758
27420.000000 3.206756 307.990280 1.012307 0.330986
27440.000000 3.228868 308.080107 1.031884 0.340287
27460.000000 3.252057 308.171805 1.050424 0.349634
27480.000000 3.276309 308.265326 1.067779 0.358999
27500.000000 3.301602 308.360615 1.083797 0.368357
27520.000000 3.327909 308.457608 1.098320 0.377679
27540.000000 3.355198 308.556237 1.111189 0.386940
27560.000000 3.383433 308.656427 1.122245 0.396117
27580.000000 3.412572 308.758100 1.131323 0.405187
27600.000000 3.442565 308.861172 1.138256 0.414130
27620.000000 3.473352 308.965558 1.142877 0.422927
27640.000000 3.504864 309.071170 1.145016 0.431557
27660.000000 3.537021 309.177920 1.144505 0.440002
27680.000000 3.569733 309.285718 1.141179 0.448244
27700.000000 3.602896 309.394474 1.134876 0.456265
27720.000000 3.636396 309.504100 1.125441 0.464047
27740.000000 3.670101 309.614508 1.112726 0.471571
27760.000000 3.703864 309.725613 1.096595 0.478820
27780.000000 3.737520 309.837331 1.076927 0.485775
27800.000000 3.770885 309.949583 1.053616 0.492418
27820.000000 3.803753 310.062293 1.026579 0.498729
27840.000000 3.835900 310.175387 0.995758 0.504688
27860.000000 3.867081 310.288800 0.961122 0.510273
27880.000000 3.897031 310.402468 0.922676 0.515464
27900.000000 3.925469 310.516334 0.880457 0.520238
27920.000000 3.952106 310.630348 0.834549 0.524573
27940.000000 3.976645 310.744463 0.785075 0.528448
27960.000000 3.998793 310.858639 0.732207 0.531842
27980.000000 4.018267 310.972842 0.676166 0.534736
28000.000000 4.034806 311.087045 0.617226 0.537115
28020.000000 4.048179 311.201223 0.555709 0.538967
28040.000000 4.058191 311.315361 0.491987 0.540282
28060.000000 4.064697 311.429445 0.426479 0.541058
28080.000000 4.067597 311.543468 0.359640 0.541292
28100.000000 4.066852 311.657425 0.291959 0.540989
28120.000000 4.062473 311.771315 0.223942 0.540156
28140.000000 4.054532 311.885137 0.156105 0.538800
28160.000000 4.043150 311.998889 0.088957 0.536935
28180.000000 4.028498 312.112569 0.022987 0.534572
28200.000000 4.010789 312.226172 -0.041346 0.531726
28220.000000 3.990275 312.339687 -0.103623 0.528416
28240.000000 3.967234 312.453098 -0.163475 0.524660
28260.000000 3.941964 312.566386 -0.220583 0.520478
28280.000000 3.914775 312.679522 -0.274686 0.515894
28300.000000 3.885979 312.792473 -0.325577 0.510931
28320.000000 3.855883 312.905199 -0.373102 0.505613
28340.000000 3.824781 313.017656 -0.417156 0.499967
28360.000000 3.792946 313.129791 -0.457682 0.494015
28380.000000 3.760633 313.241549 -0.494659 0.487783
28400.000000 3.728066 313.352869 -0.528107 0.481294
28420.000000 3.695448 313.463688 -0.558070 0.474570
28440.000000 3.662952 313.573939 -0.584622 0.467631
28460.000000 3.630725 313.683552 -0.607857 0.460496
28480.000000 3.598894 313.792455 -0.627882 0.453183
28500.000000 3.567561 313.900576 -0.644821 0.445708
28520.000000 3.536811 314.007842 -0.658803 0.438086
28540.000000 3.506711 314.114180 -0.669967 0.430331
28560.000000 3.477314 314.219516 -0.678454 0.422455
28580.000000 3.448664 314.323777 -0.684407 0.414470
28600.000000 3.420790 314.426893 -0.687972 0.406387
28620.000000 3.393718 314.528793 -0.689291 0.398217
28640.000000 3.367465 314.629408 -0.688506 0.389970
28660.000000 3.342042 314.728671 -0.685756 0.381655
28680.000000 3.317457 314.826517 -0.681179 0.373283
28700.000000 3.293713 314.922884 -0.674906 0.364862
28720.000000 3.270812 315.017712 -0.667067 0.356403
28740.000000 3.248752 315.110944 -0.657789 0.347914
28760.000000 3.227530 315.202525 -0.647191 0.339405
28780.000000 3.207139 315.292405 -0.635391 0.330887
28800.000000 3.187574 315.380537 -0.622500 0.322368
28820.000000 3.168825 315.466876 -0.608629 0.313860
28840.000000 3.150884 315.551383 -0.593879 0.305374
28860.000000 3.133740 315.634023 -0.578351 0.296919
28880.000000 3.117382 315.714763 -0.562140 0.288506
28900.000000 3.101796 315.793579 -0.545336 0.280147
28920.000000 3.086967 315.870446 -0.528024 0.271852
28940.000000 3.072880 315.945347 -0.510286 0.263632
28960.000000 3.059517 316.018269 -0.492197 0.255495
28980.000000 3.046861 316.089204 -0.473828 0.247454
29000.000000 3.034892 316.158147 -0.455246 0.239516
29020.000000 3.023589 316.225098 -0.436511 0.231691
29040.000000 3.012933 316.290064 -0.417682 0.223989
29060.000000 3.002900 316.353051 -0.398810 0.216417
29080.000000 2.993469 316.414075 -0.379943 0.208983
29100.000000 2.984617 316.473152 -0.361125 0.201695
29120.000000 2.976320 316.530303 -0.342394 0.194559
29140.000000 2.968555 316.585553 -0.323785 0.187581
29160.000000 2.961298 316.638929 -0.305331 0.180767
29180.000000 2.954527 316.690463 -0.287057 0.174122
29200.000000 2.948218 316.740188 -0.268987 0.167650
29220.000000 2.942348 316.788141 -0.251142 0.161355
29240.000000 2.936893 316.834361 -0.233540 0.155242
29260.000000 2.931833 316.878890 -0.216194 0.149311
29280.000000 2.927145 316.921770 -0.199115 0.143567
29300.000000 2.922808 316.963046 -0.182313 0.138010
29320.000000 2.918801 317.002766 -0.165793 0.132643
29340.000000 2.915105 317.040976 -0.149560 0.127466
29360.000000 2.911701 317.077726 -0.133616 0.122481
29380.000000 2.908570 317.113067 -0.117960 0.117686
29400.000000 2.905695 317.147048 -0.102593 0.113084
29420.000000 2.903059 317.179722 -0.087510 0.108674
29440.000000 2.900646 317.211140 -0.072707 0.104455
29460.000000 2.898442 317.241356 -0.058177 0.100425
29480.000000 2.896431 317.270422 -0.043915 0.096588
29500.000000 2.894601 317.298391 -0.029912 0.092939
29520.000000 2.892938 317.325317 -0.016160 0.089476
29540.000000 2.891431 317.351253 -0.002648 0.086204
29560.000000 2.890070 317.376252 0.010632 0.083117
29580.000000 2.888842 317.400368 0.023692 0.080213
29600.000000 2.887740 317.423654 0.036544 0.077492
29620.000000 2.886754 317.446163 0.049200 0.074957
29640.000000 2.885875 317.467949 0.061672 0.072604
29660.000000 2.885097 317.489064 0.073972 0.070432
29680.000000 2.884412 317.509562 0.086114 0.068439
29700.000000 2.883816 317.529494 0.098111 0.066623
29720.000000 2.883300 317.548914 0.109976 0.064985
29740.000000 2.882862 317.567873 0.121724 0.063524
29760.000000 2.882497 317.586423 0.133367 0.062239
29780.000000 2.882200 317.604618 0.144922 0.061131
29800.000000 2.881969 317.622508 0.156401 0.060199
29820.000000 2.881801 317.640146 0.167819 0.059446
29840.000000 2.881695 317.657586 0.179191 0.058869
29860.000000 2.881648 317.674880 0.190533 0.058468
29880.000000 2.881659 317.692079 0.201857 0.058244
29900.000000 2.881728 317.709237 0.213181 0.058198
29920.000000 2.881857 317.726407 0.224518 0.058328
29940.000000 2.882044 317.743639 0.235886 0.058635
29960.000000 2.882292 317.760989 0.247296 0.059120
29980.000000 2.882603 317.778507 0.258767 0.059785
30000.000000 2.882978 317.796249 0.270312 0.060633
30020.000000 2.883421 317.814268 0.281949 0.061665
30040.000000 2.883937 317.832619 0.293692 0.062881
30060.000000 2.884528 317.851357 0.305558 0.064286
30080.000000 2.885200 317.870538 0.317564 0.065881
30100.000000 2.885960 317.890218 0.329724 0.067666
30120.000000 2.886813 317.910453 0.342056 0.069645
30140.000000 2.887768 317.931300 0.354576 0.071819
30160.000000 2.888831 317.952817 0.367298 0.074192
30180.000000 2.890012 317.975063 0.380240 0.076767
30200.000000 2.891321 317.998095 0.393417 0.079546
30220.000000 2.892769 318.021975 0.406847 0.082532
30240.000000 2.894367 318.046761 0.420544 0.085728
30260.000000 2.896129 318.072514 0.434524 0.089136
30280.000000 2.898068 318.099296 0.448802 0.092761
30300.000000 2.900199 318.127167 0.463394 0.096604
30320.000000 2.902539 318.156191 0.478312 0.100669
30340.000000 2.905105 318.186428 0.493571 0.104959
30360.000000 2.907915 318.217943 0.509182 0.109476
30380.000000 2.910990 318.250796 0.525158 0.114222
30400.000000 2.914351 318.285051 0.541509 0.119199
30420.000000 2.918021 318.320770 0.558244 0.124411
30440.000000 2.922023 318.358014 0.575370 0.129857
30460.000000 2.926382 318.396845 0.592893 0.135540
30480.000000 2.931126 318.437323 0.610815 0.141460
30500.000000 2.936283 318.479508 0.629139 0.147617
30520.000000 2.941881 318.523456 0.647861 0.154010
30540.000000 2.947951 318.569223 0.666977 0.160639
30560.000000 2.954525 318.616865 0.686480 0.167500
30580.000000 2.961634 318.666431 0.706356 0.174593
30600.000000 2.969313 318.717972 0.726589 0.181912
30620.000000 2.977595 318.771531 0.747160 0.189454
30640.000000 2.986514 318.827152 0.768042 0.197212
30660.000000 2.996106 318.884872 0.789206 0.205180
30680.000000 3.006403 318.944723 0.810614 0.213350
30700.000000 3.017442 319.006736 0.832225 0.221712
30720.000000 3.029253 319.070932 0.853990 0.230257
30740.000000 3.041871 319.137330 0.875856 0.238974
30760.000000 3.055325 319.205940 0.897759 0.247848
30780.000000 3.069644 319.276769 0.919632 0.256867
30800.000000 3.084854 319.349815 0.941401 0.266016
30820.000000 3.100981 319.425069 0.962983 0.275277
30840.000000 3.118047 319.502517 0.984291 0.284636
30860.000000 3.136073 319.582135 1.005234 0.294075
30880.000000 3.155079 319.663897 1.025713 0.303579
30900.000000 3.175079 319.747765 1.045621 0.313131
30920.000000 3.196083 319.833698 1.064843 0.322713
30940.000000 3.218096 319.921650 1.083260 0.332308
30960.000000 3.241119 320.011565 1.100742 0.341899
30980.000000 3.265148 320.103386 1.117158 0.351467
31000.000000 3.290172 320.197047 1.132369 0.360995
31020.000000 3.316176 320.292479 1.146229 0.370465
31040.000000 3.343140 320.389609 1.158591 0.379860
31060.000000 3.371037 320.488360 1.169301 0.389162
31080.000000 3.399832 320.588651 1.178201 0.398355
31100.000000 3.429484 320.690399 1.185130 0.407420
31120.000000 3.459946 320.793517 1.189925 0.416342
31140.000000 3.491161 320.897919 1.192421 0.425103
31160.000000 3.523064 321.003515 1.192450 0.433689
31180.000000 3.555580 321.110216 1.189847 0.442082
31200.000000 3.588624 321.217933 1.184448 0.450268
31220.000000 3.622097 321.326577 1.176091 0.458229
31240.000000 3.655889 321.436061 1.164621 0.465950
31260.000000 3.689873 321.546297 1.149890 0.473416
31280.000000 3.723906 321.657203 1.131760 0.480608
31300.000000 3.757826 321.768696 1.110108 0.487510
31320.000000 3.791451 321.880699 1.084826 0.494104
31340.000000 3.824576 321.993137 1.055829 0.500371
31360.000000 3.856975 322.105939 1.023054 0.506290
31380.000000 3.888401 322.219042 0.986469 0.511841
31400.000000 3.918585 322.332383 0.946073 0.517001
31420.000000 3.947243 322.445908 0.901902 0.521749
31440.000000 3.974077 322.559567 0.854034 0.526060
31460.000000 3.998783 322.673316 0.802591 0.529914
31480.000000 4.021061 322.787117 0.747743 0.533287
31500.000000 4.040621 322.900936 0.689708 0.536162
31520.000000 4.057194 323.014748 0.628759 0.538521
31540.000000 4.070542 323.128531 0.565219 0.540353
31560.000000 4.080469 323.242268 0.499463 0.541647
31580.000000 4.086822 323.355951 0.431913 0.542401
31600.000000 4.089504 323.469572 0.363033 0.542614
31620.000000 4.088475 323.583129 0.293318 0.542289
31640.000000 4.083748 323.696622 0.223284 0.541434
31660.000000 4.075397 323.810053 0.153457 0.540057
31680.000000 4.063548 323.923423 0.084356 0.538170
31700.000000 4.048378 324.036730 0.016479 0.535787
31720.000000 4.030107 324.149971 -0.049705 0.532921
31740.000000 4.008993 324.263138 -0.113772 0.529591
31760.000000 3.985321 324.376216 -0.175347 0.525815
31780.000000 3.959400 324.489186 -0.234109 0.521614
31800.000000 3.931547 324.602020 -0.289795 0.517010
31820.000000 3.902083 324.714688 -0.342197 0.512029
31840.000000 3.871322 324.827148 -0.391163 0.506693
31860.000000 3.839564 324.939357 -0.436591 0.501030
31880.000000 3.807090 325.051263 -0.478423 0.495063
31900.000000 3.774157 325.162810 -0.516645 0.488817
31920.000000 3.740995 325.273938 -0.551275 0.482316
31940.000000 3.707806 325.384584 -0.582364 0.475581
31960.000000 3.674766 325.494679 -0.609986 0.468632
31980.000000 3.642022 325.604154 -0.634238 0.461489
