0.000000 3.376550 21.285700 -0.780411 0.013770
20.000000 3.376004 21.288046 -0.775075 0.004399
40.000000 3.376054 21.287996 -0.769621 -0.004974
60.000000 3.376699 21.285550 -0.764053 -0.014345
80.000000 3.377940 21.280711 -0.758370 -0.023712
100.000000 3.379776 21.273481 -0.752567 -0.033073
120.000000 3.382208 21.263869 -0.746639 -0.042425
140.000000 3.385235 21.251881 -0.740577 -0.051767
160.000000 3.388857 21.237527 -0.734368 -0.061094
180.000000 3.393074 21.220819 -0.727997 -0.070404
200.000000 3.397887 21.201770 -0.721445 -0.079695
220.000000 3.403295 21.180398 -0.714693 -0.088962
240.000000 3.409298 21.156718 -0.707716 -0.098204
260.000000 3.415894 21.130751 -0.700486 -0.107416
280.000000 3.423083 21.102518 -0.692976 -0.116596
300.000000 3.430862 21.072044 -0.685151 -0.125737
320.000000 3.439228 21.039353 -0.676976 -0.134837
340.000000 3.448179 21.004474 -0.668414 -0.143891
360.000000 3.457708 20.967437 -0.659425 -0.152895
380.000000 3.467810 20.928274 -0.649964 -0.161841
400.000000 3.478478 20.887018 -0.639987 -0.170727
420.000000 3.489701 20.843706 -0.629446 -0.179543
440.000000 3.501471 20.798377 -0.618291 -0.188285
460.000000 3.513779 20.751071 -0.606469 -0.196945
480.000000 3.526616 20.701831 -0.593923 -0.205518
500.000000 3.539971 20.650702 -0.580592 -0.213998
520.000000 3.553834 20.597729 -0.566413 -0.222379
540.000000 3.568187 20.542961 -0.551321 -0.230655
560.000000 3.583010 20.486447 -0.535252 -0.238818
580.000000 3.598280 20.428238 -0.518136 -0.246860
600.000000 3.613968 20.368387 -0.499904 -0.254772
620.000000 3.630040 20.306949 -0.480485 -0.262545
640.000000 3.646458 20.243980 -0.459809 -0.270167
660.000000 3.663176 20.179537 -0.437806 -0.277627
680.000000 3.680140 20.113681 -0.414405 -0.284911
700.000000 3.697291 20.046474 -0.389539 -0.292005
720.000000 3.714558 19.977977 -0.363146 -0.298893
740.000000 3.731860 19.908256 -0.335169 -0.305558
760.000000 3.749109 19.837377 -0.305556 -0.311982
780.000000 3.766204 19.765408 -0.274267 -0.318146
800.000000 3.783031 19.692418 -0.241274 -0.324029
820.000000 3.799468 19.618475 -0.206563 -0.329610
840.000000 3.815383 19.543652 -0.170139 -0.334866
860.000000 3.830630 19.468018 -0.132030 -0.339776
880.000000 3.845058 19.391646 -0.092295 -0.344313
900.000000 3.858508 19.314608 -0.051025 -0.348455
920.000000 3.870817 19.236973 -0.008351 -0.352181
940.000000 3.881830 19.158814 0.035571 -0.355474
960.000000 3.891400 19.080197 0.080556 -0.358317
980.000000 3.899400 19.001193 0.126402 -0.360692
1000.000000 3.905721 18.921870 0.172894 -0.362585
1020.000000 3.910276 18.842297 0.219799 -0.363980
1040.000000 3.913001 18.762544 0.266885 -0.364867
1060.000000 3.913859 18.682683 0.313906 -0.365235
1080.000000 3.912838 18.602784 0.360626 -0.365082
1100.000000 3.909949 18.522921 0.406815 -0.364403
1120.000000 3.905230 18.443168 0.452239 -0.363203
1140.000000 3.898745 18.363599 0.496690 -0.361486
1160.000000 3.890580 18.284291 0.539965 -0.359260
1180.000000 3.880842 18.205320 0.581889 -0.356540
1200.000000 3.869657 18.126765 0.622304 -0.353338
1220.000000 3.857167 18.048703 0.661074 -0.349670
1240.000000 3.843529 17.971214 0.698094 -0.345556
1260.000000 3.828900 17.894379 0.733283 -0.341015
1280.000000 3.813438 17.818279 0.766599 -0.336071
1300.000000 3.797293 17.742994 0.798031 -0.330749
1320.000000 3.780607 17.668604 0.827592 -0.325071
1340.000000 3.763511 17.595189 0.855317 -0.319060
1360.000000 3.746128 17.522826 0.881255 -0.312737
1380.000000 3.728568 17.451593 0.905464 -0.306124
1400.000000 3.710933 17.381564 0.928014 -0.299239
1420.000000 3.693314 17.312815 0.948979 -0.292101
1440.000000 3.675792 17.245417 0.968441 -0.284726
1460.000000 3.658439 17.179442 0.986481 -0.277130
1480.000000 3.641320 17.114960 1.003183 -0.269326
1500.000000 3.624490 17.052038 1.018634 -0.261328
1520.000000 3.608001 16.990744 1.032919 -0.253147
1540.000000 3.591896 16.931142 1.046120 -0.244793
1560.000000 3.576213 16.873296 1.058320 -0.236277
1580.000000 3.560986 16.817267 1.069600 -0.227607
1600.000000 3.546245 16.763118 1.080037 -0.218791
1620.000000 3.532016 16.710906 1.089706 -0.209835
1640.000000 3.518322 16.660689 1.098681 -0.200746
1660.000000 3.505180 16.612523 1.107031 -0.191531
1680.000000 3.492607 16.566463 1.114824 -0.182195
1700.000000 3.480619 16.522561 1.122121 -0.172746
1720.000000 3.469231 16.480867 1.128984 -0.163191
1740.000000 3.458459 16.441428 1.135470 -0.153539
1760.000000 3.448318 16.404290 1.141632 -0.143796
1780.000000 3.438821 16.369495 1.147521 -0.133970
1800.000000 3.429979 16.337083 1.153186 -0.124067
1820.000000 3.421803 16.307091 1.158673 -0.114093
1840.000000 3.414301 16.279554 1.164021 -0.104054
1860.000000 3.407480 16.254505 1.169270 -0.093956
1880.000000 3.401348 16.231972 1.174455 -0.083803
1900.000000 3.395908 16.211984 1.179605 -0.073602
1920.000000 3.391168 16.194563 1.184749 -0.063356
1940.000000 3.387131 16.179732 1.189910 -0.053070
1960.000000 3.383801 16.167510 1.195109 -0.042749
1980.000000 3.381183 16.157912 1.200361 -0.032396
2000.000000 3.379280 16.150954 1.205680 -0.022017
2020.000000 3.378096 16.146645 1.211075 -0.011615
2040.000000 3.377633 16.144994 1.216550 -0.001194
2060.000000 3.377896 16.146007 1.222107 0.009241
2080.000000 3.378887 16.149685 1.227745 0.019687
2100.000000 3.380609 16.156030 1.233458 0.030139
2120.000000 3.383066 16.165038 1.239235 0.040593
2140.000000 3.386259 16.176704 1.245065 0.051045
2160.000000 3.390193 16.191018 1.250931 0.061490
2180.000000 3.394869 16.207971 1.256811 0.071925
2200.000000 3.400290 16.227547 1.262683 0.082344
2220.000000 3.406457 16.249730 1.268519 0.092743
2240.000000 3.413373 16.274500 1.274287 0.103117
2260.000000 3.421037 16.301834 1.279953 0.113460
2280.000000 3.429452 16.331706 1.285479 0.123769
2300.000000 3.438616 16.364088 1.290823 0.134036
2320.000000 3.448530 16.398949 1.295940 0.144257
2340.000000 3.459191 16.436255 1.300781 0.154427
2360.000000 3.470597 16.475968 1.305295 0.164539
2380.000000 3.482746 16.518051 1.309425 0.174588
2400.000000 3.495632 16.562460 1.313114 0.184567
2420.000000 3.509250 16.609151 1.316299 0.194471
2440.000000 3.523593 16.658077 1.318915 0.204293
2460.000000 3.538653 16.709190 1.320895 0.214027
2480.000000 3.554421 16.762436 1.322168 0.223667
2500.000000 3.570883 16.817764 1.322659 0.233206
2520.000000 3.588028 16.875117 1.322292 0.242637
2540.000000 3.605840 16.934437 1.320988 0.251954
2560.000000 3.624301 16.995666 1.318665 0.261151
2580.000000 3.643391 17.058742 1.315240 0.270219
2600.000000 3.663087 17.123604 1.310626 0.279153
2620.000000 3.683362 17.190188 1.304737 0.287944
2640.000000 3.704187 17.258429 1.297484 0.296585
2660.000000 3.725529 17.328262 1.288776 0.305069
2680.000000 3.747349 17.399619 1.278525 0.313387
2700.000000 3.769604 17.472434 1.266640 0.321531
2720.000000 3.792244 17.546638 1.253033 0.329492
2740.000000 3.815213 17.622163 1.237615 0.337260
2760.000000 3.838450 17.698941 1.220303 0.344825
2780.000000 3.861882 17.776902 1.201016 0.352176
2800.000000 3.885430 17.855979 1.179675 0.359301
2820.000000 3.909004 17.936102 1.156212 0.366188
2840.000000 3.932503 18.017203 1.130562 0.372823
2860.000000 3.955819 18.099214 1.102671 0.379192
2880.000000 3.978828 18.182068 1.072495 0.385278
2900.000000 4.001399 18.265697 1.039999 0.391065
2920.000000 4.023390 18.350036 1.005166 0.396537
2940.000000 4.044650 18.435020 0.967991 0.401673
2960.000000 4.065018 18.520584 0.928486 0.406457
2980.000000 4.084332 18.606665 0.886682 0.410868
3000.000000 4.102425 18.693201 0.842631 0.414890
3020.000000 4.119130 18.780132 0.796405 0.418503
3040.000000 4.134286 18.867397 0.748100 0.421693
3060.000000 4.147740 18.954939 0.697833 0.424445
3080.000000 4.159349 19.042703 0.645751 0.426747
3100.000000 4.168986 19.130635 0.592020 0.428588
3120.000000 4.176546 19.218683 0.536835 0.429964
3140.000000 4.181940 19.306797 0.480412 0.430871
3160.000000 4.185108 19.394931 0.422988 0.431307
3180.000000 4.186012 19.483039 0.364820 0.431275
3200.000000 4.184640 19.571079 0.306176 0.430779
3220.000000 4.181006 19.659008 0.247337 0.429824
3240.000000 4.175151 19.746785 0.188585 0.428419
3260.000000 4.167137 19.834371 0.130202 0.426570
3280.000000 4.157051 19.921724 0.072463 0.424287
3300.000000 4.144998 20.008804 0.015631 0.421579
3320.000000 4.131105 20.095566 -0.040051 0.418458
3340.000000 4.115510 20.181967 -0.094358 0.414935
3360.000000 4.098367 20.267960 -0.147089 0.411023
3380.000000 4.079838 20.353496 -0.198071 0.406737
3400.000000 4.060092 20.438524 -0.247156 0.402091
3420.000000 4.039300 20.522990 -0.294223 0.397101
3440.000000 4.017634 20.606839 -0.339177 0.391786
3460.000000 3.995261 20.690016 -0.381950 0.386164
3480.000000 3.972343 20.772460 -0.422494 0.380253
3500.000000 3.949035 20.854114 -0.460784 0.374072
3520.000000 3.925480 20.934915 -0.496816 0.367639
3540.000000 3.901810 21.014805 -0.530600 0.360972
3560.000000 3.878147 21.093721 -0.562163 0.354090
3580.000000 3.854597 21.171602 -0.591544 0.347008
3600.000000 3.831256 21.248387 -0.618791 0.339742
3620.000000 3.808208 21.324016 -0.643965 0.332307
3640.000000 3.785524 21.398429 -0.667129 0.324715
3660.000000 3.763265 21.471566 -0.688357 0.316980
3680.000000 3.741482 21.543370 -0.707722 0.309112
3700.000000 3.720219 21.613783 -0.725303 0.301122
3720.000000 3.699510 21.682749 -0.741181 0.293018
3740.000000 3.679383 21.750212 -0.755436 0.284810
3760.000000 3.659859 21.816120 -0.768151 0.276504
3780.000000 3.640958 21.880421 -0.779406 0.268107
3800.000000 3.622690 21.943062 -0.789281 0.259625
3820.000000 3.605067 22.003995 -0.797856 0.251063
3840.000000 3.588094 22.063171 -0.805209 0.242428
3860.000000 3.571777 22.120544 -0.811413 0.233721
3880.000000 3.556117 22.176068 -0.816543 0.224949
3900.000000 3.541115 22.229699 -0.820669 0.216114
3920.000000 3.526772 22.281396 -0.823860 0.207220
3940.000000 3.513086 22.331117 -0.826183 0.198270
3960.000000 3.500057 22.378823 -0.827700 0.189267
3980.000000 3.487681 22.424477 -0.828474 0.180214
4000.000000 3.475956 22.468042 -0.828561 0.171114
4020.000000 3.464879 22.509484 -0.828018 0.161969
4040.000000 3.454449 22.548770 -0.826899 0.152781
4060.000000 3.444662 22.585869 -0.825252 0.143554
4080.000000 3.435515 22.620750 -0.823127 0.134290
4100.000000 3.427006 22.653387 -0.820567 0.124990
4120.000000 3.419133 22.683753 -0.817616 0.115658
4140.000000 3.411892 22.711824 -0.814313 0.106295
4160.000000 3.405281 22.737578 -0.810695 0.096905
4180.000000 3.399299 22.760992 -0.806795 0.087489
4200.000000 3.393944 22.782050 -0.802646 0.078049
4220.000000 3.389213 22.800732 -0.798275 0.068588
4240.000000 3.385106 22.817025 -0.793709 0.059108
4260.000000 3.381621 22.830916 -0.788970 0.049611
4280.000000 3.378757 22.842391 -0.784079 0.040100
4300.000000 3.376513 22.851443 -0.779052 0.030577
4320.000000 3.374888 22.858063 -0.773903 0.021044
4340.000000 3.373883 22.862245 -0.768645 0.011503
4360.000000 3.373497 22.863986 -0.763285 0.001956
4380.000000 3.373731 22.863285 -0.757829 -0.007594
4400.000000 3.374584 22.860141 -0.752278 -0.017145
4420.000000 3.376057 22.854556 -0.746632 -0.026694
4440.000000 3.378152 22.846534 -0.740888 -0.036240
4460.000000 3.380869 22.836082 -0.735037 -0.045779
4480.000000 3.384209 22.823207 -0.729070 -0.055309
4500.000000 3.388173 22.807920 -0.722972 -0.064828
4520.000000 3.392764 22.790232 -0.716728 -0.074333
4540.000000 3.397982 22.770158 -0.710317 -0.083820
4560.000000 3.403828 22.747714 -0.703715 -0.093286
4580.000000 3.410304 22.722918 -0.696897 -0.102729
4600.000000 3.417412 22.695791 -0.689830 -0.112145
4620.000000 3.425150 22.666355 -0.682483 -0.121530
4640.000000 3.433520 22.634635 -0.674818 -0.130880
4660.000000 3.442522 22.600657 -0.666795 -0.140191
4680.000000 3.452154 22.564452 -0.658370 -0.149457
4700.000000 3.462413 22.526049 -0.649497 -0.158675
4720.000000 3.473297 22.485483 -0.640124 -0.167839
4740.000000 3.484801 22.442789 -0.630199 -0.176942
4760.000000 3.496919 22.398006 -0.619665 -0.185979
4780.000000 3.509643 22.351174 -0.608463 -0.194942
4800.000000 3.522962 22.302335 -0.596530 -0.203826
4820.000000 3.536864 22.251535 -0.583800 -0.212621
4840.000000 3.551333 22.198821 -0.570207 -0.221321
4860.000000 3.566351 22.144242 -0.555680 -0.229916
4880.000000 3.581893 22.087850 -0.540147 -0.238397
4900.000000 3.597935 22.029700 -0.523534 -0.246754
4920.000000 3.614442 21.969846 -0.505767 -0.254975
4940.000000 3.631376 21.908347 -0.486771 -0.263050
4960.000000 3.648695 21.845263 -0.466474 -0.270966
4980.000000 3.666345 21.780656 -0.444801 -0.278709
5000.000000 3.684268 21.714590 -0.421683 -0.286266
5020.000000 3.702396 21.647130 -0.397054 -0.293620
5040.000000 3.720653 21.578344 -0.370853 -0.300756
5060.000000 3.738952 21.508300 -0.343028 -0.307656
5080.000000 3.757198 21.437068 -0.313533 -0.314302
5100.000000 3.775284 21.364719 -0.282335 -0.320676
5120.000000 3.793096 21.291324 -0.249413 -0.326758
5140.000000 3.810509 21.216956 -0.214761 -0.332529
5160.000000 3.827391 21.141687 -0.178392 -0.337967
5180.000000 3.843602 21.065589 -0.140336 -0.343053
5200.000000 3.858999 20.988737 -0.100648 -0.347767
5220.000000 3.873434 20.911202 -0.059401 -0.352086
5240.000000 3.886762 20.833056 -0.016695 -0.355993
5260.000000 3.898838 20.754370 0.027349 -0.359468
5280.000000 3.909525 20.675217 0.072585 -0.362493
5300.000000 3.918696 20.595666 0.118846 -0.365052
5320.000000 3.926235 20.515788 0.165945 -0.367128
5340.000000 3.932043 20.435653 0.213679 -0.368708
5360.000000 3.936040 20.355332 0.261829 -0.369782
5380.000000 3.938167 20.274895 0.310170 -0.370334
5400.000000 3.938384 20.194413 0.358469 -0.370369
5420.000000 3.936681 20.113958 0.406494 -0.369866
5440.000000 3.933067 20.033605 0.454014 -0.368832
5460.000000 3.927578 19.953427 0.500807 -0.367264
5480.000000 3.920272 19.873502 0.546663 -0.365164
5500.000000 3.911230 19.793907 0.591386 -0.362540
5520.000000 3.900552 19.714722 0.634799 -0.359400
5540.000000 3.888357 19.636028 0.676745 -0.355754
5560.000000 3.874775 19.557909 0.717090 -0.351616
5580.000000 3.859951 19.480449 0.755721 -0.347003
5600.000000 3.844036 19.403733 0.792553 -0.341933
5620.000000 3.827184 19.327848 0.827522 -0.336425
5640.000000 3.809553 19.252880 0.860591 -0.330501
5660.000000 3.791297 19.178918 0.891741 -0.324181
5680.000000 3.772566 19.106048 0.920978 -0.317488
5700.000000 3.753503 19.034358 0.948326 -0.310445
5720.000000 3.734244 18.963935 0.973825 -0.303073
5740.000000 3.714914 18.894864 0.997531 -0.295395
5760.000000 3.695628 18.827230 1.019512 -0.287431
5780.000000 3.676492 18.761116 1.039847 -0.279201
5800.000000 3.657599 18.696603 1.058620 -0.270725
5820.000000 3.639032 18.633770 1.075925 -0.262021
5840.000000 3.620864 18.572696 1.091856 -0.253107
5860.000000 3.603159 18.513454 1.106512 -0.243998
5880.000000 3.585972 18.456118 1.119990 -0.234710
5900.000000 3.569351 18.400758 1.132386 -0.225258
5920.000000 3.553337 18.347440 1.143796 -0.215655
5940.000000 3.537964 18.296228 1.154313 -0.205915
5960.000000 3.523262 18.247183 1.164025 -0.196049
5980.000000 3.509255 18.200365 1.173018 -0.186069
6000.000000 3.495963 18.155827 1.181374 -0.175985
6020.000000 3.483403 18.113621 1.189170 -0.165806
6040.000000 3.471588 18.073798 1.196478 -0.155543
6060.000000 3.460528 18.036401 1.203368 -0.145203
6080.000000 3.450233 18.001473 1.209901 -0.134795
6100.000000 3.440708 17.969054 1.216137 -0.124325
6120.000000 3.431958 17.939180 1.222129 -0.113801
6140.000000 3.423987 17.911884 1.227925 -0.103230
6160.000000 3.416796 17.887196 1.233569 -0.092617
6180.000000 3.410388 17.865142 1.239102 -0.081968
6200.000000 3.404763 17.845747 1.244556 -0.071289
6220.000000 3.399921 17.829030 1.249963 -0.060584
6240.000000 3.395862 17.815010 1.255347 -0.049859
6260.000000 3.392586 17.803700 1.260731 -0.039119
6280.000000 3.390092 17.795114 1.266129 -0.028367
6300.000000 3.388380 17.789258 1.271556 -0.017609
6320.000000 3.387447 17.786138 1.277019 -0.006849
6340.000000 3.387295 17.785758 1.282523 0.003910
6360.000000 3.387921 17.788116 1.288067 0.014662
6380.000000 3.389325 17.793209 1.293648 0.025404
6400.000000 3.391506 17.801031 1.299258 0.036132
6420.000000 3.394464 17.811573 1.304886 0.046840
6440.000000 3.398196 17.824822 1.310516 0.057526
6460.000000 3.402703 17.840763 1.316130 0.068184
6480.000000 3.407983 17.859377 1.321705 0.078811
6500.000000 3.414035 17.880646 1.327214 0.089402
6520.000000 3.420856 17.904543 1.332628 0.099952
6540.000000 3.428446 17.931044 1.337913 0.110457
6560.000000 3.436802 17.960118 1.343033 0.120912
6580.000000 3.445921 17.991734 1.347947 0.131312
6600.000000 3.455801 18.025858 1.352612 0.141653
6620.000000 3.466437 18.062451 1.356981 0.151929
6640.000000 3.477825 18.101474 1.361005 0.162136
6660.000000 3.489960 18.142885 1.364628 0.172268
6680.000000 3.502837 18.186639 1.367796 0.182320
6700.000000 3.516448 18.232689 1.370449 0.192288
6720.000000 3.530786 18.280987 1.372523 0.202165
6740.000000 3.545842 18.331480 1.373954 0.211947
6760.000000 3.561605 18.384117 1.374673 0.221627
6780.000000 3.578065 18.438841 1.374607 0.231201
6800.000000 3.595209 18.495597 1.373685 0.240663
6820.000000 3.613022 18.554326 1.371828 0.250008
6840.000000 3.631488 18.614968 1.368957 0.259229
6860.000000 3.650588 18.677461 1.364990 0.268320
6880.000000 3.670302 18.741744 1.359845 0.277277
6900.000000 3.690605 18.807753 1.353436 0.286092
6920.000000 3.711472 18.875423 1.345674 0.294760
6940.000000 3.732873 18.944690 1.336473 0.303272
6960.000000 3.754771 19.015486 1.325742 0.311624
6980.000000 3.777129 19.087746 1.313392 0.319806
7000.000000 3.799902 19.161401 1.299334 0.327811
7020.000000 3.823039 19.236386 1.283480 0.335630
7040.000000 3.846480 19.312631 1.265743 0.343254
7060.000000 3.870162 19.390069 1.246041 0.350673
7080.000000 3.894007 19.468632 1.224292 0.357875
7100.000000 3.917932 19.548252 1.200425 0.364849
7120.000000 3.941841 19.628862 1.174369 0.371581
7140.000000 3.965626 19.710395 1.146066 0.378057
7160.000000 3.989171 19.792784 1.115464 0.384262
7180.000000 4.012343 19.875962 1.082523 0.390179
7200.000000 4.035002 19.959865 1.047217 0.395789
7220.000000 4.056996 20.044427 1.009533 0.401075
7240.000000 4.078163 20.129584 0.969474 0.406017
7260.000000 4.098335 20.215273 0.927061 0.410594
7280.000000 4.117340 20.301432 0.882334 0.414788
7300.000000 4.135004 20.388000 0.835355 0.418578
7320.000000 4.151156 20.474918 0.786209 0.421948
7340.000000 4.165632 20.562126 0.735002 0.424881
7360.000000 4.178279 20.649568 0.681870 0.427363
7380.000000 4.188958 20.737191 0.626970 0.429384
7400.000000 4.197548 20.824940 0.570488 0.430935
7420.000000 4.203952 20.912767 0.512634 0.432012
7440.000000 4.208093 21.000623 0.453642 0.432613
7460.000000 4.209925 21.088463 0.393765 0.432740
7480.000000 4.209423 21.176245 0.333275 0.432397
7500.000000 4.206594 21.263925 0.272456 0.431590
7520.000000 4.201468 21.351465 0.211600 0.430326
7540.000000 4.194101 21.438825 0.150997 0.428613
7560.000000 4.184573 21.525965 0.090935 0.426460
7580.000000 4.172988 21.612847 0.031690 0.423877
7600.000000 4.159466 21.699427 -0.026477 0.420875
7620.000000 4.144147 21.785665 -0.083328 0.417464
7640.000000 4.127185 21.871514 -0.138647 0.413658
7660.000000 4.108745 21.956928 -0.192245 0.409470
7680.000000 4.088998 22.041856 -0.243960 0.404914
7700.000000 4.068122 22.126248 -0.293661 0.400009
7720.000000 4.046295 22.210048 -0.341242 0.394770
7740.000000 4.023694 22.293201 -0.386623 0.389217
7760.000000 4.000488 22.375650 -0.429752 0.383369
7780.000000 3.976841 22.457336 -0.470596 0.377246
7800.000000 3.952905 22.538199 -0.509145 0.370867
7820.000000 3.928823 22.618179 -0.545406 0.364251
7840.000000 3.904722 22.697216 -0.579403 0.357417
7860.000000 3.880718 22.775250 -0.611173 0.350383
7880.000000 3.856913 22.852220 -0.640762 0.343164
7900.000000 3.833396 22.928067 -0.668231 0.335778
7920.000000 3.810244 23.002730 -0.693642 0.328237
7940.000000 3.787521 23.076153 -0.717067 0.320555
7960.000000 3.765281 23.148278 -0.738583 0.312743
7980.000000 3.743569 23.219048 -0.758266 0.304813
8000.000000 3.722422 23.288408 -0.776198 0.296773
8020.000000 3.701866 23.356304 -0.792460 0.288633
8040.000000 3.681926 23.422685 -0.807134 0.280400
8060.000000 3.662617 23.487497 -0.820300 0.272079
8080.000000 3.643951 23.550692 -0.832039 0.263678
8100.000000 3.625937 23.612221 -0.842430 0.255202
8120.000000 3.608581 23.672035 -0.851549 0.246654
8140.000000 3.591885 23.730090 -0.859471 0.238039
8160.000000 3.575850 23.786340 -0.866269 0.229359
8180.000000 3.560476 23.840743 -0.872012 0.220620
8200.000000 3.545761 23.893255 -0.876768 0.211822
8220.000000 3.531703 23.943837 -0.880602 0.202969
8240.000000 3.518299 23.992449 -0.883576 0.194063
8260.000000 3.505546 24.039052 -0.885750 0.185105
8280.000000 3.493441 24.083611 -0.887182 0.176098
8300.000000 3.481981 24.126089 -0.887924 0.167043
8320.000000 3.471162 24.166453 -0.888030 0.157942
8340.000000 3.460981 24.204670 -0.887547 0.148796
8360.000000 3.451436 24.240709 -0.886523 0.139608
8380.000000 3.442524 24.274540 -0.885002 0.130378
8400.000000 3.434244 24.306135 -0.883023 0.121108
8420.000000 3.426592 24.335467 -0.880628 0.111800
8440.000000 3.419568 24.362510 -0.877850 0.102455
8460.000000 3.413172 24.387242 -0.874724 0.093074
8480.000000 3.407401 24.409638 -0.871281 0.083659
8500.000000 3.402257 24.429680 -0.867548 0.074211
8520.000000 3.397738 24.447348 -0.863551 0.064733
8540.000000 3.393847 24.462625 -0.859313 0.055225
8560.000000 3.390583 24.475495 -0.854854 0.045690
8580.000000 3.387948 24.485944 -0.850191 0.036128
8600.000000 3.385943 24.493961 -0.845339 0.026542
8620.000000 3.384572 24.499535 -0.840309 0.016933
8640.000000 3.383836 24.502658 -0.835110 0.007304
8660.000000 3.383738 24.503323 -0.829747 -0.002345
8680.000000 3.384282 24.501525 -0.824224 -0.012010
8700.000000 3.385472 24.497263 -0.818539 -0.021691
8720.000000 3.387311 24.490534 -0.812689 -0.031385
8740.000000 3.389804 24.481341 -0.806666 -0.041089
8760.000000 3.392955 24.469687 -0.800461 -0.050802
8780.000000 3.396771 24.455577 -0.794059 -0.060521
8800.000000 3.401255 24.439018 -0.787443 -0.070243
8820.000000 3.406414 24.420021 -0.780592 -0.079966
8840.000000 3.412253 24.398597 -0.773480 -0.089686
8860.000000 3.418778 24.374761 -0.766078 -0.099401
8880.000000 3.425995 24.348529 -0.758354 -0.109106
8900.000000 3.433909 24.319920 -0.750271 -0.118799
8920.000000 3.442525 24.288956 -0.741786 -0.128474
8940.000000 3.451849 24.255660 -0.732856 -0.138128
8960.000000 3.461885 24.220058 -0.723428 -0.147755
8980.000000 3.472635 24.182180 -0.713449 -0.157350
9000.000000 3.484102 24.142057 -0.702860 -0.166907
9020.000000 3.496286 24.099724 -0.691597 -0.176419
9040.000000 3.509187 24.055218 -0.679591 -0.185880
9060.000000 3.522800 24.008579 -0.666770 -0.195282
9080.000000 3.537118 23.959851 -0.653056 -0.204615
9100.000000 3.552132 23.909079 -0.638368 -0.213871
9120.000000 3.567828 23.856312 -0.622620 -0.223038
9140.000000 3.584186 23.801602 -0.605723 -0.232106
9160.000000 3.601180 23.745005 -0.587586 -0.241063
9180.000000 3.618780 23.686579 -0.568113 -0.249893
9200.000000 3.636944 23.626385 -0.547209 -0.258583
9220.000000 3.655625 23.564487 -0.524777 -0.267117
9240.000000 3.674763 23.500952 -0.500723 -0.275478
9260.000000 3.694286 23.435849 -0.474953 -0.283647
9280.000000 3.714108 23.369250 -0.447386 -0.291605
9300.000000 3.734123 23.301229 -0.417950 -0.299332
9320.000000 3.754210 23.231860 -0.386595 -0.306801
9340.000000 3.774231 23.161221 -0.353286 -0.313989
9360.000000 3.794040 23.089390 -0.318003 -0.320873
9380.000000 3.813478 23.016445 -0.280748 -0.327426
9400.000000 3.832379 22.942465 -0.241542 -0.333625
9420.000000 3.850569 22.867531 -0.200434 -0.339443
9440.000000 3.867868 22.791721 -0.157498 -0.344856
9460.000000 3.884098 22.715114 -0.112836 -0.349841
9480.000000 3.899080 22.637788 -0.066578 -0.354374
9500.000000 3.912643 22.559820 -0.018880 -0.358435
9520.000000 3.924627 22.481287 0.030075 -0.362002
9540.000000 3.934885 22.402264 0.080082 -0.365059
9560.000000 3.943288 22.322826 0.130913 -0.367588
9580.000000 3.949729 22.243048 0.182329 -0.369576
9600.000000 3.954124 22.163005 0.234073 -0.371008
9620.000000 3.956414 22.082772 0.285888 -0.371876
9640.000000 3.956568 22.002424 0.337504 -0.372171
9660.000000 3.954583 21.922039 0.388666 -0.371888
9680.000000 3.950484 21.841696 0.439118 -0.371025
9700.000000 3.944322 21.761474 0.488619 -0.369582
9720.000000 3.936176 21.681456 0.536942 -0.367564
9740.000000 3.926148 21.601727 0.583881 -0.364977
9760.000000 3.914362 21.522372 0.629252 -0.361833
9780.000000 3.900958 21.443479 0.672895 -0.358144
9800.000000 3.886093 21.365139 0.714678 -0.353928
9820.000000 3.869932 21.287442 0.754495 -0.349202
9840.000000 3.852649 21.210481 0.792268 -0.343989
9860.000000 3.834419 21.134349 0.827947 -0.338309
9880.000000 3.815417 21.059141 0.861506 -0.332188
9900.000000 3.795815 20.984951 0.892945 -0.325650
9920.000000 3.775775 20.911872 0.922284 -0.318720
9940.000000 3.755455 20.839999 0.949566 -0.311424
9960.000000 3.735000 20.769423 0.974849 -0.303786
9980.000000 3.714544 20.700237 0.998208 -0.295831
10000.000000 3.694212 20.632529 1.019726 -0.287583
10020.000000 3.674117 20.566387 1.039497 -0.279066
10040.000000 3.654359 20.501897 1.057623 -0.270304
10060.000000 3.635022 20.439140 1.074214 -0.261316
10080.000000 3.616179 20.378196 1.089384 -0.252122
10100.000000 3.597887 20.319143 1.103247 -0.242738
10120.000000 3.580199 20.262055 1.115915 -0.233180
10140.000000 3.563155 20.207003 1.127499 -0.223464
10160.000000 3.546792 20.154056 1.138105 -0.213603
10180.000000 3.531138 20.103277 1.147833 -0.203611
10200.000000 3.516219 20.054729 1.156782 -0.193500
10220.000000 3.502052 20.008470 1.165043 -0.183281
10240.000000 3.488655 19.964555 1.172703 -0.172965
10260.000000 3.476040 19.923035 1.179843 -0.162561
10280.000000 3.464215 19.883958 1.186539 -0.152079
10300.000000 3.453188 19.847370 1.192861 -0.141526
10320.000000 3.442965 19.813312 1.198874 -0.130910
10340.000000 3.433549 19.781823 1.204638 -0.120239
10360.000000 3.424942 19.752937 1.210206 -0.109519
10380.000000 3.417146 19.726687 1.215626 -0.098756
10400.000000 3.410160 19.703101 1.220943 -0.087956
10420.000000 3.403985 19.682205 1.226194 -0.077125
10440.000000 3.398620 19.664022 1.231413 -0.066268
10460.000000 3.394064 19.648569 1.236628 -0.055390
10480.000000 3.390315 19.635864 1.241862 -0.044495
10500.000000 3.387373 19.625920 1.247134 -0.033589
10520.000000 3.385235 19.618746 1.252460 -0.022674
10540.000000 3.383902 19.614350 1.257847 -0.011757
10560.000000 3.383371 19.612734 1.263303 -0.000841
10580.000000 3.383641 19.613900 1.268827 0.010070
10600.000000 3.384711 19.617845 1.274417 0.020971
10620.000000 3.386580 19.624565 1.280066 0.031859
10640.000000 3.389247 19.634050 1.285762 0.042728
10660.000000 3.392711 19.646289 1.291490 0.053575
10680.000000 3.396971 19.661267 1.297231 0.064395
10700.000000 3.402025 19.678968 1.302962 0.075184
10720.000000 3.407872 19.699370 1.308655 0.085937
10740.000000 3.414511 19.722450 1.314280 0.096650
10760.000000 3.421939 19.748181 1.319803 0.107317
10780.000000 3.430154 19.776535 1.325187 0.117933
10800.000000 3.439154 19.807479 1.330388 0.128495
10820.000000 3.448935 19.840978 1.335363 0.138995
10840.000000 3.459493 19.876995 1.340063 0.149431
10860.000000 3.470823 19.915488 1.344437 0.159795
10880.000000 3.482921 19.956415 1.348428 0.170082
10900.000000 3.495780 19.999731 1.351979 0.180288
10920.000000 3.509392 20.045387 1.355028 0.190406
10940.000000 3.523750 20.093333 1.357511 0.200431
10960.000000 3.538844 20.143516 1.359359 0.210357
10980.000000 3.554662 20.195882 1.360502 0.220178
11000.000000 3.571193 20.250375 1.360867 0.229889
11020.000000 3.588424 20.306935 1.360377 0.239483
11040.000000 3.606337 20.365502 1.358954 0.248955
11060.000000 3.624916 20.426016 1.356516 0.258299
11080.000000 3.644142 20.488412 1.352979 0.267508
11100.000000 3.663991 20.552627 1.348259 0.276577
11120.000000 3.684439 20.618595 1.342267 0.285498
11140.000000 3.705458 20.686249 1.334915 0.294265
11160.000000 3.727015 20.755521 1.326113 0.302872
11180.000000 3.749075 20.826345 1.315770 0.311310
11200.000000 3.771597 20.898650 1.303796 0.319573
11220.000000 3.794534 20.972368 1.290100 0.327652
11240.000000 3.817835 21.047429 1.274593 0.335538
11260.000000 3.841438 21.123764 1.257189 0.343223
11280.000000 3.865276 21.201303 1.237804 0.350695
11300.000000 3.889273 21.279976 1.216358 0.357944
11320.000000 3.913342 21.359715 1.192778 0.364958
11340.000000 3.937387 21.440449 1.166995 0.371724
11360.000000 3.961299 21.522110 1.138951 0.378228
11380.000000 3.984958 21.604631 1.108595 0.384454
11400.000000 4.008234 21.687943 1.075889 0.390386
11420.000000 4.030985 21.771981 1.040808 0.396007
11440.000000 4.053059 21.856678 1.003341 0.401297
11460.000000 4.074293 21.941970 0.963493 0.406239
11480.000000 4.094520 22.027792 0.921286 0.410812
11500.000000 4.113569 22.114082 0.876764 0.414997
11520.000000 4.131267 22.200778 0.829991 0.418775
11540.000000 4.147443 22.287820 0.781053 0.422130
11560.000000 4.161936 22.375149 0.730060 0.425045
11580.000000 4.174594 22.462709 0.677149 0.427508
11600.000000 4.185280 22.550444 0.622480 0.429506
11620.000000 4.193875 22.638303 0.566240 0.431034
11640.000000 4.200284 22.726234 0.508640 0.432087
11660.000000 4.204433 22.814190 0.449915 0.432664
11680.000000 4.206276 22.902126 0.390320 0.432766
11700.000000 4.205794 22.989997 0.330126 0.432398
11720.000000 4.202992 23.077762 0.269616 0.431566
11740.000000 4.197903 23.165382 0.209079 0.430277
11760.000000 4.190585 23.252816 0.148807 0.428540
11780.000000 4.181120 23.340025 0.089084 0.426365
11800.000000 4.169612 23.426969 0.030184 0.423761
11820.000000 4.156182 23.513607 -0.027636 0.420739
11840.000000 4.140971 23.599896 -0.084138 0.417311
11860.000000 4.124132 23.685790 -0.139110 0.413490
11880.000000 4.105830 23.771243 -0.192366 0.409289
11900.000000 4.086236 23.856205 -0.243747 0.404725
11920.000000 4.065527 23.940625 -0.293123 0.399814
11940.000000 4.043879 24.024448 -0.340390 0.394573
11960.000000 4.021468 24.107619 -0.385472 0.389021
11980.000000 3.998462 24.190082 -0.428317 0.383178
12000.000000 3.975022 24.271779 -0.468894 0.377063
12020.000000 3.951300 24.352649 -0.507193 0.370696
12040.000000 3.927435 24.432635 -0.543224 0.364096
12060.000000 3.903553 24.511676 -0.577010 0.357281
12080.000000 3.879770 24.589713 -0.608587 0.350269
12100.000000 3.856185 24.666686 -0.638005 0.343078
12120.000000 3.832886 24.742536 -0.665322 0.335721
12140.000000 3.809949 24.817206 -0.690601 0.328213
12160.000000 3.787437 24.890639 -0.713913 0.320568
12180.000000 3.765404 24.962778 -0.735335 0.312797
12200.000000 3.743894 25.033567 -0.754942 0.304912
12220.000000 3.722942 25.102953 -0.772817 0.296921
12240.000000 3.702576 25.170884 -0.789038 0.288832
12260.000000 3.682817 25.237308 -0.803686 0.280655
12280.000000 3.663683 25.302175 -0.816842 0.272394
12300.000000 3.645184 25.365436 -0.828586 0.264056
12320.000000 3.627330 25.427044 -0.838995 0.255647
12340.000000 3.610124 25.486953 -0.848144 0.247170
12360.000000 3.593570 25.545118 -0.856108 0.238631
12380.000000 3.577668 25.601497 -0.862957 0.230031
12400.000000 3.562418 25.656046 -0.868762 0.221375
12420.000000 3.547817 25.708727 -0.873589 0.212666
12440.000000 3.533863 25.759498 -0.877500 0.203905
12460.000000 3.520552 25.808324 -0.880559 0.195095
12480.000000 3.507882 25.855166 -0.882823 0.186239
12500.000000 3.495848 25.899990 -0.884349 0.177337
12520.000000 3.484446 25.942761 -0.885189 0.168392
12540.000000 3.473674 25.983448 -0.885395 0.159405
12560.000000 3.463527 26.022019 -0.885015 0.150379
12580.000000 3.454002 26.058445 -0.884094 0.141313
12600.000000 3.445096 26.092696 -0.882676 0.132211
12620.000000 3.436807 26.124746 -0.880800 0.123073
12640.000000 3.429131 26.154570 -0.878505 0.113901
12660.000000 3.422067 26.182144 -0.875825 0.104697
12680.000000 3.415614 26.207444 -0.872794 0.095461
12700.000000 3.409769 26.230450 -0.869442 0.086196
12720.000000 3.404531 26.251143 -0.865796 0.076903
12740.000000 3.399901 26.269504 -0.861882 0.067583
12760.000000 3.395878 26.285518 -0.857722 0.058237
12780.000000 3.392461 26.299170 -0.853335 0.048869
12800.000000 3.389652 26.310446 -0.848739 0.039478
12820.000000 3.387450 26.319336 -0.843948 0.030067
12840.000000 3.385858 26.325830 -0.838974 0.020638
12860.000000 3.384876 26.329921 -0.833827 0.011191
12880.000000 3.384507 26.331601 -0.828511 0.001730
12900.000000 3.384751 26.330868 -0.823032 -0.007744
12920.000000 3.385613 26.327718 -0.817389 -0.017230
12940.000000 3.387094 26.322151 -0.811579 -0.026725
12960.000000 3.389197 26.314169 -0.805597 -0.036226
12980.000000 3.391926 26.303774 -0.799435 -0.045733
13000.000000 3.395284 26.290972 -0.793081 -0.055242
13020.000000 3.399274 26.275771 -0.786520 -0.064750
13040.000000 3.403900 26.258179 -0.779733 -0.074256
13060.000000 3.409165 26.238208 -0.772700 -0.083757
13080.000000 3.415074 26.215870 -0.765395 -0.093249
13100.000000 3.421630 26.191183 -0.757790 -0.102728
13120.000000 3.428835 26.164163 -0.749853 -0.112192
13140.000000 3.436693 26.134830 -0.741548 -0.121637
13160.000000 3.445206 26.103207 -0.732837 -0.131059
13180.000000 3.454376 26.069318 -0.723678 -0.140452
13200.000000 3.464202 26.033190 -0.714023 -0.149812
13220.000000 3.474685 25.994852 -0.703823 -0.159134
13240.000000 3.485822 25.954336 -0.693024 -0.168411
13260.000000 3.497609 25.911676 -0.681570 -0.177638
13280.000000 3.510040 25.866910 -0.669400 -0.186807
13300.000000 3.523107 25.820076 -0.656452 -0.195912
13320.000000 3.536797 25.771216 -0.642658 -0.204943
13340.000000 3.551095 25.720374 -0.627949 -0.213891
13360.000000 3.565981 25.667599 -0.612256 -0.222748
13380.000000 3.581431 25.612939 -0.595505 -0.231502
13400.000000 3.597414 25.556446 -0.577622 -0.240143
13420.000000 3.613894 25.498175 -0.558535 -0.248657
13440.000000 3.630828 25.438183 -0.538170 -0.257031
13460.000000 3.648166 25.376530 -0.516457 -0.265251
13480.000000 3.665850 25.313278 -0.493324 -0.273301
13500.000000 3.683815 25.248491 -0.468705 -0.281166
13520.000000 3.701987 25.182234 -0.442539 -0.288828
13540.000000 3.720281 25.114575 -0.414771 -0.296269
13560.000000 3.738601 25.045585 -0.385360 -0.303470
13580.000000 3.756840 24.975334 -0.354272 -0.310412
13600.000000 3.774882 24.903894 -0.321491 -0.317072
13620.000000 3.792600 24.831337 -0.287014 -0.323430
13640.000000 3.809862 24.757738 -0.250856 -0.329465
13660.000000 3.826526 24.683171 -0.213051 -0.335154
13680.000000 3.842447 24.607709 -0.173655 -0.340476
13700.000000 3.857479 24.531427 -0.132743 -0.345410
13720.000000 3.871473 24.454399 -0.090415 -0.349934
13740.000000 3.884286 24.376699 -0.046791 -0.354030
13760.000000 3.895779 24.298400 -0.002016 -0.357678
13780.000000 3.905823 24.219575 0.043747 -0.360861
13800.000000 3.914303 24.140296 0.090314 -0.363565
13820.000000 3.921116 24.060635 0.137487 -0.365776
13840.000000 3.926180 23.980665 0.185050 -0.367481
13860.000000 3.929432 23.900456 0.232780 -0.368671
13880.000000 3.930829 23.820082 0.280447 -0.369343
13900.000000 3.930356 23.739614 0.327819 -0.369491
13920.000000 3.928019 23.659125 0.374667 -0.369109
13940.000000 3.923848 23.578690 0.420768 -0.368204
13960.000000 3.917900 23.498383 0.465914 -0.366779
13980.000000 3.910249 23.418280 0.509912 -0.364840
14000.000000 3.900993 23.338458 0.552589 -0.362400
14020.000000 3.890244 23.258995 0.593793 -0.359469
14040.000000 3.878128 23.179969 0.633397 -0.356063
14060.000000 3.864782 23.101461 0.671299 -0.352200
14080.000000 3.850347 23.023551 0.707423 -0.347899
14100.000000 3.834968 22.946319 0.741717 -0.343179
14120.000000 3.818790 22.869846 0.774152 -0.338061
14140.000000 3.801955 22.794213 0.804722 -0.332566
14160.000000 3.784598 22.719500 0.833440 -0.326716
14180.000000 3.766848 22.645787 0.860334 -0.320531
14200.000000 3.748826 22.573154 0.885450 -0.314033
14220.000000 3.730642 22.501678 0.908842 -0.307240
14240.000000 3.712400 22.431437 0.930578 -0.300171
14260.000000 3.694193 22.362507 0.950728 -0.292844
14280.000000 3.676103 22.294963 0.969374 -0.285276
14300.000000 3.658205 22.228877 0.986598 -0.277483
14320.000000 3.640567 22.164322 1.002486 -0.269479
14340.000000 3.623246 22.101367 1.017124 -0.261278
14360.000000 3.606296 22.040080 1.030600 -0.252891
14380.000000 3.589763 21.980529 1.043000 -0.244333
14400.000000 3.573686 21.922779 1.054409 -0.235612
14420.000000 3.558101 21.866891 1.064913 -0.226739
14440.000000 3.543039 21.812928 1.074591 -0.217724
14460.000000 3.528527 21.760949 1.083522 -0.208576
14480.000000 3.514589 21.711010 1.091784 -0.199301
14500.000000 3.501245 21.663168 1.099448 -0.189908
14520.000000 3.488512 21.617474 1.106584 -0.180404
14540.000000 3.476406 21.573982 1.113259 -0.170796
14560.000000 3.464939 21.532738 1.119536 -0.161090
14580.000000 3.454125 21.493790 1.125474 -0.151293
14600.000000 3.443973 21.457182 1.131129 -0.141413
14620.000000 3.434494 21.422955 1.136552 -0.131455
14640.000000 3.425696 21.391148 1.141793 -0.121425
14660.000000 3.417588 21.361798 1.146896 -0.111330
14680.000000 3.410175 21.334938 1.151903 -0.101173
14700.000000 3.403463 21.310600 1.156851 -0.090962
14720.000000 3.397458 21.288812 1.161774 -0.080700
14740.000000 3.392164 21.269600 1.166702 -0.070392
14760.000000 3.387585 21.252987 1.171662 -0.060042
14780.000000 3.383724 21.238995 1.176675 -0.049656
14800.000000 3.380586 21.227641 1.181760 -0.039236
14820.000000 3.378174 21.218940 1.186931 -0.028788
14840.000000 3.376490 21.212906 1.192201 -0.018314
14860.000000 3.375538 21.209548 1.197574 -0.007820
14880.000000 3.375322 21.208874 1.203055 0.002692
14900.000000 3.375844 21.210888 1.208644 0.013216
14920.000000 3.377107 21.215592 1.214334 0.023750
14940.000000 3.379115 21.222985 1.220119 0.034288
14960.000000 3.381870 21.233062 1.225986 0.044827
14980.000000 3.385375 21.245818 1.231919 0.055362
15000.000000 3.389633 21.261241 1.237899 0.065889
15020.000000 3.394647 21.279321 1.243903 0.076403
15040.000000 3.400418 21.300041 1.249903 0.086900
15060.000000 3.406949 21.323382 1.255870 0.097374
15080.000000 3.414241 21.349324 1.261767 0.107821
15100.000000 3.422295 21.377842 1.267558 0.118235
15120.000000 3.431112 21.408908 1.273201 0.128610
15140.000000 3.440690 21.442493 1.278651 0.138941
15160.000000 3.451029 21.478563 1.283859 0.149223
15180.000000 3.462128 21.517083 1.288772 0.159449
15200.000000 3.473982 21.558013 1.293336 0.169614
15220.000000 3.486588 21.601313 1.297490 0.179710
15240.000000 3.499940 21.646937 1.301174 0.189733
15260.000000 3.514032 21.694841 1.304321 0.199675
15280.000000 3.528856 21.744973 1.306862 0.209529
15300.000000 3.544402 21.797283 1.308727 0.219289
15320.000000 3.560658 21.851717 1.309840 0.228949
15340.000000 3.577612 21.908219 1.310124 0.238501
15360.000000 3.595247 21.966732 1.309499 0.247939
15380.000000 3.613547 22.027194 1.307884 0.257255
15400.000000 3.632490 22.089546 1.305193 0.266442
15420.000000 3.652055 22.153723 1.301339 0.275493
15440.000000 3.672215 22.219662 1.296235 0.284401
15460.000000 3.692940 22.287297 1.289791 0.293158
15480.000000 3.714197 22.356561 1.281917 0.301755
15500.000000 3.735948 22.427386 1.272521 0.310186
15520.000000 3.758150 22.499704 1.261513 0.318440
15540.000000 3.780755 22.573446 1.248803 0.326510
15560.000000 3.803708 22.648542 1.234303 0.334385
15580.000000 3.826948 22.724922 1.217925 0.342057
15600.000000 3.850404 22.802517 1.199589 0.349513
15620.000000 3.874000 22.881256 1.179215 0.356743
15640.000000 3.897646 22.961070 1.156731 0.363734
15660.000000 3.921247 23.041889 1.132072 0.370473
15680.000000 3.944693 23.123643 1.105180 0.376946
15700.000000 3.967868 23.206266 1.076008 0.383138
15720.000000 3.990641 23.289687 1.044520 0.389032
15740.000000 4.012874 23.373841 1.010694 0.394612
15760.000000 4.034418 23.458661 0.974522 0.399860
15780.000000 4.055116 23.544082 0.936012 0.404757
15800.000000 4.074808 23.630040 0.895190 0.409286
15820.000000 4.093326 23.716472 0.852102 0.413428
15840.000000 4.110506 23.803315 0.806816 0.417165
15860.000000 4.126186 23.890511 0.759420 0.420482
15880.000000 4.140211 23.978000 0.710028 0.423363
15900.000000 4.152435 24.065726 0.658777 0.425796
15920.000000 4.162729 24.153635 0.605828 0.427772
15940.000000 4.170980 24.241672 0.551369 0.429283
15960.000000 4.177097 24.329789 0.495607 0.430325
15980.000000 4.181011 24.417938 0.438775 0.430897
16000.000000 4.182679 24.506071 0.381123 0.430999
16020.000000 4.182081 24.594146 0.322915 0.430637
16040.000000 4.179226 24.682119 0.264426 0.429814
16060.000000 4.174145 24.769950 0.205939 0.428538
16080.000000 4.166895 24.857598 0.147733 0.426817
16100.000000 4.157556 24.945023 0.090084 0.424660
16120.000000 4.146228 25.032182 0.033257 0.422077
16140.000000 4.133030 25.119033 -0.022500 0.419078
16160.000000 4.118098 25.205532 -0.076958 0.415675
16180.000000 4.101580 25.291634 -0.129911 0.411881
16200.000000 4.083635 25.377290 -0.181179 0.407710
16220.000000 4.064429 25.462449 -0.230606 0.403177
16240.000000 4.044131 25.547060 -0.278067 0.398297
16260.000000 4.022913 25.631068 -0.323458 0.393089
16280.000000 4.000942 25.714418 -0.366704 0.387570
16300.000000 3.978381 25.797051 -0.407752 0.381759
16320.000000 3.955384 25.878909 -0.446571 0.375675
16340.000000 3.932098 25.959932 -0.483151 0.369336
16360.000000 3.908658 26.040061 -0.517497 0.362760
16380.000000 3.885186 26.119235 -0.549632 0.355966
16400.000000 3.861794 26.197394 -0.579591 0.348969
16420.000000 3.838579 26.274477 -0.607419 0.341787
16440.000000 3.815629 26.350424 -0.633172 0.334433
16460.000000 3.793017 26.425176 -0.656913 0.326922
16480.000000 3.770807 26.498675 -0.678712 0.319267
16500.000000 3.749054 26.570863 -0.698642 0.311478
16520.000000 3.727802 26.641683 -0.716779 0.303567
16540.000000 3.707088 26.711080 -0.733203 0.295544
16560.000000 3.686942 26.779001 -0.747994 0.287415
16580.000000 3.667387 26.845391 -0.761232 0.279191
16600.000000 3.648442 26.910200 -0.772999 0.270877
16620.000000 3.630122 26.973377 -0.783372 0.262480
16640.000000 3.612435 27.034874 -0.792432 0.254005
16660.000000 3.595391 27.094643 -0.800255 0.245458
16680.000000 3.578993 27.152639 -0.806916 0.236844
16700.000000 3.563244 27.208817 -0.812488 0.228166
16720.000000 3.548145 27.263134 -0.817042 0.219428
16740.000000 3.533696 27.315550 -0.820646 0.210634
16760.000000 3.519897 27.366023 -0.823366 0.201788
16780.000000 3.506745 27.414516 -0.825265 0.192892
16800.000000 3.494237 27.460992 -0.826405 0.183950
16820.000000 3.482372 27.505416 -0.826842 0.174963
16840.000000 3.471146 27.547755 -0.826634 0.165936
16860.000000 3.460555 27.587976 -0.825832 0.156870
16880.000000 3.450597 27.626049 -0.824486 0.147768
16900.000000 3.441268 27.661946 -0.822645 0.138632
16920.000000 3.432564 27.695639 -0.820354 0.129465
16940.000000 3.424484 27.727104 -0.817653 0.120270
16960.000000 3.417022 27.756316 -0.814584 0.111047
16980.000000 3.410178 27.783254 -0.811182 0.101801
17000.000000 3.403947 27.807898 -0.807482 0.092533
17020.000000 3.398327 27.830230 -0.803515 0.083245
17040.000000 3.393316 27.850233 -0.799310 0.073940
17060.000000 3.388910 27.867893 -0.794892 0.064621
17080.000000 3.385109 27.883196 -0.790286 0.055288
17100.000000 3.381909 27.896133 -0.785512 0.045945
17120.000000 3.379310 27.906693 -0.780587 0.036593
17140.000000 3.377309 27.914870 -0.775527 0.027236
17160.000000 3.375905 27.920657 -0.770343 0.017875
17180.000000 3.375096 27.924052 -0.765046 0.008512
17200.000000 3.374882 27.925053 -0.759641 -0.000849
17220.000000 3.375262 27.923660 -0.754133 -0.010208
17240.000000 3.376234 27.919876 -0.748522 -0.019561
17260.000000 3.377798 27.913703 -0.742806 -0.028906
17280.000000 3.379954 27.905148 -0.736982 -0.038240
17300.000000 3.382700 27.894219 -0.731040 -0.047562
17320.000000 3.386037 27.880925 -0.724971 -0.056868
17340.000000 3.389964 27.865278 -0.718761 -0.066155
17360.000000 3.394479 27.847291 -0.712394 -0.075421
17380.000000 3.399583 27.826980 -0.705851 -0.084663
17400.000000 3.405275 27.804362 -0.699109 -0.093877
17420.000000 3.411552 27.779457 -0.692144 -0.103060
17440.000000 3.418414 27.752286 -0.684929 -0.112209
17460.000000 3.425857 27.722872 -0.677432 -0.121320
17480.000000 3.433880 27.691241 -0.669621 -0.130388
17500.000000 3.442477 27.657419 -0.661460 -0.139409
17520.000000 3.451645 27.621436 -0.652911 -0.148379
17540.000000 3.461378 27.583324 -0.643933 -0.157293
17560.000000 3.471668 27.543116 -0.634484 -0.166144
17580.000000 3.482511 27.500848 -0.624517 -0.174928
17600.000000 3.493900 27.456557 -0.613983 -0.183639
17620.000000 3.505831 27.410282 -0.602829 -0.192273
17640.000000 3.518297 27.362065 -0.591000 -0.200826
17660.000000 3.531289 27.311949 -0.578435 -0.209293
17680.000000 3.544797 27.259977 -0.565076 -0.217668
17700.000000 3.558806 27.206195 -0.550858 -0.225945
17720.000000 3.573298 27.150651 -0.535716 -0.234118
17740.000000 3.588255 27.093393 -0.519582 -0.242180
17760.000000 3.603652 27.034473 -0.502387 -0.250122
17780.000000 3.619461 26.973942 -0.484058 -0.257935
17800.000000 3.635648 26.911856 -0.464522 -0.265609
17820.000000 3.652172 26.848269 -0.443707 -0.273134
17840.000000 3.668989 26.783240 -0.421540 -0.280496
17860.000000 3.686042 26.716828 -0.397948 -0.287682
17880.000000 3.703270 26.649093 -0.372863 -0.294677
17900.000000 3.720599 26.580100 -0.346221 -0.301465
17920.000000 3.737947 26.509911 -0.317961 -0.308029
17940.000000 3.755219 26.438594 -0.288035 -0.314350
17960.000000 3.772310 26.366216 -0.256402 -0.320407
17980.000000 3.789104 26.292844 -0.223037 -0.326181
18000.000000 3.805471 26.218549 -0.187931 -0.331649
18020.000000 3.821272 26.143400 -0.151099 -0.336788
18040.000000 3.836357 26.067468 -0.112583 -0.341575
18060.000000 3.850567 25.990824 -0.072458 -0.345983
18080.000000 3.863742 25.913539 -0.030832 -0.349993
18100.000000 3.875723 25.835682 0.012158 -0.353584
18120.000000 3.886357 25.757323 0.056350 -0.356738
18140.000000 3.895509 25.678532 0.101560 -0.359436
18160.000000 3.903057 25.599376 0.147583 -0.361663
18180.000000 3.908901 25.519924 0.194206 -0.363403
18200.000000 3.912960 25.440247 0.241199 -0.364643
18220.000000 3.915178 25.360414 0.288322 -0.365371
18240.000000 3.915524 25.280497 0.335345 -0.365581
18260.000000 3.913991 25.200566 0.382015 -0.365270
18280.000000 3.910600 25.120694 0.428098 -0.364439
18300.000000 3.905397 25.040954 0.473374 -0.363088
18320.000000 3.898453 24.961422 0.517630 -0.361225
18340.000000 3.889863 24.882172 0.560664 -0.358858
18360.000000 3.879745 24.803283 0.602304 -0.355997
18380.000000 3.868231 24.724832 0.642397 -0.352656
18400.000000 3.855467 24.646900 0.680821 -0.348852
18420.000000 3.841603 24.569568 0.717489 -0.344603
18440.000000 3.826789 24.492917 0.752345 -0.339933
18460.000000 3.811171 24.417028 0.785364 -0.334863
18480.000000 3.794891 24.341984 0.816543 -0.329416
18500.000000 3.778083 24.267863 0.845895 -0.323613
18520.000000 3.760875 24.194747 0.873452 -0.317475
18540.000000 3.743386 24.122714 0.899257 -0.311023
18560.000000 3.725723 24.051842 0.923366 -0.304276
18580.000000 3.707988 23.982208 0.945842 -0.297252
18600.000000 3.690270 23.913889 0.966755 -0.289970
18620.000000 3.672653 23.846957 0.986180 -0.282444
18640.000000 3.655208 23.781487 1.004197 -0.274691
18660.000000 3.638003 23.717549 1.020886 -0.266723
18680.000000 3.621094 23.655215 1.036331 -0.258554
18700.000000 3.604534 23.594553 1.050613 -0.250195
18720.000000 3.588370 23.535630 1.063815 -0.241657
18740.000000 3.572640 23.478512 1.076019 -0.232950
18760.000000 3.557381 23.423263 1.087303 -0.224082
18780.000000 3.542622 23.369947 1.097747 -0.215062
18800.000000 3.528388 23.318623 1.107427 -0.205899
18820.000000 3.514704 23.269352 1.116415 -0.196601
18840.000000 3.501591 23.222188 1.124781 -0.187178
18860.000000 3.489075 23.177188 1.132590 -0.177638
18880.000000 3.477174 23.134401 1.139907 -0.167992
18900.000000 3.465907 23.093877 1.146794 -0.158248
18920.000000 3.455290 23.055662 1.153309 -0.148412
18940.000000 3.445336 23.019799 1.159506 -0.138493
18960.000000 3.436057 22.986331 1.165438 -0.128498
18980.000000 3.427461 22.955294 1.171154 -0.118433
19000.000000 3.419559 22.926724 1.176697 -0.108304
19020.000000 3.412355 22.900655 1.182110 -0.098117
19040.000000 3.405857 22.877116 1.187430 -0.087878
19060.000000 3.400069 22.856135 1.192689 -0.077592
19080.000000 3.394996 22.837736 1.197918 -0.067263
19100.000000 3.390642 22.821941 1.203144 -0.056897
19120.000000 3.387009 22.808770 1.208386 -0.046498
19140.000000 3.384102 22.798239 1.213665 -0.036071
19160.000000 3.381922 22.790361 1.218995 -0.025619
19180.000000 3.380473 22.785148 1.224386 -0.015148
19200.000000 3.379756 22.782607 1.229844 -0.004661
19220.000000 3.379775 22.782745 1.235374 0.005837
19240.000000 3.380532 22.785563 1.240974 0.016343
19260.000000 3.382028 22.791061 1.246640 0.026853
19280.000000 3.384266 22.799236 1.252364 0.037361
19300.000000 3.387248 22.810082 1.258134 0.047865
19320.000000 3.390976 22.823592 1.263935 0.058359
19340.000000 3.395452 22.839752 1.269747 0.068840
19360.000000 3.400677 22.858549 1.275548 0.079302
19380.000000 3.406652 22.879965 1.281311 0.089742
19400.000000 3.413379 22.903980 1.287008 0.100154
19420.000000 3.420858 22.930572 1.292603 0.110533
19440.000000 3.429088 22.959714 1.298061 0.120875
19460.000000 3.438071 22.991378 1.303340 0.131174
19480.000000 3.447803 23.025533 1.308397 0.141425
19500.000000 3.458285 23.062144 1.313185 0.151623
19520.000000 3.469512 23.101174 1.317654 0.161763
19540.000000 3.481482 23.142585 1.321748 0.171837
19560.000000 3.494190 23.186334 1.325411 0.181842
19580.000000 3.507631 23.232377 1.328583 0.191770
19600.000000 3.521798 23.280668 1.331200 0.201617
19620.000000 3.536683 23.331156 1.333195 0.211375
19640.000000 3.552277 23.383791 1.334499 0.221040
19660.000000 3.568568 23.438520 1.335039 0.230604
19680.000000 3.585543 23.495287 1.334740 0.240061
19700.000000 3.603189 23.554034 1.333525 0.249406
19720.000000 3.621489 23.614704 1.331313 0.258631
19740.000000 3.640422 23.677236 1.328021 0.267729
19760.000000 3.659968 23.741568 1.323564 0.276695
19780.000000 3.680103 23.807636 1.317857 0.285521
19800.000000 3.700797 23.875378 1.310811 0.294199
19820.000000 3.722019 23.944726 1.302338 0.302724
19840.000000 3.743733 24.015615 1.292346 0.311085
19860.000000 3.765898 24.087979 1.280748 0.319277
19880.000000 3.788467 24.161749 1.267454 0.327289
19900.000000 3.811388 24.236858 1.252375 0.335113
19920.000000 3.834600 24.313238 1.235426 0.342739
19940.000000 3.858037 24.390819 1.216525 0.350156
19960.000000 3.881620 24.469534 1.195592 0.357352
19980.000000 3.905264 24.549315 1.172555 0.364317
20000.000000 3.928873 24.630092 1.147347 0.371036
20020.000000 3.952341 24.711799 1.119910 0.377494
20040.000000 3.975548 24.794368 1.090196 0.383678
20060.000000 3.998366 24.877733 1.058166 0.389569
20080.000000 4.020655 24.961826 1.023796 0.395152
20100.000000 4.042266 25.046584 0.987076 0.400406
20120.000000 4.063042 25.131941 0.948012 0.405315
20140.000000 4.082817 25.217835 0.906627 0.409859
20160.000000 4.101426 25.304202 0.862965 0.414019
20180.000000 4.118699 25.390982 0.817091 0.417777
20200.000000 4.134471 25.478115 0.769091 0.421115
20220.000000 4.148584 25.565543 0.719075 0.424020
20240.000000 4.160889 25.653210 0.667181 0.426477
20260.000000 4.171254 25.741061 0.613566 0.428477
20280.000000 4.179562 25.829043 0.558418 0.430011
20300.000000 4.185720 25.917108 0.501945 0.431075
20320.000000 4.189655 26.005206 0.444379 0.431668
20340.000000 4.191322 26.093293 0.385972 0.431791
20360.000000 4.190700 26.181324 0.326990 0.431447
20380.000000 4.187794 26.269259 0.267712 0.430642
20400.000000 4.182636 26.357055 0.208423 0.429382
20420.000000 4.175281 26.444673 0.149408 0.427675
20440.000000 4.165808 26.532073 0.090947 0.425531
20460.000000 4.154319 26.619213 0.033309 0.422958
20480.000000 4.140933 26.706052 -0.023253 0.419967
20500.000000 4.125787 26.792545 -0.078505 0.416569
20520.000000 4.109030 26.878648 -0.132237 0.412777
20540.000000 4.090823 26.964311 -0.184265 0.408605
20560.000000 4.071336 27.049485 -0.234432 0.404067
20580.000000 4.050740 27.134118 -0.282606 0.399180
20600.000000 4.029208 27.218154 -0.328684 0.393960
20620.000000 4.006912 27.301537 -0.372589 0.388427
20640.000000 3.984017 27.384210 -0.414266 0.382597
20660.000000 3.960682 27.466113 -0.453684 0.376492
20680.000000 3.937055 27.547187 -0.490832 0.370128
20700.000000 3.913274 27.627370 -0.525715 0.363526
20720.000000 3.889465 27.706601 -0.558356 0.356701
20740.000000 3.865739 27.784819 -0.588789 0.349673
20760.000000 3.842197 27.861964 -0.617063 0.342455
20780.000000 3.818927 27.937974 -0.643233 0.335065
20800.000000 3.796004 28.012789 -0.667363 0.327514
20820.000000 3.773493 28.086350 -0.689524 0.319816
20840.000000 3.751448 28.158598 -0.709789 0.311983
20860.000000 3.729915 28.229476 -0.728236 0.304025
20880.000000 3.708931 28.298927 -0.744947 0.295951
20900.000000 3.688525 28.366895 -0.760001 0.287771
20920.000000 3.668721 28.433327 -0.773480 0.279490
20940.000000 3.649538 28.498170 -0.785466 0.271117
20960.000000 3.630989 28.561373 -0.796040 0.262657
20980.000000 3.613085 28.622885 -0.805282 0.254117
21000.000000 3.595833 28.682657 -0.813268 0.245500
21020.000000 3.579237 28.740642 -0.820075 0.236811
21040.000000 3.563301 28.796795 -0.825777 0.228054
21060.000000 3.548025 28.851071 -0.830446 0.219234
21080.000000 3.533410 28.903426 -0.834151 0.210352
21100.000000 3.519454 28.953820 -0.836958 0.201412
21120.000000 3.506157 29.002211 -0.838931 0.192418
21140.000000 3.493515 29.048562 -0.840134 0.183371
21160.000000 3.481528 29.092836 -0.840623 0.174274
21180.000000 3.470191 29.134996 -0.840456 0.165130
21200.000000 3.459503 29.175010 -0.839687 0.155941
21220.000000 3.449460 29.212844 -0.838367 0.146710
21240.000000 3.440061 29.248467 -0.836543 0.137438
21260.000000 3.431303 29.281851 -0.834262 0.128127
21280.000000 3.423183 29.312969 -0.831566 0.118781
21300.000000 3.415700 29.341794 -0.828497 0.109400
21320.000000 3.408851 29.368303 -0.825091 0.099988
21340.000000 3.402635 29.392473 -0.821384 0.090546
21360.000000 3.397050 29.414284 -0.817407 0.081077
21380.000000 3.392095 29.433717 -0.813190 0.071582
21400.000000 3.387770 29.450756 -0.808760 0.062064
21420.000000 3.384073 29.465385 -0.804139 0.052525
21440.000000 3.381004 29.477591 -0.799350 0.042967
21460.000000 3.378562 29.487364 -0.794410 0.033391
21480.000000 3.376749 29.494694 -0.789334 0.023801
21500.000000 3.375564 29.499574 -0.784134 0.014198
21520.000000 3.375008 29.501997 -0.778819 0.004585
21540.000000 3.375082 29.501962 -0.773395 -0.005036
21560.000000 3.375787 29.499465 -0.767865 -0.014664
21580.000000 3.377125 29.494509 -0.762229 -0.024295
21600.000000 3.379098 29.487094 -0.756483 -0.033928
21620.000000 3.381707 29.477226 -0.750620 -0.043560
21640.000000 3.384955 29.464911 -0.744630 -0.053188
21660.000000 3.388845 29.450158 -0.738501 -0.062810
21680.000000 3.393378 29.432977 -0.732214 -0.072424
21700.000000 3.398558 29.413382 -0.725750 -0.082025
21720.000000 3.404387 29.391386 -0.719085 -0.091612
21740.000000 3.410868 29.367008 -0.712191 -0.101180
21760.000000 3.418004 29.340266 -0.705037 -0.110727
21780.000000 3.425797 29.311182 -0.697589 -0.120248
21800.000000 3.434248 29.279780 -0.689807 -0.129740
21820.000000 3.443360 29.246085 -0.681649 -0.139198
21840.000000 3.453132 29.210126 -0.673069 -0.148616
21860.000000 3.463565 29.171935 -0.664018 -0.157992
21880.000000 3.474657 29.131543 -0.654441 -0.167318
21900.000000 3.486406 29.088987 -0.644281 -0.176589
21920.000000 3.498807 29.044304 -0.633478 -0.185797
21940.000000 3.511853 28.997536 -0.621966 -0.194937
21960.000000 3.525535 28.948725 -0.609678 -0.203999
21980.000000 3.539840 28.897917 -0.596544 -0.212977
22000.000000 3.554752 28.845160 -0.582490 -0.221860
22020.000000 3.570249 28.790505 -0.567442 -0.230638
22040.000000 3.586304 28.734005 -0.551323 -0.239301
22060.000000 3.602887 28.675716 -0.534056 -0.247835
22080.000000 3.619961 28.615696 -0.515563 -0.256228
22100.000000 3.637481 28.554007 -0.495764 -0.264469
22120.000000 3.655399 28.490711 -0.474585 -0.272541
22140.000000 3.673655 28.425873 -0.451950 -0.280429
22160.000000 3.692182 28.359560 -0.427788 -0.288119
22180.000000 3.710903 28.291842 -0.402034 -0.295593
22200.000000 3.729734 28.222789 -0.374630 -0.302832
22220.000000 3.748578 28.152474 -0.345526 -0.309819
22240.000000 3.767328 28.080968 -0.314681 -0.316535
22260.000000 3.785870 28.008348 -0.282069 -0.322959
22280.000000 3.804076 27.934686 -0.247678 -0.329071
22300.000000 3.821814 27.860060 -0.211513 -0.334851
22320.000000 3.838942 27.784543 -0.173596 -0.340277
22340.000000 3.855313 27.708212 -0.133971 -0.345329
22360.000000 3.870775 27.631142 -0.092703 -0.349987
22380.000000 3.885178 27.553407 -0.049881 -0.354229
22400.000000 3.898370 27.475081 -0.005617 -0.358038
22420.000000 3.910207 27.396238 0.039955 -0.361394
22440.000000 3.920550 27.316951 0.086677 -0.364280
22460.000000 3.929272 27.237291 0.134370 -0.366680
22480.000000 3.936262 27.157330 0.182837 -0.368578
22500.000000 3.941423 27.077141 0.231863 -0.369964
22520.000000 3.944681 26.996795 0.281224 -0.370823
22540.000000 3.945979 26.916363 0.330681 -0.371149
22560.000000 3.945290 26.835919 0.379995 -0.370933
22580.000000 3.942608 26.755537 0.428929 -0.370171
22600.000000 3.937953 26.675291 0.477242 -0.368859
22620.000000 3.931372 26.595260 0.524708 -0.366999
22640.000000 3.922934 26.515522 0.571111 -0.364595
22660.000000 3.912734 26.436157 0.616252 -0.361654
22680.000000 3.900885 26.357247 0.659950 -0.358185
22700.000000 3.887520 26.278877 0.702048 -0.354202
22720.000000 3.872787 26.201133 0.742414 -0.349720
22740.000000 3.856842 26.124102 0.780940 -0.344757
22760.000000 3.839850 26.047871 0.817545 -0.339333
22780.000000 3.821979 25.972531 0.852174 -0.333469
22800.000000 3.803398 25.898172 0.884799 -0.327189
22820.000000 3.784269 25.824883 0.915414 -0.320517
22840.000000 3.764750 25.752755 0.944037 -0.313476
22860.000000 3.744992 25.681876 0.970704 -0.306090
22880.000000 3.725134 25.612335 0.995470 -0.298384
22900.000000 3.705305 25.544220 1.018402 -0.290381
22920.000000 3.685623 25.477615 1.039582 -0.282102
22940.000000 3.666190 25.412605 1.059103 -0.273569
22960.000000 3.647094 25.349272 1.077066 -0.264800
22980.000000 3.628411 25.287695 1.093573 -0.255814
23000.000000 3.610209 25.227952 1.108731 -0.246629
23020.000000 3.592546 25.170118 1.122645 -0.237261
23040.000000 3.575469 25.114264 1.135418 -0.227726
23060.000000 3.559022 25.060458 1.147152 -0.218037
23080.000000 3.543239 25.008767 1.157946 -0.208209
23100.000000 3.528149 24.959253 1.167894 -0.198254
23120.000000 3.513778 24.911976 1.177087 -0.188184
23140.000000 3.500145 24.866991 1.185611 -0.178010
23160.000000 3.487265 24.824351 1.193548 -0.167741
23180.000000 3.475153 24.784107 1.200974 -0.157388
23200.000000 3.463817 24.746305 1.207960 -0.146959
23220.000000 3.453265 24.710987 1.214573 -0.136462
23240.000000 3.443504 24.678193 1.220872 -0.125904
23260.000000 3.434536 24.647961 1.226915 -0.115294
23280.000000 3.426365 24.620323 1.232751 -0.104638
23300.000000 3.418993 24.595310 1.238426 -0.093941
23320.000000 3.412419 24.572949 1.243982 -0.083210
23340.000000 3.406644 24.553263 1.249453 -0.072450
23360.000000 3.401667 24.536273 1.254870 -0.061666
23380.000000 3.397488 24.521996 1.260261 -0.050864
23400.000000 3.394105 24.510448 1.265647 -0.040049
23420.000000 3.391518 24.501639 1.271045 -0.029224
23440.000000 3.389725 24.495578 1.276468 -0.018394
23460.000000 3.388723 24.492270 1.281925 -0.007564
23480.000000 3.388513 24.491717 1.287420 0.003261
23500.000000 3.389093 24.493918 1.292954 0.014079
23520.000000 3.390460 24.498870 1.298522 0.024884
23540.000000 3.392615 24.506565 1.304118 0.035672
23560.000000 3.395554 24.516994 1.309729 0.046440
23580.000000 3.399278 24.530144 1.315340 0.057182
23600.000000 3.403784 24.545999 1.320933 0.067895
23620.000000 3.409071 24.564542 1.326483 0.078574
23640.000000 3.415137 24.585749 1.331966 0.089214
23660.000000 3.421980 24.609597 1.337350 0.099812
23680.000000 3.429598 24.636059 1.342602 0.110362
23700.000000 3.437988 24.665105 1.347685 0.120860
23720.000000 3.447146 24.696701 1.352558 0.131301
23740.000000 3.457071 24.730814 1.357178 0.141680
23760.000000 3.467756 24.767403 1.361497 0.151992
23780.000000 3.479199 24.806431 1.365466 0.162233
23800.000000 3.491392 24.847852 1.369029 0.172397
23820.000000 3.504331 24.891622 1.372131 0.182479
23840.000000 3.518007 24.937694 1.374711 0.192473
23860.000000 3.532414 24.986017 1.376707 0.202375
23880.000000 3.547541 25.036540 1.378052 0.212180
23900.000000 3.563378 25.089208 1.378679 0.221881
23920.000000 3.579914 25.143967 1.378513 0.231474
23940.000000 3.597135 25.200759 1.377483 0.240953
23960.000000 3.615027 25.259526 1.375509 0.250313
23980.000000 3.633573 25.320205 1.372514 0.259547
24000.000000 3.652754 25.382737 1.368415 0.268650
24020.000000 3.672550 25.447058 1.363127 0.277616
24040.000000 3.692936 25.513104 1.356566 0.286439
24060.000000 3.713885 25.580809 1.348644 0.295112
24080.000000 3.735368 25.650109 1.339271 0.303630
24100.000000 3.757348 25.720937 1.328360 0.311984
24120.000000 3.779786 25.793226 1.315819 0.320167
24140.000000 3.802637 25.866908 1.301560 0.328172
24160.000000 3.825850 25.941915 1.285494 0.335990
24180.000000 3.849366 26.018179 1.267536 0.343611
24200.000000 3.873118 26.095633 1.247603 0.351025
24220.000000 3.897031 26.174208 1.225613 0.358221
24240.000000 3.921017 26.253836 1.201495 0.365187
24260.000000 3.944982 26.334450 1.175180 0.371910
24280.000000 3.968816 26.415982 1.146608 0.378375
24300.000000 3.992401 26.498365 1.115730 0.384567
24320.000000 4.015604 26.581533 1.082507 0.390469
24340.000000 4.038284 26.665421 1.046913 0.396063
24360.000000 4.060286 26.749963 1.008935 0.401330
24380.000000 4.081449 26.835095 0.968579 0.406250
24400.000000 4.101603 26.920754 0.925867 0.410804
24420.000000 4.120575 27.006878 0.880840 0.414972
24440.000000 4.138191 27.093406 0.833562 0.418735
24460.000000 4.154279 27.180278 0.784119 0.422074
24480.000000 4.168677 27.267435 0.732621 0.424975
24500.000000 4.181230 27.354822 0.679204 0.427422
24520.000000 4.191801 27.442383 0.624028 0.429407
24540.000000 4.200271 27.530066 0.567281 0.430920
24560.000000 4.206543 27.617821 0.509175 0.431958
24580.000000 4.210545 27.705600 0.449944 0.432519
24600.000000 4.212229 27.793359 0.389846 0.432606
24620.000000 4.211575 27.881054 0.329154 0.432223
24640.000000 4.208591 27.968643 0.268151 0.431375
24660.000000 4.203310 28.056087 0.207131 0.430071
24680.000000 4.195790 28.143346 0.146385 0.428318
24700.000000 4.186114 28.230382 0.086201 0.426126
24720.000000 4.174385 28.317153 0.026854 0.423505
24740.000000 4.160729 28.403620 -0.031397 0.420466
24760.000000 4.145284 28.489739 -0.088313 0.417019
24780.000000 4.128208 28.575464 -0.143682 0.413178
24800.000000 4.109664 28.660750 -0.197316 0.408956
24820.000000 4.089827 28.745545 -0.249056 0.404369
24840.000000 4.068875 28.829798 -0.298772 0.399433
24860.000000 4.046986 28.913454 -0.346361 0.394166
24880.000000 4.024336 28.996459 -0.391746 0.388587
24900.000000 4.001096 29.078755 -0.434875 0.382716
24920.000000 3.977428 29.160282 -0.475719 0.376571
24940.000000 3.953485 29.240982 -0.514269 0.370173
24960.000000 3.929406 29.320795 -0.550533 0.363540
24980.000000 3.905321 29.399660 -0.584537 0.356692
25000.000000 3.881344 29.477518 -0.616319 0.349647
25020.000000 3.857574 29.554309 -0.645927 0.342420
25040.000000 3.834102 29.629972 -0.673420 0.335027
25060.000000 3.811002 29.704451 -0.698865 0.327483
25080.000000 3.788337 29.777686 -0.722331 0.319800
25100.000000 3.766162 29.849621 -0.743895 0.311991
25120.000000 3.744519 29.920200 -0.763636 0.304066
25140.000000 3.723444 29.989369 -0.781634 0.296033
25160.000000 3.702965 30.057074 -0.797970 0.287903
25180.000000 3.683102 30.123264 -0.812725 0.279682
25200.000000 3.663873 30.187887 -0.825982 0.271376
25220.000000 3.645288 30.250895 -0.837818 0.262992
25240.000000 3.627354 30.312238 -0.848312 0.254534
25260.000000 3.610078 30.371872 -0.857541 0.246007
25280.000000 3.593461 30.429749 -0.865578 0.237416
25300.000000 3.577505 30.485827 -0.872496 0.228762
25320.000000 3.562207 30.540062 -0.878364 0.220049
25340.000000 3.547566 30.592413 -0.883248 0.211280
25360.000000 3.533579 30.642841 -0.887213 0.202458
25380.000000 3.520244 30.691305 -0.890320 0.193584
25400.000000 3.507556 30.737769 -0.892628 0.184660
25420.000000 3.495513 30.782197 -0.894193 0.175687
25440.000000 3.484110 30.824553 -0.895070 0.166669
25460.000000 3.473345 30.864804 -0.895308 0.157605
25480.000000 3.463214 30.902919 -0.894956 0.148498
25500.000000 3.453714 30.938866 -0.894059 0.139349
25520.000000 3.444843 30.972616 -0.892662 0.130159
25540.000000 3.436599 31.004140 -0.890803 0.120930
25560.000000 3.428979 31.033413 -0.888522 0.111663
25580.000000 3.421982 31.060410 -0.885853 0.102359
25600.000000 3.415608 31.085106 -0.882829 0.093020
25620.000000 3.409854 31.107480 -0.879481 0.083647
25640.000000 3.404722 31.127511 -0.875836 0.074241
25660.000000 3.400212 31.145181 -0.871918 0.064805
25680.000000 3.396323 31.160472 -0.867751 0.055339
25700.000000 3.393057 31.173369 -0.863353 0.045845
25720.000000 3.390416 31.183857 -0.858742 0.036325
25740.000000 3.388400 31.191926 -0.853931 0.026780
25760.000000 3.387014 31.197563 -0.848932 0.017211
25780.000000 3.386258 31.200762 -0.843753 0.007621
25800.000000 3.386136 31.201514 -0.838400 -0.001988
25820.000000 3.386652 31.199816 -0.832875 -0.011615
25840.000000 3.387809 31.195664 -0.827177 -0.021259
25860.000000 3.389612 31.189057 -0.821302 -0.030916
25880.000000 3.392064 31.179996 -0.815244 -0.040584
25900.000000 3.395172 31.168485 -0.808992 -0.050262
25920.000000 3.398940 31.154528 -0.802532 -0.059948
25940.000000 3.403373 31.138132 -0.795846 -0.069637
25960.000000 3.408477 31.119307 -0.788914 -0.079328
25980.000000 3.414258 31.098064 -0.781711 -0.089018
26000.000000 3.420721 31.074416 -0.774208 -0.098704
26020.000000 3.427873 31.048381 -0.766373 -0.108381
26040.000000 3.435719 31.019976 -0.758169 -0.118047
26060.000000 3.444265 30.989222 -0.749555 -0.127697
26080.000000 3.453514 30.956143 -0.740486 -0.137326
26100.000000 3.463472 30.920764 -0.730912 -0.146931
26120.000000 3.474141 30.883114 -0.720780 -0.156504
26140.000000 3.485523 30.843223 -0.710032 -0.166042
26160.000000 3.497620 30.801126 -0.698604 -0.175536
26180.000000 3.510429 30.756860 -0.686429 -0.184980
26200.000000 3.523947 30.710463 -0.673434 -0.194367
26220.000000 3.538167 30.661979 -0.659545 -0.203687
26240.000000 3.553078 30.611452 -0.644681 -0.212931
26260.000000 3.568666 30.558931 -0.628757 -0.222088
26280.000000 3.584911 30.504467 -0.611686 -0.231148
26300.000000 3.601788 30.448116 -0.593378 -0.240099
26320.000000 3.619264 30.389933 -0.573740 -0.248925
26340.000000 3.637299 30.329980 -0.552678 -0.257614
26360.000000 3.655844 30.268319 -0.530099 -0.266148
26380.000000 3.674838 30.205018 -0.505909 -0.274511
26400.000000 3.694212 30.140144 -0.480018 -0.282685
26420.000000 3.713880 30.073768 -0.452344 -0.290650
26440.000000 3.733741 30.005964 -0.422814 -0.298387
26460.000000 3.753674 29.936805 -0.391374 -0.305871
26480.000000 3.773543 29.866367 -0.357992 -0.313078
26500.000000 3.793197 29.794728 -0.322654 -0.319985
26520.000000 3.812476 29.721964 -0.285366 -0.326565
26540.000000 3.831214 29.648154 -0.246155 -0.332795
26560.000000 3.849235 29.573377 -0.205074 -0.338649
26580.000000 3.866362 29.497709 -0.162203 -0.344101
26600.000000 3.882415 29.421230 -0.117649 -0.349127
26620.000000 3.897218 29.344016 -0.071549 -0.353706
26640.000000 3.910604 29.266143 -0.024063 -0.357815
26660.000000 3.922416 29.187687 0.024620 -0.361434
26680.000000 3.932512 29.108724 0.074291 -0.364545
26700.000000 3.940769 29.029327 0.124723 -0.367133
26720.000000 3.947086 28.949571 0.175674 -0.369182
26740.000000 3.951386 28.869531 0.226892 -0.370681
26760.000000 3.953616 28.789282 0.278119 -0.371621
26780.000000 3.953752 28.708899 0.329099 -0.371995
26800.000000 3.951798 28.628459 0.379577 -0.371797
26820.000000 3.947781 28.548041 0.429310 -0.371026
26840.000000 3.941757 28.467725 0.478068 -0.369685
26860.000000 3.933805 28.387592 0.525636 -0.367777
26880.000000 3.924027 28.307726 0.571821 -0.365312
26900.000000 3.912542 28.228211 0.616451 -0.362300
26920.000000 3.899488 28.149136 0.659380 -0.358754
26940.000000 3.885014 28.070588 0.700484 -0.354691
26960.000000 3.869277 27.992656 0.739669 -0.350130
26980.000000 3.852441 27.915432 0.776864 -0.345090
27000.000000 3.834673 27.839007 0.812023 -0.339593
27020.000000 3.816137 27.763473 0.845125 -0.333661
27040.000000 3.796993 27.688922 0.876172 -0.327317
27060.000000 3.777397 27.615446 0.905183 -0.320586
27080.000000 3.757496 27.543138 0.932198 -0.313490
27100.000000 3.737426 27.472087 0.957273 -0.306053
27120.000000 3.717317 27.402385 0.980475 -0.298297
27140.000000 3.697284 27.334120 1.001885 -0.290246
27160.000000 3.677433 27.267377 1.021591 -0.281921
27180.000000 3.657861 27.202242 1.039688 -0.273342
27200.000000 3.638653 27.138798 1.056278 -0.264531
27220.000000 3.619887 27.077123 1.071461 -0.255506
27240.000000 3.601628 27.017295 1.085342 -0.246287
27260.000000 3.583933 26.959388 1.098030 -0.236890
27280.000000 3.566848 26.903473 1.109629 -0.227331
27300.000000 3.550410 26.849618 1.120242 -0.217622
27320.000000 3.534650 26.797889 1.129971 -0.207777
27340.000000 3.519596 26.748347 1.138911 -0.197808
27360.000000 3.505267 26.701052 1.147153 -0.187726
27380.000000 3.491682 26.656059 1.154782 -0.177541
27400.000000 3.478855 26.613422 1.161882 -0.167262
27420.000000 3.466796 26.573189 1.168527 -0.156901
27440.000000 3.455514 26.535407 1.174788 -0.146463
27460.000000 3.445016 26.500119 1.180731 -0.135957
27480.000000 3.435307 26.467365 1.186417 -0.125391
27500.000000 3.426390 26.437182 1.191900 -0.114770
27520.000000 3.418268 26.409604 1.197232 -0.104102
27540.000000 3.410941 26.384660 1.202456 -0.093391
27560.000000 3.404411 26.362379 1.207612 -0.082644
27580.000000 3.398678 26.342785 1.212736 -0.071865
27600.000000 3.393741 26.325899 1.217858 -0.061060
27620.000000 3.389600 26.311739 1.223004 -0.050234
27640.000000 3.386256 26.300321 1.228194 -0.039389
27660.000000 3.383706 26.291656 1.233444 -0.028532
27680.000000 3.381951 26.285755 1.238767 -0.017667
27700.000000 3.380990 26.282622 1.244169 -0.006797
27720.000000 3.380823 26.282262 1.249655 0.004074
27740.000000 3.381448 26.284675 1.255223 0.014940
27760.000000 3.382866 26.289856 1.260867 0.025798
27780.000000 3.385076 26.297802 1.266579 0.036644
27800.000000 3.388079 26.308503 1.272346 0.047473
27820.000000 3.391872 26.321946 1.278149 0.058282
27840.000000 3.396457 26.338117 1.283968 0.069065
27860.000000 3.401833 26.356998 1.289777 0.079818
27880.000000 3.407998 26.378569 1.295548 0.090536
27900.000000 3.414951 26.402804 1.301249 0.101215
27920.000000 3.422692 26.429678 1.306842 0.111849
27940.000000 3.431218 26.459161 1.312288 0.122434
27960.000000 3.440527 26.491219 1.317544 0.132964
27980.000000 3.450615 26.525818 1.322563 0.143434
28000.000000 3.461480 26.562920 1.327293 0.153839
28020.000000 3.473115 26.602482 1.331682 0.164173
28040.000000 3.485517 26.644462 1.335672 0.174430
28060.000000 3.498679 26.688813 1.339203 0.184604
28080.000000 3.512592 26.735488 1.342210 0.194691
28100.000000 3.527249 26.784434 1.344628 0.204683
28120.000000 3.542640 26.835599 1.346387 0.214575
28140.000000 3.558752 26.888927 1.347413 0.224361
28160.000000 3.575574 26.944362 1.347632 0.234035
28180.000000 3.593090 27.001843 1.346965 0.243590
28200.000000 3.611283 27.061311 1.345332 0.253021
28220.000000 3.630135 27.122703 1.342650 0.262321
28240.000000 3.649624 27.185954 1.338834 0.271484
28260.000000 3.669727 27.251001 1.333796 0.280502
28280.000000 3.690417 27.317776 1.327448 0.289369
28300.000000 3.711663 27.386212 1.319700 0.298079
28320.000000 3.733430 27.456241 1.310461 0.306624
28340.000000 3.755680 27.527795 1.299641 0.314995
28360.000000 3.778369 27.600805 1.287148 0.323186
28380.000000 3.801446 27.675199 1.272893 0.331188
28400.000000 3.824856 27.750909 1.256788 0.338991
28420.000000 3.848533 27.827865 1.238747 0.346586
28440.000000 3.872406 27.905996 1.218689 0.353961
28460.000000 3.896393 27.985232 1.196536 0.361106
28480.000000 3.920403 28.065504 1.172218 0.368008
28500.000000 3.944332 28.146743 1.145672 0.374654
28520.000000 3.968067 28.228880 1.116842 0.381028
28540.000000 3.991485 28.311846 1.085686 0.387115
28560.000000 4.014448 28.395575 1.052171 0.392899
28580.000000 4.036811 28.479999 1.016278 0.398360
28600.000000 4.058417 28.565054 0.978006 0.403482
28620.000000 4.079103 28.650674 0.937369 0.408244
28640.000000 4.098700 28.736796 0.894400 0.412629
28660.000000 4.117037 28.823358 0.849151 0.416616
28680.000000 4.133944 28.910298 0.801700 0.420188
28700.000000 4.149256 28.997557 0.752144 0.423329
28720.000000 4.162817 29.085077 0.700606 0.426024
28740.000000 4.174482 29.172803 0.647235 0.428262
28760.000000 4.184126 29.260680 0.592204 0.430034
28780.000000 4.191641 29.348657 0.535712 0.431333
28800.000000 4.196943 29.436684 0.477980 0.432158
28820.000000 4.199972 29.524716 0.419254 0.432508
28840.000000 4.200696 29.612706 0.359794 0.432386
28860.000000 4.199106 29.700613 0.299877 0.431797
28880.000000 4.195222 29.788396 0.239789 0.430748
28900.000000 4.189088 29.876014 0.179817 0.429248
28920.000000 4.180775 29.963428 0.120249 0.427304
28940.000000 4.170374 30.050597 0.061362 0.424926
28960.000000 4.157997 30.137481 0.003421 0.422126
28980.000000 4.143774 30.224038 -0.053327 0.418914
29000.000000 4.127852 30.310223 -0.108658 0.415302
29020.000000 4.110388 30.395991 -0.162375 0.411304
29040.000000 4.091549 30.481292 -0.214305 0.406934
29060.000000 4.071509 30.566077 -0.264303 0.402209
29080.000000 4.050442 30.650292 -0.312254 0.397146
29100.000000 4.028524 30.733882 -0.358066 0.391762
29120.000000 4.005925 30.816792 -0.401675 0.386077
29140.000000 3.982810 30.898965 -0.443040 0.380110
29160.000000 3.959333 30.980340 -0.482139 0.373880
29180.000000 3.935639 31.060860 -0.518974 0.367407
29200.000000 3.911861 31.140464 -0.553557 0.360709
29220.000000 3.888119 31.219093 -0.585921 0.353804
29240.000000 3.864519 31.296687 -0.616106 0.346709
29260.000000 3.841155 31.373186 -0.644166 0.339441
29280.000000 3.818109 31.448533 -0.670161 0.332013
29300.000000 3.795451 31.522670 -0.694160 0.324440
29320.000000 3.773239 31.595538 -0.716233 0.316734
29340.000000 3.751523 31.667083 -0.736458 0.308906
29360.000000 3.730341 31.737250 -0.754912 0.300966
29380.000000 3.709726 31.805984 -0.771677 0.292923
29400.000000 3.689703 31.873235 -0.786833 0.284785
29420.000000 3.670293 31.938950 -0.800460 0.276561
29440.000000 3.651508 32.003080 -0.812639 0.268255
29460.000000 3.633360 32.065577 -0.823446 0.259873
29480.000000 3.615856 32.126394 -0.832961 0.251421
29500.000000 3.599001 32.185485 -0.841258 0.242903
29520.000000 3.582795 32.242807 -0.848409 0.234323
29540.000000 3.567240 32.298316 -0.854485 0.225684
29560.000000 3.552334 32.351972 -0.859555 0.216990
29580.000000 3.538076 32.403733 -0.863684 0.208242
29600.000000 3.524464 32.453562 -0.866935 0.199445
29620.000000 3.511493 32.501421 -0.869368 0.190599
29640.000000 3.499160 32.547275 -0.871042 0.181708
29660.000000 3.487462 32.591088 -0.872010 0.172774
29680.000000 3.476396 32.632828 -0.872327 0.163797
29700.000000 3.465957 32.672463 -0.872042 0.154781
29720.000000 3.456143 32.709962 -0.871202 0.145726
29740.000000 3.446950 32.745298 -0.869851 0.136635
29760.000000 3.438375 32.778442 -0.868033 0.127509
29780.000000 3.430416 32.809369 -0.865785 0.118349
29800.000000 3.423070 32.838054 -0.863146 0.109158
29820.000000 3.416334 32.864475 -0.860150 0.099937
29840.000000 3.410208 32.888610 -0.856828 0.090688
29860.000000 3.404690 32.910440 -0.853209 0.081412
29880.000000 3.399777 32.929946 -0.849321 0.072111
29900.000000 3.395470 32.947113 -0.845187 0.062787
29920.000000 3.391768 32.961925 -0.840828 0.053441
29940.000000 3.388671 32.974370 -0.836263 0.044076
29960.000000 3.386178 32.984437 -0.831509 0.034693
29980.000000 3.384290 32.992115 -0.826578 0.025293
30000.000000 3.383008 32.997397 -0.821481 0.015879
30020.000000 3.382332 33.000276 -0.816225 0.006453
30040.000000 3.382264 33.000749 -0.810817 -0.002984
30060.000000 3.382806 32.998814 -0.805257 -0.012430
30080.000000 3.383958 32.994469 -0.799546 -0.021882
30100.000000 3.385723 32.987716 -0.793679 -0.031338
30120.000000 3.388104 32.978558 -0.787649 -0.040796
30140.000000 3.391101 32.967000 -0.781448 -0.050254
30160.000000 3.394719 32.953049 -0.775061 -0.059709
30180.000000 3.398959 32.936716 -0.768473 -0.069158
30200.000000 3.403823 32.918009 -0.761666 -0.078599
30220.000000 3.409316 32.896943 -0.754615 -0.088029
30240.000000 3.415437 32.873534 -0.747297 -0.097444
30260.000000 3.422191 32.847797 -0.739681 -0.106841
30280.000000 3.429578 32.819753 -0.731736 -0.116217
30300.000000 3.437599 32.789423 -0.723426 -0.125567
30320.000000 3.446255 32.756832 -0.714712 -0.134887
30340.000000 3.455546 32.722005 -0.705551 -0.144172
30360.000000 3.465470 32.684971 -0.695899 -0.153418
30380.000000 3.476025 32.645760 -0.685706 -0.162618
30400.000000 3.487205 32.604405 -0.674919 -0.171768
30420.000000 3.499004 32.560943 -0.663486 -0.180860
30440.000000 3.511414 32.515411 -0.651346 -0.189887
30460.000000 3.524422 32.467849 -0.638441 -0.198842
30480.000000 3.538015 32.418300 -0.624708 -0.207716
30500.000000 3.552173 32.366809 -0.610083 -0.216502
30520.000000 3.566873 32.313423 -0.594499 -0.225188
30540.000000 3.582090 32.258193 -0.577891 -0.233765
30560.000000 3.597790 32.201171 -0.560191 -0.242221
30580.000000 3.613940 32.142412 -0.541332 -0.250542
30600.000000 3.630500 32.081973 -0.521243 -0.258718
30620.000000 3.647427 32.019914 -0.499852 -0.266737
30640.000000 3.664669 31.956296 -0.477092 -0.274583
30660.000000 3.682165 31.891182 -0.452899 -0.282242
30680.000000 3.699846 31.824637 -0.427217 -0.289698
30700.000000 3.717631 31.756728 -0.399991 -0.296935
30720.000000 3.735432 31.687523 -0.371179 -0.303935
30740.000000 3.753149 31.617092 -0.340746 -0.310680
30760.000000 3.770677 31.545505 -0.308670 -0.317149
30780.000000 3.787897 31.472833 -0.274942 -0.323322
30800.000000 3.804685 31.399149 -0.239568 -0.329179
30820.000000 3.820909 31.324525 -0.202571 -0.334700
30840.000000 3.836431 31.249036 -0.163994 -0.339861
30860.000000 3.851108 31.172753 -0.123900 -0.344644
30880.000000 3.864799 31.095750 -0.082374 -0.349027
30900.000000 3.877359 31.018100 -0.039524 -0.352992
30920.000000 3.888651 30.939876 0.004520 -0.356517
30940.000000 3.898542 30.861150 0.049605 -0.359587
30960.000000 3.906911 30.781994 0.095553 -0.362184
30980.000000 3.913651 30.702478 0.142169 -0.364294
31000.000000 3.918669 30.622675 0.189234 -0.365905
31020.000000 3.921895 30.542655 0.236520 -0.367010
31040.000000 3.923282 30.462489 0.283787 -0.367595
31060.000000 3.922806 30.382249 0.330794 -0.367663
31080.000000 3.920471 30.302006 0.377307 -0.367212
31100.000000 3.916307 30.221833 0.423089 -0.366242
31120.000000 3.910368 30.141803 0.467932 -0.364758
31140.000000 3.902731 30.061991 0.511635 -0.362766
31160.000000 3.893494 29.982474 0.554019 -0.360274
31180.000000 3.882773 29.903328 0.594928 -0.357296
31200.000000 3.870699 29.824633 0.634229 -0.353847
31220.000000 3.857413 29.746467 0.671817 -0.349945
31240.000000 3.843062 29.668911 0.707611 -0.345610
31260.000000 3.827796 29.592044 0.741560 -0.340862
31280.000000 3.811763 29.515946 0.773637 -0.335726
31300.000000 3.795107 29.440697 0.803841 -0.330224
31320.000000 3.777965 29.366375 0.832191 -0.324377
31340.000000 3.760463 29.293060 0.858722 -0.318207
31360.000000 3.742722 29.220828 0.883486 -0.311736
31380.000000 3.724850 29.149756 0.906543 -0.304982
31400.000000 3.706946 29.079917 0.927965 -0.297966
31420.000000 3.689097 29.011387 0.947829 -0.290704
31440.000000 3.671384 28.944236 0.966217 -0.283214
31460.000000 3.653877 28.878535 0.983214 -0.275511
31480.000000 3.636637 28.814353 0.998907 -0.267608
31500.000000 3.619718 28.751757 1.013384 -0.259518
31520.000000 3.603170 28.690812 1.026730 -0.251254
31540.000000 3.587033 28.631583 1.039031 -0.242826
31560.000000 3.571343 28.574131 1.050372 -0.234244
31580.000000 3.556134 28.518517 1.060832 -0.225517
31600.000000 3.541433 28.464799 1.070492 -0.216652
31620.000000 3.527263 28.413035 1.079427 -0.207658
31640.000000 3.513648 28.363281 1.087711 -0.198542
31660.000000 3.500604 28.315590 1.095412 -0.189309
31680.000000 3.488149 28.270013 1.102598 -0.179965
31700.000000 3.476296 28.226602 1.109333 -0.170516
31720.000000 3.465057 28.185404 1.115676 -0.160967
31740.000000 3.454442 28.146466 1.121685 -0.151324
31760.000000 3.444462 28.109833 1.127411 -0.141593
31780.000000 3.435127 28.075545 1.132906 -0.131781
31800.000000 3.426447 28.043642 1.138215 -0.121892
31820.000000 3.418430 28.014162 1.143383 -0.111934
31840.000000 3.411086 27.987137 1.148449 -0.101911
31860.000000 3.404420 27.962601 1.153449 -0.091829
31880.000000 3.398439 27.940581 1.158417 -0.081693
31900.000000 3.393150 27.921106 1.163383 -0.071506
31920.000000 3.388555 27.904199 1.168372 -0.061274
31940.000000 3.384662 27.889882 1.173407 -0.051001
31960.000000 3.381473 27.878173 1.178506 -0.040691
31980.000000 3.378994 27.869090 1.183684 -0.030349
